2026-07-06 08:45:39,995 | ============================================================
2026-07-06 08:45:39,995 | BRICK Training -- train_20260706_084539
2026-07-06 08:45:39,995 | N_ROIS=24, M=96, H=4, T=240
2026-07-06 08:45:39,996 | Epochs=1000, LR=0.0001, WD=0.05, LAMBDA_NOISE=0.01, BATCH_SIZE=12
2026-07-06 08:45:39,996 | Patience=30, use_control=True, use_ic=True
2026-07-06 08:45:39,996 | KL annealing: g0 over 0 epochs, u delayed 0 then over 0 epochs
2026-07-06 08:45:39,996 | ============================================================
2026-07-06 08:45:39,996 | Loading dataset...
2026-07-06 08:45:40,114 | Split: 52 train | 4 val | 20 test items
2026-07-06 08:45:40,133 | Model parameters: 554,702
2026-07-06 08:45:40,548 | Starting training...
2026-07-06 08:45:42,481 | Epoch    1/1000 | kl_g0_w=1.00 kl_u_w=1.00 | train=3252.1143 (recon=3251.2790, kl_g0=0.0215, kl_u=0.8138, cls=0.7013) | val=317.0313 | lr=1.00e-04
2026-07-06 08:45:42,506 |   -> New best val loss: 317.0313 (saved best_model.pt)
2026-07-06 08:45:44,428 |   -> New best val loss: 252.1197 (saved best_model.pt)
2026-07-06 08:45:46,910 |   -> New best val loss: 219.4941 (saved best_model.pt)
2026-07-06 08:45:48,989 |   -> New best val loss: 196.9515 (saved best_model.pt)
2026-07-06 08:45:51,384 |   -> New best val loss: 184.4029 (saved best_model.pt)
2026-07-06 08:45:53,662 |   -> New best val loss: 169.5467 (saved best_model.pt)
2026-07-06 08:45:55,440 |   -> New best val loss: 160.4007 (saved best_model.pt)
2026-07-06 08:45:57,336 |   -> New best val loss: 151.1208 (saved best_model.pt)
2026-07-06 08:45:59,585 |   -> New best val loss: 145.6653 (saved best_model.pt)
2026-07-06 08:46:01,610 | Epoch   10/1000 | kl_g0_w=1.00 kl_u_w=1.00 | train=273.1060 (recon=271.6311, kl_g0=0.0211, kl_u=1.4537, cls=0.6983) | val=142.5213 | lr=1.00e-04
2026-07-06 08:46:01,636 |   -> New best val loss: 142.5213 (saved best_model.pt)
2026-07-06 08:46:03,859 |   -> New best val loss: 132.9807 (saved best_model.pt)
2026-07-06 08:46:06,198 |   -> New best val loss: 128.6751 (saved best_model.pt)
2026-07-06 08:46:08,182 |   -> New best val loss: 124.5012 (saved best_model.pt)
2026-07-06 08:46:09,972 |   -> New best val loss: 117.9833 (saved best_model.pt)
2026-07-06 08:46:11,897 |   -> New best val loss: 114.3185 (saved best_model.pt)
2026-07-06 08:46:13,797 |   -> New best val loss: 110.4721 (saved best_model.pt)
2026-07-06 08:46:15,306 |   -> New best val loss: 106.6225 (saved best_model.pt)
2026-07-06 08:46:16,978 |   -> New best val loss: 102.7097 (saved best_model.pt)
2026-07-06 08:46:19,379 |   -> New best val loss: 100.7653 (saved best_model.pt)
2026-07-06 08:46:21,448 | Epoch   20/1000 | kl_g0_w=1.00 kl_u_w=1.00 | train=165.3988 (recon=162.4651, kl_g0=0.0210, kl_u=2.9127, cls=0.6978) | val=97.3330 | lr=1.00e-04
2026-07-06 08:46:21,476 |   -> New best val loss: 97.3330 (saved best_model.pt)
2026-07-06 08:46:23,190 |   -> New best val loss: 95.1168 (saved best_model.pt)
2026-07-06 08:46:25,117 |   -> New best val loss: 92.3077 (saved best_model.pt)
2026-07-06 08:46:26,840 |   -> New best val loss: 90.6714 (saved best_model.pt)
2026-07-06 08:46:28,842 |   -> New best val loss: 87.3881 (saved best_model.pt)
2026-07-06 08:46:30,705 |   -> New best val loss: 86.0988 (saved best_model.pt)
2026-07-06 08:46:33,220 |   -> New best val loss: 83.4387 (saved best_model.pt)
2026-07-06 08:46:35,286 |   -> New best val loss: 82.4975 (saved best_model.pt)
2026-07-06 08:46:37,208 |   -> New best val loss: 80.6302 (saved best_model.pt)
2026-07-06 08:46:38,831 |   -> New best val loss: 78.9743 (saved best_model.pt)
2026-07-06 08:46:40,325 | Epoch   30/1000 | kl_g0_w=1.00 kl_u_w=1.00 | train=127.2126 (recon=123.2465, kl_g0=0.0213, kl_u=3.9448, cls=0.6951) | val=76.9913 | lr=1.00e-04
2026-07-06 08:46:40,339 |   -> New best val loss: 76.9913 (saved best_model.pt)
2026-07-06 08:46:42,881 |   -> New best val loss: 75.7581 (saved best_model.pt)
2026-07-06 08:46:45,157 |   -> New best val loss: 74.4869 (saved best_model.pt)
2026-07-06 08:46:47,318 |   -> New best val loss: 73.1492 (saved best_model.pt)
2026-07-06 08:46:49,260 |   -> New best val loss: 71.9302 (saved best_model.pt)
2026-07-06 08:46:50,939 |   -> New best val loss: 70.9967 (saved best_model.pt)
2026-07-06 08:46:52,892 |   -> New best val loss: 70.4323 (saved best_model.pt)
2026-07-06 08:46:54,382 |   -> New best val loss: 68.7467 (saved best_model.pt)
2026-07-06 08:46:56,031 |   -> New best val loss: 68.7078 (saved best_model.pt)
2026-07-06 08:46:58,409 |   -> New best val loss: 67.4157 (saved best_model.pt)
2026-07-06 08:47:01,357 | Epoch   40/1000 | kl_g0_w=1.00 kl_u_w=1.00 | train=106.8424 (recon=102.4823, kl_g0=0.0217, kl_u=4.3384, cls=0.6975) | val=65.6379 | lr=1.00e-04
2026-07-06 08:47:01,385 |   -> New best val loss: 65.6379 (saved best_model.pt)
2026-07-06 08:47:04,037 |   -> New best val loss: 65.5374 (saved best_model.pt)
2026-07-06 08:47:05,731 |   -> New best val loss: 64.7385 (saved best_model.pt)
2026-07-06 08:47:08,055 |   -> New best val loss: 63.8875 (saved best_model.pt)
2026-07-06 08:47:09,742 |   -> New best val loss: 62.8704 (saved best_model.pt)
2026-07-06 08:47:11,910 |   -> New best val loss: 61.9385 (saved best_model.pt)
2026-07-06 08:47:14,322 |   -> New best val loss: 61.4886 (saved best_model.pt)
2026-07-06 08:47:16,831 |   -> New best val loss: 60.6620 (saved best_model.pt)
2026-07-06 08:47:18,418 |   -> New best val loss: 60.0686 (saved best_model.pt)
2026-07-06 08:47:20,435 |   -> New best val loss: 59.7448 (saved best_model.pt)
2026-07-06 08:47:22,415 | Epoch   50/1000 | kl_g0_w=1.00 kl_u_w=1.00 | train=90.4787 (recon=86.0337, kl_g0=0.0222, kl_u=4.4228, cls=0.6982) | val=58.9834 | lr=1.00e-04
2026-07-06 08:47:22,431 |   -> New best val loss: 58.9834 (saved best_model.pt)
2026-07-06 08:47:23,955 |   -> New best val loss: 58.7473 (saved best_model.pt)
2026-07-06 08:47:26,100 |   -> New best val loss: 57.3496 (saved best_model.pt)
2026-07-06 08:47:29,898 |   -> New best val loss: 56.5829 (saved best_model.pt)
2026-07-06 08:47:31,998 |   -> New best val loss: 55.4813 (saved best_model.pt)
2026-07-06 08:47:36,144 |   -> New best val loss: 54.1482 (saved best_model.pt)
2026-07-06 08:47:40,749 |   -> New best val loss: 53.9578 (saved best_model.pt)
2026-07-06 08:47:42,686 | Epoch   60/1000 | kl_g0_w=1.00 kl_u_w=1.00 | train=79.5858 (recon=75.2004, kl_g0=0.0226, kl_u=4.3628, cls=0.6955) | val=53.4687 | lr=1.00e-04
2026-07-06 08:47:42,707 |   -> New best val loss: 53.4687 (saved best_model.pt)
2026-07-06 08:47:45,004 |   -> New best val loss: 52.6736 (saved best_model.pt)
2026-07-06 08:47:47,534 |   -> New best val loss: 52.4411 (saved best_model.pt)
2026-07-06 08:47:49,171 |   -> New best val loss: 52.2069 (saved best_model.pt)
2026-07-06 08:47:51,083 |   -> New best val loss: 51.1947 (saved best_model.pt)
2026-07-06 08:47:53,164 |   -> New best val loss: 50.8501 (saved best_model.pt)
2026-07-06 08:47:55,651 |   -> New best val loss: 50.6156 (saved best_model.pt)
2026-07-06 08:47:57,806 |   -> New best val loss: 50.0348 (saved best_model.pt)
2026-07-06 08:47:59,472 |   -> New best val loss: 49.8683 (saved best_model.pt)
2026-07-06 08:48:01,237 |   -> New best val loss: 49.0823 (saved best_model.pt)
2026-07-06 08:48:02,744 | Epoch   70/1000 | kl_g0_w=1.00 kl_u_w=1.00 | train=69.5523 (recon=65.2607, kl_g0=0.0230, kl_u=4.2686, cls=0.6958) | val=48.8358 | lr=1.00e-04
2026-07-06 08:48:02,761 |   -> New best val loss: 48.8358 (saved best_model.pt)
2026-07-06 08:48:04,525 |   -> New best val loss: 48.6106 (saved best_model.pt)
2026-07-06 08:48:08,836 |   -> New best val loss: 47.8606 (saved best_model.pt)
2026-07-06 08:48:10,704 |   -> New best val loss: 47.6657 (saved best_model.pt)
2026-07-06 08:48:12,247 |   -> New best val loss: 47.2195 (saved best_model.pt)
2026-07-06 08:48:13,859 |   -> New best val loss: 46.5146 (saved best_model.pt)
2026-07-06 08:48:17,037 |   -> New best val loss: 45.7189 (saved best_model.pt)
2026-07-06 08:48:20,772 | Epoch   80/1000 | kl_g0_w=1.00 kl_u_w=1.00 | train=62.9803 (recon=58.7346, kl_g0=0.0235, kl_u=4.2222, cls=0.6958) | val=44.8491 | lr=1.00e-04
2026-07-06 08:48:20,787 |   -> New best val loss: 44.8491 (saved best_model.pt)
2026-07-06 08:48:22,356 |   -> New best val loss: 44.7494 (saved best_model.pt)
2026-07-06 08:48:24,419 |   -> New best val loss: 44.5791 (saved best_model.pt)
2026-07-06 08:48:26,346 |   -> New best val loss: 43.8803 (saved best_model.pt)
2026-07-06 08:48:30,872 |   -> New best val loss: 43.8586 (saved best_model.pt)
2026-07-06 08:48:32,624 |   -> New best val loss: 43.4834 (saved best_model.pt)
2026-07-06 08:48:34,183 |   -> New best val loss: 43.2245 (saved best_model.pt)
2026-07-06 08:48:36,604 |   -> New best val loss: 42.6889 (saved best_model.pt)
2026-07-06 08:48:38,250 |   -> New best val loss: 42.5407 (saved best_model.pt)
2026-07-06 08:48:40,234 | Epoch   90/1000 | kl_g0_w=1.00 kl_u_w=1.00 | train=57.1478 (recon=53.0866, kl_g0=0.0240, kl_u=4.0373, cls=0.6956) | val=42.5022 | lr=1.00e-04
2026-07-06 08:48:40,264 |   -> New best val loss: 42.5022 (saved best_model.pt)
2026-07-06 08:48:44,029 |   -> New best val loss: 41.2105 (saved best_model.pt)
2026-07-06 08:48:48,742 |   -> New best val loss: 41.0069 (saved best_model.pt)
2026-07-06 08:48:53,323 |   -> New best val loss: 40.8410 (saved best_model.pt)
2026-07-06 08:48:54,929 |   -> New best val loss: 40.6609 (saved best_model.pt)
2026-07-06 08:48:56,461 |   -> New best val loss: 40.0111 (saved best_model.pt)
2026-07-06 08:49:00,960 | Epoch  100/1000 | kl_g0_w=1.00 kl_u_w=1.00 | train=52.3254 (recon=48.3634, kl_g0=0.0244, kl_u=3.9376, cls=0.6957) | val=40.0370 | lr=1.00e-04
2026-07-06 08:49:03,301 |   -> New best val loss: 39.5387 (saved best_model.pt)
2026-07-06 08:49:05,423 |   -> New best val loss: 39.5017 (saved best_model.pt)
2026-07-06 08:49:07,755 |   -> New best val loss: 39.3738 (saved best_model.pt)
2026-07-06 08:49:09,275 |   -> New best val loss: 38.5011 (saved best_model.pt)
2026-07-06 08:49:13,267 |   -> New best val loss: 38.1909 (saved best_model.pt)
2026-07-06 08:49:14,965 |   -> New best val loss: 38.1526 (saved best_model.pt)
2026-07-06 08:49:17,057 |   -> New best val loss: 38.0691 (saved best_model.pt)
2026-07-06 08:49:18,790 |   -> New best val loss: 37.7217 (saved best_model.pt)
2026-07-06 08:49:21,268 | Epoch  110/1000 | kl_g0_w=1.00 kl_u_w=1.00 | train=48.3050 (recon=44.4738, kl_g0=0.0248, kl_u=3.8065, cls=0.6948) | val=37.3735 | lr=1.00e-04
2026-07-06 08:49:21,295 |   -> New best val loss: 37.3735 (saved best_model.pt)
2026-07-06 08:49:23,821 |   -> New best val loss: 36.9599 (saved best_model.pt)
2026-07-06 08:49:28,729 |   -> New best val loss: 36.8037 (saved best_model.pt)
2026-07-06 08:49:30,618 |   -> New best val loss: 36.7085 (saved best_model.pt)
2026-07-06 08:49:32,744 |   -> New best val loss: 36.4192 (saved best_model.pt)
2026-07-06 08:49:36,149 |   -> New best val loss: 36.2304 (saved best_model.pt)
2026-07-06 08:49:39,817 |   -> New best val loss: 35.9047 (saved best_model.pt)
2026-07-06 08:49:42,191 | Epoch  120/1000 | kl_g0_w=1.00 kl_u_w=1.00 | train=44.3722 (recon=40.5600, kl_g0=0.0251, kl_u=3.7870, cls=0.6950) | val=35.6214 | lr=1.00e-04
2026-07-06 08:49:42,210 |   -> New best val loss: 35.6214 (saved best_model.pt)
2026-07-06 08:49:45,704 |   -> New best val loss: 35.3081 (saved best_model.pt)
2026-07-06 08:49:47,807 |   -> New best val loss: 35.2599 (saved best_model.pt)
2026-07-06 08:49:51,263 |   -> New best val loss: 35.0424 (saved best_model.pt)
2026-07-06 08:49:53,359 |   -> New best val loss: 34.5191 (saved best_model.pt)
2026-07-06 08:49:55,500 |   -> New best val loss: 34.4760 (saved best_model.pt)
2026-07-06 08:49:57,371 |   -> New best val loss: 34.1178 (saved best_model.pt)
2026-07-06 08:50:01,361 | Epoch  130/1000 | kl_g0_w=1.00 kl_u_w=1.00 | train=40.9016 (recon=37.1855, kl_g0=0.0255, kl_u=3.6905, cls=0.6928) | val=33.9063 | lr=1.00e-04
2026-07-06 08:50:01,387 |   -> New best val loss: 33.9063 (saved best_model.pt)
2026-07-06 08:50:03,985 |   -> New best val loss: 33.6361 (saved best_model.pt)
2026-07-06 08:50:07,317 |   -> New best val loss: 33.4565 (saved best_model.pt)
2026-07-06 08:50:09,174 |   -> New best val loss: 33.3167 (saved best_model.pt)
2026-07-06 08:50:11,257 |   -> New best val loss: 33.2111 (saved best_model.pt)
2026-07-06 08:50:12,987 |   -> New best val loss: 32.9931 (saved best_model.pt)
2026-07-06 08:50:15,174 |   -> New best val loss: 32.9385 (saved best_model.pt)
2026-07-06 08:50:17,429 |   -> New best val loss: 32.7366 (saved best_model.pt)
2026-07-06 08:50:19,384 |   -> New best val loss: 32.4313 (saved best_model.pt)
2026-07-06 08:50:21,803 | Epoch  140/1000 | kl_g0_w=1.00 kl_u_w=1.00 | train=38.9536 (recon=35.3499, kl_g0=0.0259, kl_u=3.5778, cls=0.6955) | val=32.4944 | lr=1.00e-04
2026-07-06 08:50:24,264 |   -> New best val loss: 32.3032 (saved best_model.pt)
2026-07-06 08:50:25,974 |   -> New best val loss: 31.8417 (saved best_model.pt)
2026-07-06 08:50:29,720 |   -> New best val loss: 31.6788 (saved best_model.pt)
2026-07-06 08:50:33,824 |   -> New best val loss: 31.4840 (saved best_model.pt)
2026-07-06 08:50:35,494 |   -> New best val loss: 31.2544 (saved best_model.pt)
2026-07-06 08:50:39,559 |   -> New best val loss: 30.9050 (saved best_model.pt)
2026-07-06 08:50:41,886 | Epoch  150/1000 | kl_g0_w=1.00 kl_u_w=1.00 | train=36.0482 (recon=32.5003, kl_g0=0.0263, kl_u=3.5217, cls=0.6943) | val=30.7699 | lr=1.00e-04
2026-07-06 08:50:41,913 |   -> New best val loss: 30.7699 (saved best_model.pt)
2026-07-06 08:50:46,251 |   -> New best val loss: 30.5545 (saved best_model.pt)
2026-07-06 08:50:48,021 |   -> New best val loss: 30.3643 (saved best_model.pt)
2026-07-06 08:50:52,207 |   -> New best val loss: 30.3131 (saved best_model.pt)
2026-07-06 08:50:54,752 |   -> New best val loss: 30.0719 (saved best_model.pt)
2026-07-06 08:50:58,098 |   -> New best val loss: 29.7790 (saved best_model.pt)
2026-07-06 08:51:01,242 | Epoch  160/1000 | kl_g0_w=1.00 kl_u_w=1.00 | train=34.2277 (recon=30.7652, kl_g0=0.0266, kl_u=3.4358, cls=0.6959) | val=29.6178 | lr=1.00e-04
2026-07-06 08:51:01,259 |   -> New best val loss: 29.6178 (saved best_model.pt)
2026-07-06 08:51:03,399 |   -> New best val loss: 29.4890 (saved best_model.pt)
2026-07-06 08:51:08,416 |   -> New best val loss: 29.3909 (saved best_model.pt)
2026-07-06 08:51:10,882 |   -> New best val loss: 28.9375 (saved best_model.pt)
2026-07-06 08:51:18,453 |   -> New best val loss: 28.8315 (saved best_model.pt)
2026-07-06 08:51:23,489 |   -> New best val loss: 28.5637 (saved best_model.pt)
2026-07-06 08:51:25,488 | Epoch  170/1000 | kl_g0_w=1.00 kl_u_w=1.00 | train=32.3461 (recon=28.8584, kl_g0=0.0269, kl_u=3.4608, cls=0.6951) | val=28.7998 | lr=1.00e-04
2026-07-06 08:51:27,534 |   -> New best val loss: 28.5441 (saved best_model.pt)
2026-07-06 08:51:29,939 |   -> New best val loss: 28.2406 (saved best_model.pt)
2026-07-06 08:51:32,039 |   -> New best val loss: 28.0494 (saved best_model.pt)
2026-07-06 08:51:36,451 |   -> New best val loss: 27.8181 (saved best_model.pt)
2026-07-06 08:51:38,606 |   -> New best val loss: 27.7589 (saved best_model.pt)
2026-07-06 08:51:40,596 |   -> New best val loss: 27.7462 (saved best_model.pt)
2026-07-06 08:51:42,518 |   -> New best val loss: 27.5982 (saved best_model.pt)
2026-07-06 08:51:44,402 |   -> New best val loss: 27.3755 (saved best_model.pt)
2026-07-06 08:51:46,108 | Epoch  180/1000 | kl_g0_w=1.00 kl_u_w=1.00 | train=30.7097 (recon=27.3536, kl_g0=0.0272, kl_u=3.3289, cls=0.6967) | val=27.5917 | lr=1.00e-04
2026-07-06 08:51:48,599 |   -> New best val loss: 27.3670 (saved best_model.pt)
2026-07-06 08:51:50,134 |   -> New best val loss: 26.9594 (saved best_model.pt)
2026-07-06 08:51:54,110 |   -> New best val loss: 26.8372 (saved best_model.pt)
2026-07-06 08:51:56,042 |   -> New best val loss: 26.7768 (saved best_model.pt)
2026-07-06 08:51:57,721 |   -> New best val loss: 26.5618 (saved best_model.pt)
2026-07-06 08:52:01,001 |   -> New best val loss: 26.4680 (saved best_model.pt)
2026-07-06 08:52:03,002 |   -> New best val loss: 26.3134 (saved best_model.pt)
2026-07-06 08:52:05,493 | Epoch  190/1000 | kl_g0_w=1.00 kl_u_w=1.00 | train=28.8491 (recon=25.5540, kl_g0=0.0275, kl_u=3.2676, cls=0.6952) | val=26.2837 | lr=1.00e-04
2026-07-06 08:52:05,519 |   -> New best val loss: 26.2837 (saved best_model.pt)
2026-07-06 08:52:10,152 |   -> New best val loss: 26.0486 (saved best_model.pt)
2026-07-06 08:52:13,578 |   -> New best val loss: 25.9383 (saved best_model.pt)
2026-07-06 08:52:15,468 |   -> New best val loss: 25.8191 (saved best_model.pt)
2026-07-06 08:52:17,744 |   -> New best val loss: 25.5879 (saved best_model.pt)
2026-07-06 08:52:24,074 |   -> New best val loss: 25.2944 (saved best_model.pt)
2026-07-06 08:52:25,586 | Epoch  200/1000 | kl_g0_w=1.00 kl_u_w=1.00 | train=27.5455 (recon=24.2907, kl_g0=0.0278, kl_u=3.2270, cls=0.6941) | val=25.3261 | lr=1.00e-04
2026-07-06 08:52:27,161 |   -> New best val loss: 25.1273 (saved best_model.pt)
2026-07-06 08:52:28,652 |   -> New best val loss: 25.0647 (saved best_model.pt)
2026-07-06 08:52:32,210 |   -> New best val loss: 24.9924 (saved best_model.pt)
2026-07-06 08:52:34,087 |   -> New best val loss: 24.8545 (saved best_model.pt)
2026-07-06 08:52:36,231 |   -> New best val loss: 24.6478 (saved best_model.pt)
2026-07-06 08:52:38,240 |   -> New best val loss: 24.6067 (saved best_model.pt)
2026-07-06 08:52:39,864 |   -> New best val loss: 24.5898 (saved best_model.pt)
2026-07-06 08:52:41,849 |   -> New best val loss: 24.5182 (saved best_model.pt)
2026-07-06 08:52:43,584 | Epoch  210/1000 | kl_g0_w=1.00 kl_u_w=1.00 | train=26.1028 (recon=22.9197, kl_g0=0.0281, kl_u=3.1550, cls=0.6944) | val=24.2871 | lr=1.00e-04
2026-07-06 08:52:43,604 |   -> New best val loss: 24.2871 (saved best_model.pt)
2026-07-06 08:52:46,745 |   -> New best val loss: 24.1592 (saved best_model.pt)
2026-07-06 08:52:53,222 |   -> New best val loss: 24.0050 (saved best_model.pt)
2026-07-06 08:52:55,017 |   -> New best val loss: 23.9060 (saved best_model.pt)
2026-07-06 08:52:57,385 |   -> New best val loss: 23.7848 (saved best_model.pt)
2026-07-06 08:52:59,906 |   -> New best val loss: 23.6452 (saved best_model.pt)
2026-07-06 08:53:01,905 |   -> New best val loss: 23.5880 (saved best_model.pt)
2026-07-06 08:53:03,407 | Epoch  220/1000 | kl_g0_w=1.00 kl_u_w=1.00 | train=24.9361 (recon=21.7863, kl_g0=0.0284, kl_u=3.1214, cls=0.6974) | val=23.4513 | lr=1.00e-04
2026-07-06 08:53:03,426 |   -> New best val loss: 23.4513 (saved best_model.pt)
2026-07-06 08:53:04,939 |   -> New best val loss: 23.4121 (saved best_model.pt)
2026-07-06 08:53:06,783 |   -> New best val loss: 23.3622 (saved best_model.pt)
2026-07-06 08:53:08,453 |   -> New best val loss: 23.2135 (saved best_model.pt)
2026-07-06 08:53:10,493 |   -> New best val loss: 23.1376 (saved best_model.pt)
2026-07-06 08:53:12,652 |   -> New best val loss: 22.9995 (saved best_model.pt)
2026-07-06 08:53:14,318 |   -> New best val loss: 22.9685 (saved best_model.pt)
2026-07-06 08:53:16,611 |   -> New best val loss: 22.8522 (saved best_model.pt)
2026-07-06 08:53:18,866 |   -> New best val loss: 22.8078 (saved best_model.pt)
2026-07-06 08:53:20,422 |   -> New best val loss: 22.7863 (saved best_model.pt)
2026-07-06 08:53:22,935 | Epoch  230/1000 | kl_g0_w=1.00 kl_u_w=1.00 | train=23.8736 (recon=20.7817, kl_g0=0.0286, kl_u=3.0632, cls=0.6966) | val=22.6240 | lr=1.00e-04
2026-07-06 08:53:22,962 |   -> New best val loss: 22.6240 (saved best_model.pt)
2026-07-06 08:53:26,946 |   -> New best val loss: 22.5300 (saved best_model.pt)
2026-07-06 08:53:29,094 |   -> New best val loss: 22.4651 (saved best_model.pt)
2026-07-06 08:53:32,072 |   -> New best val loss: 22.3602 (saved best_model.pt)
2026-07-06 08:53:33,791 |   -> New best val loss: 22.1499 (saved best_model.pt)
2026-07-06 08:53:35,448 |   -> New best val loss: 22.0687 (saved best_model.pt)
2026-07-06 08:53:37,942 |   -> New best val loss: 22.0510 (saved best_model.pt)
2026-07-06 08:53:41,019 | Epoch  240/1000 | kl_g0_w=1.00 kl_u_w=1.00 | train=22.9134 (recon=19.8367, kl_g0=0.0288, kl_u=3.0479, cls=0.6969) | val=21.8423 | lr=1.00e-04
2026-07-06 08:53:41,038 |   -> New best val loss: 21.8423 (saved best_model.pt)
2026-07-06 08:53:42,616 |   -> New best val loss: 21.6718 (saved best_model.pt)
2026-07-06 08:53:48,685 |   -> New best val loss: 21.4951 (saved best_model.pt)
2026-07-06 08:53:52,566 |   -> New best val loss: 21.4384 (saved best_model.pt)
2026-07-06 08:53:54,543 |   -> New best val loss: 21.3629 (saved best_model.pt)
2026-07-06 08:53:57,694 |   -> New best val loss: 21.2351 (saved best_model.pt)
2026-07-06 08:53:59,471 | Epoch  250/1000 | kl_g0_w=1.00 kl_u_w=1.00 | train=21.6417 (recon=18.6130, kl_g0=0.0291, kl_u=2.9996, cls=0.6963) | val=21.1153 | lr=1.00e-04
2026-07-06 08:53:59,498 |   -> New best val loss: 21.1153 (saved best_model.pt)
2026-07-06 08:54:08,450 |   -> New best val loss: 20.7730 (saved best_model.pt)
2026-07-06 08:54:13,342 |   -> New best val loss: 20.6959 (saved best_model.pt)
2026-07-06 08:54:17,406 |   -> New best val loss: 20.5525 (saved best_model.pt)
2026-07-06 08:54:21,893 | Epoch  260/1000 | kl_g0_w=1.00 kl_u_w=1.00 | train=21.0485 (recon=18.0356, kl_g0=0.0293, kl_u=2.9836, cls=0.6977) | val=20.4015 | lr=1.00e-04
2026-07-06 08:54:21,912 |   -> New best val loss: 20.4015 (saved best_model.pt)
2026-07-06 08:54:28,790 |   -> New best val loss: 20.3226 (saved best_model.pt)
2026-07-06 08:54:30,719 |   -> New best val loss: 20.2435 (saved best_model.pt)
2026-07-06 08:54:32,246 |   -> New best val loss: 20.1524 (saved best_model.pt)
2026-07-06 08:54:33,826 |   -> New best val loss: 20.0296 (saved best_model.pt)
2026-07-06 08:54:37,447 |   -> New best val loss: 19.9822 (saved best_model.pt)
2026-07-06 08:54:39,179 |   -> New best val loss: 19.8118 (saved best_model.pt)
2026-07-06 08:54:41,548 | Epoch  270/1000 | kl_g0_w=1.00 kl_u_w=1.00 | train=20.2153 (recon=17.2480, kl_g0=0.0295, kl_u=2.9377, cls=0.6987) | val=19.9651 | lr=1.00e-04
2026-07-06 08:54:43,484 |   -> New best val loss: 19.7420 (saved best_model.pt)
2026-07-06 08:54:48,198 |   -> New best val loss: 19.4997 (saved best_model.pt)
2026-07-06 08:54:50,063 |   -> New best val loss: 19.4950 (saved best_model.pt)
2026-07-06 08:54:53,623 |   -> New best val loss: 19.2739 (saved best_model.pt)
2026-07-06 08:54:59,546 | Epoch  280/1000 | kl_g0_w=1.00 kl_u_w=1.00 | train=19.4281 (recon=16.4685, kl_g0=0.0297, kl_u=2.9299, cls=0.6987) | val=19.3343 | lr=1.00e-04
2026-07-06 08:55:01,085 |   -> New best val loss: 19.2099 (saved best_model.pt)
2026-07-06 08:55:02,979 |   -> New best val loss: 19.1025 (saved best_model.pt)
2026-07-06 08:55:04,897 |   -> New best val loss: 18.9724 (saved best_model.pt)
2026-07-06 08:55:06,820 |   -> New best val loss: 18.9496 (saved best_model.pt)
2026-07-06 08:55:08,760 |   -> New best val loss: 18.9491 (saved best_model.pt)
2026-07-06 08:55:10,260 |   -> New best val loss: 18.9081 (saved best_model.pt)
2026-07-06 08:55:12,366 |   -> New best val loss: 18.8378 (saved best_model.pt)
2026-07-06 08:55:14,562 |   -> New best val loss: 18.7831 (saved best_model.pt)
2026-07-06 08:55:16,301 |   -> New best val loss: 18.6871 (saved best_model.pt)
2026-07-06 08:55:17,879 | Epoch  290/1000 | kl_g0_w=1.00 kl_u_w=1.00 | train=18.7392 (recon=15.8171, kl_g0=0.0299, kl_u=2.8922, cls=0.6974) | val=18.7379 | lr=1.00e-04
2026-07-06 08:55:19,571 |   -> New best val loss: 18.5463 (saved best_model.pt)
2026-07-06 08:55:21,486 |   -> New best val loss: 18.4540 (saved best_model.pt)
2026-07-06 08:55:23,957 |   -> New best val loss: 18.4174 (saved best_model.pt)
2026-07-06 08:55:27,878 |   -> New best val loss: 18.3431 (saved best_model.pt)
2026-07-06 08:55:32,448 |   -> New best val loss: 18.1089 (saved best_model.pt)
2026-07-06 08:55:38,145 | Epoch  300/1000 | kl_g0_w=1.00 kl_u_w=1.00 | train=18.0404 (recon=15.1409, kl_g0=0.0301, kl_u=2.8694, cls=0.6996) | val=18.2276 | lr=1.00e-04
2026-07-06 08:55:40,655 |   -> New best val loss: 17.9695 (saved best_model.pt)
2026-07-06 08:55:42,510 |   -> New best val loss: 17.9116 (saved best_model.pt)
2026-07-06 08:55:46,090 |   -> New best val loss: 17.8688 (saved best_model.pt)
2026-07-06 08:55:48,145 |   -> New best val loss: 17.7230 (saved best_model.pt)
2026-07-06 08:55:53,093 |   -> New best val loss: 17.6150 (saved best_model.pt)
2026-07-06 08:55:54,761 |   -> New best val loss: 17.5983 (saved best_model.pt)
2026-07-06 08:55:56,334 | Epoch  310/1000 | kl_g0_w=1.00 kl_u_w=1.00 | train=17.2668 (recon=14.4004, kl_g0=0.0303, kl_u=2.8361, cls=0.7000) | val=17.5931 | lr=1.00e-04
2026-07-06 08:55:56,353 |   -> New best val loss: 17.5931 (saved best_model.pt)
2026-07-06 08:55:57,864 |   -> New best val loss: 17.4977 (saved best_model.pt)
2026-07-06 08:55:59,842 |   -> New best val loss: 17.3002 (saved best_model.pt)
2026-07-06 08:56:05,030 |   -> New best val loss: 17.1633 (saved best_model.pt)
2026-07-06 08:56:11,660 |   -> New best val loss: 16.9579 (saved best_model.pt)
2026-07-06 08:56:14,743 | Epoch  320/1000 | kl_g0_w=1.00 kl_u_w=1.00 | train=16.6291 (recon=13.7647, kl_g0=0.0304, kl_u=2.8339, cls=0.6996) | val=17.1328 | lr=1.00e-04
2026-07-06 08:56:16,867 |   -> New best val loss: 16.9255 (saved best_model.pt)
2026-07-06 08:56:18,662 |   -> New best val loss: 16.9047 (saved best_model.pt)
2026-07-06 08:56:20,272 |   -> New best val loss: 16.8610 (saved best_model.pt)
2026-07-06 08:56:22,354 |   -> New best val loss: 16.8299 (saved best_model.pt)
2026-07-06 08:56:23,850 |   -> New best val loss: 16.8151 (saved best_model.pt)
2026-07-06 08:56:25,874 |   -> New best val loss: 16.6442 (saved best_model.pt)
2026-07-06 08:56:31,922 |   -> New best val loss: 16.5865 (saved best_model.pt)
2026-07-06 08:56:34,006 | Epoch  330/1000 | kl_g0_w=1.00 kl_u_w=1.00 | train=16.1666 (recon=13.3190, kl_g0=0.0306, kl_u=2.8170, cls=0.7008) | val=16.4924 | lr=1.00e-04
2026-07-06 08:56:34,021 |   -> New best val loss: 16.4924 (saved best_model.pt)
2026-07-06 08:56:38,654 |   -> New best val loss: 16.4277 (saved best_model.pt)
2026-07-06 08:56:40,739 |   -> New best val loss: 16.4003 (saved best_model.pt)
2026-07-06 08:56:43,849 |   -> New best val loss: 16.3364 (saved best_model.pt)
2026-07-06 08:56:45,428 |   -> New best val loss: 16.3015 (saved best_model.pt)
2026-07-06 08:56:47,013 |   -> New best val loss: 16.2196 (saved best_model.pt)
2026-07-06 08:56:50,430 |   -> New best val loss: 16.1315 (saved best_model.pt)
2026-07-06 08:56:52,106 | Epoch  340/1000 | kl_g0_w=1.00 kl_u_w=1.00 | train=15.6781 (recon=12.8640, kl_g0=0.0308, kl_u=2.7833, cls=0.7014) | val=16.1005 | lr=1.00e-04
2026-07-06 08:56:52,123 |   -> New best val loss: 16.1005 (saved best_model.pt)
2026-07-06 08:56:53,949 |   -> New best val loss: 16.0173 (saved best_model.pt)
2026-07-06 08:56:57,276 |   -> New best val loss: 15.9096 (saved best_model.pt)
2026-07-06 08:56:59,180 |   -> New best val loss: 15.9023 (saved best_model.pt)
2026-07-06 08:57:01,418 |   -> New best val loss: 15.8575 (saved best_model.pt)
2026-07-06 08:57:05,122 |   -> New best val loss: 15.8072 (saved best_model.pt)
2026-07-06 08:57:06,654 |   -> New best val loss: 15.7190 (saved best_model.pt)
2026-07-06 08:57:08,362 |   -> New best val loss: 15.5816 (saved best_model.pt)
2026-07-06 08:57:10,852 | Epoch  350/1000 | kl_g0_w=1.00 kl_u_w=1.00 | train=15.1803 (recon=12.3996, kl_g0=0.0310, kl_u=2.7497, cls=0.7017) | val=15.6696 | lr=1.00e-04
2026-07-06 08:57:13,194 |   -> New best val loss: 15.5250 (saved best_model.pt)
2026-07-06 08:57:18,927 |   -> New best val loss: 15.4411 (saved best_model.pt)
2026-07-06 08:57:20,675 |   -> New best val loss: 15.4094 (saved best_model.pt)
2026-07-06 08:57:23,715 |   -> New best val loss: 15.2737 (saved best_model.pt)
2026-07-06 08:57:25,909 |   -> New best val loss: 15.2706 (saved best_model.pt)
2026-07-06 08:57:28,112 |   -> New best val loss: 15.2522 (saved best_model.pt)
2026-07-06 08:57:30,157 | Epoch  360/1000 | kl_g0_w=1.00 kl_u_w=1.00 | train=14.7791 (recon=12.0028, kl_g0=0.0311, kl_u=2.7452, cls=0.7005) | val=15.2681 | lr=1.00e-04
2026-07-06 08:57:32,459 |   -> New best val loss: 15.1414 (saved best_model.pt)
2026-07-06 08:57:40,290 |   -> New best val loss: 15.0592 (saved best_model.pt)
2026-07-06 08:57:42,714 |   -> New best val loss: 14.9893 (saved best_model.pt)
2026-07-06 08:57:45,033 |   -> New best val loss: 14.9859 (saved best_model.pt)
2026-07-06 08:57:47,230 |   -> New best val loss: 14.9813 (saved best_model.pt)
2026-07-06 08:57:51,739 | Epoch  370/1000 | kl_g0_w=1.00 kl_u_w=1.00 | train=14.3891 (recon=11.6367, kl_g0=0.0313, kl_u=2.7211, cls=0.7010) | val=14.9209 | lr=1.00e-04
2026-07-06 08:57:51,758 |   -> New best val loss: 14.9209 (saved best_model.pt)
2026-07-06 08:57:53,912 |   -> New best val loss: 14.8018 (saved best_model.pt)
2026-07-06 08:57:57,884 |   -> New best val loss: 14.7963 (saved best_model.pt)
2026-07-06 08:58:00,496 |   -> New best val loss: 14.6951 (saved best_model.pt)
2026-07-06 08:58:03,015 |   -> New best val loss: 14.6508 (saved best_model.pt)
2026-07-06 08:58:07,001 |   -> New best val loss: 14.5978 (saved best_model.pt)
2026-07-06 08:58:08,567 |   -> New best val loss: 14.5388 (saved best_model.pt)
2026-07-06 08:58:12,442 | Epoch  380/1000 | kl_g0_w=1.00 kl_u_w=1.00 | train=13.9461 (recon=11.2237, kl_g0=0.0314, kl_u=2.6910, cls=0.7018) | val=14.5606 | lr=1.00e-04
2026-07-06 08:58:16,331 |   -> New best val loss: 14.4518 (saved best_model.pt)
2026-07-06 08:58:18,483 |   -> New best val loss: 14.3824 (saved best_model.pt)
2026-07-06 08:58:22,700 |   -> New best val loss: 14.3814 (saved best_model.pt)
2026-07-06 08:58:24,486 |   -> New best val loss: 14.3541 (saved best_model.pt)
2026-07-06 08:58:26,488 |   -> New best val loss: 14.2915 (saved best_model.pt)
2026-07-06 08:58:30,923 |   -> New best val loss: 14.2315 (saved best_model.pt)
2026-07-06 08:58:33,573 | Epoch  390/1000 | kl_g0_w=1.00 kl_u_w=1.00 | train=13.6460 (recon=10.9332, kl_g0=0.0316, kl_u=2.6812, cls=0.7025) | val=14.2709 | lr=1.00e-04
2026-07-06 08:58:35,364 |   -> New best val loss: 14.1565 (saved best_model.pt)
2026-07-06 08:58:39,079 |   -> New best val loss: 14.1411 (saved best_model.pt)
2026-07-06 08:58:40,652 |   -> New best val loss: 14.0721 (saved best_model.pt)
2026-07-06 08:58:43,015 |   -> New best val loss: 14.0528 (saved best_model.pt)
2026-07-06 08:58:47,957 |   -> New best val loss: 13.9566 (saved best_model.pt)
2026-07-06 08:58:49,544 |   -> New best val loss: 13.9478 (saved best_model.pt)
2026-07-06 08:58:51,443 |   -> New best val loss: 13.9438 (saved best_model.pt)
2026-07-06 08:58:53,209 | Epoch  400/1000 | kl_g0_w=1.00 kl_u_w=1.00 | train=13.2817 (recon=10.6010, kl_g0=0.0317, kl_u=2.6490, cls=0.7023) | val=13.8617 | lr=1.00e-04
2026-07-06 08:58:53,228 |   -> New best val loss: 13.8617 (saved best_model.pt)
2026-07-06 08:59:01,038 |   -> New best val loss: 13.7723 (saved best_model.pt)
2026-07-06 08:59:02,617 |   -> New best val loss: 13.7544 (saved best_model.pt)
2026-07-06 08:59:04,357 |   -> New best val loss: 13.7245 (saved best_model.pt)
2026-07-06 08:59:06,786 |   -> New best val loss: 13.7185 (saved best_model.pt)
2026-07-06 08:59:08,668 |   -> New best val loss: 13.7102 (saved best_model.pt)
2026-07-06 08:59:11,180 |   -> New best val loss: 13.6635 (saved best_model.pt)
2026-07-06 08:59:13,335 | Epoch  410/1000 | kl_g0_w=1.00 kl_u_w=1.00 | train=13.0333 (recon=10.3629, kl_g0=0.0319, kl_u=2.6386, cls=0.7029) | val=13.6647 | lr=1.00e-04
2026-07-06 08:59:15,792 |   -> New best val loss: 13.6176 (saved best_model.pt)
2026-07-06 08:59:20,026 |   -> New best val loss: 13.5844 (saved best_model.pt)
2026-07-06 08:59:22,553 |   -> New best val loss: 13.5459 (saved best_model.pt)
2026-07-06 08:59:24,377 |   -> New best val loss: 13.4857 (saved best_model.pt)
2026-07-06 08:59:28,053 |   -> New best val loss: 13.4490 (saved best_model.pt)
2026-07-06 08:59:30,103 |   -> New best val loss: 13.4155 (saved best_model.pt)
2026-07-06 08:59:34,633 | Epoch  420/1000 | kl_g0_w=1.00 kl_u_w=1.00 | train=12.7235 (recon=10.0725, kl_g0=0.0320, kl_u=2.6189, cls=0.7020) | val=13.3102 | lr=1.00e-04
2026-07-06 08:59:34,661 |   -> New best val loss: 13.3102 (saved best_model.pt)
2026-07-06 08:59:43,893 |   -> New best val loss: 13.2665 (saved best_model.pt)
2026-07-06 08:59:45,436 |   -> New best val loss: 13.2517 (saved best_model.pt)
2026-07-06 08:59:47,341 |   -> New best val loss: 13.2330 (saved best_model.pt)
2026-07-06 08:59:49,188 |   -> New best val loss: 13.1791 (saved best_model.pt)
2026-07-06 08:59:51,599 |   -> New best val loss: 13.1453 (saved best_model.pt)
2026-07-06 08:59:53,267 |   -> New best val loss: 13.1078 (saved best_model.pt)
2026-07-06 08:59:55,360 | Epoch  430/1000 | kl_g0_w=1.00 kl_u_w=1.00 | train=12.4666 (recon=9.8291, kl_g0=0.0322, kl_u=2.6054, cls=0.7029) | val=13.1438 | lr=1.00e-04
2026-07-06 08:59:59,122 |   -> New best val loss: 13.0545 (saved best_model.pt)
2026-07-06 09:00:03,909 |   -> New best val loss: 13.0459 (saved best_model.pt)
2026-07-06 09:00:06,032 |   -> New best val loss: 13.0352 (saved best_model.pt)
2026-07-06 09:00:08,418 |   -> New best val loss: 12.9498 (saved best_model.pt)
2026-07-06 09:00:11,863 |   -> New best val loss: 12.9444 (saved best_model.pt)
2026-07-06 09:00:16,317 | Epoch  440/1000 | kl_g0_w=1.00 kl_u_w=1.00 | train=12.1731 (recon=9.5573, kl_g0=0.0323, kl_u=2.5834, cls=0.7025) | val=12.9276 | lr=1.00e-04
2026-07-06 09:00:16,347 |   -> New best val loss: 12.9276 (saved best_model.pt)
2026-07-06 09:00:19,014 |   -> New best val loss: 12.9034 (saved best_model.pt)
2026-07-06 09:00:20,922 |   -> New best val loss: 12.8315 (saved best_model.pt)
2026-07-06 09:00:28,342 |   -> New best val loss: 12.7758 (saved best_model.pt)
2026-07-06 09:00:31,006 |   -> New best val loss: 12.7556 (saved best_model.pt)
2026-07-06 09:00:35,027 |   -> New best val loss: 12.7001 (saved best_model.pt)
2026-07-06 09:00:36,936 |   -> New best val loss: 12.6612 (saved best_model.pt)
2026-07-06 09:00:39,442 | Epoch  450/1000 | kl_g0_w=1.00 kl_u_w=1.00 | train=11.9296 (recon=9.3465, kl_g0=0.0324, kl_u=2.5507, cls=0.7037) | val=12.6262 | lr=1.00e-04
2026-07-06 09:00:39,471 |   -> New best val loss: 12.6262 (saved best_model.pt)
2026-07-06 09:00:50,174 |   -> New best val loss: 12.5746 (saved best_model.pt)
2026-07-06 09:00:54,539 |   -> New best val loss: 12.5477 (saved best_model.pt)
2026-07-06 09:00:57,273 |   -> New best val loss: 12.4736 (saved best_model.pt)
2026-07-06 09:01:03,518 | Epoch  460/1000 | kl_g0_w=1.00 kl_u_w=1.00 | train=11.6893 (recon=9.1153, kl_g0=0.0326, kl_u=2.5415, cls=0.7026) | val=12.4408 | lr=1.00e-04
2026-07-06 09:01:03,537 |   -> New best val loss: 12.4408 (saved best_model.pt)
2026-07-06 09:01:05,326 |   -> New best val loss: 12.4164 (saved best_model.pt)
2026-07-06 09:01:09,489 |   -> New best val loss: 12.3696 (saved best_model.pt)
2026-07-06 09:01:14,717 |   -> New best val loss: 12.3578 (saved best_model.pt)
2026-07-06 09:01:17,003 |   -> New best val loss: 12.3560 (saved best_model.pt)
2026-07-06 09:01:19,295 |   -> New best val loss: 12.3176 (saved best_model.pt)
2026-07-06 09:01:25,742 | Epoch  470/1000 | kl_g0_w=1.00 kl_u_w=1.00 | train=11.4797 (recon=8.9184, kl_g0=0.0327, kl_u=2.5286, cls=0.7034) | val=12.2950 | lr=1.00e-04
2026-07-06 09:01:25,757 |   -> New best val loss: 12.2950 (saved best_model.pt)
2026-07-06 09:01:28,140 |   -> New best val loss: 12.2121 (saved best_model.pt)
2026-07-06 09:01:36,670 |   -> New best val loss: 12.1524 (saved best_model.pt)
2026-07-06 09:01:43,998 |   -> New best val loss: 12.1516 (saved best_model.pt)
2026-07-06 09:01:46,579 |   -> New best val loss: 12.0789 (saved best_model.pt)
2026-07-06 09:01:48,486 | Epoch  480/1000 | kl_g0_w=1.00 kl_u_w=1.00 | train=11.3120 (recon=8.7675, kl_g0=0.0328, kl_u=2.5117, cls=0.7033) | val=12.1302 | lr=1.00e-04
2026-07-06 09:01:53,603 |   -> New best val loss: 12.0748 (saved best_model.pt)
2026-07-06 09:01:55,458 |   -> New best val loss: 12.0543 (saved best_model.pt)
2026-07-06 09:01:57,437 |   -> New best val loss: 12.0397 (saved best_model.pt)
2026-07-06 09:02:02,047 |   -> New best val loss: 12.0112 (saved best_model.pt)
2026-07-06 09:02:03,626 |   -> New best val loss: 11.9728 (saved best_model.pt)
2026-07-06 09:02:06,127 |   -> New best val loss: 11.9490 (saved best_model.pt)
2026-07-06 09:02:08,198 |   -> New best val loss: 11.9388 (saved best_model.pt)
2026-07-06 09:02:09,815 | Epoch  490/1000 | kl_g0_w=1.00 kl_u_w=1.00 | train=11.1377 (recon=8.6199, kl_g0=0.0329, kl_u=2.4848, cls=0.7037) | val=11.9063 | lr=1.00e-04
2026-07-06 09:02:09,831 |   -> New best val loss: 11.9063 (saved best_model.pt)
2026-07-06 09:02:14,970 |   -> New best val loss: 11.8791 (saved best_model.pt)
2026-07-06 09:02:17,708 |   -> New best val loss: 11.8785 (saved best_model.pt)
2026-07-06 09:02:19,614 |   -> New best val loss: 11.8540 (saved best_model.pt)
2026-07-06 09:02:21,997 |   -> New best val loss: 11.8122 (saved best_model.pt)
2026-07-06 09:02:32,499 |   -> New best val loss: 11.7789 (saved best_model.pt)
2026-07-06 09:02:35,257 | Epoch  500/1000 | kl_g0_w=1.00 kl_u_w=1.00 | train=10.9265 (recon=8.4168, kl_g0=0.0331, kl_u=2.4767, cls=0.7042) | val=11.7634 | lr=1.00e-04
2026-07-06 09:02:35,284 |   -> New best val loss: 11.7634 (saved best_model.pt)
2026-07-06 09:02:37,743 |   -> New best val loss: 11.7520 (saved best_model.pt)
2026-07-06 09:02:40,319 |   -> New best val loss: 11.7419 (saved best_model.pt)
2026-07-06 09:02:42,802 |   -> New best val loss: 11.7280 (saved best_model.pt)
2026-07-06 09:02:45,288 |   -> New best val loss: 11.6769 (saved best_model.pt)
2026-07-06 09:02:48,242 |   -> New best val loss: 11.6656 (saved best_model.pt)
2026-07-06 09:02:52,162 |   -> New best val loss: 11.6224 (saved best_model.pt)
2026-07-06 09:02:57,167 |   -> New best val loss: 11.6213 (saved best_model.pt)
2026-07-06 09:02:59,546 | Epoch  510/1000 | kl_g0_w=1.00 kl_u_w=1.00 | train=10.7574 (recon=8.2734, kl_g0=0.0332, kl_u=2.4509, cls=0.7035) | val=11.5792 | lr=1.00e-04
2026-07-06 09:02:59,574 |   -> New best val loss: 11.5792 (saved best_model.pt)
2026-07-06 09:03:07,169 |   -> New best val loss: 11.5388 (saved best_model.pt)
2026-07-06 09:03:10,928 |   -> New best val loss: 11.5280 (saved best_model.pt)
2026-07-06 09:03:12,741 |   -> New best val loss: 11.4841 (saved best_model.pt)
2026-07-06 09:03:18,906 |   -> New best val loss: 11.4578 (saved best_model.pt)
2026-07-06 09:03:21,137 | Epoch  520/1000 | kl_g0_w=1.00 kl_u_w=1.00 | train=10.5900 (recon=8.1301, kl_g0=0.0333, kl_u=2.4267, cls=0.7038) | val=11.4697 | lr=1.00e-04
2026-07-06 09:03:23,662 |   -> New best val loss: 11.4217 (saved best_model.pt)
2026-07-06 09:03:28,695 |   -> New best val loss: 11.3984 (saved best_model.pt)
2026-07-06 09:03:31,206 |   -> New best val loss: 11.3856 (saved best_model.pt)
2026-07-06 09:03:36,044 |   -> New best val loss: 11.3494 (saved best_model.pt)
2026-07-06 09:03:43,109 |   -> New best val loss: 11.3090 (saved best_model.pt)
2026-07-06 09:03:45,181 | Epoch  530/1000 | kl_g0_w=1.00 kl_u_w=1.00 | train=10.4478 (recon=7.9935, kl_g0=0.0334, kl_u=2.4209, cls=0.7037) | val=11.3287 | lr=1.00e-04
2026-07-06 09:03:49,841 |   -> New best val loss: 11.2878 (saved best_model.pt)
2026-07-06 09:03:51,779 |   -> New best val loss: 11.2670 (saved best_model.pt)
2026-07-06 09:03:55,883 |   -> New best val loss: 11.2348 (saved best_model.pt)
2026-07-06 09:03:57,542 |   -> New best val loss: 11.2182 (saved best_model.pt)
2026-07-06 09:03:59,956 |   -> New best val loss: 11.1992 (saved best_model.pt)
2026-07-06 09:04:02,432 |   -> New best val loss: 11.1973 (saved best_model.pt)
2026-07-06 09:04:04,630 |   -> New best val loss: 11.1965 (saved best_model.pt)
2026-07-06 09:04:07,195 | Epoch  540/1000 | kl_g0_w=1.00 kl_u_w=1.00 | train=10.2981 (recon=7.8741, kl_g0=0.0335, kl_u=2.3905, cls=0.7052) | val=11.1594 | lr=1.00e-04
2026-07-06 09:04:07,224 |   -> New best val loss: 11.1594 (saved best_model.pt)
2026-07-06 09:04:12,136 |   -> New best val loss: 11.1199 (saved best_model.pt)
2026-07-06 09:04:14,673 |   -> New best val loss: 11.1133 (saved best_model.pt)
2026-07-06 09:04:17,187 |   -> New best val loss: 11.0994 (saved best_model.pt)
2026-07-06 09:04:23,772 |   -> New best val loss: 11.0915 (saved best_model.pt)
2026-07-06 09:04:26,265 |   -> New best val loss: 11.0496 (saved best_model.pt)
2026-07-06 09:04:29,056 |   -> New best val loss: 11.0271 (saved best_model.pt)
2026-07-06 09:04:31,659 | Epoch  550/1000 | kl_g0_w=1.00 kl_u_w=1.00 | train=10.1634 (recon=7.7581, kl_g0=0.0337, kl_u=2.3717, cls=0.7042) | val=11.0924 | lr=1.00e-04
2026-07-06 09:04:37,037 |   -> New best val loss: 11.0150 (saved best_model.pt)
2026-07-06 09:04:39,714 |   -> New best val loss: 10.9873 (saved best_model.pt)
2026-07-06 09:04:42,522 |   -> New best val loss: 10.9686 (saved best_model.pt)
2026-07-06 09:04:47,791 |   -> New best val loss: 10.9238 (saved best_model.pt)
2026-07-06 09:04:52,591 |   -> New best val loss: 10.9168 (saved best_model.pt)
2026-07-06 09:04:57,761 | Epoch  560/1000 | kl_g0_w=1.00 kl_u_w=1.00 | train=10.0067 (recon=7.6234, kl_g0=0.0338, kl_u=2.3495, cls=0.7039) | val=10.9233 | lr=1.00e-04
2026-07-06 09:05:00,383 |   -> New best val loss: 10.8736 (saved best_model.pt)
2026-07-06 09:05:03,038 |   -> New best val loss: 10.8476 (saved best_model.pt)
2026-07-06 09:05:10,371 |   -> New best val loss: 10.8130 (saved best_model.pt)
2026-07-06 09:05:13,016 |   -> New best val loss: 10.7822 (saved best_model.pt)
2026-07-06 09:05:17,306 |   -> New best val loss: 10.7785 (saved best_model.pt)
2026-07-06 09:05:21,633 | Epoch  570/1000 | kl_g0_w=1.00 kl_u_w=1.00 | train=9.8686 (recon=7.5032, kl_g0=0.0339, kl_u=2.3315, cls=0.7042) | val=10.7393 | lr=1.00e-04
2026-07-06 09:05:21,697 |   -> New best val loss: 10.7393 (saved best_model.pt)
2026-07-06 09:05:26,458 |   -> New best val loss: 10.7308 (saved best_model.pt)
2026-07-06 09:05:28,999 |   -> New best val loss: 10.7154 (saved best_model.pt)
2026-07-06 09:05:34,252 |   -> New best val loss: 10.6699 (saved best_model.pt)
2026-07-06 09:05:42,415 |   -> New best val loss: 10.6619 (saved best_model.pt)
2026-07-06 09:05:44,387 | Epoch  580/1000 | kl_g0_w=1.00 kl_u_w=1.00 | train=9.7376 (recon=7.3874, kl_g0=0.0340, kl_u=2.3162, cls=0.7043) | val=10.6134 | lr=1.00e-04
2026-07-06 09:05:44,415 |   -> New best val loss: 10.6134 (saved best_model.pt)
2026-07-06 09:05:47,018 |   -> New best val loss: 10.5988 (saved best_model.pt)
2026-07-06 09:05:50,787 |   -> New best val loss: 10.5919 (saved best_model.pt)
2026-07-06 09:05:52,599 |   -> New best val loss: 10.5558 (saved best_model.pt)
2026-07-06 09:05:55,291 |   -> New best val loss: 10.5506 (saved best_model.pt)
2026-07-06 09:05:59,163 |   -> New best val loss: 10.4975 (saved best_model.pt)
2026-07-06 09:06:06,604 | Epoch  590/1000 | kl_g0_w=1.00 kl_u_w=1.00 | train=9.5759 (recon=7.2535, kl_g0=0.0341, kl_u=2.2883, cls=0.7037) | val=10.5203 | lr=1.00e-04
2026-07-06 09:06:11,951 |   -> New best val loss: 10.4593 (saved best_model.pt)
2026-07-06 09:06:21,252 |   -> New best val loss: 10.4141 (saved best_model.pt)
2026-07-06 09:06:25,340 |   -> New best val loss: 10.4120 (saved best_model.pt)
2026-07-06 09:06:27,844 |   -> New best val loss: 10.3892 (saved best_model.pt)
2026-07-06 09:06:29,723 | Epoch  600/1000 | kl_g0_w=1.00 kl_u_w=1.00 | train=9.4684 (recon=7.1608, kl_g0=0.0342, kl_u=2.2734, cls=0.7025) | val=10.3971 | lr=1.00e-04
2026-07-06 09:06:34,964 |   -> New best val loss: 10.3654 (saved best_model.pt)
2026-07-06 09:06:37,425 |   -> New best val loss: 10.3469 (saved best_model.pt)
2026-07-06 09:06:39,992 |   -> New best val loss: 10.3339 (saved best_model.pt)
2026-07-06 09:06:45,549 |   -> New best val loss: 10.3069 (saved best_model.pt)
2026-07-06 09:06:48,247 |   -> New best val loss: 10.2903 (saved best_model.pt)
2026-07-06 09:06:53,439 |   -> New best val loss: 10.2582 (saved best_model.pt)
2026-07-06 09:06:55,667 | Epoch  610/1000 | kl_g0_w=1.00 kl_u_w=1.00 | train=9.3292 (recon=7.0355, kl_g0=0.0343, kl_u=2.2594, cls=0.7045) | val=10.2745 | lr=1.00e-04
2026-07-06 09:06:58,488 |   -> New best val loss: 10.2498 (saved best_model.pt)
2026-07-06 09:07:08,718 |   -> New best val loss: 10.2292 (saved best_model.pt)
2026-07-06 09:07:11,406 |   -> New best val loss: 10.1954 (saved best_model.pt)
2026-07-06 09:07:20,050 | Epoch  620/1000 | kl_g0_w=1.00 kl_u_w=1.00 | train=9.2080 (recon=6.9254, kl_g0=0.0344, kl_u=2.2482, cls=0.7037) | val=10.1700 | lr=1.00e-04
2026-07-06 09:07:20,067 |   -> New best val loss: 10.1700 (saved best_model.pt)
2026-07-06 09:07:21,623 |   -> New best val loss: 10.1584 (saved best_model.pt)
2026-07-06 09:07:23,649 |   -> New best val loss: 10.1367 (saved best_model.pt)
2026-07-06 09:07:31,183 |   -> New best val loss: 10.0997 (saved best_model.pt)
2026-07-06 09:07:33,731 |   -> New best val loss: 10.0726 (saved best_model.pt)
2026-07-06 09:07:38,286 |   -> New best val loss: 10.0629 (saved best_model.pt)
2026-07-06 09:07:43,867 | Epoch  630/1000 | kl_g0_w=1.00 kl_u_w=1.00 | train=9.0846 (recon=6.8262, kl_g0=0.0345, kl_u=2.2239, cls=0.7032) | val=10.0252 | lr=1.00e-04
2026-07-06 09:07:43,895 |   -> New best val loss: 10.0252 (saved best_model.pt)
2026-07-06 09:07:47,442 |   -> New best val loss: 9.9859 (saved best_model.pt)
2026-07-06 09:07:55,385 |   -> New best val loss: 9.9513 (saved best_model.pt)
2026-07-06 09:08:03,180 | Epoch  640/1000 | kl_g0_w=1.00 kl_u_w=1.00 | train=8.9836 (recon=6.7437, kl_g0=0.0346, kl_u=2.2052, cls=0.7049) | val=9.9583 | lr=1.00e-04
2026-07-06 09:08:05,206 |   -> New best val loss: 9.9314 (saved best_model.pt)
2026-07-06 09:08:10,237 |   -> New best val loss: 9.8925 (saved best_model.pt)
2026-07-06 09:08:12,854 |   -> New best val loss: 9.8823 (saved best_model.pt)
2026-07-06 09:08:20,362 |   -> New best val loss: 9.8486 (saved best_model.pt)
2026-07-06 09:08:26,678 | Epoch  650/1000 | kl_g0_w=1.00 kl_u_w=1.00 | train=8.8528 (recon=6.6352, kl_g0=0.0347, kl_u=2.1830, cls=0.7048) | val=9.7975 | lr=1.00e-04
2026-07-06 09:08:26,706 |   -> New best val loss: 9.7975 (saved best_model.pt)
2026-07-06 09:08:31,383 |   -> New best val loss: 9.7959 (saved best_model.pt)
2026-07-06 09:08:36,128 |   -> New best val loss: 9.7845 (saved best_model.pt)
2026-07-06 09:08:38,739 |   -> New best val loss: 9.7602 (saved best_model.pt)
2026-07-06 09:08:46,451 |   -> New best val loss: 9.7233 (saved best_model.pt)
2026-07-06 09:08:48,423 | Epoch  660/1000 | kl_g0_w=1.00 kl_u_w=1.00 | train=8.7503 (recon=6.5554, kl_g0=0.0348, kl_u=2.1601, cls=0.7048) | val=9.7670 | lr=1.00e-04
2026-07-06 09:08:50,259 |   -> New best val loss: 9.6843 (saved best_model.pt)
2026-07-06 09:08:56,500 |   -> New best val loss: 9.6665 (saved best_model.pt)
2026-07-06 09:09:00,149 |   -> New best val loss: 9.6624 (saved best_model.pt)
2026-07-06 09:09:02,181 |   -> New best val loss: 9.6442 (saved best_model.pt)
2026-07-06 09:09:06,642 |   -> New best val loss: 9.6439 (saved best_model.pt)
2026-07-06 09:09:09,137 | Epoch  670/1000 | kl_g0_w=1.00 kl_u_w=1.00 | train=8.6259 (recon=6.4361, kl_g0=0.0349, kl_u=2.1548, cls=0.7052) | val=9.6347 | lr=1.00e-04
2026-07-06 09:09:09,169 |   -> New best val loss: 9.6347 (saved best_model.pt)
2026-07-06 09:09:11,480 |   -> New best val loss: 9.6107 (saved best_model.pt)
2026-07-06 09:09:13,788 |   -> New best val loss: 9.5855 (saved best_model.pt)
2026-07-06 09:09:17,551 |   -> New best val loss: 9.5580 (saved best_model.pt)
2026-07-06 09:09:22,314 |   -> New best val loss: 9.5425 (saved best_model.pt)
2026-07-06 09:09:27,241 |   -> New best val loss: 9.5380 (saved best_model.pt)
2026-07-06 09:09:30,914 | Epoch  680/1000 | kl_g0_w=1.00 kl_u_w=1.00 | train=8.5340 (recon=6.3612, kl_g0=0.0350, kl_u=2.1379, cls=0.7051) | val=9.5222 | lr=1.00e-04
2026-07-06 09:09:30,933 |   -> New best val loss: 9.5222 (saved best_model.pt)
2026-07-06 09:09:32,880 |   -> New best val loss: 9.5006 (saved best_model.pt)
2026-07-06 09:09:34,473 |   -> New best val loss: 9.4979 (saved best_model.pt)
2026-07-06 09:09:38,997 |   -> New best val loss: 9.4765 (saved best_model.pt)
2026-07-06 09:09:41,420 |   -> New best val loss: 9.4678 (saved best_model.pt)
2026-07-06 09:09:43,951 |   -> New best val loss: 9.4420 (saved best_model.pt)
2026-07-06 09:09:54,433 | Epoch  690/1000 | kl_g0_w=1.00 kl_u_w=1.00 | train=8.4150 (recon=6.2603, kl_g0=0.0351, kl_u=2.1195, cls=0.7054) | val=9.4164 | lr=1.00e-04
2026-07-06 09:09:54,454 |   -> New best val loss: 9.4164 (saved best_model.pt)
2026-07-06 09:10:02,135 |   -> New best val loss: 9.3978 (saved best_model.pt)
2026-07-06 09:10:06,086 |   -> New best val loss: 9.3744 (saved best_model.pt)
2026-07-06 09:10:12,246 |   -> New best val loss: 9.3470 (saved best_model.pt)
2026-07-06 09:10:16,328 | Epoch  700/1000 | kl_g0_w=1.00 kl_u_w=1.00 | train=8.3223 (recon=6.1693, kl_g0=0.0352, kl_u=2.1178, cls=0.7059) | val=9.3472 | lr=1.00e-04
2026-07-06 09:10:20,712 |   -> New best val loss: 9.3111 (saved best_model.pt)
2026-07-06 09:10:22,845 |   -> New best val loss: 9.3100 (saved best_model.pt)
2026-07-06 09:10:25,640 |   -> New best val loss: 9.2958 (saved best_model.pt)
2026-07-06 09:10:31,170 |   -> New best val loss: 9.2919 (saved best_model.pt)
2026-07-06 09:10:33,814 |   -> New best val loss: 9.2699 (saved best_model.pt)
2026-07-06 09:10:36,714 |   -> New best val loss: 9.2554 (saved best_model.pt)
2026-07-06 09:10:39,228 |   -> New best val loss: 9.2390 (saved best_model.pt)
2026-07-06 09:10:40,953 | Epoch  710/1000 | kl_g0_w=1.00 kl_u_w=1.00 | train=8.2455 (recon=6.1020, kl_g0=0.0353, kl_u=2.1082, cls=0.7064) | val=9.2530 | lr=1.00e-04
2026-07-06 09:10:46,492 |   -> New best val loss: 9.2180 (saved best_model.pt)
2026-07-06 09:10:51,625 |   -> New best val loss: 9.2026 (saved best_model.pt)
2026-07-06 09:10:54,029 |   -> New best val loss: 9.1924 (saved best_model.pt)
2026-07-06 09:10:59,365 |   -> New best val loss: 9.1806 (saved best_model.pt)
2026-07-06 09:11:01,704 |   -> New best val loss: 9.1582 (saved best_model.pt)
2026-07-06 09:11:04,318 | Epoch  720/1000 | kl_g0_w=1.00 kl_u_w=1.00 | train=8.1492 (recon=6.0073, kl_g0=0.0354, kl_u=2.1065, cls=0.7050) | val=9.1969 | lr=1.00e-04
2026-07-06 09:11:06,796 |   -> New best val loss: 9.1459 (saved best_model.pt)
2026-07-06 09:11:11,698 |   -> New best val loss: 9.1055 (saved best_model.pt)
2026-07-06 09:11:18,888 |   -> New best val loss: 9.0851 (saved best_model.pt)
2026-07-06 09:11:26,051 | Epoch  730/1000 | kl_g0_w=1.00 kl_u_w=1.00 | train=8.0632 (recon=5.9360, kl_g0=0.0355, kl_u=2.0918, cls=0.7050) | val=9.0858 | lr=1.00e-04
2026-07-06 09:11:28,242 |   -> New best val loss: 9.0709 (saved best_model.pt)
2026-07-06 09:11:33,199 |   -> New best val loss: 9.0398 (saved best_model.pt)
2026-07-06 09:11:37,907 |   -> New best val loss: 9.0361 (saved best_model.pt)
2026-07-06 09:11:42,683 |   -> New best val loss: 9.0327 (saved best_model.pt)
2026-07-06 09:11:45,073 |   -> New best val loss: 9.0168 (saved best_model.pt)
2026-07-06 09:11:49,848 | Epoch  740/1000 | kl_g0_w=1.00 kl_u_w=1.00 | train=7.9923 (recon=5.8651, kl_g0=0.0355, kl_u=2.0917, cls=0.7054) | val=9.0003 | lr=1.00e-04
2026-07-06 09:11:49,878 |   -> New best val loss: 9.0003 (saved best_model.pt)
2026-07-06 09:11:54,606 |   -> New best val loss: 8.9845 (saved best_model.pt)
2026-07-06 09:11:57,196 |   -> New best val loss: 8.9740 (saved best_model.pt)
2026-07-06 09:11:59,992 |   -> New best val loss: 8.9628 (saved best_model.pt)
2026-07-06 09:12:02,680 |   -> New best val loss: 8.9447 (saved best_model.pt)
2026-07-06 09:12:11,864 |   -> New best val loss: 8.9289 (saved best_model.pt)
2026-07-06 09:12:13,629 | Epoch  750/1000 | kl_g0_w=1.00 kl_u_w=1.00 | train=7.8910 (recon=5.7728, kl_g0=0.0356, kl_u=2.0826, cls=0.7049) | val=8.9075 | lr=1.00e-04
2026-07-06 09:12:13,645 |   -> New best val loss: 8.9075 (saved best_model.pt)
2026-07-06 09:12:18,259 |   -> New best val loss: 8.8993 (saved best_model.pt)
2026-07-06 09:12:20,409 |   -> New best val loss: 8.8939 (saved best_model.pt)
2026-07-06 09:12:22,369 |   -> New best val loss: 8.8836 (saved best_model.pt)
2026-07-06 09:12:24,613 |   -> New best val loss: 8.8822 (saved best_model.pt)
2026-07-06 09:12:26,828 |   -> New best val loss: 8.8485 (saved best_model.pt)
2026-07-06 09:12:34,866 | Epoch  760/1000 | kl_g0_w=1.00 kl_u_w=1.00 | train=7.8207 (recon=5.7100, kl_g0=0.0357, kl_u=2.0750, cls=0.7044) | val=8.8520 | lr=1.00e-04
2026-07-06 09:12:40,372 |   -> New best val loss: 8.8264 (saved best_model.pt)
2026-07-06 09:12:43,262 |   -> New best val loss: 8.8132 (saved best_model.pt)
2026-07-06 09:12:48,568 |   -> New best val loss: 8.8019 (saved best_model.pt)
2026-07-06 09:12:51,102 |   -> New best val loss: 8.7983 (saved best_model.pt)
2026-07-06 09:12:53,719 |   -> New best val loss: 8.7677 (saved best_model.pt)
2026-07-06 09:13:00,590 | Epoch  770/1000 | kl_g0_w=1.00 kl_u_w=1.00 | train=7.7301 (recon=5.6261, kl_g0=0.0358, kl_u=2.0682, cls=0.7063) | val=8.7673 | lr=1.00e-04
2026-07-06 09:13:00,608 |   -> New best val loss: 8.7673 (saved best_model.pt)
2026-07-06 09:13:03,013 |   -> New best val loss: 8.7581 (saved best_model.pt)
2026-07-06 09:13:05,511 |   -> New best val loss: 8.7518 (saved best_model.pt)
2026-07-06 09:13:07,469 |   -> New best val loss: 8.7482 (saved best_model.pt)
2026-07-06 09:13:09,821 |   -> New best val loss: 8.7429 (saved best_model.pt)
2026-07-06 09:13:11,823 |   -> New best val loss: 8.7165 (saved best_model.pt)
2026-07-06 09:13:13,585 |   -> New best val loss: 8.7149 (saved best_model.pt)
2026-07-06 09:13:15,454 |   -> New best val loss: 8.7102 (saved best_model.pt)
2026-07-06 09:13:19,714 |   -> New best val loss: 8.7003 (saved best_model.pt)
2026-07-06 09:13:21,291 | Epoch  780/1000 | kl_g0_w=1.00 kl_u_w=1.00 | train=7.6502 (recon=5.5556, kl_g0=0.0359, kl_u=2.0588, cls=0.7053) | val=8.6958 | lr=1.00e-04
2026-07-06 09:13:21,310 |   -> New best val loss: 8.6958 (saved best_model.pt)
2026-07-06 09:13:24,616 |   -> New best val loss: 8.6842 (saved best_model.pt)
2026-07-06 09:13:27,316 |   -> New best val loss: 8.6826 (saved best_model.pt)
2026-07-06 09:13:29,212 |   -> New best val loss: 8.6728 (saved best_model.pt)
2026-07-06 09:13:31,383 |   -> New best val loss: 8.6515 (saved best_model.pt)
2026-07-06 09:13:35,512 |   -> New best val loss: 8.6289 (saved best_model.pt)
2026-07-06 09:13:40,117 |   -> New best val loss: 8.6235 (saved best_model.pt)
2026-07-06 09:13:41,970 | Epoch  790/1000 | kl_g0_w=1.00 kl_u_w=1.00 | train=7.5846 (recon=5.4987, kl_g0=0.0360, kl_u=2.0499, cls=0.7059) | val=8.6432 | lr=1.00e-04
2026-07-06 09:13:44,494 |   -> New best val loss: 8.6042 (saved best_model.pt)
2026-07-06 09:13:55,085 |   -> New best val loss: 8.5823 (saved best_model.pt)
2026-07-06 09:13:58,845 |   -> New best val loss: 8.5576 (saved best_model.pt)
2026-07-06 09:14:04,039 |   -> New best val loss: 8.5359 (saved best_model.pt)
2026-07-06 09:14:06,289 | Epoch  800/1000 | kl_g0_w=1.00 kl_u_w=1.00 | train=7.5205 (recon=5.4347, kl_g0=0.0361, kl_u=2.0497, cls=0.7058) | val=8.5569 | lr=1.00e-04
2026-07-06 09:14:14,180 |   -> New best val loss: 8.5277 (saved best_model.pt)
2026-07-06 09:14:17,736 |   -> New best val loss: 8.5015 (saved best_model.pt)
2026-07-06 09:14:20,009 |   -> New best val loss: 8.4827 (saved best_model.pt)
2026-07-06 09:14:28,664 | Epoch  810/1000 | kl_g0_w=1.00 kl_u_w=1.00 | train=7.4333 (recon=5.3497, kl_g0=0.0361, kl_u=2.0475, cls=0.7058) | val=8.4693 | lr=1.00e-04
2026-07-06 09:14:28,684 |   -> New best val loss: 8.4693 (saved best_model.pt)
2026-07-06 09:14:30,320 |   -> New best val loss: 8.4560 (saved best_model.pt)
2026-07-06 09:14:36,142 |   -> New best val loss: 8.4489 (saved best_model.pt)
2026-07-06 09:14:38,511 |   -> New best val loss: 8.4449 (saved best_model.pt)
2026-07-06 09:14:40,110 |   -> New best val loss: 8.4187 (saved best_model.pt)
2026-07-06 09:14:41,927 |   -> New best val loss: 8.4162 (saved best_model.pt)
2026-07-06 09:14:46,759 |   -> New best val loss: 8.3942 (saved best_model.pt)
2026-07-06 09:14:51,940 | Epoch  820/1000 | kl_g0_w=1.00 kl_u_w=1.00 | train=7.3568 (recon=5.2854, kl_g0=0.0362, kl_u=2.0351, cls=0.7053) | val=8.3814 | lr=1.00e-04
2026-07-06 09:14:51,971 |   -> New best val loss: 8.3814 (saved best_model.pt)
2026-07-06 09:15:02,478 |   -> New best val loss: 8.3543 (saved best_model.pt)
2026-07-06 09:15:09,563 |   -> New best val loss: 8.3528 (saved best_model.pt)
2026-07-06 09:15:11,544 |   -> New best val loss: 8.3377 (saved best_model.pt)
2026-07-06 09:15:14,204 |   -> New best val loss: 8.3360 (saved best_model.pt)
2026-07-06 09:15:16,502 | Epoch  830/1000 | kl_g0_w=1.00 kl_u_w=1.00 | train=7.3006 (recon=5.2217, kl_g0=0.0363, kl_u=2.0426, cls=0.7072) | val=8.3515 | lr=1.00e-04
2026-07-06 09:15:19,176 |   -> New best val loss: 8.3193 (saved best_model.pt)
2026-07-06 09:15:21,113 |   -> New best val loss: 8.3125 (saved best_model.pt)
2026-07-06 09:15:23,074 |   -> New best val loss: 8.2871 (saved best_model.pt)
2026-07-06 09:15:33,351 |   -> New best val loss: 8.2838 (saved best_model.pt)
2026-07-06 09:15:35,614 | Epoch  840/1000 | kl_g0_w=1.00 kl_u_w=1.00 | train=7.2216 (recon=5.1524, kl_g0=0.0364, kl_u=2.0328, cls=0.7056) | val=8.2662 | lr=1.00e-04
2026-07-06 09:15:35,644 |   -> New best val loss: 8.2662 (saved best_model.pt)
2026-07-06 09:15:37,612 |   -> New best val loss: 8.2372 (saved best_model.pt)
2026-07-06 09:15:40,083 |   -> New best val loss: 8.2303 (saved best_model.pt)
2026-07-06 09:15:47,218 |   -> New best val loss: 8.2282 (saved best_model.pt)
2026-07-06 09:15:49,902 |   -> New best val loss: 8.2128 (saved best_model.pt)
2026-07-06 09:15:52,719 |   -> New best val loss: 8.2047 (saved best_model.pt)
2026-07-06 09:15:58,938 | Epoch  850/1000 | kl_g0_w=1.00 kl_u_w=1.00 | train=7.1570 (recon=5.0879, kl_g0=0.0364, kl_u=2.0326, cls=0.7056) | val=8.1993 | lr=1.00e-04
2026-07-06 09:15:58,969 |   -> New best val loss: 8.1993 (saved best_model.pt)
2026-07-06 09:16:00,740 |   -> New best val loss: 8.1822 (saved best_model.pt)
2026-07-06 09:16:03,221 |   -> New best val loss: 8.1808 (saved best_model.pt)
2026-07-06 09:16:05,769 |   -> New best val loss: 8.1786 (saved best_model.pt)
2026-07-06 09:16:08,368 |   -> New best val loss: 8.1619 (saved best_model.pt)
2026-07-06 09:16:10,971 |   -> New best val loss: 8.1498 (saved best_model.pt)
2026-07-06 09:16:15,891 |   -> New best val loss: 8.1492 (saved best_model.pt)
2026-07-06 09:16:18,400 |   -> New best val loss: 8.1227 (saved best_model.pt)
2026-07-06 09:16:22,818 | Epoch  860/1000 | kl_g0_w=1.00 kl_u_w=1.00 | train=7.0976 (recon=5.0345, kl_g0=0.0365, kl_u=2.0266, cls=0.7061) | val=8.1229 | lr=1.00e-04
2026-07-06 09:16:25,109 |   -> New best val loss: 8.1118 (saved best_model.pt)
2026-07-06 09:16:27,193 |   -> New best val loss: 8.1093 (saved best_model.pt)
2026-07-06 09:16:29,141 |   -> New best val loss: 8.1062 (saved best_model.pt)
2026-07-06 09:16:33,513 |   -> New best val loss: 8.0930 (saved best_model.pt)
2026-07-06 09:16:36,028 |   -> New best val loss: 8.0714 (saved best_model.pt)
2026-07-06 09:16:37,849 |   -> New best val loss: 8.0650 (saved best_model.pt)
2026-07-06 09:16:45,187 | Epoch  870/1000 | kl_g0_w=1.00 kl_u_w=1.00 | train=7.0380 (recon=4.9792, kl_g0=0.0366, kl_u=2.0223, cls=0.7063) | val=8.0678 | lr=1.00e-04
2026-07-06 09:16:47,856 |   -> New best val loss: 8.0304 (saved best_model.pt)
2026-07-06 09:16:57,326 |   -> New best val loss: 8.0179 (saved best_model.pt)
2026-07-06 09:17:03,450 |   -> New best val loss: 7.9980 (saved best_model.pt)
2026-07-06 09:17:05,665 |   -> New best val loss: 7.9925 (saved best_model.pt)
2026-07-06 09:17:08,095 | Epoch  880/1000 | kl_g0_w=1.00 kl_u_w=1.00 | train=6.9685 (recon=4.9045, kl_g0=0.0367, kl_u=2.0273, cls=0.7064) | val=7.9885 | lr=1.00e-04
2026-07-06 09:17:08,122 |   -> New best val loss: 7.9885 (saved best_model.pt)
2026-07-06 09:17:10,795 |   -> New best val loss: 7.9809 (saved best_model.pt)
2026-07-06 09:17:13,433 |   -> New best val loss: 7.9753 (saved best_model.pt)
2026-07-06 09:17:17,770 |   -> New best val loss: 7.9577 (saved best_model.pt)
2026-07-06 09:17:23,242 |   -> New best val loss: 7.9412 (saved best_model.pt)
2026-07-06 09:17:28,115 |   -> New best val loss: 7.9154 (saved best_model.pt)
2026-07-06 09:17:30,642 | Epoch  890/1000 | kl_g0_w=1.00 kl_u_w=1.00 | train=6.9176 (recon=4.8635, kl_g0=0.0367, kl_u=2.0173, cls=0.7055) | val=7.9367 | lr=1.00e-04
2026-07-06 09:17:35,762 |   -> New best val loss: 7.9005 (saved best_model.pt)
2026-07-06 09:17:44,996 |   -> New best val loss: 7.8800 (saved best_model.pt)
2026-07-06 09:17:47,465 |   -> New best val loss: 7.8781 (saved best_model.pt)
2026-07-06 09:17:49,963 |   -> New best val loss: 7.8696 (saved best_model.pt)
2026-07-06 09:17:52,541 |   -> New best val loss: 7.8667 (saved best_model.pt)
2026-07-06 09:17:54,683 | Epoch  900/1000 | kl_g0_w=1.00 kl_u_w=1.00 | train=6.8532 (recon=4.7940, kl_g0=0.0368, kl_u=2.0224, cls=0.7064) | val=7.8640 | lr=1.00e-04
2026-07-06 09:17:54,702 |   -> New best val loss: 7.8640 (saved best_model.pt)
2026-07-06 09:18:00,024 |   -> New best val loss: 7.8564 (saved best_model.pt)
2026-07-06 09:18:02,762 |   -> New best val loss: 7.8323 (saved best_model.pt)
2026-07-06 09:18:12,510 |   -> New best val loss: 7.8083 (saved best_model.pt)
2026-07-06 09:18:14,963 |   -> New best val loss: 7.7995 (saved best_model.pt)
2026-07-06 09:18:19,675 | Epoch  910/1000 | kl_g0_w=1.00 kl_u_w=1.00 | train=6.8068 (recon=4.7585, kl_g0=0.0369, kl_u=2.0114, cls=0.7060) | val=7.8153 | lr=1.00e-04
2026-07-06 09:18:24,570 |   -> New best val loss: 7.7773 (saved best_model.pt)
2026-07-06 09:18:29,132 |   -> New best val loss: 7.7717 (saved best_model.pt)
2026-07-06 09:18:31,624 |   -> New best val loss: 7.7546 (saved best_model.pt)
2026-07-06 09:18:33,995 |   -> New best val loss: 7.7530 (saved best_model.pt)
2026-07-06 09:18:35,856 |   -> New best val loss: 7.7470 (saved best_model.pt)
2026-07-06 09:18:38,136 |   -> New best val loss: 7.7417 (saved best_model.pt)
2026-07-06 09:18:40,365 |   -> New best val loss: 7.7327 (saved best_model.pt)
2026-07-06 09:18:42,158 | Epoch  920/1000 | kl_g0_w=1.00 kl_u_w=1.00 | train=6.7392 (recon=4.6865, kl_g0=0.0369, kl_u=2.0158, cls=0.7061) | val=7.7324 | lr=1.00e-04
2026-07-06 09:18:42,178 |   -> New best val loss: 7.7324 (saved best_model.pt)
2026-07-06 09:18:48,539 |   -> New best val loss: 7.7175 (saved best_model.pt)
2026-07-06 09:18:50,904 |   -> New best val loss: 7.7077 (saved best_model.pt)
2026-07-06 09:18:53,533 |   -> New best val loss: 7.6880 (saved best_model.pt)
2026-07-06 09:18:58,662 |   -> New best val loss: 7.6828 (saved best_model.pt)
2026-07-06 09:19:05,274 | Epoch  930/1000 | kl_g0_w=1.00 kl_u_w=1.00 | train=6.6800 (recon=4.6345, kl_g0=0.0370, kl_u=2.0085, cls=0.7057) | val=7.6912 | lr=1.00e-04
2026-07-06 09:19:06,855 |   -> New best val loss: 7.6701 (saved best_model.pt)
2026-07-06 09:19:08,799 |   -> New best val loss: 7.6569 (saved best_model.pt)
2026-07-06 09:19:11,261 |   -> New best val loss: 7.6520 (saved best_model.pt)
2026-07-06 09:19:18,485 |   -> New best val loss: 7.6378 (saved best_model.pt)
2026-07-06 09:19:20,981 |   -> New best val loss: 7.6260 (saved best_model.pt)
2026-07-06 09:19:23,523 |   -> New best val loss: 7.6125 (saved best_model.pt)
2026-07-06 09:19:27,565 | Epoch  940/1000 | kl_g0_w=1.00 kl_u_w=1.00 | train=6.6275 (recon=4.5816, kl_g0=0.0371, kl_u=2.0089, cls=0.7056) | val=7.6211 | lr=1.00e-04
2026-07-06 09:19:30,154 |   -> New best val loss: 7.6113 (saved best_model.pt)
2026-07-06 09:19:32,209 |   -> New best val loss: 7.5839 (saved best_model.pt)
2026-07-06 09:19:41,565 |   -> New best val loss: 7.5654 (saved best_model.pt)
2026-07-06 09:19:47,940 |   -> New best val loss: 7.5646 (saved best_model.pt)
2026-07-06 09:19:50,409 | Epoch  950/1000 | kl_g0_w=1.00 kl_u_w=1.00 | train=6.5765 (recon=4.5323, kl_g0=0.0372, kl_u=2.0071, cls=0.7061) | val=7.5470 | lr=1.00e-04
2026-07-06 09:19:50,438 |   -> New best val loss: 7.5470 (saved best_model.pt)
2026-07-06 09:20:03,612 |   -> New best val loss: 7.5315 (saved best_model.pt)
2026-07-06 09:20:05,766 |   -> New best val loss: 7.5218 (saved best_model.pt)
2026-07-06 09:20:07,638 |   -> New best val loss: 7.5198 (saved best_model.pt)
2026-07-06 09:20:10,205 |   -> New best val loss: 7.5142 (saved best_model.pt)
2026-07-06 09:20:12,935 |   -> New best val loss: 7.5075 (saved best_model.pt)
2026-07-06 09:20:15,349 | Epoch  960/1000 | kl_g0_w=1.00 kl_u_w=1.00 | train=6.5215 (recon=4.4823, kl_g0=0.0372, kl_u=2.0020, cls=0.7058) | val=7.4945 | lr=1.00e-04
2026-07-06 09:20:15,382 |   -> New best val loss: 7.4945 (saved best_model.pt)
2026-07-06 09:20:19,381 |   -> New best val loss: 7.4888 (saved best_model.pt)
2026-07-06 09:20:21,927 |   -> New best val loss: 7.4762 (saved best_model.pt)
2026-07-06 09:20:24,150 |   -> New best val loss: 7.4646 (saved best_model.pt)
2026-07-06 09:20:25,944 |   -> New best val loss: 7.4583 (saved best_model.pt)
2026-07-06 09:20:28,454 |   -> New best val loss: 7.4449 (saved best_model.pt)
2026-07-06 09:20:30,747 |   -> New best val loss: 7.4414 (saved best_model.pt)
2026-07-06 09:20:32,899 |   -> New best val loss: 7.4405 (saved best_model.pt)
2026-07-06 09:20:37,369 | Epoch  970/1000 | kl_g0_w=1.00 kl_u_w=1.00 | train=6.4664 (recon=4.4268, kl_g0=0.0373, kl_u=2.0023, cls=0.7061) | val=7.4281 | lr=1.00e-04
2026-07-06 09:20:37,398 |   -> New best val loss: 7.4281 (saved best_model.pt)
2026-07-06 09:20:41,721 |   -> New best val loss: 7.4033 (saved best_model.pt)
2026-07-06 09:20:52,318 |   -> New best val loss: 7.3952 (saved best_model.pt)
2026-07-06 09:20:59,119 |   -> New best val loss: 7.3923 (saved best_model.pt)
2026-07-06 09:21:01,797 | Epoch  980/1000 | kl_g0_w=1.00 kl_u_w=1.00 | train=6.4212 (recon=4.3925, kl_g0=0.0373, kl_u=1.9914, cls=0.7062) | val=7.3754 | lr=1.00e-04
2026-07-06 09:21:01,828 |   -> New best val loss: 7.3754 (saved best_model.pt)
2026-07-06 09:21:04,464 |   -> New best val loss: 7.3644 (saved best_model.pt)
2026-07-06 09:21:12,207 |   -> New best val loss: 7.3579 (saved best_model.pt)
2026-07-06 09:21:14,571 |   -> New best val loss: 7.3517 (saved best_model.pt)
2026-07-06 09:21:17,208 |   -> New best val loss: 7.3451 (saved best_model.pt)
2026-07-06 09:21:19,870 |   -> New best val loss: 7.3409 (saved best_model.pt)
2026-07-06 09:21:22,271 |   -> New best val loss: 7.3343 (saved best_model.pt)
2026-07-06 09:21:24,053 |   -> New best val loss: 7.3078 (saved best_model.pt)
2026-07-06 09:21:26,197 | Epoch  990/1000 | kl_g0_w=1.00 kl_u_w=1.00 | train=6.3693 (recon=4.3432, kl_g0=0.0374, kl_u=1.9886, cls=0.7058) | val=7.3350 | lr=1.00e-04
2026-07-06 09:21:37,039 |   -> New best val loss: 7.2851 (saved best_model.pt)
2026-07-06 09:21:41,638 |   -> New best val loss: 7.2842 (saved best_model.pt)
2026-07-06 09:21:49,429 | Epoch 1000/1000 | kl_g0_w=1.00 kl_u_w=1.00 | train=6.3177 (recon=4.2953, kl_g0=0.0375, kl_u=1.9850, cls=0.7061) | val=7.2566 | lr=1.00e-04
2026-07-06 09:21:49,448 |   -> New best val loss: 7.2566 (saved best_model.pt)
2026-07-06 09:21:49,463 | Final model saved to /home/nadegeo/LIFUS-BRICK/results/training/train_20260706_084539/final_model.pt
2026-07-06 09:21:49,463 | Best val loss: 7.2566
2026-07-06 09:21:49,463 | Training complete.
