2026-07-03 10:32:15,273 | ============================================================
2026-07-03 10:32:15,273 | BRICK Training -- train_20260703_103215
2026-07-03 10:32:15,273 | N_ROIS=24, M=96, H=4, T=240
2026-07-03 10:32:15,273 | Epochs=1000, LR=0.0001, WD=0.05, LAMBDA_NOISE=0.01, BATCH_SIZE=12
2026-07-03 10:32:15,273 | Patience=30, use_control=True, use_ic=True
2026-07-03 10:32:15,273 | KL annealing: g0 over 0 epochs, u delayed 0 then over 0 epochs
2026-07-03 10:32:15,274 | ============================================================
2026-07-03 10:32:15,274 | Loading dataset...
2026-07-03 10:32:15,366 | Split: 52 train | 4 val | 20 test items
2026-07-03 10:32:15,440 | Model parameters: 554,702
2026-07-03 10:32:15,888 | Starting training...
2026-07-03 10:32:17,945 | Epoch    1/1000 | kl_g0_w=1.00 kl_u_w=1.00 | train=3258.1531 (recon=3251.2590, kl_g0=5.7121, kl_u=1.1820, cls=0.7013) | val=322.4221 | lr=1.00e-04
2026-07-03 10:32:17,968 |   -> New best val loss: 322.4221 (saved best_model.pt)
2026-07-03 10:32:20,236 |   -> New best val loss: 257.1106 (saved best_model.pt)
2026-07-03 10:32:22,848 |   -> New best val loss: 224.0165 (saved best_model.pt)
2026-07-03 10:32:25,471 |   -> New best val loss: 201.2089 (saved best_model.pt)
2026-07-03 10:32:28,043 |   -> New best val loss: 188.7075 (saved best_model.pt)
2026-07-03 10:32:30,415 |   -> New best val loss: 173.9065 (saved best_model.pt)
2026-07-03 10:32:32,533 |   -> New best val loss: 164.9362 (saved best_model.pt)
2026-07-03 10:32:34,794 |   -> New best val loss: 155.7202 (saved best_model.pt)
2026-07-03 10:32:36,408 |   -> New best val loss: 150.2904 (saved best_model.pt)
2026-07-03 10:32:38,557 | Epoch   10/1000 | kl_g0_w=1.00 kl_u_w=1.00 | train=277.6528 (recon=271.4747, kl_g0=4.7048, kl_u=1.4734, cls=0.6983) | val=147.1448 | lr=1.00e-04
2026-07-03 10:32:38,582 |   -> New best val loss: 147.1448 (saved best_model.pt)
2026-07-03 10:32:41,146 |   -> New best val loss: 137.5841 (saved best_model.pt)
2026-07-03 10:32:43,327 |   -> New best val loss: 133.2844 (saved best_model.pt)
2026-07-03 10:32:45,175 |   -> New best val loss: 129.1128 (saved best_model.pt)
2026-07-03 10:32:47,289 |   -> New best val loss: 122.5933 (saved best_model.pt)
2026-07-03 10:32:48,792 |   -> New best val loss: 118.9245 (saved best_model.pt)
2026-07-03 10:32:51,168 |   -> New best val loss: 115.0702 (saved best_model.pt)
2026-07-03 10:32:53,698 |   -> New best val loss: 111.2113 (saved best_model.pt)
2026-07-03 10:32:55,854 |   -> New best val loss: 107.2915 (saved best_model.pt)
2026-07-03 10:32:58,245 |   -> New best val loss: 105.3376 (saved best_model.pt)
2026-07-03 10:33:00,263 | Epoch   20/1000 | kl_g0_w=1.00 kl_u_w=1.00 | train=169.9550 (recon=162.4205, kl_g0=4.6153, kl_u=2.9191, cls=0.6978) | val=101.9199 | lr=1.00e-04
2026-07-03 10:33:00,293 |   -> New best val loss: 101.9199 (saved best_model.pt)
2026-07-03 10:33:02,084 |   -> New best val loss: 99.7077 (saved best_model.pt)
2026-07-03 10:33:04,030 |   -> New best val loss: 96.9052 (saved best_model.pt)
2026-07-03 10:33:05,886 |   -> New best val loss: 95.2673 (saved best_model.pt)
2026-07-03 10:33:08,445 |   -> New best val loss: 91.9813 (saved best_model.pt)
2026-07-03 10:33:10,810 |   -> New best val loss: 90.7042 (saved best_model.pt)
2026-07-03 10:33:13,345 |   -> New best val loss: 88.0363 (saved best_model.pt)
2026-07-03 10:33:15,012 |   -> New best val loss: 87.1054 (saved best_model.pt)
2026-07-03 10:33:16,686 |   -> New best val loss: 85.2379 (saved best_model.pt)
2026-07-03 10:33:18,272 |   -> New best val loss: 83.5835 (saved best_model.pt)
2026-07-03 10:33:20,416 | Epoch   30/1000 | kl_g0_w=1.00 kl_u_w=1.00 | train=131.8382 (recon=123.2401, kl_g0=4.6495, kl_u=3.9486, cls=0.6951) | val=81.6256 | lr=1.00e-04
2026-07-03 10:33:20,446 |   -> New best val loss: 81.6256 (saved best_model.pt)
2026-07-03 10:33:23,005 |   -> New best val loss: 80.4006 (saved best_model.pt)
2026-07-03 10:33:25,454 |   -> New best val loss: 79.1297 (saved best_model.pt)
2026-07-03 10:33:27,125 |   -> New best val loss: 77.7914 (saved best_model.pt)
2026-07-03 10:33:29,094 |   -> New best val loss: 76.5651 (saved best_model.pt)
2026-07-03 10:33:31,161 |   -> New best val loss: 75.6347 (saved best_model.pt)
2026-07-03 10:33:32,978 |   -> New best val loss: 75.0726 (saved best_model.pt)
2026-07-03 10:33:34,692 |   -> New best val loss: 73.4029 (saved best_model.pt)
2026-07-03 10:33:36,377 |   -> New best val loss: 73.3737 (saved best_model.pt)
2026-07-03 10:33:38,924 |   -> New best val loss: 72.0817 (saved best_model.pt)
2026-07-03 10:33:41,032 | Epoch   40/1000 | kl_g0_w=1.00 kl_u_w=1.00 | train=111.5047 (recon=102.4417, kl_g0=4.7218, kl_u=4.3412, cls=0.6975) | val=70.3168 | lr=1.00e-04
2026-07-03 10:33:41,060 |   -> New best val loss: 70.3168 (saved best_model.pt)
2026-07-03 10:33:43,603 |   -> New best val loss: 70.2272 (saved best_model.pt)
2026-07-03 10:33:45,967 |   -> New best val loss: 69.4062 (saved best_model.pt)
2026-07-03 10:33:47,963 |   -> New best val loss: 68.5707 (saved best_model.pt)
2026-07-03 10:33:50,118 |   -> New best val loss: 67.5710 (saved best_model.pt)
2026-07-03 10:33:52,198 |   -> New best val loss: 66.6435 (saved best_model.pt)
2026-07-03 10:33:54,428 |   -> New best val loss: 66.2030 (saved best_model.pt)
2026-07-03 10:33:56,168 |   -> New best val loss: 65.3869 (saved best_model.pt)
2026-07-03 10:33:58,482 |   -> New best val loss: 64.8016 (saved best_model.pt)
2026-07-03 10:34:00,403 |   -> New best val loss: 64.4645 (saved best_model.pt)
2026-07-03 10:34:01,912 | Epoch   50/1000 | kl_g0_w=1.00 kl_u_w=1.00 | train=95.2512 (recon=86.0297, kl_g0=4.7960, kl_u=4.4255, cls=0.6981) | val=63.7302 | lr=1.00e-04
2026-07-03 10:34:01,928 |   -> New best val loss: 63.7302 (saved best_model.pt)
2026-07-03 10:34:04,312 |   -> New best val loss: 63.4932 (saved best_model.pt)
2026-07-03 10:34:06,903 |   -> New best val loss: 62.1080 (saved best_model.pt)
2026-07-03 10:34:10,949 |   -> New best val loss: 61.3581 (saved best_model.pt)
2026-07-03 10:34:12,847 |   -> New best val loss: 60.2794 (saved best_model.pt)
2026-07-03 10:34:16,846 |   -> New best val loss: 58.9547 (saved best_model.pt)
2026-07-03 10:34:19,877 |   -> New best val loss: 58.7654 (saved best_model.pt)
2026-07-03 10:34:21,621 | Epoch   60/1000 | kl_g0_w=1.00 kl_u_w=1.00 | train=84.4798 (recon=75.2325, kl_g0=4.8841, kl_u=4.3632, cls=0.6955) | val=58.2807 | lr=1.00e-04
2026-07-03 10:34:21,637 |   -> New best val loss: 58.2807 (saved best_model.pt)
2026-07-03 10:34:23,831 |   -> New best val loss: 57.5106 (saved best_model.pt)
2026-07-03 10:34:25,813 |   -> New best val loss: 57.2967 (saved best_model.pt)
2026-07-03 10:34:27,758 |   -> New best val loss: 57.0590 (saved best_model.pt)
2026-07-03 10:34:29,391 |   -> New best val loss: 56.0515 (saved best_model.pt)
2026-07-03 10:34:31,398 |   -> New best val loss: 55.7207 (saved best_model.pt)
2026-07-03 10:34:33,042 |   -> New best val loss: 55.4947 (saved best_model.pt)
2026-07-03 10:34:35,580 |   -> New best val loss: 54.9131 (saved best_model.pt)
2026-07-03 10:34:38,021 |   -> New best val loss: 54.7470 (saved best_model.pt)
2026-07-03 10:34:40,533 |   -> New best val loss: 53.9642 (saved best_model.pt)
2026-07-03 10:34:42,412 | Epoch   70/1000 | kl_g0_w=1.00 kl_u_w=1.00 | train=74.5342 (recon=65.2992, kl_g0=4.9664, kl_u=4.2686, cls=0.6957) | val=53.7374 | lr=1.00e-04
2026-07-03 10:34:42,439 |   -> New best val loss: 53.7374 (saved best_model.pt)
2026-07-03 10:34:44,414 |   -> New best val loss: 53.5105 (saved best_model.pt)
2026-07-03 10:34:48,434 |   -> New best val loss: 52.7783 (saved best_model.pt)
2026-07-03 10:34:50,539 |   -> New best val loss: 52.5908 (saved best_model.pt)
2026-07-03 10:34:52,953 |   -> New best val loss: 52.1607 (saved best_model.pt)
2026-07-03 10:34:54,904 |   -> New best val loss: 51.4768 (saved best_model.pt)
2026-07-03 10:34:59,027 |   -> New best val loss: 50.6848 (saved best_model.pt)
2026-07-03 10:35:03,322 | Epoch   80/1000 | kl_g0_w=1.00 kl_u_w=1.00 | train=68.0752 (recon=58.8010, kl_g0=5.0523, kl_u=4.2218, cls=0.6958) | val=49.8408 | lr=1.00e-04
2026-07-03 10:35:03,338 |   -> New best val loss: 49.8408 (saved best_model.pt)
2026-07-03 10:35:05,647 |   -> New best val loss: 49.7276 (saved best_model.pt)
2026-07-03 10:35:08,203 |   -> New best val loss: 49.5961 (saved best_model.pt)
2026-07-03 10:35:09,714 |   -> New best val loss: 48.8917 (saved best_model.pt)
2026-07-03 10:35:13,489 |   -> New best val loss: 48.8830 (saved best_model.pt)
2026-07-03 10:35:15,109 |   -> New best val loss: 48.5258 (saved best_model.pt)
2026-07-03 10:35:16,683 |   -> New best val loss: 48.2675 (saved best_model.pt)
2026-07-03 10:35:18,212 |   -> New best val loss: 47.7407 (saved best_model.pt)
2026-07-03 10:35:19,794 |   -> New best val loss: 47.6073 (saved best_model.pt)
2026-07-03 10:35:21,761 | Epoch   90/1000 | kl_g0_w=1.00 kl_u_w=1.00 | train=62.3555 (recon=53.1731, kl_g0=5.1460, kl_u=4.0364, cls=0.6955) | val=47.5828 | lr=1.00e-04
2026-07-03 10:35:21,788 |   -> New best val loss: 47.5828 (saved best_model.pt)
2026-07-03 10:35:25,594 |   -> New best val loss: 46.2981 (saved best_model.pt)
2026-07-03 10:35:30,370 |   -> New best val loss: 46.1136 (saved best_model.pt)
2026-07-03 10:35:34,240 |   -> New best val loss: 45.9574 (saved best_model.pt)
2026-07-03 10:35:36,365 |   -> New best val loss: 45.7914 (saved best_model.pt)
2026-07-03 10:35:37,906 |   -> New best val loss: 45.1437 (saved best_model.pt)
2026-07-03 10:35:42,101 | Epoch  100/1000 | kl_g0_w=1.00 kl_u_w=1.00 | train=57.6609 (recon=48.5039, kl_g0=5.2159, kl_u=3.9411, cls=0.6957) | val=45.2117 | lr=1.00e-04
2026-07-03 10:35:44,656 |   -> New best val loss: 44.7129 (saved best_model.pt)
2026-07-03 10:35:47,004 |   -> New best val loss: 44.6933 (saved best_model.pt)
2026-07-03 10:35:48,768 |   -> New best val loss: 44.5362 (saved best_model.pt)
2026-07-03 10:35:50,578 |   -> New best val loss: 43.6927 (saved best_model.pt)
2026-07-03 10:35:53,925 |   -> New best val loss: 43.4081 (saved best_model.pt)
2026-07-03 10:35:55,949 |   -> New best val loss: 43.3427 (saved best_model.pt)
2026-07-03 10:35:58,154 |   -> New best val loss: 43.2618 (saved best_model.pt)
2026-07-03 10:36:00,142 |   -> New best val loss: 42.9633 (saved best_model.pt)
2026-07-03 10:36:02,333 | Epoch  110/1000 | kl_g0_w=1.00 kl_u_w=1.00 | train=53.7204 (recon=44.6159, kl_g0=5.2945, kl_u=3.8100, cls=0.6948) | val=42.6126 | lr=1.00e-04
2026-07-03 10:36:02,355 |   -> New best val loss: 42.6126 (saved best_model.pt)
2026-07-03 10:36:04,031 |   -> New best val loss: 42.1828 (saved best_model.pt)
2026-07-03 10:36:07,504 |   -> New best val loss: 42.0857 (saved best_model.pt)
2026-07-03 10:36:09,945 |   -> New best val loss: 41.9540 (saved best_model.pt)
2026-07-03 10:36:11,921 |   -> New best val loss: 41.7317 (saved best_model.pt)
2026-07-03 10:36:16,112 |   -> New best val loss: 41.5456 (saved best_model.pt)
2026-07-03 10:36:19,723 |   -> New best val loss: 41.1788 (saved best_model.pt)
2026-07-03 10:36:21,758 | Epoch  120/1000 | kl_g0_w=1.00 kl_u_w=1.00 | train=49.8525 (recon=40.6925, kl_g0=5.3534, kl_u=3.8066, cls=0.6949) | val=40.9033 | lr=1.00e-04
2026-07-03 10:36:21,786 |   -> New best val loss: 40.9033 (saved best_model.pt)
2026-07-03 10:36:26,640 |   -> New best val loss: 40.5881 (saved best_model.pt)
2026-07-03 10:36:33,899 |   -> New best val loss: 40.3999 (saved best_model.pt)
2026-07-03 10:36:36,266 |   -> New best val loss: 39.8805 (saved best_model.pt)
2026-07-03 10:36:38,343 |   -> New best val loss: 39.7940 (saved best_model.pt)
2026-07-03 10:36:40,857 |   -> New best val loss: 39.4660 (saved best_model.pt)
2026-07-03 10:36:45,647 | Epoch  130/1000 | kl_g0_w=1.00 kl_u_w=1.00 | train=46.4820 (recon=37.3371, kl_g0=5.4212, kl_u=3.7237, cls=0.6926) | val=39.2887 | lr=1.00e-04
2026-07-03 10:36:45,665 |   -> New best val loss: 39.2887 (saved best_model.pt)
2026-07-03 10:36:47,225 |   -> New best val loss: 38.9791 (saved best_model.pt)
2026-07-03 10:36:51,508 |   -> New best val loss: 38.8057 (saved best_model.pt)
2026-07-03 10:36:53,891 |   -> New best val loss: 38.7542 (saved best_model.pt)
2026-07-03 10:36:56,053 |   -> New best val loss: 38.6847 (saved best_model.pt)
2026-07-03 10:36:58,409 |   -> New best val loss: 38.3716 (saved best_model.pt)
2026-07-03 10:37:01,918 |   -> New best val loss: 38.2046 (saved best_model.pt)
2026-07-03 10:37:04,195 |   -> New best val loss: 37.8552 (saved best_model.pt)
2026-07-03 10:37:05,958 | Epoch  140/1000 | kl_g0_w=1.00 kl_u_w=1.00 | train=44.6015 (recon=35.4636, kl_g0=5.4849, kl_u=3.6529, cls=0.6957) | val=37.8879 | lr=1.00e-04
2026-07-03 10:37:08,081 |   -> New best val loss: 37.7499 (saved best_model.pt)
2026-07-03 10:37:09,646 |   -> New best val loss: 37.2905 (saved best_model.pt)
2026-07-03 10:37:13,287 |   -> New best val loss: 37.1332 (saved best_model.pt)
2026-07-03 10:37:18,331 |   -> New best val loss: 36.9801 (saved best_model.pt)
2026-07-03 10:37:20,549 |   -> New best val loss: 36.6956 (saved best_model.pt)
2026-07-03 10:37:24,406 |   -> New best val loss: 36.3411 (saved best_model.pt)
2026-07-03 10:37:26,766 | Epoch  150/1000 | kl_g0_w=1.00 kl_u_w=1.00 | train=41.6834 (recon=32.5266, kl_g0=5.5389, kl_u=3.6180, cls=0.6942) | val=36.2912 | lr=1.00e-04
2026-07-03 10:37:26,796 |   -> New best val loss: 36.2912 (saved best_model.pt)
2026-07-03 10:37:29,815 |   -> New best val loss: 36.1016 (saved best_model.pt)
2026-07-03 10:37:31,798 |   -> New best val loss: 35.8213 (saved best_model.pt)
2026-07-03 10:37:38,163 |   -> New best val loss: 35.5117 (saved best_model.pt)
2026-07-03 10:37:41,539 |   -> New best val loss: 35.3744 (saved best_model.pt)
2026-07-03 10:37:43,440 |   -> New best val loss: 35.3550 (saved best_model.pt)
2026-07-03 10:37:45,483 | Epoch  160/1000 | kl_g0_w=1.00 kl_u_w=1.00 | train=39.8900 (recon=30.7226, kl_g0=5.5840, kl_u=3.5834, cls=0.6956) | val=35.0895 | lr=1.00e-04
2026-07-03 10:37:45,499 |   -> New best val loss: 35.0895 (saved best_model.pt)
2026-07-03 10:37:47,326 |   -> New best val loss: 35.0872 (saved best_model.pt)
2026-07-03 10:37:48,915 |   -> New best val loss: 35.0678 (saved best_model.pt)
2026-07-03 10:37:51,153 |   -> New best val loss: 34.9389 (saved best_model.pt)
2026-07-03 10:37:53,191 |   -> New best val loss: 34.4765 (saved best_model.pt)
2026-07-03 10:37:57,382 |   -> New best val loss: 34.4280 (saved best_model.pt)
2026-07-03 10:37:59,443 |   -> New best val loss: 34.3645 (saved best_model.pt)
2026-07-03 10:38:00,997 |   -> New best val loss: 34.2901 (saved best_model.pt)
2026-07-03 10:38:03,173 |   -> New best val loss: 34.1223 (saved best_model.pt)
2026-07-03 10:38:05,054 | Epoch  170/1000 | kl_g0_w=1.00 kl_u_w=1.00 | train=37.9650 (recon=28.7568, kl_g0=5.6215, kl_u=3.5866, cls=0.6947) | val=34.2819 | lr=1.00e-04
2026-07-03 10:38:07,382 |   -> New best val loss: 33.9568 (saved best_model.pt)
2026-07-03 10:38:09,573 |   -> New best val loss: 33.7673 (saved best_model.pt)
2026-07-03 10:38:11,911 |   -> New best val loss: 33.5919 (saved best_model.pt)
2026-07-03 10:38:15,595 |   -> New best val loss: 33.3003 (saved best_model.pt)
2026-07-03 10:38:19,675 |   -> New best val loss: 33.2619 (saved best_model.pt)
2026-07-03 10:38:22,241 |   -> New best val loss: 33.1527 (saved best_model.pt)
2026-07-03 10:38:24,776 |   -> New best val loss: 32.9661 (saved best_model.pt)
2026-07-03 10:38:26,845 | Epoch  180/1000 | kl_g0_w=1.00 kl_u_w=1.00 | train=36.3311 (recon=27.1454, kl_g0=5.6510, kl_u=3.5347, cls=0.6962) | val=33.0883 | lr=1.00e-04
2026-07-03 10:38:28,857 |   -> New best val loss: 32.9221 (saved best_model.pt)
2026-07-03 10:38:30,605 |   -> New best val loss: 32.4632 (saved best_model.pt)
2026-07-03 10:38:35,557 |   -> New best val loss: 32.4396 (saved best_model.pt)
2026-07-03 10:38:37,710 |   -> New best val loss: 32.2415 (saved best_model.pt)
2026-07-03 10:38:40,019 |   -> New best val loss: 32.1351 (saved best_model.pt)
2026-07-03 10:38:43,560 |   -> New best val loss: 32.0512 (saved best_model.pt)
2026-07-03 10:38:45,817 |   -> New best val loss: 31.8386 (saved best_model.pt)
2026-07-03 10:38:47,389 | Epoch  190/1000 | kl_g0_w=1.00 kl_u_w=1.00 | train=34.5166 (recon=25.3407, kl_g0=5.6674, kl_u=3.5085, cls=0.6952) | val=31.7736 | lr=1.00e-04
2026-07-03 10:38:47,406 |   -> New best val loss: 31.7736 (saved best_model.pt)
2026-07-03 10:38:51,080 |   -> New best val loss: 31.5157 (saved best_model.pt)
2026-07-03 10:38:54,675 |   -> New best val loss: 31.4254 (saved best_model.pt)
2026-07-03 10:38:56,472 |   -> New best val loss: 31.3779 (saved best_model.pt)
2026-07-03 10:38:58,548 |   -> New best val loss: 31.1281 (saved best_model.pt)
2026-07-03 10:39:00,832 |   -> New best val loss: 31.0678 (saved best_model.pt)
2026-07-03 10:39:05,931 |   -> New best val loss: 30.8845 (saved best_model.pt)
2026-07-03 10:39:08,444 | Epoch  200/1000 | kl_g0_w=1.00 kl_u_w=1.00 | train=33.1964 (recon=24.0274, kl_g0=5.6793, kl_u=3.4896, cls=0.6940) | val=30.7952 | lr=1.00e-04
2026-07-03 10:39:08,475 |   -> New best val loss: 30.7952 (saved best_model.pt)
2026-07-03 10:39:10,521 |   -> New best val loss: 30.6900 (saved best_model.pt)
2026-07-03 10:39:12,199 |   -> New best val loss: 30.4665 (saved best_model.pt)
2026-07-03 10:39:17,009 |   -> New best val loss: 30.3128 (saved best_model.pt)
2026-07-03 10:39:18,928 |   -> New best val loss: 30.1785 (saved best_model.pt)
2026-07-03 10:39:21,212 |   -> New best val loss: 30.1548 (saved best_model.pt)
2026-07-03 10:39:23,505 |   -> New best val loss: 30.0597 (saved best_model.pt)
2026-07-03 10:39:25,637 |   -> New best val loss: 29.9841 (saved best_model.pt)
2026-07-03 10:39:27,919 | Epoch  210/1000 | kl_g0_w=1.00 kl_u_w=1.00 | train=31.6628 (recon=22.5094, kl_g0=5.6787, kl_u=3.4748, cls=0.6935) | val=29.9039 | lr=1.00e-04
2026-07-03 10:39:27,941 |   -> New best val loss: 29.9039 (saved best_model.pt)
2026-07-03 10:39:32,003 |   -> New best val loss: 29.5397 (saved best_model.pt)
2026-07-03 10:39:35,781 |   -> New best val loss: 29.5127 (saved best_model.pt)
2026-07-03 10:39:37,887 |   -> New best val loss: 29.3347 (saved best_model.pt)
2026-07-03 10:39:40,246 |   -> New best val loss: 29.3049 (saved best_model.pt)
2026-07-03 10:39:42,699 |   -> New best val loss: 29.1991 (saved best_model.pt)
2026-07-03 10:39:47,456 |   -> New best val loss: 28.9858 (saved best_model.pt)
2026-07-03 10:39:49,307 | Epoch  220/1000 | kl_g0_w=1.00 kl_u_w=1.00 | train=30.5649 (recon=21.4381, kl_g0=5.6779, kl_u=3.4489, cls=0.6979) | val=28.8707 | lr=1.00e-04
2026-07-03 10:39:49,324 |   -> New best val loss: 28.8707 (saved best_model.pt)
2026-07-03 10:39:52,644 |   -> New best val loss: 28.7646 (saved best_model.pt)
2026-07-03 10:39:54,429 |   -> New best val loss: 28.5454 (saved best_model.pt)
2026-07-03 10:39:59,617 |   -> New best val loss: 28.4177 (saved best_model.pt)
2026-07-03 10:40:01,197 |   -> New best val loss: 28.3446 (saved best_model.pt)
2026-07-03 10:40:04,846 |   -> New best val loss: 28.2108 (saved best_model.pt)
2026-07-03 10:40:06,589 |   -> New best val loss: 28.2011 (saved best_model.pt)
2026-07-03 10:40:08,189 | Epoch  230/1000 | kl_g0_w=1.00 kl_u_w=1.00 | train=29.4246 (recon=20.3343, kl_g0=5.6625, kl_u=3.4278, cls=0.6966) | val=28.0418 | lr=1.00e-04
2026-07-03 10:40:08,208 |   -> New best val loss: 28.0418 (saved best_model.pt)
2026-07-03 10:40:13,354 |   -> New best val loss: 28.0329 (saved best_model.pt)
2026-07-03 10:40:15,655 |   -> New best val loss: 27.7628 (saved best_model.pt)
2026-07-03 10:40:19,660 |   -> New best val loss: 27.6248 (saved best_model.pt)
2026-07-03 10:40:22,132 |   -> New best val loss: 27.5021 (saved best_model.pt)
2026-07-03 10:40:24,727 |   -> New best val loss: 27.4654 (saved best_model.pt)
2026-07-03 10:40:26,329 |   -> New best val loss: 27.2389 (saved best_model.pt)
2026-07-03 10:40:30,293 | Epoch  240/1000 | kl_g0_w=1.00 kl_u_w=1.00 | train=28.4567 (recon=19.4097, kl_g0=5.6280, kl_u=3.4190, cls=0.6969) | val=27.1347 | lr=1.00e-04
2026-07-03 10:40:30,320 |   -> New best val loss: 27.1347 (saved best_model.pt)
2026-07-03 10:40:31,830 |   -> New best val loss: 27.0465 (saved best_model.pt)
2026-07-03 10:40:36,190 |   -> New best val loss: 27.0011 (saved best_model.pt)
2026-07-03 10:40:37,948 |   -> New best val loss: 26.8020 (saved best_model.pt)
2026-07-03 10:40:42,049 |   -> New best val loss: 26.7116 (saved best_model.pt)
2026-07-03 10:40:43,673 |   -> New best val loss: 26.6745 (saved best_model.pt)
2026-07-03 10:40:47,043 |   -> New best val loss: 26.5167 (saved best_model.pt)
2026-07-03 10:40:49,397 | Epoch  250/1000 | kl_g0_w=1.00 kl_u_w=1.00 | train=27.1578 (recon=18.2012, kl_g0=5.5811, kl_u=3.3755, cls=0.6965) | val=26.3021 | lr=1.00e-04
2026-07-03 10:40:49,426 |   -> New best val loss: 26.3021 (saved best_model.pt)
2026-07-03 10:40:59,410 |   -> New best val loss: 25.9882 (saved best_model.pt)
2026-07-03 10:41:04,119 |   -> New best val loss: 25.8550 (saved best_model.pt)
2026-07-03 10:41:07,547 |   -> New best val loss: 25.8115 (saved best_model.pt)
2026-07-03 10:41:11,074 | Epoch  260/1000 | kl_g0_w=1.00 kl_u_w=1.00 | train=26.5386 (recon=17.6283, kl_g0=5.5214, kl_u=3.3889, cls=0.6975) | val=25.4576 | lr=1.00e-04
2026-07-03 10:41:11,099 |   -> New best val loss: 25.4576 (saved best_model.pt)
2026-07-03 10:41:18,206 |   -> New best val loss: 25.3054 (saved best_model.pt)
2026-07-03 10:41:20,546 |   -> New best val loss: 25.2943 (saved best_model.pt)
2026-07-03 10:41:25,555 |   -> New best val loss: 25.1715 (saved best_model.pt)
2026-07-03 10:41:27,443 |   -> New best val loss: 25.1032 (saved best_model.pt)
2026-07-03 10:41:28,987 |   -> New best val loss: 25.0417 (saved best_model.pt)
2026-07-03 10:41:31,136 |   -> New best val loss: 24.8921 (saved best_model.pt)
2026-07-03 10:41:33,265 | Epoch  270/1000 | kl_g0_w=1.00 kl_u_w=1.00 | train=25.5912 (recon=16.7646, kl_g0=5.4555, kl_u=3.3712, cls=0.6987) | val=24.9723 | lr=1.00e-04
2026-07-03 10:41:35,515 |   -> New best val loss: 24.7144 (saved best_model.pt)
2026-07-03 10:41:41,447 |   -> New best val loss: 24.4707 (saved best_model.pt)
2026-07-03 10:41:43,952 |   -> New best val loss: 24.4263 (saved best_model.pt)
2026-07-03 10:41:48,217 |   -> New best val loss: 24.2050 (saved best_model.pt)
2026-07-03 10:41:55,154 | Epoch  280/1000 | kl_g0_w=1.00 kl_u_w=1.00 | train=24.7551 (recon=16.0154, kl_g0=5.3808, kl_u=3.3589, cls=0.6989) | val=24.3169 | lr=1.00e-04
2026-07-03 10:41:57,647 |   -> New best val loss: 24.0772 (saved best_model.pt)
2026-07-03 10:41:59,673 |   -> New best val loss: 23.8963 (saved best_model.pt)
2026-07-03 10:42:03,804 |   -> New best val loss: 23.8091 (saved best_model.pt)
2026-07-03 10:42:06,377 |   -> New best val loss: 23.7649 (saved best_model.pt)
2026-07-03 10:42:08,647 |   -> New best val loss: 23.7291 (saved best_model.pt)
2026-07-03 10:42:12,010 |   -> New best val loss: 23.5552 (saved best_model.pt)
2026-07-03 10:42:13,809 |   -> New best val loss: 23.5041 (saved best_model.pt)
2026-07-03 10:42:16,211 | Epoch  290/1000 | kl_g0_w=1.00 kl_u_w=1.00 | train=24.0863 (recon=15.4614, kl_g0=5.3013, kl_u=3.3235, cls=0.6977) | val=23.4644 | lr=1.00e-04
2026-07-03 10:42:16,237 |   -> New best val loss: 23.4644 (saved best_model.pt)
2026-07-03 10:42:18,367 |   -> New best val loss: 23.2736 (saved best_model.pt)
2026-07-03 10:42:22,272 |   -> New best val loss: 23.2071 (saved best_model.pt)
2026-07-03 10:42:23,895 |   -> New best val loss: 23.1163 (saved best_model.pt)
2026-07-03 10:42:28,374 |   -> New best val loss: 23.1096 (saved best_model.pt)
2026-07-03 10:42:30,062 |   -> New best val loss: 22.8121 (saved best_model.pt)
2026-07-03 10:42:37,375 | Epoch  300/1000 | kl_g0_w=1.00 kl_u_w=1.00 | train=23.2535 (recon=14.7307, kl_g0=5.1973, kl_u=3.3254, cls=0.6996) | val=22.9969 | lr=1.00e-04
2026-07-03 10:42:39,912 |   -> New best val loss: 22.6168 (saved best_model.pt)
2026-07-03 10:42:42,103 |   -> New best val loss: 22.6039 (saved best_model.pt)
2026-07-03 10:42:45,813 |   -> New best val loss: 22.4829 (saved best_model.pt)
2026-07-03 10:42:48,169 |   -> New best val loss: 22.3916 (saved best_model.pt)
2026-07-03 10:42:50,190 |   -> New best val loss: 22.3140 (saved best_model.pt)
2026-07-03 10:42:52,233 |   -> New best val loss: 22.3136 (saved best_model.pt)
2026-07-03 10:42:54,063 |   -> New best val loss: 22.2342 (saved best_model.pt)
2026-07-03 10:42:55,849 |   -> New best val loss: 22.2289 (saved best_model.pt)
2026-07-03 10:42:57,590 | Epoch  310/1000 | kl_g0_w=1.00 kl_u_w=1.00 | train=22.4506 (recon=14.0515, kl_g0=5.1036, kl_u=3.2955, cls=0.6998) | val=22.1800 | lr=1.00e-04
2026-07-03 10:42:57,619 |   -> New best val loss: 22.1800 (saved best_model.pt)
2026-07-03 10:42:59,444 |   -> New best val loss: 21.9646 (saved best_model.pt)
2026-07-03 10:43:01,422 |   -> New best val loss: 21.8840 (saved best_model.pt)
2026-07-03 10:43:06,404 |   -> New best val loss: 21.6650 (saved best_model.pt)
2026-07-03 10:43:11,644 |   -> New best val loss: 21.4420 (saved best_model.pt)
2026-07-03 10:43:15,011 | Epoch  320/1000 | kl_g0_w=1.00 kl_u_w=1.00 | train=21.7510 (recon=13.4507, kl_g0=5.0101, kl_u=3.2902, cls=0.6999) | val=21.5674 | lr=1.00e-04
2026-07-03 10:43:16,828 |   -> New best val loss: 21.3560 (saved best_model.pt)
2026-07-03 10:43:18,791 |   -> New best val loss: 21.2991 (saved best_model.pt)
2026-07-03 10:43:20,475 |   -> New best val loss: 21.2687 (saved best_model.pt)
2026-07-03 10:43:21,983 |   -> New best val loss: 21.2322 (saved best_model.pt)
2026-07-03 10:43:24,120 |   -> New best val loss: 21.2306 (saved best_model.pt)
2026-07-03 10:43:26,248 |   -> New best val loss: 21.0582 (saved best_model.pt)
2026-07-03 10:43:28,305 |   -> New best val loss: 21.0456 (saved best_model.pt)
2026-07-03 10:43:30,857 |   -> New best val loss: 21.0044 (saved best_model.pt)
2026-07-03 10:43:32,605 |   -> New best val loss: 20.9368 (saved best_model.pt)
2026-07-03 10:43:34,896 | Epoch  330/1000 | kl_g0_w=1.00 kl_u_w=1.00 | train=21.2006 (recon=13.0234, kl_g0=4.8979, kl_u=3.2793, cls=0.7012) | val=20.8402 | lr=1.00e-04
2026-07-03 10:43:34,923 |   -> New best val loss: 20.8402 (saved best_model.pt)
2026-07-03 10:43:36,527 |   -> New best val loss: 20.8304 (saved best_model.pt)
2026-07-03 10:43:38,757 |   -> New best val loss: 20.6939 (saved best_model.pt)
2026-07-03 10:43:40,576 |   -> New best val loss: 20.6420 (saved best_model.pt)
2026-07-03 10:43:46,885 |   -> New best val loss: 20.5381 (saved best_model.pt)
2026-07-03 10:43:49,429 |   -> New best val loss: 20.4726 (saved best_model.pt)
2026-07-03 10:43:52,891 |   -> New best val loss: 20.3702 (saved best_model.pt)
2026-07-03 10:43:54,414 | Epoch  340/1000 | kl_g0_w=1.00 kl_u_w=1.00 | train=20.6374 (recon=12.6121, kl_g0=4.7933, kl_u=3.2320, cls=0.7020) | val=20.3139 | lr=1.00e-04
2026-07-03 10:43:54,434 |   -> New best val loss: 20.3139 (saved best_model.pt)
2026-07-03 10:43:56,049 |   -> New best val loss: 20.2081 (saved best_model.pt)
2026-07-03 10:43:58,407 |   -> New best val loss: 20.1694 (saved best_model.pt)
2026-07-03 10:44:00,077 |   -> New best val loss: 20.1317 (saved best_model.pt)
2026-07-03 10:44:01,888 |   -> New best val loss: 20.0710 (saved best_model.pt)
2026-07-03 10:44:06,183 |   -> New best val loss: 19.9725 (saved best_model.pt)
2026-07-03 10:44:08,558 |   -> New best val loss: 19.9705 (saved best_model.pt)
2026-07-03 10:44:10,550 |   -> New best val loss: 19.8626 (saved best_model.pt)
2026-07-03 10:44:12,856 |   -> New best val loss: 19.6999 (saved best_model.pt)
2026-07-03 10:44:14,737 | Epoch  350/1000 | kl_g0_w=1.00 kl_u_w=1.00 | train=20.0992 (recon=12.2034, kl_g0=4.6889, kl_u=3.2069, cls=0.7023) | val=19.7638 | lr=1.00e-04
2026-07-03 10:44:16,866 |   -> New best val loss: 19.6894 (saved best_model.pt)
2026-07-03 10:44:18,675 |   -> New best val loss: 19.6500 (saved best_model.pt)
2026-07-03 10:44:22,078 |   -> New best val loss: 19.5231 (saved best_model.pt)
2026-07-03 10:44:23,608 |   -> New best val loss: 19.4125 (saved best_model.pt)
2026-07-03 10:44:28,340 |   -> New best val loss: 19.2805 (saved best_model.pt)
2026-07-03 10:44:33,412 |   -> New best val loss: 19.2339 (saved best_model.pt)
2026-07-03 10:44:35,942 | Epoch  360/1000 | kl_g0_w=1.00 kl_u_w=1.00 | train=19.5706 (recon=11.8036, kl_g0=4.5577, kl_u=3.2093, cls=0.7009) | val=19.2141 | lr=1.00e-04
2026-07-03 10:44:35,969 |   -> New best val loss: 19.2141 (saved best_model.pt)
2026-07-03 10:44:38,217 |   -> New best val loss: 19.1350 (saved best_model.pt)
2026-07-03 10:44:39,880 |   -> New best val loss: 19.1245 (saved best_model.pt)
2026-07-03 10:44:41,745 |   -> New best val loss: 19.0105 (saved best_model.pt)
2026-07-03 10:44:46,081 |   -> New best val loss: 18.8960 (saved best_model.pt)
2026-07-03 10:44:47,795 |   -> New best val loss: 18.8522 (saved best_model.pt)
2026-07-03 10:44:52,114 |   -> New best val loss: 18.7625 (saved best_model.pt)
2026-07-03 10:44:55,927 | Epoch  370/1000 | kl_g0_w=1.00 kl_u_w=1.00 | train=19.0097 (recon=11.4402, kl_g0=4.3901, kl_u=3.1794, cls=0.7020) | val=18.6892 | lr=1.00e-04
2026-07-03 10:44:55,956 |   -> New best val loss: 18.6892 (saved best_model.pt)
2026-07-03 10:44:58,505 |   -> New best val loss: 18.6092 (saved best_model.pt)
2026-07-03 10:45:00,291 |   -> New best val loss: 18.5886 (saved best_model.pt)
2026-07-03 10:45:01,838 |   -> New best val loss: 18.5597 (saved best_model.pt)
2026-07-03 10:45:04,006 |   -> New best val loss: 18.4295 (saved best_model.pt)
2026-07-03 10:45:05,558 |   -> New best val loss: 18.4262 (saved best_model.pt)
2026-07-03 10:45:07,337 |   -> New best val loss: 18.3895 (saved best_model.pt)
2026-07-03 10:45:09,571 |   -> New best val loss: 18.3409 (saved best_model.pt)
2026-07-03 10:45:11,353 |   -> New best val loss: 18.2326 (saved best_model.pt)
2026-07-03 10:45:15,846 | Epoch  380/1000 | kl_g0_w=1.00 kl_u_w=1.00 | train=18.4826 (recon=11.0739, kl_g0=4.2440, kl_u=3.1647, cls=0.7025) | val=18.2172 | lr=1.00e-04
2026-07-03 10:45:15,873 |   -> New best val loss: 18.2172 (saved best_model.pt)
2026-07-03 10:45:17,552 |   -> New best val loss: 18.1186 (saved best_model.pt)
2026-07-03 10:45:19,427 |   -> New best val loss: 18.0760 (saved best_model.pt)
2026-07-03 10:45:21,804 |   -> New best val loss: 17.9848 (saved best_model.pt)
2026-07-03 10:45:28,930 |   -> New best val loss: 17.9695 (saved best_model.pt)
2026-07-03 10:45:30,609 |   -> New best val loss: 17.8255 (saved best_model.pt)
2026-07-03 10:45:33,815 |   -> New best val loss: 17.7372 (saved best_model.pt)
2026-07-03 10:45:35,728 | Epoch  390/1000 | kl_g0_w=1.00 kl_u_w=1.00 | train=18.1147 (recon=10.8599, kl_g0=4.0986, kl_u=3.1562, cls=0.7036) | val=17.7726 | lr=1.00e-04
2026-07-03 10:45:38,288 |   -> New best val loss: 17.6472 (saved best_model.pt)
2026-07-03 10:45:41,581 |   -> New best val loss: 17.6148 (saved best_model.pt)
2026-07-03 10:45:43,523 |   -> New best val loss: 17.5820 (saved best_model.pt)
2026-07-03 10:45:45,567 |   -> New best val loss: 17.4892 (saved best_model.pt)
2026-07-03 10:45:49,936 |   -> New best val loss: 17.3806 (saved best_model.pt)
2026-07-03 10:45:51,673 |   -> New best val loss: 17.3527 (saved best_model.pt)
2026-07-03 10:45:53,896 |   -> New best val loss: 17.3130 (saved best_model.pt)
2026-07-03 10:45:56,065 | Epoch  400/1000 | kl_g0_w=1.00 kl_u_w=1.00 | train=17.5500 (recon=10.4978, kl_g0=3.9274, kl_u=3.1248, cls=0.7033) | val=17.2599 | lr=1.00e-04
2026-07-03 10:45:56,093 |   -> New best val loss: 17.2599 (saved best_model.pt)
2026-07-03 10:45:58,248 |   -> New best val loss: 17.2391 (saved best_model.pt)
2026-07-03 10:45:59,884 |   -> New best val loss: 17.2146 (saved best_model.pt)
2026-07-03 10:46:02,071 |   -> New best val loss: 17.1281 (saved best_model.pt)
2026-07-03 10:46:03,620 |   -> New best val loss: 17.0177 (saved best_model.pt)
2026-07-03 10:46:05,457 |   -> New best val loss: 16.9745 (saved best_model.pt)
2026-07-03 10:46:07,401 |   -> New best val loss: 16.9111 (saved best_model.pt)
2026-07-03 10:46:08,991 |   -> New best val loss: 16.8665 (saved best_model.pt)
2026-07-03 10:46:13,197 |   -> New best val loss: 16.8179 (saved best_model.pt)
2026-07-03 10:46:14,858 | Epoch  410/1000 | kl_g0_w=1.00 kl_u_w=1.00 | train=17.1239 (recon=10.2632, kl_g0=3.7496, kl_u=3.1110, cls=0.7049) | val=16.8219 | lr=1.00e-04
2026-07-03 10:46:16,736 |   -> New best val loss: 16.6966 (saved best_model.pt)
2026-07-03 10:46:23,630 |   -> New best val loss: 16.6510 (saved best_model.pt)
2026-07-03 10:46:26,266 |   -> New best val loss: 16.5904 (saved best_model.pt)
2026-07-03 10:46:28,723 |   -> New best val loss: 16.5162 (saved best_model.pt)
2026-07-03 10:46:30,955 |   -> New best val loss: 16.4655 (saved best_model.pt)
2026-07-03 10:46:33,196 |   -> New best val loss: 16.4163 (saved best_model.pt)
2026-07-03 10:46:35,753 |   -> New best val loss: 16.3740 (saved best_model.pt)
2026-07-03 10:46:38,062 | Epoch  420/1000 | kl_g0_w=1.00 kl_u_w=1.00 | train=16.6349 (recon=9.9864, kl_g0=3.5624, kl_u=3.0861, cls=0.7044) | val=16.3265 | lr=1.00e-04
2026-07-03 10:46:38,092 |   -> New best val loss: 16.3265 (saved best_model.pt)
2026-07-03 10:46:40,498 |   -> New best val loss: 16.3206 (saved best_model.pt)
2026-07-03 10:46:42,705 |   -> New best val loss: 16.2729 (saved best_model.pt)
2026-07-03 10:46:45,267 |   -> New best val loss: 16.2351 (saved best_model.pt)
2026-07-03 10:46:47,840 |   -> New best val loss: 16.1242 (saved best_model.pt)
2026-07-03 10:46:49,799 |   -> New best val loss: 16.0435 (saved best_model.pt)
2026-07-03 10:46:53,725 |   -> New best val loss: 15.9668 (saved best_model.pt)
2026-07-03 10:46:56,331 |   -> New best val loss: 15.9399 (saved best_model.pt)
2026-07-03 10:46:58,143 |   -> New best val loss: 15.9018 (saved best_model.pt)
2026-07-03 10:46:59,874 | Epoch  430/1000 | kl_g0_w=1.00 kl_u_w=1.00 | train=16.1611 (recon=9.7671, kl_g0=3.3216, kl_u=3.0724, cls=0.7055) | val=15.8866 | lr=1.00e-04
2026-07-03 10:46:59,904 |   -> New best val loss: 15.8866 (saved best_model.pt)
2026-07-03 10:47:02,065 |   -> New best val loss: 15.7973 (saved best_model.pt)
2026-07-03 10:47:04,485 |   -> New best val loss: 15.7461 (saved best_model.pt)
2026-07-03 10:47:06,257 |   -> New best val loss: 15.7299 (saved best_model.pt)
2026-07-03 10:47:10,458 |   -> New best val loss: 15.6484 (saved best_model.pt)
2026-07-03 10:47:12,194 |   -> New best val loss: 15.5765 (saved best_model.pt)
2026-07-03 10:47:13,888 |   -> New best val loss: 15.5556 (saved best_model.pt)
2026-07-03 10:47:15,684 |   -> New best val loss: 15.4733 (saved best_model.pt)
2026-07-03 10:47:18,051 |   -> New best val loss: 15.4510 (saved best_model.pt)
2026-07-03 10:47:20,467 | Epoch  440/1000 | kl_g0_w=1.00 kl_u_w=1.00 | train=15.7088 (recon=9.5674, kl_g0=3.0886, kl_u=3.0528, cls=0.7056) | val=15.3893 | lr=1.00e-04
2026-07-03 10:47:20,496 |   -> New best val loss: 15.3893 (saved best_model.pt)
2026-07-03 10:47:22,530 |   -> New best val loss: 15.3765 (saved best_model.pt)
2026-07-03 10:47:26,911 |   -> New best val loss: 15.3344 (saved best_model.pt)
2026-07-03 10:47:28,603 |   -> New best val loss: 15.2366 (saved best_model.pt)
2026-07-03 10:47:31,155 |   -> New best val loss: 15.2008 (saved best_model.pt)
2026-07-03 10:47:33,748 |   -> New best val loss: 15.1026 (saved best_model.pt)
2026-07-03 10:47:37,539 |   -> New best val loss: 15.0502 (saved best_model.pt)
2026-07-03 10:47:39,773 |   -> New best val loss: 15.0189 (saved best_model.pt)
2026-07-03 10:47:41,994 | Epoch  450/1000 | kl_g0_w=1.00 kl_u_w=1.00 | train=15.2657 (recon=9.3452, kl_g0=2.9040, kl_u=3.0165, cls=0.7076) | val=14.9798 | lr=1.00e-04
2026-07-03 10:47:42,022 |   -> New best val loss: 14.9798 (saved best_model.pt)
2026-07-03 10:47:44,245 |   -> New best val loss: 14.9537 (saved best_model.pt)
2026-07-03 10:47:46,688 |   -> New best val loss: 14.9072 (saved best_model.pt)
2026-07-03 10:47:48,851 |   -> New best val loss: 14.8754 (saved best_model.pt)
2026-07-03 10:47:50,944 |   -> New best val loss: 14.8266 (saved best_model.pt)
2026-07-03 10:47:53,405 |   -> New best val loss: 14.7826 (saved best_model.pt)
2026-07-03 10:47:55,267 |   -> New best val loss: 14.7050 (saved best_model.pt)
2026-07-03 10:47:56,844 |   -> New best val loss: 14.6575 (saved best_model.pt)
2026-07-03 10:47:59,322 |   -> New best val loss: 14.6313 (saved best_model.pt)
2026-07-03 10:48:01,255 |   -> New best val loss: 14.5584 (saved best_model.pt)
2026-07-03 10:48:03,467 | Epoch  460/1000 | kl_g0_w=1.00 kl_u_w=1.00 | train=14.7954 (recon=9.1764, kl_g0=2.6266, kl_u=2.9923, cls=0.7073) | val=14.4986 | lr=1.00e-04
2026-07-03 10:48:03,497 |   -> New best val loss: 14.4986 (saved best_model.pt)
2026-07-03 10:48:06,063 |   -> New best val loss: 14.4942 (saved best_model.pt)
2026-07-03 10:48:08,495 |   -> New best val loss: 14.4847 (saved best_model.pt)
2026-07-03 10:48:10,703 |   -> New best val loss: 14.3977 (saved best_model.pt)
2026-07-03 10:48:12,756 |   -> New best val loss: 14.3506 (saved best_model.pt)
2026-07-03 10:48:14,266 |   -> New best val loss: 14.2244 (saved best_model.pt)
2026-07-03 10:48:16,227 |   -> New best val loss: 14.2007 (saved best_model.pt)
2026-07-03 10:48:23,533 |   -> New best val loss: 14.1154 (saved best_model.pt)
2026-07-03 10:48:25,632 | Epoch  470/1000 | kl_g0_w=1.00 kl_u_w=1.00 | train=14.3214 (recon=8.9742, kl_g0=2.3691, kl_u=2.9780, cls=0.7087) | val=14.0420 | lr=1.00e-04
2026-07-03 10:48:25,660 |   -> New best val loss: 14.0420 (saved best_model.pt)
2026-07-03 10:48:27,780 |   -> New best val loss: 14.0035 (saved best_model.pt)
2026-07-03 10:48:31,475 |   -> New best val loss: 14.0019 (saved best_model.pt)
2026-07-03 10:48:34,079 |   -> New best val loss: 13.9141 (saved best_model.pt)
2026-07-03 10:48:36,460 |   -> New best val loss: 13.8457 (saved best_model.pt)
2026-07-03 10:48:38,231 |   -> New best val loss: 13.7867 (saved best_model.pt)
2026-07-03 10:48:41,960 |   -> New best val loss: 13.7644 (saved best_model.pt)
2026-07-03 10:48:44,359 |   -> New best val loss: 13.7039 (saved best_model.pt)
2026-07-03 10:48:46,254 | Epoch  480/1000 | kl_g0_w=1.00 kl_u_w=1.00 | train=13.9204 (recon=8.8382, kl_g0=2.1271, kl_u=2.9551, cls=0.7107) | val=13.6175 | lr=1.00e-04
2026-07-03 10:48:46,281 |   -> New best val loss: 13.6175 (saved best_model.pt)
2026-07-03 10:48:48,911 |   -> New best val loss: 13.5876 (saved best_model.pt)
2026-07-03 10:48:51,019 |   -> New best val loss: 13.5230 (saved best_model.pt)
2026-07-03 10:48:52,895 |   -> New best val loss: 13.5002 (saved best_model.pt)
2026-07-03 10:48:55,316 |   -> New best val loss: 13.4630 (saved best_model.pt)
2026-07-03 10:48:57,870 |   -> New best val loss: 13.4085 (saved best_model.pt)
2026-07-03 10:48:59,721 |   -> New best val loss: 13.3649 (saved best_model.pt)
2026-07-03 10:49:01,962 |   -> New best val loss: 13.2900 (saved best_model.pt)
2026-07-03 10:49:04,211 |   -> New best val loss: 13.2513 (saved best_model.pt)
2026-07-03 10:49:07,850 | Epoch  490/1000 | kl_g0_w=1.00 kl_u_w=1.00 | train=13.4902 (recon=8.6653, kl_g0=1.8919, kl_u=2.9329, cls=0.7127) | val=13.2154 | lr=1.00e-04
2026-07-03 10:49:07,881 |   -> New best val loss: 13.2154 (saved best_model.pt)
2026-07-03 10:49:09,961 |   -> New best val loss: 13.1211 (saved best_model.pt)
2026-07-03 10:49:12,207 |   -> New best val loss: 13.0869 (saved best_model.pt)
2026-07-03 10:49:15,745 |   -> New best val loss: 13.0425 (saved best_model.pt)
2026-07-03 10:49:17,403 |   -> New best val loss: 12.9842 (saved best_model.pt)
2026-07-03 10:49:18,963 |   -> New best val loss: 12.9029 (saved best_model.pt)
2026-07-03 10:49:20,876 |   -> New best val loss: 12.8065 (saved best_model.pt)
2026-07-03 10:49:22,867 |   -> New best val loss: 12.7960 (saved best_model.pt)
2026-07-03 10:49:26,495 | Epoch  500/1000 | kl_g0_w=1.00 kl_u_w=1.00 | train=13.0014 (recon=8.4532, kl_g0=1.6338, kl_u=2.9145, cls=0.7138) | val=12.7934 | lr=1.00e-04
2026-07-03 10:49:26,527 |   -> New best val loss: 12.7934 (saved best_model.pt)
2026-07-03 10:49:28,624 |   -> New best val loss: 12.7385 (saved best_model.pt)
2026-07-03 10:49:31,195 |   -> New best val loss: 12.6648 (saved best_model.pt)
2026-07-03 10:49:33,566 |   -> New best val loss: 12.6575 (saved best_model.pt)
2026-07-03 10:49:35,959 |   -> New best val loss: 12.6240 (saved best_model.pt)
2026-07-03 10:49:38,435 |   -> New best val loss: 12.5719 (saved best_model.pt)
2026-07-03 10:49:41,044 |   -> New best val loss: 12.5687 (saved best_model.pt)
2026-07-03 10:49:43,441 |   -> New best val loss: 12.4992 (saved best_model.pt)
2026-07-03 10:49:45,955 |   -> New best val loss: 12.4819 (saved best_model.pt)
2026-07-03 10:49:48,414 |   -> New best val loss: 12.4108 (saved best_model.pt)
2026-07-03 10:49:50,838 | Epoch  510/1000 | kl_g0_w=1.00 kl_u_w=1.00 | train=12.6434 (recon=8.3250, kl_g0=1.4175, kl_u=2.9010, cls=0.7167) | val=12.3898 | lr=1.00e-04
2026-07-03 10:49:50,867 |   -> New best val loss: 12.3898 (saved best_model.pt)
2026-07-03 10:49:53,556 |   -> New best val loss: 12.3643 (saved best_model.pt)
2026-07-03 10:49:55,857 |   -> New best val loss: 12.2873 (saved best_model.pt)
2026-07-03 10:49:58,298 |   -> New best val loss: 12.2607 (saved best_model.pt)
2026-07-03 10:50:00,573 |   -> New best val loss: 12.2112 (saved best_model.pt)
2026-07-03 10:50:04,697 |   -> New best val loss: 12.1598 (saved best_model.pt)
2026-07-03 10:50:06,761 |   -> New best val loss: 12.1436 (saved best_model.pt)
2026-07-03 10:50:08,969 |   -> New best val loss: 12.0814 (saved best_model.pt)
2026-07-03 10:50:10,927 |   -> New best val loss: 12.0650 (saved best_model.pt)
2026-07-03 10:50:13,075 | Epoch  520/1000 | kl_g0_w=1.00 kl_u_w=1.00 | train=12.2582 (recon=8.1699, kl_g0=1.2109, kl_u=2.8773, cls=0.7178) | val=12.0135 | lr=1.00e-04
2026-07-03 10:50:13,105 |   -> New best val loss: 12.0135 (saved best_model.pt)
2026-07-03 10:50:14,943 |   -> New best val loss: 12.0112 (saved best_model.pt)
2026-07-03 10:50:16,553 |   -> New best val loss: 11.9784 (saved best_model.pt)
2026-07-03 10:50:18,274 |   -> New best val loss: 11.9246 (saved best_model.pt)
2026-07-03 10:50:19,809 |   -> New best val loss: 11.8903 (saved best_model.pt)
2026-07-03 10:50:22,114 |   -> New best val loss: 11.8360 (saved best_model.pt)
2026-07-03 10:50:24,245 |   -> New best val loss: 11.7894 (saved best_model.pt)
2026-07-03 10:50:29,083 |   -> New best val loss: 11.7369 (saved best_model.pt)
2026-07-03 10:50:32,905 | Epoch  530/1000 | kl_g0_w=1.00 kl_u_w=1.00 | train=11.9009 (recon=7.9890, kl_g0=1.0262, kl_u=2.8857, cls=0.7202) | val=11.7018 | lr=1.00e-04
2026-07-03 10:50:32,931 |   -> New best val loss: 11.7018 (saved best_model.pt)
2026-07-03 10:50:35,490 |   -> New best val loss: 11.6608 (saved best_model.pt)
2026-07-03 10:50:38,041 |   -> New best val loss: 11.6183 (saved best_model.pt)
2026-07-03 10:50:39,644 |   -> New best val loss: 11.6063 (saved best_model.pt)
2026-07-03 10:50:41,181 |   -> New best val loss: 11.5761 (saved best_model.pt)
2026-07-03 10:50:43,083 |   -> New best val loss: 11.5575 (saved best_model.pt)
2026-07-03 10:50:45,294 |   -> New best val loss: 11.4885 (saved best_model.pt)
2026-07-03 10:50:47,801 |   -> New best val loss: 11.4683 (saved best_model.pt)
2026-07-03 10:50:50,026 |   -> New best val loss: 11.4100 (saved best_model.pt)
2026-07-03 10:50:53,948 | Epoch  540/1000 | kl_g0_w=1.00 kl_u_w=1.00 | train=11.5763 (recon=7.8321, kl_g0=0.8727, kl_u=2.8715, cls=0.7234) | val=11.4006 | lr=1.00e-04
2026-07-03 10:50:53,975 |   -> New best val loss: 11.4006 (saved best_model.pt)
2026-07-03 10:50:56,372 |   -> New best val loss: 11.3894 (saved best_model.pt)
2026-07-03 10:50:57,981 |   -> New best val loss: 11.3478 (saved best_model.pt)
2026-07-03 10:51:00,180 |   -> New best val loss: 11.3257 (saved best_model.pt)
2026-07-03 10:51:01,839 |   -> New best val loss: 11.2925 (saved best_model.pt)
2026-07-03 10:51:04,342 |   -> New best val loss: 11.2727 (saved best_model.pt)
2026-07-03 10:51:06,017 |   -> New best val loss: 11.2693 (saved best_model.pt)
2026-07-03 10:51:08,415 |   -> New best val loss: 11.2414 (saved best_model.pt)
2026-07-03 10:51:10,636 |   -> New best val loss: 11.2075 (saved best_model.pt)
2026-07-03 10:51:13,110 |   -> New best val loss: 11.1665 (saved best_model.pt)
2026-07-03 10:51:15,181 | Epoch  550/1000 | kl_g0_w=1.00 kl_u_w=1.00 | train=11.2770 (recon=7.6848, kl_g0=0.7333, kl_u=2.8589, cls=0.7253) | val=11.1562 | lr=1.00e-04
2026-07-03 10:51:15,198 |   -> New best val loss: 11.1562 (saved best_model.pt)
2026-07-03 10:51:17,413 |   -> New best val loss: 11.1386 (saved best_model.pt)
2026-07-03 10:51:19,703 |   -> New best val loss: 11.1087 (saved best_model.pt)
2026-07-03 10:51:22,281 |   -> New best val loss: 11.0848 (saved best_model.pt)
2026-07-03 10:51:24,583 |   -> New best val loss: 11.0616 (saved best_model.pt)
2026-07-03 10:51:26,155 |   -> New best val loss: 11.0377 (saved best_model.pt)
2026-07-03 10:51:27,710 |   -> New best val loss: 11.0047 (saved best_model.pt)
2026-07-03 10:51:29,321 |   -> New best val loss: 10.9736 (saved best_model.pt)
2026-07-03 10:51:31,074 |   -> New best val loss: 10.9528 (saved best_model.pt)
2026-07-03 10:51:35,948 | Epoch  560/1000 | kl_g0_w=1.00 kl_u_w=1.00 | train=11.0343 (recon=7.5510, kl_g0=0.6162, kl_u=2.8671, cls=0.7278) | val=10.9311 | lr=1.00e-04
2026-07-03 10:51:35,977 |   -> New best val loss: 10.9311 (saved best_model.pt)
2026-07-03 10:51:38,574 |   -> New best val loss: 10.8876 (saved best_model.pt)
2026-07-03 10:51:41,121 |   -> New best val loss: 10.8737 (saved best_model.pt)
2026-07-03 10:51:43,102 |   -> New best val loss: 10.8604 (saved best_model.pt)
2026-07-03 10:51:45,282 |   -> New best val loss: 10.8505 (saved best_model.pt)
2026-07-03 10:51:47,738 |   -> New best val loss: 10.8164 (saved best_model.pt)
2026-07-03 10:51:49,915 |   -> New best val loss: 10.7970 (saved best_model.pt)
2026-07-03 10:51:52,261 |   -> New best val loss: 10.7833 (saved best_model.pt)
2026-07-03 10:51:54,295 |   -> New best val loss: 10.7670 (saved best_model.pt)
2026-07-03 10:51:55,840 |   -> New best val loss: 10.7441 (saved best_model.pt)
2026-07-03 10:51:57,386 | Epoch  570/1000 | kl_g0_w=1.00 kl_u_w=1.00 | train=10.8394 (recon=7.4550, kl_g0=0.5235, kl_u=2.8609, cls=0.7307) | val=10.7299 | lr=1.00e-04
2026-07-03 10:51:57,402 |   -> New best val loss: 10.7299 (saved best_model.pt)
2026-07-03 10:51:59,006 |   -> New best val loss: 10.7183 (saved best_model.pt)
2026-07-03 10:52:00,755 |   -> New best val loss: 10.7054 (saved best_model.pt)
2026-07-03 10:52:02,289 |   -> New best val loss: 10.6888 (saved best_model.pt)
2026-07-03 10:52:03,897 |   -> New best val loss: 10.6559 (saved best_model.pt)
2026-07-03 10:52:05,420 |   -> New best val loss: 10.6314 (saved best_model.pt)
2026-07-03 10:52:07,377 |   -> New best val loss: 10.6256 (saved best_model.pt)
2026-07-03 10:52:09,089 |   -> New best val loss: 10.6138 (saved best_model.pt)
2026-07-03 10:52:11,480 |   -> New best val loss: 10.5913 (saved best_model.pt)
2026-07-03 10:52:14,042 |   -> New best val loss: 10.5708 (saved best_model.pt)
2026-07-03 10:52:15,943 | Epoch  580/1000 | kl_g0_w=1.00 kl_u_w=1.00 | train=10.5935 (recon=7.3079, kl_g0=0.4372, kl_u=2.8484, cls=0.7338) | val=10.5573 | lr=1.00e-04
2026-07-03 10:52:15,959 |   -> New best val loss: 10.5573 (saved best_model.pt)
2026-07-03 10:52:17,876 |   -> New best val loss: 10.5234 (saved best_model.pt)
2026-07-03 10:52:19,521 |   -> New best val loss: 10.4998 (saved best_model.pt)
2026-07-03 10:52:23,039 |   -> New best val loss: 10.4983 (saved best_model.pt)
2026-07-03 10:52:24,678 |   -> New best val loss: 10.4887 (saved best_model.pt)
2026-07-03 10:52:26,403 |   -> New best val loss: 10.4732 (saved best_model.pt)
2026-07-03 10:52:28,083 |   -> New best val loss: 10.4621 (saved best_model.pt)
2026-07-03 10:52:30,242 |   -> New best val loss: 10.4427 (saved best_model.pt)
2026-07-03 10:52:32,293 |   -> New best val loss: 10.4388 (saved best_model.pt)
2026-07-03 10:52:34,663 | Epoch  590/1000 | kl_g0_w=1.00 kl_u_w=1.00 | train=10.3172 (recon=7.1140, kl_g0=0.3724, kl_u=2.8308, cls=0.7352) | val=10.4102 | lr=1.00e-04
2026-07-03 10:52:34,679 |   -> New best val loss: 10.4102 (saved best_model.pt)
2026-07-03 10:52:38,967 |   -> New best val loss: 10.3945 (saved best_model.pt)
2026-07-03 10:52:43,488 |   -> New best val loss: 10.3719 (saved best_model.pt)
2026-07-03 10:52:45,382 |   -> New best val loss: 10.3706 (saved best_model.pt)
2026-07-03 10:52:47,363 |   -> New best val loss: 10.3363 (saved best_model.pt)
2026-07-03 10:52:49,756 |   -> New best val loss: 10.3354 (saved best_model.pt)
2026-07-03 10:52:51,306 |   -> New best val loss: 10.3167 (saved best_model.pt)
2026-07-03 10:52:54,462 | Epoch  600/1000 | kl_g0_w=1.00 kl_u_w=1.00 | train=10.2289 (recon=7.0727, kl_g0=0.3283, kl_u=2.8280, cls=0.7375) | val=10.2894 | lr=1.00e-04
2026-07-03 10:52:54,478 |   -> New best val loss: 10.2894 (saved best_model.pt)
2026-07-03 10:52:56,169 |   -> New best val loss: 10.2862 (saved best_model.pt)
2026-07-03 10:52:57,916 |   -> New best val loss: 10.2576 (saved best_model.pt)
2026-07-03 10:53:02,221 |   -> New best val loss: 10.2525 (saved best_model.pt)
2026-07-03 10:53:04,597 |   -> New best val loss: 10.2478 (saved best_model.pt)
2026-07-03 10:53:06,543 |   -> New best val loss: 10.2049 (saved best_model.pt)
2026-07-03 10:53:09,103 |   -> New best val loss: 10.2012 (saved best_model.pt)
2026-07-03 10:53:16,466 | Epoch  610/1000 | kl_g0_w=1.00 kl_u_w=1.00 | train=10.0628 (recon=6.9579, kl_g0=0.2824, kl_u=2.8224, cls=0.7395) | val=10.1842 | lr=1.00e-04
2026-07-03 10:53:16,494 |   -> New best val loss: 10.1842 (saved best_model.pt)
2026-07-03 10:53:18,265 |   -> New best val loss: 10.1829 (saved best_model.pt)
2026-07-03 10:53:20,146 |   -> New best val loss: 10.1657 (saved best_model.pt)
2026-07-03 10:53:23,968 |   -> New best val loss: 10.1589 (saved best_model.pt)
2026-07-03 10:53:26,285 |   -> New best val loss: 10.1353 (saved best_model.pt)
2026-07-03 10:53:28,182 |   -> New best val loss: 10.1308 (saved best_model.pt)
2026-07-03 10:53:30,656 |   -> New best val loss: 10.1168 (saved best_model.pt)
2026-07-03 10:53:34,815 |   -> New best val loss: 10.1080 (saved best_model.pt)
2026-07-03 10:53:36,765 | Epoch  620/1000 | kl_g0_w=1.00 kl_u_w=1.00 | train=9.9003 (recon=6.8252, kl_g0=0.2523, kl_u=2.8228, cls=0.7410) | val=10.0935 | lr=1.00e-04
2026-07-03 10:53:36,796 |   -> New best val loss: 10.0935 (saved best_model.pt)
2026-07-03 10:53:39,140 |   -> New best val loss: 10.0684 (saved best_model.pt)
2026-07-03 10:53:43,604 |   -> New best val loss: 10.0678 (saved best_model.pt)
2026-07-03 10:53:46,173 |   -> New best val loss: 10.0629 (saved best_model.pt)
2026-07-03 10:53:48,733 |   -> New best val loss: 10.0292 (saved best_model.pt)
2026-07-03 10:53:51,226 |   -> New best val loss: 10.0214 (saved best_model.pt)
2026-07-03 10:53:55,304 |   -> New best val loss: 10.0049 (saved best_model.pt)
2026-07-03 10:53:58,773 | Epoch  630/1000 | kl_g0_w=1.00 kl_u_w=1.00 | train=9.7609 (recon=6.7200, kl_g0=0.2236, kl_u=2.8174, cls=0.7424) | val=9.9832 | lr=1.00e-04
2026-07-03 10:53:58,790 |   -> New best val loss: 9.9832 (saved best_model.pt)
2026-07-03 10:54:06,108 |   -> New best val loss: 9.9619 (saved best_model.pt)
2026-07-03 10:54:09,346 |   -> New best val loss: 9.9411 (saved best_model.pt)
2026-07-03 10:54:13,274 |   -> New best val loss: 9.9322 (saved best_model.pt)
2026-07-03 10:54:18,121 | Epoch  640/1000 | kl_g0_w=1.00 kl_u_w=1.00 | train=9.6904 (recon=6.6647, kl_g0=0.2043, kl_u=2.8214, cls=0.7444) | val=9.9215 | lr=1.00e-04
2026-07-03 10:54:18,147 |   -> New best val loss: 9.9215 (saved best_model.pt)
2026-07-03 10:54:22,772 |   -> New best val loss: 9.8824 (saved best_model.pt)
2026-07-03 10:54:26,415 |   -> New best val loss: 9.8758 (saved best_model.pt)
2026-07-03 10:54:30,966 |   -> New best val loss: 9.8743 (saved best_model.pt)
2026-07-03 10:54:33,088 |   -> New best val loss: 9.8679 (saved best_model.pt)
2026-07-03 10:54:35,276 |   -> New best val loss: 9.8556 (saved best_model.pt)
2026-07-03 10:54:37,796 |   -> New best val loss: 9.8407 (saved best_model.pt)
2026-07-03 10:54:39,692 | Epoch  650/1000 | kl_g0_w=1.00 kl_u_w=1.00 | train=9.5802 (recon=6.5892, kl_g0=0.1795, kl_u=2.8114, cls=0.7445) | val=9.8417 | lr=1.00e-04
2026-07-03 10:54:41,464 |   -> New best val loss: 9.8078 (saved best_model.pt)
2026-07-03 10:54:43,862 |   -> New best val loss: 9.7999 (saved best_model.pt)
2026-07-03 10:54:52,182 |   -> New best val loss: 9.7863 (saved best_model.pt)
2026-07-03 10:54:53,957 |   -> New best val loss: 9.7840 (saved best_model.pt)
2026-07-03 10:54:55,743 |   -> New best val loss: 9.7758 (saved best_model.pt)
2026-07-03 10:54:57,632 |   -> New best val loss: 9.7642 (saved best_model.pt)
2026-07-03 10:54:59,598 | Epoch  660/1000 | kl_g0_w=1.00 kl_u_w=1.00 | train=9.4905 (recon=6.5170, kl_g0=0.1637, kl_u=2.8097, cls=0.7473) | val=9.7763 | lr=1.00e-04
2026-07-03 10:55:01,882 |   -> New best val loss: 9.7581 (saved best_model.pt)
2026-07-03 10:55:05,477 |   -> New best val loss: 9.7336 (saved best_model.pt)
2026-07-03 10:55:07,266 |   -> New best val loss: 9.7314 (saved best_model.pt)
2026-07-03 10:55:09,505 |   -> New best val loss: 9.7214 (saved best_model.pt)
2026-07-03 10:55:11,049 |   -> New best val loss: 9.7142 (saved best_model.pt)
2026-07-03 10:55:12,989 |   -> New best val loss: 9.7047 (saved best_model.pt)
2026-07-03 10:55:18,685 | Epoch  670/1000 | kl_g0_w=1.00 kl_u_w=1.00 | train=9.3931 (recon=6.4298, kl_g0=0.1520, kl_u=2.8113, cls=0.7478) | val=9.6962 | lr=1.00e-04
2026-07-03 10:55:18,704 |   -> New best val loss: 9.6962 (saved best_model.pt)
2026-07-03 10:55:20,768 |   -> New best val loss: 9.6919 (saved best_model.pt)
2026-07-03 10:55:23,195 |   -> New best val loss: 9.6729 (saved best_model.pt)
2026-07-03 10:55:27,917 |   -> New best val loss: 9.6719 (saved best_model.pt)
2026-07-03 10:55:32,801 |   -> New best val loss: 9.6470 (saved best_model.pt)
2026-07-03 10:55:37,156 |   -> New best val loss: 9.6457 (saved best_model.pt)
2026-07-03 10:55:39,017 |   -> New best val loss: 9.6339 (saved best_model.pt)
2026-07-03 10:55:40,965 | Epoch  680/1000 | kl_g0_w=1.00 kl_u_w=1.00 | train=9.3142 (recon=6.3708, kl_g0=0.1366, kl_u=2.8067, cls=0.7471) | val=9.6062 | lr=1.00e-04
2026-07-03 10:55:40,996 |   -> New best val loss: 9.6062 (saved best_model.pt)
2026-07-03 10:55:46,112 |   -> New best val loss: 9.6053 (saved best_model.pt)
2026-07-03 10:55:49,749 |   -> New best val loss: 9.5778 (saved best_model.pt)
2026-07-03 10:55:57,697 |   -> New best val loss: 9.5734 (saved best_model.pt)
2026-07-03 10:56:02,072 | Epoch  690/1000 | kl_g0_w=1.00 kl_u_w=1.00 | train=9.2514 (recon=6.3279, kl_g0=0.1277, kl_u=2.7958, cls=0.7475) | val=9.5537 | lr=1.00e-04
2026-07-03 10:56:02,103 |   -> New best val loss: 9.5537 (saved best_model.pt)
2026-07-03 10:56:08,874 |   -> New best val loss: 9.5459 (saved best_model.pt)
2026-07-03 10:56:10,745 |   -> New best val loss: 9.5397 (saved best_model.pt)
2026-07-03 10:56:12,613 |   -> New best val loss: 9.5359 (saved best_model.pt)
2026-07-03 10:56:14,886 |   -> New best val loss: 9.5225 (saved best_model.pt)
2026-07-03 10:56:18,155 |   -> New best val loss: 9.5191 (saved best_model.pt)
2026-07-03 10:56:20,105 |   -> New best val loss: 9.5090 (saved best_model.pt)
2026-07-03 10:56:21,658 | Epoch  700/1000 | kl_g0_w=1.00 kl_u_w=1.00 | train=9.1808 (recon=6.2686, kl_g0=0.1149, kl_u=2.7973, cls=0.7491) | val=9.4908 | lr=1.00e-04
2026-07-03 10:56:21,674 |   -> New best val loss: 9.4908 (saved best_model.pt)
2026-07-03 10:56:27,558 |   -> New best val loss: 9.4835 (saved best_model.pt)
2026-07-03 10:56:31,991 |   -> New best val loss: 9.4683 (saved best_model.pt)
2026-07-03 10:56:35,273 |   -> New best val loss: 9.4518 (saved best_model.pt)
2026-07-03 10:56:38,382 |   -> New best val loss: 9.4394 (saved best_model.pt)
2026-07-03 10:56:40,270 | Epoch  710/1000 | kl_g0_w=1.00 kl_u_w=1.00 | train=9.1433 (recon=6.2337, kl_g0=0.1088, kl_u=2.8007, cls=0.7502) | val=9.4685 | lr=1.00e-04
2026-07-03 10:56:42,637 |   -> New best val loss: 9.4325 (saved best_model.pt)
2026-07-03 10:56:45,970 |   -> New best val loss: 9.4244 (saved best_model.pt)
2026-07-03 10:56:49,352 |   -> New best val loss: 9.4121 (saved best_model.pt)
2026-07-03 10:56:54,552 |   -> New best val loss: 9.4105 (saved best_model.pt)
2026-07-03 10:56:56,142 |   -> New best val loss: 9.3922 (saved best_model.pt)
2026-07-03 10:56:58,326 | Epoch  720/1000 | kl_g0_w=1.00 kl_u_w=1.00 | train=9.0463 (recon=6.1392, kl_g0=0.1046, kl_u=2.8026, cls=0.7485) | val=9.4007 | lr=1.00e-04
2026-07-03 10:57:00,758 |   -> New best val loss: 9.3711 (saved best_model.pt)
2026-07-03 10:57:04,107 |   -> New best val loss: 9.3673 (saved best_model.pt)
2026-07-03 10:57:05,649 |   -> New best val loss: 9.3634 (saved best_model.pt)
2026-07-03 10:57:07,792 |   -> New best val loss: 9.3501 (saved best_model.pt)
2026-07-03 10:57:16,967 | Epoch  730/1000 | kl_g0_w=1.00 kl_u_w=1.00 | train=8.9908 (recon=6.0920, kl_g0=0.0981, kl_u=2.8008, cls=0.7486) | val=9.3396 | lr=1.00e-04
2026-07-03 10:57:16,994 |   -> New best val loss: 9.3396 (saved best_model.pt)
2026-07-03 10:57:19,203 |   -> New best val loss: 9.3212 (saved best_model.pt)
2026-07-03 10:57:23,908 |   -> New best val loss: 9.3184 (saved best_model.pt)
2026-07-03 10:57:27,799 |   -> New best val loss: 9.3021 (saved best_model.pt)
2026-07-03 10:57:29,657 |   -> New best val loss: 9.3018 (saved best_model.pt)
2026-07-03 10:57:32,858 |   -> New best val loss: 9.3011 (saved best_model.pt)
2026-07-03 10:57:36,996 | Epoch  740/1000 | kl_g0_w=1.00 kl_u_w=1.00 | train=8.9180 (recon=6.0197, kl_g0=0.0934, kl_u=2.8049, cls=0.7492) | val=9.2833 | lr=1.00e-04
2026-07-03 10:57:37,024 |   -> New best val loss: 9.2833 (saved best_model.pt)
2026-07-03 10:57:39,505 |   -> New best val loss: 9.2769 (saved best_model.pt)
2026-07-03 10:57:41,263 |   -> New best val loss: 9.2553 (saved best_model.pt)
2026-07-03 10:57:50,747 |   -> New best val loss: 9.2439 (saved best_model.pt)
2026-07-03 10:58:00,158 | Epoch  750/1000 | kl_g0_w=1.00 kl_u_w=1.00 | train=8.8689 (recon=5.9731, kl_g0=0.0882, kl_u=2.8077, cls=0.7487) | val=9.2232 | lr=1.00e-04
2026-07-03 10:58:00,183 |   -> New best val loss: 9.2232 (saved best_model.pt)
2026-07-03 10:58:04,049 |   -> New best val loss: 9.2097 (saved best_model.pt)
2026-07-03 10:58:07,392 |   -> New best val loss: 9.1991 (saved best_model.pt)
2026-07-03 10:58:10,700 |   -> New best val loss: 9.1727 (saved best_model.pt)
2026-07-03 10:58:17,846 | Epoch  760/1000 | kl_g0_w=1.00 kl_u_w=1.00 | train=8.7975 (recon=5.9033, kl_g0=0.0837, kl_u=2.8106, cls=0.7490) | val=9.1803 | lr=1.00e-04
2026-07-03 10:58:26,637 |   -> New best val loss: 9.1546 (saved best_model.pt)
2026-07-03 10:58:28,936 |   -> New best val loss: 9.1451 (saved best_model.pt)
2026-07-03 10:58:36,776 |   -> New best val loss: 9.1224 (saved best_model.pt)
2026-07-03 10:58:39,002 | Epoch  770/1000 | kl_g0_w=1.00 kl_u_w=1.00 | train=8.7598 (recon=5.8771, kl_g0=0.0788, kl_u=2.8039, cls=0.7496) | val=9.1334 | lr=1.00e-04
2026-07-03 10:58:45,510 |   -> New best val loss: 9.1205 (saved best_model.pt)
2026-07-03 10:58:48,005 |   -> New best val loss: 9.1202 (saved best_model.pt)
2026-07-03 10:58:49,960 |   -> New best val loss: 9.1074 (saved best_model.pt)
2026-07-03 10:58:54,576 |   -> New best val loss: 9.1065 (saved best_model.pt)
2026-07-03 10:58:56,363 |   -> New best val loss: 9.0933 (saved best_model.pt)
2026-07-03 10:59:00,393 | Epoch  780/1000 | kl_g0_w=1.00 kl_u_w=1.00 | train=8.7049 (recon=5.8163, kl_g0=0.0781, kl_u=2.8105, cls=0.7502) | val=9.0882 | lr=1.00e-04
2026-07-03 10:59:00,410 |   -> New best val loss: 9.0882 (saved best_model.pt)
2026-07-03 10:59:07,889 |   -> New best val loss: 9.0866 (saved best_model.pt)
2026-07-03 10:59:10,491 |   -> New best val loss: 9.0706 (saved best_model.pt)
2026-07-03 10:59:15,206 |   -> New best val loss: 9.0661 (saved best_model.pt)
2026-07-03 10:59:16,790 |   -> New best val loss: 9.0470 (saved best_model.pt)
2026-07-03 10:59:20,430 |   -> New best val loss: 9.0443 (saved best_model.pt)
2026-07-03 10:59:22,577 | Epoch  790/1000 | kl_g0_w=1.00 kl_u_w=1.00 | train=8.6699 (recon=5.7886, kl_g0=0.0729, kl_u=2.8083, cls=0.7510) | val=9.0580 | lr=1.00e-04
2026-07-03 10:59:25,038 |   -> New best val loss: 9.0381 (saved best_model.pt)
2026-07-03 10:59:29,026 |   -> New best val loss: 9.0230 (saved best_model.pt)
2026-07-03 10:59:34,012 |   -> New best val loss: 9.0187 (saved best_model.pt)
2026-07-03 10:59:38,028 |   -> New best val loss: 9.0088 (saved best_model.pt)
2026-07-03 10:59:40,130 |   -> New best val loss: 9.0060 (saved best_model.pt)
2026-07-03 10:59:44,149 | Epoch  800/1000 | kl_g0_w=1.00 kl_u_w=1.00 | train=8.6289 (recon=5.7481, kl_g0=0.0690, kl_u=2.8118, cls=0.7502) | val=8.9939 | lr=1.00e-04
2026-07-03 10:59:44,165 |   -> New best val loss: 8.9939 (saved best_model.pt)
2026-07-03 10:59:46,724 |   -> New best val loss: 8.9927 (saved best_model.pt)
2026-07-03 10:59:49,173 |   -> New best val loss: 8.9892 (saved best_model.pt)
2026-07-03 10:59:51,033 |   -> New best val loss: 8.9766 (saved best_model.pt)
2026-07-03 10:59:54,952 |   -> New best val loss: 8.9670 (saved best_model.pt)
2026-07-03 11:00:01,181 |   -> New best val loss: 8.9634 (saved best_model.pt)
2026-07-03 11:00:04,816 | Epoch  810/1000 | kl_g0_w=1.00 kl_u_w=1.00 | train=8.5986 (recon=5.7182, kl_g0=0.0677, kl_u=2.8126, cls=0.7500) | val=8.9418 | lr=1.00e-04
2026-07-03 11:00:04,845 |   -> New best val loss: 8.9418 (saved best_model.pt)
2026-07-03 11:00:09,528 |   -> New best val loss: 8.9360 (saved best_model.pt)
2026-07-03 11:00:14,654 |   -> New best val loss: 8.9301 (saved best_model.pt)
2026-07-03 11:00:18,516 |   -> New best val loss: 8.9146 (saved best_model.pt)
2026-07-03 11:00:26,690 | Epoch  820/1000 | kl_g0_w=1.00 kl_u_w=1.00 | train=8.5078 (recon=5.6330, kl_g0=0.0655, kl_u=2.8094, cls=0.7510) | val=8.9028 | lr=1.00e-04
2026-07-03 11:00:26,706 |   -> New best val loss: 8.9028 (saved best_model.pt)
2026-07-03 11:00:31,164 |   -> New best val loss: 8.9012 (saved best_model.pt)
2026-07-03 11:00:37,045 |   -> New best val loss: 8.8889 (saved best_model.pt)
2026-07-03 11:00:41,852 |   -> New best val loss: 8.8660 (saved best_model.pt)
2026-07-03 11:00:51,588 | Epoch  830/1000 | kl_g0_w=1.00 kl_u_w=1.00 | train=8.5093 (recon=5.6323, kl_g0=0.0647, kl_u=2.8124, cls=0.7524) | val=8.8681 | lr=1.00e-04
2026-07-03 11:00:54,114 |   -> New best val loss: 8.8589 (saved best_model.pt)
2026-07-03 11:00:56,780 |   -> New best val loss: 8.8541 (saved best_model.pt)
2026-07-03 11:00:59,734 |   -> New best val loss: 8.8468 (saved best_model.pt)
2026-07-03 11:01:02,609 |   -> New best val loss: 8.8462 (saved best_model.pt)
2026-07-03 11:01:09,351 |   -> New best val loss: 8.8371 (saved best_model.pt)
2026-07-03 11:01:14,955 | Epoch  840/1000 | kl_g0_w=1.00 kl_u_w=1.00 | train=8.4375 (recon=5.5683, kl_g0=0.0614, kl_u=2.8078, cls=0.7517) | val=8.8232 | lr=1.00e-04
2026-07-03 11:01:14,985 |   -> New best val loss: 8.8232 (saved best_model.pt)
2026-07-03 11:01:19,217 |   -> New best val loss: 8.8153 (saved best_model.pt)
2026-07-03 11:01:26,406 |   -> New best val loss: 8.8019 (saved best_model.pt)
2026-07-03 11:01:28,754 |   -> New best val loss: 8.8007 (saved best_model.pt)
2026-07-03 11:01:31,431 |   -> New best val loss: 8.7902 (saved best_model.pt)
2026-07-03 11:01:38,775 | Epoch  850/1000 | kl_g0_w=1.00 kl_u_w=1.00 | train=8.3831 (recon=5.5102, kl_g0=0.0597, kl_u=2.8131, cls=0.7511) | val=8.7817 | lr=1.00e-04
2026-07-03 11:01:38,810 |   -> New best val loss: 8.7817 (saved best_model.pt)
2026-07-03 11:01:49,581 |   -> New best val loss: 8.7649 (saved best_model.pt)
2026-07-03 11:01:54,222 |   -> New best val loss: 8.7648 (saved best_model.pt)
2026-07-03 11:01:56,536 |   -> New best val loss: 8.7567 (saved best_model.pt)
2026-07-03 11:02:01,595 |   -> New best val loss: 8.7401 (saved best_model.pt)
2026-07-03 11:02:03,546 | Epoch  860/1000 | kl_g0_w=1.00 kl_u_w=1.00 | train=8.3376 (recon=5.4728, kl_g0=0.0588, kl_u=2.8059, cls=0.7508) | val=8.7477 | lr=1.00e-04
2026-07-03 11:02:05,751 |   -> New best val loss: 8.7307 (saved best_model.pt)
2026-07-03 11:02:15,257 |   -> New best val loss: 8.7190 (saved best_model.pt)
2026-07-03 11:02:20,251 |   -> New best val loss: 8.7151 (saved best_model.pt)
2026-07-03 11:02:22,826 |   -> New best val loss: 8.7056 (saved best_model.pt)
2026-07-03 11:02:28,053 | Epoch  870/1000 | kl_g0_w=1.00 kl_u_w=1.00 | train=8.2923 (recon=5.4316, kl_g0=0.0568, kl_u=2.8039, cls=0.7506) | val=8.7067 | lr=1.00e-04
2026-07-03 11:02:30,628 |   -> New best val loss: 8.6906 (saved best_model.pt)
2026-07-03 11:02:34,500 |   -> New best val loss: 8.6888 (saved best_model.pt)
2026-07-03 11:02:41,124 |   -> New best val loss: 8.6784 (saved best_model.pt)
2026-07-03 11:02:43,001 |   -> New best val loss: 8.6689 (saved best_model.pt)
2026-07-03 11:02:45,223 |   -> New best val loss: 8.6643 (saved best_model.pt)
2026-07-03 11:02:49,398 | Epoch  880/1000 | kl_g0_w=1.00 kl_u_w=1.00 | train=8.2209 (recon=5.3498, kl_g0=0.0550, kl_u=2.8162, cls=0.7523) | val=8.6623 | lr=1.00e-04
2026-07-03 11:02:49,430 |   -> New best val loss: 8.6623 (saved best_model.pt)
2026-07-03 11:02:51,360 |   -> New best val loss: 8.6501 (saved best_model.pt)
2026-07-03 11:03:01,300 |   -> New best val loss: 8.6385 (saved best_model.pt)
2026-07-03 11:03:03,900 |   -> New best val loss: 8.6322 (saved best_model.pt)
2026-07-03 11:03:07,393 |   -> New best val loss: 8.6281 (saved best_model.pt)
2026-07-03 11:03:09,670 |   -> New best val loss: 8.6057 (saved best_model.pt)
2026-07-03 11:03:11,275 | Epoch  890/1000 | kl_g0_w=1.00 kl_u_w=1.00 | train=8.2031 (recon=5.3511, kl_g0=0.0527, kl_u=2.7993, cls=0.7521) | val=8.6110 | lr=1.00e-04
2026-07-03 11:03:23,574 |   -> New best val loss: 8.5882 (saved best_model.pt)
2026-07-03 11:03:27,514 |   -> New best val loss: 8.5759 (saved best_model.pt)
2026-07-03 11:03:31,456 | Epoch  900/1000 | kl_g0_w=1.00 kl_u_w=1.00 | train=8.1613 (recon=5.2987, kl_g0=0.0525, kl_u=2.8101, cls=0.7510) | val=8.5752 | lr=1.00e-04
2026-07-03 11:03:31,484 |   -> New best val loss: 8.5752 (saved best_model.pt)
2026-07-03 11:03:33,161 |   -> New best val loss: 8.5688 (saved best_model.pt)
2026-07-03 11:03:37,284 |   -> New best val loss: 8.5622 (saved best_model.pt)
2026-07-03 11:03:41,134 |   -> New best val loss: 8.5610 (saved best_model.pt)
2026-07-03 11:03:43,423 |   -> New best val loss: 8.5464 (saved best_model.pt)
2026-07-03 11:03:45,163 |   -> New best val loss: 8.5339 (saved best_model.pt)
2026-07-03 11:03:50,360 | Epoch  910/1000 | kl_g0_w=1.00 kl_u_w=1.00 | train=8.1314 (recon=5.2684, kl_g0=0.0507, kl_u=2.8123, cls=0.7517) | val=8.5288 | lr=1.00e-04
2026-07-03 11:03:50,375 |   -> New best val loss: 8.5288 (saved best_model.pt)
2026-07-03 11:03:55,176 |   -> New best val loss: 8.5206 (saved best_model.pt)
2026-07-03 11:03:58,553 |   -> New best val loss: 8.5099 (saved best_model.pt)
2026-07-03 11:04:00,365 |   -> New best val loss: 8.5072 (saved best_model.pt)
2026-07-03 11:04:02,662 |   -> New best val loss: 8.5045 (saved best_model.pt)
2026-07-03 11:04:09,377 |   -> New best val loss: 8.4884 (saved best_model.pt)
2026-07-03 11:04:11,329 | Epoch  920/1000 | kl_g0_w=1.00 kl_u_w=1.00 | train=8.0696 (recon=5.2060, kl_g0=0.0503, kl_u=2.8132, cls=0.7528) | val=8.5022 | lr=1.00e-04
2026-07-03 11:04:15,019 |   -> New best val loss: 8.4861 (saved best_model.pt)
2026-07-03 11:04:18,836 |   -> New best val loss: 8.4717 (saved best_model.pt)
2026-07-03 11:04:20,952 |   -> New best val loss: 8.4632 (saved best_model.pt)
2026-07-03 11:04:25,553 |   -> New best val loss: 8.4622 (saved best_model.pt)
2026-07-03 11:04:29,190 |   -> New best val loss: 8.4534 (saved best_model.pt)
2026-07-03 11:04:30,946 | Epoch  930/1000 | kl_g0_w=1.00 kl_u_w=1.00 | train=8.0125 (recon=5.1508, kl_g0=0.0487, kl_u=2.8130, cls=0.7512) | val=8.4373 | lr=1.00e-04
2026-07-03 11:04:30,963 |   -> New best val loss: 8.4373 (saved best_model.pt)
2026-07-03 11:04:40,767 |   -> New best val loss: 8.4291 (saved best_model.pt)
2026-07-03 11:04:42,537 |   -> New best val loss: 8.4039 (saved best_model.pt)
2026-07-03 11:04:50,143 | Epoch  940/1000 | kl_g0_w=1.00 kl_u_w=1.00 | train=7.9660 (recon=5.1070, kl_g0=0.0486, kl_u=2.8104, cls=0.7518) | val=8.3957 | lr=1.00e-04
2026-07-03 11:04:50,158 |   -> New best val loss: 8.3957 (saved best_model.pt)
2026-07-03 11:04:51,891 |   -> New best val loss: 8.3923 (saved best_model.pt)
2026-07-03 11:04:57,847 |   -> New best val loss: 8.3794 (saved best_model.pt)
2026-07-03 11:05:02,246 |   -> New best val loss: 8.3709 (saved best_model.pt)
2026-07-03 11:05:11,406 | Epoch  950/1000 | kl_g0_w=1.00 kl_u_w=1.00 | train=7.9450 (recon=5.0820, kl_g0=0.0457, kl_u=2.8173, cls=0.7534) | val=8.3655 | lr=1.00e-04
2026-07-03 11:05:11,422 |   -> New best val loss: 8.3655 (saved best_model.pt)
2026-07-03 11:05:19,212 |   -> New best val loss: 8.3653 (saved best_model.pt)
2026-07-03 11:05:20,847 |   -> New best val loss: 8.3435 (saved best_model.pt)
2026-07-03 11:05:23,308 |   -> New best val loss: 8.3391 (saved best_model.pt)
2026-07-03 11:05:30,350 |   -> New best val loss: 8.3208 (saved best_model.pt)
2026-07-03 11:05:32,752 | Epoch  960/1000 | kl_g0_w=1.00 kl_u_w=1.00 | train=7.8821 (recon=5.0266, kl_g0=0.0452, kl_u=2.8103, cls=0.7541) | val=8.3180 | lr=1.00e-04
2026-07-03 11:05:32,783 |   -> New best val loss: 8.3180 (saved best_model.pt)
2026-07-03 11:05:36,841 |   -> New best val loss: 8.3125 (saved best_model.pt)
2026-07-03 11:05:40,198 |   -> New best val loss: 8.3003 (saved best_model.pt)
2026-07-03 11:05:42,307 |   -> New best val loss: 8.2842 (saved best_model.pt)
2026-07-03 11:05:52,889 | Epoch  970/1000 | kl_g0_w=1.00 kl_u_w=1.00 | train=7.8322 (recon=4.9713, kl_g0=0.0450, kl_u=2.8158, cls=0.7518) | val=8.2818 | lr=1.00e-04
2026-07-03 11:05:52,921 |   -> New best val loss: 8.2818 (saved best_model.pt)
2026-07-03 11:05:55,512 |   -> New best val loss: 8.2704 (saved best_model.pt)
2026-07-03 11:05:57,680 |   -> New best val loss: 8.2558 (saved best_model.pt)
2026-07-03 11:06:06,517 |   -> New best val loss: 8.2519 (saved best_model.pt)
2026-07-03 11:06:10,981 |   -> New best val loss: 8.2481 (saved best_model.pt)
2026-07-03 11:06:13,000 |   -> New best val loss: 8.2357 (saved best_model.pt)
2026-07-03 11:06:14,973 | Epoch  980/1000 | kl_g0_w=1.00 kl_u_w=1.00 | train=7.8183 (recon=4.9681, kl_g0=0.0442, kl_u=2.8059, cls=0.7535) | val=8.2429 | lr=1.00e-04
2026-07-03 11:06:21,665 |   -> New best val loss: 8.2252 (saved best_model.pt)
2026-07-03 11:06:23,367 |   -> New best val loss: 8.2104 (saved best_model.pt)
2026-07-03 11:06:27,488 |   -> New best val loss: 8.1886 (saved best_model.pt)
2026-07-03 11:06:35,039 | Epoch  990/1000 | kl_g0_w=1.00 kl_u_w=1.00 | train=7.7891 (recon=4.9332, kl_g0=0.0437, kl_u=2.8122, cls=0.7537) | val=8.2071 | lr=1.00e-04
2026-07-03 11:06:42,557 |   -> New best val loss: 8.1730 (saved best_model.pt)
2026-07-03 11:06:44,738 |   -> New best val loss: 8.1729 (saved best_model.pt)
2026-07-03 11:06:50,392 |   -> New best val loss: 8.1580 (saved best_model.pt)
2026-07-03 11:06:56,706 | Epoch 1000/1000 | kl_g0_w=1.00 kl_u_w=1.00 | train=7.7186 (recon=4.8677, kl_g0=0.0414, kl_u=2.8095, cls=0.7540) | val=8.1512 | lr=1.00e-04
2026-07-03 11:06:56,734 |   -> New best val loss: 8.1512 (saved best_model.pt)
2026-07-03 11:06:56,746 | Final model saved to /home/nadegeo/LIFUS-BRICK/results/training/train_20260703_103215/final_model.pt
2026-07-03 11:06:56,746 | Best val loss: 8.1512
2026-07-03 11:06:56,747 | Training complete.
