2026-07-02 16:13:06,146 | ============================================================
2026-07-02 16:13:06,146 | BRICK Training -- train_20260702_161306
2026-07-02 16:13:06,146 | N_ROIS=24, M=96, H=4, T=240
2026-07-02 16:13:06,146 | Epochs=1000, LR=0.0001, WD=0.05, LAMBDA_NOISE=0.01, BATCH_SIZE=12
2026-07-02 16:13:06,146 | Patience=30, use_control=True, use_ic=True
2026-07-02 16:13:06,146 | KL annealing: g0 over 0 epochs, u delayed 0 then over 0 epochs
2026-07-02 16:13:06,146 | ============================================================
2026-07-02 16:13:06,146 | Loading dataset...
2026-07-02 16:13:06,266 | Split: 52 train | 4 val | 20 test items
2026-07-02 16:13:06,290 | Model parameters: 549,134
2026-07-02 16:13:06,756 | Starting training...
2026-07-02 16:13:09,202 | Epoch    1/1000 | kl_g0_w=1.00 kl_u_w=1.00 | train=3778.0252 (recon=3773.1053, kl_g0=3.7136, kl_u=1.2063, cls=0.6958) | val=641.3187 | lr=1.00e-04
2026-07-02 16:13:09,227 |   -> New best val loss: 641.3187 (saved best_model.pt)
2026-07-02 16:13:11,731 |   -> New best val loss: 438.3143 (saved best_model.pt)
2026-07-02 16:13:13,450 |   -> New best val loss: 353.7483 (saved best_model.pt)
2026-07-02 16:13:14,960 |   -> New best val loss: 313.1335 (saved best_model.pt)
2026-07-02 16:13:16,380 |   -> New best val loss: 274.4485 (saved best_model.pt)
2026-07-02 16:13:17,827 |   -> New best val loss: 232.5198 (saved best_model.pt)
2026-07-02 16:13:19,274 |   -> New best val loss: 202.8764 (saved best_model.pt)
2026-07-02 16:13:20,782 |   -> New best val loss: 181.8941 (saved best_model.pt)
2026-07-02 16:13:23,346 |   -> New best val loss: 167.0174 (saved best_model.pt)
2026-07-02 16:13:24,823 | Epoch   10/1000 | kl_g0_w=1.00 kl_u_w=1.00 | train=615.1924 (recon=610.7318, kl_g0=3.0782, kl_u=1.3824, cls=0.7004) | val=154.6170 | lr=1.00e-04
2026-07-02 16:13:24,842 |   -> New best val loss: 154.6170 (saved best_model.pt)
2026-07-02 16:13:27,497 |   -> New best val loss: 147.0289 (saved best_model.pt)
2026-07-02 16:13:28,981 |   -> New best val loss: 139.6582 (saved best_model.pt)
2026-07-02 16:13:30,481 |   -> New best val loss: 132.4588 (saved best_model.pt)
2026-07-02 16:13:31,974 |   -> New best val loss: 127.2488 (saved best_model.pt)
2026-07-02 16:13:33,457 |   -> New best val loss: 125.1168 (saved best_model.pt)
2026-07-02 16:13:34,979 |   -> New best val loss: 119.0287 (saved best_model.pt)
2026-07-02 16:13:37,563 |   -> New best val loss: 117.9329 (saved best_model.pt)
2026-07-02 16:13:39,042 |   -> New best val loss: 114.3203 (saved best_model.pt)
2026-07-02 16:13:40,537 |   -> New best val loss: 111.0546 (saved best_model.pt)
2026-07-02 16:13:42,000 | Epoch   20/1000 | kl_g0_w=1.00 kl_u_w=1.00 | train=374.5271 (recon=369.5689, kl_g0=2.8852, kl_u=2.0730, cls=0.7021) | val=109.0901 | lr=1.00e-04
2026-07-02 16:13:42,016 |   -> New best val loss: 109.0901 (saved best_model.pt)
2026-07-02 16:13:43,521 |   -> New best val loss: 106.0845 (saved best_model.pt)
2026-07-02 16:13:45,019 |   -> New best val loss: 103.0920 (saved best_model.pt)
2026-07-02 16:13:46,531 |   -> New best val loss: 102.1526 (saved best_model.pt)
2026-07-02 16:13:48,092 |   -> New best val loss: 98.2175 (saved best_model.pt)
2026-07-02 16:13:49,870 |   -> New best val loss: 96.3849 (saved best_model.pt)
2026-07-02 16:13:51,427 |   -> New best val loss: 94.4158 (saved best_model.pt)
2026-07-02 16:13:52,953 |   -> New best val loss: 93.0023 (saved best_model.pt)
2026-07-02 16:13:54,452 |   -> New best val loss: 90.7559 (saved best_model.pt)
2026-07-02 16:13:55,984 |   -> New best val loss: 89.6502 (saved best_model.pt)
2026-07-02 16:13:57,462 | Epoch   30/1000 | kl_g0_w=1.00 kl_u_w=1.00 | train=246.1838 (recon=240.3056, kl_g0=3.0229, kl_u=2.8552, cls=0.7034) | val=88.7019 | lr=1.00e-04
2026-07-02 16:13:57,481 |   -> New best val loss: 88.7019 (saved best_model.pt)
2026-07-02 16:14:00,096 |   -> New best val loss: 85.3057 (saved best_model.pt)
2026-07-02 16:14:01,865 |   -> New best val loss: 85.1102 (saved best_model.pt)
2026-07-02 16:14:03,670 |   -> New best val loss: 83.2834 (saved best_model.pt)
2026-07-02 16:14:05,216 |   -> New best val loss: 81.5139 (saved best_model.pt)
2026-07-02 16:14:06,730 |   -> New best val loss: 80.5906 (saved best_model.pt)
2026-07-02 16:14:08,283 |   -> New best val loss: 79.0892 (saved best_model.pt)
2026-07-02 16:14:10,517 |   -> New best val loss: 78.4103 (saved best_model.pt)
2026-07-02 16:14:12,057 |   -> New best val loss: 76.8013 (saved best_model.pt)
2026-07-02 16:14:13,554 |   -> New best val loss: 76.3422 (saved best_model.pt)
2026-07-02 16:14:15,035 | Epoch   40/1000 | kl_g0_w=1.00 kl_u_w=1.00 | train=189.4394 (recon=182.6936, kl_g0=3.2606, kl_u=3.4852, cls=0.7048) | val=75.3268 | lr=1.00e-04
2026-07-02 16:14:15,051 |   -> New best val loss: 75.3268 (saved best_model.pt)
2026-07-02 16:14:16,569 |   -> New best val loss: 74.3058 (saved best_model.pt)
2026-07-02 16:14:18,076 |   -> New best val loss: 72.6945 (saved best_model.pt)
2026-07-02 16:14:21,123 |   -> New best val loss: 71.8207 (saved best_model.pt)
2026-07-02 16:14:22,624 |   -> New best val loss: 70.4624 (saved best_model.pt)
2026-07-02 16:14:25,641 |   -> New best val loss: 69.5279 (saved best_model.pt)
2026-07-02 16:14:27,206 |   -> New best val loss: 69.4480 (saved best_model.pt)
2026-07-02 16:14:28,796 |   -> New best val loss: 67.3471 (saved best_model.pt)
2026-07-02 16:14:30,327 | Epoch   50/1000 | kl_g0_w=1.00 kl_u_w=1.00 | train=140.5834 (recon=133.2500, kl_g0=3.5065, kl_u=3.8269, cls=0.7040) | val=67.3380 | lr=1.00e-04
2026-07-02 16:14:30,345 |   -> New best val loss: 67.3380 (saved best_model.pt)
2026-07-02 16:14:31,840 |   -> New best val loss: 67.1675 (saved best_model.pt)
2026-07-02 16:14:34,060 |   -> New best val loss: 66.0002 (saved best_model.pt)
2026-07-02 16:14:36,143 |   -> New best val loss: 65.6645 (saved best_model.pt)
2026-07-02 16:14:37,900 |   -> New best val loss: 65.0410 (saved best_model.pt)
2026-07-02 16:14:39,660 |   -> New best val loss: 64.4511 (saved best_model.pt)
2026-07-02 16:14:41,194 |   -> New best val loss: 63.2627 (saved best_model.pt)
2026-07-02 16:14:44,144 |   -> New best val loss: 62.5288 (saved best_model.pt)
2026-07-02 16:14:47,115 | Epoch   60/1000 | kl_g0_w=1.00 kl_u_w=1.00 | train=112.4748 (recon=104.9450, kl_g0=3.7230, kl_u=3.8068, cls=0.7090) | val=61.2993 | lr=1.00e-04
2026-07-02 16:14:47,130 |   -> New best val loss: 61.2993 (saved best_model.pt)
2026-07-02 16:14:52,293 |   -> New best val loss: 60.1999 (saved best_model.pt)
2026-07-02 16:14:53,793 |   -> New best val loss: 60.0381 (saved best_model.pt)
2026-07-02 16:14:56,420 |   -> New best val loss: 59.8404 (saved best_model.pt)
2026-07-02 16:14:57,989 |   -> New best val loss: 58.9437 (saved best_model.pt)
2026-07-02 16:14:59,519 |   -> New best val loss: 58.7237 (saved best_model.pt)
2026-07-02 16:15:02,192 |   -> New best val loss: 58.1926 (saved best_model.pt)
2026-07-02 16:15:03,750 |   -> New best val loss: 57.3636 (saved best_model.pt)
2026-07-02 16:15:05,235 |   -> New best val loss: 56.8171 (saved best_model.pt)
2026-07-02 16:15:06,725 | Epoch   70/1000 | kl_g0_w=1.00 kl_u_w=1.00 | train=96.5205 (recon=88.8171, kl_g0=3.9585, kl_u=3.7449, cls=0.7071) | val=57.0122 | lr=1.00e-04
2026-07-02 16:15:08,217 |   -> New best val loss: 55.8531 (saved best_model.pt)
2026-07-02 16:15:09,718 |   -> New best val loss: 55.7660 (saved best_model.pt)
2026-07-02 16:15:11,485 |   -> New best val loss: 55.4608 (saved best_model.pt)
2026-07-02 16:15:12,979 |   -> New best val loss: 55.2184 (saved best_model.pt)
2026-07-02 16:15:14,430 |   -> New best val loss: 54.7464 (saved best_model.pt)
2026-07-02 16:15:15,928 |   -> New best val loss: 54.1317 (saved best_model.pt)
2026-07-02 16:15:17,407 |   -> New best val loss: 53.9791 (saved best_model.pt)
2026-07-02 16:15:18,888 |   -> New best val loss: 53.5429 (saved best_model.pt)
2026-07-02 16:15:20,376 |   -> New best val loss: 52.8075 (saved best_model.pt)
2026-07-02 16:15:21,879 | Epoch   80/1000 | kl_g0_w=1.00 kl_u_w=1.00 | train=80.3542 (recon=72.5310, kl_g0=4.1598, kl_u=3.6634, cls=0.7087) | val=52.9877 | lr=1.00e-04
2026-07-02 16:15:23,364 |   -> New best val loss: 52.2312 (saved best_model.pt)
2026-07-02 16:15:24,875 |   -> New best val loss: 52.0660 (saved best_model.pt)
2026-07-02 16:15:26,387 |   -> New best val loss: 51.5060 (saved best_model.pt)
2026-07-02 16:15:27,948 |   -> New best val loss: 51.3051 (saved best_model.pt)
2026-07-02 16:15:29,427 |   -> New best val loss: 50.7375 (saved best_model.pt)
2026-07-02 16:15:30,968 |   -> New best val loss: 50.4707 (saved best_model.pt)
2026-07-02 16:15:32,483 |   -> New best val loss: 49.9143 (saved best_model.pt)
2026-07-02 16:15:34,128 |   -> New best val loss: 49.5528 (saved best_model.pt)
2026-07-02 16:15:35,685 |   -> New best val loss: 49.4102 (saved best_model.pt)
2026-07-02 16:15:37,449 | Epoch   90/1000 | kl_g0_w=1.00 kl_u_w=1.00 | train=69.2069 (recon=61.2500, kl_g0=4.3600, kl_u=3.5969, cls=0.7114) | val=48.7783 | lr=1.00e-04
2026-07-02 16:15:37,467 |   -> New best val loss: 48.7783 (saved best_model.pt)
2026-07-02 16:15:38,995 |   -> New best val loss: 48.5844 (saved best_model.pt)
2026-07-02 16:15:40,759 |   -> New best val loss: 48.3234 (saved best_model.pt)
2026-07-02 16:15:42,537 |   -> New best val loss: 47.9429 (saved best_model.pt)
2026-07-02 16:15:44,036 |   -> New best val loss: 47.9167 (saved best_model.pt)
2026-07-02 16:15:45,547 |   -> New best val loss: 47.5380 (saved best_model.pt)
2026-07-02 16:15:48,226 |   -> New best val loss: 47.2965 (saved best_model.pt)
2026-07-02 16:15:50,010 |   -> New best val loss: 46.9239 (saved best_model.pt)
2026-07-02 16:15:51,562 |   -> New best val loss: 46.8668 (saved best_model.pt)
2026-07-02 16:15:53,072 |   -> New best val loss: 46.5102 (saved best_model.pt)
2026-07-02 16:15:54,565 | Epoch  100/1000 | kl_g0_w=1.00 kl_u_w=1.00 | train=64.0309 (recon=55.9235, kl_g0=4.5334, kl_u=3.5740, cls=0.7167) | val=46.2619 | lr=1.00e-04
2026-07-02 16:15:54,585 |   -> New best val loss: 46.2619 (saved best_model.pt)
2026-07-02 16:15:57,226 |   -> New best val loss: 45.7223 (saved best_model.pt)
2026-07-02 16:15:58,938 |   -> New best val loss: 45.3286 (saved best_model.pt)
2026-07-02 16:16:01,929 |   -> New best val loss: 44.9744 (saved best_model.pt)
2026-07-02 16:16:04,865 |   -> New best val loss: 44.5951 (saved best_model.pt)
2026-07-02 16:16:07,457 |   -> New best val loss: 44.0040 (saved best_model.pt)
2026-07-02 16:16:10,408 |   -> New best val loss: 43.6647 (saved best_model.pt)
2026-07-02 16:16:12,151 | Epoch  110/1000 | kl_g0_w=1.00 kl_u_w=1.00 | train=56.9096 (recon=48.6833, kl_g0=4.7197, kl_u=3.5066, cls=0.7174) | val=43.5268 | lr=1.00e-04
2026-07-02 16:16:12,167 |   -> New best val loss: 43.5268 (saved best_model.pt)
2026-07-02 16:16:13,683 |   -> New best val loss: 43.1104 (saved best_model.pt)
2026-07-02 16:16:15,430 |   -> New best val loss: 42.8474 (saved best_model.pt)
2026-07-02 16:16:16,932 |   -> New best val loss: 42.6375 (saved best_model.pt)
2026-07-02 16:16:18,411 |   -> New best val loss: 42.3669 (saved best_model.pt)
2026-07-02 16:16:19,902 |   -> New best val loss: 42.3540 (saved best_model.pt)
2026-07-02 16:16:21,434 |   -> New best val loss: 41.8516 (saved best_model.pt)
2026-07-02 16:16:22,934 |   -> New best val loss: 41.7727 (saved best_model.pt)
2026-07-02 16:16:25,913 |   -> New best val loss: 41.2345 (saved best_model.pt)
2026-07-02 16:16:28,525 | Epoch  120/1000 | kl_g0_w=1.00 kl_u_w=1.00 | train=52.8553 (recon=44.5800, kl_g0=4.8750, kl_u=3.4004, cls=0.7173) | val=41.3496 | lr=1.00e-04
2026-07-02 16:16:31,140 |   -> New best val loss: 40.8174 (saved best_model.pt)
2026-07-02 16:16:32,660 |   -> New best val loss: 40.7986 (saved best_model.pt)
2026-07-02 16:16:36,489 |   -> New best val loss: 40.4945 (saved best_model.pt)
2026-07-02 16:16:38,012 |   -> New best val loss: 40.1806 (saved best_model.pt)
2026-07-02 16:16:41,011 |   -> New best val loss: 39.8976 (saved best_model.pt)
2026-07-02 16:16:42,525 |   -> New best val loss: 39.6702 (saved best_model.pt)
2026-07-02 16:16:44,030 |   -> New best val loss: 39.4294 (saved best_model.pt)
2026-07-02 16:16:45,797 | Epoch  130/1000 | kl_g0_w=1.00 kl_u_w=1.00 | train=49.1196 (recon=40.7397, kl_g0=5.0233, kl_u=3.3566, cls=0.7230) | val=39.5263 | lr=1.00e-04
2026-07-02 16:16:47,472 |   -> New best val loss: 39.1133 (saved best_model.pt)
2026-07-02 16:16:48,994 |   -> New best val loss: 39.0864 (saved best_model.pt)
2026-07-02 16:16:50,525 |   -> New best val loss: 38.8468 (saved best_model.pt)
2026-07-02 16:16:52,048 |   -> New best val loss: 38.6867 (saved best_model.pt)
2026-07-02 16:16:53,534 |   -> New best val loss: 38.4365 (saved best_model.pt)
2026-07-02 16:16:55,029 |   -> New best val loss: 38.1278 (saved best_model.pt)
2026-07-02 16:16:58,032 |   -> New best val loss: 37.7657 (saved best_model.pt)
2026-07-02 16:17:00,965 | Epoch  140/1000 | kl_g0_w=1.00 kl_u_w=1.00 | train=45.2824 (recon=36.7883, kl_g0=5.1660, kl_u=3.3281, cls=0.7229) | val=37.8283 | lr=1.00e-04
2026-07-02 16:17:02,478 |   -> New best val loss: 37.6503 (saved best_model.pt)
2026-07-02 16:17:04,002 |   -> New best val loss: 37.4798 (saved best_model.pt)
2026-07-02 16:17:06,984 |   -> New best val loss: 37.0119 (saved best_model.pt)
2026-07-02 16:17:09,931 |   -> New best val loss: 36.7525 (saved best_model.pt)
2026-07-02 16:17:11,469 |   -> New best val loss: 36.7106 (saved best_model.pt)
2026-07-02 16:17:13,312 |   -> New best val loss: 36.6157 (saved best_model.pt)
2026-07-02 16:17:14,829 |   -> New best val loss: 36.4613 (saved best_model.pt)
2026-07-02 16:17:16,362 | Epoch  150/1000 | kl_g0_w=1.00 kl_u_w=1.00 | train=42.3159 (recon=33.7036, kl_g0=5.2783, kl_u=3.3339, cls=0.7263) | val=36.3886 | lr=1.00e-04
2026-07-02 16:17:16,380 |   -> New best val loss: 36.3886 (saved best_model.pt)
2026-07-02 16:17:17,871 |   -> New best val loss: 36.2074 (saved best_model.pt)
2026-07-02 16:17:23,022 |   -> New best val loss: 35.9746 (saved best_model.pt)
2026-07-02 16:17:25,588 |   -> New best val loss: 35.8101 (saved best_model.pt)
2026-07-02 16:17:28,023 |   -> New best val loss: 35.6552 (saved best_model.pt)
2026-07-02 16:17:29,493 |   -> New best val loss: 35.4845 (saved best_model.pt)
2026-07-02 16:17:33,169 |   -> New best val loss: 35.1467 (saved best_model.pt)
2026-07-02 16:17:34,636 |   -> New best val loss: 35.0732 (saved best_model.pt)
2026-07-02 16:17:36,093 | Epoch  160/1000 | kl_g0_w=1.00 kl_u_w=1.00 | train=40.5088 (recon=31.7438, kl_g0=5.3797, kl_u=3.3852, cls=0.7325) | val=34.9703 | lr=1.00e-04
2026-07-02 16:17:36,110 |   -> New best val loss: 34.9703 (saved best_model.pt)
2026-07-02 16:17:39,565 |   -> New best val loss: 34.8139 (saved best_model.pt)
2026-07-02 16:17:41,045 |   -> New best val loss: 34.4864 (saved best_model.pt)
2026-07-02 16:17:44,045 |   -> New best val loss: 34.3066 (saved best_model.pt)
2026-07-02 16:17:47,057 |   -> New best val loss: 34.0480 (saved best_model.pt)
2026-07-02 16:17:50,019 |   -> New best val loss: 33.9534 (saved best_model.pt)
2026-07-02 16:17:51,515 | Epoch  170/1000 | kl_g0_w=1.00 kl_u_w=1.00 | train=38.1377 (recon=29.2627, kl_g0=5.4840, kl_u=3.3910, cls=0.7312) | val=33.8165 | lr=1.00e-04
2026-07-02 16:17:51,531 |   -> New best val loss: 33.8165 (saved best_model.pt)
2026-07-02 16:17:53,308 |   -> New best val loss: 33.5475 (saved best_model.pt)
2026-07-02 16:17:56,244 |   -> New best val loss: 33.3999 (saved best_model.pt)
2026-07-02 16:17:57,759 |   -> New best val loss: 33.1818 (saved best_model.pt)
2026-07-02 16:18:00,955 |   -> New best val loss: 33.0427 (saved best_model.pt)
2026-07-02 16:18:02,461 |   -> New best val loss: 32.9873 (saved best_model.pt)
2026-07-02 16:18:03,979 |   -> New best val loss: 32.7903 (saved best_model.pt)
2026-07-02 16:18:06,970 | Epoch  180/1000 | kl_g0_w=1.00 kl_u_w=1.00 | train=36.3656 (recon=27.4136, kl_g0=5.5728, kl_u=3.3792, cls=0.7343) | val=32.5880 | lr=1.00e-04
2026-07-02 16:18:06,988 |   -> New best val loss: 32.5880 (saved best_model.pt)
2026-07-02 16:18:08,450 |   -> New best val loss: 32.5386 (saved best_model.pt)
2026-07-02 16:18:11,468 |   -> New best val loss: 32.3699 (saved best_model.pt)
2026-07-02 16:18:12,975 |   -> New best val loss: 32.3158 (saved best_model.pt)
2026-07-02 16:18:14,443 |   -> New best val loss: 32.1146 (saved best_model.pt)
2026-07-02 16:18:16,197 |   -> New best val loss: 32.0257 (saved best_model.pt)
2026-07-02 16:18:17,944 |   -> New best val loss: 31.8683 (saved best_model.pt)
2026-07-02 16:18:19,763 |   -> New best val loss: 31.8291 (saved best_model.pt)
2026-07-02 16:18:21,210 |   -> New best val loss: 31.7944 (saved best_model.pt)
2026-07-02 16:18:22,668 | Epoch  190/1000 | kl_g0_w=1.00 kl_u_w=1.00 | train=34.3562 (recon=25.3227, kl_g0=5.6457, kl_u=3.3878, cls=0.7366) | val=31.4472 | lr=1.00e-04
2026-07-02 16:18:22,690 |   -> New best val loss: 31.4472 (saved best_model.pt)
2026-07-02 16:18:27,778 |   -> New best val loss: 31.4097 (saved best_model.pt)
2026-07-02 16:18:29,927 |   -> New best val loss: 31.1331 (saved best_model.pt)
2026-07-02 16:18:31,370 |   -> New best val loss: 31.1160 (saved best_model.pt)
2026-07-02 16:18:32,851 |   -> New best val loss: 31.1143 (saved best_model.pt)
2026-07-02 16:18:34,304 |   -> New best val loss: 30.9676 (saved best_model.pt)
2026-07-02 16:18:35,762 |   -> New best val loss: 30.7437 (saved best_model.pt)
2026-07-02 16:18:37,824 |   -> New best val loss: 30.7074 (saved best_model.pt)
2026-07-02 16:18:40,757 | Epoch  200/1000 | kl_g0_w=1.00 kl_u_w=1.00 | train=32.7349 (recon=23.6308, kl_g0=5.7223, kl_u=3.3817, cls=0.7406) | val=30.3426 | lr=1.00e-04
2026-07-02 16:18:40,774 |   -> New best val loss: 30.3426 (saved best_model.pt)
2026-07-02 16:18:43,716 |   -> New best val loss: 30.2938 (saved best_model.pt)
2026-07-02 16:18:48,943 |   -> New best val loss: 29.9544 (saved best_model.pt)
2026-07-02 16:18:55,284 |   -> New best val loss: 29.6818 (saved best_model.pt)
2026-07-02 16:18:58,367 | Epoch  210/1000 | kl_g0_w=1.00 kl_u_w=1.00 | train=31.4329 (recon=22.2643, kl_g0=5.7773, kl_u=3.3913, cls=0.7405) | val=29.6180 | lr=1.00e-04
2026-07-02 16:18:58,385 |   -> New best val loss: 29.6180 (saved best_model.pt)
2026-07-02 16:18:59,905 |   -> New best val loss: 29.5660 (saved best_model.pt)
2026-07-02 16:19:01,671 |   -> New best val loss: 29.5494 (saved best_model.pt)
2026-07-02 16:19:03,222 |   -> New best val loss: 29.1821 (saved best_model.pt)
2026-07-02 16:19:06,244 |   -> New best val loss: 29.0876 (saved best_model.pt)
2026-07-02 16:19:09,350 |   -> New best val loss: 28.9472 (saved best_model.pt)
2026-07-02 16:19:10,827 |   -> New best val loss: 28.8195 (saved best_model.pt)
2026-07-02 16:19:12,363 |   -> New best val loss: 28.7681 (saved best_model.pt)
2026-07-02 16:19:13,813 | Epoch  220/1000 | kl_g0_w=1.00 kl_u_w=1.00 | train=30.0633 (recon=20.8485, kl_g0=5.8313, kl_u=3.3835, cls=0.7444) | val=28.7185 | lr=1.00e-04
2026-07-02 16:19:13,829 |   -> New best val loss: 28.7185 (saved best_model.pt)
2026-07-02 16:19:18,985 |   -> New best val loss: 28.2905 (saved best_model.pt)
2026-07-02 16:19:24,824 |   -> New best val loss: 28.2119 (saved best_model.pt)
2026-07-02 16:19:28,398 |   -> New best val loss: 27.9945 (saved best_model.pt)
2026-07-02 16:19:29,908 |   -> New best val loss: 27.9299 (saved best_model.pt)
2026-07-02 16:19:31,382 | Epoch  230/1000 | kl_g0_w=1.00 kl_u_w=1.00 | train=28.9534 (recon=19.7160, kl_g0=5.8638, kl_u=3.3736, cls=0.7478) | val=27.8511 | lr=1.00e-04
2026-07-02 16:19:31,397 |   -> New best val loss: 27.8511 (saved best_model.pt)
2026-07-02 16:19:34,345 |   -> New best val loss: 27.7196 (saved best_model.pt)
2026-07-02 16:19:35,836 |   -> New best val loss: 27.5150 (saved best_model.pt)
2026-07-02 16:19:38,785 |   -> New best val loss: 27.3384 (saved best_model.pt)
2026-07-02 16:19:43,175 |   -> New best val loss: 27.1376 (saved best_model.pt)
2026-07-02 16:19:47,649 | Epoch  240/1000 | kl_g0_w=1.00 kl_u_w=1.00 | train=27.8120 (recon=18.5332, kl_g0=5.9031, kl_u=3.3757, cls=0.7487) | val=27.1696 | lr=1.00e-04
2026-07-02 16:19:50,344 |   -> New best val loss: 26.9518 (saved best_model.pt)
2026-07-02 16:19:53,319 |   -> New best val loss: 26.8411 (saved best_model.pt)
2026-07-02 16:19:56,290 |   -> New best val loss: 26.6522 (saved best_model.pt)
2026-07-02 16:19:57,955 |   -> New best val loss: 26.6180 (saved best_model.pt)
2026-07-02 16:20:00,524 |   -> New best val loss: 26.5952 (saved best_model.pt)
2026-07-02 16:20:02,026 |   -> New best val loss: 26.4335 (saved best_model.pt)
2026-07-02 16:20:04,961 | Epoch  250/1000 | kl_g0_w=1.00 kl_u_w=1.00 | train=27.0473 (recon=17.7392, kl_g0=5.9293, kl_u=3.3787, cls=0.7537) | val=26.3704 | lr=1.00e-04
2026-07-02 16:20:04,975 |   -> New best val loss: 26.3704 (saved best_model.pt)
2026-07-02 16:20:07,962 |   -> New best val loss: 26.2046 (saved best_model.pt)
2026-07-02 16:20:09,440 |   -> New best val loss: 26.1237 (saved best_model.pt)
2026-07-02 16:20:11,186 |   -> New best val loss: 25.9588 (saved best_model.pt)
2026-07-02 16:20:18,201 |   -> New best val loss: 25.8249 (saved best_model.pt)
2026-07-02 16:20:21,169 |   -> New best val loss: 25.6804 (saved best_model.pt)
2026-07-02 16:20:22,667 | Epoch  260/1000 | kl_g0_w=1.00 kl_u_w=1.00 | train=25.9547 (recon=16.6577, kl_g0=5.9338, kl_u=3.3633, cls=0.7584) | val=25.6183 | lr=1.00e-04
2026-07-02 16:20:22,684 |   -> New best val loss: 25.6183 (saved best_model.pt)
2026-07-02 16:20:24,422 |   -> New best val loss: 25.5477 (saved best_model.pt)
2026-07-02 16:20:25,891 |   -> New best val loss: 25.4888 (saved best_model.pt)
2026-07-02 16:20:27,452 |   -> New best val loss: 25.3058 (saved best_model.pt)
2026-07-02 16:20:28,983 |   -> New best val loss: 25.2757 (saved best_model.pt)
2026-07-02 16:20:30,474 |   -> New best val loss: 25.2496 (saved best_model.pt)
2026-07-02 16:20:33,890 |   -> New best val loss: 25.1779 (saved best_model.pt)
2026-07-02 16:20:35,404 |   -> New best val loss: 24.9588 (saved best_model.pt)
2026-07-02 16:20:38,289 | Epoch  270/1000 | kl_g0_w=1.00 kl_u_w=1.00 | train=25.2584 (recon=15.9730, kl_g0=5.9426, kl_u=3.3428, cls=0.7594) | val=24.8507 | lr=1.00e-04
2026-07-02 16:20:38,307 |   -> New best val loss: 24.8507 (saved best_model.pt)
2026-07-02 16:20:40,872 |   -> New best val loss: 24.8158 (saved best_model.pt)
2026-07-02 16:20:43,821 |   -> New best val loss: 24.6915 (saved best_model.pt)
2026-07-02 16:20:46,765 |   -> New best val loss: 24.5755 (saved best_model.pt)
2026-07-02 16:20:48,224 |   -> New best val loss: 24.5559 (saved best_model.pt)
2026-07-02 16:20:49,686 |   -> New best val loss: 24.4908 (saved best_model.pt)
2026-07-02 16:20:51,146 |   -> New best val loss: 24.4104 (saved best_model.pt)
2026-07-02 16:20:54,052 | Epoch  280/1000 | kl_g0_w=1.00 kl_u_w=1.00 | train=24.4242 (recon=15.1466, kl_g0=5.9302, kl_u=3.3474, cls=0.7620) | val=24.2410 | lr=1.00e-04
2026-07-02 16:20:54,070 |   -> New best val loss: 24.2410 (saved best_model.pt)
2026-07-02 16:20:55,707 |   -> New best val loss: 24.1578 (saved best_model.pt)
2026-07-02 16:20:57,164 |   -> New best val loss: 24.1524 (saved best_model.pt)
2026-07-02 16:21:00,457 |   -> New best val loss: 23.9148 (saved best_model.pt)
2026-07-02 16:21:03,412 |   -> New best val loss: 23.9121 (saved best_model.pt)
2026-07-02 16:21:04,953 |   -> New best val loss: 23.8391 (saved best_model.pt)
2026-07-02 16:21:07,983 |   -> New best val loss: 23.7260 (saved best_model.pt)
2026-07-02 16:21:09,461 | Epoch  290/1000 | kl_g0_w=1.00 kl_u_w=1.00 | train=23.8037 (recon=14.5573, kl_g0=5.9071, kl_u=3.3394, cls=0.7650) | val=23.6925 | lr=1.00e-04
2026-07-02 16:21:09,478 |   -> New best val loss: 23.6925 (saved best_model.pt)
2026-07-02 16:21:11,009 |   -> New best val loss: 23.6913 (saved best_model.pt)
2026-07-02 16:21:12,629 |   -> New best val loss: 23.5051 (saved best_model.pt)
2026-07-02 16:21:15,583 |   -> New best val loss: 23.3819 (saved best_model.pt)
2026-07-02 16:21:20,359 |   -> New best val loss: 23.3657 (saved best_model.pt)
2026-07-02 16:21:21,811 |   -> New best val loss: 23.2852 (saved best_model.pt)
2026-07-02 16:21:23,355 |   -> New best val loss: 23.1716 (saved best_model.pt)
2026-07-02 16:21:24,811 |   -> New best val loss: 23.0913 (saved best_model.pt)
2026-07-02 16:21:26,255 | Epoch  300/1000 | kl_g0_w=1.00 kl_u_w=1.00 | train=23.2038 (recon=14.0143, kl_g0=5.8778, kl_u=3.3118, cls=0.7701) | val=23.0276 | lr=1.00e-04
2026-07-02 16:21:26,272 |   -> New best val loss: 23.0276 (saved best_model.pt)
2026-07-02 16:21:27,731 |   -> New best val loss: 22.9943 (saved best_model.pt)
2026-07-02 16:21:30,994 |   -> New best val loss: 22.8622 (saved best_model.pt)
2026-07-02 16:21:32,467 |   -> New best val loss: 22.7864 (saved best_model.pt)
2026-07-02 16:21:35,339 |   -> New best val loss: 22.5834 (saved best_model.pt)
2026-07-02 16:21:41,146 | Epoch  310/1000 | kl_g0_w=1.00 kl_u_w=1.00 | train=22.5173 (recon=13.3870, kl_g0=5.8190, kl_u=3.3113, cls=0.7710) | val=22.4423 | lr=1.00e-04
2026-07-02 16:21:41,165 |   -> New best val loss: 22.4423 (saved best_model.pt)
2026-07-02 16:21:45,689 |   -> New best val loss: 22.3119 (saved best_model.pt)
2026-07-02 16:21:47,174 |   -> New best val loss: 22.2946 (saved best_model.pt)
2026-07-02 16:21:48,644 |   -> New best val loss: 22.2734 (saved best_model.pt)
2026-07-02 16:21:50,374 |   -> New best val loss: 22.1305 (saved best_model.pt)
2026-07-02 16:21:53,283 |   -> New best val loss: 22.0876 (saved best_model.pt)
2026-07-02 16:21:54,746 |   -> New best val loss: 22.0051 (saved best_model.pt)
2026-07-02 16:21:56,209 | Epoch  320/1000 | kl_g0_w=1.00 kl_u_w=1.00 | train=21.8911 (recon=12.8577, kl_g0=5.7529, kl_u=3.2806, cls=0.7742) | val=21.8946 | lr=1.00e-04
2026-07-02 16:21:56,228 |   -> New best val loss: 21.8946 (saved best_model.pt)
2026-07-02 16:21:59,732 |   -> New best val loss: 21.8828 (saved best_model.pt)
2026-07-02 16:22:01,241 |   -> New best val loss: 21.7476 (saved best_model.pt)
2026-07-02 16:22:02,931 |   -> New best val loss: 21.6947 (saved best_model.pt)
2026-07-02 16:22:05,896 |   -> New best val loss: 21.6035 (saved best_model.pt)
2026-07-02 16:22:07,387 |   -> New best val loss: 21.4955 (saved best_model.pt)
2026-07-02 16:22:08,864 |   -> New best val loss: 21.4161 (saved best_model.pt)
2026-07-02 16:22:11,828 | Epoch  330/1000 | kl_g0_w=1.00 kl_u_w=1.00 | train=21.3384 (recon=12.4017, kl_g0=5.6688, kl_u=3.2679, cls=0.7788) | val=21.3548 | lr=1.00e-04
2026-07-02 16:22:11,846 |   -> New best val loss: 21.3548 (saved best_model.pt)
2026-07-02 16:22:13,408 |   -> New best val loss: 21.3088 (saved best_model.pt)
2026-07-02 16:22:16,370 |   -> New best val loss: 21.2486 (saved best_model.pt)
2026-07-02 16:22:18,139 |   -> New best val loss: 21.1273 (saved best_model.pt)
2026-07-02 16:22:21,428 |   -> New best val loss: 21.1216 (saved best_model.pt)
2026-07-02 16:22:24,113 |   -> New best val loss: 21.0597 (saved best_model.pt)
2026-07-02 16:22:26,686 |   -> New best val loss: 20.9005 (saved best_model.pt)
2026-07-02 16:22:29,706 | Epoch  340/1000 | kl_g0_w=1.00 kl_u_w=1.00 | train=20.8068 (recon=11.9530, kl_g0=5.5919, kl_u=3.2619, cls=0.7810) | val=20.9026 | lr=1.00e-04
2026-07-02 16:22:31,420 |   -> New best val loss: 20.7605 (saved best_model.pt)
2026-07-02 16:22:32,948 |   -> New best val loss: 20.7368 (saved best_model.pt)
2026-07-02 16:22:34,470 |   -> New best val loss: 20.6338 (saved best_model.pt)
2026-07-02 16:22:37,449 |   -> New best val loss: 20.6320 (saved best_model.pt)
2026-07-02 16:22:38,944 |   -> New best val loss: 20.5119 (saved best_model.pt)
2026-07-02 16:22:41,935 |   -> New best val loss: 20.4198 (saved best_model.pt)
2026-07-02 16:22:44,297 |   -> New best val loss: 20.3597 (saved best_model.pt)
2026-07-02 16:22:45,824 | Epoch  350/1000 | kl_g0_w=1.00 kl_u_w=1.00 | train=20.3109 (recon=11.6291, kl_g0=5.4535, kl_u=3.2283, cls=0.7840) | val=20.3181 | lr=1.00e-04
2026-07-02 16:22:45,842 |   -> New best val loss: 20.3181 (saved best_model.pt)
2026-07-02 16:22:48,444 |   -> New best val loss: 20.2869 (saved best_model.pt)
2026-07-02 16:22:49,977 |   -> New best val loss: 20.1945 (saved best_model.pt)
2026-07-02 16:22:51,505 |   -> New best val loss: 20.1506 (saved best_model.pt)
2026-07-02 16:22:54,207 |   -> New best val loss: 20.0689 (saved best_model.pt)
2026-07-02 16:22:55,795 |   -> New best val loss: 20.0378 (saved best_model.pt)
2026-07-02 16:22:57,394 |   -> New best val loss: 20.0089 (saved best_model.pt)
2026-07-02 16:22:59,022 |   -> New best val loss: 19.9399 (saved best_model.pt)
2026-07-02 16:23:00,582 |   -> New best val loss: 19.9394 (saved best_model.pt)
2026-07-02 16:23:02,125 |   -> New best val loss: 19.9012 (saved best_model.pt)
2026-07-02 16:23:03,927 | Epoch  360/1000 | kl_g0_w=1.00 kl_u_w=1.00 | train=19.8485 (recon=11.3042, kl_g0=5.3106, kl_u=3.2337, cls=0.7861) | val=19.8780 | lr=1.00e-04
2026-07-02 16:23:03,949 |   -> New best val loss: 19.8780 (saved best_model.pt)
2026-07-02 16:23:05,467 |   -> New best val loss: 19.7339 (saved best_model.pt)
2026-07-02 16:23:07,033 |   -> New best val loss: 19.7184 (saved best_model.pt)
2026-07-02 16:23:08,574 |   -> New best val loss: 19.6182 (saved best_model.pt)
2026-07-02 16:23:10,091 |   -> New best val loss: 19.5533 (saved best_model.pt)
2026-07-02 16:23:12,740 |   -> New best val loss: 19.5501 (saved best_model.pt)
2026-07-02 16:23:15,349 |   -> New best val loss: 19.5500 (saved best_model.pt)
2026-07-02 16:23:17,095 |   -> New best val loss: 19.4322 (saved best_model.pt)
2026-07-02 16:23:18,594 |   -> New best val loss: 19.4117 (saved best_model.pt)
2026-07-02 16:23:20,110 |   -> New best val loss: 19.2899 (saved best_model.pt)
2026-07-02 16:23:21,595 | Epoch  370/1000 | kl_g0_w=1.00 kl_u_w=1.00 | train=19.3640 (recon=10.9877, kl_g0=5.1764, kl_u=3.1999, cls=0.7894) | val=19.3832 | lr=1.00e-04
2026-07-02 16:23:23,140 |   -> New best val loss: 19.2256 (saved best_model.pt)
2026-07-02 16:23:26,086 |   -> New best val loss: 19.1169 (saved best_model.pt)
2026-07-02 16:23:27,599 |   -> New best val loss: 19.0900 (saved best_model.pt)
2026-07-02 16:23:30,180 |   -> New best val loss: 19.0589 (saved best_model.pt)
2026-07-02 16:23:31,949 |   -> New best val loss: 18.9794 (saved best_model.pt)
2026-07-02 16:23:33,481 |   -> New best val loss: 18.9622 (saved best_model.pt)
2026-07-02 16:23:35,023 |   -> New best val loss: 18.9274 (saved best_model.pt)
2026-07-02 16:23:36,529 |   -> New best val loss: 18.8652 (saved best_model.pt)
2026-07-02 16:23:38,058 | Epoch  380/1000 | kl_g0_w=1.00 kl_u_w=1.00 | train=18.9315 (recon=10.7091, kl_g0=5.0173, kl_u=3.2051, cls=0.7938) | val=18.8186 | lr=1.00e-04
2026-07-02 16:23:38,077 |   -> New best val loss: 18.8186 (saved best_model.pt)
2026-07-02 16:23:40,666 |   -> New best val loss: 18.8172 (saved best_model.pt)
2026-07-02 16:23:42,161 |   -> New best val loss: 18.6777 (saved best_model.pt)
2026-07-02 16:23:44,552 |   -> New best val loss: 18.6489 (saved best_model.pt)
2026-07-02 16:23:47,576 |   -> New best val loss: 18.5816 (saved best_model.pt)
2026-07-02 16:23:49,398 |   -> New best val loss: 18.5740 (saved best_model.pt)
2026-07-02 16:23:52,042 |   -> New best val loss: 18.4870 (saved best_model.pt)
2026-07-02 16:23:53,655 |   -> New best val loss: 18.4312 (saved best_model.pt)
2026-07-02 16:23:55,200 |   -> New best val loss: 18.4119 (saved best_model.pt)
2026-07-02 16:23:56,731 | Epoch  390/1000 | kl_g0_w=1.00 kl_u_w=1.00 | train=18.4453 (recon=10.3964, kl_g0=4.8690, kl_u=3.1799, cls=0.7959) | val=18.3231 | lr=1.00e-04
2026-07-02 16:23:56,746 |   -> New best val loss: 18.3231 (saved best_model.pt)
2026-07-02 16:24:00,166 |   -> New best val loss: 18.2713 (saved best_model.pt)
2026-07-02 16:24:01,683 |   -> New best val loss: 18.1801 (saved best_model.pt)
2026-07-02 16:24:03,215 |   -> New best val loss: 18.0463 (saved best_model.pt)
2026-07-02 16:24:07,650 |   -> New best val loss: 17.9280 (saved best_model.pt)
2026-07-02 16:24:09,405 |   -> New best val loss: 17.9075 (saved best_model.pt)
2026-07-02 16:24:10,899 |   -> New best val loss: 17.8753 (saved best_model.pt)
2026-07-02 16:24:12,411 | Epoch  400/1000 | kl_g0_w=1.00 kl_u_w=1.00 | train=17.9863 (recon=10.1988, kl_g0=4.6274, kl_u=3.1601, cls=0.7966) | val=17.8243 | lr=1.00e-04
2026-07-02 16:24:12,426 |   -> New best val loss: 17.8243 (saved best_model.pt)
2026-07-02 16:24:15,129 |   -> New best val loss: 17.7924 (saved best_model.pt)
2026-07-02 16:24:16,623 |   -> New best val loss: 17.7351 (saved best_model.pt)
2026-07-02 16:24:18,154 |   -> New best val loss: 17.6853 (saved best_model.pt)
2026-07-02 16:24:19,659 |   -> New best val loss: 17.6237 (saved best_model.pt)
2026-07-02 16:24:21,182 |   -> New best val loss: 17.5498 (saved best_model.pt)
2026-07-02 16:24:22,719 |   -> New best val loss: 17.5149 (saved best_model.pt)
2026-07-02 16:24:25,442 |   -> New best val loss: 17.4566 (saved best_model.pt)
2026-07-02 16:24:26,951 |   -> New best val loss: 17.4107 (saved best_model.pt)
2026-07-02 16:24:28,703 |   -> New best val loss: 17.3576 (saved best_model.pt)
2026-07-02 16:24:30,194 | Epoch  410/1000 | kl_g0_w=1.00 kl_u_w=1.00 | train=17.4680 (recon=9.9046, kl_g0=4.4220, kl_u=3.1414, cls=0.7956) | val=17.3574 | lr=1.00e-04
2026-07-02 16:24:30,209 |   -> New best val loss: 17.3574 (saved best_model.pt)
2026-07-02 16:24:31,967 |   -> New best val loss: 17.2671 (saved best_model.pt)
2026-07-02 16:24:33,557 |   -> New best val loss: 17.2446 (saved best_model.pt)
2026-07-02 16:24:35,041 |   -> New best val loss: 17.2117 (saved best_model.pt)
2026-07-02 16:24:36,533 |   -> New best val loss: 17.1557 (saved best_model.pt)
2026-07-02 16:24:37,996 |   -> New best val loss: 17.1376 (saved best_model.pt)
2026-07-02 16:24:39,452 |   -> New best val loss: 17.0337 (saved best_model.pt)
2026-07-02 16:24:40,923 |   -> New best val loss: 16.9928 (saved best_model.pt)
2026-07-02 16:24:42,395 |   -> New best val loss: 16.9798 (saved best_model.pt)
2026-07-02 16:24:43,892 |   -> New best val loss: 16.9087 (saved best_model.pt)
2026-07-02 16:24:45,365 | Epoch  420/1000 | kl_g0_w=1.00 kl_u_w=1.00 | train=17.0438 (recon=9.6822, kl_g0=4.2308, kl_u=3.1308, cls=0.7976) | val=16.8599 | lr=1.00e-04
2026-07-02 16:24:45,381 |   -> New best val loss: 16.8599 (saved best_model.pt)
2026-07-02 16:24:46,869 |   -> New best val loss: 16.8442 (saved best_model.pt)
2026-07-02 16:24:48,403 |   -> New best val loss: 16.7846 (saved best_model.pt)
2026-07-02 16:24:50,155 |   -> New best val loss: 16.7501 (saved best_model.pt)
2026-07-02 16:24:51,621 |   -> New best val loss: 16.6626 (saved best_model.pt)
2026-07-02 16:24:53,115 |   -> New best val loss: 16.6176 (saved best_model.pt)
2026-07-02 16:24:54,606 |   -> New best val loss: 16.5770 (saved best_model.pt)
2026-07-02 16:24:56,068 |   -> New best val loss: 16.5049 (saved best_model.pt)
2026-07-02 16:24:57,558 |   -> New best val loss: 16.5040 (saved best_model.pt)
2026-07-02 16:24:59,084 |   -> New best val loss: 16.4669 (saved best_model.pt)
2026-07-02 16:25:00,597 | Epoch  430/1000 | kl_g0_w=1.00 kl_u_w=1.00 | train=16.5778 (recon=9.4801, kl_g0=3.9892, kl_u=3.1084, cls=0.8009) | val=16.3544 | lr=1.00e-04
2026-07-02 16:25:00,663 |   -> New best val loss: 16.3544 (saved best_model.pt)
2026-07-02 16:25:02,416 |   -> New best val loss: 16.3475 (saved best_model.pt)
2026-07-02 16:25:03,891 |   -> New best val loss: 16.2740 (saved best_model.pt)
2026-07-02 16:25:05,686 |   -> New best val loss: 16.2383 (saved best_model.pt)
2026-07-02 16:25:07,195 |   -> New best val loss: 16.2150 (saved best_model.pt)
2026-07-02 16:25:08,770 |   -> New best val loss: 16.1476 (saved best_model.pt)
2026-07-02 16:25:10,302 |   -> New best val loss: 16.1133 (saved best_model.pt)
2026-07-02 16:25:11,830 |   -> New best val loss: 16.0554 (saved best_model.pt)
2026-07-02 16:25:13,512 |   -> New best val loss: 16.0016 (saved best_model.pt)
2026-07-02 16:25:15,020 |   -> New best val loss: 15.9501 (saved best_model.pt)
2026-07-02 16:25:16,501 | Epoch  440/1000 | kl_g0_w=1.00 kl_u_w=1.00 | train=16.1517 (recon=9.3061, kl_g0=3.7614, kl_u=3.0843, cls=0.8021) | val=15.9430 | lr=1.00e-04
2026-07-02 16:25:16,516 |   -> New best val loss: 15.9430 (saved best_model.pt)
2026-07-02 16:25:18,016 |   -> New best val loss: 15.9115 (saved best_model.pt)
2026-07-02 16:25:19,587 |   -> New best val loss: 15.8824 (saved best_model.pt)
2026-07-02 16:25:21,068 |   -> New best val loss: 15.8047 (saved best_model.pt)
2026-07-02 16:25:22,613 |   -> New best val loss: 15.7778 (saved best_model.pt)
2026-07-02 16:25:24,144 |   -> New best val loss: 15.6962 (saved best_model.pt)
2026-07-02 16:25:27,168 |   -> New best val loss: 15.6322 (saved best_model.pt)
2026-07-02 16:25:28,715 |   -> New best val loss: 15.5951 (saved best_model.pt)
2026-07-02 16:25:30,247 |   -> New best val loss: 15.5446 (saved best_model.pt)
2026-07-02 16:25:31,764 | Epoch  450/1000 | kl_g0_w=1.00 kl_u_w=1.00 | train=15.6976 (recon=9.1109, kl_g0=3.5126, kl_u=3.0741, cls=0.8046) | val=15.5098 | lr=1.00e-04
2026-07-02 16:25:31,782 |   -> New best val loss: 15.5098 (saved best_model.pt)
2026-07-02 16:25:33,322 |   -> New best val loss: 15.4268 (saved best_model.pt)
2026-07-02 16:25:34,844 |   -> New best val loss: 15.4201 (saved best_model.pt)
2026-07-02 16:25:36,359 |   -> New best val loss: 15.3304 (saved best_model.pt)
2026-07-02 16:25:39,724 |   -> New best val loss: 15.2859 (saved best_model.pt)
2026-07-02 16:25:41,236 |   -> New best val loss: 15.2078 (saved best_model.pt)
2026-07-02 16:25:42,740 |   -> New best val loss: 15.1888 (saved best_model.pt)
2026-07-02 16:25:44,275 |   -> New best val loss: 15.1491 (saved best_model.pt)
2026-07-02 16:25:45,762 |   -> New best val loss: 15.1200 (saved best_model.pt)
2026-07-02 16:25:47,291 | Epoch  460/1000 | kl_g0_w=1.00 kl_u_w=1.00 | train=15.3310 (recon=8.9894, kl_g0=3.2987, kl_u=3.0429, cls=0.8028) | val=15.0897 | lr=1.00e-04
2026-07-02 16:25:47,311 |   -> New best val loss: 15.0897 (saved best_model.pt)
2026-07-02 16:25:48,829 |   -> New best val loss: 15.0481 (saved best_model.pt)
2026-07-02 16:25:50,337 |   -> New best val loss: 15.0006 (saved best_model.pt)
2026-07-02 16:25:51,810 |   -> New best val loss: 14.9600 (saved best_model.pt)
2026-07-02 16:25:53,278 |   -> New best val loss: 14.9022 (saved best_model.pt)
2026-07-02 16:25:54,750 |   -> New best val loss: 14.8969 (saved best_model.pt)
2026-07-02 16:25:56,217 |   -> New best val loss: 14.7802 (saved best_model.pt)
2026-07-02 16:25:59,189 |   -> New best val loss: 14.7239 (saved best_model.pt)
2026-07-02 16:26:02,202 | Epoch  470/1000 | kl_g0_w=1.00 kl_u_w=1.00 | train=14.9474 (recon=8.8622, kl_g0=3.0451, kl_u=3.0401, cls=0.8056) | val=14.6734 | lr=1.00e-04
2026-07-02 16:26:02,221 |   -> New best val loss: 14.6734 (saved best_model.pt)
2026-07-02 16:26:04,016 |   -> New best val loss: 14.6294 (saved best_model.pt)
2026-07-02 16:26:05,641 |   -> New best val loss: 14.5721 (saved best_model.pt)
2026-07-02 16:26:07,129 |   -> New best val loss: 14.5203 (saved best_model.pt)
2026-07-02 16:26:08,629 |   -> New best val loss: 14.4760 (saved best_model.pt)
2026-07-02 16:26:10,128 |   -> New best val loss: 14.4736 (saved best_model.pt)
2026-07-02 16:26:11,678 |   -> New best val loss: 14.4199 (saved best_model.pt)
2026-07-02 16:26:13,177 |   -> New best val loss: 14.3794 (saved best_model.pt)
2026-07-02 16:26:14,941 |   -> New best val loss: 14.3466 (saved best_model.pt)
2026-07-02 16:26:17,557 |   -> New best val loss: 14.2760 (saved best_model.pt)
2026-07-02 16:26:19,043 | Epoch  480/1000 | kl_g0_w=1.00 kl_u_w=1.00 | train=14.5375 (recon=8.6875, kl_g0=2.8363, kl_u=3.0138, cls=0.8083) | val=14.2377 | lr=1.00e-04
2026-07-02 16:26:19,063 |   -> New best val loss: 14.2377 (saved best_model.pt)
2026-07-02 16:26:20,585 |   -> New best val loss: 14.2113 (saved best_model.pt)
2026-07-02 16:26:22,081 |   -> New best val loss: 14.1667 (saved best_model.pt)
2026-07-02 16:26:23,588 |   -> New best val loss: 14.1521 (saved best_model.pt)
2026-07-02 16:26:25,081 |   -> New best val loss: 14.0819 (saved best_model.pt)
2026-07-02 16:26:27,687 |   -> New best val loss: 14.0586 (saved best_model.pt)
2026-07-02 16:26:29,147 |   -> New best val loss: 13.9988 (saved best_model.pt)
2026-07-02 16:26:30,607 |   -> New best val loss: 13.9720 (saved best_model.pt)
2026-07-02 16:26:32,066 |   -> New best val loss: 13.9186 (saved best_model.pt)
2026-07-02 16:26:33,554 |   -> New best val loss: 13.9098 (saved best_model.pt)
2026-07-02 16:26:35,231 | Epoch  490/1000 | kl_g0_w=1.00 kl_u_w=1.00 | train=14.0755 (recon=8.4636, kl_g0=2.6086, kl_u=3.0032, cls=0.8075) | val=13.8799 | lr=1.00e-04
2026-07-02 16:26:35,246 |   -> New best val loss: 13.8799 (saved best_model.pt)
2026-07-02 16:26:36,726 |   -> New best val loss: 13.8552 (saved best_model.pt)
2026-07-02 16:26:38,194 |   -> New best val loss: 13.7747 (saved best_model.pt)
2026-07-02 16:26:39,740 |   -> New best val loss: 13.7374 (saved best_model.pt)
2026-07-02 16:26:41,213 |   -> New best val loss: 13.7156 (saved best_model.pt)
2026-07-02 16:26:42,694 |   -> New best val loss: 13.6723 (saved best_model.pt)
2026-07-02 16:26:44,201 |   -> New best val loss: 13.6260 (saved best_model.pt)
2026-07-02 16:26:46,250 |   -> New best val loss: 13.5584 (saved best_model.pt)
2026-07-02 16:26:47,756 |   -> New best val loss: 13.5100 (saved best_model.pt)
2026-07-02 16:26:50,816 | Epoch  500/1000 | kl_g0_w=1.00 kl_u_w=1.00 | train=13.6697 (recon=8.2714, kl_g0=2.3911, kl_u=3.0072, cls=0.8081) | val=13.4795 | lr=1.00e-04
2026-07-02 16:26:50,832 |   -> New best val loss: 13.4795 (saved best_model.pt)
2026-07-02 16:26:52,390 |   -> New best val loss: 13.4249 (saved best_model.pt)
2026-07-02 16:26:54,577 |   -> New best val loss: 13.3967 (saved best_model.pt)
2026-07-02 16:26:56,321 |   -> New best val loss: 13.3631 (saved best_model.pt)
2026-07-02 16:26:57,809 |   -> New best val loss: 13.3309 (saved best_model.pt)
2026-07-02 16:26:59,288 |   -> New best val loss: 13.2922 (saved best_model.pt)
2026-07-02 16:27:00,764 |   -> New best val loss: 13.2589 (saved best_model.pt)
2026-07-02 16:27:02,220 |   -> New best val loss: 13.2512 (saved best_model.pt)
2026-07-02 16:27:03,723 |   -> New best val loss: 13.1760 (saved best_model.pt)
2026-07-02 16:27:05,219 |   -> New best val loss: 13.1420 (saved best_model.pt)
2026-07-02 16:27:06,663 | Epoch  510/1000 | kl_g0_w=1.00 kl_u_w=1.00 | train=13.3104 (recon=8.1544, kl_g0=2.1862, kl_u=2.9698, cls=0.8101) | val=13.1304 | lr=1.00e-04
2026-07-02 16:27:06,678 |   -> New best val loss: 13.1304 (saved best_model.pt)
2026-07-02 16:27:08,411 |   -> New best val loss: 13.0962 (saved best_model.pt)
2026-07-02 16:27:10,171 |   -> New best val loss: 13.0540 (saved best_model.pt)
2026-07-02 16:27:11,648 |   -> New best val loss: 12.9978 (saved best_model.pt)
2026-07-02 16:27:13,131 |   -> New best val loss: 12.9540 (saved best_model.pt)
2026-07-02 16:27:14,630 |   -> New best val loss: 12.9073 (saved best_model.pt)
2026-07-02 16:27:16,121 |   -> New best val loss: 12.9020 (saved best_model.pt)
2026-07-02 16:27:17,591 |   -> New best val loss: 12.8534 (saved best_model.pt)
2026-07-02 16:27:20,539 |   -> New best val loss: 12.8310 (saved best_model.pt)
2026-07-02 16:27:22,015 | Epoch  520/1000 | kl_g0_w=1.00 kl_u_w=1.00 | train=12.9785 (recon=8.0085, kl_g0=2.0005, kl_u=2.9695, cls=0.8102) | val=12.7987 | lr=1.00e-04
2026-07-02 16:27:22,034 |   -> New best val loss: 12.7987 (saved best_model.pt)
2026-07-02 16:27:24,651 |   -> New best val loss: 12.7493 (saved best_model.pt)
2026-07-02 16:27:26,137 |   -> New best val loss: 12.6922 (saved best_model.pt)
2026-07-02 16:27:27,672 |   -> New best val loss: 12.6613 (saved best_model.pt)
2026-07-02 16:27:29,249 |   -> New best val loss: 12.6402 (saved best_model.pt)
2026-07-02 16:27:30,706 |   -> New best val loss: 12.6262 (saved best_model.pt)
2026-07-02 16:27:32,159 |   -> New best val loss: 12.6097 (saved best_model.pt)
2026-07-02 16:27:33,609 |   -> New best val loss: 12.5577 (saved best_model.pt)
2026-07-02 16:27:35,174 |   -> New best val loss: 12.5164 (saved best_model.pt)
2026-07-02 16:27:36,615 |   -> New best val loss: 12.5083 (saved best_model.pt)
2026-07-02 16:27:38,056 | Epoch  530/1000 | kl_g0_w=1.00 kl_u_w=1.00 | train=12.6470 (recon=7.8833, kl_g0=1.8103, kl_u=2.9534, cls=0.8084) | val=12.4584 | lr=1.00e-04
2026-07-02 16:27:38,076 |   -> New best val loss: 12.4584 (saved best_model.pt)
2026-07-02 16:27:40,650 |   -> New best val loss: 12.4413 (saved best_model.pt)
2026-07-02 16:27:42,182 |   -> New best val loss: 12.4220 (saved best_model.pt)
2026-07-02 16:27:43,885 |   -> New best val loss: 12.3988 (saved best_model.pt)
2026-07-02 16:27:45,328 |   -> New best val loss: 12.3653 (saved best_model.pt)
2026-07-02 16:27:46,765 |   -> New best val loss: 12.3139 (saved best_model.pt)
2026-07-02 16:27:48,200 |   -> New best val loss: 12.2983 (saved best_model.pt)
2026-07-02 16:27:49,651 |   -> New best val loss: 12.2782 (saved best_model.pt)
2026-07-02 16:27:51,101 |   -> New best val loss: 12.2520 (saved best_model.pt)
2026-07-02 16:27:52,566 |   -> New best val loss: 12.2163 (saved best_model.pt)
2026-07-02 16:27:54,026 | Epoch  540/1000 | kl_g0_w=1.00 kl_u_w=1.00 | train=12.2914 (recon=7.7083, kl_g0=1.6441, kl_u=2.9390, cls=0.8095) | val=12.1741 | lr=1.00e-04
2026-07-02 16:27:54,042 |   -> New best val loss: 12.1741 (saved best_model.pt)
2026-07-02 16:27:56,593 |   -> New best val loss: 12.1556 (saved best_model.pt)
2026-07-02 16:27:58,319 |   -> New best val loss: 12.1348 (saved best_model.pt)
2026-07-02 16:27:59,781 |   -> New best val loss: 12.1174 (saved best_model.pt)
2026-07-02 16:28:01,249 |   -> New best val loss: 12.0950 (saved best_model.pt)
2026-07-02 16:28:02,830 |   -> New best val loss: 12.0512 (saved best_model.pt)
2026-07-02 16:28:04,327 |   -> New best val loss: 12.0437 (saved best_model.pt)
2026-07-02 16:28:05,798 |   -> New best val loss: 12.0025 (saved best_model.pt)
2026-07-02 16:28:07,254 |   -> New best val loss: 11.9899 (saved best_model.pt)
2026-07-02 16:28:08,739 |   -> New best val loss: 11.9565 (saved best_model.pt)
2026-07-02 16:28:10,254 | Epoch  550/1000 | kl_g0_w=1.00 kl_u_w=1.00 | train=11.9995 (recon=7.5587, kl_g0=1.5053, kl_u=2.9355, cls=0.8114) | val=11.9540 | lr=1.00e-04
2026-07-02 16:28:10,275 |   -> New best val loss: 11.9540 (saved best_model.pt)
2026-07-02 16:28:11,749 |   -> New best val loss: 11.9062 (saved best_model.pt)
2026-07-02 16:28:13,205 |   -> New best val loss: 11.8817 (saved best_model.pt)
2026-07-02 16:28:14,700 |   -> New best val loss: 11.8626 (saved best_model.pt)
2026-07-02 16:28:16,235 |   -> New best val loss: 11.8555 (saved best_model.pt)
2026-07-02 16:28:17,943 |   -> New best val loss: 11.8395 (saved best_model.pt)
2026-07-02 16:28:19,411 |   -> New best val loss: 11.7973 (saved best_model.pt)
2026-07-02 16:28:20,954 |   -> New best val loss: 11.7860 (saved best_model.pt)
2026-07-02 16:28:22,384 |   -> New best val loss: 11.7581 (saved best_model.pt)
2026-07-02 16:28:23,821 |   -> New best val loss: 11.7300 (saved best_model.pt)
2026-07-02 16:28:25,272 | Epoch  560/1000 | kl_g0_w=1.00 kl_u_w=1.00 | train=11.7319 (recon=7.4306, kl_g0=1.3808, kl_u=2.9205, cls=0.8069) | val=11.7047 | lr=1.00e-04
2026-07-02 16:28:25,291 |   -> New best val loss: 11.7047 (saved best_model.pt)
2026-07-02 16:28:26,768 |   -> New best val loss: 11.6854 (saved best_model.pt)
2026-07-02 16:28:28,226 |   -> New best val loss: 11.6392 (saved best_model.pt)
2026-07-02 16:28:29,727 |   -> New best val loss: 11.6214 (saved best_model.pt)
2026-07-02 16:28:31,368 |   -> New best val loss: 11.5938 (saved best_model.pt)
2026-07-02 16:28:32,817 |   -> New best val loss: 11.5770 (saved best_model.pt)
2026-07-02 16:28:37,848 |   -> New best val loss: 11.5627 (saved best_model.pt)
2026-07-02 16:28:39,303 |   -> New best val loss: 11.5330 (saved best_model.pt)
2026-07-02 16:28:40,732 | Epoch  570/1000 | kl_g0_w=1.00 kl_u_w=1.00 | train=11.5096 (recon=7.3217, kl_g0=1.2707, kl_u=2.9171, cls=0.8064) | val=11.5049 | lr=1.00e-04
2026-07-02 16:28:40,747 |   -> New best val loss: 11.5049 (saved best_model.pt)
2026-07-02 16:28:44,189 |   -> New best val loss: 11.4799 (saved best_model.pt)
2026-07-02 16:28:45,646 |   -> New best val loss: 11.4737 (saved best_model.pt)
2026-07-02 16:28:47,087 |   -> New best val loss: 11.4317 (saved best_model.pt)
2026-07-02 16:28:48,531 |   -> New best val loss: 11.3908 (saved best_model.pt)
2026-07-02 16:28:49,984 |   -> New best val loss: 11.3730 (saved best_model.pt)
2026-07-02 16:28:51,515 |   -> New best val loss: 11.3668 (saved best_model.pt)
2026-07-02 16:28:52,961 |   -> New best val loss: 11.3410 (saved best_model.pt)
2026-07-02 16:28:54,761 |   -> New best val loss: 11.3338 (saved best_model.pt)
2026-07-02 16:28:56,177 | Epoch  580/1000 | kl_g0_w=1.00 kl_u_w=1.00 | train=11.2455 (recon=7.1785, kl_g0=1.1516, kl_u=2.9154, cls=0.8045) | val=11.3045 | lr=1.00e-04
2026-07-02 16:28:56,192 |   -> New best val loss: 11.3045 (saved best_model.pt)
2026-07-02 16:29:01,364 |   -> New best val loss: 11.2661 (saved best_model.pt)
2026-07-02 16:29:02,888 |   -> New best val loss: 11.2624 (saved best_model.pt)
2026-07-02 16:29:04,335 |   -> New best val loss: 11.2582 (saved best_model.pt)
2026-07-02 16:29:05,808 |   -> New best val loss: 11.2358 (saved best_model.pt)
2026-07-02 16:29:07,261 |   -> New best val loss: 11.2183 (saved best_model.pt)
2026-07-02 16:29:08,713 |   -> New best val loss: 11.1913 (saved best_model.pt)
2026-07-02 16:29:10,266 |   -> New best val loss: 11.1760 (saved best_model.pt)
2026-07-02 16:29:11,770 |   -> New best val loss: 11.1711 (saved best_model.pt)
2026-07-02 16:29:13,231 | Epoch  590/1000 | kl_g0_w=1.00 kl_u_w=1.00 | train=11.0544 (recon=7.0789, kl_g0=1.0672, kl_u=2.9083, cls=0.8050) | val=11.1548 | lr=1.00e-04
2026-07-02 16:29:13,248 |   -> New best val loss: 11.1548 (saved best_model.pt)
2026-07-02 16:29:14,836 |   -> New best val loss: 11.1191 (saved best_model.pt)
2026-07-02 16:29:16,315 |   -> New best val loss: 11.1176 (saved best_model.pt)
2026-07-02 16:29:17,804 |   -> New best val loss: 11.0841 (saved best_model.pt)
2026-07-02 16:29:20,710 |   -> New best val loss: 11.0648 (saved best_model.pt)
2026-07-02 16:29:22,171 |   -> New best val loss: 11.0568 (saved best_model.pt)
2026-07-02 16:29:23,629 |   -> New best val loss: 11.0221 (saved best_model.pt)
2026-07-02 16:29:28,650 | Epoch  600/1000 | kl_g0_w=1.00 kl_u_w=1.00 | train=10.8730 (recon=6.9748, kl_g0=0.9908, kl_u=2.9073, cls=0.8045) | val=11.0196 | lr=1.00e-04
2026-07-02 16:29:28,667 |   -> New best val loss: 11.0196 (saved best_model.pt)
2026-07-02 16:29:30,158 |   -> New best val loss: 10.9789 (saved best_model.pt)
2026-07-02 16:29:31,587 |   -> New best val loss: 10.9680 (saved best_model.pt)
2026-07-02 16:29:33,019 |   -> New best val loss: 10.9321 (saved best_model.pt)
2026-07-02 16:29:35,859 |   -> New best val loss: 10.9260 (saved best_model.pt)
2026-07-02 16:29:37,286 |   -> New best val loss: 10.9100 (saved best_model.pt)
2026-07-02 16:29:38,734 |   -> New best val loss: 10.8974 (saved best_model.pt)
2026-07-02 16:29:41,273 |   -> New best val loss: 10.8855 (saved best_model.pt)
2026-07-02 16:29:43,249 |   -> New best val loss: 10.8814 (saved best_model.pt)
2026-07-02 16:29:44,954 | Epoch  610/1000 | kl_g0_w=1.00 kl_u_w=1.00 | train=10.6894 (recon=6.8685, kl_g0=0.9201, kl_u=2.9007, cls=0.8003) | val=10.8603 | lr=1.00e-04
2026-07-02 16:29:44,979 |   -> New best val loss: 10.8603 (saved best_model.pt)
2026-07-02 16:29:47,539 |   -> New best val loss: 10.8417 (saved best_model.pt)
2026-07-02 16:29:48,987 |   -> New best val loss: 10.8321 (saved best_model.pt)
2026-07-02 16:29:50,432 |   -> New best val loss: 10.8213 (saved best_model.pt)
2026-07-02 16:29:51,890 |   -> New best val loss: 10.8123 (saved best_model.pt)
2026-07-02 16:29:53,600 |   -> New best val loss: 10.8085 (saved best_model.pt)
2026-07-02 16:29:55,063 |   -> New best val loss: 10.7801 (saved best_model.pt)
2026-07-02 16:29:56,503 |   -> New best val loss: 10.7544 (saved best_model.pt)
2026-07-02 16:29:57,947 |   -> New best val loss: 10.7510 (saved best_model.pt)
2026-07-02 16:29:59,391 |   -> New best val loss: 10.7430 (saved best_model.pt)
2026-07-02 16:30:01,963 | Epoch  620/1000 | kl_g0_w=1.00 kl_u_w=1.00 | train=10.5499 (recon=6.7980, kl_g0=0.8529, kl_u=2.8990, cls=0.7978) | val=10.7164 | lr=1.00e-04
2026-07-02 16:30:01,992 |   -> New best val loss: 10.7164 (saved best_model.pt)
2026-07-02 16:30:04,035 |   -> New best val loss: 10.7090 (saved best_model.pt)
2026-07-02 16:30:05,485 |   -> New best val loss: 10.6969 (saved best_model.pt)
2026-07-02 16:30:06,952 |   -> New best val loss: 10.6898 (saved best_model.pt)
2026-07-02 16:30:08,386 |   -> New best val loss: 10.6594 (saved best_model.pt)
2026-07-02 16:30:09,829 |   -> New best val loss: 10.6543 (saved best_model.pt)
2026-07-02 16:30:11,279 |   -> New best val loss: 10.6436 (saved best_model.pt)
2026-07-02 16:30:12,711 |   -> New best val loss: 10.6435 (saved best_model.pt)
2026-07-02 16:30:14,154 |   -> New best val loss: 10.6259 (saved best_model.pt)
2026-07-02 16:30:15,662 |   -> New best val loss: 10.6193 (saved best_model.pt)
2026-07-02 16:30:17,111 | Epoch  630/1000 | kl_g0_w=1.00 kl_u_w=1.00 | train=10.4077 (recon=6.7222, kl_g0=0.7894, kl_u=2.8960, cls=0.7962) | val=10.6050 | lr=1.00e-04
2026-07-02 16:30:17,134 |   -> New best val loss: 10.6050 (saved best_model.pt)
2026-07-02 16:30:19,405 |   -> New best val loss: 10.6019 (saved best_model.pt)
2026-07-02 16:30:20,895 |   -> New best val loss: 10.5753 (saved best_model.pt)
2026-07-02 16:30:22,376 |   -> New best val loss: 10.5727 (saved best_model.pt)
2026-07-02 16:30:23,855 |   -> New best val loss: 10.5664 (saved best_model.pt)
2026-07-02 16:30:25,332 |   -> New best val loss: 10.5645 (saved best_model.pt)
2026-07-02 16:30:26,808 |   -> New best val loss: 10.5540 (saved best_model.pt)
2026-07-02 16:30:28,304 |   -> New best val loss: 10.5327 (saved best_model.pt)
2026-07-02 16:30:29,788 |   -> New best val loss: 10.5254 (saved best_model.pt)
2026-07-02 16:30:31,355 |   -> New best val loss: 10.5032 (saved best_model.pt)
2026-07-02 16:30:32,795 | Epoch  640/1000 | kl_g0_w=1.00 kl_u_w=1.00 | train=10.2938 (recon=6.6638, kl_g0=0.7409, kl_u=2.8891, cls=0.7937) | val=10.5140 | lr=1.00e-04
2026-07-02 16:30:34,264 |   -> New best val loss: 10.4888 (saved best_model.pt)
2026-07-02 16:30:39,449 |   -> New best val loss: 10.4690 (saved best_model.pt)
2026-07-02 16:30:40,907 |   -> New best val loss: 10.4618 (saved best_model.pt)
2026-07-02 16:30:42,356 |   -> New best val loss: 10.4402 (saved best_model.pt)
2026-07-02 16:30:43,856 |   -> New best val loss: 10.4250 (saved best_model.pt)
2026-07-02 16:30:45,311 |   -> New best val loss: 10.4212 (saved best_model.pt)
2026-07-02 16:30:47,289 |   -> New best val loss: 10.4112 (saved best_model.pt)
2026-07-02 16:30:48,739 |   -> New best val loss: 10.4069 (saved best_model.pt)
2026-07-02 16:30:50,190 | Epoch  650/1000 | kl_g0_w=1.00 kl_u_w=1.00 | train=10.1787 (recon=6.5966, kl_g0=0.6910, kl_u=2.8911, cls=0.7920) | val=10.3922 | lr=1.00e-04
2026-07-02 16:30:50,209 |   -> New best val loss: 10.3922 (saved best_model.pt)
2026-07-02 16:30:51,684 |   -> New best val loss: 10.3788 (saved best_model.pt)
2026-07-02 16:30:54,604 |   -> New best val loss: 10.3734 (saved best_model.pt)
2026-07-02 16:30:56,088 |   -> New best val loss: 10.3707 (saved best_model.pt)
2026-07-02 16:30:57,547 |   -> New best val loss: 10.3381 (saved best_model.pt)
2026-07-02 16:31:00,464 |   -> New best val loss: 10.3190 (saved best_model.pt)
2026-07-02 16:31:03,386 |   -> New best val loss: 10.3045 (saved best_model.pt)
2026-07-02 16:31:04,851 | Epoch  660/1000 | kl_g0_w=1.00 kl_u_w=1.00 | train=10.0194 (recon=6.4839, kl_g0=0.6520, kl_u=2.8834, cls=0.7898) | val=10.3184 | lr=1.00e-04
2026-07-02 16:31:06,327 |   -> New best val loss: 10.2845 (saved best_model.pt)
2026-07-02 16:31:09,502 |   -> New best val loss: 10.2693 (saved best_model.pt)
2026-07-02 16:31:10,961 |   -> New best val loss: 10.2690 (saved best_model.pt)
2026-07-02 16:31:12,418 |   -> New best val loss: 10.2308 (saved best_model.pt)
2026-07-02 16:31:15,314 |   -> New best val loss: 10.2285 (saved best_model.pt)
2026-07-02 16:31:18,220 |   -> New best val loss: 10.2062 (saved best_model.pt)
2026-07-02 16:31:20,581 | Epoch  670/1000 | kl_g0_w=1.00 kl_u_w=1.00 | train=9.9417 (recon=6.4505, kl_g0=0.6097, kl_u=2.8815, cls=0.7883) | val=10.2122 | lr=1.00e-04
2026-07-02 16:31:22,043 |   -> New best val loss: 10.1940 (saved best_model.pt)
2026-07-02 16:31:23,499 |   -> New best val loss: 10.1875 (saved best_model.pt)
2026-07-02 16:31:24,990 |   -> New best val loss: 10.1736 (saved best_model.pt)
2026-07-02 16:31:26,448 |   -> New best val loss: 10.1717 (saved best_model.pt)
2026-07-02 16:31:27,912 |   -> New best val loss: 10.1581 (saved best_model.pt)
2026-07-02 16:31:29,404 |   -> New best val loss: 10.1508 (saved best_model.pt)
2026-07-02 16:31:30,887 |   -> New best val loss: 10.1379 (saved best_model.pt)
2026-07-02 16:31:33,825 |   -> New best val loss: 10.1223 (saved best_model.pt)
2026-07-02 16:31:35,291 | Epoch  680/1000 | kl_g0_w=1.00 kl_u_w=1.00 | train=9.8092 (recon=6.3536, kl_g0=0.5737, kl_u=2.8819, cls=0.7858) | val=10.1066 | lr=1.00e-04
2026-07-02 16:31:35,307 |   -> New best val loss: 10.1066 (saved best_model.pt)
2026-07-02 16:31:38,280 |   -> New best val loss: 10.1001 (saved best_model.pt)
2026-07-02 16:31:39,772 |   -> New best val loss: 10.0989 (saved best_model.pt)
2026-07-02 16:31:41,282 |   -> New best val loss: 10.0776 (saved best_model.pt)
2026-07-02 16:31:42,775 |   -> New best val loss: 10.0611 (saved best_model.pt)
2026-07-02 16:31:44,266 |   -> New best val loss: 10.0608 (saved best_model.pt)
2026-07-02 16:31:47,299 |   -> New best val loss: 10.0554 (saved best_model.pt)
2026-07-02 16:31:50,203 | Epoch  690/1000 | kl_g0_w=1.00 kl_u_w=1.00 | train=9.7544 (recon=6.3203, kl_g0=0.5417, kl_u=2.8924, cls=0.7874) | val=10.0536 | lr=1.00e-04
2026-07-02 16:31:50,223 |   -> New best val loss: 10.0536 (saved best_model.pt)
2026-07-02 16:31:52,822 |   -> New best val loss: 10.0428 (saved best_model.pt)
2026-07-02 16:31:54,322 |   -> New best val loss: 10.0255 (saved best_model.pt)
2026-07-02 16:31:55,818 |   -> New best val loss: 10.0163 (saved best_model.pt)
2026-07-02 16:31:59,365 |   -> New best val loss: 10.0162 (saved best_model.pt)
2026-07-02 16:32:01,140 |   -> New best val loss: 9.9881 (saved best_model.pt)
2026-07-02 16:32:02,604 |   -> New best val loss: 9.9708 (saved best_model.pt)
2026-07-02 16:32:04,083 |   -> New best val loss: 9.9669 (saved best_model.pt)
2026-07-02 16:32:05,573 |   -> New best val loss: 9.9624 (saved best_model.pt)
2026-07-02 16:32:07,047 | Epoch  700/1000 | kl_g0_w=1.00 kl_u_w=1.00 | train=9.6269 (recon=6.2273, kl_g0=0.5098, kl_u=2.8898, cls=0.7823) | val=9.9705 | lr=1.00e-04
2026-07-02 16:32:08,528 |   -> New best val loss: 9.9446 (saved best_model.pt)
2026-07-02 16:32:10,038 |   -> New best val loss: 9.9421 (saved best_model.pt)
2026-07-02 16:32:11,517 |   -> New best val loss: 9.9339 (saved best_model.pt)
2026-07-02 16:32:12,991 |   -> New best val loss: 9.9285 (saved best_model.pt)
2026-07-02 16:32:14,473 |   -> New best val loss: 9.9241 (saved best_model.pt)
2026-07-02 16:32:15,960 |   -> New best val loss: 9.9084 (saved best_model.pt)
2026-07-02 16:32:17,435 |   -> New best val loss: 9.8954 (saved best_model.pt)
2026-07-02 16:32:18,911 |   -> New best val loss: 9.8904 (saved best_model.pt)
2026-07-02 16:32:21,851 | Epoch  710/1000 | kl_g0_w=1.00 kl_u_w=1.00 | train=9.5820 (recon=6.2123, kl_g0=0.4772, kl_u=2.8925, cls=0.7814) | val=9.8971 | lr=1.00e-04
2026-07-02 16:32:23,322 |   -> New best val loss: 9.8823 (saved best_model.pt)
2026-07-02 16:32:24,839 |   -> New best val loss: 9.8485 (saved best_model.pt)
2026-07-02 16:32:26,320 |   -> New best val loss: 9.8446 (saved best_model.pt)
2026-07-02 16:32:28,068 |   -> New best val loss: 9.8429 (saved best_model.pt)
2026-07-02 16:32:30,991 |   -> New best val loss: 9.8427 (saved best_model.pt)
2026-07-02 16:32:32,470 |   -> New best val loss: 9.8284 (saved best_model.pt)
2026-07-02 16:32:34,020 |   -> New best val loss: 9.8201 (saved best_model.pt)
2026-07-02 16:32:36,644 |   -> New best val loss: 9.8170 (saved best_model.pt)
2026-07-02 16:32:38,108 | Epoch  720/1000 | kl_g0_w=1.00 kl_u_w=1.00 | train=9.4940 (recon=6.1455, kl_g0=0.4506, kl_u=2.8979, cls=0.7775) | val=9.8212 | lr=1.00e-04
2026-07-02 16:32:39,602 |   -> New best val loss: 9.8038 (saved best_model.pt)
2026-07-02 16:32:41,093 |   -> New best val loss: 9.7818 (saved best_model.pt)
2026-07-02 16:32:44,097 |   -> New best val loss: 9.7802 (saved best_model.pt)
2026-07-02 16:32:45,570 |   -> New best val loss: 9.7715 (saved best_model.pt)
2026-07-02 16:32:47,081 |   -> New best val loss: 9.7678 (saved best_model.pt)
2026-07-02 16:32:48,836 |   -> New best val loss: 9.7509 (saved best_model.pt)
2026-07-02 16:32:53,236 | Epoch  730/1000 | kl_g0_w=1.00 kl_u_w=1.00 | train=9.4020 (recon=6.0827, kl_g0=0.4231, kl_u=2.8962, cls=0.7773) | val=9.7529 | lr=1.00e-04
2026-07-02 16:32:54,727 |   -> New best val loss: 9.7407 (saved best_model.pt)
2026-07-02 16:32:57,709 |   -> New best val loss: 9.7144 (saved best_model.pt)
2026-07-02 16:32:59,439 |   -> New best val loss: 9.7054 (saved best_model.pt)
2026-07-02 16:33:00,937 |   -> New best val loss: 9.7026 (saved best_model.pt)
2026-07-02 16:33:06,827 |   -> New best val loss: 9.6825 (saved best_model.pt)
2026-07-02 16:33:09,371 | Epoch  740/1000 | kl_g0_w=1.00 kl_u_w=1.00 | train=9.3406 (recon=6.0496, kl_g0=0.4007, kl_u=2.8904, cls=0.7763) | val=9.6621 | lr=1.00e-04
2026-07-02 16:33:09,396 |   -> New best val loss: 9.6621 (saved best_model.pt)
2026-07-02 16:33:11,078 |   -> New best val loss: 9.6611 (saved best_model.pt)
2026-07-02 16:33:12,563 |   -> New best val loss: 9.6576 (saved best_model.pt)
2026-07-02 16:33:14,062 |   -> New best val loss: 9.6420 (saved best_model.pt)
2026-07-02 16:33:17,037 |   -> New best val loss: 9.6399 (saved best_model.pt)
2026-07-02 16:33:18,537 |   -> New best val loss: 9.6306 (saved best_model.pt)
2026-07-02 16:33:20,041 |   -> New best val loss: 9.6212 (saved best_model.pt)
2026-07-02 16:33:21,534 |   -> New best val loss: 9.6097 (saved best_model.pt)
2026-07-02 16:33:23,047 |   -> New best val loss: 9.5983 (saved best_model.pt)
2026-07-02 16:33:24,516 | Epoch  750/1000 | kl_g0_w=1.00 kl_u_w=1.00 | train=9.2749 (recon=6.0068, kl_g0=0.3782, kl_u=2.8900, cls=0.7755) | val=9.6146 | lr=1.00e-04
2026-07-02 16:33:25,989 |   -> New best val loss: 9.5932 (saved best_model.pt)
2026-07-02 16:33:28,896 |   -> New best val loss: 9.5777 (saved best_model.pt)
2026-07-02 16:33:31,819 |   -> New best val loss: 9.5603 (saved best_model.pt)
2026-07-02 16:33:33,321 |   -> New best val loss: 9.5561 (saved best_model.pt)
2026-07-02 16:33:36,255 |   -> New best val loss: 9.5505 (saved best_model.pt)
2026-07-02 16:33:39,134 | Epoch  760/1000 | kl_g0_w=1.00 kl_u_w=1.00 | train=9.1924 (recon=5.9428, kl_g0=0.3533, kl_u=2.8962, cls=0.7762) | val=9.5511 | lr=1.00e-04
2026-07-02 16:33:40,617 |   -> New best val loss: 9.5391 (saved best_model.pt)
2026-07-02 16:33:42,356 |   -> New best val loss: 9.5341 (saved best_model.pt)
2026-07-02 16:33:43,822 |   -> New best val loss: 9.5236 (saved best_model.pt)
2026-07-02 16:33:45,297 |   -> New best val loss: 9.5221 (saved best_model.pt)
2026-07-02 16:33:48,221 |   -> New best val loss: 9.5216 (saved best_model.pt)
2026-07-02 16:33:49,690 |   -> New best val loss: 9.4883 (saved best_model.pt)
2026-07-02 16:33:52,596 |   -> New best val loss: 9.4756 (saved best_model.pt)
2026-07-02 16:33:54,045 | Epoch  770/1000 | kl_g0_w=1.00 kl_u_w=1.00 | train=9.1414 (recon=5.9109, kl_g0=0.3345, kl_u=2.8960, cls=0.7739) | val=9.4897 | lr=1.00e-04
2026-07-02 16:33:56,991 |   -> New best val loss: 9.4700 (saved best_model.pt)
2026-07-02 16:33:58,505 |   -> New best val loss: 9.4547 (saved best_model.pt)
2026-07-02 16:34:00,004 |   -> New best val loss: 9.4545 (saved best_model.pt)
2026-07-02 16:34:01,466 |   -> New best val loss: 9.4492 (saved best_model.pt)
2026-07-02 16:34:02,944 |   -> New best val loss: 9.4222 (saved best_model.pt)
2026-07-02 16:34:08,779 | Epoch  780/1000 | kl_g0_w=1.00 kl_u_w=1.00 | train=9.0874 (recon=5.8874, kl_g0=0.3150, kl_u=2.8850, cls=0.7724) | val=9.4233 | lr=1.00e-04
2026-07-02 16:34:10,258 |   -> New best val loss: 9.4044 (saved best_model.pt)
2026-07-02 16:34:14,849 |   -> New best val loss: 9.4018 (saved best_model.pt)
2026-07-02 16:34:16,382 |   -> New best val loss: 9.3947 (saved best_model.pt)
2026-07-02 16:34:17,872 |   -> New best val loss: 9.3892 (saved best_model.pt)
2026-07-02 16:34:20,829 |   -> New best val loss: 9.3810 (saved best_model.pt)
2026-07-02 16:34:22,348 |   -> New best val loss: 9.3648 (saved best_model.pt)
2026-07-02 16:34:23,853 | Epoch  790/1000 | kl_g0_w=1.00 kl_u_w=1.00 | train=8.9821 (recon=5.7939, kl_g0=0.2963, kl_u=2.8918, cls=0.7721) | val=9.3530 | lr=1.00e-04
2026-07-02 16:34:23,878 |   -> New best val loss: 9.3530 (saved best_model.pt)
2026-07-02 16:34:25,377 |   -> New best val loss: 9.3467 (saved best_model.pt)
2026-07-02 16:34:28,251 |   -> New best val loss: 9.3457 (saved best_model.pt)
2026-07-02 16:34:29,712 |   -> New best val loss: 9.3312 (saved best_model.pt)
2026-07-02 16:34:31,186 |   -> New best val loss: 9.3176 (saved best_model.pt)
2026-07-02 16:34:37,170 |   -> New best val loss: 9.3117 (saved best_model.pt)
2026-07-02 16:34:38,705 | Epoch  800/1000 | kl_g0_w=1.00 kl_u_w=1.00 | train=8.9427 (recon=5.7650, kl_g0=0.2801, kl_u=2.8975, cls=0.7723) | val=9.3141 | lr=1.00e-04
2026-07-02 16:34:40,233 |   -> New best val loss: 9.2955 (saved best_model.pt)
2026-07-02 16:34:43,147 |   -> New best val loss: 9.2887 (saved best_model.pt)
2026-07-02 16:34:44,614 |   -> New best val loss: 9.2788 (saved best_model.pt)
2026-07-02 16:34:49,016 |   -> New best val loss: 9.2774 (saved best_model.pt)
2026-07-02 16:34:50,495 |   -> New best val loss: 9.2550 (saved best_model.pt)
2026-07-02 16:34:51,965 |   -> New best val loss: 9.2518 (saved best_model.pt)
2026-07-02 16:34:53,429 | Epoch  810/1000 | kl_g0_w=1.00 kl_u_w=1.00 | train=8.8884 (recon=5.7366, kl_g0=0.2631, kl_u=2.8887, cls=0.7697) | val=9.2517 | lr=1.00e-04
2026-07-02 16:34:53,445 |   -> New best val loss: 9.2517 (saved best_model.pt)
2026-07-02 16:34:56,136 |   -> New best val loss: 9.2503 (saved best_model.pt)
2026-07-02 16:34:57,986 |   -> New best val loss: 9.2450 (saved best_model.pt)
2026-07-02 16:34:59,444 |   -> New best val loss: 9.2377 (saved best_model.pt)
2026-07-02 16:35:01,200 |   -> New best val loss: 9.2201 (saved best_model.pt)
2026-07-02 16:35:04,058 |   -> New best val loss: 9.2153 (saved best_model.pt)
2026-07-02 16:35:06,932 |   -> New best val loss: 9.2012 (saved best_model.pt)
2026-07-02 16:35:09,819 | Epoch  820/1000 | kl_g0_w=1.00 kl_u_w=1.00 | train=8.8169 (recon=5.6696, kl_g0=0.2468, kl_u=2.9006, cls=0.7700) | val=9.1828 | lr=1.00e-04
2026-07-02 16:35:09,843 |   -> New best val loss: 9.1828 (saved best_model.pt)
2026-07-02 16:35:17,874 |   -> New best val loss: 9.1696 (saved best_model.pt)
2026-07-02 16:35:27,926 |   -> New best val loss: 9.1410 (saved best_model.pt)
2026-07-02 16:35:29,600 | Epoch  830/1000 | kl_g0_w=1.00 kl_u_w=1.00 | train=8.7835 (recon=5.6554, kl_g0=0.2324, kl_u=2.8958, cls=0.7675) | val=9.1557 | lr=1.00e-04
2026-07-02 16:35:31,294 |   -> New best val loss: 9.1405 (saved best_model.pt)
2026-07-02 16:35:34,166 |   -> New best val loss: 9.1403 (saved best_model.pt)
2026-07-02 16:35:35,675 |   -> New best val loss: 9.1231 (saved best_model.pt)
2026-07-02 16:35:40,071 |   -> New best val loss: 9.1072 (saved best_model.pt)
2026-07-02 16:35:41,524 |   -> New best val loss: 9.1027 (saved best_model.pt)
2026-07-02 16:35:46,567 | Epoch  840/1000 | kl_g0_w=1.00 kl_u_w=1.00 | train=8.7305 (recon=5.6060, kl_g0=0.2200, kl_u=2.9045, cls=0.7685) | val=9.0908 | lr=1.00e-04
2026-07-02 16:35:46,600 |   -> New best val loss: 9.0908 (saved best_model.pt)
2026-07-02 16:35:51,656 |   -> New best val loss: 9.0868 (saved best_model.pt)
2026-07-02 16:35:54,603 |   -> New best val loss: 9.0810 (saved best_model.pt)
2026-07-02 16:35:56,087 |   -> New best val loss: 9.0728 (saved best_model.pt)
2026-07-02 16:35:59,024 |   -> New best val loss: 9.0582 (saved best_model.pt)
2026-07-02 16:36:01,911 |   -> New best val loss: 9.0526 (saved best_model.pt)
2026-07-02 16:36:03,610 | Epoch  850/1000 | kl_g0_w=1.00 kl_u_w=1.00 | train=8.6911 (recon=5.5780, kl_g0=0.2076, kl_u=2.9055, cls=0.7666) | val=9.0620 | lr=1.00e-04
2026-07-02 16:36:05,117 |   -> New best val loss: 9.0429 (saved best_model.pt)
2026-07-02 16:36:06,835 |   -> New best val loss: 9.0414 (saved best_model.pt)
2026-07-02 16:36:08,566 |   -> New best val loss: 9.0397 (saved best_model.pt)
2026-07-02 16:36:10,820 |   -> New best val loss: 9.0315 (saved best_model.pt)
2026-07-02 16:36:13,209 |   -> New best val loss: 9.0276 (saved best_model.pt)
2026-07-02 16:36:14,677 |   -> New best val loss: 9.0239 (saved best_model.pt)
2026-07-02 16:36:16,138 |   -> New best val loss: 8.9922 (saved best_model.pt)
2026-07-02 16:36:19,575 |   -> New best val loss: 8.9780 (saved best_model.pt)
2026-07-02 16:36:21,009 | Epoch  860/1000 | kl_g0_w=1.00 kl_u_w=1.00 | train=8.6378 (recon=5.5495, kl_g0=0.1944, kl_u=2.8940, cls=0.7665) | val=9.0000 | lr=1.00e-04
2026-07-02 16:36:26,885 |   -> New best val loss: 8.9692 (saved best_model.pt)
2026-07-02 16:36:31,262 |   -> New best val loss: 8.9496 (saved best_model.pt)
2026-07-02 16:36:35,554 | Epoch  870/1000 | kl_g0_w=1.00 kl_u_w=1.00 | train=8.5668 (recon=5.4756, kl_g0=0.1835, kl_u=2.9077, cls=0.7647) | val=8.9524 | lr=1.00e-04
2026-07-02 16:36:38,429 |   -> New best val loss: 8.9412 (saved best_model.pt)
2026-07-02 16:36:40,071 |   -> New best val loss: 8.9342 (saved best_model.pt)
2026-07-02 16:36:42,932 |   -> New best val loss: 8.9216 (saved best_model.pt)
2026-07-02 16:36:48,690 |   -> New best val loss: 8.9121 (saved best_model.pt)
2026-07-02 16:36:50,125 | Epoch  880/1000 | kl_g0_w=1.00 kl_u_w=1.00 | train=8.5458 (recon=5.4712, kl_g0=0.1725, kl_u=2.9021, cls=0.7656) | val=8.8811 | lr=1.00e-04
2026-07-02 16:36:50,145 |   -> New best val loss: 8.8811 (saved best_model.pt)
2026-07-02 16:36:55,229 |   -> New best val loss: 8.8782 (saved best_model.pt)
2026-07-02 16:36:58,645 |   -> New best val loss: 8.8745 (saved best_model.pt)
2026-07-02 16:37:00,194 |   -> New best val loss: 8.8734 (saved best_model.pt)
2026-07-02 16:37:04,529 |   -> New best val loss: 8.8630 (saved best_model.pt)
2026-07-02 16:37:05,966 | Epoch  890/1000 | kl_g0_w=1.00 kl_u_w=1.00 | train=8.4845 (recon=5.4198, kl_g0=0.1620, kl_u=2.9027, cls=0.7653) | val=8.8415 | lr=1.00e-04
2026-07-02 16:37:05,985 |   -> New best val loss: 8.8415 (saved best_model.pt)
2026-07-02 16:37:07,454 |   -> New best val loss: 8.8332 (saved best_model.pt)
2026-07-02 16:37:11,834 |   -> New best val loss: 8.8288 (saved best_model.pt)
2026-07-02 16:37:14,414 |   -> New best val loss: 8.8135 (saved best_model.pt)
2026-07-02 16:37:17,404 |   -> New best val loss: 8.8011 (saved best_model.pt)
2026-07-02 16:37:21,802 | Epoch  900/1000 | kl_g0_w=1.00 kl_u_w=1.00 | train=8.4292 (recon=5.3696, kl_g0=0.1523, kl_u=2.9073, cls=0.7626) | val=8.7827 | lr=1.00e-04
2026-07-02 16:37:21,821 |   -> New best val loss: 8.7827 (saved best_model.pt)
2026-07-02 16:37:37,075 |   -> New best val loss: 8.7641 (saved best_model.pt)
2026-07-02 16:37:43,252 | Epoch  910/1000 | kl_g0_w=1.00 kl_u_w=1.00 | train=8.3817 (recon=5.3260, kl_g0=0.1432, kl_u=2.9125, cls=0.7637) | val=8.7676 | lr=1.00e-04
2026-07-02 16:37:44,754 |   -> New best val loss: 8.7471 (saved best_model.pt)
2026-07-02 16:37:46,187 |   -> New best val loss: 8.7453 (saved best_model.pt)
2026-07-02 16:37:47,623 |   -> New best val loss: 8.7415 (saved best_model.pt)
2026-07-02 16:37:49,084 |   -> New best val loss: 8.7176 (saved best_model.pt)
2026-07-02 16:37:57,898 | Epoch  920/1000 | kl_g0_w=1.00 kl_u_w=1.00 | train=8.3375 (recon=5.2875, kl_g0=0.1355, kl_u=2.9146, cls=0.7616) | val=8.7149 | lr=1.00e-04
2026-07-02 16:37:57,925 |   -> New best val loss: 8.7149 (saved best_model.pt)
2026-07-02 16:38:00,501 |   -> New best val loss: 8.7133 (saved best_model.pt)
2026-07-02 16:38:02,166 |   -> New best val loss: 8.7081 (saved best_model.pt)
2026-07-02 16:38:03,639 |   -> New best val loss: 8.6913 (saved best_model.pt)
2026-07-02 16:38:05,131 |   -> New best val loss: 8.6901 (saved best_model.pt)
2026-07-02 16:38:08,004 |   -> New best val loss: 8.6775 (saved best_model.pt)
2026-07-02 16:38:09,455 |   -> New best val loss: 8.6771 (saved best_model.pt)
2026-07-02 16:38:10,908 |   -> New best val loss: 8.6754 (saved best_model.pt)
2026-07-02 16:38:12,628 |   -> New best val loss: 8.6734 (saved best_model.pt)
2026-07-02 16:38:14,247 | Epoch  930/1000 | kl_g0_w=1.00 kl_u_w=1.00 | train=8.2744 (recon=5.2278, kl_g0=0.1288, kl_u=2.9177, cls=0.7617) | val=8.6654 | lr=1.00e-04
2026-07-02 16:38:14,278 |   -> New best val loss: 8.6654 (saved best_model.pt)
2026-07-02 16:38:15,737 |   -> New best val loss: 8.6624 (saved best_model.pt)
2026-07-02 16:38:17,213 |   -> New best val loss: 8.6409 (saved best_model.pt)
2026-07-02 16:38:21,484 |   -> New best val loss: 8.6387 (saved best_model.pt)
2026-07-02 16:38:25,816 |   -> New best val loss: 8.6312 (saved best_model.pt)
2026-07-02 16:38:28,676 | Epoch  940/1000 | kl_g0_w=1.00 kl_u_w=1.00 | train=8.2322 (recon=5.1983, kl_g0=0.1209, kl_u=2.9130, cls=0.7608) | val=8.6140 | lr=1.00e-04
2026-07-02 16:38:28,692 |   -> New best val loss: 8.6140 (saved best_model.pt)
2026-07-02 16:38:31,668 |   -> New best val loss: 8.6050 (saved best_model.pt)
2026-07-02 16:38:33,130 |   -> New best val loss: 8.6000 (saved best_model.pt)
2026-07-02 16:38:34,597 |   -> New best val loss: 8.5840 (saved best_model.pt)
2026-07-02 16:38:36,087 |   -> New best val loss: 8.5816 (saved best_model.pt)
2026-07-02 16:38:45,195 | Epoch  950/1000 | kl_g0_w=1.00 kl_u_w=1.00 | train=8.2362 (recon=5.2124, kl_g0=0.1127, kl_u=2.9111, cls=0.7615) | val=8.5726 | lr=1.00e-04
2026-07-02 16:38:45,223 |   -> New best val loss: 8.5726 (saved best_model.pt)
2026-07-02 16:38:50,372 |   -> New best val loss: 8.5609 (saved best_model.pt)
2026-07-02 16:38:58,083 |   -> New best val loss: 8.5490 (saved best_model.pt)
2026-07-02 16:38:59,519 |   -> New best val loss: 8.5384 (saved best_model.pt)
2026-07-02 16:39:02,402 |   -> New best val loss: 8.5329 (saved best_model.pt)
2026-07-02 16:39:03,833 | Epoch  960/1000 | kl_g0_w=1.00 kl_u_w=1.00 | train=8.1468 (recon=5.1237, kl_g0=0.1066, kl_u=2.9166, cls=0.7608) | val=8.5264 | lr=1.00e-04
2026-07-02 16:39:03,853 |   -> New best val loss: 8.5264 (saved best_model.pt)
2026-07-02 16:39:09,112 |   -> New best val loss: 8.5212 (saved best_model.pt)
2026-07-02 16:39:10,582 |   -> New best val loss: 8.5080 (saved best_model.pt)
2026-07-02 16:39:18,134 |   -> New best val loss: 8.5010 (saved best_model.pt)
2026-07-02 16:39:19,631 |   -> New best val loss: 8.4837 (saved best_model.pt)
2026-07-02 16:39:21,098 | Epoch  970/1000 | kl_g0_w=1.00 kl_u_w=1.00 | train=8.0951 (recon=5.0907, kl_g0=0.1009, kl_u=2.9034, cls=0.7600) | val=8.5045 | lr=1.00e-04
2026-07-02 16:39:22,595 |   -> New best val loss: 8.4784 (saved best_model.pt)
2026-07-02 16:39:26,992 |   -> New best val loss: 8.4580 (saved best_model.pt)
2026-07-02 16:39:32,865 |   -> New best val loss: 8.4543 (saved best_model.pt)
2026-07-02 16:39:35,769 | Epoch  980/1000 | kl_g0_w=1.00 kl_u_w=1.00 | train=8.0839 (recon=5.0721, kl_g0=0.0949, kl_u=2.9169, cls=0.7583) | val=8.4575 | lr=1.00e-04
2026-07-02 16:39:37,243 |   -> New best val loss: 8.4456 (saved best_model.pt)
2026-07-02 16:39:38,710 |   -> New best val loss: 8.4415 (saved best_model.pt)
2026-07-02 16:39:40,196 |   -> New best val loss: 8.4318 (saved best_model.pt)
2026-07-02 16:39:41,680 |   -> New best val loss: 8.4288 (saved best_model.pt)
2026-07-02 16:39:47,570 |   -> New best val loss: 8.4250 (saved best_model.pt)
2026-07-02 16:39:49,058 |   -> New best val loss: 8.4246 (saved best_model.pt)
2026-07-02 16:39:50,532 | Epoch  990/1000 | kl_g0_w=1.00 kl_u_w=1.00 | train=8.0229 (recon=5.0220, kl_g0=0.0906, kl_u=2.9103, cls=0.7560) | val=8.4124 | lr=1.00e-04
2026-07-02 16:39:50,549 |   -> New best val loss: 8.4124 (saved best_model.pt)
2026-07-02 16:39:52,213 |   -> New best val loss: 8.4075 (saved best_model.pt)
2026-07-02 16:39:56,614 |   -> New best val loss: 8.4001 (saved best_model.pt)
2026-07-02 16:39:58,164 |   -> New best val loss: 8.3802 (saved best_model.pt)
2026-07-02 16:40:01,090 |   -> New best val loss: 8.3708 (saved best_model.pt)
2026-07-02 16:40:05,443 | Epoch 1000/1000 | kl_g0_w=1.00 kl_u_w=1.00 | train=7.9815 (recon=4.9836, kl_g0=0.0849, kl_u=2.9130, cls=0.7586) | val=8.3604 | lr=1.00e-04
2026-07-02 16:40:05,470 |   -> New best val loss: 8.3604 (saved best_model.pt)
2026-07-02 16:40:05,490 | Final model saved to /home/nadegeo/LIFUS-BRICK/results/training/train_20260702_161306/final_model.pt
2026-07-02 16:40:05,490 | Best val loss: 8.3604
2026-07-02 16:40:05,490 | Training complete.
