2026-07-03 08:54:28,146 | ============================================================
2026-07-03 08:54:28,146 | BRICK Training -- train_20260703_085428
2026-07-03 08:54:28,146 | N_ROIS=24, M=96, H=4, T=240
2026-07-03 08:54:28,146 | Epochs=1000, LR=0.0001, WD=0.05, LAMBDA_NOISE=0.01, BATCH_SIZE=12
2026-07-03 08:54:28,146 | Patience=30, use_control=True, use_ic=True
2026-07-03 08:54:28,146 | KL annealing: g0 over 0 epochs, u delayed 0 then over 0 epochs
2026-07-03 08:54:28,146 | ============================================================
2026-07-03 08:54:28,146 | Loading dataset...
2026-07-03 08:54:28,240 | Split: 52 train | 4 val | 20 test items
2026-07-03 08:54:28,261 | Model parameters: 554,702
2026-07-03 08:54:28,700 | Starting training...
2026-07-03 08:54:30,258 | Epoch    1/1000 | kl_g0_w=1.00 kl_u_w=1.00 | train=3257.2837 (recon=3251.2706, kl_g0=4.8311, kl_u=1.1820, cls=0.7013) | val=321.6749 | lr=1.00e-04
2026-07-03 08:54:30,279 |   -> New best val loss: 321.6749 (saved best_model.pt)
2026-07-03 08:54:31,699 |   -> New best val loss: 256.7035 (saved best_model.pt)
2026-07-03 08:54:33,458 |   -> New best val loss: 224.0278 (saved best_model.pt)
2026-07-03 08:54:35,548 |   -> New best val loss: 201.6335 (saved best_model.pt)
2026-07-03 08:54:37,789 |   -> New best val loss: 189.3575 (saved best_model.pt)
2026-07-03 08:54:40,040 |   -> New best val loss: 174.7429 (saved best_model.pt)
2026-07-03 08:54:41,947 |   -> New best val loss: 165.8444 (saved best_model.pt)
2026-07-03 08:54:43,752 |   -> New best val loss: 156.6879 (saved best_model.pt)
2026-07-03 08:54:45,878 |   -> New best val loss: 151.2915 (saved best_model.pt)
2026-07-03 08:54:47,448 | Epoch   10/1000 | kl_g0_w=1.00 kl_u_w=1.00 | train=278.6940 (recon=271.5495, kl_g0=5.6714, kl_u=1.4732, cls=0.6983) | val=148.1594 | lr=1.00e-04
2026-07-03 08:54:47,465 |   -> New best val loss: 148.1594 (saved best_model.pt)
2026-07-03 08:54:49,519 |   -> New best val loss: 138.6165 (saved best_model.pt)
2026-07-03 08:54:51,892 |   -> New best val loss: 134.3296 (saved best_model.pt)
2026-07-03 08:54:54,220 |   -> New best val loss: 130.1661 (saved best_model.pt)
2026-07-03 08:54:56,723 |   -> New best val loss: 123.6560 (saved best_model.pt)
2026-07-03 08:54:58,582 |   -> New best val loss: 119.9990 (saved best_model.pt)
2026-07-03 08:55:00,649 |   -> New best val loss: 116.1522 (saved best_model.pt)
2026-07-03 08:55:02,140 |   -> New best val loss: 112.3008 (saved best_model.pt)
2026-07-03 08:55:03,825 |   -> New best val loss: 108.3903 (saved best_model.pt)
2026-07-03 08:55:06,328 |   -> New best val loss: 106.4423 (saved best_model.pt)
2026-07-03 08:55:08,656 | Epoch   20/1000 | kl_g0_w=1.00 kl_u_w=1.00 | train=171.0551 (recon=162.4370, kl_g0=5.6985, kl_u=2.9195, cls=0.6978) | val=103.0280 | lr=1.00e-04
2026-07-03 08:55:08,679 |   -> New best val loss: 103.0280 (saved best_model.pt)
2026-07-03 08:55:10,868 |   -> New best val loss: 100.8236 (saved best_model.pt)
2026-07-03 08:55:12,381 |   -> New best val loss: 98.0224 (saved best_model.pt)
2026-07-03 08:55:14,143 |   -> New best val loss: 96.3919 (saved best_model.pt)
2026-07-03 08:55:15,645 |   -> New best val loss: 93.1144 (saved best_model.pt)
2026-07-03 08:55:17,160 |   -> New best val loss: 91.8404 (saved best_model.pt)
2026-07-03 08:55:18,735 |   -> New best val loss: 89.1758 (saved best_model.pt)
2026-07-03 08:55:20,433 |   -> New best val loss: 88.2520 (saved best_model.pt)
2026-07-03 08:55:22,647 |   -> New best val loss: 86.3857 (saved best_model.pt)
2026-07-03 08:55:24,212 |   -> New best val loss: 84.7363 (saved best_model.pt)
2026-07-03 08:55:26,529 | Epoch   30/1000 | kl_g0_w=1.00 kl_u_w=1.00 | train=132.9796 (recon=123.2435, kl_g0=5.7869, kl_u=3.9491, cls=0.6951) | val=82.7839 | lr=1.00e-04
2026-07-03 08:55:26,552 |   -> New best val loss: 82.7839 (saved best_model.pt)
2026-07-03 08:55:29,059 |   -> New best val loss: 81.5626 (saved best_model.pt)
2026-07-03 08:55:31,510 |   -> New best val loss: 80.2919 (saved best_model.pt)
2026-07-03 08:55:33,810 |   -> New best val loss: 78.9627 (saved best_model.pt)
2026-07-03 08:55:35,587 |   -> New best val loss: 77.7397 (saved best_model.pt)
2026-07-03 08:55:37,964 |   -> New best val loss: 76.8102 (saved best_model.pt)
2026-07-03 08:55:40,016 |   -> New best val loss: 76.2523 (saved best_model.pt)
2026-07-03 08:55:42,381 |   -> New best val loss: 74.5853 (saved best_model.pt)
2026-07-03 08:55:44,581 |   -> New best val loss: 74.5649 (saved best_model.pt)
2026-07-03 08:55:46,643 |   -> New best val loss: 73.2693 (saved best_model.pt)
2026-07-03 08:55:48,748 | Epoch   40/1000 | kl_g0_w=1.00 kl_u_w=1.00 | train=112.6822 (recon=102.4455, kl_g0=5.8951, kl_u=4.3416, cls=0.6975) | val=71.5082 | lr=1.00e-04
2026-07-03 08:55:48,772 |   -> New best val loss: 71.5082 (saved best_model.pt)
2026-07-03 08:55:51,294 |   -> New best val loss: 71.4265 (saved best_model.pt)
2026-07-03 08:55:53,551 |   -> New best val loss: 70.6011 (saved best_model.pt)
2026-07-03 08:55:55,884 |   -> New best val loss: 69.7767 (saved best_model.pt)
2026-07-03 08:55:57,693 |   -> New best val loss: 68.7750 (saved best_model.pt)
2026-07-03 08:55:59,766 |   -> New best val loss: 67.8526 (saved best_model.pt)
2026-07-03 08:56:02,253 |   -> New best val loss: 67.4134 (saved best_model.pt)
2026-07-03 08:56:04,153 |   -> New best val loss: 66.6009 (saved best_model.pt)
2026-07-03 08:56:05,732 |   -> New best val loss: 66.0182 (saved best_model.pt)
2026-07-03 08:56:07,662 |   -> New best val loss: 65.6867 (saved best_model.pt)
2026-07-03 08:56:09,742 | Epoch   50/1000 | kl_g0_w=1.00 kl_u_w=1.00 | train=96.4572 (recon=86.0354, kl_g0=5.9955, kl_u=4.4263, cls=0.6981) | val=64.9509 | lr=1.00e-04
2026-07-03 08:56:09,759 |   -> New best val loss: 64.9509 (saved best_model.pt)
2026-07-03 08:56:11,366 |   -> New best val loss: 64.7154 (saved best_model.pt)
2026-07-03 08:56:13,159 |   -> New best val loss: 63.3314 (saved best_model.pt)
2026-07-03 08:56:17,266 |   -> New best val loss: 62.5864 (saved best_model.pt)
2026-07-03 08:56:19,677 |   -> New best val loss: 61.5083 (saved best_model.pt)
2026-07-03 08:56:24,689 |   -> New best val loss: 60.1876 (saved best_model.pt)
2026-07-03 08:56:29,688 |   -> New best val loss: 60.0053 (saved best_model.pt)
2026-07-03 08:56:31,686 | Epoch   60/1000 | kl_g0_w=1.00 kl_u_w=1.00 | train=85.7150 (recon=75.2452, kl_g0=6.1048, kl_u=4.3649, cls=0.6955) | val=59.5203 | lr=1.00e-04
2026-07-03 08:56:31,702 |   -> New best val loss: 59.5203 (saved best_model.pt)
2026-07-03 08:56:33,222 |   -> New best val loss: 58.7575 (saved best_model.pt)
2026-07-03 08:56:34,718 |   -> New best val loss: 58.5352 (saved best_model.pt)
2026-07-03 08:56:36,463 |   -> New best val loss: 58.3058 (saved best_model.pt)
2026-07-03 08:56:38,362 |   -> New best val loss: 57.2992 (saved best_model.pt)
2026-07-03 08:56:40,169 |   -> New best val loss: 56.9728 (saved best_model.pt)
2026-07-03 08:56:41,800 |   -> New best val loss: 56.7461 (saved best_model.pt)
2026-07-03 08:56:43,435 |   -> New best val loss: 56.1693 (saved best_model.pt)
2026-07-03 08:56:45,323 |   -> New best val loss: 56.0003 (saved best_model.pt)
2026-07-03 08:56:46,876 |   -> New best val loss: 55.2276 (saved best_model.pt)
2026-07-03 08:56:48,394 | Epoch   70/1000 | kl_g0_w=1.00 kl_u_w=1.00 | train=75.7864 (recon=65.3113, kl_g0=6.2042, kl_u=4.2709, cls=0.6957) | val=54.9925 | lr=1.00e-04
2026-07-03 08:56:48,411 |   -> New best val loss: 54.9925 (saved best_model.pt)
2026-07-03 08:56:50,203 |   -> New best val loss: 54.7720 (saved best_model.pt)
2026-07-03 08:56:54,074 |   -> New best val loss: 54.0464 (saved best_model.pt)
2026-07-03 08:56:56,327 |   -> New best val loss: 53.8552 (saved best_model.pt)
2026-07-03 08:56:58,529 |   -> New best val loss: 53.4330 (saved best_model.pt)
2026-07-03 08:57:00,869 |   -> New best val loss: 52.7416 (saved best_model.pt)
2026-07-03 08:57:04,771 |   -> New best val loss: 51.9603 (saved best_model.pt)
2026-07-03 08:57:09,311 | Epoch   80/1000 | kl_g0_w=1.00 kl_u_w=1.00 | train=69.3451 (recon=58.8159, kl_g0=6.3039, kl_u=4.2254, cls=0.6958) | val=51.1169 | lr=1.00e-04
2026-07-03 08:57:09,336 |   -> New best val loss: 51.1169 (saved best_model.pt)
2026-07-03 08:57:11,343 |   -> New best val loss: 51.0165 (saved best_model.pt)
2026-07-03 08:57:13,837 |   -> New best val loss: 50.8732 (saved best_model.pt)
2026-07-03 08:57:16,380 |   -> New best val loss: 50.1762 (saved best_model.pt)
2026-07-03 08:57:22,783 |   -> New best val loss: 49.8151 (saved best_model.pt)
2026-07-03 08:57:24,984 |   -> New best val loss: 49.5595 (saved best_model.pt)
2026-07-03 08:57:26,618 |   -> New best val loss: 49.0424 (saved best_model.pt)
2026-07-03 08:57:28,938 |   -> New best val loss: 48.8851 (saved best_model.pt)
2026-07-03 08:57:30,549 | Epoch   90/1000 | kl_g0_w=1.00 kl_u_w=1.00 | train=63.6297 (recon=53.1805, kl_g0=6.4099, kl_u=4.0394, cls=0.6955) | val=48.8826 | lr=1.00e-04
2026-07-03 08:57:30,568 |   -> New best val loss: 48.8826 (saved best_model.pt)
2026-07-03 08:57:34,934 |   -> New best val loss: 47.5914 (saved best_model.pt)
2026-07-03 08:57:39,150 |   -> New best val loss: 47.4164 (saved best_model.pt)
2026-07-03 08:57:42,352 |   -> New best val loss: 47.2676 (saved best_model.pt)
2026-07-03 08:57:43,840 |   -> New best val loss: 47.0859 (saved best_model.pt)
2026-07-03 08:57:45,691 |   -> New best val loss: 46.4448 (saved best_model.pt)
2026-07-03 08:57:49,551 | Epoch  100/1000 | kl_g0_w=1.00 kl_u_w=1.00 | train=58.9608 (recon=48.5276, kl_g0=6.4897, kl_u=3.9435, cls=0.6957) | val=46.5152 | lr=1.00e-04
2026-07-03 08:57:51,135 |   -> New best val loss: 46.0220 (saved best_model.pt)
2026-07-03 08:57:52,865 |   -> New best val loss: 46.0043 (saved best_model.pt)
2026-07-03 08:57:54,402 |   -> New best val loss: 45.8424 (saved best_model.pt)
2026-07-03 08:57:56,564 |   -> New best val loss: 45.0003 (saved best_model.pt)
2026-07-03 08:58:00,375 |   -> New best val loss: 44.7227 (saved best_model.pt)
2026-07-03 08:58:02,428 |   -> New best val loss: 44.6625 (saved best_model.pt)
2026-07-03 08:58:04,050 |   -> New best val loss: 44.5710 (saved best_model.pt)
2026-07-03 08:58:05,709 |   -> New best val loss: 44.2793 (saved best_model.pt)
2026-07-03 08:58:07,860 | Epoch  110/1000 | kl_g0_w=1.00 kl_u_w=1.00 | train=55.0285 (recon=44.6391, kl_g0=6.5770, kl_u=3.8125, cls=0.6948) | val=43.9257 | lr=1.00e-04
2026-07-03 08:58:07,877 |   -> New best val loss: 43.9257 (saved best_model.pt)
2026-07-03 08:58:09,955 |   -> New best val loss: 43.4965 (saved best_model.pt)
2026-07-03 08:58:14,359 |   -> New best val loss: 43.3937 (saved best_model.pt)
2026-07-03 08:58:15,883 |   -> New best val loss: 43.2776 (saved best_model.pt)
2026-07-03 08:58:17,431 |   -> New best val loss: 43.0445 (saved best_model.pt)
2026-07-03 08:58:20,940 |   -> New best val loss: 42.8658 (saved best_model.pt)
2026-07-03 08:58:24,891 |   -> New best val loss: 42.4948 (saved best_model.pt)
2026-07-03 08:58:26,503 | Epoch  120/1000 | kl_g0_w=1.00 kl_u_w=1.00 | train=51.1724 (recon=40.7188, kl_g0=6.6439, kl_u=3.8097, cls=0.6950) | val=42.2273 | lr=1.00e-04
2026-07-03 08:58:26,526 |   -> New best val loss: 42.2273 (saved best_model.pt)
2026-07-03 08:58:30,940 |   -> New best val loss: 41.9094 (saved best_model.pt)
2026-07-03 08:58:38,199 |   -> New best val loss: 41.7209 (saved best_model.pt)
2026-07-03 08:58:40,478 |   -> New best val loss: 41.2153 (saved best_model.pt)
2026-07-03 08:58:43,026 |   -> New best val loss: 41.1176 (saved best_model.pt)
2026-07-03 08:58:45,074 |   -> New best val loss: 40.7922 (saved best_model.pt)
2026-07-03 08:58:49,983 | Epoch  130/1000 | kl_g0_w=1.00 kl_u_w=1.00 | train=47.8071 (recon=37.3665, kl_g0=6.7182, kl_u=3.7224, cls=0.6927) | val=40.6105 | lr=1.00e-04
2026-07-03 08:58:50,012 |   -> New best val loss: 40.6105 (saved best_model.pt)
2026-07-03 08:58:51,874 |   -> New best val loss: 40.3139 (saved best_model.pt)
2026-07-03 08:58:55,314 |   -> New best val loss: 40.1441 (saved best_model.pt)
2026-07-03 08:58:57,305 |   -> New best val loss: 40.0901 (saved best_model.pt)
2026-07-03 08:58:59,183 |   -> New best val loss: 40.0109 (saved best_model.pt)
2026-07-03 08:59:00,942 |   -> New best val loss: 39.7078 (saved best_model.pt)
2026-07-03 08:59:05,967 |   -> New best val loss: 39.5449 (saved best_model.pt)
2026-07-03 08:59:08,495 |   -> New best val loss: 39.1964 (saved best_model.pt)
2026-07-03 08:59:10,443 | Epoch  140/1000 | kl_g0_w=1.00 kl_u_w=1.00 | train=45.9396 (recon=35.4997, kl_g0=6.7881, kl_u=3.6518, cls=0.6957) | val=39.2254 | lr=1.00e-04
2026-07-03 08:59:11,966 |   -> New best val loss: 39.0865 (saved best_model.pt)
2026-07-03 08:59:14,347 |   -> New best val loss: 38.6255 (saved best_model.pt)
2026-07-03 08:59:17,958 |   -> New best val loss: 38.4657 (saved best_model.pt)
2026-07-03 08:59:21,616 |   -> New best val loss: 38.3213 (saved best_model.pt)
2026-07-03 08:59:23,567 |   -> New best val loss: 38.0520 (saved best_model.pt)
2026-07-03 08:59:28,192 |   -> New best val loss: 37.6873 (saved best_model.pt)
2026-07-03 08:59:30,539 | Epoch  150/1000 | kl_g0_w=1.00 kl_u_w=1.00 | train=43.0213 (recon=32.5584, kl_g0=6.8475, kl_u=3.6154, cls=0.6942) | val=37.6314 | lr=1.00e-04
2026-07-03 08:59:30,556 |   -> New best val loss: 37.6314 (saved best_model.pt)
2026-07-03 08:59:34,313 |   -> New best val loss: 37.4457 (saved best_model.pt)
2026-07-03 08:59:36,261 |   -> New best val loss: 37.1753 (saved best_model.pt)
2026-07-03 08:59:41,717 |   -> New best val loss: 36.8593 (saved best_model.pt)
2026-07-03 08:59:45,141 |   -> New best val loss: 36.7243 (saved best_model.pt)
2026-07-03 08:59:46,679 |   -> New best val loss: 36.7031 (saved best_model.pt)
2026-07-03 08:59:48,198 | Epoch  160/1000 | kl_g0_w=1.00 kl_u_w=1.00 | train=41.2367 (recon=30.7604, kl_g0=6.8973, kl_u=3.5790, cls=0.6956) | val=36.4350 | lr=1.00e-04
2026-07-03 08:59:48,212 |   -> New best val loss: 36.4350 (saved best_model.pt)
2026-07-03 08:59:52,605 |   -> New best val loss: 36.4103 (saved best_model.pt)
2026-07-03 08:59:54,314 |   -> New best val loss: 36.2764 (saved best_model.pt)
2026-07-03 08:59:56,439 |   -> New best val loss: 35.8249 (saved best_model.pt)
2026-07-03 09:00:01,057 |   -> New best val loss: 35.7719 (saved best_model.pt)
2026-07-03 09:00:03,413 |   -> New best val loss: 35.7021 (saved best_model.pt)
2026-07-03 09:00:05,094 |   -> New best val loss: 35.6420 (saved best_model.pt)
2026-07-03 09:00:06,593 |   -> New best val loss: 35.4748 (saved best_model.pt)
2026-07-03 09:00:08,147 | Epoch  170/1000 | kl_g0_w=1.00 kl_u_w=1.00 | train=39.3178 (recon=28.7965, kl_g0=6.9391, kl_u=3.5823, cls=0.6947) | val=35.6292 | lr=1.00e-04
2026-07-03 09:00:10,229 |   -> New best val loss: 35.3016 (saved best_model.pt)
2026-07-03 09:00:11,773 |   -> New best val loss: 35.1132 (saved best_model.pt)
2026-07-03 09:00:14,103 |   -> New best val loss: 34.9463 (saved best_model.pt)
2026-07-03 09:00:17,568 |   -> New best val loss: 34.6509 (saved best_model.pt)
2026-07-03 09:00:21,900 |   -> New best val loss: 34.6170 (saved best_model.pt)
2026-07-03 09:00:24,089 |   -> New best val loss: 34.5110 (saved best_model.pt)
2026-07-03 09:00:26,004 |   -> New best val loss: 34.3215 (saved best_model.pt)
2026-07-03 09:00:28,513 | Epoch  180/1000 | kl_g0_w=1.00 kl_u_w=1.00 | train=37.6912 (recon=27.1904, kl_g0=6.9720, kl_u=3.5287, cls=0.6962) | val=34.4344 | lr=1.00e-04
2026-07-03 09:00:31,058 |   -> New best val loss: 34.2829 (saved best_model.pt)
2026-07-03 09:00:33,602 |   -> New best val loss: 33.8195 (saved best_model.pt)
2026-07-03 09:00:37,574 |   -> New best val loss: 33.7905 (saved best_model.pt)
2026-07-03 09:00:39,457 |   -> New best val loss: 33.5996 (saved best_model.pt)
2026-07-03 09:00:41,466 |   -> New best val loss: 33.4955 (saved best_model.pt)
2026-07-03 09:00:44,852 |   -> New best val loss: 33.4039 (saved best_model.pt)
2026-07-03 09:00:46,445 |   -> New best val loss: 33.1947 (saved best_model.pt)
2026-07-03 09:00:48,036 | Epoch  190/1000 | kl_g0_w=1.00 kl_u_w=1.00 | train=35.8764 (recon=25.3811, kl_g0=6.9922, kl_u=3.5032, cls=0.6952) | val=33.1276 | lr=1.00e-04
2026-07-03 09:00:48,055 |   -> New best val loss: 33.1276 (saved best_model.pt)
2026-07-03 09:00:51,860 |   -> New best val loss: 32.8806 (saved best_model.pt)
2026-07-03 09:00:56,458 |   -> New best val loss: 32.7846 (saved best_model.pt)
2026-07-03 09:00:57,972 |   -> New best val loss: 32.7285 (saved best_model.pt)
2026-07-03 09:01:00,678 |   -> New best val loss: 32.4924 (saved best_model.pt)
2026-07-03 09:01:03,022 |   -> New best val loss: 32.4197 (saved best_model.pt)
2026-07-03 09:01:06,598 |   -> New best val loss: 32.2441 (saved best_model.pt)
2026-07-03 09:01:08,874 | Epoch  200/1000 | kl_g0_w=1.00 kl_u_w=1.00 | train=34.5603 (recon=24.0700, kl_g0=7.0069, kl_u=3.4834, cls=0.6940) | val=32.1464 | lr=1.00e-04
2026-07-03 09:01:08,891 |   -> New best val loss: 32.1464 (saved best_model.pt)
2026-07-03 09:01:11,049 |   -> New best val loss: 32.0508 (saved best_model.pt)
2026-07-03 09:01:12,777 |   -> New best val loss: 31.8279 (saved best_model.pt)
2026-07-03 09:01:18,528 |   -> New best val loss: 31.6693 (saved best_model.pt)
2026-07-03 09:01:20,084 |   -> New best val loss: 31.5411 (saved best_model.pt)
2026-07-03 09:01:21,680 |   -> New best val loss: 31.5060 (saved best_model.pt)
2026-07-03 09:01:23,666 |   -> New best val loss: 31.4276 (saved best_model.pt)
2026-07-03 09:01:25,573 |   -> New best val loss: 31.3373 (saved best_model.pt)
2026-07-03 09:01:27,938 | Epoch  210/1000 | kl_g0_w=1.00 kl_u_w=1.00 | train=33.0281 (recon=22.5517, kl_g0=7.0088, kl_u=3.4677, cls=0.6935) | val=31.2640 | lr=1.00e-04
2026-07-03 09:01:27,968 |   -> New best val loss: 31.2640 (saved best_model.pt)
2026-07-03 09:01:32,515 |   -> New best val loss: 30.8980 (saved best_model.pt)
2026-07-03 09:01:37,521 |   -> New best val loss: 30.8734 (saved best_model.pt)
2026-07-03 09:01:39,862 |   -> New best val loss: 30.6920 (saved best_model.pt)
2026-07-03 09:01:41,617 |   -> New best val loss: 30.6691 (saved best_model.pt)
2026-07-03 09:01:43,156 |   -> New best val loss: 30.5559 (saved best_model.pt)
2026-07-03 09:01:47,167 |   -> New best val loss: 30.3422 (saved best_model.pt)
2026-07-03 09:01:48,989 | Epoch  220/1000 | kl_g0_w=1.00 kl_u_w=1.00 | train=31.9324 (recon=21.4813, kl_g0=7.0101, kl_u=3.4410, cls=0.6979) | val=30.2312 | lr=1.00e-04
2026-07-03 09:01:49,015 |   -> New best val loss: 30.2312 (saved best_model.pt)
2026-07-03 09:01:52,734 |   -> New best val loss: 30.1228 (saved best_model.pt)
2026-07-03 09:01:54,311 |   -> New best val loss: 29.9068 (saved best_model.pt)
2026-07-03 09:01:59,213 |   -> New best val loss: 29.7840 (saved best_model.pt)
2026-07-03 09:02:01,740 |   -> New best val loss: 29.7054 (saved best_model.pt)
2026-07-03 09:02:06,493 |   -> New best val loss: 29.5781 (saved best_model.pt)
2026-07-03 09:02:08,899 |   -> New best val loss: 29.5543 (saved best_model.pt)
2026-07-03 09:02:10,602 | Epoch  230/1000 | kl_g0_w=1.00 kl_u_w=1.00 | train=30.7896 (recon=20.3753, kl_g0=6.9961, kl_u=3.4182, cls=0.6966) | val=29.4063 | lr=1.00e-04
2026-07-03 09:02:10,618 |   -> New best val loss: 29.4063 (saved best_model.pt)
2026-07-03 09:02:15,465 |   -> New best val loss: 29.4006 (saved best_model.pt)
2026-07-03 09:02:17,841 |   -> New best val loss: 29.1273 (saved best_model.pt)
2026-07-03 09:02:22,520 |   -> New best val loss: 28.9988 (saved best_model.pt)
2026-07-03 09:02:25,011 |   -> New best val loss: 28.8703 (saved best_model.pt)
2026-07-03 09:02:26,909 |   -> New best val loss: 28.8312 (saved best_model.pt)
2026-07-03 09:02:29,095 |   -> New best val loss: 28.6070 (saved best_model.pt)
2026-07-03 09:02:32,451 | Epoch  240/1000 | kl_g0_w=1.00 kl_u_w=1.00 | train=29.8313 (recon=19.4586, kl_g0=6.9629, kl_u=3.4099, cls=0.6969) | val=28.5084 | lr=1.00e-04
2026-07-03 09:02:32,468 |   -> New best val loss: 28.5084 (saved best_model.pt)
2026-07-03 09:02:34,450 |   -> New best val loss: 28.4136 (saved best_model.pt)
2026-07-03 09:02:38,437 |   -> New best val loss: 28.3634 (saved best_model.pt)
2026-07-03 09:02:40,821 |   -> New best val loss: 28.1747 (saved best_model.pt)
2026-07-03 09:02:45,451 |   -> New best val loss: 28.0816 (saved best_model.pt)
2026-07-03 09:02:47,929 |   -> New best val loss: 28.0360 (saved best_model.pt)
2026-07-03 09:02:52,361 |   -> New best val loss: 27.8830 (saved best_model.pt)
2026-07-03 09:02:54,438 | Epoch  250/1000 | kl_g0_w=1.00 kl_u_w=1.00 | train=28.5277 (recon=18.2433, kl_g0=6.9166, kl_u=3.3678, cls=0.6965) | val=27.6662 | lr=1.00e-04
2026-07-03 09:02:54,462 |   -> New best val loss: 27.6662 (saved best_model.pt)
2026-07-03 09:03:04,551 |   -> New best val loss: 27.3553 (saved best_model.pt)
2026-07-03 09:03:07,916 |   -> New best val loss: 27.2248 (saved best_model.pt)
2026-07-03 09:03:12,550 |   -> New best val loss: 27.1802 (saved best_model.pt)
2026-07-03 09:03:16,523 | Epoch  260/1000 | kl_g0_w=1.00 kl_u_w=1.00 | train=27.9042 (recon=17.6654, kl_g0=6.8570, kl_u=3.3818, cls=0.6976) | val=26.8128 | lr=1.00e-04
2026-07-03 09:03:16,543 |   -> New best val loss: 26.8128 (saved best_model.pt)
2026-07-03 09:03:23,948 |   -> New best val loss: 26.6779 (saved best_model.pt)
2026-07-03 09:03:25,899 |   -> New best val loss: 26.6588 (saved best_model.pt)
2026-07-03 09:03:30,640 |   -> New best val loss: 26.5232 (saved best_model.pt)
2026-07-03 09:03:32,305 |   -> New best val loss: 26.4722 (saved best_model.pt)
2026-07-03 09:03:34,762 |   -> New best val loss: 26.4012 (saved best_model.pt)
2026-07-03 09:03:36,856 |   -> New best val loss: 26.2609 (saved best_model.pt)
2026-07-03 09:03:38,629 | Epoch  270/1000 | kl_g0_w=1.00 kl_u_w=1.00 | train=26.9607 (recon=16.8064, kl_g0=6.7904, kl_u=3.3638, cls=0.6987) | val=26.3217 | lr=1.00e-04
2026-07-03 09:03:40,704 |   -> New best val loss: 26.0801 (saved best_model.pt)
2026-07-03 09:03:47,404 |   -> New best val loss: 25.8225 (saved best_model.pt)
2026-07-03 09:03:49,744 |   -> New best val loss: 25.7835 (saved best_model.pt)
2026-07-03 09:03:54,228 |   -> New best val loss: 25.5634 (saved best_model.pt)
2026-07-03 09:03:59,664 | Epoch  280/1000 | kl_g0_w=1.00 kl_u_w=1.00 | train=26.1189 (recon=16.0502, kl_g0=6.7149, kl_u=3.3537, cls=0.6989) | val=25.6794 | lr=1.00e-04
2026-07-03 09:04:01,657 |   -> New best val loss: 25.4305 (saved best_model.pt)
2026-07-03 09:04:03,220 |   -> New best val loss: 25.2498 (saved best_model.pt)
2026-07-03 09:04:07,892 |   -> New best val loss: 25.1685 (saved best_model.pt)
2026-07-03 09:04:09,974 |   -> New best val loss: 25.1220 (saved best_model.pt)
2026-07-03 09:04:11,821 |   -> New best val loss: 25.0862 (saved best_model.pt)
2026-07-03 09:04:16,499 |   -> New best val loss: 24.9076 (saved best_model.pt)
2026-07-03 09:04:18,148 |   -> New best val loss: 24.8593 (saved best_model.pt)
2026-07-03 09:04:20,152 | Epoch  290/1000 | kl_g0_w=1.00 kl_u_w=1.00 | train=25.4424 (recon=15.4869, kl_g0=6.6341, kl_u=3.3214, cls=0.6978) | val=24.8143 | lr=1.00e-04
2026-07-03 09:04:20,169 |   -> New best val loss: 24.8143 (saved best_model.pt)
2026-07-03 09:04:22,032 |   -> New best val loss: 24.6213 (saved best_model.pt)
2026-07-03 09:04:26,381 |   -> New best val loss: 24.5618 (saved best_model.pt)
2026-07-03 09:04:28,756 |   -> New best val loss: 24.4675 (saved best_model.pt)
2026-07-03 09:04:32,648 |   -> New best val loss: 24.4583 (saved best_model.pt)
2026-07-03 09:04:34,264 |   -> New best val loss: 24.1654 (saved best_model.pt)
2026-07-03 09:04:40,077 | Epoch  300/1000 | kl_g0_w=1.00 kl_u_w=1.00 | train=24.6151 (recon=14.7643, kl_g0=6.5276, kl_u=3.3232, cls=0.6996) | val=24.3325 | lr=1.00e-04
2026-07-03 09:04:42,607 |   -> New best val loss: 23.9646 (saved best_model.pt)
2026-07-03 09:04:44,263 |   -> New best val loss: 23.9435 (saved best_model.pt)
2026-07-03 09:04:48,472 |   -> New best val loss: 23.8378 (saved best_model.pt)
2026-07-03 09:04:50,050 |   -> New best val loss: 23.7360 (saved best_model.pt)
2026-07-03 09:04:52,180 |   -> New best val loss: 23.6636 (saved best_model.pt)
2026-07-03 09:04:54,282 |   -> New best val loss: 23.6580 (saved best_model.pt)
2026-07-03 09:04:55,989 |   -> New best val loss: 23.5736 (saved best_model.pt)
2026-07-03 09:05:00,447 | Epoch  310/1000 | kl_g0_w=1.00 kl_u_w=1.00 | train=23.8032 (recon=14.0771, kl_g0=6.4315, kl_u=3.2946, cls=0.6998) | val=23.5204 | lr=1.00e-04
2026-07-03 09:05:00,471 |   -> New best val loss: 23.5204 (saved best_model.pt)
2026-07-03 09:05:03,043 |   -> New best val loss: 23.3077 (saved best_model.pt)
2026-07-03 09:05:05,256 |   -> New best val loss: 23.2313 (saved best_model.pt)
2026-07-03 09:05:10,536 |   -> New best val loss: 23.0032 (saved best_model.pt)
2026-07-03 09:05:15,212 |   -> New best val loss: 22.7861 (saved best_model.pt)
2026-07-03 09:05:19,932 | Epoch  320/1000 | kl_g0_w=1.00 kl_u_w=1.00 | train=23.0954 (recon=13.4718, kl_g0=6.3344, kl_u=3.2891, cls=0.6999) | val=22.9113 | lr=1.00e-04
2026-07-03 09:05:22,370 |   -> New best val loss: 22.6860 (saved best_model.pt)
2026-07-03 09:05:24,840 |   -> New best val loss: 22.6307 (saved best_model.pt)
2026-07-03 09:05:26,954 |   -> New best val loss: 22.6072 (saved best_model.pt)
2026-07-03 09:05:28,487 |   -> New best val loss: 22.5773 (saved best_model.pt)
2026-07-03 09:05:30,836 |   -> New best val loss: 22.5670 (saved best_model.pt)
2026-07-03 09:05:32,373 |   -> New best val loss: 22.3901 (saved best_model.pt)
2026-07-03 09:05:34,080 |   -> New best val loss: 22.3757 (saved best_model.pt)
2026-07-03 09:05:36,254 |   -> New best val loss: 22.3312 (saved best_model.pt)
2026-07-03 09:05:37,968 |   -> New best val loss: 22.2647 (saved best_model.pt)
2026-07-03 09:05:40,312 | Epoch  330/1000 | kl_g0_w=1.00 kl_u_w=1.00 | train=22.5387 (recon=13.0438, kl_g0=6.2171, kl_u=3.2778, cls=0.7012) | val=22.1769 | lr=1.00e-04
2026-07-03 09:05:40,337 |   -> New best val loss: 22.1769 (saved best_model.pt)
2026-07-03 09:05:41,855 |   -> New best val loss: 22.1640 (saved best_model.pt)
2026-07-03 09:05:44,434 |   -> New best val loss: 22.0219 (saved best_model.pt)
2026-07-03 09:05:46,944 |   -> New best val loss: 21.9707 (saved best_model.pt)
2026-07-03 09:05:53,752 |   -> New best val loss: 21.8666 (saved best_model.pt)
2026-07-03 09:05:55,488 |   -> New best val loss: 21.8076 (saved best_model.pt)
2026-07-03 09:06:00,431 |   -> New best val loss: 21.6913 (saved best_model.pt)
2026-07-03 09:06:02,013 | Epoch  340/1000 | kl_g0_w=1.00 kl_u_w=1.00 | train=21.9700 (recon=12.6329, kl_g0=6.1069, kl_u=3.2303, cls=0.7020) | val=21.6275 | lr=1.00e-04
2026-07-03 09:06:02,028 |   -> New best val loss: 21.6275 (saved best_model.pt)
2026-07-03 09:06:04,392 |   -> New best val loss: 21.5258 (saved best_model.pt)
2026-07-03 09:06:06,213 |   -> New best val loss: 21.4942 (saved best_model.pt)
2026-07-03 09:06:08,327 |   -> New best val loss: 21.4540 (saved best_model.pt)
2026-07-03 09:06:10,455 |   -> New best val loss: 21.3920 (saved best_model.pt)
2026-07-03 09:06:13,734 |   -> New best val loss: 21.2933 (saved best_model.pt)
2026-07-03 09:06:15,256 |   -> New best val loss: 21.2869 (saved best_model.pt)
2026-07-03 09:06:16,757 |   -> New best val loss: 21.1755 (saved best_model.pt)
2026-07-03 09:06:18,279 |   -> New best val loss: 21.0121 (saved best_model.pt)
2026-07-03 09:06:20,493 | Epoch  350/1000 | kl_g0_w=1.00 kl_u_w=1.00 | train=21.4274 (recon=12.2259, kl_g0=5.9974, kl_u=3.2041, cls=0.7024) | val=21.0881 | lr=1.00e-04
2026-07-03 09:06:22,909 |   -> New best val loss: 21.0118 (saved best_model.pt)
2026-07-03 09:06:24,469 |   -> New best val loss: 20.9662 (saved best_model.pt)
2026-07-03 09:06:28,369 |   -> New best val loss: 20.8385 (saved best_model.pt)
2026-07-03 09:06:30,820 |   -> New best val loss: 20.7239 (saved best_model.pt)
2026-07-03 09:06:34,931 |   -> New best val loss: 20.5929 (saved best_model.pt)
2026-07-03 09:06:38,168 |   -> New best val loss: 20.5417 (saved best_model.pt)
2026-07-03 09:06:40,210 | Epoch  360/1000 | kl_g0_w=1.00 kl_u_w=1.00 | train=20.8951 (recon=11.8255, kl_g0=5.8589, kl_u=3.2107, cls=0.7010) | val=20.5262 | lr=1.00e-04
2026-07-03 09:06:40,225 |   -> New best val loss: 20.5262 (saved best_model.pt)
2026-07-03 09:06:42,480 |   -> New best val loss: 20.4378 (saved best_model.pt)
2026-07-03 09:06:45,041 |   -> New best val loss: 20.4266 (saved best_model.pt)
2026-07-03 09:06:46,740 |   -> New best val loss: 20.3076 (saved best_model.pt)
2026-07-03 09:06:49,951 |   -> New best val loss: 20.2019 (saved best_model.pt)
2026-07-03 09:06:51,933 |   -> New best val loss: 20.1500 (saved best_model.pt)
2026-07-03 09:06:55,224 |   -> New best val loss: 20.0575 (saved best_model.pt)
2026-07-03 09:06:58,787 | Epoch  370/1000 | kl_g0_w=1.00 kl_u_w=1.00 | train=20.3221 (recon=11.4608, kl_g0=5.6801, kl_u=3.1812, cls=0.7021) | val=19.9867 | lr=1.00e-04
2026-07-03 09:06:58,812 |   -> New best val loss: 19.9867 (saved best_model.pt)
2026-07-03 09:07:00,579 |   -> New best val loss: 19.9022 (saved best_model.pt)
2026-07-03 09:07:02,924 |   -> New best val loss: 19.8762 (saved best_model.pt)
2026-07-03 09:07:04,808 |   -> New best val loss: 19.8488 (saved best_model.pt)
2026-07-03 09:07:06,536 |   -> New best val loss: 19.7218 (saved best_model.pt)
2026-07-03 09:07:08,104 |   -> New best val loss: 19.7149 (saved best_model.pt)
2026-07-03 09:07:09,884 |   -> New best val loss: 19.6701 (saved best_model.pt)
2026-07-03 09:07:11,756 |   -> New best val loss: 19.6245 (saved best_model.pt)
2026-07-03 09:07:14,175 |   -> New best val loss: 19.5162 (saved best_model.pt)
2026-07-03 09:07:19,274 | Epoch  380/1000 | kl_g0_w=1.00 kl_u_w=1.00 | train=19.7872 (recon=11.0989, kl_g0=5.5223, kl_u=3.1660, cls=0.7026) | val=19.4985 | lr=1.00e-04
2026-07-03 09:07:19,299 |   -> New best val loss: 19.4985 (saved best_model.pt)
2026-07-03 09:07:21,419 |   -> New best val loss: 19.3906 (saved best_model.pt)
2026-07-03 09:07:23,223 |   -> New best val loss: 19.3445 (saved best_model.pt)
2026-07-03 09:07:25,377 |   -> New best val loss: 19.2576 (saved best_model.pt)
2026-07-03 09:07:30,079 |   -> New best val loss: 19.2407 (saved best_model.pt)
2026-07-03 09:07:31,593 |   -> New best val loss: 19.0900 (saved best_model.pt)
2026-07-03 09:07:35,501 |   -> New best val loss: 19.0009 (saved best_model.pt)
2026-07-03 09:07:37,442 | Epoch  390/1000 | kl_g0_w=1.00 kl_u_w=1.00 | train=19.4103 (recon=10.8890, kl_g0=5.3634, kl_u=3.1578, cls=0.7037) | val=19.0369 | lr=1.00e-04
2026-07-03 09:07:39,921 |   -> New best val loss: 18.9110 (saved best_model.pt)
2026-07-03 09:07:43,734 |   -> New best val loss: 18.8725 (saved best_model.pt)
2026-07-03 09:07:46,128 |   -> New best val loss: 18.8374 (saved best_model.pt)
2026-07-03 09:07:47,869 |   -> New best val loss: 18.7432 (saved best_model.pt)
2026-07-03 09:07:51,241 |   -> New best val loss: 18.6341 (saved best_model.pt)
2026-07-03 09:07:52,782 |   -> New best val loss: 18.5981 (saved best_model.pt)
2026-07-03 09:07:54,364 |   -> New best val loss: 18.5576 (saved best_model.pt)
2026-07-03 09:07:55,872 | Epoch  400/1000 | kl_g0_w=1.00 kl_u_w=1.00 | train=18.8314 (recon=10.5301, kl_g0=5.1764, kl_u=3.1248, cls=0.7034) | val=18.5044 | lr=1.00e-04
2026-07-03 09:07:55,890 |   -> New best val loss: 18.5044 (saved best_model.pt)
2026-07-03 09:07:58,329 |   -> New best val loss: 18.4810 (saved best_model.pt)
2026-07-03 09:08:00,645 |   -> New best val loss: 18.4558 (saved best_model.pt)
2026-07-03 09:08:03,196 |   -> New best val loss: 18.3642 (saved best_model.pt)
2026-07-03 09:08:05,584 |   -> New best val loss: 18.2506 (saved best_model.pt)
2026-07-03 09:08:07,946 |   -> New best val loss: 18.2017 (saved best_model.pt)
2026-07-03 09:08:10,522 |   -> New best val loss: 18.1372 (saved best_model.pt)
2026-07-03 09:08:12,641 |   -> New best val loss: 18.0920 (saved best_model.pt)
2026-07-03 09:08:16,463 |   -> New best val loss: 18.0421 (saved best_model.pt)
2026-07-03 09:08:17,947 | Epoch  410/1000 | kl_g0_w=1.00 kl_u_w=1.00 | train=18.3887 (recon=10.2971, kl_g0=4.9803, kl_u=3.1113, cls=0.7049) | val=18.0435 | lr=1.00e-04
2026-07-03 09:08:19,459 |   -> New best val loss: 17.9173 (saved best_model.pt)
2026-07-03 09:08:24,964 |   -> New best val loss: 17.8668 (saved best_model.pt)
2026-07-03 09:08:26,615 |   -> New best val loss: 17.8021 (saved best_model.pt)
2026-07-03 09:08:28,994 |   -> New best val loss: 17.7205 (saved best_model.pt)
2026-07-03 09:08:30,607 |   -> New best val loss: 17.6724 (saved best_model.pt)
2026-07-03 09:08:32,772 |   -> New best val loss: 17.6177 (saved best_model.pt)
2026-07-03 09:08:35,292 |   -> New best val loss: 17.5739 (saved best_model.pt)
2026-07-03 09:08:36,823 | Epoch  420/1000 | kl_g0_w=1.00 kl_u_w=1.00 | train=17.8840 (recon=10.0272, kl_g0=4.7705, kl_u=3.0863, cls=0.7043) | val=17.5275 | lr=1.00e-04
2026-07-03 09:08:36,838 |   -> New best val loss: 17.5275 (saved best_model.pt)
2026-07-03 09:08:38,613 |   -> New best val loss: 17.5173 (saved best_model.pt)
2026-07-03 09:08:40,188 |   -> New best val loss: 17.4662 (saved best_model.pt)
2026-07-03 09:08:41,690 |   -> New best val loss: 17.4163 (saved best_model.pt)
2026-07-03 09:08:43,257 |   -> New best val loss: 17.3062 (saved best_model.pt)
2026-07-03 09:08:44,952 |   -> New best val loss: 17.2274 (saved best_model.pt)
2026-07-03 09:08:48,933 |   -> New best val loss: 17.1399 (saved best_model.pt)
2026-07-03 09:08:51,145 |   -> New best val loss: 17.1143 (saved best_model.pt)
2026-07-03 09:08:53,129 |   -> New best val loss: 17.0731 (saved best_model.pt)
2026-07-03 09:08:55,108 | Epoch  430/1000 | kl_g0_w=1.00 kl_u_w=1.00 | train=17.3887 (recon=9.8193, kl_g0=4.4964, kl_u=3.0729, cls=0.7055) | val=17.0518 | lr=1.00e-04
2026-07-03 09:08:55,125 |   -> New best val loss: 17.0518 (saved best_model.pt)
2026-07-03 09:08:56,892 |   -> New best val loss: 16.9604 (saved best_model.pt)
2026-07-03 09:08:59,103 |   -> New best val loss: 16.9075 (saved best_model.pt)
2026-07-03 09:09:01,411 |   -> New best val loss: 16.8879 (saved best_model.pt)
2026-07-03 09:09:04,503 |   -> New best val loss: 16.7985 (saved best_model.pt)
2026-07-03 09:09:06,154 |   -> New best val loss: 16.7252 (saved best_model.pt)
2026-07-03 09:09:07,793 |   -> New best val loss: 16.6974 (saved best_model.pt)
2026-07-03 09:09:09,327 |   -> New best val loss: 16.6073 (saved best_model.pt)
2026-07-03 09:09:11,386 |   -> New best val loss: 16.5792 (saved best_model.pt)
2026-07-03 09:09:12,845 | Epoch  440/1000 | kl_g0_w=1.00 kl_u_w=1.00 | train=16.9137 (recon=9.6311, kl_g0=4.2300, kl_u=3.0526, cls=0.7057) | val=16.5280 | lr=1.00e-04
2026-07-03 09:09:12,860 |   -> New best val loss: 16.5280 (saved best_model.pt)
2026-07-03 09:09:14,589 |   -> New best val loss: 16.5146 (saved best_model.pt)
2026-07-03 09:09:17,995 |   -> New best val loss: 16.4582 (saved best_model.pt)
2026-07-03 09:09:19,854 |   -> New best val loss: 16.3591 (saved best_model.pt)
2026-07-03 09:09:21,523 |   -> New best val loss: 16.3107 (saved best_model.pt)
2026-07-03 09:09:23,497 |   -> New best val loss: 16.2080 (saved best_model.pt)
2026-07-03 09:09:27,305 |   -> New best val loss: 16.1608 (saved best_model.pt)
2026-07-03 09:09:29,581 |   -> New best val loss: 16.1220 (saved best_model.pt)
2026-07-03 09:09:31,585 | Epoch  450/1000 | kl_g0_w=1.00 kl_u_w=1.00 | train=16.4429 (recon=9.4175, kl_g0=4.0095, kl_u=3.0159, cls=0.7076) | val=16.0750 | lr=1.00e-04
2026-07-03 09:09:31,601 |   -> New best val loss: 16.0750 (saved best_model.pt)
2026-07-03 09:09:33,326 |   -> New best val loss: 16.0436 (saved best_model.pt)
2026-07-03 09:09:34,959 |   -> New best val loss: 16.0044 (saved best_model.pt)
2026-07-03 09:09:37,235 |   -> New best val loss: 15.9602 (saved best_model.pt)
2026-07-03 09:09:39,613 |   -> New best val loss: 15.9033 (saved best_model.pt)
2026-07-03 09:09:42,120 |   -> New best val loss: 15.8579 (saved best_model.pt)
2026-07-03 09:09:43,963 |   -> New best val loss: 15.7738 (saved best_model.pt)
2026-07-03 09:09:46,253 |   -> New best val loss: 15.7225 (saved best_model.pt)
2026-07-03 09:09:48,615 |   -> New best val loss: 15.6853 (saved best_model.pt)
2026-07-03 09:09:50,499 |   -> New best val loss: 15.6020 (saved best_model.pt)
2026-07-03 09:09:52,282 | Epoch  460/1000 | kl_g0_w=1.00 kl_u_w=1.00 | train=15.9315 (recon=9.2625, kl_g0=3.6775, kl_u=2.9914, cls=0.7073) | val=15.5406 | lr=1.00e-04
2026-07-03 09:09:52,307 |   -> New best val loss: 15.5406 (saved best_model.pt)
2026-07-03 09:09:54,377 |   -> New best val loss: 15.5339 (saved best_model.pt)
2026-07-03 09:09:56,827 |   -> New best val loss: 15.5199 (saved best_model.pt)
2026-07-03 09:09:59,207 |   -> New best val loss: 15.4190 (saved best_model.pt)
2026-07-03 09:10:00,836 |   -> New best val loss: 15.3621 (saved best_model.pt)
2026-07-03 09:10:02,606 |   -> New best val loss: 15.2267 (saved best_model.pt)
2026-07-03 09:10:04,702 |   -> New best val loss: 15.2073 (saved best_model.pt)
2026-07-03 09:10:11,535 |   -> New best val loss: 15.1036 (saved best_model.pt)
2026-07-03 09:10:13,547 | Epoch  470/1000 | kl_g0_w=1.00 kl_u_w=1.00 | train=15.4150 (recon=9.0780, kl_g0=3.3617, kl_u=2.9753, cls=0.7090) | val=15.0139 | lr=1.00e-04
2026-07-03 09:10:13,569 |   -> New best val loss: 15.0139 (saved best_model.pt)
2026-07-03 09:10:16,114 |   -> New best val loss: 14.9834 (saved best_model.pt)
2026-07-03 09:10:21,140 |   -> New best val loss: 14.9786 (saved best_model.pt)
2026-07-03 09:10:22,812 |   -> New best val loss: 14.8679 (saved best_model.pt)
2026-07-03 09:10:24,339 |   -> New best val loss: 14.7921 (saved best_model.pt)
2026-07-03 09:10:25,853 |   -> New best val loss: 14.7275 (saved best_model.pt)
2026-07-03 09:10:29,062 |   -> New best val loss: 14.7049 (saved best_model.pt)
2026-07-03 09:10:31,041 |   -> New best val loss: 14.6231 (saved best_model.pt)
2026-07-03 09:10:32,708 | Epoch  480/1000 | kl_g0_w=1.00 kl_u_w=1.00 | train=14.9712 (recon=8.9553, kl_g0=3.0651, kl_u=2.9508, cls=0.7113) | val=14.5453 | lr=1.00e-04
2026-07-03 09:10:32,725 |   -> New best val loss: 14.5453 (saved best_model.pt)
2026-07-03 09:10:34,388 |   -> New best val loss: 14.5026 (saved best_model.pt)
2026-07-03 09:10:36,588 |   -> New best val loss: 14.4329 (saved best_model.pt)
2026-07-03 09:10:38,092 |   -> New best val loss: 14.3897 (saved best_model.pt)
2026-07-03 09:10:40,025 |   -> New best val loss: 14.3513 (saved best_model.pt)
2026-07-03 09:10:41,794 |   -> New best val loss: 14.2969 (saved best_model.pt)
2026-07-03 09:10:43,341 |   -> New best val loss: 14.2517 (saved best_model.pt)
2026-07-03 09:10:44,827 |   -> New best val loss: 14.1633 (saved best_model.pt)
2026-07-03 09:10:46,388 |   -> New best val loss: 14.1183 (saved best_model.pt)
2026-07-03 09:10:51,094 | Epoch  490/1000 | kl_g0_w=1.00 kl_u_w=1.00 | train=14.4857 (recon=8.7925, kl_g0=2.7651, kl_u=2.9280, cls=0.7135) | val=14.0578 | lr=1.00e-04
2026-07-03 09:10:51,110 |   -> New best val loss: 14.0578 (saved best_model.pt)
2026-07-03 09:10:52,649 |   -> New best val loss: 13.9763 (saved best_model.pt)
2026-07-03 09:10:54,590 |   -> New best val loss: 13.9283 (saved best_model.pt)
2026-07-03 09:10:56,704 |   -> New best val loss: 13.9219 (saved best_model.pt)
2026-07-03 09:10:59,124 |   -> New best val loss: 13.8725 (saved best_model.pt)
2026-07-03 09:11:01,211 |   -> New best val loss: 13.8048 (saved best_model.pt)
2026-07-03 09:11:02,728 |   -> New best val loss: 13.7130 (saved best_model.pt)
2026-07-03 09:11:05,034 |   -> New best val loss: 13.6081 (saved best_model.pt)
2026-07-03 09:11:06,754 |   -> New best val loss: 13.5795 (saved best_model.pt)
2026-07-03 09:11:08,247 |   -> New best val loss: 13.5787 (saved best_model.pt)
2026-07-03 09:11:10,405 | Epoch  500/1000 | kl_g0_w=1.00 kl_u_w=1.00 | train=13.9363 (recon=8.6057, kl_g0=2.4163, kl_u=2.9143, cls=0.7148) | val=13.5628 | lr=1.00e-04
2026-07-03 09:11:10,430 |   -> New best val loss: 13.5628 (saved best_model.pt)
2026-07-03 09:11:12,098 |   -> New best val loss: 13.5097 (saved best_model.pt)
2026-07-03 09:11:13,817 |   -> New best val loss: 13.4291 (saved best_model.pt)
2026-07-03 09:11:16,114 |   -> New best val loss: 13.4086 (saved best_model.pt)
2026-07-03 09:11:17,632 |   -> New best val loss: 13.3648 (saved best_model.pt)
2026-07-03 09:11:20,181 |   -> New best val loss: 13.2971 (saved best_model.pt)
2026-07-03 09:11:23,850 |   -> New best val loss: 13.2293 (saved best_model.pt)
2026-07-03 09:11:25,657 |   -> New best val loss: 13.1969 (saved best_model.pt)
2026-07-03 09:11:28,168 |   -> New best val loss: 13.1209 (saved best_model.pt)
2026-07-03 09:11:30,445 | Epoch  510/1000 | kl_g0_w=1.00 kl_u_w=1.00 | train=13.5225 (recon=8.4863, kl_g0=2.1322, kl_u=2.9040, cls=0.7180) | val=13.0818 | lr=1.00e-04
2026-07-03 09:11:30,468 |   -> New best val loss: 13.0818 (saved best_model.pt)
2026-07-03 09:11:33,003 |   -> New best val loss: 13.0659 (saved best_model.pt)
2026-07-03 09:11:35,373 |   -> New best val loss: 12.9651 (saved best_model.pt)
2026-07-03 09:11:37,690 |   -> New best val loss: 12.9486 (saved best_model.pt)
2026-07-03 09:11:39,193 |   -> New best val loss: 12.8843 (saved best_model.pt)
2026-07-03 09:11:41,618 |   -> New best val loss: 12.8795 (saved best_model.pt)
2026-07-03 09:11:43,314 |   -> New best val loss: 12.8206 (saved best_model.pt)
2026-07-03 09:11:45,194 |   -> New best val loss: 12.7886 (saved best_model.pt)
2026-07-03 09:11:46,935 |   -> New best val loss: 12.7293 (saved best_model.pt)
2026-07-03 09:11:49,080 |   -> New best val loss: 12.7020 (saved best_model.pt)
2026-07-03 09:11:51,593 | Epoch  520/1000 | kl_g0_w=1.00 kl_u_w=1.00 | train=13.0680 (recon=8.3282, kl_g0=1.8604, kl_u=2.8794, cls=0.7200) | val=12.6424 | lr=1.00e-04
2026-07-03 09:11:51,618 |   -> New best val loss: 12.6424 (saved best_model.pt)
2026-07-03 09:11:54,138 |   -> New best val loss: 12.6392 (saved best_model.pt)
2026-07-03 09:11:56,648 |   -> New best val loss: 12.5965 (saved best_model.pt)
2026-07-03 09:11:58,701 |   -> New best val loss: 12.5399 (saved best_model.pt)
2026-07-03 09:12:01,214 |   -> New best val loss: 12.5053 (saved best_model.pt)
2026-07-03 09:12:03,511 |   -> New best val loss: 12.4383 (saved best_model.pt)
2026-07-03 09:12:05,680 |   -> New best val loss: 12.3921 (saved best_model.pt)
2026-07-03 09:12:07,271 |   -> New best val loss: 12.3685 (saved best_model.pt)
2026-07-03 09:12:09,085 |   -> New best val loss: 12.3272 (saved best_model.pt)
2026-07-03 09:12:11,029 |   -> New best val loss: 12.3083 (saved best_model.pt)
2026-07-03 09:12:12,755 | Epoch  530/1000 | kl_g0_w=1.00 kl_u_w=1.00 | train=12.6447 (recon=8.1511, kl_g0=1.6050, kl_u=2.8886, cls=0.7229) | val=12.2725 | lr=1.00e-04
2026-07-03 09:12:12,772 |   -> New best val loss: 12.2725 (saved best_model.pt)
2026-07-03 09:12:14,311 |   -> New best val loss: 12.2296 (saved best_model.pt)
2026-07-03 09:12:16,508 |   -> New best val loss: 12.1815 (saved best_model.pt)
2026-07-03 09:12:18,999 |   -> New best val loss: 12.1561 (saved best_model.pt)
2026-07-03 09:12:20,613 |   -> New best val loss: 12.1249 (saved best_model.pt)
2026-07-03 09:12:22,130 |   -> New best val loss: 12.0947 (saved best_model.pt)
2026-07-03 09:12:23,685 |   -> New best val loss: 12.0357 (saved best_model.pt)
2026-07-03 09:12:25,298 |   -> New best val loss: 12.0008 (saved best_model.pt)
2026-07-03 09:12:27,548 |   -> New best val loss: 11.9468 (saved best_model.pt)
2026-07-03 09:12:31,657 | Epoch  540/1000 | kl_g0_w=1.00 kl_u_w=1.00 | train=12.2665 (recon=7.9996, kl_g0=1.3912, kl_u=2.8757, cls=0.7268) | val=11.9212 | lr=1.00e-04
2026-07-03 09:12:31,679 |   -> New best val loss: 11.9212 (saved best_model.pt)
2026-07-03 09:12:34,209 |   -> New best val loss: 11.9085 (saved best_model.pt)
2026-07-03 09:12:36,517 |   -> New best val loss: 11.8615 (saved best_model.pt)
2026-07-03 09:12:38,734 |   -> New best val loss: 11.8456 (saved best_model.pt)
2026-07-03 09:12:40,493 |   -> New best val loss: 11.7893 (saved best_model.pt)
2026-07-03 09:12:42,908 |   -> New best val loss: 11.7828 (saved best_model.pt)
2026-07-03 09:12:45,438 |   -> New best val loss: 11.7438 (saved best_model.pt)
2026-07-03 09:12:50,476 |   -> New best val loss: 11.6944 (saved best_model.pt)
2026-07-03 09:12:52,415 |   -> New best val loss: 11.6573 (saved best_model.pt)
2026-07-03 09:12:53,942 | Epoch  550/1000 | kl_g0_w=1.00 kl_u_w=1.00 | train=11.9163 (recon=7.8500, kl_g0=1.2048, kl_u=2.8615, cls=0.7292) | val=11.6328 | lr=1.00e-04
2026-07-03 09:12:53,959 |   -> New best val loss: 11.6328 (saved best_model.pt)
2026-07-03 09:12:55,482 |   -> New best val loss: 11.6164 (saved best_model.pt)
2026-07-03 09:12:57,068 |   -> New best val loss: 11.5845 (saved best_model.pt)
2026-07-03 09:12:59,030 |   -> New best val loss: 11.5627 (saved best_model.pt)
2026-07-03 09:13:00,689 |   -> New best val loss: 11.5259 (saved best_model.pt)
2026-07-03 09:13:02,800 |   -> New best val loss: 11.5019 (saved best_model.pt)
2026-07-03 09:13:04,910 |   -> New best val loss: 11.4761 (saved best_model.pt)
2026-07-03 09:13:06,749 |   -> New best val loss: 11.4371 (saved best_model.pt)
2026-07-03 09:13:09,109 |   -> New best val loss: 11.4214 (saved best_model.pt)
2026-07-03 09:13:11,243 |   -> New best val loss: 11.4082 (saved best_model.pt)
2026-07-03 09:13:13,783 | Epoch  560/1000 | kl_g0_w=1.00 kl_u_w=1.00 | train=11.6280 (recon=7.6991, kl_g0=1.0554, kl_u=2.8736, cls=0.7322) | val=11.3896 | lr=1.00e-04
2026-07-03 09:13:13,810 |   -> New best val loss: 11.3896 (saved best_model.pt)
2026-07-03 09:13:16,243 |   -> New best val loss: 11.3455 (saved best_model.pt)
2026-07-03 09:13:18,768 |   -> New best val loss: 11.3251 (saved best_model.pt)
2026-07-03 09:13:20,271 |   -> New best val loss: 11.3134 (saved best_model.pt)
2026-07-03 09:13:21,768 |   -> New best val loss: 11.2969 (saved best_model.pt)
2026-07-03 09:13:23,283 |   -> New best val loss: 11.2672 (saved best_model.pt)
2026-07-03 09:13:25,319 |   -> New best val loss: 11.2398 (saved best_model.pt)
2026-07-03 09:13:27,869 |   -> New best val loss: 11.2269 (saved best_model.pt)
2026-07-03 09:13:30,376 |   -> New best val loss: 11.2057 (saved best_model.pt)
2026-07-03 09:13:32,538 |   -> New best val loss: 11.1795 (saved best_model.pt)
2026-07-03 09:13:34,391 | Epoch  570/1000 | kl_g0_w=1.00 kl_u_w=1.00 | train=11.4078 (recon=7.6135, kl_g0=0.9247, kl_u=2.8696, cls=0.7355) | val=11.1598 | lr=1.00e-04
2026-07-03 09:13:34,413 |   -> New best val loss: 11.1598 (saved best_model.pt)
2026-07-03 09:13:36,133 |   -> New best val loss: 11.1442 (saved best_model.pt)
2026-07-03 09:13:37,645 |   -> New best val loss: 11.1350 (saved best_model.pt)
2026-07-03 09:13:39,933 |   -> New best val loss: 11.1182 (saved best_model.pt)
2026-07-03 09:13:41,811 |   -> New best val loss: 11.0764 (saved best_model.pt)
2026-07-03 09:13:43,762 |   -> New best val loss: 11.0483 (saved best_model.pt)
2026-07-03 09:13:46,107 |   -> New best val loss: 11.0466 (saved best_model.pt)
2026-07-03 09:13:48,651 |   -> New best val loss: 11.0274 (saved best_model.pt)
2026-07-03 09:13:51,019 |   -> New best val loss: 11.0097 (saved best_model.pt)
2026-07-03 09:13:52,629 |   -> New best val loss: 10.9775 (saved best_model.pt)
2026-07-03 09:13:54,711 | Epoch  580/1000 | kl_g0_w=1.00 kl_u_w=1.00 | train=11.1291 (recon=7.4596, kl_g0=0.8116, kl_u=2.8579, cls=0.7387) | val=10.9678 | lr=1.00e-04
2026-07-03 09:13:54,738 |   -> New best val loss: 10.9678 (saved best_model.pt)
2026-07-03 09:13:56,469 |   -> New best val loss: 10.9231 (saved best_model.pt)
2026-07-03 09:13:58,523 |   -> New best val loss: 10.9100 (saved best_model.pt)
2026-07-03 09:14:00,060 |   -> New best val loss: 10.8989 (saved best_model.pt)
2026-07-03 09:14:01,664 |   -> New best val loss: 10.8956 (saved best_model.pt)
2026-07-03 09:14:03,340 |   -> New best val loss: 10.8751 (saved best_model.pt)
2026-07-03 09:14:05,298 |   -> New best val loss: 10.8636 (saved best_model.pt)
2026-07-03 09:14:07,836 |   -> New best val loss: 10.8404 (saved best_model.pt)
2026-07-03 09:14:10,185 |   -> New best val loss: 10.8317 (saved best_model.pt)
2026-07-03 09:14:12,017 |   -> New best val loss: 10.8109 (saved best_model.pt)
2026-07-03 09:14:14,522 | Epoch  590/1000 | kl_g0_w=1.00 kl_u_w=1.00 | train=10.8217 (recon=7.2652, kl_g0=0.7127, kl_u=2.8438, cls=0.7404) | val=10.7914 | lr=1.00e-04
2026-07-03 09:14:14,546 |   -> New best val loss: 10.7914 (saved best_model.pt)
2026-07-03 09:14:19,432 |   -> New best val loss: 10.7697 (saved best_model.pt)
2026-07-03 09:14:21,135 |   -> New best val loss: 10.7686 (saved best_model.pt)
2026-07-03 09:14:23,501 |   -> New best val loss: 10.7417 (saved best_model.pt)
2026-07-03 09:14:25,855 |   -> New best val loss: 10.7318 (saved best_model.pt)
2026-07-03 09:14:27,651 |   -> New best val loss: 10.7001 (saved best_model.pt)
2026-07-03 09:14:29,882 |   -> New best val loss: 10.6934 (saved best_model.pt)
2026-07-03 09:14:31,744 |   -> New best val loss: 10.6736 (saved best_model.pt)
2026-07-03 09:14:33,220 |   -> New best val loss: 10.6733 (saved best_model.pt)
2026-07-03 09:14:34,697 | Epoch  600/1000 | kl_g0_w=1.00 kl_u_w=1.00 | train=10.7261 (recon=7.2475, kl_g0=0.6332, kl_u=2.8454, cls=0.7428) | val=10.6485 | lr=1.00e-04
2026-07-03 09:14:34,714 |   -> New best val loss: 10.6485 (saved best_model.pt)
2026-07-03 09:14:37,030 |   -> New best val loss: 10.6324 (saved best_model.pt)
2026-07-03 09:14:39,050 |   -> New best val loss: 10.6045 (saved best_model.pt)
2026-07-03 09:14:40,555 |   -> New best val loss: 10.5995 (saved best_model.pt)
2026-07-03 09:14:42,942 |   -> New best val loss: 10.5948 (saved best_model.pt)
2026-07-03 09:14:45,446 |   -> New best val loss: 10.5869 (saved best_model.pt)
2026-07-03 09:14:47,404 |   -> New best val loss: 10.5396 (saved best_model.pt)
2026-07-03 09:14:48,938 |   -> New best val loss: 10.5288 (saved best_model.pt)
2026-07-03 09:14:54,348 | Epoch  610/1000 | kl_g0_w=1.00 kl_u_w=1.00 | train=10.5422 (recon=7.1413, kl_g0=0.5580, kl_u=2.8429, cls=0.7447) | val=10.5138 | lr=1.00e-04
2026-07-03 09:14:54,371 |   -> New best val loss: 10.5138 (saved best_model.pt)
2026-07-03 09:14:56,327 |   -> New best val loss: 10.5066 (saved best_model.pt)
2026-07-03 09:14:57,832 |   -> New best val loss: 10.4890 (saved best_model.pt)
2026-07-03 09:15:01,894 |   -> New best val loss: 10.4792 (saved best_model.pt)
2026-07-03 09:15:03,448 |   -> New best val loss: 10.4564 (saved best_model.pt)
2026-07-03 09:15:05,202 |   -> New best val loss: 10.4407 (saved best_model.pt)
2026-07-03 09:15:06,705 |   -> New best val loss: 10.4348 (saved best_model.pt)
2026-07-03 09:15:08,670 |   -> New best val loss: 10.4336 (saved best_model.pt)
2026-07-03 09:15:11,244 |   -> New best val loss: 10.4258 (saved best_model.pt)
2026-07-03 09:15:13,612 | Epoch  620/1000 | kl_g0_w=1.00 kl_u_w=1.00 | train=10.3589 (recon=7.0158, kl_g0=0.4973, kl_u=2.8458, cls=0.7449) | val=10.4015 | lr=1.00e-04
2026-07-03 09:15:13,629 |   -> New best val loss: 10.4015 (saved best_model.pt)
2026-07-03 09:15:15,603 |   -> New best val loss: 10.3767 (saved best_model.pt)
2026-07-03 09:15:20,638 |   -> New best val loss: 10.3676 (saved best_model.pt)
2026-07-03 09:15:22,113 |   -> New best val loss: 10.3299 (saved best_model.pt)
2026-07-03 09:15:24,029 |   -> New best val loss: 10.3200 (saved best_model.pt)
2026-07-03 09:15:27,904 |   -> New best val loss: 10.3040 (saved best_model.pt)
2026-07-03 09:15:31,894 | Epoch  630/1000 | kl_g0_w=1.00 kl_u_w=1.00 | train=10.2029 (recon=6.9145, kl_g0=0.4440, kl_u=2.8444, cls=0.7467) | val=10.2765 | lr=1.00e-04
2026-07-03 09:15:31,911 |   -> New best val loss: 10.2765 (saved best_model.pt)
2026-07-03 09:15:40,109 |   -> New best val loss: 10.2570 (saved best_model.pt)
2026-07-03 09:15:43,642 |   -> New best val loss: 10.2281 (saved best_model.pt)
2026-07-03 09:15:47,546 |   -> New best val loss: 10.2187 (saved best_model.pt)
2026-07-03 09:15:49,631 |   -> New best val loss: 10.2141 (saved best_model.pt)
2026-07-03 09:15:51,316 | Epoch  640/1000 | kl_g0_w=1.00 kl_u_w=1.00 | train=10.1334 (recon=6.8849, kl_g0=0.4021, kl_u=2.8463, cls=0.7484) | val=10.2043 | lr=1.00e-04
2026-07-03 09:15:51,340 |   -> New best val loss: 10.2043 (saved best_model.pt)
2026-07-03 09:15:56,419 |   -> New best val loss: 10.1638 (saved best_model.pt)
2026-07-03 09:15:58,585 |   -> New best val loss: 10.1584 (saved best_model.pt)
2026-07-03 09:16:00,748 |   -> New best val loss: 10.1511 (saved best_model.pt)
2026-07-03 09:16:05,385 |   -> New best val loss: 10.1448 (saved best_model.pt)
2026-07-03 09:16:07,334 |   -> New best val loss: 10.1347 (saved best_model.pt)
2026-07-03 09:16:09,865 |   -> New best val loss: 10.1172 (saved best_model.pt)
2026-07-03 09:16:11,957 |   -> New best val loss: 10.1002 (saved best_model.pt)
2026-07-03 09:16:13,799 | Epoch  650/1000 | kl_g0_w=1.00 kl_u_w=1.00 | train=10.0087 (recon=6.8147, kl_g0=0.3583, kl_u=2.8356, cls=0.7485) | val=10.1040 | lr=1.00e-04
2026-07-03 09:16:16,345 |   -> New best val loss: 10.0658 (saved best_model.pt)
2026-07-03 09:16:18,648 |   -> New best val loss: 10.0589 (saved best_model.pt)
2026-07-03 09:16:26,210 |   -> New best val loss: 10.0587 (saved best_model.pt)
2026-07-03 09:16:28,734 |   -> New best val loss: 10.0407 (saved best_model.pt)
2026-07-03 09:16:31,266 |   -> New best val loss: 10.0401 (saved best_model.pt)
2026-07-03 09:16:33,470 |   -> New best val loss: 10.0304 (saved best_model.pt)
2026-07-03 09:16:35,364 |   -> New best val loss: 10.0187 (saved best_model.pt)
2026-07-03 09:16:37,507 | Epoch  660/1000 | kl_g0_w=1.00 kl_u_w=1.00 | train=9.9105 (recon=6.7466, kl_g0=0.3252, kl_u=2.8386, cls=0.7504) | val=10.0239 | lr=1.00e-04
2026-07-03 09:16:40,060 |   -> New best val loss: 10.0110 (saved best_model.pt)
2026-07-03 09:16:44,196 |   -> New best val loss: 9.9833 (saved best_model.pt)
2026-07-03 09:16:46,105 |   -> New best val loss: 9.9815 (saved best_model.pt)
2026-07-03 09:16:47,914 |   -> New best val loss: 9.9746 (saved best_model.pt)
2026-07-03 09:16:50,258 |   -> New best val loss: 9.9607 (saved best_model.pt)
2026-07-03 09:16:52,678 |   -> New best val loss: 9.9507 (saved best_model.pt)
2026-07-03 09:16:56,445 |   -> New best val loss: 9.9496 (saved best_model.pt)
2026-07-03 09:16:58,079 | Epoch  670/1000 | kl_g0_w=1.00 kl_u_w=1.00 | train=9.8099 (recon=6.6700, kl_g0=0.2980, kl_u=2.8419, cls=0.7510) | val=9.9388 | lr=1.00e-04
2026-07-03 09:16:58,103 |   -> New best val loss: 9.9388 (saved best_model.pt)
2026-07-03 09:17:00,147 |   -> New best val loss: 9.9386 (saved best_model.pt)
2026-07-03 09:17:01,627 |   -> New best val loss: 9.9224 (saved best_model.pt)
2026-07-03 09:17:05,194 |   -> New best val loss: 9.9169 (saved best_model.pt)
2026-07-03 09:17:07,142 |   -> New best val loss: 9.9110 (saved best_model.pt)
2026-07-03 09:17:08,765 |   -> New best val loss: 9.8901 (saved best_model.pt)
2026-07-03 09:17:15,100 |   -> New best val loss: 9.8669 (saved best_model.pt)
2026-07-03 09:17:16,651 | Epoch  680/1000 | kl_g0_w=1.00 kl_u_w=1.00 | train=9.7247 (recon=6.6157, kl_g0=0.2689, kl_u=2.8401, cls=0.7497) | val=9.8457 | lr=1.00e-04
2026-07-03 09:17:16,668 |   -> New best val loss: 9.8457 (saved best_model.pt)
2026-07-03 09:17:22,233 |   -> New best val loss: 9.8440 (saved best_model.pt)
2026-07-03 09:17:24,600 |   -> New best val loss: 9.8169 (saved best_model.pt)
2026-07-03 09:17:33,002 |   -> New best val loss: 9.8129 (saved best_model.pt)
2026-07-03 09:17:34,795 |   -> New best val loss: 9.8107 (saved best_model.pt)
2026-07-03 09:17:36,354 | Epoch  690/1000 | kl_g0_w=1.00 kl_u_w=1.00 | train=9.6617 (recon=6.5780, kl_g0=0.2482, kl_u=2.8355, cls=0.7501) | val=9.7921 | lr=1.00e-04
2026-07-03 09:17:36,371 |   -> New best val loss: 9.7921 (saved best_model.pt)
2026-07-03 09:17:42,338 |   -> New best val loss: 9.7785 (saved best_model.pt)
2026-07-03 09:17:46,554 |   -> New best val loss: 9.7716 (saved best_model.pt)
2026-07-03 09:17:49,035 |   -> New best val loss: 9.7646 (saved best_model.pt)
2026-07-03 09:17:50,911 |   -> New best val loss: 9.7624 (saved best_model.pt)
2026-07-03 09:17:52,637 |   -> New best val loss: 9.7612 (saved best_model.pt)
2026-07-03 09:17:54,805 |   -> New best val loss: 9.7458 (saved best_model.pt)
2026-07-03 09:17:56,974 | Epoch  700/1000 | kl_g0_w=1.00 kl_u_w=1.00 | train=9.5969 (recon=6.5291, kl_g0=0.2256, kl_u=2.8422, cls=0.7508) | val=9.7277 | lr=1.00e-04
2026-07-03 09:17:56,992 |   -> New best val loss: 9.7277 (saved best_model.pt)
2026-07-03 09:18:04,423 |   -> New best val loss: 9.7233 (saved best_model.pt)
2026-07-03 09:18:08,350 |   -> New best val loss: 9.7037 (saved best_model.pt)
2026-07-03 09:18:13,335 |   -> New best val loss: 9.6878 (saved best_model.pt)
2026-07-03 09:18:17,255 |   -> New best val loss: 9.6739 (saved best_model.pt)
2026-07-03 09:18:19,579 | Epoch  710/1000 | kl_g0_w=1.00 kl_u_w=1.00 | train=9.5596 (recon=6.5032, kl_g0=0.2101, kl_u=2.8463, cls=0.7518) | val=9.6971 | lr=1.00e-04
2026-07-03 09:18:22,126 |   -> New best val loss: 9.6686 (saved best_model.pt)
2026-07-03 09:18:25,566 |   -> New best val loss: 9.6591 (saved best_model.pt)
2026-07-03 09:18:29,346 |   -> New best val loss: 9.6445 (saved best_model.pt)
2026-07-03 09:18:35,338 |   -> New best val loss: 9.6273 (saved best_model.pt)
2026-07-03 09:18:37,610 | Epoch  720/1000 | kl_g0_w=1.00 kl_u_w=1.00 | train=9.4545 (recon=6.4026, kl_g0=0.1987, kl_u=2.8533, cls=0.7499) | val=9.6369 | lr=1.00e-04
2026-07-03 09:18:40,157 |   -> New best val loss: 9.6061 (saved best_model.pt)
2026-07-03 09:18:45,046 |   -> New best val loss: 9.6039 (saved best_model.pt)
2026-07-03 09:18:46,588 |   -> New best val loss: 9.5981 (saved best_model.pt)
2026-07-03 09:18:48,975 |   -> New best val loss: 9.5809 (saved best_model.pt)
2026-07-03 09:19:01,091 | Epoch  730/1000 | kl_g0_w=1.00 kl_u_w=1.00 | train=9.3980 (recon=6.3616, kl_g0=0.1854, kl_u=2.8511, cls=0.7496) | val=9.5721 | lr=1.00e-04
2026-07-03 09:19:01,114 |   -> New best val loss: 9.5721 (saved best_model.pt)
2026-07-03 09:19:03,667 |   -> New best val loss: 9.5499 (saved best_model.pt)
2026-07-03 09:19:11,871 |   -> New best val loss: 9.5311 (saved best_model.pt)
2026-07-03 09:19:22,993 | Epoch  740/1000 | kl_g0_w=1.00 kl_u_w=1.00 | train=9.3234 (recon=6.2936, kl_g0=0.1746, kl_u=2.8552, cls=0.7501) | val=9.5146 | lr=1.00e-04
2026-07-03 09:19:23,015 |   -> New best val loss: 9.5146 (saved best_model.pt)
2026-07-03 09:19:24,731 |   -> New best val loss: 9.5070 (saved best_model.pt)
2026-07-03 09:19:26,648 |   -> New best val loss: 9.4895 (saved best_model.pt)
2026-07-03 09:19:35,270 |   -> New best val loss: 9.4757 (saved best_model.pt)
2026-07-03 09:19:43,486 | Epoch  750/1000 | kl_g0_w=1.00 kl_u_w=1.00 | train=9.2734 (recon=6.2498, kl_g0=0.1643, kl_u=2.8593, cls=0.7495) | val=9.4497 | lr=1.00e-04
2026-07-03 09:19:43,505 |   -> New best val loss: 9.4497 (saved best_model.pt)
2026-07-03 09:19:47,624 |   -> New best val loss: 9.4400 (saved best_model.pt)
2026-07-03 09:19:51,454 |   -> New best val loss: 9.4273 (saved best_model.pt)
2026-07-03 09:19:56,398 |   -> New best val loss: 9.4044 (saved best_model.pt)
2026-07-03 09:20:03,393 | Epoch  760/1000 | kl_g0_w=1.00 kl_u_w=1.00 | train=9.1991 (recon=6.1801, kl_g0=0.1558, kl_u=2.8632, cls=0.7496) | val=9.4096 | lr=1.00e-04
2026-07-03 09:20:09,066 |   -> New best val loss: 9.4039 (saved best_model.pt)
2026-07-03 09:20:11,569 |   -> New best val loss: 9.3780 (saved best_model.pt)
2026-07-03 09:20:13,376 |   -> New best val loss: 9.3696 (saved best_model.pt)
2026-07-03 09:20:20,870 |   -> New best val loss: 9.3541 (saved best_model.pt)
2026-07-03 09:20:22,562 | Epoch  770/1000 | kl_g0_w=1.00 kl_u_w=1.00 | train=9.1602 (recon=6.1607, kl_g0=0.1467, kl_u=2.8528, cls=0.7502) | val=9.3576 | lr=1.00e-04
2026-07-03 09:20:24,588 |   -> New best val loss: 9.3538 (saved best_model.pt)
2026-07-03 09:20:29,261 |   -> New best val loss: 9.3471 (saved best_model.pt)
2026-07-03 09:20:31,758 |   -> New best val loss: 9.3418 (saved best_model.pt)
2026-07-03 09:20:33,947 |   -> New best val loss: 9.3340 (saved best_model.pt)
2026-07-03 09:20:38,705 |   -> New best val loss: 9.3311 (saved best_model.pt)
2026-07-03 09:20:40,209 |   -> New best val loss: 9.3156 (saved best_model.pt)
2026-07-03 09:20:44,663 | Epoch  780/1000 | kl_g0_w=1.00 kl_u_w=1.00 | train=9.0993 (recon=6.0935, kl_g0=0.1418, kl_u=2.8639, cls=0.7506) | val=9.3131 | lr=1.00e-04
2026-07-03 09:20:44,686 |   -> New best val loss: 9.3131 (saved best_model.pt)
2026-07-03 09:20:48,320 |   -> New best val loss: 9.3103 (saved best_model.pt)
2026-07-03 09:20:52,200 |   -> New best val loss: 9.2934 (saved best_model.pt)
2026-07-03 09:20:56,492 |   -> New best val loss: 9.2783 (saved best_model.pt)
2026-07-03 09:20:58,077 |   -> New best val loss: 9.2740 (saved best_model.pt)
2026-07-03 09:21:01,928 |   -> New best val loss: 9.2735 (saved best_model.pt)
2026-07-03 09:21:03,425 | Epoch  790/1000 | kl_g0_w=1.00 kl_u_w=1.00 | train=9.0712 (recon=6.0772, kl_g0=0.1347, kl_u=2.8593, cls=0.7516) | val=9.2813 | lr=1.00e-04
2026-07-03 09:21:05,060 |   -> New best val loss: 9.2658 (saved best_model.pt)
2026-07-03 09:21:09,513 |   -> New best val loss: 9.2493 (saved best_model.pt)
2026-07-03 09:21:13,482 |   -> New best val loss: 9.2426 (saved best_model.pt)
2026-07-03 09:21:17,693 |   -> New best val loss: 9.2299 (saved best_model.pt)
2026-07-03 09:21:20,891 |   -> New best val loss: 9.2254 (saved best_model.pt)
2026-07-03 09:21:22,964 | Epoch  800/1000 | kl_g0_w=1.00 kl_u_w=1.00 | train=9.0267 (recon=6.0362, kl_g0=0.1284, kl_u=2.8621, cls=0.7511) | val=9.2145 | lr=1.00e-04
2026-07-03 09:21:22,987 |   -> New best val loss: 9.2145 (saved best_model.pt)
2026-07-03 09:21:25,535 |   -> New best val loss: 9.2111 (saved best_model.pt)
2026-07-03 09:21:28,090 |   -> New best val loss: 9.2094 (saved best_model.pt)
2026-07-03 09:21:30,468 |   -> New best val loss: 9.2002 (saved best_model.pt)
2026-07-03 09:21:34,471 |   -> New best val loss: 9.1900 (saved best_model.pt)
2026-07-03 09:21:39,761 |   -> New best val loss: 9.1818 (saved best_model.pt)
2026-07-03 09:21:43,179 | Epoch  810/1000 | kl_g0_w=1.00 kl_u_w=1.00 | train=9.0023 (recon=6.0140, kl_g0=0.1244, kl_u=2.8640, cls=0.7504) | val=9.1596 | lr=1.00e-04
2026-07-03 09:21:43,195 |   -> New best val loss: 9.1596 (saved best_model.pt)
2026-07-03 09:21:46,824 |   -> New best val loss: 9.1541 (saved best_model.pt)
2026-07-03 09:21:50,599 |   -> New best val loss: 9.1450 (saved best_model.pt)
2026-07-03 09:21:54,473 |   -> New best val loss: 9.1255 (saved best_model.pt)
2026-07-03 09:22:02,710 | Epoch  820/1000 | kl_g0_w=1.00 kl_u_w=1.00 | train=8.8988 (recon=5.9181, kl_g0=0.1202, kl_u=2.8605, cls=0.7517) | val=9.1193 | lr=1.00e-04
2026-07-03 09:22:02,728 |   -> New best val loss: 9.1193 (saved best_model.pt)
2026-07-03 09:22:06,418 |   -> New best val loss: 9.1163 (saved best_model.pt)
2026-07-03 09:22:11,476 |   -> New best val loss: 9.1063 (saved best_model.pt)
2026-07-03 09:22:16,081 |   -> New best val loss: 9.0836 (saved best_model.pt)
2026-07-03 09:22:23,225 | Epoch  830/1000 | kl_g0_w=1.00 kl_u_w=1.00 | train=8.9046 (recon=5.9236, kl_g0=0.1179, kl_u=2.8631, cls=0.7527) | val=9.0807 | lr=1.00e-04
2026-07-03 09:22:23,243 |   -> New best val loss: 9.0807 (saved best_model.pt)
2026-07-03 09:22:24,932 |   -> New best val loss: 9.0757 (saved best_model.pt)
2026-07-03 09:22:26,815 |   -> New best val loss: 9.0663 (saved best_model.pt)
2026-07-03 09:22:30,060 |   -> New best val loss: 9.0584 (saved best_model.pt)
2026-07-03 09:22:33,064 |   -> New best val loss: 9.0573 (saved best_model.pt)
2026-07-03 09:22:35,217 |   -> New best val loss: 9.0545 (saved best_model.pt)
2026-07-03 09:22:40,117 | Epoch  840/1000 | kl_g0_w=1.00 kl_u_w=1.00 | train=8.8273 (recon=5.8558, kl_g0=0.1138, kl_u=2.8577, cls=0.7521) | val=9.0406 | lr=1.00e-04
2026-07-03 09:22:40,135 |   -> New best val loss: 9.0406 (saved best_model.pt)
2026-07-03 09:22:43,408 |   -> New best val loss: 9.0305 (saved best_model.pt)
2026-07-03 09:22:48,223 |   -> New best val loss: 9.0175 (saved best_model.pt)
2026-07-03 09:22:50,769 |   -> New best val loss: 9.0090 (saved best_model.pt)
2026-07-03 09:22:52,612 |   -> New best val loss: 9.0042 (saved best_model.pt)
2026-07-03 09:22:58,605 | Epoch  850/1000 | kl_g0_w=1.00 kl_u_w=1.00 | train=8.7701 (recon=5.7962, kl_g0=0.1103, kl_u=2.8636, cls=0.7520) | val=8.9919 | lr=1.00e-04
2026-07-03 09:22:58,622 |   -> New best val loss: 8.9919 (saved best_model.pt)
2026-07-03 09:23:08,804 |   -> New best val loss: 8.9761 (saved best_model.pt)
2026-07-03 09:23:13,884 |   -> New best val loss: 8.9720 (saved best_model.pt)
2026-07-03 09:23:15,840 |   -> New best val loss: 8.9716 (saved best_model.pt)
2026-07-03 09:23:18,006 |   -> New best val loss: 8.9706 (saved best_model.pt)
2026-07-03 09:23:20,471 |   -> New best val loss: 8.9515 (saved best_model.pt)
2026-07-03 09:23:22,522 | Epoch  860/1000 | kl_g0_w=1.00 kl_u_w=1.00 | train=8.7180 (recon=5.7537, kl_g0=0.1082, kl_u=2.8561, cls=0.7514) | val=8.9531 | lr=1.00e-04
2026-07-03 09:23:24,220 |   -> New best val loss: 8.9384 (saved best_model.pt)
2026-07-03 09:23:32,735 |   -> New best val loss: 8.9243 (saved best_model.pt)
2026-07-03 09:23:35,946 |   -> New best val loss: 8.9217 (saved best_model.pt)
2026-07-03 09:23:37,549 |   -> New best val loss: 8.9195 (saved best_model.pt)
2026-07-03 09:23:39,141 |   -> New best val loss: 8.9164 (saved best_model.pt)
2026-07-03 09:23:41,186 | Epoch  870/1000 | kl_g0_w=1.00 kl_u_w=1.00 | train=8.6695 (recon=5.7101, kl_g0=0.1043, kl_u=2.8550, cls=0.7510) | val=8.9123 | lr=1.00e-04
2026-07-03 09:23:41,215 |   -> New best val loss: 8.9123 (saved best_model.pt)
2026-07-03 09:23:42,972 |   -> New best val loss: 8.9032 (saved best_model.pt)
2026-07-03 09:23:48,021 |   -> New best val loss: 8.9028 (saved best_model.pt)
2026-07-03 09:23:50,066 |   -> New best val loss: 8.9012 (saved best_model.pt)
2026-07-03 09:23:51,611 |   -> New best val loss: 8.8973 (saved best_model.pt)
2026-07-03 09:23:53,802 |   -> New best val loss: 8.8875 (saved best_model.pt)
2026-07-03 09:23:56,311 |   -> New best val loss: 8.8770 (saved best_model.pt)
2026-07-03 09:23:58,436 |   -> New best val loss: 8.8736 (saved best_model.pt)
2026-07-03 09:24:02,654 | Epoch  880/1000 | kl_g0_w=1.00 kl_u_w=1.00 | train=8.5925 (recon=5.6240, kl_g0=0.1016, kl_u=2.8670, cls=0.7529) | val=8.8705 | lr=1.00e-04
2026-07-03 09:24:02,674 |   -> New best val loss: 8.8705 (saved best_model.pt)
2026-07-03 09:24:05,213 |   -> New best val loss: 8.8587 (saved best_model.pt)
2026-07-03 09:24:11,778 |   -> New best val loss: 8.8477 (saved best_model.pt)
2026-07-03 09:24:13,493 |   -> New best val loss: 8.8421 (saved best_model.pt)
2026-07-03 09:24:17,196 |   -> New best val loss: 8.8350 (saved best_model.pt)
2026-07-03 09:24:19,504 |   -> New best val loss: 8.8128 (saved best_model.pt)
2026-07-03 09:24:21,026 | Epoch  890/1000 | kl_g0_w=1.00 kl_u_w=1.00 | train=8.5817 (recon=5.6350, kl_g0=0.0984, kl_u=2.8483, cls=0.7529) | val=8.8158 | lr=1.00e-04
2026-07-03 09:24:33,404 |   -> New best val loss: 8.7970 (saved best_model.pt)
2026-07-03 09:24:37,089 |   -> New best val loss: 8.7845 (saved best_model.pt)
2026-07-03 09:24:40,469 | Epoch  900/1000 | kl_g0_w=1.00 kl_u_w=1.00 | train=8.5416 (recon=5.5837, kl_g0=0.0971, kl_u=2.8608, cls=0.7520) | val=8.7813 | lr=1.00e-04
2026-07-03 09:24:40,484 |   -> New best val loss: 8.7813 (saved best_model.pt)
2026-07-03 09:24:42,251 |   -> New best val loss: 8.7770 (saved best_model.pt)
2026-07-03 09:24:46,790 |   -> New best val loss: 8.7707 (saved best_model.pt)
2026-07-03 09:24:53,837 |   -> New best val loss: 8.7571 (saved best_model.pt)
2026-07-03 09:24:55,498 |   -> New best val loss: 8.7444 (saved best_model.pt)
2026-07-03 09:25:02,796 | Epoch  910/1000 | kl_g0_w=1.00 kl_u_w=1.00 | train=8.5118 (recon=5.5542, kl_g0=0.0945, kl_u=2.8631, cls=0.7524) | val=8.7382 | lr=1.00e-04
2026-07-03 09:25:02,826 |   -> New best val loss: 8.7382 (saved best_model.pt)
2026-07-03 09:25:07,063 |   -> New best val loss: 8.7266 (saved best_model.pt)
2026-07-03 09:25:10,197 |   -> New best val loss: 8.7154 (saved best_model.pt)
2026-07-03 09:25:14,021 |   -> New best val loss: 8.7138 (saved best_model.pt)
2026-07-03 09:25:20,753 |   -> New best val loss: 8.6936 (saved best_model.pt)
2026-07-03 09:25:22,637 | Epoch  920/1000 | kl_g0_w=1.00 kl_u_w=1.00 | train=8.4471 (recon=5.4905, kl_g0=0.0937, kl_u=2.8628, cls=0.7541) | val=8.7177 | lr=1.00e-04
2026-07-03 09:25:31,211 |   -> New best val loss: 8.6798 (saved best_model.pt)
2026-07-03 09:25:33,735 |   -> New best val loss: 8.6740 (saved best_model.pt)
2026-07-03 09:25:41,951 |   -> New best val loss: 8.6606 (saved best_model.pt)
2026-07-03 09:25:43,478 | Epoch  930/1000 | kl_g0_w=1.00 kl_u_w=1.00 | train=8.3843 (recon=5.4315, kl_g0=0.0914, kl_u=2.8614, cls=0.7524) | val=8.6482 | lr=1.00e-04
2026-07-03 09:25:43,493 |   -> New best val loss: 8.6482 (saved best_model.pt)
2026-07-03 09:25:54,368 |   -> New best val loss: 8.6354 (saved best_model.pt)
2026-07-03 09:25:56,917 |   -> New best val loss: 8.6128 (saved best_model.pt)
2026-07-03 09:26:04,378 | Epoch  940/1000 | kl_g0_w=1.00 kl_u_w=1.00 | train=8.3361 (recon=5.3848, kl_g0=0.0901, kl_u=2.8611, cls=0.7529) | val=8.6025 | lr=1.00e-04
2026-07-03 09:26:04,397 |   -> New best val loss: 8.6025 (saved best_model.pt)
2026-07-03 09:26:06,814 |   -> New best val loss: 8.5988 (saved best_model.pt)
2026-07-03 09:26:13,013 |   -> New best val loss: 8.5887 (saved best_model.pt)
2026-07-03 09:26:17,626 |   -> New best val loss: 8.5819 (saved best_model.pt)
2026-07-03 09:26:25,562 | Epoch  950/1000 | kl_g0_w=1.00 kl_u_w=1.00 | train=8.3209 (recon=5.3692, kl_g0=0.0859, kl_u=2.8658, cls=0.7544) | val=8.5772 | lr=1.00e-04
2026-07-03 09:26:25,586 |   -> New best val loss: 8.5772 (saved best_model.pt)
2026-07-03 09:26:37,575 |   -> New best val loss: 8.5506 (saved best_model.pt)
2026-07-03 09:26:39,996 |   -> New best val loss: 8.5497 (saved best_model.pt)
2026-07-03 09:26:46,320 |   -> New best val loss: 8.5306 (saved best_model.pt)
2026-07-03 09:26:48,530 | Epoch  960/1000 | kl_g0_w=1.00 kl_u_w=1.00 | train=8.2521 (recon=5.3114, kl_g0=0.0847, kl_u=2.8560, cls=0.7548) | val=8.5342 | lr=1.00e-04
2026-07-03 09:26:53,172 |   -> New best val loss: 8.5302 (saved best_model.pt)
2026-07-03 09:26:55,598 |   -> New best val loss: 8.5261 (saved best_model.pt)
2026-07-03 09:26:58,266 |   -> New best val loss: 8.5143 (saved best_model.pt)
2026-07-03 09:27:00,778 |   -> New best val loss: 8.4985 (saved best_model.pt)
2026-07-03 09:27:10,082 | Epoch  970/1000 | kl_g0_w=1.00 kl_u_w=1.00 | train=8.1960 (recon=5.2476, kl_g0=0.0840, kl_u=2.8645, cls=0.7524) | val=8.4921 | lr=1.00e-04
2026-07-03 09:27:10,104 |   -> New best val loss: 8.4921 (saved best_model.pt)
2026-07-03 09:27:11,991 |   -> New best val loss: 8.4862 (saved best_model.pt)
2026-07-03 09:27:14,134 |   -> New best val loss: 8.4693 (saved best_model.pt)
2026-07-03 09:27:21,805 |   -> New best val loss: 8.4659 (saved best_model.pt)
2026-07-03 09:27:25,330 |   -> New best val loss: 8.4594 (saved best_model.pt)
2026-07-03 09:27:26,959 |   -> New best val loss: 8.4507 (saved best_model.pt)
2026-07-03 09:27:28,725 | Epoch  980/1000 | kl_g0_w=1.00 kl_u_w=1.00 | train=8.1947 (recon=5.2594, kl_g0=0.0825, kl_u=2.8529, cls=0.7547) | val=8.4528 | lr=1.00e-04
2026-07-03 09:27:36,647 |   -> New best val loss: 8.4384 (saved best_model.pt)
2026-07-03 09:27:38,802 |   -> New best val loss: 8.4276 (saved best_model.pt)
2026-07-03 09:27:42,844 |   -> New best val loss: 8.4017 (saved best_model.pt)
2026-07-03 09:27:47,908 | Epoch  990/1000 | kl_g0_w=1.00 kl_u_w=1.00 | train=8.1672 (recon=5.2259, kl_g0=0.0815, kl_u=2.8599, cls=0.7552) | val=8.4246 | lr=1.00e-04
2026-07-03 09:27:51,791 |   -> New best val loss: 8.3997 (saved best_model.pt)
2026-07-03 09:27:53,453 |   -> New best val loss: 8.3897 (saved best_model.pt)
2026-07-03 09:27:55,756 |   -> New best val loss: 8.3858 (saved best_model.pt)
2026-07-03 09:28:01,185 |   -> New best val loss: 8.3664 (saved best_model.pt)
2026-07-03 09:28:08,737 | Epoch 1000/1000 | kl_g0_w=1.00 kl_u_w=1.00 | train=8.0864 (recon=5.1508, kl_g0=0.0787, kl_u=2.8570, cls=0.7552) | val=8.3645 | lr=1.00e-04
2026-07-03 09:28:08,762 |   -> New best val loss: 8.3645 (saved best_model.pt)
2026-07-03 09:28:08,775 | Final model saved to /home/nadegeo/LIFUS-BRICK/results/training/train_20260703_085428/final_model.pt
2026-07-03 09:28:08,775 | Best val loss: 8.3645
2026-07-03 09:28:08,775 | Training complete.
