2026-07-10 11:35:55,786 | ============================================================
2026-07-10 11:35:55,786 | BRICK Training -- sweep_2/sweep_BATCH_SIZE_1
2026-07-10 11:35:55,786 | N_ROIS=24, M=96, H=4, T=240
2026-07-10 11:35:55,786 | Epochs=2700, LR=0.0001, WD=0.05, LAMBDA_NOISE=0.01, BATCH_SIZE=1, BETA=0.1, EPSILON=1.0
2026-07-10 11:35:55,786 | Patience=100, use_control=True, use_ic=True
2026-07-10 11:35:55,786 | KL annealing: g0 over 0 epochs, u delayed 0 then over 0 epochs
2026-07-10 11:35:55,786 | ============================================================
2026-07-10 11:35:55,786 | Loading dataset...
2026-07-10 11:35:55,877 | Split: 52 train | 4 val | 20 test items
2026-07-10 11:35:55,898 | Model parameters: 554,702
2026-07-10 11:35:56,349 | Starting training...
2026-07-10 11:35:58,754 | Epoch    1/2700 | kl_g0_w=1.00 kl_u_w=1.00 | train=1082.2335 (recon=1202.1606, kl_g0=0.0051, kl_u=0.2392, cls=0.6910) | val=145.2297 | lr=1.00e-04 [PREOVERFIT-UPDATE]
2026-07-10 11:35:58,772 |   -> New best val loss: 145.2297 (saved best_model.pt)
2026-07-10 11:35:58,786 |   -> New joint-best cls loss: val=0.6883, train=0.6910
2026-07-10 11:36:01,336 |   -> New best val loss: 111.5119 (saved best_model.pt)
2026-07-10 11:36:04,472 |   -> New best val loss: 85.9498 (saved best_model.pt)
2026-07-10 11:36:06,521 |   -> New best val loss: 70.9980 (saved best_model.pt)
2026-07-10 11:36:09,616 |   -> New best val loss: 62.7446 (saved best_model.pt)
2026-07-10 11:36:11,694 |   -> New best val loss: 55.4358 (saved best_model.pt)
2026-07-10 11:36:14,256 |   -> New best val loss: 52.0535 (saved best_model.pt)
2026-07-10 11:36:17,188 |   -> New best val loss: 47.3424 (saved best_model.pt)
2026-07-10 11:36:19,928 |   -> New best val loss: 44.5189 (saved best_model.pt)
2026-07-10 11:36:22,835 | Epoch   10/2700 | kl_g0_w=1.00 kl_u_w=1.00 | train=59.4003 (recon=64.2046, kl_g0=0.0060, kl_u=1.7120, cls=0.7000) | val=42.2572 | lr=1.00e-04
2026-07-10 11:36:22,861 |   -> New best val loss: 42.2572 (saved best_model.pt)
2026-07-10 11:36:26,023 |   -> New best val loss: 40.4751 (saved best_model.pt)
2026-07-10 11:36:28,462 |   -> New best val loss: 38.0138 (saved best_model.pt)
2026-07-10 11:36:31,545 |   -> New best val loss: 36.0158 (saved best_model.pt)
2026-07-10 11:36:34,144 |   -> New best val loss: 33.8979 (saved best_model.pt)
2026-07-10 11:36:36,909 |   -> New best val loss: 33.2004 (saved best_model.pt)
2026-07-10 11:36:39,641 |   -> New best val loss: 31.3722 (saved best_model.pt)
2026-07-10 11:36:39,654 |   -> New joint-best cls loss: val=0.6852, train=0.6901
2026-07-10 11:36:41,715 |   -> New best val loss: 30.4653 (saved best_model.pt)
2026-07-10 11:36:43,666 |   -> New best val loss: 29.4169 (saved best_model.pt)
2026-07-10 11:36:45,550 |   -> New best val loss: 28.0598 (saved best_model.pt)
2026-07-10 11:36:47,403 | Epoch   20/2700 | kl_g0_w=1.00 kl_u_w=1.00 | train=31.3718 (recon=32.9885, kl_g0=0.0070, kl_u=1.7850, cls=0.6927) | val=27.1475 | lr=1.00e-04
2026-07-10 11:36:47,423 |   -> New best val loss: 27.1475 (saved best_model.pt)
2026-07-10 11:36:49,359 |   -> New best val loss: 26.3084 (saved best_model.pt)
2026-07-10 11:36:51,291 |   -> New best val loss: 25.0289 (saved best_model.pt)
2026-07-10 11:36:53,162 |   -> New best val loss: 24.4149 (saved best_model.pt)
2026-07-10 11:36:55,052 |   -> New best val loss: 23.4403 (saved best_model.pt)
2026-07-10 11:36:57,286 |   -> New best val loss: 22.9693 (saved best_model.pt)
2026-07-10 11:36:59,972 |   -> New best val loss: 21.9395 (saved best_model.pt)
2026-07-10 11:37:02,209 |   -> New best val loss: 21.0892 (saved best_model.pt)
2026-07-10 11:37:05,332 |   -> New best val loss: 20.8326 (saved best_model.pt)
2026-07-10 11:37:08,580 |   -> New best val loss: 19.8998 (saved best_model.pt)
2026-07-10 11:37:11,561 | Epoch   30/2700 | kl_g0_w=1.00 kl_u_w=1.00 | train=20.3479 (recon=20.7906, kl_g0=0.0078, kl_u=1.7335, cls=0.6929) | val=19.1937 | lr=1.00e-04
2026-07-10 11:37:11,586 |   -> New best val loss: 19.1937 (saved best_model.pt)
2026-07-10 11:37:14,058 |   -> New best val loss: 18.6470 (saved best_model.pt)
2026-07-10 11:37:15,981 |   -> New best val loss: 18.1205 (saved best_model.pt)
2026-07-10 11:37:18,022 |   -> New best val loss: 17.4530 (saved best_model.pt)
2026-07-10 11:37:20,480 |   -> New best val loss: 17.0350 (saved best_model.pt)
2026-07-10 11:37:20,493 |   -> New joint-best cls loss: val=0.6826, train=0.6894
2026-07-10 11:37:22,831 |   -> New best val loss: 16.6700 (saved best_model.pt)
2026-07-10 11:37:25,972 |   -> New best val loss: 16.2478 (saved best_model.pt)
2026-07-10 11:37:27,777 |   -> New best val loss: 15.7194 (saved best_model.pt)
2026-07-10 11:37:29,683 |   -> New best val loss: 15.3923 (saved best_model.pt)
2026-07-10 11:37:31,499 |   -> New best val loss: 14.9220 (saved best_model.pt)
2026-07-10 11:37:33,400 | Epoch   40/2700 | kl_g0_w=1.00 kl_u_w=1.00 | train=14.6040 (recon=14.4656, kl_g0=0.0082, kl_u=1.6759, cls=0.6931) | val=14.5996 | lr=1.00e-04
2026-07-10 11:37:33,427 |   -> New best val loss: 14.5996 (saved best_model.pt)
2026-07-10 11:37:35,676 |   -> New best val loss: 14.3298 (saved best_model.pt)
2026-07-10 11:37:38,176 |   -> New best val loss: 13.8631 (saved best_model.pt)
2026-07-10 11:37:38,189 |   -> New joint-best cls loss: val=0.6820, train=0.6888
2026-07-10 11:37:41,414 |   -> New best val loss: 13.7799 (saved best_model.pt)
2026-07-10 11:37:43,966 |   -> New best val loss: 13.3792 (saved best_model.pt)
2026-07-10 11:37:48,429 |   -> New best val loss: 13.0187 (saved best_model.pt)
2026-07-10 11:37:50,857 |   -> New best val loss: 12.7448 (saved best_model.pt)
2026-07-10 11:37:52,766 |   -> New best val loss: 12.5905 (saved best_model.pt)
2026-07-10 11:37:55,337 |   -> New best val loss: 12.3898 (saved best_model.pt)
2026-07-10 11:37:57,279 | Epoch   50/2700 | kl_g0_w=1.00 kl_u_w=1.00 | train=11.5273 (recon=11.1162, kl_g0=0.0086, kl_u=1.6066, cls=0.6909) | val=12.0204 | lr=1.00e-04
2026-07-10 11:37:57,297 |   -> New best val loss: 12.0204 (saved best_model.pt)
2026-07-10 11:38:00,510 |   -> New best val loss: 11.8454 (saved best_model.pt)
2026-07-10 11:38:03,592 |   -> New best val loss: 11.7101 (saved best_model.pt)
2026-07-10 11:38:06,262 |   -> New best val loss: 11.6057 (saved best_model.pt)
2026-07-10 11:38:08,247 |   -> New best val loss: 11.3781 (saved best_model.pt)
2026-07-10 11:38:11,278 |   -> New best val loss: 11.1433 (saved best_model.pt)
2026-07-10 11:38:14,466 |   -> New best val loss: 11.1094 (saved best_model.pt)
2026-07-10 11:38:17,592 |   -> New best val loss: 10.8017 (saved best_model.pt)
2026-07-10 11:38:20,683 |   -> New best val loss: 10.7516 (saved best_model.pt)
2026-07-10 11:38:23,493 |   -> New best val loss: 10.6727 (saved best_model.pt)
2026-07-10 11:38:26,109 | Epoch   60/2700 | kl_g0_w=1.00 kl_u_w=1.00 | train=9.7934 (recon=9.2419, kl_g0=0.0089, kl_u=1.5543, cls=0.6884) | val=10.5406 | lr=1.00e-04
2026-07-10 11:38:26,127 |   -> New best val loss: 10.5406 (saved best_model.pt)
2026-07-10 11:38:27,989 |   -> New best val loss: 10.3544 (saved best_model.pt)
2026-07-10 11:38:29,869 |   -> New best val loss: 10.1742 (saved best_model.pt)
2026-07-10 11:38:32,274 |   -> New best val loss: 10.1253 (saved best_model.pt)
2026-07-10 11:38:34,494 |   -> New best val loss: 10.0250 (saved best_model.pt)
2026-07-10 11:38:37,043 |   -> New best val loss: 9.8601 (saved best_model.pt)
2026-07-10 11:38:38,968 |   -> New best val loss: 9.7184 (saved best_model.pt)
2026-07-10 11:38:41,448 |   -> New best val loss: 9.6042 (saved best_model.pt)
2026-07-10 11:38:44,095 |   -> New best val loss: 9.5823 (saved best_model.pt)
2026-07-10 11:38:47,116 |   -> New best val loss: 9.4534 (saved best_model.pt)
2026-07-10 11:38:49,988 | Epoch   70/2700 | kl_g0_w=1.00 kl_u_w=1.00 | train=8.5886 (recon=7.9544, kl_g0=0.0091, kl_u=1.5028, cls=0.6893) | val=9.3055 | lr=1.00e-04
2026-07-10 11:38:50,013 |   -> New best val loss: 9.3055 (saved best_model.pt)
2026-07-10 11:38:51,988 |   -> New best val loss: 9.2542 (saved best_model.pt)
2026-07-10 11:38:55,195 |   -> New best val loss: 9.1867 (saved best_model.pt)
2026-07-10 11:39:01,396 |   -> New best val loss: 9.0488 (saved best_model.pt)
2026-07-10 11:39:03,483 |   -> New best val loss: 8.8819 (saved best_model.pt)
2026-07-10 11:39:06,574 |   -> New best val loss: 8.8736 (saved best_model.pt)
2026-07-10 11:39:09,489 |   -> New best val loss: 8.7184 (saved best_model.pt)
2026-07-10 11:39:11,957 |   -> New best val loss: 8.6968 (saved best_model.pt)
2026-07-10 11:39:13,868 |   -> New best val loss: 8.5849 (saved best_model.pt)
2026-07-10 11:39:15,798 | Epoch   80/2700 | kl_g0_w=1.00 kl_u_w=1.00 | train=7.6923 (recon=6.9991, kl_g0=0.0093, kl_u=1.4613, cls=0.6954) | val=8.4820 | lr=1.00e-04
2026-07-10 11:39:15,813 |   -> New best val loss: 8.4820 (saved best_model.pt)
2026-07-10 11:39:17,720 |   -> New best val loss: 8.3782 (saved best_model.pt)
2026-07-10 11:39:19,711 |   -> New best val loss: 8.3399 (saved best_model.pt)
2026-07-10 11:39:21,581 |   -> New best val loss: 8.3346 (saved best_model.pt)
2026-07-10 11:39:24,478 |   -> New best val loss: 8.2286 (saved best_model.pt)
2026-07-10 11:39:27,424 |   -> New best val loss: 8.1152 (saved best_model.pt)
2026-07-10 11:39:33,206 |   -> New best val loss: 7.9603 (saved best_model.pt)
2026-07-10 11:39:36,233 |   -> New best val loss: 7.8901 (saved best_model.pt)
2026-07-10 11:39:39,407 |   -> New best val loss: 7.8544 (saved best_model.pt)
2026-07-10 11:39:42,523 | Epoch   90/2700 | kl_g0_w=1.00 kl_u_w=1.00 | train=7.0077 (recon=6.2711, kl_g0=0.0094, kl_u=1.4290, cls=0.6914) | val=7.8005 | lr=1.00e-04
2026-07-10 11:39:42,548 |   -> New best val loss: 7.8005 (saved best_model.pt)
2026-07-10 11:39:44,464 |   -> New best val loss: 7.6681 (saved best_model.pt)
2026-07-10 11:39:46,888 |   -> New best val loss: 7.6612 (saved best_model.pt)
2026-07-10 11:39:50,165 |   -> New best val loss: 7.5914 (saved best_model.pt)
2026-07-10 11:39:52,852 |   -> New best val loss: 7.5246 (saved best_model.pt)
2026-07-10 11:39:56,085 |   -> New best val loss: 7.4766 (saved best_model.pt)
2026-07-10 11:39:58,795 |   -> New best val loss: 7.4008 (saved best_model.pt)
2026-07-10 11:40:04,432 |   -> New best val loss: 7.3083 (saved best_model.pt)
2026-07-10 11:40:07,644 |   -> New best val loss: 7.1942 (saved best_model.pt)
2026-07-10 11:40:09,951 | Epoch  100/2700 | kl_g0_w=1.00 kl_u_w=1.00 | train=6.3830 (recon=5.6107, kl_g0=0.0096, kl_u=1.3953, cls=0.6891) | val=7.1369 | lr=1.00e-04
2026-07-10 11:40:09,976 |   -> New best val loss: 7.1369 (saved best_model.pt)
2026-07-10 11:40:14,413 |   -> New best val loss: 7.0369 (saved best_model.pt)
2026-07-10 11:40:17,516 |   -> New best val loss: 6.9407 (saved best_model.pt)
2026-07-10 11:40:19,417 |   -> New best val loss: 6.8731 (saved best_model.pt)
2026-07-10 11:40:21,331 |   -> New best val loss: 6.8230 (saved best_model.pt)
2026-07-10 11:40:26,292 |   -> New best val loss: 6.7034 (saved best_model.pt)
2026-07-10 11:40:30,929 |   -> New best val loss: 6.6861 (saved best_model.pt)
2026-07-10 11:40:33,441 | Epoch  110/2700 | kl_g0_w=1.00 kl_u_w=1.00 | train=5.8393 (recon=5.0385, kl_g0=0.0097, kl_u=1.3635, cls=0.6887) | val=6.6184 | lr=1.00e-04
2026-07-10 11:40:33,458 |   -> New best val loss: 6.6184 (saved best_model.pt)
2026-07-10 11:40:35,479 |   -> New best val loss: 6.5254 (saved best_model.pt)
2026-07-10 11:40:37,375 |   -> New best val loss: 6.4666 (saved best_model.pt)
2026-07-10 11:40:39,260 |   -> New best val loss: 6.4322 (saved best_model.pt)
2026-07-10 11:40:41,174 |   -> New best val loss: 6.4168 (saved best_model.pt)
2026-07-10 11:40:43,084 |   -> New best val loss: 6.2983 (saved best_model.pt)
2026-07-10 11:40:45,009 |   -> New best val loss: 6.2394 (saved best_model.pt)
2026-07-10 11:40:50,847 |   -> New best val loss: 6.1911 (saved best_model.pt)
2026-07-10 11:40:52,745 |   -> New best val loss: 6.1132 (saved best_model.pt)
2026-07-10 11:40:54,611 | Epoch  120/2700 | kl_g0_w=1.00 kl_u_w=1.00 | train=5.3748 (recon=4.5530, kl_g0=0.0098, kl_u=1.3326, cls=0.6900) | val=6.0714 | lr=1.00e-04
2026-07-10 11:40:54,626 |   -> New best val loss: 6.0714 (saved best_model.pt)
2026-07-10 11:40:56,521 |   -> New best val loss: 6.0249 (saved best_model.pt)
2026-07-10 11:40:58,421 |   -> New best val loss: 5.9996 (saved best_model.pt)
2026-07-10 11:41:00,334 |   -> New best val loss: 5.9357 (saved best_model.pt)
2026-07-10 11:41:02,226 |   -> New best val loss: 5.9141 (saved best_model.pt)
2026-07-10 11:41:04,079 |   -> New best val loss: 5.9098 (saved best_model.pt)
2026-07-10 11:41:04,094 |   -> New joint-best cls loss: val=0.6819, train=0.6878
2026-07-10 11:41:07,146 |   -> New best val loss: 5.7913 (saved best_model.pt)
2026-07-10 11:41:09,309 |   -> New best val loss: 5.7616 (saved best_model.pt)
2026-07-10 11:41:12,248 |   -> New best val loss: 5.7102 (saved best_model.pt)
2026-07-10 11:41:15,441 |   -> New best val loss: 5.6260 (saved best_model.pt)
2026-07-10 11:41:18,604 | Epoch  130/2700 | kl_g0_w=1.00 kl_u_w=1.00 | train=4.9390 (recon=4.0887, kl_g0=0.0099, kl_u=1.3123, cls=0.6912) | val=5.5982 | lr=1.00e-04
2026-07-10 11:41:18,634 |   -> New best val loss: 5.5982 (saved best_model.pt)
2026-07-10 11:41:21,792 |   -> New best val loss: 5.5926 (saved best_model.pt)
2026-07-10 11:41:23,714 |   -> New best val loss: 5.5772 (saved best_model.pt)
2026-07-10 11:41:25,817 |   -> New best val loss: 5.5471 (saved best_model.pt)
2026-07-10 11:41:25,832 |   -> New joint-best cls loss: val=0.6817, train=0.6874
2026-07-10 11:41:27,724 |   -> New best val loss: 5.4977 (saved best_model.pt)
2026-07-10 11:41:29,610 |   -> New best val loss: 5.3999 (saved best_model.pt)
2026-07-10 11:41:31,454 |   -> New best val loss: 5.3698 (saved best_model.pt)
2026-07-10 11:41:33,363 |   -> New best val loss: 5.3696 (saved best_model.pt)
2026-07-10 11:41:35,307 |   -> New best val loss: 5.3101 (saved best_model.pt)
2026-07-10 11:41:35,323 |   -> New joint-best cls loss: val=0.6815, train=0.6868
2026-07-10 11:41:38,619 |   -> New best val loss: 5.2513 (saved best_model.pt)
2026-07-10 11:41:38,632 |   -> New joint-best cls loss: val=0.6812, train=0.6864
2026-07-10 11:41:41,840 | Epoch  140/2700 | kl_g0_w=1.00 kl_u_w=1.00 | train=4.5789 (recon=3.7116, kl_g0=0.0100, kl_u=1.2897, cls=0.6876) | val=5.2109 | lr=1.00e-04
2026-07-10 11:41:41,867 |   -> New best val loss: 5.2109 (saved best_model.pt)
2026-07-10 11:41:43,797 |   -> New best val loss: 5.1492 (saved best_model.pt)
2026-07-10 11:41:47,005 |   -> New best val loss: 5.1317 (saved best_model.pt)
2026-07-10 11:41:49,881 |   -> New best val loss: 5.1018 (saved best_model.pt)
2026-07-10 11:41:49,894 |   -> New joint-best cls loss: val=0.6811, train=0.6861
2026-07-10 11:41:53,083 |   -> New best val loss: 5.0603 (saved best_model.pt)
2026-07-10 11:41:56,216 |   -> New best val loss: 5.0465 (saved best_model.pt)
2026-07-10 11:41:58,113 |   -> New best val loss: 4.9725 (saved best_model.pt)
2026-07-10 11:42:03,198 |   -> New best val loss: 4.9098 (saved best_model.pt)
2026-07-10 11:42:06,418 |   -> New best val loss: 4.8461 (saved best_model.pt)
2026-07-10 11:42:09,402 | Epoch  150/2700 | kl_g0_w=1.00 kl_u_w=1.00 | train=4.2332 (recon=3.3551, kl_g0=0.0101, kl_u=1.2620, cls=0.6880) | val=4.8425 | lr=1.00e-04
2026-07-10 11:42:09,423 |   -> New best val loss: 4.8425 (saved best_model.pt)
2026-07-10 11:42:12,278 |   -> New best val loss: 4.7980 (saved best_model.pt)
2026-07-10 11:42:15,346 |   -> New best val loss: 4.7566 (saved best_model.pt)
2026-07-10 11:42:17,671 |   -> New best val loss: 4.7209 (saved best_model.pt)
2026-07-10 11:42:19,979 |   -> New best val loss: 4.6842 (saved best_model.pt)
2026-07-10 11:42:22,002 |   -> New best val loss: 4.6528 (saved best_model.pt)
2026-07-10 11:42:23,959 |   -> New best val loss: 4.6152 (saved best_model.pt)
2026-07-10 11:42:25,877 |   -> New best val loss: 4.5625 (saved best_model.pt)
2026-07-10 11:42:25,890 |   -> New joint-best cls loss: val=0.6797, train=0.6857
2026-07-10 11:42:27,800 |   -> New best val loss: 4.5505 (saved best_model.pt)
2026-07-10 11:42:27,812 |   -> New joint-best cls loss: val=0.6793, train=0.6852
2026-07-10 11:42:29,718 |   -> New best val loss: 4.5175 (saved best_model.pt)
2026-07-10 11:42:32,919 | Epoch  160/2700 | kl_g0_w=1.00 kl_u_w=1.00 | train=3.9284 (recon=3.0395, kl_g0=0.0101, kl_u=1.2386, cls=0.6900) | val=4.4902 | lr=1.00e-04
2026-07-10 11:42:32,947 |   -> New best val loss: 4.4902 (saved best_model.pt)
2026-07-10 11:42:35,223 |   -> New best val loss: 4.4327 (saved best_model.pt)
2026-07-10 11:42:35,236 |   -> New joint-best cls loss: val=0.6785, train=0.6848
2026-07-10 11:42:37,879 |   -> New best val loss: 4.3891 (saved best_model.pt)
2026-07-10 11:42:39,878 |   -> New best val loss: 4.3573 (saved best_model.pt)
2026-07-10 11:42:41,766 |   -> New best val loss: 4.3345 (saved best_model.pt)
2026-07-10 11:42:43,874 |   -> New best val loss: 4.3294 (saved best_model.pt)
2026-07-10 11:42:43,886 |   -> New joint-best cls loss: val=0.6782, train=0.6844
2026-07-10 11:42:47,105 |   -> New best val loss: 4.2747 (saved best_model.pt)
2026-07-10 11:42:50,302 |   -> New best val loss: 4.2220 (saved best_model.pt)
2026-07-10 11:42:53,264 |   -> New best val loss: 4.2202 (saved best_model.pt)
2026-07-10 11:42:55,893 |   -> New best val loss: 4.1725 (saved best_model.pt)
2026-07-10 11:42:57,747 | Epoch  170/2700 | kl_g0_w=1.00 kl_u_w=1.00 | train=3.6409 (recon=2.7357, kl_g0=0.0102, kl_u=1.2233, cls=0.6868) | val=4.1584 | lr=1.00e-04
2026-07-10 11:42:57,766 |   -> New best val loss: 4.1584 (saved best_model.pt)
2026-07-10 11:42:59,988 |   -> New best val loss: 4.1147 (saved best_model.pt)
2026-07-10 11:43:01,810 |   -> New best val loss: 4.0765 (saved best_model.pt)
2026-07-10 11:43:03,639 |   -> New best val loss: 4.0585 (saved best_model.pt)
2026-07-10 11:43:05,477 |   -> New best val loss: 4.0150 (saved best_model.pt)
2026-07-10 11:43:08,518 |   -> New best val loss: 3.9848 (saved best_model.pt)
2026-07-10 11:43:11,050 |   -> New best val loss: 3.9677 (saved best_model.pt)
2026-07-10 11:43:14,231 |   -> New best val loss: 3.9271 (saved best_model.pt)
2026-07-10 11:43:16,634 |   -> New best val loss: 3.8994 (saved best_model.pt)
2026-07-10 11:43:19,116 |   -> New best val loss: 3.8736 (saved best_model.pt)
2026-07-10 11:43:21,604 | Epoch  180/2700 | kl_g0_w=1.00 kl_u_w=1.00 | train=3.3835 (recon=2.4682, kl_g0=0.0102, kl_u=1.2048, cls=0.6858) | val=3.8262 | lr=1.00e-04
2026-07-10 11:43:21,624 |   -> New best val loss: 3.8262 (saved best_model.pt)
2026-07-10 11:43:24,758 |   -> New best val loss: 3.8008 (saved best_model.pt)
2026-07-10 11:43:27,709 |   -> New best val loss: 3.7834 (saved best_model.pt)
2026-07-10 11:43:30,642 |   -> New best val loss: 3.7467 (saved best_model.pt)
2026-07-10 11:43:33,908 |   -> New best val loss: 3.7027 (saved best_model.pt)
2026-07-10 11:43:35,777 |   -> New best val loss: 3.6738 (saved best_model.pt)
2026-07-10 11:43:38,585 |   -> New best val loss: 3.6623 (saved best_model.pt)
2026-07-10 11:43:38,597 |   -> New joint-best cls loss: val=0.6777, train=0.6841
2026-07-10 11:43:41,800 |   -> New best val loss: 3.6303 (saved best_model.pt)
2026-07-10 11:43:44,969 |   -> New best val loss: 3.6057 (saved best_model.pt)
2026-07-10 11:43:48,130 |   -> New best val loss: 3.5886 (saved best_model.pt)
2026-07-10 11:43:51,200 | Epoch  190/2700 | kl_g0_w=1.00 kl_u_w=1.00 | train=3.1495 (recon=2.2271, kl_g0=0.0102, kl_u=1.1862, cls=0.6828) | val=3.5366 | lr=1.00e-04 [PREOVERFIT-UPDATE]
2026-07-10 11:43:51,226 |   -> New best val loss: 3.5366 (saved best_model.pt)
2026-07-10 11:43:51,239 |   -> New joint-best cls loss: val=0.6758, train=0.6828
2026-07-10 11:43:55,008 |   -> New best val loss: 3.5085 (saved best_model.pt)
2026-07-10 11:43:56,901 |   -> New best val loss: 3.4729 (saved best_model.pt)
2026-07-10 11:43:59,178 |   -> New best val loss: 3.4549 (saved best_model.pt)
2026-07-10 11:44:00,993 |   -> New best val loss: 3.3998 (saved best_model.pt)
2026-07-10 11:44:06,546 |   -> New best val loss: 3.3297 (saved best_model.pt)
2026-07-10 11:44:12,016 |   -> New best val loss: 3.3078 (saved best_model.pt)
2026-07-10 11:44:13,934 | Epoch  200/2700 | kl_g0_w=1.00 kl_u_w=1.00 | train=2.9359 (recon=2.0120, kl_g0=0.0103, kl_u=1.1641, cls=0.6818) | val=3.2644 | lr=1.00e-04
2026-07-10 11:44:13,948 |   -> New best val loss: 3.2644 (saved best_model.pt)
2026-07-10 11:44:17,172 |   -> New best val loss: 3.2563 (saved best_model.pt)
2026-07-10 11:44:19,000 |   -> New best val loss: 3.2203 (saved best_model.pt)
2026-07-10 11:44:20,832 |   -> New best val loss: 3.1899 (saved best_model.pt)
2026-07-10 11:44:24,039 |   -> New best val loss: 3.1550 (saved best_model.pt)
2026-07-10 11:44:24,051 |   -> New joint-best cls loss: val=0.6748, train=0.6802
2026-07-10 11:44:28,740 |   -> New best val loss: 3.1426 (saved best_model.pt)
2026-07-10 11:44:31,901 |   -> New best val loss: 3.1024 (saved best_model.pt)
2026-07-10 11:44:33,827 |   -> New best val loss: 3.0724 (saved best_model.pt)
2026-07-10 11:44:37,051 |   -> New best val loss: 3.0359 (saved best_model.pt)
2026-07-10 11:44:37,066 |   -> New joint-best cls loss: val=0.6745, train=0.6801
2026-07-10 11:44:40,257 | Epoch  210/2700 | kl_g0_w=1.00 kl_u_w=1.00 | train=2.7260 (recon=1.8067, kl_g0=0.0103, kl_u=1.1358, cls=0.6848) | val=3.0058 | lr=1.00e-04
2026-07-10 11:44:40,287 |   -> New best val loss: 3.0058 (saved best_model.pt)
2026-07-10 11:44:42,712 |   -> New best val loss: 2.9946 (saved best_model.pt)
2026-07-10 11:44:42,727 |   -> New joint-best cls loss: val=0.6741, train=0.6788
2026-07-10 11:44:44,521 |   -> New best val loss: 2.9802 (saved best_model.pt)
2026-07-10 11:44:46,346 |   -> New best val loss: 2.9353 (saved best_model.pt)
2026-07-10 11:44:49,523 |   -> New best val loss: 2.9257 (saved best_model.pt)
2026-07-10 11:44:52,696 |   -> New best val loss: 2.8982 (saved best_model.pt)
2026-07-10 11:44:55,229 |   -> New best val loss: 2.8777 (saved best_model.pt)
2026-07-10 11:44:57,052 |   -> New best val loss: 2.8511 (saved best_model.pt)
2026-07-10 11:44:58,857 |   -> New best val loss: 2.8042 (saved best_model.pt)
2026-07-10 11:45:00,931 |   -> New best val loss: 2.7963 (saved best_model.pt)
2026-07-10 11:45:02,879 | Epoch  220/2700 | kl_g0_w=1.00 kl_u_w=1.00 | train=2.5401 (recon=1.6225, kl_g0=0.0103, kl_u=1.1138, cls=0.6819) | val=2.7885 | lr=1.00e-04
2026-07-10 11:45:02,895 |   -> New best val loss: 2.7885 (saved best_model.pt)
2026-07-10 11:45:04,787 |   -> New best val loss: 2.7634 (saved best_model.pt)
2026-07-10 11:45:06,669 |   -> New best val loss: 2.7365 (saved best_model.pt)
2026-07-10 11:45:08,546 |   -> New best val loss: 2.6970 (saved best_model.pt)
2026-07-10 11:45:12,207 |   -> New best val loss: 2.6481 (saved best_model.pt)
2026-07-10 11:45:17,254 |   -> New best val loss: 2.6041 (saved best_model.pt)
2026-07-10 11:45:19,976 |   -> New joint-best cls loss: val=0.6729, train=0.6775
2026-07-10 11:45:22,231 |   -> New best val loss: 2.5823 (saved best_model.pt)
2026-07-10 11:45:24,834 | Epoch  230/2700 | kl_g0_w=1.00 kl_u_w=1.00 | train=2.3816 (recon=1.4589, kl_g0=0.0103, kl_u=1.1015, cls=0.6799) | val=2.5700 | lr=1.00e-04
2026-07-10 11:45:24,861 |   -> New best val loss: 2.5700 (saved best_model.pt)
2026-07-10 11:45:28,020 |   -> New best val loss: 2.5389 (saved best_model.pt)
2026-07-10 11:45:33,152 |   -> New best val loss: 2.5232 (saved best_model.pt)
2026-07-10 11:45:35,663 |   -> New best val loss: 2.4914 (saved best_model.pt)
2026-07-10 11:45:35,676 |   -> New joint-best cls loss: val=0.6729, train=0.6775
2026-07-10 11:45:38,835 |   -> New best val loss: 2.4687 (saved best_model.pt)
2026-07-10 11:45:38,847 |   -> New joint-best cls loss: val=0.6726, train=0.6767
2026-07-10 11:45:41,794 |   -> New best val loss: 2.4546 (saved best_model.pt)
2026-07-10 11:45:44,779 |   -> New best val loss: 2.4281 (saved best_model.pt)
2026-07-10 11:45:46,614 |   -> New best val loss: 2.4173 (saved best_model.pt)
2026-07-10 11:45:48,544 |   -> New best val loss: 2.4024 (saved best_model.pt)
2026-07-10 11:45:51,567 | Epoch  240/2700 | kl_g0_w=1.00 kl_u_w=1.00 | train=2.2342 (recon=1.3072, kl_g0=0.0104, kl_u=1.0893, cls=0.6801) | val=2.3938 | lr=1.00e-04
2026-07-10 11:45:51,593 |   -> New best val loss: 2.3938 (saved best_model.pt)
2026-07-10 11:45:56,346 |   -> New best val loss: 2.3593 (saved best_model.pt)
2026-07-10 11:45:56,358 |   -> New joint-best cls loss: val=0.6712, train=0.6759
2026-07-10 11:45:58,208 |   -> New best val loss: 2.3467 (saved best_model.pt)
2026-07-10 11:46:01,270 |   -> New best val loss: 2.3310 (saved best_model.pt)
2026-07-10 11:46:01,283 |   -> New joint-best cls loss: val=0.6709, train=0.6749
2026-07-10 11:46:04,396 |   -> New best val loss: 2.3193 (saved best_model.pt)
2026-07-10 11:46:07,214 |   -> New best val loss: 2.2817 (saved best_model.pt)
2026-07-10 11:46:10,284 |   -> New best val loss: 2.2649 (saved best_model.pt)
2026-07-10 11:46:12,618 |   -> New best val loss: 2.2561 (saved best_model.pt)
2026-07-10 11:46:12,640 |   -> New joint-best cls loss: val=0.6696, train=0.6740
2026-07-10 11:46:15,687 |   -> New best val loss: 2.2291 (saved best_model.pt)
2026-07-10 11:46:18,916 | Epoch  250/2700 | kl_g0_w=1.00 kl_u_w=1.00 | train=2.1127 (recon=1.1886, kl_g0=0.0104, kl_u=1.0732, cls=0.6777) | val=2.2316 | lr=1.00e-04
2026-07-10 11:46:22,121 |   -> New best val loss: 2.2172 (saved best_model.pt)
2026-07-10 11:46:22,134 |   -> New joint-best cls loss: val=0.6693, train=0.6737
2026-07-10 11:46:24,665 |   -> New best val loss: 2.1991 (saved best_model.pt)
2026-07-10 11:46:26,757 |   -> New best val loss: 2.1884 (saved best_model.pt)
2026-07-10 11:46:29,955 |   -> New best val loss: 2.1703 (saved best_model.pt)
2026-07-10 11:46:31,970 |   -> New best val loss: 2.1433 (saved best_model.pt)
2026-07-10 11:46:33,899 |   -> New best val loss: 2.1394 (saved best_model.pt)
2026-07-10 11:46:35,769 |   -> New best val loss: 2.1190 (saved best_model.pt)
2026-07-10 11:46:37,656 |   -> New best val loss: 2.1169 (saved best_model.pt)
2026-07-10 11:46:40,605 |   -> New best val loss: 2.0903 (saved best_model.pt)
2026-07-10 11:46:43,805 | Epoch  260/2700 | kl_g0_w=1.00 kl_u_w=1.00 | train=1.9991 (recon=1.0770, kl_g0=0.0104, kl_u=1.0589, cls=0.6736) | val=2.0743 | lr=1.00e-04 [PREOVERFIT-UPDATE]
2026-07-10 11:46:43,831 |   -> New best val loss: 2.0743 (saved best_model.pt)
2026-07-10 11:46:43,842 |   -> New joint-best cls loss: val=0.6684, train=0.6736
2026-07-10 11:46:47,085 |   -> New best val loss: 2.0668 (saved best_model.pt)
2026-07-10 11:46:50,071 |   -> New best val loss: 2.0588 (saved best_model.pt)
2026-07-10 11:46:52,860 |   -> New best val loss: 2.0458 (saved best_model.pt)
2026-07-10 11:46:55,894 |   -> New best val loss: 2.0395 (saved best_model.pt)
2026-07-10 11:46:55,960 |   -> New joint-best cls loss: val=0.6678, train=0.6718
2026-07-10 11:46:59,210 |   -> New best val loss: 2.0009 (saved best_model.pt)
2026-07-10 11:47:02,420 |   -> New best val loss: 1.9922 (saved best_model.pt)
2026-07-10 11:47:04,294 |   -> New best val loss: 1.9771 (saved best_model.pt)
2026-07-10 11:47:06,582 |   -> New best val loss: 1.9721 (saved best_model.pt)
2026-07-10 11:47:08,875 |   -> New best val loss: 1.9607 (saved best_model.pt)
2026-07-10 11:47:08,888 |   -> New joint-best cls loss: val=0.6672, train=0.6707
2026-07-10 11:47:11,539 | Epoch  270/2700 | kl_g0_w=1.00 kl_u_w=1.00 | train=1.8958 (recon=0.9771, kl_g0=0.0104, kl_u=1.0443, cls=0.6715) | val=1.9458 | lr=1.00e-04
2026-07-10 11:47:11,567 |   -> New best val loss: 1.9458 (saved best_model.pt)
2026-07-10 11:47:14,361 |   -> New best val loss: 1.9403 (saved best_model.pt)
2026-07-10 11:47:17,417 |   -> New best val loss: 1.9156 (saved best_model.pt)
2026-07-10 11:47:19,902 |   -> New best val loss: 1.9077 (saved best_model.pt)
2026-07-10 11:47:19,915 |   -> New joint-best cls loss: val=0.6658, train=0.6676
2026-07-10 11:47:22,401 |   -> New best val loss: 1.8820 (saved best_model.pt)
2026-07-10 11:47:28,708 |   -> New best val loss: 1.8653 (saved best_model.pt)
2026-07-10 11:47:31,947 |   -> New best val loss: 1.8394 (saved best_model.pt)
2026-07-10 11:47:31,959 |   -> New joint-best cls loss: val=0.6646, train=0.6658
2026-07-10 11:47:37,362 |   -> New best val loss: 1.8282 (saved best_model.pt)
2026-07-10 11:47:39,123 | Epoch  280/2700 | kl_g0_w=1.00 kl_u_w=1.00 | train=1.7941 (recon=0.8751, kl_g0=0.0104, kl_u=1.0342, cls=0.6633) | val=1.8007 | lr=1.00e-04
2026-07-10 11:47:39,139 |   -> New best val loss: 1.8007 (saved best_model.pt)
2026-07-10 11:47:42,039 |   -> New best val loss: 1.7894 (saved best_model.pt)
2026-07-10 11:47:44,884 |   -> New best val loss: 1.7783 (saved best_model.pt)
2026-07-10 11:47:44,896 |   -> New joint-best cls loss: val=0.6629, train=0.6637
2026-07-10 11:47:47,154 |   -> New best val loss: 1.7666 (saved best_model.pt)
2026-07-10 11:47:49,687 |   -> New best val loss: 1.7364 (saved best_model.pt)
2026-07-10 11:47:49,703 |   -> New joint-best cls loss: val=0.6629, train=0.6626
2026-07-10 11:47:51,986 |   -> New best val loss: 1.7249 (saved best_model.pt)
2026-07-10 11:47:53,813 |   -> New best val loss: 1.7140 (saved best_model.pt)
2026-07-10 11:47:57,050 |   -> New best val loss: 1.7071 (saved best_model.pt)
2026-07-10 11:47:59,675 |   -> New best val loss: 1.6982 (saved best_model.pt)
2026-07-10 11:48:02,824 |   -> New best val loss: 1.6833 (saved best_model.pt)
2026-07-10 11:48:02,837 |   -> New joint-best cls loss: val=0.6623, train=0.6596
2026-07-10 11:48:05,802 | Epoch  290/2700 | kl_g0_w=1.00 kl_u_w=1.00 | train=1.7001 (recon=0.7880, kl_g0=0.0104, kl_u=1.0162, cls=0.6699) | val=1.6785 | lr=1.00e-04
2026-07-10 11:48:05,829 |   -> New best val loss: 1.6785 (saved best_model.pt)
2026-07-10 11:48:09,060 |   -> New best val loss: 1.6728 (saved best_model.pt)
2026-07-10 11:48:12,155 |   -> New best val loss: 1.6431 (saved best_model.pt)
2026-07-10 11:48:17,130 |   -> New best val loss: 1.6225 (saved best_model.pt)
2026-07-10 11:48:17,144 |   -> New joint-best cls loss: val=0.6608, train=0.6574
2026-07-10 11:48:19,084 |   -> New best val loss: 1.6212 (saved best_model.pt)
2026-07-10 11:48:19,096 |   -> New joint-best cls loss: val=0.6589, train=0.6550
2026-07-10 11:48:21,723 |   -> New best val loss: 1.6147 (saved best_model.pt)
2026-07-10 11:48:24,126 |   -> New best val loss: 1.5895 (saved best_model.pt)
2026-07-10 11:48:27,002 |   -> New best val loss: 1.5772 (saved best_model.pt)
2026-07-10 11:48:27,018 |   -> New joint-best cls loss: val=0.6586, train=0.6536
2026-07-10 11:48:28,878 |   -> New best val loss: 1.5728 (saved best_model.pt)
2026-07-10 11:48:28,892 |   -> New joint-best cls loss: val=0.6565, train=0.6527
2026-07-10 11:48:32,093 | Epoch  300/2700 | kl_g0_w=1.00 kl_u_w=1.00 | train=1.6199 (recon=0.7164, kl_g0=0.0104, kl_u=1.0009, cls=0.6508) | val=1.5679 | lr=1.00e-04 [PREOVERFIT-UPDATE]
2026-07-10 11:48:32,120 |   -> New best val loss: 1.5679 (saved best_model.pt)
2026-07-10 11:48:32,133 |   -> New joint-best cls loss: val=0.6560, train=0.6508
2026-07-10 11:48:34,466 |   -> New best val loss: 1.5570 (saved best_model.pt)
2026-07-10 11:48:37,683 |   -> New best val loss: 1.5544 (saved best_model.pt)
2026-07-10 11:48:37,695 |   -> New joint-best cls loss: val=0.6526, train=0.6496
2026-07-10 11:48:40,750 |   -> New best val loss: 1.5314 (saved best_model.pt)
2026-07-10 11:48:40,762 |   -> New joint-best cls loss: val=0.6524, train=0.6488
2026-07-10 11:48:43,976 |   -> New best val loss: 1.5285 (saved best_model.pt)
2026-07-10 11:48:47,170 |   -> New best val loss: 1.5157 (saved best_model.pt)
2026-07-10 11:48:47,182 |   -> New joint-best cls loss: val=0.6514, train=0.6486
2026-07-10 11:48:50,440 |   -> New best val loss: 1.5151 (saved best_model.pt)
2026-07-10 11:48:53,586 |   -> New best val loss: 1.5047 (saved best_model.pt)
2026-07-10 11:48:56,743 |   -> New best val loss: 1.4915 (saved best_model.pt)
2026-07-10 11:48:59,896 |   -> New best val loss: 1.4834 (saved best_model.pt)
2026-07-10 11:49:01,724 | Epoch  310/2700 | kl_g0_w=1.00 kl_u_w=1.00 | train=1.5514 (recon=0.6547, kl_g0=0.0104, kl_u=0.9876, cls=0.6392) | val=1.4756 | lr=1.00e-04 [PREOVERFIT-UPDATE]
2026-07-10 11:49:01,742 |   -> New best val loss: 1.4756 (saved best_model.pt)
2026-07-10 11:49:01,756 |   -> New joint-best cls loss: val=0.6464, train=0.6392
2026-07-10 11:49:05,014 |   -> New best val loss: 1.4703 (saved best_model.pt)
2026-07-10 11:49:08,224 |   -> New best val loss: 1.4618 (saved best_model.pt)
2026-07-10 11:49:11,412 |   -> New best val loss: 1.4511 (saved best_model.pt)
2026-07-10 11:49:11,427 |   -> New joint-best cls loss: val=0.6456, train=0.6370
2026-07-10 11:49:14,311 |   -> New best val loss: 1.4492 (saved best_model.pt)
2026-07-10 11:49:16,885 |   -> New joint-best cls loss: val=0.6402, train=0.6353
2026-07-10 11:49:19,290 |   -> New best val loss: 1.4197 (saved best_model.pt)
2026-07-10 11:49:28,432 |   -> New best val loss: 1.4139 (saved best_model.pt)
2026-07-10 11:49:28,447 |   -> New joint-best cls loss: val=0.6347, train=0.6227
2026-07-10 11:49:31,477 | Epoch  320/2700 | kl_g0_w=1.00 kl_u_w=1.00 | train=1.4897 (recon=0.6028, kl_g0=0.0104, kl_u=0.9724, cls=0.6269) | val=1.3923 | lr=1.00e-04
2026-07-10 11:49:31,505 |   -> New best val loss: 1.3923 (saved best_model.pt)
2026-07-10 11:49:37,483 |   -> New best val loss: 1.3895 (saved best_model.pt)
2026-07-10 11:49:37,496 |   -> New joint-best cls loss: val=0.6307, train=0.6194
2026-07-10 11:49:39,820 |   -> New best val loss: 1.3892 (saved best_model.pt)
2026-07-10 11:49:41,727 |   -> New best val loss: 1.3749 (saved best_model.pt)
2026-07-10 11:49:43,618 |   -> New best val loss: 1.3661 (saved best_model.pt)
2026-07-10 11:49:43,632 |   -> New joint-best cls loss: val=0.6247, train=0.6009
2026-07-10 11:49:46,825 |   -> New best val loss: 1.3653 (saved best_model.pt)
2026-07-10 11:49:50,053 |   -> New best val loss: 1.3633 (saved best_model.pt)
2026-07-10 11:49:53,064 |   -> New best val loss: 1.3419 (saved best_model.pt)
2026-07-10 11:49:53,078 |   -> New joint-best cls loss: val=0.6180, train=0.5934
2026-07-10 11:49:58,035 | Epoch  330/2700 | kl_g0_w=1.00 kl_u_w=1.00 | train=1.4359 (recon=0.5572, kl_g0=0.0104, kl_u=0.9629, cls=0.5846) | val=1.3343 | lr=1.00e-04
2026-07-10 11:49:58,062 |   -> New best val loss: 1.3343 (saved best_model.pt)
2026-07-10 11:50:01,271 |   -> New best val loss: 1.3292 (saved best_model.pt)
2026-07-10 11:50:01,283 |   -> New joint-best cls loss: val=0.6111, train=0.5817
2026-07-10 11:50:03,391 |   -> New best val loss: 1.3235 (saved best_model.pt)
2026-07-10 11:50:06,461 |   -> New best val loss: 1.3187 (saved best_model.pt)
2026-07-10 11:50:06,473 |   -> New joint-best cls loss: val=0.6049, train=0.5512
2026-07-10 11:50:09,226 |   -> New best val loss: 1.3166 (saved best_model.pt)
2026-07-10 11:50:12,127 |   -> New best val loss: 1.3051 (saved best_model.pt)
2026-07-10 11:50:14,688 |   -> New best val loss: 1.2957 (saved best_model.pt)
2026-07-10 11:50:18,974 |   -> New best val loss: 1.2845 (saved best_model.pt)
2026-07-10 11:50:18,987 |   -> New joint-best cls loss: val=0.5901, train=0.5253
2026-07-10 11:50:23,762 | Epoch  340/2700 | kl_g0_w=1.00 kl_u_w=1.00 | train=1.3813 (recon=0.5201, kl_g0=0.0104, kl_u=0.9491, cls=0.4972) | val=1.2826 | lr=1.00e-04
2026-07-10 11:50:23,788 |   -> New best val loss: 1.2826 (saved best_model.pt)
2026-07-10 11:50:27,059 |   -> New best val loss: 1.2740 (saved best_model.pt)
2026-07-10 11:50:29,526 |   -> New best val loss: 1.2613 (saved best_model.pt)
2026-07-10 11:50:29,542 |   -> New joint-best cls loss: val=0.5884, train=0.5021
2026-07-10 11:50:38,255 |   -> New best val loss: 1.2463 (saved best_model.pt)
2026-07-10 11:50:41,029 |   -> New best val loss: 1.2431 (saved best_model.pt)
2026-07-10 11:50:41,041 |   -> New joint-best cls loss: val=0.5838, train=0.4180
2026-07-10 11:50:44,351 |   -> New best val loss: 1.2390 (saved best_model.pt)
2026-07-10 11:50:49,757 |   -> New best val loss: 1.2370 (saved best_model.pt)
2026-07-10 11:50:52,507 | Epoch  350/2700 | kl_g0_w=1.00 kl_u_w=1.00 | train=1.3384 (recon=0.4919, kl_g0=0.0104, kl_u=0.9428, cls=0.3781) | val=1.2286 | lr=1.00e-04
2026-07-10 11:50:52,527 |   -> New best val loss: 1.2286 (saved best_model.pt)
2026-07-10 11:50:55,779 |   -> New best val loss: 1.2209 (saved best_model.pt)
2026-07-10 11:51:02,227 |   -> New best val loss: 1.2125 (saved best_model.pt)
2026-07-10 11:51:07,607 |   -> New best val loss: 1.2123 (saved best_model.pt)
2026-07-10 11:51:12,975 |   -> New best val loss: 1.2101 (saved best_model.pt)
2026-07-10 11:51:16,093 |   -> New best val loss: 1.2087 (saved best_model.pt)
2026-07-10 11:51:20,799 | Epoch  360/2700 | kl_g0_w=1.00 kl_u_w=1.00 | train=1.2949 (recon=0.4669, kl_g0=0.0104, kl_u=0.9363, cls=0.2256) | val=1.2075 | lr=1.00e-04
2026-07-10 11:51:20,817 |   -> New best val loss: 1.2075 (saved best_model.pt)
2026-07-10 11:51:22,722 |   -> New best val loss: 1.1959 (saved best_model.pt)
2026-07-10 11:51:30,294 |   -> New best val loss: 1.1937 (saved best_model.pt)
2026-07-10 11:51:38,057 |   -> New best val loss: 1.1857 (saved best_model.pt)
2026-07-10 11:51:43,400 | Epoch  370/2700 | kl_g0_w=1.00 kl_u_w=1.00 | train=1.2621 (recon=0.4418, kl_g0=0.0104, kl_u=0.9321, cls=0.1622) | val=1.1939 | lr=1.00e-04
2026-07-10 11:51:45,665 |   -> New best val loss: 1.1781 (saved best_model.pt)
2026-07-10 11:51:48,763 |   -> New best val loss: 1.1765 (saved best_model.pt)
2026-07-10 11:51:58,493 |   -> New best val loss: 1.1669 (saved best_model.pt)
2026-07-10 11:52:00,676 |   -> New best val loss: 1.1614 (saved best_model.pt)
2026-07-10 11:52:04,510 |   -> New best val loss: 1.1572 (saved best_model.pt)
2026-07-10 11:52:07,119 |   -> New best val loss: 1.1563 (saved best_model.pt)
2026-07-10 11:52:10,395 | Epoch  380/2700 | kl_g0_w=1.00 kl_u_w=1.00 | train=1.2314 (recon=0.4187, kl_g0=0.0104, kl_u=0.9259, cls=0.1187) | val=1.1647 | lr=1.00e-04
2026-07-10 11:52:19,738 |   -> New best val loss: 1.1502 (saved best_model.pt)
2026-07-10 11:52:28,205 |   -> New best val loss: 1.1417 (saved best_model.pt)
2026-07-10 11:52:37,726 | Epoch  390/2700 | kl_g0_w=1.00 kl_u_w=1.00 | train=1.2076 (recon=0.4039, kl_g0=0.0104, kl_u=0.9167, cls=0.0968) | val=1.1464 | lr=1.00e-04
2026-07-10 11:52:39,546 |   -> New best val loss: 1.1300 (saved best_model.pt)
2026-07-10 11:52:49,490 |   -> New best val loss: 1.1284 (saved best_model.pt)
2026-07-10 11:52:56,069 |   -> New best val loss: 1.1234 (saved best_model.pt)
2026-07-10 11:53:03,926 | Epoch  400/2700 | kl_g0_w=1.00 kl_u_w=1.00 | train=1.1861 (recon=0.3877, kl_g0=0.0104, kl_u=0.9119, cls=0.0706) | val=1.1377 | lr=1.00e-04
2026-07-10 11:53:13,351 |   -> New best val loss: 1.1059 (saved best_model.pt)
2026-07-10 11:53:35,871 | Epoch  410/2700 | kl_g0_w=1.00 kl_u_w=1.00 | train=1.1675 (recon=0.3735, kl_g0=0.0104, kl_u=0.9068, cls=0.0586) | val=1.1076 | lr=1.00e-04
2026-07-10 11:53:42,531 |   -> New best val loss: 1.1011 (saved best_model.pt)
2026-07-10 11:53:51,869 |   -> New best val loss: 1.0883 (saved best_model.pt)
2026-07-10 11:54:02,219 |   -> New best val loss: 1.0856 (saved best_model.pt)
2026-07-10 11:54:04,168 | Epoch  420/2700 | kl_g0_w=1.00 kl_u_w=1.00 | train=1.1475 (recon=0.3622, kl_g0=0.0104, kl_u=0.8971, cls=0.0478) | val=1.0941 | lr=1.00e-04
2026-07-10 11:54:10,324 |   -> New best val loss: 1.0850 (saved best_model.pt)
2026-07-10 11:54:20,532 |   -> New best val loss: 1.0807 (saved best_model.pt)
2026-07-10 11:54:29,770 |   -> New best val loss: 1.0722 (saved best_model.pt)
2026-07-10 11:54:33,076 | Epoch  430/2700 | kl_g0_w=1.00 kl_u_w=1.00 | train=1.1302 (recon=0.3485, kl_g0=0.0104, kl_u=0.8925, cls=0.0402) | val=1.0842 | lr=1.00e-04
2026-07-10 11:54:38,842 |   -> New best val loss: 1.0711 (saved best_model.pt)
2026-07-10 11:54:57,490 |   -> New best val loss: 1.0622 (saved best_model.pt)
2026-07-10 11:55:03,482 | Epoch  440/2700 | kl_g0_w=1.00 kl_u_w=1.00 | train=1.1123 (recon=0.3389, kl_g0=0.0104, kl_u=0.8825, cls=0.0371) | val=1.0594 | lr=1.00e-04
2026-07-10 11:55:03,510 |   -> New best val loss: 1.0594 (saved best_model.pt)
2026-07-10 11:55:06,961 |   -> New best val loss: 1.0502 (saved best_model.pt)
2026-07-10 11:55:14,858 |   -> New best val loss: 1.0474 (saved best_model.pt)
2026-07-10 11:55:33,020 | Epoch  450/2700 | kl_g0_w=1.00 kl_u_w=1.00 | train=1.0981 (recon=0.3334, kl_g0=0.0103, kl_u=0.8730, cls=0.0308) | val=1.0437 | lr=1.00e-04
2026-07-10 11:55:33,047 |   -> New best val loss: 1.0437 (saved best_model.pt)
2026-07-10 11:55:43,448 |   -> New best val loss: 1.0314 (saved best_model.pt)
2026-07-10 11:55:53,262 |   -> New best val loss: 1.0301 (saved best_model.pt)
2026-07-10 11:56:05,350 | Epoch  460/2700 | kl_g0_w=1.00 kl_u_w=1.00 | train=1.0818 (recon=0.3292, kl_g0=0.0102, kl_u=0.8591, cls=0.0307) | val=1.0402 | lr=1.00e-04
2026-07-10 11:56:08,430 |   -> New best val loss: 1.0278 (saved best_model.pt)
2026-07-10 11:56:11,805 |   -> New best val loss: 1.0246 (saved best_model.pt)
2026-07-10 11:56:13,646 |   -> New best val loss: 1.0240 (saved best_model.pt)
2026-07-10 11:56:21,012 |   -> New best val loss: 1.0141 (saved best_model.pt)
2026-07-10 11:56:24,856 |   -> New best val loss: 1.0069 (saved best_model.pt)
2026-07-10 11:56:28,677 | Epoch  470/2700 | kl_g0_w=1.00 kl_u_w=1.00 | train=1.0645 (recon=0.3208, kl_g0=0.0102, kl_u=0.8486, cls=0.0284) | val=1.0030 | lr=1.00e-04
2026-07-10 11:56:28,695 |   -> New best val loss: 1.0030 (saved best_model.pt)
2026-07-10 11:56:39,513 |   -> New best val loss: 1.0006 (saved best_model.pt)
2026-07-10 11:56:48,141 |   -> New best val loss: 0.9997 (saved best_model.pt)
2026-07-10 11:56:50,723 | Epoch  480/2700 | kl_g0_w=1.00 kl_u_w=1.00 | train=1.0436 (recon=0.3153, kl_g0=0.0101, kl_u=0.8319, cls=0.0206) | val=0.9960 | lr=1.00e-04
2026-07-10 11:56:50,747 |   -> New best val loss: 0.9960 (saved best_model.pt)
2026-07-10 11:56:56,071 |   -> New best val loss: 0.9940 (saved best_model.pt)
2026-07-10 11:57:01,540 |   -> New best val loss: 0.9876 (saved best_model.pt)
2026-07-10 11:57:09,789 |   -> New best val loss: 0.9786 (saved best_model.pt)
2026-07-10 11:57:13,919 | Epoch  490/2700 | kl_g0_w=1.00 kl_u_w=1.00 | train=1.0287 (recon=0.3020, kl_g0=0.0101, kl_u=0.8285, cls=0.0223) | val=0.9770 | lr=1.00e-04
2026-07-10 11:57:13,939 |   -> New best val loss: 0.9770 (saved best_model.pt)
2026-07-10 11:57:23,841 |   -> New best val loss: 0.9676 (saved best_model.pt)
2026-07-10 11:57:27,239 |   -> New best val loss: 0.9658 (saved best_model.pt)
2026-07-10 11:57:38,851 | Epoch  500/2700 | kl_g0_w=1.00 kl_u_w=1.00 | train=1.0230 (recon=0.3011, kl_g0=0.0099, kl_u=0.8237, cls=0.0186) | val=0.9863 | lr=1.00e-04
2026-07-10 11:57:51,268 |   -> New best val loss: 0.9619 (saved best_model.pt)
2026-07-10 11:58:02,497 | Epoch  510/2700 | kl_g0_w=1.00 kl_u_w=1.00 | train=1.0151 (recon=0.2985, kl_g0=0.0097, kl_u=0.8175, cls=0.0190) | val=0.9787 | lr=1.00e-04
2026-07-10 11:58:09,170 |   -> New best val loss: 0.9606 (saved best_model.pt)
2026-07-10 11:58:29,718 | Epoch  520/2700 | kl_g0_w=1.00 kl_u_w=1.00 | train=1.0015 (recon=0.2924, kl_g0=0.0094, kl_u=0.8091, cls=0.0168) | val=0.9552 | lr=1.00e-04
2026-07-10 11:58:29,746 |   -> New best val loss: 0.9552 (saved best_model.pt)
2026-07-10 11:58:32,342 |   -> New best val loss: 0.9510 (saved best_model.pt)
2026-07-10 11:58:51,011 | Epoch  530/2700 | kl_g0_w=1.00 kl_u_w=1.00 | train=0.9935 (recon=0.2878, kl_g0=0.0093, kl_u=0.8054, cls=0.0130) | val=0.9653 | lr=1.00e-04
2026-07-10 11:58:54,887 |   -> New best val loss: 0.9330 (saved best_model.pt)
2026-07-10 11:59:18,374 | Epoch  540/2700 | kl_g0_w=1.00 kl_u_w=1.00 | train=0.9865 (recon=0.2830, kl_g0=0.0089, kl_u=0.8028, cls=0.0125) | val=0.9668 | lr=1.00e-04
2026-07-10 11:59:37,487 | Epoch  550/2700 | kl_g0_w=1.00 kl_u_w=1.00 | train=0.9721 (recon=0.2735, kl_g0=0.0089, kl_u=0.7965, cls=0.0105) | val=0.9406 | lr=5.00e-05
2026-07-10 12:00:08,871 | Epoch  560/2700 | kl_g0_w=1.00 kl_u_w=1.00 | train=0.9631 (recon=0.2718, kl_g0=0.0086, kl_u=0.7886, cls=0.0100) | val=0.9324 | lr=5.00e-05
2026-07-10 12:00:08,899 |   -> New best val loss: 0.9324 (saved best_model.pt)
2026-07-10 12:00:25,147 |   -> New best val loss: 0.9232 (saved best_model.pt)
2026-07-10 12:00:41,129 | Epoch  570/2700 | kl_g0_w=1.00 kl_u_w=1.00 | train=0.9581 (recon=0.2710, kl_g0=0.0087, kl_u=0.7839, cls=0.0096) | val=0.9452 | lr=5.00e-05
2026-07-10 12:01:13,835 | Epoch  580/2700 | kl_g0_w=1.00 kl_u_w=1.00 | train=0.9487 (recon=0.2674, kl_g0=0.0085, kl_u=0.7772, cls=0.0093) | val=0.9368 | lr=5.00e-05
2026-07-10 12:01:24,910 |   -> New best val loss: 0.9232 (saved best_model.pt)
2026-07-10 12:01:27,597 |   -> New best val loss: 0.9216 (saved best_model.pt)
2026-07-10 12:01:31,006 |   -> New best val loss: 0.9166 (saved best_model.pt)
2026-07-10 12:01:40,260 | Epoch  590/2700 | kl_g0_w=1.00 kl_u_w=1.00 | train=0.9420 (recon=0.2615, kl_g0=0.0084, kl_u=0.7757, cls=0.0086) | val=0.9272 | lr=2.50e-05
2026-07-10 12:01:56,404 |   -> New best val loss: 0.9158 (saved best_model.pt)
2026-07-10 12:02:10,861 | Epoch  600/2700 | kl_g0_w=1.00 kl_u_w=1.00 | train=0.9390 (recon=0.2587, kl_g0=0.0085, kl_u=0.7753, cls=0.0078) | val=0.9181 | lr=2.50e-05
2026-07-10 12:02:14,290 |   -> New best val loss: 0.9152 (saved best_model.pt)
2026-07-10 12:02:38,889 |   -> New best val loss: 0.9130 (saved best_model.pt)
2026-07-10 12:02:40,782 | Epoch  610/2700 | kl_g0_w=1.00 kl_u_w=1.00 | train=0.9370 (recon=0.2573, kl_g0=0.0084, kl_u=0.7745, cls=0.0087) | val=0.9181 | lr=2.50e-05
2026-07-10 12:02:50,430 |   -> New best val loss: 0.9117 (saved best_model.pt)
2026-07-10 12:02:59,168 |   -> New best val loss: 0.9114 (saved best_model.pt)
2026-07-10 12:03:01,794 | Epoch  620/2700 | kl_g0_w=1.00 kl_u_w=1.00 | train=0.9345 (recon=0.2551, kl_g0=0.0084, kl_u=0.7740, cls=0.0076) | val=0.9201 | lr=2.50e-05
2026-07-10 12:03:20,364 |   -> New best val loss: 0.9108 (saved best_model.pt)
2026-07-10 12:03:22,298 | Epoch  630/2700 | kl_g0_w=1.00 kl_u_w=1.00 | train=0.9314 (recon=0.2534, kl_g0=0.0083, kl_u=0.7724, cls=0.0077) | val=0.9204 | lr=2.50e-05
2026-07-10 12:03:43,026 | Epoch  640/2700 | kl_g0_w=1.00 kl_u_w=1.00 | train=0.9306 (recon=0.2530, kl_g0=0.0084, kl_u=0.7719, cls=0.0072) | val=0.9204 | lr=2.50e-05
2026-07-10 12:04:13,612 | Epoch  650/2700 | kl_g0_w=1.00 kl_u_w=1.00 | train=0.9282 (recon=0.2514, kl_g0=0.0083, kl_u=0.7709, cls=0.0073) | val=0.9199 | lr=1.25e-05
2026-07-10 12:04:45,466 | Epoch  660/2700 | kl_g0_w=1.00 kl_u_w=1.00 | train=0.9268 (recon=0.2498, kl_g0=0.0082, kl_u=0.7709, cls=0.0072) | val=0.9215 | lr=1.25e-05
2026-07-10 12:05:14,919 | Epoch  670/2700 | kl_g0_w=1.00 kl_u_w=1.00 | train=0.9265 (recon=0.2496, kl_g0=0.0083, kl_u=0.7708, cls=0.0068) | val=0.9111 | lr=6.25e-06
2026-07-10 12:05:42,067 | Epoch  680/2700 | kl_g0_w=1.00 kl_u_w=1.00 | train=0.9252 (recon=0.2482, kl_g0=0.0082, kl_u=0.7708, cls=0.0068) | val=0.9154 | lr=3.13e-06
2026-07-10 12:06:05,022 | Epoch  690/2700 | kl_g0_w=1.00 kl_u_w=1.00 | train=0.9263 (recon=0.2496, kl_g0=0.0082, kl_u=0.7707, cls=0.0063) | val=0.9157 | lr=3.13e-06
2026-07-10 12:06:36,109 | Epoch  700/2700 | kl_g0_w=1.00 kl_u_w=1.00 | train=0.9244 (recon=0.2476, kl_g0=0.0082, kl_u=0.7706, cls=0.0065) | val=0.9154 | lr=1.56e-06
2026-07-10 12:06:55,397 | Epoch  710/2700 | kl_g0_w=1.00 kl_u_w=1.00 | train=0.9252 (recon=0.2488, kl_g0=0.0082, kl_u=0.7702, cls=0.0067) | val=0.9145 | lr=1.00e-06
2026-07-10 12:07:24,019 | Epoch  720/2700 | kl_g0_w=1.00 kl_u_w=1.00 | train=0.9241 (recon=0.2473, kl_g0=0.0082, kl_u=0.7705, cls=0.0065) | val=0.9130 | lr=1.00e-06
2026-07-10 12:07:48,655 | Early stopping at epoch 729 -- no improvement for 100 epochs.
2026-07-10 12:07:48,673 | Final model saved to /home/nadegeo/LIFUS-BRICK/results/training/sweep_2/sweep_BATCH_SIZE_1/final_model.pt
2026-07-10 12:07:48,673 | Best val loss: 0.9108
2026-07-10 12:07:48,673 | Best joint-best cls loss: val=0.5838, train=0.4180
2026-07-10 12:07:48,673 | Training complete.
