2026-07-06 11:54:24,404 | ============================================================
2026-07-06 11:54:24,404 | BRICK Training -- ablation_no_control
2026-07-06 11:54:24,404 | N_ROIS=24, M=96, H=4, T=240
2026-07-06 11:54:24,404 | Epochs=2000, LR=0.0001, WD=0.05, LAMBDA_NOISE=0.01, BATCH_SIZE=12
2026-07-06 11:54:24,404 | Patience=30, use_control=False, use_ic=True
2026-07-06 11:54:24,404 | KL annealing: g0 over 0 epochs, u delayed 0 then over 0 epochs
2026-07-06 11:54:24,404 | ============================================================
2026-07-06 11:54:24,404 | Loading dataset...
2026-07-06 11:54:24,483 | Split: 52 train | 4 val | 20 test items
2026-07-06 11:54:24,506 | Model parameters: 554,702
2026-07-06 11:54:24,507 | Starting training...
2026-07-06 11:54:25,772 | Epoch    1/2000 | kl_g0_w=1.00 kl_u_w=1.00 | train=1312.6852 (recon=1312.6636, kl_g0=0.0216, kl_u=0.0000, cls=0.0000) | val=173.7255 | lr=1.00e-04
2026-07-06 11:54:25,795 |   -> New best val loss: 173.7255 (saved best_model.pt)
2026-07-06 11:54:27,036 |   -> New best val loss: 171.8809 (saved best_model.pt)
2026-07-06 11:54:28,410 |   -> New best val loss: 165.7668 (saved best_model.pt)
2026-07-06 11:54:29,510 |   -> New best val loss: 160.6737 (saved best_model.pt)
2026-07-06 11:54:30,552 |   -> New best val loss: 157.5744 (saved best_model.pt)
2026-07-06 11:54:31,709 |   -> New best val loss: 153.6799 (saved best_model.pt)
2026-07-06 11:54:33,026 |   -> New best val loss: 148.8774 (saved best_model.pt)
2026-07-06 11:54:34,293 |   -> New best val loss: 143.6177 (saved best_model.pt)
2026-07-06 11:54:35,601 |   -> New best val loss: 138.6016 (saved best_model.pt)
2026-07-06 11:54:36,704 | Epoch   10/2000 | kl_g0_w=1.00 kl_u_w=1.00 | train=249.8406 (recon=249.8196, kl_g0=0.0210, kl_u=0.0000, cls=0.0000) | val=133.6260 | lr=1.00e-04
2026-07-06 11:54:36,727 |   -> New best val loss: 133.6260 (saved best_model.pt)
2026-07-06 11:54:37,448 |   -> New best val loss: 128.2709 (saved best_model.pt)
2026-07-06 11:54:38,759 |   -> New best val loss: 123.0117 (saved best_model.pt)
2026-07-06 11:54:39,979 |   -> New best val loss: 117.8398 (saved best_model.pt)
2026-07-06 11:54:41,248 |   -> New best val loss: 113.0176 (saved best_model.pt)
2026-07-06 11:54:42,631 |   -> New best val loss: 108.6089 (saved best_model.pt)
2026-07-06 11:54:43,783 |   -> New best val loss: 104.6802 (saved best_model.pt)
2026-07-06 11:54:45,028 |   -> New best val loss: 101.1740 (saved best_model.pt)
2026-07-06 11:54:46,340 |   -> New best val loss: 97.9347 (saved best_model.pt)
2026-07-06 11:54:47,340 |   -> New best val loss: 94.9771 (saved best_model.pt)
2026-07-06 11:54:48,268 | Epoch   20/2000 | kl_g0_w=1.00 kl_u_w=1.00 | train=154.6741 (recon=154.6532, kl_g0=0.0209, kl_u=0.0000, cls=0.0000) | val=92.2120 | lr=1.00e-04
2026-07-06 11:54:48,280 |   -> New best val loss: 92.2120 (saved best_model.pt)
2026-07-06 11:54:49,047 |   -> New best val loss: 89.6099 (saved best_model.pt)
2026-07-06 11:54:50,200 |   -> New best val loss: 87.2652 (saved best_model.pt)
2026-07-06 11:54:51,508 |   -> New best val loss: 85.1163 (saved best_model.pt)
2026-07-06 11:54:52,949 |   -> New best val loss: 83.1758 (saved best_model.pt)
2026-07-06 11:54:54,371 |   -> New best val loss: 81.3448 (saved best_model.pt)
2026-07-06 11:54:55,584 |   -> New best val loss: 79.7064 (saved best_model.pt)
2026-07-06 11:54:56,254 |   -> New best val loss: 78.1915 (saved best_model.pt)
2026-07-06 11:54:57,413 |   -> New best val loss: 76.8417 (saved best_model.pt)
2026-07-06 11:54:58,429 |   -> New best val loss: 75.5785 (saved best_model.pt)
2026-07-06 11:54:59,503 | Epoch   30/2000 | kl_g0_w=1.00 kl_u_w=1.00 | train=124.9232 (recon=124.9020, kl_g0=0.0212, kl_u=0.0000, cls=0.0000) | val=74.3018 | lr=1.00e-04
2026-07-06 11:54:59,525 |   -> New best val loss: 74.3018 (saved best_model.pt)
2026-07-06 11:55:00,575 |   -> New best val loss: 73.1172 (saved best_model.pt)
2026-07-06 11:55:01,779 |   -> New best val loss: 72.1124 (saved best_model.pt)
2026-07-06 11:55:02,817 |   -> New best val loss: 71.1034 (saved best_model.pt)
2026-07-06 11:55:03,571 |   -> New best val loss: 70.0599 (saved best_model.pt)
2026-07-06 11:55:04,715 |   -> New best val loss: 69.1849 (saved best_model.pt)
2026-07-06 11:55:05,905 |   -> New best val loss: 68.3686 (saved best_model.pt)
2026-07-06 11:55:07,110 |   -> New best val loss: 67.5530 (saved best_model.pt)
2026-07-06 11:55:07,976 |   -> New best val loss: 66.7427 (saved best_model.pt)
2026-07-06 11:55:08,800 |   -> New best val loss: 65.9588 (saved best_model.pt)
2026-07-06 11:55:09,460 | Epoch   40/2000 | kl_g0_w=1.00 kl_u_w=1.00 | train=106.2260 (recon=106.2044, kl_g0=0.0216, kl_u=0.0000, cls=0.0000) | val=65.2058 | lr=1.00e-04
2026-07-06 11:55:09,482 |   -> New best val loss: 65.2058 (saved best_model.pt)
2026-07-06 11:55:10,935 |   -> New best val loss: 64.5143 (saved best_model.pt)
2026-07-06 11:55:12,260 |   -> New best val loss: 63.8862 (saved best_model.pt)
2026-07-06 11:55:13,131 |   -> New best val loss: 63.3288 (saved best_model.pt)
2026-07-06 11:55:14,133 |   -> New best val loss: 62.8234 (saved best_model.pt)
2026-07-06 11:55:15,313 |   -> New best val loss: 62.2918 (saved best_model.pt)
2026-07-06 11:55:16,652 |   -> New best val loss: 61.7921 (saved best_model.pt)
2026-07-06 11:55:17,406 |   -> New best val loss: 61.3488 (saved best_model.pt)
2026-07-06 11:55:18,188 |   -> New best val loss: 60.9194 (saved best_model.pt)
2026-07-06 11:55:19,099 |   -> New best val loss: 60.5047 (saved best_model.pt)
2026-07-06 11:55:20,200 | Epoch   50/2000 | kl_g0_w=1.00 kl_u_w=1.00 | train=93.7238 (recon=93.7018, kl_g0=0.0220, kl_u=0.0000, cls=0.0000) | val=60.1068 | lr=1.00e-04
2026-07-06 11:55:20,211 |   -> New best val loss: 60.1068 (saved best_model.pt)
2026-07-06 11:55:21,609 |   -> New best val loss: 59.7233 (saved best_model.pt)
2026-07-06 11:55:22,392 |   -> New best val loss: 59.3319 (saved best_model.pt)
2026-07-06 11:55:23,829 |   -> New best val loss: 58.9747 (saved best_model.pt)
2026-07-06 11:55:25,256 |   -> New best val loss: 58.6442 (saved best_model.pt)
2026-07-06 11:55:26,287 |   -> New best val loss: 58.2947 (saved best_model.pt)
2026-07-06 11:55:27,503 |   -> New best val loss: 57.9774 (saved best_model.pt)
2026-07-06 11:55:28,607 |   -> New best val loss: 57.6286 (saved best_model.pt)
2026-07-06 11:55:29,808 |   -> New best val loss: 57.3268 (saved best_model.pt)
2026-07-06 11:55:30,602 |   -> New best val loss: 57.0751 (saved best_model.pt)
2026-07-06 11:55:31,258 | Epoch   60/2000 | kl_g0_w=1.00 kl_u_w=1.00 | train=83.7943 (recon=83.7719, kl_g0=0.0225, kl_u=0.0000, cls=0.0000) | val=56.8329 | lr=1.00e-04
2026-07-06 11:55:31,269 |   -> New best val loss: 56.8329 (saved best_model.pt)
2026-07-06 11:55:32,452 |   -> New best val loss: 56.6004 (saved best_model.pt)
2026-07-06 11:55:33,463 |   -> New best val loss: 56.3231 (saved best_model.pt)
2026-07-06 11:55:34,546 |   -> New best val loss: 56.0748 (saved best_model.pt)
2026-07-06 11:55:35,584 |   -> New best val loss: 55.8546 (saved best_model.pt)
2026-07-06 11:55:36,644 |   -> New best val loss: 55.6313 (saved best_model.pt)
2026-07-06 11:55:37,658 |   -> New best val loss: 55.4025 (saved best_model.pt)
2026-07-06 11:55:38,699 |   -> New best val loss: 55.1857 (saved best_model.pt)
2026-07-06 11:55:39,467 |   -> New best val loss: 55.0151 (saved best_model.pt)
2026-07-06 11:55:40,377 |   -> New best val loss: 54.8692 (saved best_model.pt)
2026-07-06 11:55:41,437 | Epoch   70/2000 | kl_g0_w=1.00 kl_u_w=1.00 | train=77.5599 (recon=77.5370, kl_g0=0.0230, kl_u=0.0000, cls=0.0000) | val=54.6916 | lr=1.00e-04
2026-07-06 11:55:41,460 |   -> New best val loss: 54.6916 (saved best_model.pt)
2026-07-06 11:55:42,763 |   -> New best val loss: 54.4888 (saved best_model.pt)
2026-07-06 11:55:43,853 |   -> New best val loss: 54.3132 (saved best_model.pt)
2026-07-06 11:55:45,174 |   -> New best val loss: 54.1583 (saved best_model.pt)
2026-07-06 11:55:46,303 |   -> New best val loss: 54.0314 (saved best_model.pt)
2026-07-06 11:55:47,584 |   -> New best val loss: 53.9300 (saved best_model.pt)
2026-07-06 11:55:48,798 |   -> New best val loss: 53.8202 (saved best_model.pt)
2026-07-06 11:55:50,035 |   -> New best val loss: 53.6803 (saved best_model.pt)
2026-07-06 11:55:51,232 |   -> New best val loss: 53.5562 (saved best_model.pt)
2026-07-06 11:55:52,431 |   -> New best val loss: 53.4587 (saved best_model.pt)
2026-07-06 11:55:53,266 | Epoch   80/2000 | kl_g0_w=1.00 kl_u_w=1.00 | train=72.4972 (recon=72.4738, kl_g0=0.0234, kl_u=0.0000, cls=0.0000) | val=53.3385 | lr=1.00e-04
2026-07-06 11:55:53,277 |   -> New best val loss: 53.3385 (saved best_model.pt)
2026-07-06 11:55:54,499 |   -> New best val loss: 53.1978 (saved best_model.pt)
2026-07-06 11:55:55,339 |   -> New best val loss: 53.0560 (saved best_model.pt)
2026-07-06 11:55:56,511 |   -> New best val loss: 52.9586 (saved best_model.pt)
2026-07-06 11:55:57,564 |   -> New best val loss: 52.8613 (saved best_model.pt)
2026-07-06 11:55:58,468 |   -> New best val loss: 52.7723 (saved best_model.pt)
2026-07-06 11:55:59,428 |   -> New best val loss: 52.6988 (saved best_model.pt)
2026-07-06 11:56:00,484 |   -> New best val loss: 52.6360 (saved best_model.pt)
2026-07-06 11:56:01,369 |   -> New best val loss: 52.5481 (saved best_model.pt)
2026-07-06 11:56:02,293 |   -> New best val loss: 52.4433 (saved best_model.pt)
2026-07-06 11:56:03,504 | Epoch   90/2000 | kl_g0_w=1.00 kl_u_w=1.00 | train=68.3554 (recon=68.3315, kl_g0=0.0239, kl_u=0.0000, cls=0.0000) | val=52.3478 | lr=1.00e-04
2026-07-06 11:56:03,527 |   -> New best val loss: 52.3478 (saved best_model.pt)
2026-07-06 11:56:04,831 |   -> New best val loss: 52.2529 (saved best_model.pt)
2026-07-06 11:56:06,041 |   -> New best val loss: 52.1735 (saved best_model.pt)
2026-07-06 11:56:07,436 |   -> New best val loss: 52.0920 (saved best_model.pt)
2026-07-06 11:56:08,346 |   -> New best val loss: 52.0174 (saved best_model.pt)
2026-07-06 11:56:09,216 |   -> New best val loss: 51.9492 (saved best_model.pt)
2026-07-06 11:56:10,564 |   -> New best val loss: 51.8928 (saved best_model.pt)
2026-07-06 11:56:11,769 |   -> New best val loss: 51.8301 (saved best_model.pt)
2026-07-06 11:56:12,702 |   -> New best val loss: 51.7705 (saved best_model.pt)
2026-07-06 11:56:13,377 |   -> New best val loss: 51.7060 (saved best_model.pt)
2026-07-06 11:56:14,523 | Epoch  100/2000 | kl_g0_w=1.00 kl_u_w=1.00 | train=64.3683 (recon=64.3439, kl_g0=0.0244, kl_u=0.0000, cls=0.0000) | val=51.6460 | lr=1.00e-04
2026-07-06 11:56:14,545 |   -> New best val loss: 51.6460 (saved best_model.pt)
2026-07-06 11:56:15,965 |   -> New best val loss: 51.5968 (saved best_model.pt)
2026-07-06 11:56:16,810 |   -> New best val loss: 51.5612 (saved best_model.pt)
2026-07-06 11:56:17,990 |   -> New best val loss: 51.5219 (saved best_model.pt)
2026-07-06 11:56:19,321 |   -> New best val loss: 51.4686 (saved best_model.pt)
2026-07-06 11:56:20,575 |   -> New best val loss: 51.4033 (saved best_model.pt)
2026-07-06 11:56:21,838 |   -> New best val loss: 51.3461 (saved best_model.pt)
2026-07-06 11:56:22,705 |   -> New best val loss: 51.3019 (saved best_model.pt)
2026-07-06 11:56:23,688 |   -> New best val loss: 51.2698 (saved best_model.pt)
2026-07-06 11:56:24,618 |   -> New best val loss: 51.2247 (saved best_model.pt)
2026-07-06 11:56:25,645 | Epoch  110/2000 | kl_g0_w=1.00 kl_u_w=1.00 | train=62.3901 (recon=62.3651, kl_g0=0.0249, kl_u=0.0000, cls=0.0000) | val=51.1868 | lr=1.00e-04
2026-07-06 11:56:25,668 |   -> New best val loss: 51.1868 (saved best_model.pt)
2026-07-06 11:56:26,958 |   -> New best val loss: 51.1473 (saved best_model.pt)
2026-07-06 11:56:27,850 |   -> New best val loss: 51.1104 (saved best_model.pt)
2026-07-06 11:56:29,116 |   -> New best val loss: 51.0772 (saved best_model.pt)
2026-07-06 11:56:30,141 |   -> New best val loss: 51.0465 (saved best_model.pt)
2026-07-06 11:56:31,129 |   -> New best val loss: 51.0157 (saved best_model.pt)
2026-07-06 11:56:31,822 |   -> New best val loss: 50.9715 (saved best_model.pt)
2026-07-06 11:56:32,699 |   -> New best val loss: 50.9360 (saved best_model.pt)
2026-07-06 11:56:34,098 |   -> New best val loss: 50.9173 (saved best_model.pt)
2026-07-06 11:56:35,416 |   -> New best val loss: 50.9015 (saved best_model.pt)
2026-07-06 11:56:36,376 | Epoch  120/2000 | kl_g0_w=1.00 kl_u_w=1.00 | train=59.3785 (recon=59.3531, kl_g0=0.0254, kl_u=0.0000, cls=0.0000) | val=50.8754 | lr=1.00e-04
2026-07-06 11:56:36,389 |   -> New best val loss: 50.8754 (saved best_model.pt)
2026-07-06 11:56:37,160 |   -> New best val loss: 50.8504 (saved best_model.pt)
2026-07-06 11:56:37,781 |   -> New best val loss: 50.8119 (saved best_model.pt)
2026-07-06 11:56:38,544 |   -> New best val loss: 50.7664 (saved best_model.pt)
2026-07-06 11:56:39,862 |   -> New best val loss: 50.7305 (saved best_model.pt)
2026-07-06 11:56:41,148 |   -> New best val loss: 50.7063 (saved best_model.pt)
2026-07-06 11:56:41,969 |   -> New best val loss: 50.6900 (saved best_model.pt)
2026-07-06 11:56:43,279 |   -> New best val loss: 50.6679 (saved best_model.pt)
2026-07-06 11:56:44,327 |   -> New best val loss: 50.6340 (saved best_model.pt)
2026-07-06 11:56:45,332 |   -> New best val loss: 50.6181 (saved best_model.pt)
2026-07-06 11:56:46,311 | Epoch  130/2000 | kl_g0_w=1.00 kl_u_w=1.00 | train=57.9965 (recon=57.9705, kl_g0=0.0260, kl_u=0.0000, cls=0.0000) | val=50.6029 | lr=1.00e-04
2026-07-06 11:56:46,333 |   -> New best val loss: 50.6029 (saved best_model.pt)
2026-07-06 11:56:47,591 |   -> New best val loss: 50.5764 (saved best_model.pt)
2026-07-06 11:56:48,258 |   -> New best val loss: 50.5554 (saved best_model.pt)
2026-07-06 11:56:49,560 |   -> New best val loss: 50.5371 (saved best_model.pt)
2026-07-06 11:56:50,996 |   -> New best val loss: 50.5038 (saved best_model.pt)
2026-07-06 11:56:51,729 |   -> New best val loss: 50.4737 (saved best_model.pt)
2026-07-06 11:56:52,605 |   -> New best val loss: 50.4575 (saved best_model.pt)
2026-07-06 11:56:53,584 |   -> New best val loss: 50.4463 (saved best_model.pt)
2026-07-06 11:56:54,795 |   -> New best val loss: 50.4325 (saved best_model.pt)
2026-07-06 11:56:56,256 |   -> New best val loss: 50.4137 (saved best_model.pt)
2026-07-06 11:56:57,578 | Epoch  140/2000 | kl_g0_w=1.00 kl_u_w=1.00 | train=56.8157 (recon=56.7892, kl_g0=0.0265, kl_u=0.0000, cls=0.0000) | val=50.4014 | lr=1.00e-04
2026-07-06 11:56:57,599 |   -> New best val loss: 50.4014 (saved best_model.pt)
2026-07-06 11:56:58,803 |   -> New best val loss: 50.3921 (saved best_model.pt)
2026-07-06 11:57:00,110 |   -> New best val loss: 50.3839 (saved best_model.pt)
2026-07-06 11:57:01,450 |   -> New best val loss: 50.3757 (saved best_model.pt)
2026-07-06 11:57:02,692 |   -> New best val loss: 50.3572 (saved best_model.pt)
2026-07-06 11:57:03,664 |   -> New best val loss: 50.3439 (saved best_model.pt)
2026-07-06 11:57:04,842 |   -> New best val loss: 50.3252 (saved best_model.pt)
2026-07-06 11:57:05,495 |   -> New best val loss: 50.3011 (saved best_model.pt)
2026-07-06 11:57:06,282 |   -> New best val loss: 50.2797 (saved best_model.pt)
2026-07-06 11:57:07,315 |   -> New best val loss: 50.2639 (saved best_model.pt)
2026-07-06 11:57:08,267 | Epoch  150/2000 | kl_g0_w=1.00 kl_u_w=1.00 | train=55.0675 (recon=55.0405, kl_g0=0.0270, kl_u=0.0000, cls=0.0000) | val=50.2533 | lr=1.00e-04
2026-07-06 11:57:08,278 |   -> New best val loss: 50.2533 (saved best_model.pt)
2026-07-06 11:57:09,386 |   -> New best val loss: 50.2492 (saved best_model.pt)
2026-07-06 11:57:12,053 |   -> New best val loss: 50.2407 (saved best_model.pt)
2026-07-06 11:57:13,065 |   -> New best val loss: 50.2274 (saved best_model.pt)
2026-07-06 11:57:13,809 |   -> New best val loss: 50.2166 (saved best_model.pt)
2026-07-06 11:57:14,695 |   -> New best val loss: 50.2116 (saved best_model.pt)
2026-07-06 11:57:15,858 |   -> New best val loss: 50.2019 (saved best_model.pt)
2026-07-06 11:57:16,758 |   -> New best val loss: 50.1930 (saved best_model.pt)
2026-07-06 11:57:17,795 |   -> New best val loss: 50.1922 (saved best_model.pt)
2026-07-06 11:57:18,730 | Epoch  160/2000 | kl_g0_w=1.00 kl_u_w=1.00 | train=54.3732 (recon=54.3458, kl_g0=0.0275, kl_u=0.0000, cls=0.0000) | val=50.1891 | lr=1.00e-04
2026-07-06 11:57:18,751 |   -> New best val loss: 50.1891 (saved best_model.pt)
2026-07-06 11:57:20,108 |   -> New best val loss: 50.1728 (saved best_model.pt)
2026-07-06 11:57:21,257 |   -> New best val loss: 50.1563 (saved best_model.pt)
2026-07-06 11:57:22,668 |   -> New best val loss: 50.1387 (saved best_model.pt)
2026-07-06 11:57:23,889 |   -> New best val loss: 50.1314 (saved best_model.pt)
2026-07-06 11:57:24,786 |   -> New best val loss: 50.1242 (saved best_model.pt)
2026-07-06 11:57:26,236 |   -> New best val loss: 50.1178 (saved best_model.pt)
2026-07-06 11:57:27,192 |   -> New best val loss: 50.1105 (saved best_model.pt)
2026-07-06 11:57:28,005 |   -> New best val loss: 50.1065 (saved best_model.pt)
2026-07-06 11:57:30,441 | Epoch  170/2000 | kl_g0_w=1.00 kl_u_w=1.00 | train=53.5272 (recon=53.4992, kl_g0=0.0280, kl_u=0.0000, cls=0.0000) | val=50.1131 | lr=1.00e-04
2026-07-06 11:57:33,503 |   -> New best val loss: 50.0849 (saved best_model.pt)
2026-07-06 11:57:34,267 |   -> New best val loss: 50.0714 (saved best_model.pt)
2026-07-06 11:57:35,225 |   -> New best val loss: 50.0607 (saved best_model.pt)
2026-07-06 11:57:36,182 |   -> New best val loss: 50.0547 (saved best_model.pt)
2026-07-06 11:57:37,434 |   -> New best val loss: 50.0521 (saved best_model.pt)
2026-07-06 11:57:38,102 |   -> New best val loss: 50.0495 (saved best_model.pt)
2026-07-06 11:57:39,159 |   -> New best val loss: 50.0400 (saved best_model.pt)
2026-07-06 11:57:40,240 | Epoch  180/2000 | kl_g0_w=1.00 kl_u_w=1.00 | train=52.6416 (recon=52.6131, kl_g0=0.0285, kl_u=0.0000, cls=0.0000) | val=50.0321 | lr=1.00e-04
2026-07-06 11:57:40,261 |   -> New best val loss: 50.0321 (saved best_model.pt)
2026-07-06 11:57:41,608 |   -> New best val loss: 50.0203 (saved best_model.pt)
2026-07-06 11:57:42,615 |   -> New best val loss: 50.0111 (saved best_model.pt)
2026-07-06 11:57:43,887 |   -> New best val loss: 50.0087 (saved best_model.pt)
2026-07-06 11:57:48,242 |   -> New best val loss: 50.0029 (saved best_model.pt)
2026-07-06 11:57:49,658 |   -> New best val loss: 49.9947 (saved best_model.pt)
2026-07-06 11:57:50,947 |   -> New best val loss: 49.9898 (saved best_model.pt)
2026-07-06 11:57:52,098 | Epoch  190/2000 | kl_g0_w=1.00 kl_u_w=1.00 | train=52.1926 (recon=52.1636, kl_g0=0.0290, kl_u=0.0000, cls=0.0000) | val=49.9851 | lr=1.00e-04
2026-07-06 11:57:52,121 |   -> New best val loss: 49.9851 (saved best_model.pt)
2026-07-06 11:57:57,566 |   -> New best val loss: 49.9815 (saved best_model.pt)
2026-07-06 11:57:58,779 |   -> New best val loss: 49.9749 (saved best_model.pt)
2026-07-06 11:57:59,557 |   -> New best val loss: 49.9730 (saved best_model.pt)
2026-07-06 11:58:00,167 |   -> New best val loss: 49.9714 (saved best_model.pt)
2026-07-06 11:58:00,946 |   -> New best val loss: 49.9640 (saved best_model.pt)
2026-07-06 11:58:02,109 | Epoch  200/2000 | kl_g0_w=1.00 kl_u_w=1.00 | train=51.7472 (recon=51.7178, kl_g0=0.0294, kl_u=0.0000, cls=0.0000) | val=49.9592 | lr=1.00e-04
2026-07-06 11:58:02,121 |   -> New best val loss: 49.9592 (saved best_model.pt)
2026-07-06 11:58:02,904 |   -> New best val loss: 49.9568 (saved best_model.pt)
2026-07-06 11:58:03,667 |   -> New best val loss: 49.9568 (saved best_model.pt)
2026-07-06 11:58:09,093 |   -> New best val loss: 49.9565 (saved best_model.pt)
2026-07-06 11:58:10,365 |   -> New best val loss: 49.9525 (saved best_model.pt)
2026-07-06 11:58:11,692 |   -> New best val loss: 49.9436 (saved best_model.pt)
2026-07-06 11:58:12,889 | Epoch  210/2000 | kl_g0_w=1.00 kl_u_w=1.00 | train=51.5830 (recon=51.5532, kl_g0=0.0298, kl_u=0.0000, cls=0.0000) | val=49.9374 | lr=1.00e-04
2026-07-06 11:58:12,911 |   -> New best val loss: 49.9374 (saved best_model.pt)
2026-07-06 11:58:13,666 |   -> New best val loss: 49.9354 (saved best_model.pt)
2026-07-06 11:58:14,332 |   -> New best val loss: 49.9341 (saved best_model.pt)
2026-07-06 11:58:15,307 |   -> New best val loss: 49.9315 (saved best_model.pt)
2026-07-06 11:58:16,488 |   -> New best val loss: 49.9283 (saved best_model.pt)
2026-07-06 11:58:21,659 |   -> New best val loss: 49.9276 (saved best_model.pt)
2026-07-06 11:58:22,791 |   -> New best val loss: 49.9274 (saved best_model.pt)
2026-07-06 11:58:23,579 | Epoch  220/2000 | kl_g0_w=1.00 kl_u_w=1.00 | train=51.1497 (recon=51.1195, kl_g0=0.0302, kl_u=0.0000, cls=0.0000) | val=49.9292 | lr=1.00e-04
2026-07-06 11:58:27,040 |   -> New best val loss: 49.9210 (saved best_model.pt)
2026-07-06 11:58:28,282 |   -> New best val loss: 49.9173 (saved best_model.pt)
2026-07-06 11:58:29,220 |   -> New best val loss: 49.9146 (saved best_model.pt)
2026-07-06 11:58:30,393 |   -> New best val loss: 49.9141 (saved best_model.pt)
2026-07-06 11:58:31,679 |   -> New best val loss: 49.9141 (saved best_model.pt)
2026-07-06 11:58:33,053 |   -> New best val loss: 49.9132 (saved best_model.pt)
2026-07-06 11:58:34,397 |   -> New best val loss: 49.9112 (saved best_model.pt)
2026-07-06 11:58:35,686 | Epoch  230/2000 | kl_g0_w=1.00 kl_u_w=1.00 | train=51.0371 (recon=51.0065, kl_g0=0.0306, kl_u=0.0000, cls=0.0000) | val=49.9093 | lr=1.00e-04
2026-07-06 11:58:35,708 |   -> New best val loss: 49.9093 (saved best_model.pt)
2026-07-06 11:58:40,829 |   -> New best val loss: 49.9085 (saved best_model.pt)
2026-07-06 11:58:42,310 |   -> New best val loss: 49.9077 (saved best_model.pt)
2026-07-06 11:58:47,272 | Epoch  240/2000 | kl_g0_w=1.00 kl_u_w=1.00 | train=50.8625 (recon=50.8316, kl_g0=0.0309, kl_u=0.0000, cls=0.0000) | val=49.9207 | lr=1.00e-04
2026-07-06 11:58:50,648 |   -> New best val loss: 49.9063 (saved best_model.pt)
2026-07-06 11:58:51,876 |   -> New best val loss: 49.9034 (saved best_model.pt)
2026-07-06 11:58:59,173 | Epoch  250/2000 | kl_g0_w=1.00 kl_u_w=1.00 | train=50.5571 (recon=50.5258, kl_g0=0.0313, kl_u=0.0000, cls=0.0000) | val=49.9027 | lr=1.00e-04
2026-07-06 11:58:59,195 |   -> New best val loss: 49.9027 (saved best_model.pt)
2026-07-06 11:59:00,518 |   -> New best val loss: 49.8996 (saved best_model.pt)
2026-07-06 11:59:01,481 |   -> New best val loss: 49.8979 (saved best_model.pt)
2026-07-06 11:59:02,807 |   -> New best val loss: 49.8956 (saved best_model.pt)
2026-07-06 11:59:07,372 |   -> New best val loss: 49.8929 (saved best_model.pt)
2026-07-06 11:59:08,253 |   -> New best val loss: 49.8863 (saved best_model.pt)
2026-07-06 11:59:09,106 |   -> New best val loss: 49.8819 (saved best_model.pt)
2026-07-06 11:59:10,165 | Epoch  260/2000 | kl_g0_w=1.00 kl_u_w=1.00 | train=50.4861 (recon=50.4545, kl_g0=0.0316, kl_u=0.0000, cls=0.0000) | val=49.8792 | lr=1.00e-04
2026-07-06 11:59:10,176 |   -> New best val loss: 49.8792 (saved best_model.pt)
2026-07-06 11:59:21,798 | Epoch  270/2000 | kl_g0_w=1.00 kl_u_w=1.00 | train=50.3271 (recon=50.2953, kl_g0=0.0319, kl_u=0.0000, cls=0.0000) | val=49.9056 | lr=1.00e-04
2026-07-06 11:59:33,312 | Epoch  280/2000 | kl_g0_w=1.00 kl_u_w=1.00 | train=50.2952 (recon=50.2631, kl_g0=0.0321, kl_u=0.0000, cls=0.0000) | val=49.9151 | lr=5.00e-05
2026-07-06 11:59:43,419 | Epoch  290/2000 | kl_g0_w=1.00 kl_u_w=1.00 | train=50.2650 (recon=50.2328, kl_g0=0.0322, kl_u=0.0000, cls=0.0000) | val=49.9060 | lr=5.00e-05
2026-07-06 11:59:43,419 | Early stopping at epoch 290 -- no improvement for 30 epochs.
2026-07-06 11:59:43,430 | Final model saved to /home/nadegeo/LIFUS-BRICK/results/training/ablation_no_control/final_model.pt
2026-07-06 11:59:43,431 | Best val loss: 49.8792
2026-07-06 11:59:43,431 | Training complete.
