2026-07-03 11:27:19,379 | ============================================================
2026-07-03 11:27:19,379 | BRICK Training -- train_20260703_112719
2026-07-03 11:27:19,380 | N_ROIS=24, M=96, H=4, T=240
2026-07-03 11:27:19,380 | Epochs=1000, LR=0.0001, WD=0.05, LAMBDA_NOISE=0.01, BATCH_SIZE=12
2026-07-03 11:27:19,380 | Patience=30, use_control=True, use_ic=True
2026-07-03 11:27:19,380 | KL annealing: g0 over 0 epochs, u delayed 0 then over 0 epochs
2026-07-03 11:27:19,380 | ============================================================
2026-07-03 11:27:19,380 | Loading dataset...
2026-07-03 11:27:19,496 | Split: 52 train | 4 val | 20 test items
2026-07-03 11:27:19,515 | Model parameters: 554,702
2026-07-03 11:27:19,927 | Starting training...
2026-07-03 11:27:21,808 | Epoch    1/1000 | kl_g0_w=1.00 kl_u_w=1.00 | train=3257.5961 (recon=3251.2603, kl_g0=5.1538, kl_u=1.1820, cls=0.7013) | val=321.9164 | lr=1.00e-04
2026-07-03 11:27:21,833 |   -> New best val loss: 321.9164 (saved best_model.pt)
2026-07-03 11:27:23,856 |   -> New best val loss: 256.7952 (saved best_model.pt)
2026-07-03 11:27:25,656 |   -> New best val loss: 223.9126 (saved best_model.pt)
2026-07-03 11:27:27,579 |   -> New best val loss: 201.2963 (saved best_model.pt)
2026-07-03 11:27:29,478 |   -> New best val loss: 188.9150 (saved best_model.pt)
2026-07-03 11:27:31,967 |   -> New best val loss: 174.2152 (saved best_model.pt)
2026-07-03 11:27:34,316 |   -> New best val loss: 165.2682 (saved best_model.pt)
2026-07-03 11:27:36,563 |   -> New best val loss: 156.0909 (saved best_model.pt)
2026-07-03 11:27:38,977 |   -> New best val loss: 150.6748 (saved best_model.pt)
2026-07-03 11:27:40,760 | Epoch   10/1000 | kl_g0_w=1.00 kl_u_w=1.00 | train=278.0668 (recon=271.5233, kl_g0=5.0703, kl_u=1.4732, cls=0.6983) | val=147.5372 | lr=1.00e-04
2026-07-03 11:27:40,776 |   -> New best val loss: 147.5372 (saved best_model.pt)
2026-07-03 11:27:43,112 |   -> New best val loss: 137.9853 (saved best_model.pt)
2026-07-03 11:27:45,407 |   -> New best val loss: 133.6920 (saved best_model.pt)
2026-07-03 11:27:47,480 |   -> New best val loss: 129.5237 (saved best_model.pt)
2026-07-03 11:27:49,583 |   -> New best val loss: 123.0094 (saved best_model.pt)
2026-07-03 11:27:51,476 |   -> New best val loss: 119.3468 (saved best_model.pt)
2026-07-03 11:27:53,891 |   -> New best val loss: 115.4942 (saved best_model.pt)
2026-07-03 11:27:56,101 |   -> New best val loss: 111.6394 (saved best_model.pt)
2026-07-03 11:27:57,703 |   -> New best val loss: 107.7242 (saved best_model.pt)
2026-07-03 11:27:59,435 |   -> New best val loss: 105.7719 (saved best_model.pt)
2026-07-03 11:28:00,957 | Epoch   20/1000 | kl_g0_w=1.00 kl_u_w=1.00 | train=170.3868 (recon=162.4280, kl_g0=5.0392, kl_u=2.9196, cls=0.6978) | val=102.3555 | lr=1.00e-04
2026-07-03 11:28:00,974 |   -> New best val loss: 102.3555 (saved best_model.pt)
2026-07-03 11:28:02,821 |   -> New best val loss: 100.1468 (saved best_model.pt)
2026-07-03 11:28:04,298 |   -> New best val loss: 97.3454 (saved best_model.pt)
2026-07-03 11:28:06,250 |   -> New best val loss: 95.7116 (saved best_model.pt)
2026-07-03 11:28:08,775 |   -> New best val loss: 92.4281 (saved best_model.pt)
2026-07-03 11:28:11,032 |   -> New best val loss: 91.1562 (saved best_model.pt)
2026-07-03 11:28:12,761 |   -> New best val loss: 88.4885 (saved best_model.pt)
2026-07-03 11:28:14,267 |   -> New best val loss: 87.5613 (saved best_model.pt)
2026-07-03 11:28:15,806 |   -> New best val loss: 85.6930 (saved best_model.pt)
2026-07-03 11:28:17,366 |   -> New best val loss: 84.0413 (saved best_model.pt)
2026-07-03 11:28:19,147 | Epoch   30/1000 | kl_g0_w=1.00 kl_u_w=1.00 | train=132.2898 (recon=123.2402, kl_g0=5.1005, kl_u=3.9492, cls=0.6951) | val=82.0852 | lr=1.00e-04
2026-07-03 11:28:19,164 |   -> New best val loss: 82.0852 (saved best_model.pt)
2026-07-03 11:28:21,162 |   -> New best val loss: 80.8624 (saved best_model.pt)
2026-07-03 11:28:23,041 |   -> New best val loss: 79.5892 (saved best_model.pt)
2026-07-03 11:28:25,453 |   -> New best val loss: 78.2578 (saved best_model.pt)
2026-07-03 11:28:27,449 |   -> New best val loss: 77.0329 (saved best_model.pt)
2026-07-03 11:28:29,924 |   -> New best val loss: 76.1047 (saved best_model.pt)
2026-07-03 11:28:31,670 |   -> New best val loss: 75.5423 (saved best_model.pt)
2026-07-03 11:28:34,066 |   -> New best val loss: 73.8763 (saved best_model.pt)
2026-07-03 11:28:36,329 |   -> New best val loss: 73.8501 (saved best_model.pt)
2026-07-03 11:28:38,253 |   -> New best val loss: 72.5538 (saved best_model.pt)
2026-07-03 11:28:40,309 | Epoch   40/1000 | kl_g0_w=1.00 kl_u_w=1.00 | train=111.9714 (recon=102.4391, kl_g0=5.1908, kl_u=4.3415, cls=0.6975) | val=70.7920 | lr=1.00e-04
2026-07-03 11:28:40,338 |   -> New best val loss: 70.7920 (saved best_model.pt)
2026-07-03 11:28:41,983 |   -> New best val loss: 70.7057 (saved best_model.pt)
2026-07-03 11:28:44,492 |   -> New best val loss: 69.8831 (saved best_model.pt)
2026-07-03 11:28:46,608 |   -> New best val loss: 69.0536 (saved best_model.pt)
2026-07-03 11:28:48,729 |   -> New best val loss: 68.0534 (saved best_model.pt)
2026-07-03 11:28:51,086 |   -> New best val loss: 67.1269 (saved best_model.pt)
2026-07-03 11:28:53,221 |   -> New best val loss: 66.6877 (saved best_model.pt)
2026-07-03 11:28:54,883 |   -> New best val loss: 65.8747 (saved best_model.pt)
2026-07-03 11:28:56,440 |   -> New best val loss: 65.2894 (saved best_model.pt)
2026-07-03 11:28:58,004 |   -> New best val loss: 64.9566 (saved best_model.pt)
2026-07-03 11:28:59,550 | Epoch   50/1000 | kl_g0_w=1.00 kl_u_w=1.00 | train=95.7330 (recon=86.0288, kl_g0=5.2780, kl_u=4.4262, cls=0.6981) | val=64.2228 | lr=1.00e-04
2026-07-03 11:28:59,567 |   -> New best val loss: 64.2228 (saved best_model.pt)
2026-07-03 11:29:01,401 |   -> New best val loss: 63.9854 (saved best_model.pt)
2026-07-03 11:29:03,224 |   -> New best val loss: 62.6023 (saved best_model.pt)
2026-07-03 11:29:07,822 |   -> New best val loss: 61.8508 (saved best_model.pt)
2026-07-03 11:29:10,356 |   -> New best val loss: 60.7758 (saved best_model.pt)
2026-07-03 11:29:14,986 |   -> New best val loss: 59.4525 (saved best_model.pt)
2026-07-03 11:29:19,568 |   -> New best val loss: 59.2687 (saved best_model.pt)
2026-07-03 11:29:21,982 | Epoch   60/1000 | kl_g0_w=1.00 kl_u_w=1.00 | train=84.9768 (recon=75.2354, kl_g0=5.3768, kl_u=4.3647, cls=0.6954) | val=58.7780 | lr=1.00e-04
2026-07-03 11:29:22,015 |   -> New best val loss: 58.7780 (saved best_model.pt)
2026-07-03 11:29:24,525 |   -> New best val loss: 58.0195 (saved best_model.pt)
2026-07-03 11:29:26,537 |   -> New best val loss: 57.7979 (saved best_model.pt)
2026-07-03 11:29:28,739 |   -> New best val loss: 57.5677 (saved best_model.pt)
2026-07-03 11:29:31,264 |   -> New best val loss: 56.5604 (saved best_model.pt)
2026-07-03 11:29:33,631 |   -> New best val loss: 56.2313 (saved best_model.pt)
2026-07-03 11:29:35,225 |   -> New best val loss: 56.0056 (saved best_model.pt)
2026-07-03 11:29:37,133 |   -> New best val loss: 55.4212 (saved best_model.pt)
2026-07-03 11:29:39,182 |   -> New best val loss: 55.2575 (saved best_model.pt)
2026-07-03 11:29:41,608 |   -> New best val loss: 54.4826 (saved best_model.pt)
2026-07-03 11:29:43,429 | Epoch   70/1000 | kl_g0_w=1.00 kl_u_w=1.00 | train=75.0439 (recon=65.3053, kl_g0=5.4677, kl_u=4.2710, cls=0.6957) | val=54.2470 | lr=1.00e-04
2026-07-03 11:29:43,445 |   -> New best val loss: 54.2470 (saved best_model.pt)
2026-07-03 11:29:45,477 |   -> New best val loss: 54.0264 (saved best_model.pt)
2026-07-03 11:29:48,759 |   -> New best val loss: 53.2968 (saved best_model.pt)
2026-07-03 11:29:51,038 |   -> New best val loss: 53.1114 (saved best_model.pt)
2026-07-03 11:29:53,216 |   -> New best val loss: 52.6876 (saved best_model.pt)
2026-07-03 11:29:54,862 |   -> New best val loss: 51.9933 (saved best_model.pt)
2026-07-03 11:29:59,506 |   -> New best val loss: 51.2086 (saved best_model.pt)
2026-07-03 11:30:03,638 | Epoch   80/1000 | kl_g0_w=1.00 kl_u_w=1.00 | train=68.5954 (recon=58.8097, kl_g0=5.5604, kl_u=4.2253, cls=0.6958) | val=50.3667 | lr=1.00e-04
2026-07-03 11:30:03,667 |   -> New best val loss: 50.3667 (saved best_model.pt)
2026-07-03 11:30:05,800 |   -> New best val loss: 50.2680 (saved best_model.pt)
2026-07-03 11:30:07,872 |   -> New best val loss: 50.1172 (saved best_model.pt)
2026-07-03 11:30:09,607 |   -> New best val loss: 49.4237 (saved best_model.pt)
2026-07-03 11:30:13,024 |   -> New best val loss: 49.4152 (saved best_model.pt)
2026-07-03 11:30:15,121 |   -> New best val loss: 49.0534 (saved best_model.pt)
2026-07-03 11:30:16,880 |   -> New best val loss: 48.8034 (saved best_model.pt)
2026-07-03 11:30:18,460 |   -> New best val loss: 48.2839 (saved best_model.pt)
2026-07-03 11:30:20,604 |   -> New best val loss: 48.1238 (saved best_model.pt)
2026-07-03 11:30:23,042 | Epoch   90/1000 | kl_g0_w=1.00 kl_u_w=1.00 | train=62.8745 (recon=53.1752, kl_g0=5.6603, kl_u=4.0390, cls=0.6955) | val=48.1229 | lr=1.00e-04
2026-07-03 11:30:23,058 |   -> New best val loss: 48.1229 (saved best_model.pt)
2026-07-03 11:30:26,784 |   -> New best val loss: 46.8355 (saved best_model.pt)
2026-07-03 11:30:31,305 |   -> New best val loss: 46.6560 (saved best_model.pt)
2026-07-03 11:30:36,362 |   -> New best val loss: 46.5054 (saved best_model.pt)
2026-07-03 11:30:38,817 |   -> New best val loss: 46.3223 (saved best_model.pt)
2026-07-03 11:30:40,676 |   -> New best val loss: 45.6764 (saved best_model.pt)
2026-07-03 11:30:44,391 | Epoch  100/1000 | kl_g0_w=1.00 kl_u_w=1.00 | train=58.1955 (recon=48.5179, kl_g0=5.7351, kl_u=3.9424, cls=0.6957) | val=45.7528 | lr=1.00e-04
2026-07-03 11:30:45,926 |   -> New best val loss: 45.2603 (saved best_model.pt)
2026-07-03 11:30:47,671 |   -> New best val loss: 45.2339 (saved best_model.pt)
2026-07-03 11:30:49,820 |   -> New best val loss: 45.0796 (saved best_model.pt)
2026-07-03 11:30:52,033 |   -> New best val loss: 44.2327 (saved best_model.pt)
2026-07-03 11:30:55,095 |   -> New best val loss: 43.9596 (saved best_model.pt)
2026-07-03 11:30:57,028 |   -> New best val loss: 43.8941 (saved best_model.pt)
2026-07-03 11:30:58,587 |   -> New best val loss: 43.8039 (saved best_model.pt)
2026-07-03 11:31:00,124 |   -> New best val loss: 43.5092 (saved best_model.pt)
2026-07-03 11:31:01,841 | Epoch  110/1000 | kl_g0_w=1.00 kl_u_w=1.00 | train=54.2619 (recon=44.6323, kl_g0=5.8181, kl_u=3.8116, cls=0.6948) | val=43.1624 | lr=1.00e-04
2026-07-03 11:31:01,857 |   -> New best val loss: 43.1624 (saved best_model.pt)
2026-07-03 11:31:03,752 |   -> New best val loss: 42.7283 (saved best_model.pt)
2026-07-03 11:31:08,277 |   -> New best val loss: 42.6222 (saved best_model.pt)
2026-07-03 11:31:10,391 |   -> New best val loss: 42.5050 (saved best_model.pt)
2026-07-03 11:31:12,239 |   -> New best val loss: 42.2699 (saved best_model.pt)
2026-07-03 11:31:15,398 |   -> New best val loss: 42.0911 (saved best_model.pt)
2026-07-03 11:31:19,864 |   -> New best val loss: 41.7197 (saved best_model.pt)
2026-07-03 11:31:21,948 | Epoch  120/1000 | kl_g0_w=1.00 kl_u_w=1.00 | train=50.3980 (recon=40.7088, kl_g0=5.8810, kl_u=3.8081, cls=0.6950) | val=41.4538 | lr=1.00e-04
2026-07-03 11:31:21,964 |   -> New best val loss: 41.4538 (saved best_model.pt)
2026-07-03 11:31:25,792 |   -> New best val loss: 41.1368 (saved best_model.pt)
2026-07-03 11:31:28,165 |   -> New best val loss: 41.1357 (saved best_model.pt)
2026-07-03 11:31:32,854 |   -> New best val loss: 40.9469 (saved best_model.pt)
2026-07-03 11:31:34,758 |   -> New best val loss: 40.4358 (saved best_model.pt)
2026-07-03 11:31:36,364 |   -> New best val loss: 40.3389 (saved best_model.pt)
2026-07-03 11:31:38,165 |   -> New best val loss: 40.0174 (saved best_model.pt)
2026-07-03 11:31:42,130 | Epoch  130/1000 | kl_g0_w=1.00 kl_u_w=1.00 | train=47.0282 (recon=37.3564, kl_g0=5.9522, kl_u=3.7196, cls=0.6927) | val=39.8322 | lr=1.00e-04
2026-07-03 11:31:42,160 |   -> New best val loss: 39.8322 (saved best_model.pt)
2026-07-03 11:31:44,724 |   -> New best val loss: 39.5399 (saved best_model.pt)
2026-07-03 11:31:47,913 |   -> New best val loss: 39.3690 (saved best_model.pt)
2026-07-03 11:31:49,558 |   -> New best val loss: 39.3032 (saved best_model.pt)
2026-07-03 11:31:52,059 |   -> New best val loss: 39.2293 (saved best_model.pt)
2026-07-03 11:31:54,113 |   -> New best val loss: 38.9273 (saved best_model.pt)
2026-07-03 11:31:56,218 |   -> New best val loss: 38.9245 (saved best_model.pt)
2026-07-03 11:31:58,757 |   -> New best val loss: 38.7588 (saved best_model.pt)
2026-07-03 11:32:01,103 |   -> New best val loss: 38.4095 (saved best_model.pt)
2026-07-03 11:32:03,360 | Epoch  140/1000 | kl_g0_w=1.00 kl_u_w=1.00 | train=45.1609 (recon=35.4929, kl_g0=6.0190, kl_u=3.6490, cls=0.6957) | val=38.4495 | lr=1.00e-04
2026-07-03 11:32:05,936 |   -> New best val loss: 38.2993 (saved best_model.pt)
2026-07-03 11:32:08,064 |   -> New best val loss: 37.8450 (saved best_model.pt)
2026-07-03 11:32:11,338 |   -> New best val loss: 37.6758 (saved best_model.pt)
2026-07-03 11:32:15,736 |   -> New best val loss: 37.5304 (saved best_model.pt)
2026-07-03 11:32:17,683 |   -> New best val loss: 37.2720 (saved best_model.pt)
2026-07-03 11:32:21,169 |   -> New best val loss: 36.8969 (saved best_model.pt)
2026-07-03 11:32:23,284 | Epoch  150/1000 | kl_g0_w=1.00 kl_u_w=1.00 | train=42.2364 (recon=32.5496, kl_g0=6.0756, kl_u=3.6112, cls=0.6942) | val=36.8422 | lr=1.00e-04
2026-07-03 11:32:23,309 |   -> New best val loss: 36.8422 (saved best_model.pt)
2026-07-03 11:32:26,760 |   -> New best val loss: 36.6566 (saved best_model.pt)
2026-07-03 11:32:28,266 |   -> New best val loss: 36.3879 (saved best_model.pt)
2026-07-03 11:32:33,923 |   -> New best val loss: 36.0730 (saved best_model.pt)
2026-07-03 11:32:38,589 |   -> New best val loss: 35.9369 (saved best_model.pt)
2026-07-03 11:32:41,139 |   -> New best val loss: 35.9236 (saved best_model.pt)
2026-07-03 11:32:43,659 | Epoch  160/1000 | kl_g0_w=1.00 kl_u_w=1.00 | train=40.4496 (recon=30.7525, kl_g0=6.1231, kl_u=3.5740, cls=0.6956) | val=35.6461 | lr=1.00e-04
2026-07-03 11:32:43,690 |   -> New best val loss: 35.6461 (saved best_model.pt)
2026-07-03 11:32:47,805 |   -> New best val loss: 35.6219 (saved best_model.pt)
2026-07-03 11:32:50,294 |   -> New best val loss: 35.4859 (saved best_model.pt)
2026-07-03 11:32:52,006 |   -> New best val loss: 35.0359 (saved best_model.pt)
2026-07-03 11:32:55,146 |   -> New best val loss: 34.9733 (saved best_model.pt)
2026-07-03 11:32:56,692 |   -> New best val loss: 34.9019 (saved best_model.pt)
2026-07-03 11:32:58,647 |   -> New best val loss: 34.8527 (saved best_model.pt)
2026-07-03 11:33:00,283 |   -> New best val loss: 34.6819 (saved best_model.pt)
2026-07-03 11:33:02,143 | Epoch  170/1000 | kl_g0_w=1.00 kl_u_w=1.00 | train=38.5275 (recon=28.7872, kl_g0=6.1627, kl_u=3.5775, cls=0.6947) | val=34.8323 | lr=1.00e-04
2026-07-03 11:33:04,458 |   -> New best val loss: 34.5087 (saved best_model.pt)
2026-07-03 11:33:06,666 |   -> New best val loss: 34.3221 (saved best_model.pt)
2026-07-03 11:33:08,811 |   -> New best val loss: 34.1536 (saved best_model.pt)
2026-07-03 11:33:13,718 |   -> New best val loss: 33.8566 (saved best_model.pt)
2026-07-03 11:33:18,325 |   -> New best val loss: 33.8263 (saved best_model.pt)
2026-07-03 11:33:20,399 |   -> New best val loss: 33.7230 (saved best_model.pt)
2026-07-03 11:33:22,633 |   -> New best val loss: 33.5260 (saved best_model.pt)
2026-07-03 11:33:24,807 | Epoch  180/1000 | kl_g0_w=1.00 kl_u_w=1.00 | train=36.9021 (recon=27.1833, kl_g0=6.1939, kl_u=3.5249, cls=0.6962) | val=33.6411 | lr=1.00e-04
2026-07-03 11:33:27,209 |   -> New best val loss: 33.4864 (saved best_model.pt)
2026-07-03 11:33:29,456 |   -> New best val loss: 33.0254 (saved best_model.pt)
2026-07-03 11:33:32,735 |   -> New best val loss: 32.9926 (saved best_model.pt)
2026-07-03 11:33:34,385 |   -> New best val loss: 32.8069 (saved best_model.pt)
2026-07-03 11:33:35,993 |   -> New best val loss: 32.6975 (saved best_model.pt)
2026-07-03 11:33:40,714 |   -> New best val loss: 32.6068 (saved best_model.pt)
2026-07-03 11:33:43,126 |   -> New best val loss: 32.3941 (saved best_model.pt)
2026-07-03 11:33:45,232 | Epoch  190/1000 | kl_g0_w=1.00 kl_u_w=1.00 | train=35.0822 (recon=25.3726, kl_g0=6.2123, kl_u=3.4974, cls=0.6951) | val=32.3281 | lr=1.00e-04
2026-07-03 11:33:45,247 |   -> New best val loss: 32.3281 (saved best_model.pt)
2026-07-03 11:33:48,778 |   -> New best val loss: 32.0862 (saved best_model.pt)
2026-07-03 11:33:53,226 |   -> New best val loss: 31.9860 (saved best_model.pt)
2026-07-03 11:33:55,274 |   -> New best val loss: 31.9305 (saved best_model.pt)
2026-07-03 11:33:57,450 |   -> New best val loss: 31.6977 (saved best_model.pt)
2026-07-03 11:33:59,970 |   -> New best val loss: 31.6204 (saved best_model.pt)
2026-07-03 11:34:04,738 |   -> New best val loss: 31.4497 (saved best_model.pt)
2026-07-03 11:34:06,868 | Epoch  200/1000 | kl_g0_w=1.00 kl_u_w=1.00 | train=33.7677 (recon=24.0654, kl_g0=6.2256, kl_u=3.4767, cls=0.6940) | val=31.3531 | lr=1.00e-04
2026-07-03 11:34:06,896 |   -> New best val loss: 31.3531 (saved best_model.pt)
2026-07-03 11:34:09,204 |   -> New best val loss: 31.2563 (saved best_model.pt)
2026-07-03 11:34:11,323 |   -> New best val loss: 31.0295 (saved best_model.pt)
2026-07-03 11:34:17,404 |   -> New best val loss: 30.8720 (saved best_model.pt)
2026-07-03 11:34:19,907 |   -> New best val loss: 30.7422 (saved best_model.pt)
2026-07-03 11:34:22,498 |   -> New best val loss: 30.7072 (saved best_model.pt)
2026-07-03 11:34:24,440 |   -> New best val loss: 30.6370 (saved best_model.pt)
2026-07-03 11:34:26,383 |   -> New best val loss: 30.5397 (saved best_model.pt)
2026-07-03 11:34:28,642 | Epoch  210/1000 | kl_g0_w=1.00 kl_u_w=1.00 | train=32.2367 (recon=22.5486, kl_g0=6.2262, kl_u=3.4618, cls=0.6935) | val=30.4767 | lr=1.00e-04
2026-07-03 11:34:28,672 |   -> New best val loss: 30.4767 (saved best_model.pt)
2026-07-03 11:34:32,891 |   -> New best val loss: 30.0998 (saved best_model.pt)
2026-07-03 11:34:36,175 |   -> New best val loss: 30.0763 (saved best_model.pt)
2026-07-03 11:34:37,729 |   -> New best val loss: 29.8905 (saved best_model.pt)
2026-07-03 11:34:39,330 |   -> New best val loss: 29.8767 (saved best_model.pt)
2026-07-03 11:34:41,660 |   -> New best val loss: 29.7589 (saved best_model.pt)
2026-07-03 11:34:45,507 |   -> New best val loss: 29.5477 (saved best_model.pt)
2026-07-03 11:34:47,570 | Epoch  220/1000 | kl_g0_w=1.00 kl_u_w=1.00 | train=31.1374 (recon=21.4768, kl_g0=6.2266, kl_u=3.4340, cls=0.6979) | val=29.4357 | lr=1.00e-04
2026-07-03 11:34:47,589 |   -> New best val loss: 29.4357 (saved best_model.pt)
2026-07-03 11:34:51,894 |   -> New best val loss: 29.3268 (saved best_model.pt)
2026-07-03 11:34:54,162 |   -> New best val loss: 29.1143 (saved best_model.pt)
2026-07-03 11:34:58,018 |   -> New best val loss: 28.9907 (saved best_model.pt)
2026-07-03 11:35:00,240 |   -> New best val loss: 28.9146 (saved best_model.pt)
2026-07-03 11:35:04,225 |   -> New best val loss: 28.7832 (saved best_model.pt)
2026-07-03 11:35:05,916 |   -> New best val loss: 28.7630 (saved best_model.pt)
2026-07-03 11:35:07,559 | Epoch  230/1000 | kl_g0_w=1.00 kl_u_w=1.00 | train=29.9923 (recon=20.3653, kl_g0=6.2119, kl_u=3.4152, cls=0.6966) | val=28.6070 | lr=1.00e-04
2026-07-03 11:35:07,588 |   -> New best val loss: 28.6070 (saved best_model.pt)
2026-07-03 11:35:11,756 |   -> New best val loss: 28.6014 (saved best_model.pt)
2026-07-03 11:35:13,955 |   -> New best val loss: 28.3311 (saved best_model.pt)
2026-07-03 11:35:17,949 |   -> New best val loss: 28.2044 (saved best_model.pt)
2026-07-03 11:35:19,477 |   -> New best val loss: 28.0768 (saved best_model.pt)
2026-07-03 11:35:21,429 |   -> New best val loss: 28.0362 (saved best_model.pt)
2026-07-03 11:35:22,944 |   -> New best val loss: 27.8082 (saved best_model.pt)
2026-07-03 11:35:26,644 | Epoch  240/1000 | kl_g0_w=1.00 kl_u_w=1.00 | train=29.0338 (recon=19.4495, kl_g0=6.1781, kl_u=3.4062, cls=0.6969) | val=27.7170 | lr=1.00e-04
2026-07-03 11:35:26,666 |   -> New best val loss: 27.7170 (saved best_model.pt)
2026-07-03 11:35:28,805 |   -> New best val loss: 27.6180 (saved best_model.pt)
2026-07-03 11:35:32,287 |   -> New best val loss: 27.5667 (saved best_model.pt)
2026-07-03 11:35:34,831 |   -> New best val loss: 27.3788 (saved best_model.pt)
2026-07-03 11:35:38,798 |   -> New best val loss: 27.2873 (saved best_model.pt)
2026-07-03 11:35:41,188 |   -> New best val loss: 27.2393 (saved best_model.pt)
2026-07-03 11:35:44,742 |   -> New best val loss: 27.0882 (saved best_model.pt)
2026-07-03 11:35:46,238 | Epoch  250/1000 | kl_g0_w=1.00 kl_u_w=1.00 | train=27.7304 (recon=18.2336, kl_g0=6.1315, kl_u=3.3652, cls=0.6965) | val=26.8725 | lr=1.00e-04
2026-07-03 11:35:46,253 |   -> New best val loss: 26.8725 (saved best_model.pt)
2026-07-03 11:35:55,182 |   -> New best val loss: 26.5629 (saved best_model.pt)
2026-07-03 11:35:59,826 |   -> New best val loss: 26.4293 (saved best_model.pt)
2026-07-03 11:36:03,253 |   -> New best val loss: 26.3879 (saved best_model.pt)
2026-07-03 11:36:06,427 | Epoch  260/1000 | kl_g0_w=1.00 kl_u_w=1.00 | train=27.1041 (recon=17.6534, kl_g0=6.0720, kl_u=3.3788, cls=0.6975) | val=26.0132 | lr=1.00e-04
2026-07-03 11:36:06,457 |   -> New best val loss: 26.0132 (saved best_model.pt)
2026-07-03 11:36:11,850 |   -> New best val loss: 25.8868 (saved best_model.pt)
2026-07-03 11:36:13,447 |   -> New best val loss: 25.8621 (saved best_model.pt)
2026-07-03 11:36:17,181 |   -> New best val loss: 25.7240 (saved best_model.pt)
2026-07-03 11:36:18,935 |   -> New best val loss: 25.6864 (saved best_model.pt)
2026-07-03 11:36:21,474 |   -> New best val loss: 25.6064 (saved best_model.pt)
2026-07-03 11:36:23,268 |   -> New best val loss: 25.4694 (saved best_model.pt)
2026-07-03 11:36:24,786 | Epoch  270/1000 | kl_g0_w=1.00 kl_u_w=1.00 | train=26.1622 (recon=16.7950, kl_g0=6.0058, kl_u=3.3614, cls=0.6987) | val=25.5251 | lr=1.00e-04
2026-07-03 11:36:26,942 |   -> New best val loss: 25.2889 (saved best_model.pt)
2026-07-03 11:36:33,609 |   -> New best val loss: 25.0235 (saved best_model.pt)
2026-07-03 11:36:35,340 |   -> New best val loss: 24.9907 (saved best_model.pt)
2026-07-03 11:36:39,129 |   -> New best val loss: 24.7752 (saved best_model.pt)
2026-07-03 11:36:44,753 | Epoch  280/1000 | kl_g0_w=1.00 kl_u_w=1.00 | train=25.3215 (recon=16.0393, kl_g0=5.9307, kl_u=3.3514, cls=0.6989) | val=24.8869 | lr=1.00e-04
2026-07-03 11:36:47,090 |   -> New best val loss: 24.6429 (saved best_model.pt)
2026-07-03 11:36:48,717 |   -> New best val loss: 24.4540 (saved best_model.pt)
2026-07-03 11:36:52,849 |   -> New best val loss: 24.3772 (saved best_model.pt)
2026-07-03 11:36:55,186 |   -> New best val loss: 24.3307 (saved best_model.pt)
2026-07-03 11:36:57,474 |   -> New best val loss: 24.2967 (saved best_model.pt)
2026-07-03 11:37:00,974 |   -> New best val loss: 24.1176 (saved best_model.pt)
2026-07-03 11:37:03,172 |   -> New best val loss: 24.0693 (saved best_model.pt)
2026-07-03 11:37:04,688 | Epoch  290/1000 | kl_g0_w=1.00 kl_u_w=1.00 | train=24.6428 (recon=15.4717, kl_g0=5.8506, kl_u=3.3204, cls=0.6977) | val=24.0223 | lr=1.00e-04
2026-07-03 11:37:04,704 |   -> New best val loss: 24.0223 (saved best_model.pt)
2026-07-03 11:37:06,255 |   -> New best val loss: 23.8291 (saved best_model.pt)
2026-07-03 11:37:09,734 |   -> New best val loss: 23.7733 (saved best_model.pt)
2026-07-03 11:37:12,159 |   -> New best val loss: 23.6737 (saved best_model.pt)
2026-07-03 11:37:15,536 |   -> New best val loss: 23.6670 (saved best_model.pt)
2026-07-03 11:37:17,615 |   -> New best val loss: 23.3800 (saved best_model.pt)
2026-07-03 11:37:24,452 | Epoch  300/1000 | kl_g0_w=1.00 kl_u_w=1.00 | train=23.8174 (recon=14.7500, kl_g0=5.7453, kl_u=3.3221, cls=0.6996) | val=23.5386 | lr=1.00e-04
2026-07-03 11:37:27,023 |   -> New best val loss: 23.1769 (saved best_model.pt)
2026-07-03 11:37:28,715 |   -> New best val loss: 23.1534 (saved best_model.pt)
2026-07-03 11:37:32,252 |   -> New best val loss: 23.0522 (saved best_model.pt)
2026-07-03 11:37:33,794 |   -> New best val loss: 22.9476 (saved best_model.pt)
2026-07-03 11:37:35,362 |   -> New best val loss: 22.8766 (saved best_model.pt)
2026-07-03 11:37:37,161 |   -> New best val loss: 22.8686 (saved best_model.pt)
2026-07-03 11:37:39,395 |   -> New best val loss: 22.7876 (saved best_model.pt)
2026-07-03 11:37:43,016 | Epoch  310/1000 | kl_g0_w=1.00 kl_u_w=1.00 | train=23.0081 (recon=14.0638, kl_g0=5.6506, kl_u=3.2937, cls=0.6999) | val=22.7335 | lr=1.00e-04
2026-07-03 11:37:43,032 |   -> New best val loss: 22.7335 (saved best_model.pt)
2026-07-03 11:37:44,628 |   -> New best val loss: 22.5236 (saved best_model.pt)
2026-07-03 11:37:46,284 |   -> New best val loss: 22.4454 (saved best_model.pt)
2026-07-03 11:37:51,677 |   -> New best val loss: 22.2199 (saved best_model.pt)
2026-07-03 11:37:58,219 |   -> New best val loss: 22.0040 (saved best_model.pt)
2026-07-03 11:38:02,576 | Epoch  320/1000 | kl_g0_w=1.00 kl_u_w=1.00 | train=22.2999 (recon=13.4572, kl_g0=5.5549, kl_u=3.2879, cls=0.7000) | val=22.1289 | lr=1.00e-04
2026-07-03 11:38:04,724 |   -> New best val loss: 21.9023 (saved best_model.pt)
2026-07-03 11:38:06,745 |   -> New best val loss: 21.8451 (saved best_model.pt)
2026-07-03 11:38:08,321 |   -> New best val loss: 21.8251 (saved best_model.pt)
2026-07-03 11:38:09,989 |   -> New best val loss: 21.7966 (saved best_model.pt)
2026-07-03 11:38:12,019 |   -> New best val loss: 21.7841 (saved best_model.pt)
2026-07-03 11:38:14,326 |   -> New best val loss: 21.6086 (saved best_model.pt)
2026-07-03 11:38:16,231 |   -> New best val loss: 21.5921 (saved best_model.pt)
2026-07-03 11:38:18,100 |   -> New best val loss: 21.5484 (saved best_model.pt)
2026-07-03 11:38:20,298 |   -> New best val loss: 21.4815 (saved best_model.pt)
2026-07-03 11:38:21,868 | Epoch  330/1000 | kl_g0_w=1.00 kl_u_w=1.00 | train=21.7468 (recon=13.0300, kl_g0=5.4400, kl_u=3.2767, cls=0.7013) | val=21.3992 | lr=1.00e-04
2026-07-03 11:38:21,884 |   -> New best val loss: 21.3992 (saved best_model.pt)
2026-07-03 11:38:23,418 |   -> New best val loss: 21.3827 (saved best_model.pt)
2026-07-03 11:38:24,947 |   -> New best val loss: 21.2402 (saved best_model.pt)
2026-07-03 11:38:26,535 |   -> New best val loss: 21.1858 (saved best_model.pt)
2026-07-03 11:38:33,157 |   -> New best val loss: 21.0873 (saved best_model.pt)
2026-07-03 11:38:34,898 |   -> New best val loss: 21.0296 (saved best_model.pt)
2026-07-03 11:38:38,711 |   -> New best val loss: 20.9128 (saved best_model.pt)
2026-07-03 11:38:40,921 | Epoch  340/1000 | kl_g0_w=1.00 kl_u_w=1.00 | train=21.1792 (recon=12.6183, kl_g0=5.3325, kl_u=3.2285, cls=0.7021) | val=20.8487 | lr=1.00e-04
2026-07-03 11:38:40,951 |   -> New best val loss: 20.8487 (saved best_model.pt)
2026-07-03 11:38:43,206 |   -> New best val loss: 20.7488 (saved best_model.pt)
2026-07-03 11:38:45,022 |   -> New best val loss: 20.7211 (saved best_model.pt)
2026-07-03 11:38:46,550 |   -> New best val loss: 20.6774 (saved best_model.pt)
2026-07-03 11:38:48,945 |   -> New best val loss: 20.6181 (saved best_model.pt)
2026-07-03 11:38:53,764 |   -> New best val loss: 20.5215 (saved best_model.pt)
2026-07-03 11:38:55,709 |   -> New best val loss: 20.5142 (saved best_model.pt)
2026-07-03 11:38:57,867 |   -> New best val loss: 20.4047 (saved best_model.pt)
2026-07-03 11:39:00,381 |   -> New best val loss: 20.2375 (saved best_model.pt)
2026-07-03 11:39:02,100 | Epoch  350/1000 | kl_g0_w=1.00 kl_u_w=1.00 | train=20.6426 (recon=12.2136, kl_g0=5.2259, kl_u=3.2030, cls=0.7024) | val=20.3170 | lr=1.00e-04
2026-07-03 11:39:06,280 |   -> New best val loss: 20.1969 (saved best_model.pt)
2026-07-03 11:39:10,588 |   -> New best val loss: 20.0691 (saved best_model.pt)
2026-07-03 11:39:12,156 |   -> New best val loss: 19.9513 (saved best_model.pt)
2026-07-03 11:39:15,716 |   -> New best val loss: 19.8230 (saved best_model.pt)
2026-07-03 11:39:19,781 |   -> New best val loss: 19.7748 (saved best_model.pt)
2026-07-03 11:39:21,308 | Epoch  360/1000 | kl_g0_w=1.00 kl_u_w=1.00 | train=20.1143 (recon=11.8113, kl_g0=5.0917, kl_u=3.2113, cls=0.7010) | val=19.7605 | lr=1.00e-04
2026-07-03 11:39:21,326 |   -> New best val loss: 19.7605 (saved best_model.pt)
2026-07-03 11:39:23,878 |   -> New best val loss: 19.6702 (saved best_model.pt)
2026-07-03 11:39:25,615 |   -> New best val loss: 19.6642 (saved best_model.pt)
2026-07-03 11:39:27,391 |   -> New best val loss: 19.5406 (saved best_model.pt)
2026-07-03 11:39:31,926 |   -> New best val loss: 19.4394 (saved best_model.pt)
2026-07-03 11:39:34,179 |   -> New best val loss: 19.3863 (saved best_model.pt)
2026-07-03 11:39:39,013 |   -> New best val loss: 19.2933 (saved best_model.pt)
2026-07-03 11:39:42,872 | Epoch  370/1000 | kl_g0_w=1.00 kl_u_w=1.00 | train=19.5443 (recon=11.4442, kl_g0=4.9187, kl_u=3.1814, cls=0.7022) | val=19.2266 | lr=1.00e-04
2026-07-03 11:39:42,899 |   -> New best val loss: 19.2266 (saved best_model.pt)
2026-07-03 11:39:44,642 |   -> New best val loss: 19.1380 (saved best_model.pt)
2026-07-03 11:39:46,791 |   -> New best val loss: 19.1130 (saved best_model.pt)
2026-07-03 11:39:49,186 |   -> New best val loss: 19.0879 (saved best_model.pt)
2026-07-03 11:39:51,623 |   -> New best val loss: 18.9598 (saved best_model.pt)
2026-07-03 11:39:54,179 |   -> New best val loss: 18.9540 (saved best_model.pt)
2026-07-03 11:39:55,905 |   -> New best val loss: 18.9102 (saved best_model.pt)
2026-07-03 11:39:57,992 |   -> New best val loss: 18.8685 (saved best_model.pt)
2026-07-03 11:39:59,979 |   -> New best val loss: 18.7587 (saved best_model.pt)
2026-07-03 11:40:04,228 | Epoch  380/1000 | kl_g0_w=1.00 kl_u_w=1.00 | train=19.0142 (recon=11.0809, kl_g0=4.7667, kl_u=3.1667, cls=0.7026) | val=18.7433 | lr=1.00e-04
2026-07-03 11:40:04,259 |   -> New best val loss: 18.7433 (saved best_model.pt)
2026-07-03 11:40:06,187 |   -> New best val loss: 18.6340 (saved best_model.pt)
2026-07-03 11:40:08,564 |   -> New best val loss: 18.5900 (saved best_model.pt)
2026-07-03 11:40:10,728 |   -> New best val loss: 18.5052 (saved best_model.pt)
2026-07-03 11:40:17,590 |   -> New best val loss: 18.4856 (saved best_model.pt)
2026-07-03 11:40:20,008 |   -> New best val loss: 18.3383 (saved best_model.pt)
2026-07-03 11:40:23,764 |   -> New best val loss: 18.2503 (saved best_model.pt)
2026-07-03 11:40:26,143 | Epoch  390/1000 | kl_g0_w=1.00 kl_u_w=1.00 | train=18.6429 (recon=10.8690, kl_g0=4.6148, kl_u=3.1591, cls=0.7037) | val=18.2877 | lr=1.00e-04
2026-07-03 11:40:28,146 |   -> New best val loss: 18.1638 (saved best_model.pt)
2026-07-03 11:40:31,196 |   -> New best val loss: 18.1241 (saved best_model.pt)
2026-07-03 11:40:33,288 |   -> New best val loss: 18.0896 (saved best_model.pt)
2026-07-03 11:40:34,880 |   -> New best val loss: 17.9968 (saved best_model.pt)
2026-07-03 11:40:38,722 |   -> New best val loss: 17.8913 (saved best_model.pt)
2026-07-03 11:40:40,851 |   -> New best val loss: 17.8527 (saved best_model.pt)
2026-07-03 11:40:42,459 |   -> New best val loss: 17.8146 (saved best_model.pt)
2026-07-03 11:40:43,999 | Epoch  400/1000 | kl_g0_w=1.00 kl_u_w=1.00 | train=18.0719 (recon=10.5105, kl_g0=4.4352, kl_u=3.1262, cls=0.7034) | val=17.7636 | lr=1.00e-04
2026-07-03 11:40:44,015 |   -> New best val loss: 17.7636 (saved best_model.pt)
2026-07-03 11:40:45,561 |   -> New best val loss: 17.7406 (saved best_model.pt)
2026-07-03 11:40:47,127 |   -> New best val loss: 17.7156 (saved best_model.pt)
2026-07-03 11:40:48,692 |   -> New best val loss: 17.6255 (saved best_model.pt)
2026-07-03 11:40:50,254 |   -> New best val loss: 17.5132 (saved best_model.pt)
2026-07-03 11:40:52,377 |   -> New best val loss: 17.4667 (saved best_model.pt)
2026-07-03 11:40:54,812 |   -> New best val loss: 17.4061 (saved best_model.pt)
2026-07-03 11:40:57,068 |   -> New best val loss: 17.3599 (saved best_model.pt)
2026-07-03 11:41:01,756 |   -> New best val loss: 17.3113 (saved best_model.pt)
2026-07-03 11:41:03,263 | Epoch  410/1000 | kl_g0_w=1.00 kl_u_w=1.00 | train=17.6363 (recon=10.2755, kl_g0=4.2488, kl_u=3.1120, cls=0.7050) | val=17.3106 | lr=1.00e-04
2026-07-03 11:41:03,280 |   -> New best val loss: 17.3106 (saved best_model.pt)
2026-07-03 11:41:04,794 |   -> New best val loss: 17.1887 (saved best_model.pt)
2026-07-03 11:41:10,308 |   -> New best val loss: 17.1387 (saved best_model.pt)
2026-07-03 11:41:12,192 |   -> New best val loss: 17.0750 (saved best_model.pt)
2026-07-03 11:41:13,819 |   -> New best val loss: 16.9952 (saved best_model.pt)
2026-07-03 11:41:15,408 |   -> New best val loss: 16.9496 (saved best_model.pt)
2026-07-03 11:41:17,584 |   -> New best val loss: 16.8990 (saved best_model.pt)
2026-07-03 11:41:19,482 |   -> New best val loss: 16.8534 (saved best_model.pt)
2026-07-03 11:41:21,668 | Epoch  420/1000 | kl_g0_w=1.00 kl_u_w=1.00 | train=17.1416 (recon=10.0032, kl_g0=4.0506, kl_u=3.0878, cls=0.7044) | val=16.8080 | lr=1.00e-04
2026-07-03 11:41:21,686 |   -> New best val loss: 16.8080 (saved best_model.pt)
2026-07-03 11:41:23,562 |   -> New best val loss: 16.8022 (saved best_model.pt)
2026-07-03 11:41:25,147 |   -> New best val loss: 16.7492 (saved best_model.pt)
2026-07-03 11:41:27,590 |   -> New best val loss: 16.7034 (saved best_model.pt)
2026-07-03 11:41:29,922 |   -> New best val loss: 16.5965 (saved best_model.pt)
2026-07-03 11:41:31,566 |   -> New best val loss: 16.5157 (saved best_model.pt)
2026-07-03 11:41:36,399 |   -> New best val loss: 16.4336 (saved best_model.pt)
2026-07-03 11:41:38,440 |   -> New best val loss: 16.4093 (saved best_model.pt)
2026-07-03 11:41:40,026 |   -> New best val loss: 16.3686 (saved best_model.pt)
2026-07-03 11:41:41,673 | Epoch  430/1000 | kl_g0_w=1.00 kl_u_w=1.00 | train=16.6586 (recon=9.7896, kl_g0=3.7942, kl_u=3.0748, cls=0.7055) | val=16.3520 | lr=1.00e-04
2026-07-03 11:41:41,703 |   -> New best val loss: 16.3520 (saved best_model.pt)
2026-07-03 11:41:44,126 |   -> New best val loss: 16.2598 (saved best_model.pt)
2026-07-03 11:41:46,279 |   -> New best val loss: 16.2080 (saved best_model.pt)
2026-07-03 11:41:48,055 |   -> New best val loss: 16.1925 (saved best_model.pt)
2026-07-03 11:41:52,544 |   -> New best val loss: 16.1046 (saved best_model.pt)
2026-07-03 11:41:54,293 |   -> New best val loss: 16.0322 (saved best_model.pt)
2026-07-03 11:41:55,903 |   -> New best val loss: 16.0085 (saved best_model.pt)
2026-07-03 11:41:57,482 |   -> New best val loss: 15.9258 (saved best_model.pt)
2026-07-03 11:41:59,474 |   -> New best val loss: 15.8962 (saved best_model.pt)
2026-07-03 11:42:01,666 | Epoch  440/1000 | kl_g0_w=1.00 kl_u_w=1.00 | train=16.1966 (recon=9.5967, kl_g0=3.5450, kl_u=3.0549, cls=0.7057) | val=15.8432 | lr=1.00e-04
2026-07-03 11:42:01,683 |   -> New best val loss: 15.8432 (saved best_model.pt)
2026-07-03 11:42:03,804 |   -> New best val loss: 15.8295 (saved best_model.pt)
2026-07-03 11:42:08,034 |   -> New best val loss: 15.7793 (saved best_model.pt)
2026-07-03 11:42:09,955 |   -> New best val loss: 15.6828 (saved best_model.pt)
2026-07-03 11:42:12,083 |   -> New best val loss: 15.6374 (saved best_model.pt)
2026-07-03 11:42:13,681 |   -> New best val loss: 15.5386 (saved best_model.pt)
2026-07-03 11:42:16,742 |   -> New best val loss: 15.4898 (saved best_model.pt)
2026-07-03 11:42:18,296 |   -> New best val loss: 15.4541 (saved best_model.pt)
2026-07-03 11:42:20,171 | Epoch  450/1000 | kl_g0_w=1.00 kl_u_w=1.00 | train=15.7392 (recon=9.3781, kl_g0=3.3435, kl_u=3.0175, cls=0.7075) | val=15.4096 | lr=1.00e-04
2026-07-03 11:42:20,189 |   -> New best val loss: 15.4096 (saved best_model.pt)
2026-07-03 11:42:21,765 |   -> New best val loss: 15.3803 (saved best_model.pt)
2026-07-03 11:42:23,552 |   -> New best val loss: 15.3414 (saved best_model.pt)
2026-07-03 11:42:25,425 |   -> New best val loss: 15.3014 (saved best_model.pt)
2026-07-03 11:42:27,553 |   -> New best val loss: 15.2509 (saved best_model.pt)
2026-07-03 11:42:29,583 |   -> New best val loss: 15.2037 (saved best_model.pt)
2026-07-03 11:42:31,172 |   -> New best val loss: 15.1241 (saved best_model.pt)
2026-07-03 11:42:32,970 |   -> New best val loss: 15.0769 (saved best_model.pt)
2026-07-03 11:42:35,065 |   -> New best val loss: 15.0440 (saved best_model.pt)
2026-07-03 11:42:36,987 |   -> New best val loss: 14.9664 (saved best_model.pt)
2026-07-03 11:42:38,970 | Epoch  460/1000 | kl_g0_w=1.00 kl_u_w=1.00 | train=15.2490 (recon=9.2145, kl_g0=3.0407, kl_u=2.9938, cls=0.7072) | val=14.9068 | lr=1.00e-04
2026-07-03 11:42:38,986 |   -> New best val loss: 14.9068 (saved best_model.pt)
2026-07-03 11:42:40,869 |   -> New best val loss: 14.9016 (saved best_model.pt)
2026-07-03 11:42:42,628 |   -> New best val loss: 14.8903 (saved best_model.pt)
2026-07-03 11:42:44,858 |   -> New best val loss: 14.7958 (saved best_model.pt)
2026-07-03 11:42:47,040 |   -> New best val loss: 14.7438 (saved best_model.pt)
2026-07-03 11:42:49,380 |   -> New best val loss: 14.6129 (saved best_model.pt)
2026-07-03 11:42:51,900 |   -> New best val loss: 14.5913 (saved best_model.pt)
2026-07-03 11:42:57,832 |   -> New best val loss: 14.4973 (saved best_model.pt)
2026-07-03 11:42:59,871 | Epoch  470/1000 | kl_g0_w=1.00 kl_u_w=1.00 | train=14.7567 (recon=9.0233, kl_g0=2.7565, kl_u=2.9769, cls=0.7088) | val=14.4165 | lr=1.00e-04
2026-07-03 11:42:59,888 |   -> New best val loss: 14.4165 (saved best_model.pt)
2026-07-03 11:43:02,123 |   -> New best val loss: 14.3834 (saved best_model.pt)
2026-07-03 11:43:06,807 |   -> New best val loss: 14.3767 (saved best_model.pt)
2026-07-03 11:43:08,547 |   -> New best val loss: 14.2785 (saved best_model.pt)
2026-07-03 11:43:10,885 |   -> New best val loss: 14.2080 (saved best_model.pt)
2026-07-03 11:43:12,665 |   -> New best val loss: 14.1488 (saved best_model.pt)
2026-07-03 11:43:16,952 |   -> New best val loss: 14.1252 (saved best_model.pt)
2026-07-03 11:43:18,792 |   -> New best val loss: 14.0518 (saved best_model.pt)
2026-07-03 11:43:20,928 | Epoch  480/1000 | kl_g0_w=1.00 kl_u_w=1.00 | train=14.3358 (recon=8.8952, kl_g0=2.4891, kl_u=2.9515, cls=0.7110) | val=13.9715 | lr=1.00e-04
2026-07-03 11:43:20,958 |   -> New best val loss: 13.9715 (saved best_model.pt)
2026-07-03 11:43:22,671 |   -> New best val loss: 13.9385 (saved best_model.pt)
2026-07-03 11:43:24,952 |   -> New best val loss: 13.8689 (saved best_model.pt)
2026-07-03 11:43:26,854 |   -> New best val loss: 13.8368 (saved best_model.pt)
2026-07-03 11:43:28,770 |   -> New best val loss: 13.7973 (saved best_model.pt)
2026-07-03 11:43:30,634 |   -> New best val loss: 13.7440 (saved best_model.pt)
2026-07-03 11:43:32,600 |   -> New best val loss: 13.7013 (saved best_model.pt)
2026-07-03 11:43:35,001 |   -> New best val loss: 13.6209 (saved best_model.pt)
2026-07-03 11:43:36,784 |   -> New best val loss: 13.5771 (saved best_model.pt)
2026-07-03 11:43:41,157 | Epoch  490/1000 | kl_g0_w=1.00 kl_u_w=1.00 | train=13.8770 (recon=8.7230, kl_g0=2.2261, kl_u=2.9280, cls=0.7132) | val=13.5279 | lr=1.00e-04
2026-07-03 11:43:41,185 |   -> New best val loss: 13.5279 (saved best_model.pt)
2026-07-03 11:43:43,342 |   -> New best val loss: 13.4422 (saved best_model.pt)
2026-07-03 11:43:45,877 |   -> New best val loss: 13.4041 (saved best_model.pt)
2026-07-03 11:43:49,871 |   -> New best val loss: 13.3597 (saved best_model.pt)
2026-07-03 11:43:52,044 |   -> New best val loss: 13.2945 (saved best_model.pt)
2026-07-03 11:43:53,839 |   -> New best val loss: 13.2059 (saved best_model.pt)
2026-07-03 11:43:56,030 |   -> New best val loss: 13.1038 (saved best_model.pt)
2026-07-03 11:43:58,137 |   -> New best val loss: 13.0865 (saved best_model.pt)
2026-07-03 11:44:02,792 | Epoch  500/1000 | kl_g0_w=1.00 kl_u_w=1.00 | train=13.3609 (recon=8.5177, kl_g0=1.9304, kl_u=2.9129, cls=0.7143) | val=13.0765 | lr=1.00e-04
2026-07-03 11:44:02,821 |   -> New best val loss: 13.0765 (saved best_model.pt)
2026-07-03 11:44:04,369 |   -> New best val loss: 13.0269 (saved best_model.pt)
2026-07-03 11:44:05,964 |   -> New best val loss: 12.9483 (saved best_model.pt)
2026-07-03 11:44:08,431 |   -> New best val loss: 12.9333 (saved best_model.pt)
2026-07-03 11:44:10,895 |   -> New best val loss: 12.8915 (saved best_model.pt)
2026-07-03 11:44:13,188 |   -> New best val loss: 12.8345 (saved best_model.pt)
2026-07-03 11:44:17,072 |   -> New best val loss: 12.7662 (saved best_model.pt)
2026-07-03 11:44:19,392 |   -> New best val loss: 12.7442 (saved best_model.pt)
2026-07-03 11:44:21,255 |   -> New best val loss: 12.6693 (saved best_model.pt)
2026-07-03 11:44:23,180 | Epoch  510/1000 | kl_g0_w=1.00 kl_u_w=1.00 | train=12.9806 (recon=8.3951, kl_g0=1.6840, kl_u=2.9015, cls=0.7172) | val=12.6405 | lr=1.00e-04
2026-07-03 11:44:23,208 |   -> New best val loss: 12.6405 (saved best_model.pt)
2026-07-03 11:44:25,389 |   -> New best val loss: 12.6174 (saved best_model.pt)
2026-07-03 11:44:27,379 |   -> New best val loss: 12.5309 (saved best_model.pt)
2026-07-03 11:44:29,816 |   -> New best val loss: 12.5099 (saved best_model.pt)
2026-07-03 11:44:31,629 |   -> New best val loss: 12.4553 (saved best_model.pt)
2026-07-03 11:44:35,614 |   -> New best val loss: 12.4004 (saved best_model.pt)
2026-07-03 11:44:38,003 |   -> New best val loss: 12.3773 (saved best_model.pt)
2026-07-03 11:44:40,237 |   -> New best val loss: 12.3157 (saved best_model.pt)
2026-07-03 11:44:42,097 |   -> New best val loss: 12.2965 (saved best_model.pt)
2026-07-03 11:44:43,626 | Epoch  520/1000 | kl_g0_w=1.00 kl_u_w=1.00 | train=12.5650 (recon=8.2373, kl_g0=1.4501, kl_u=2.8776, cls=0.7186) | val=12.2407 | lr=1.00e-04
2026-07-03 11:44:43,641 |   -> New best val loss: 12.2407 (saved best_model.pt)
2026-07-03 11:44:45,392 |   -> New best val loss: 12.2386 (saved best_model.pt)
2026-07-03 11:44:47,324 |   -> New best val loss: 12.2004 (saved best_model.pt)
2026-07-03 11:44:48,856 |   -> New best val loss: 12.1475 (saved best_model.pt)
2026-07-03 11:44:50,488 |   -> New best val loss: 12.1116 (saved best_model.pt)
2026-07-03 11:44:52,213 |   -> New best val loss: 12.0506 (saved best_model.pt)
2026-07-03 11:44:53,832 |   -> New best val loss: 12.0015 (saved best_model.pt)
2026-07-03 11:44:55,711 |   -> New best val loss: 11.9951 (saved best_model.pt)
2026-07-03 11:44:57,445 |   -> New best val loss: 11.9454 (saved best_model.pt)
2026-07-03 11:44:59,031 |   -> New best val loss: 11.9418 (saved best_model.pt)
2026-07-03 11:45:01,387 | Epoch  530/1000 | kl_g0_w=1.00 kl_u_w=1.00 | train=12.1816 (recon=8.0613, kl_g0=1.2339, kl_u=2.8864, cls=0.7213) | val=11.9022 | lr=1.00e-04
2026-07-03 11:45:01,416 |   -> New best val loss: 11.9022 (saved best_model.pt)
2026-07-03 11:45:02,955 |   -> New best val loss: 11.8605 (saved best_model.pt)
2026-07-03 11:45:05,344 |   -> New best val loss: 11.8134 (saved best_model.pt)
2026-07-03 11:45:07,882 |   -> New best val loss: 11.7953 (saved best_model.pt)
2026-07-03 11:45:09,799 |   -> New best val loss: 11.7643 (saved best_model.pt)
2026-07-03 11:45:11,884 |   -> New best val loss: 11.7404 (saved best_model.pt)
2026-07-03 11:45:13,550 |   -> New best val loss: 11.6785 (saved best_model.pt)
2026-07-03 11:45:15,084 |   -> New best val loss: 11.6505 (saved best_model.pt)
2026-07-03 11:45:16,651 |   -> New best val loss: 11.5954 (saved best_model.pt)
2026-07-03 11:45:20,170 | Epoch  540/1000 | kl_g0_w=1.00 kl_u_w=1.00 | train=11.8342 (recon=7.9099, kl_g0=1.0526, kl_u=2.8717, cls=0.7245) | val=11.5778 | lr=1.00e-04
2026-07-03 11:45:20,186 |   -> New best val loss: 11.5778 (saved best_model.pt)
2026-07-03 11:45:21,882 |   -> New best val loss: 11.5652 (saved best_model.pt)
2026-07-03 11:45:23,868 |   -> New best val loss: 11.5212 (saved best_model.pt)
2026-07-03 11:45:26,338 |   -> New best val loss: 11.5026 (saved best_model.pt)
2026-07-03 11:45:28,881 |   -> New best val loss: 11.4582 (saved best_model.pt)
2026-07-03 11:45:30,632 |   -> New best val loss: 11.4456 (saved best_model.pt)
2026-07-03 11:45:32,640 |   -> New best val loss: 11.4234 (saved best_model.pt)
2026-07-03 11:45:34,479 |   -> New best val loss: 11.4120 (saved best_model.pt)
2026-07-03 11:45:37,069 |   -> New best val loss: 11.3678 (saved best_model.pt)
2026-07-03 11:45:38,716 |   -> New best val loss: 11.3267 (saved best_model.pt)
2026-07-03 11:45:40,340 | Epoch  550/1000 | kl_g0_w=1.00 kl_u_w=1.00 | train=11.5122 (recon=7.7654, kl_g0=0.8895, kl_u=2.8573, cls=0.7266) | val=11.3136 | lr=1.00e-04
2026-07-03 11:45:40,359 |   -> New best val loss: 11.3136 (saved best_model.pt)
2026-07-03 11:45:42,242 |   -> New best val loss: 11.2934 (saved best_model.pt)
2026-07-03 11:45:43,930 |   -> New best val loss: 11.2662 (saved best_model.pt)
2026-07-03 11:45:45,855 |   -> New best val loss: 11.2383 (saved best_model.pt)
2026-07-03 11:45:47,728 |   -> New best val loss: 11.2130 (saved best_model.pt)
2026-07-03 11:45:49,322 |   -> New best val loss: 11.1864 (saved best_model.pt)
2026-07-03 11:45:51,576 |   -> New best val loss: 11.1567 (saved best_model.pt)
2026-07-03 11:45:53,773 |   -> New best val loss: 11.1196 (saved best_model.pt)
2026-07-03 11:45:55,751 |   -> New best val loss: 11.1066 (saved best_model.pt)
2026-07-03 11:45:57,511 |   -> New best val loss: 11.0983 (saved best_model.pt)
2026-07-03 11:46:00,049 | Epoch  560/1000 | kl_g0_w=1.00 kl_u_w=1.00 | train=11.2467 (recon=7.6218, kl_g0=0.7575, kl_u=2.8675, cls=0.7292) | val=11.0774 | lr=1.00e-04
2026-07-03 11:46:00,077 |   -> New best val loss: 11.0774 (saved best_model.pt)
2026-07-03 11:46:02,640 |   -> New best val loss: 11.0304 (saved best_model.pt)
2026-07-03 11:46:05,191 |   -> New best val loss: 11.0142 (saved best_model.pt)
2026-07-03 11:46:07,295 |   -> New best val loss: 11.0011 (saved best_model.pt)
2026-07-03 11:46:09,016 |   -> New best val loss: 10.9903 (saved best_model.pt)
2026-07-03 11:46:10,681 |   -> New best val loss: 10.9575 (saved best_model.pt)
2026-07-03 11:46:12,808 |   -> New best val loss: 10.9363 (saved best_model.pt)
2026-07-03 11:46:15,105 |   -> New best val loss: 10.9221 (saved best_model.pt)
2026-07-03 11:46:17,326 |   -> New best val loss: 10.9045 (saved best_model.pt)
2026-07-03 11:46:19,664 |   -> New best val loss: 10.8780 (saved best_model.pt)
2026-07-03 11:46:21,227 | Epoch  570/1000 | kl_g0_w=1.00 kl_u_w=1.00 | train=11.0435 (recon=7.5350, kl_g0=0.6476, kl_u=2.8609, cls=0.7324) | val=10.8641 | lr=1.00e-04
2026-07-03 11:46:21,245 |   -> New best val loss: 10.8641 (saved best_model.pt)
2026-07-03 11:46:23,034 |   -> New best val loss: 10.8508 (saved best_model.pt)
2026-07-03 11:46:24,833 |   -> New best val loss: 10.8420 (saved best_model.pt)
2026-07-03 11:46:26,399 |   -> New best val loss: 10.8238 (saved best_model.pt)
2026-07-03 11:46:28,412 |   -> New best val loss: 10.7891 (saved best_model.pt)
2026-07-03 11:46:30,074 |   -> New best val loss: 10.7635 (saved best_model.pt)
2026-07-03 11:46:32,115 |   -> New best val loss: 10.7611 (saved best_model.pt)
2026-07-03 11:46:34,192 |   -> New best val loss: 10.7442 (saved best_model.pt)
2026-07-03 11:46:36,131 |   -> New best val loss: 10.7258 (saved best_model.pt)
2026-07-03 11:46:37,845 |   -> New best val loss: 10.7004 (saved best_model.pt)
2026-07-03 11:46:39,645 | Epoch  580/1000 | kl_g0_w=1.00 kl_u_w=1.00 | train=10.7808 (recon=7.3769, kl_g0=0.5558, kl_u=2.8481, cls=0.7355) | val=10.6886 | lr=1.00e-04
2026-07-03 11:46:39,662 |   -> New best val loss: 10.6886 (saved best_model.pt)
2026-07-03 11:46:41,445 |   -> New best val loss: 10.6505 (saved best_model.pt)
2026-07-03 11:46:43,404 |   -> New best val loss: 10.6322 (saved best_model.pt)
2026-07-03 11:46:45,336 |   -> New best val loss: 10.6309 (saved best_model.pt)
2026-07-03 11:46:47,303 |   -> New best val loss: 10.6254 (saved best_model.pt)
2026-07-03 11:46:49,551 |   -> New best val loss: 10.6111 (saved best_model.pt)
2026-07-03 11:46:51,839 |   -> New best val loss: 10.5973 (saved best_model.pt)
2026-07-03 11:46:53,606 |   -> New best val loss: 10.5822 (saved best_model.pt)
2026-07-03 11:46:55,349 |   -> New best val loss: 10.5684 (saved best_model.pt)
2026-07-03 11:46:57,097 |   -> New best val loss: 10.5577 (saved best_model.pt)
2026-07-03 11:46:59,033 | Epoch  590/1000 | kl_g0_w=1.00 kl_u_w=1.00 | train=10.4910 (recon=7.1778, kl_g0=0.4806, kl_u=2.8326, cls=0.7368) | val=10.5326 | lr=1.00e-04
2026-07-03 11:46:59,050 |   -> New best val loss: 10.5326 (saved best_model.pt)
2026-07-03 11:47:02,980 |   -> New best val loss: 10.5139 (saved best_model.pt)
2026-07-03 11:47:06,876 |   -> New best val loss: 10.4913 (saved best_model.pt)
2026-07-03 11:47:09,423 |   -> New best val loss: 10.4874 (saved best_model.pt)
2026-07-03 11:47:11,236 |   -> New best val loss: 10.4548 (saved best_model.pt)
2026-07-03 11:47:12,835 |   -> New best val loss: 10.4519 (saved best_model.pt)
2026-07-03 11:47:14,731 |   -> New best val loss: 10.4320 (saved best_model.pt)
2026-07-03 11:47:18,535 | Epoch  600/1000 | kl_g0_w=1.00 kl_u_w=1.00 | train=10.4037 (recon=7.1462, kl_g0=0.4249, kl_u=2.8327, cls=0.7392) | val=10.4080 | lr=1.00e-04
2026-07-03 11:47:18,564 |   -> New best val loss: 10.4080 (saved best_model.pt)
2026-07-03 11:47:20,762 |   -> New best val loss: 10.3997 (saved best_model.pt)
2026-07-03 11:47:23,261 |   -> New best val loss: 10.3700 (saved best_model.pt)
2026-07-03 11:47:27,977 |   -> New best val loss: 10.3636 (saved best_model.pt)
2026-07-03 11:47:30,090 |   -> New best val loss: 10.3586 (saved best_model.pt)
2026-07-03 11:47:32,254 |   -> New best val loss: 10.3126 (saved best_model.pt)
2026-07-03 11:47:34,208 |   -> New best val loss: 10.3066 (saved best_model.pt)
2026-07-03 11:47:40,982 | Epoch  610/1000 | kl_g0_w=1.00 kl_u_w=1.00 | train=10.2302 (recon=7.0306, kl_g0=0.3704, kl_u=2.8293, cls=0.7412) | val=10.2901 | lr=1.00e-04
2026-07-03 11:47:41,007 |   -> New best val loss: 10.2901 (saved best_model.pt)
2026-07-03 11:47:43,411 |   -> New best val loss: 10.2870 (saved best_model.pt)
2026-07-03 11:47:45,739 |   -> New best val loss: 10.2681 (saved best_model.pt)
2026-07-03 11:47:50,355 |   -> New best val loss: 10.2610 (saved best_model.pt)
2026-07-03 11:47:52,696 |   -> New best val loss: 10.2400 (saved best_model.pt)
2026-07-03 11:47:55,051 |   -> New best val loss: 10.2273 (saved best_model.pt)
2026-07-03 11:47:56,890 |   -> New best val loss: 10.2197 (saved best_model.pt)
2026-07-03 11:48:00,735 |   -> New best val loss: 10.2124 (saved best_model.pt)
2026-07-03 11:48:02,527 | Epoch  620/1000 | kl_g0_w=1.00 kl_u_w=1.00 | train=10.0606 (recon=6.9000, kl_g0=0.3295, kl_u=2.8311, cls=0.7422) | val=10.1917 | lr=1.00e-04
2026-07-03 11:48:02,555 |   -> New best val loss: 10.1917 (saved best_model.pt)
2026-07-03 11:48:04,543 |   -> New best val loss: 10.1670 (saved best_model.pt)
2026-07-03 11:48:09,232 |   -> New best val loss: 10.1613 (saved best_model.pt)
2026-07-03 11:48:10,787 |   -> New best val loss: 10.1285 (saved best_model.pt)
2026-07-03 11:48:12,593 |   -> New best val loss: 10.1186 (saved best_model.pt)
2026-07-03 11:48:16,100 |   -> New best val loss: 10.1009 (saved best_model.pt)
2026-07-03 11:48:19,442 | Epoch  630/1000 | kl_g0_w=1.00 kl_u_w=1.00 | train=9.9170 (recon=6.7963, kl_g0=0.2925, kl_u=2.8282, cls=0.7438) | val=10.0787 | lr=1.00e-04
2026-07-03 11:48:19,468 |   -> New best val loss: 10.0787 (saved best_model.pt)
2026-07-03 11:48:27,081 |   -> New best val loss: 10.0594 (saved best_model.pt)
2026-07-03 11:48:31,013 |   -> New best val loss: 10.0344 (saved best_model.pt)
2026-07-03 11:48:35,177 |   -> New best val loss: 10.0273 (saved best_model.pt)
2026-07-03 11:48:39,543 | Epoch  640/1000 | kl_g0_w=1.00 kl_u_w=1.00 | train=9.8510 (recon=6.7534, kl_g0=0.2654, kl_u=2.8323, cls=0.7456) | val=10.0156 | lr=1.00e-04
2026-07-03 11:48:39,558 |   -> New best val loss: 10.0156 (saved best_model.pt)
2026-07-03 11:48:44,050 |   -> New best val loss: 9.9775 (saved best_model.pt)
2026-07-03 11:48:48,585 |   -> New best val loss: 9.9692 (saved best_model.pt)
2026-07-03 11:48:52,634 |   -> New best val loss: 9.9664 (saved best_model.pt)
2026-07-03 11:48:54,742 |   -> New best val loss: 9.9601 (saved best_model.pt)
2026-07-03 11:48:56,569 |   -> New best val loss: 9.9434 (saved best_model.pt)
2026-07-03 11:48:58,285 |   -> New best val loss: 9.9289 (saved best_model.pt)
2026-07-03 11:49:00,219 | Epoch  650/1000 | kl_g0_w=1.00 kl_u_w=1.00 | train=9.7360 (recon=6.6771, kl_g0=0.2346, kl_u=2.8243, cls=0.7458) | val=9.9307 | lr=1.00e-04
2026-07-03 11:49:02,775 |   -> New best val loss: 9.8963 (saved best_model.pt)
2026-07-03 11:49:04,929 |   -> New best val loss: 9.8884 (saved best_model.pt)
2026-07-03 11:49:12,897 |   -> New best val loss: 9.8729 (saved best_model.pt)
2026-07-03 11:49:14,552 |   -> New best val loss: 9.8718 (saved best_model.pt)
2026-07-03 11:49:17,106 |   -> New best val loss: 9.8613 (saved best_model.pt)
2026-07-03 11:49:19,203 |   -> New best val loss: 9.8504 (saved best_model.pt)
2026-07-03 11:49:20,733 | Epoch  660/1000 | kl_g0_w=1.00 kl_u_w=1.00 | train=9.6450 (recon=6.6090, kl_g0=0.2132, kl_u=2.8227, cls=0.7481) | val=9.8602 | lr=1.00e-04
2026-07-03 11:49:23,098 |   -> New best val loss: 9.8435 (saved best_model.pt)
2026-07-03 11:49:27,652 |   -> New best val loss: 9.8182 (saved best_model.pt)
2026-07-03 11:49:29,243 |   -> New best val loss: 9.8150 (saved best_model.pt)
2026-07-03 11:49:30,953 |   -> New best val loss: 9.8050 (saved best_model.pt)
2026-07-03 11:49:33,291 |   -> New best val loss: 9.7947 (saved best_model.pt)
2026-07-03 11:49:35,487 |   -> New best val loss: 9.7845 (saved best_model.pt)
2026-07-03 11:49:40,207 | Epoch  670/1000 | kl_g0_w=1.00 kl_u_w=1.00 | train=9.5479 (recon=6.5309, kl_g0=0.1962, kl_u=2.8208, cls=0.7488) | val=9.7738 | lr=1.00e-04
2026-07-03 11:49:40,224 |   -> New best val loss: 9.7738 (saved best_model.pt)
2026-07-03 11:49:42,108 |   -> New best val loss: 9.7713 (saved best_model.pt)
2026-07-03 11:49:43,733 |   -> New best val loss: 9.7559 (saved best_model.pt)
2026-07-03 11:49:48,561 |   -> New best val loss: 9.7516 (saved best_model.pt)
2026-07-03 11:49:51,161 |   -> New best val loss: 9.7492 (saved best_model.pt)
2026-07-03 11:49:53,707 |   -> New best val loss: 9.7263 (saved best_model.pt)
2026-07-03 11:50:00,993 |   -> New best val loss: 9.7083 (saved best_model.pt)
2026-07-03 11:50:03,039 | Epoch  680/1000 | kl_g0_w=1.00 kl_u_w=1.00 | train=9.4690 (recon=6.4761, kl_g0=0.1762, kl_u=2.8167, cls=0.7478) | val=9.6846 | lr=1.00e-04
2026-07-03 11:50:03,057 |   -> New best val loss: 9.6846 (saved best_model.pt)
2026-07-03 11:50:12,475 |   -> New best val loss: 9.6576 (saved best_model.pt)
2026-07-03 11:50:20,875 |   -> New best val loss: 9.6554 (saved best_model.pt)
2026-07-03 11:50:25,709 | Epoch  690/1000 | kl_g0_w=1.00 kl_u_w=1.00 | train=9.4079 (recon=6.4348, kl_g0=0.1637, kl_u=2.8093, cls=0.7480) | val=9.6358 | lr=1.00e-04
2026-07-03 11:50:25,735 |   -> New best val loss: 9.6358 (saved best_model.pt)
2026-07-03 11:50:32,897 |   -> New best val loss: 9.6260 (saved best_model.pt)
2026-07-03 11:50:34,642 |   -> New best val loss: 9.6237 (saved best_model.pt)
2026-07-03 11:50:36,660 |   -> New best val loss: 9.6178 (saved best_model.pt)
2026-07-03 11:50:38,542 |   -> New best val loss: 9.6101 (saved best_model.pt)
2026-07-03 11:50:40,207 |   -> New best val loss: 9.6082 (saved best_model.pt)
2026-07-03 11:50:42,464 |   -> New best val loss: 9.6061 (saved best_model.pt)
2026-07-03 11:50:44,675 |   -> New best val loss: 9.5922 (saved best_model.pt)
2026-07-03 11:50:47,229 | Epoch  700/1000 | kl_g0_w=1.00 kl_u_w=1.00 | train=9.3412 (recon=6.3795, kl_g0=0.1481, kl_u=2.8136, cls=0.7491) | val=9.5749 | lr=1.00e-04
2026-07-03 11:50:47,258 |   -> New best val loss: 9.5749 (saved best_model.pt)
2026-07-03 11:50:53,552 |   -> New best val loss: 9.5686 (saved best_model.pt)
2026-07-03 11:50:57,708 |   -> New best val loss: 9.5517 (saved best_model.pt)
2026-07-03 11:51:01,010 |   -> New best val loss: 9.5350 (saved best_model.pt)
2026-07-03 11:51:06,035 |   -> New best val loss: 9.5232 (saved best_model.pt)
2026-07-03 11:51:08,192 | Epoch  710/1000 | kl_g0_w=1.00 kl_u_w=1.00 | train=9.3044 (recon=6.3497, kl_g0=0.1390, kl_u=2.8157, cls=0.7501) | val=9.5517 | lr=1.00e-04
2026-07-03 11:51:10,243 |   -> New best val loss: 9.5181 (saved best_model.pt)
2026-07-03 11:51:14,409 |   -> New best val loss: 9.5085 (saved best_model.pt)
2026-07-03 11:51:18,476 |   -> New best val loss: 9.4953 (saved best_model.pt)
2026-07-03 11:51:26,646 |   -> New best val loss: 9.4791 (saved best_model.pt)
2026-07-03 11:51:28,994 | Epoch  720/1000 | kl_g0_w=1.00 kl_u_w=1.00 | train=9.2040 (recon=6.2507, kl_g0=0.1327, kl_u=2.8206, cls=0.7484) | val=9.4868 | lr=1.00e-04
2026-07-03 11:51:30,752 |   -> New best val loss: 9.4569 (saved best_model.pt)
2026-07-03 11:51:34,765 |   -> New best val loss: 9.4550 (saved best_model.pt)
2026-07-03 11:51:37,377 |   -> New best val loss: 9.4506 (saved best_model.pt)
2026-07-03 11:51:38,954 |   -> New best val loss: 9.4352 (saved best_model.pt)
2026-07-03 11:51:48,352 | Epoch  730/1000 | kl_g0_w=1.00 kl_u_w=1.00 | train=9.1477 (recon=6.2057, kl_g0=0.1242, kl_u=2.8178, cls=0.7483) | val=9.4275 | lr=1.00e-04
2026-07-03 11:51:48,383 |   -> New best val loss: 9.4275 (saved best_model.pt)
2026-07-03 11:51:50,158 |   -> New best val loss: 9.4050 (saved best_model.pt)
2026-07-03 11:51:58,700 |   -> New best val loss: 9.3881 (saved best_model.pt)
2026-07-03 11:52:04,803 |   -> New best val loss: 9.3872 (saved best_model.pt)
2026-07-03 11:52:08,727 | Epoch  740/1000 | kl_g0_w=1.00 kl_u_w=1.00 | train=9.0762 (recon=6.1362, kl_g0=0.1179, kl_u=2.8222, cls=0.7492) | val=9.3712 | lr=1.00e-04
2026-07-03 11:52:08,756 |   -> New best val loss: 9.3712 (saved best_model.pt)
2026-07-03 11:52:11,347 |   -> New best val loss: 9.3645 (saved best_model.pt)
2026-07-03 11:52:13,360 |   -> New best val loss: 9.3427 (saved best_model.pt)
2026-07-03 11:52:22,124 |   -> New best val loss: 9.3305 (saved best_model.pt)
2026-07-03 11:52:30,385 | Epoch  750/1000 | kl_g0_w=1.00 kl_u_w=1.00 | train=9.0251 (recon=6.0881, kl_g0=0.1113, kl_u=2.8257, cls=0.7481) | val=9.3073 | lr=1.00e-04
2026-07-03 11:52:30,401 |   -> New best val loss: 9.3073 (saved best_model.pt)
2026-07-03 11:52:34,870 |   -> New best val loss: 9.2958 (saved best_model.pt)
2026-07-03 11:52:39,962 |   -> New best val loss: 9.2847 (saved best_model.pt)
2026-07-03 11:52:44,598 |   -> New best val loss: 9.2589 (saved best_model.pt)
2026-07-03 11:52:54,467 | Epoch  760/1000 | kl_g0_w=1.00 kl_u_w=1.00 | train=8.9524 (recon=6.0170, kl_g0=0.1059, kl_u=2.8295, cls=0.7484) | val=9.2651 | lr=1.00e-04
2026-07-03 11:53:03,935 |   -> New best val loss: 9.2369 (saved best_model.pt)
2026-07-03 11:53:06,157 |   -> New best val loss: 9.2293 (saved best_model.pt)
2026-07-03 11:53:15,086 |   -> New best val loss: 9.2096 (saved best_model.pt)
2026-07-03 11:53:16,875 | Epoch  770/1000 | kl_g0_w=1.00 kl_u_w=1.00 | train=8.9143 (recon=5.9938, kl_g0=0.0999, kl_u=2.8207, cls=0.7490) | val=9.2156 | lr=1.00e-04
2026-07-03 11:53:22,638 |   -> New best val loss: 9.2054 (saved best_model.pt)
2026-07-03 11:53:24,214 |   -> New best val loss: 9.2010 (saved best_model.pt)
2026-07-03 11:53:26,179 |   -> New best val loss: 9.1910 (saved best_model.pt)
2026-07-03 11:53:31,049 |   -> New best val loss: 9.1894 (saved best_model.pt)
2026-07-03 11:53:33,002 |   -> New best val loss: 9.1747 (saved best_model.pt)
2026-07-03 11:53:37,838 | Epoch  780/1000 | kl_g0_w=1.00 kl_u_w=1.00 | train=8.8561 (recon=5.9292, kl_g0=0.0978, kl_u=2.8291, cls=0.7496) | val=9.1704 | lr=1.00e-04
2026-07-03 11:53:37,870 |   -> New best val loss: 9.1704 (saved best_model.pt)
2026-07-03 11:53:41,168 |   -> New best val loss: 9.1693 (saved best_model.pt)
2026-07-03 11:53:45,537 |   -> New best val loss: 9.1505 (saved best_model.pt)
2026-07-03 11:53:49,650 |   -> New best val loss: 9.1412 (saved best_model.pt)
2026-07-03 11:53:51,740 |   -> New best val loss: 9.1315 (saved best_model.pt)
2026-07-03 11:53:55,963 |   -> New best val loss: 9.1299 (saved best_model.pt)
2026-07-03 11:53:57,674 | Epoch  790/1000 | kl_g0_w=1.00 kl_u_w=1.00 | train=8.8246 (recon=5.9062, kl_g0=0.0926, kl_u=2.8258, cls=0.7506) | val=9.1412 | lr=1.00e-04
2026-07-03 11:54:00,090 |   -> New best val loss: 9.1223 (saved best_model.pt)
2026-07-03 11:54:04,603 |   -> New best val loss: 9.1059 (saved best_model.pt)
2026-07-03 11:54:09,362 |   -> New best val loss: 9.1015 (saved best_model.pt)
2026-07-03 11:54:14,154 |   -> New best val loss: 9.0892 (saved best_model.pt)
2026-07-03 11:54:19,030 |   -> New best val loss: 9.0865 (saved best_model.pt)
2026-07-03 11:54:20,794 | Epoch  800/1000 | kl_g0_w=1.00 kl_u_w=1.00 | train=8.7813 (recon=5.8641, kl_g0=0.0880, kl_u=2.8292, cls=0.7497) | val=9.0755 | lr=1.00e-04
2026-07-03 11:54:20,813 |   -> New best val loss: 9.0755 (saved best_model.pt)
2026-07-03 11:54:22,416 |   -> New best val loss: 9.0723 (saved best_model.pt)
2026-07-03 11:54:24,791 |   -> New best val loss: 9.0713 (saved best_model.pt)
2026-07-03 11:54:26,842 |   -> New best val loss: 9.0580 (saved best_model.pt)
2026-07-03 11:54:30,166 |   -> New best val loss: 9.0486 (saved best_model.pt)
2026-07-03 11:54:36,412 |   -> New best val loss: 9.0443 (saved best_model.pt)
2026-07-03 11:54:41,239 | Epoch  810/1000 | kl_g0_w=1.00 kl_u_w=1.00 | train=8.7542 (recon=5.8378, kl_g0=0.0858, kl_u=2.8306, cls=0.7495) | val=9.0224 | lr=1.00e-04
2026-07-03 11:54:41,270 |   -> New best val loss: 9.0224 (saved best_model.pt)
2026-07-03 11:54:45,262 |   -> New best val loss: 9.0174 (saved best_model.pt)
2026-07-03 11:54:48,649 |   -> New best val loss: 9.0096 (saved best_model.pt)
2026-07-03 11:54:52,816 |   -> New best val loss: 8.9935 (saved best_model.pt)
2026-07-03 11:55:01,168 | Epoch  820/1000 | kl_g0_w=1.00 kl_u_w=1.00 | train=8.6593 (recon=5.7486, kl_g0=0.0831, kl_u=2.8276, cls=0.7505) | val=8.9839 | lr=1.00e-04
2026-07-03 11:55:01,184 |   -> New best val loss: 8.9839 (saved best_model.pt)
2026-07-03 11:55:05,702 |   -> New best val loss: 8.9809 (saved best_model.pt)
2026-07-03 11:55:09,948 |   -> New best val loss: 8.9695 (saved best_model.pt)
2026-07-03 11:55:15,074 |   -> New best val loss: 8.9466 (saved best_model.pt)
2026-07-03 11:55:24,461 | Epoch  830/1000 | kl_g0_w=1.00 kl_u_w=1.00 | train=8.6619 (recon=5.7503, kl_g0=0.0818, kl_u=2.8299, cls=0.7516) | val=8.9486 | lr=1.00e-04
2026-07-03 11:55:26,665 |   -> New best val loss: 8.9394 (saved best_model.pt)
2026-07-03 11:55:28,612 |   -> New best val loss: 8.9345 (saved best_model.pt)
2026-07-03 11:55:31,074 |   -> New best val loss: 8.9285 (saved best_model.pt)
2026-07-03 11:55:32,913 |   -> New best val loss: 8.9257 (saved best_model.pt)
2026-07-03 11:55:38,101 |   -> New best val loss: 8.9190 (saved best_model.pt)
2026-07-03 11:55:44,277 | Epoch  840/1000 | kl_g0_w=1.00 kl_u_w=1.00 | train=8.5873 (recon=5.6830, kl_g0=0.0785, kl_u=2.8259, cls=0.7510) | val=8.9053 | lr=1.00e-04
2026-07-03 11:55:44,307 |   -> New best val loss: 8.9053 (saved best_model.pt)
2026-07-03 11:55:48,250 |   -> New best val loss: 8.8960 (saved best_model.pt)
2026-07-03 11:55:55,824 |   -> New best val loss: 8.8841 (saved best_model.pt)
2026-07-03 11:55:57,538 |   -> New best val loss: 8.8787 (saved best_model.pt)
2026-07-03 11:55:59,133 |   -> New best val loss: 8.8721 (saved best_model.pt)
2026-07-03 11:56:05,657 | Epoch  850/1000 | kl_g0_w=1.00 kl_u_w=1.00 | train=8.5340 (recon=5.6262, kl_g0=0.0762, kl_u=2.8316, cls=0.7510) | val=8.8597 | lr=1.00e-04
2026-07-03 11:56:05,672 |   -> New best val loss: 8.8597 (saved best_model.pt)
2026-07-03 11:56:15,417 |   -> New best val loss: 8.8435 (saved best_model.pt)
2026-07-03 11:56:20,315 |   -> New best val loss: 8.8387 (saved best_model.pt)
2026-07-03 11:56:24,030 |   -> New best val loss: 8.8206 (saved best_model.pt)
2026-07-03 11:56:25,952 | Epoch  860/1000 | kl_g0_w=1.00 kl_u_w=1.00 | train=8.4854 (recon=5.5867, kl_g0=0.0750, kl_u=2.8237, cls=0.7505) | val=8.8243 | lr=1.00e-04
2026-07-03 11:56:28,544 |   -> New best val loss: 8.8088 (saved best_model.pt)
2026-07-03 11:56:36,806 |   -> New best val loss: 8.7964 (saved best_model.pt)
2026-07-03 11:56:41,972 |   -> New best val loss: 8.7932 (saved best_model.pt)
2026-07-03 11:56:43,963 |   -> New best val loss: 8.7889 (saved best_model.pt)
2026-07-03 11:56:45,984 |   -> New best val loss: 8.7869 (saved best_model.pt)
2026-07-03 11:56:47,564 | Epoch  870/1000 | kl_g0_w=1.00 kl_u_w=1.00 | train=8.4386 (recon=5.5439, kl_g0=0.0721, kl_u=2.8225, cls=0.7502) | val=8.7853 | lr=1.00e-04
2026-07-03 11:56:47,579 |   -> New best val loss: 8.7853 (saved best_model.pt)
2026-07-03 11:56:49,683 |   -> New best val loss: 8.7726 (saved best_model.pt)
2026-07-03 11:56:53,686 |   -> New best val loss: 8.7725 (saved best_model.pt)
2026-07-03 11:56:56,995 |   -> New best val loss: 8.7710 (saved best_model.pt)
2026-07-03 11:56:58,581 |   -> New best val loss: 8.7599 (saved best_model.pt)
2026-07-03 11:57:00,288 |   -> New best val loss: 8.7491 (saved best_model.pt)
2026-07-03 11:57:02,872 |   -> New best val loss: 8.7472 (saved best_model.pt)
2026-07-03 11:57:06,631 | Epoch  880/1000 | kl_g0_w=1.00 kl_u_w=1.00 | train=8.3657 (recon=5.4609, kl_g0=0.0702, kl_u=2.8345, cls=0.7519) | val=8.7437 | lr=1.00e-04
2026-07-03 11:57:06,661 |   -> New best val loss: 8.7437 (saved best_model.pt)
2026-07-03 11:57:08,788 |   -> New best val loss: 8.7299 (saved best_model.pt)
2026-07-03 11:57:18,655 |   -> New best val loss: 8.7209 (saved best_model.pt)
2026-07-03 11:57:21,223 |   -> New best val loss: 8.7136 (saved best_model.pt)
2026-07-03 11:57:25,489 |   -> New best val loss: 8.7098 (saved best_model.pt)
2026-07-03 11:57:27,594 |   -> New best val loss: 8.6871 (saved best_model.pt)
2026-07-03 11:57:29,432 | Epoch  890/1000 | kl_g0_w=1.00 kl_u_w=1.00 | train=8.3515 (recon=5.4671, kl_g0=0.0677, kl_u=2.8167, cls=0.7518) | val=8.6921 | lr=1.00e-04
2026-07-03 11:57:41,241 |   -> New best val loss: 8.6693 (saved best_model.pt)
2026-07-03 11:57:45,568 |   -> New best val loss: 8.6572 (saved best_model.pt)
2026-07-03 11:57:49,564 | Epoch  900/1000 | kl_g0_w=1.00 kl_u_w=1.00 | train=8.3095 (recon=5.4147, kl_g0=0.0671, kl_u=2.8277, cls=0.7508) | val=8.6538 | lr=1.00e-04
2026-07-03 11:57:49,580 |   -> New best val loss: 8.6538 (saved best_model.pt)
2026-07-03 11:57:51,510 |   -> New best val loss: 8.6496 (saved best_model.pt)
2026-07-03 11:57:55,506 |   -> New best val loss: 8.6427 (saved best_model.pt)
2026-07-03 11:58:00,712 |   -> New best val loss: 8.6289 (saved best_model.pt)
2026-07-03 11:58:02,998 |   -> New best val loss: 8.6155 (saved best_model.pt)
2026-07-03 11:58:10,191 | Epoch  910/1000 | kl_g0_w=1.00 kl_u_w=1.00 | train=8.2807 (recon=5.3850, kl_g0=0.0651, kl_u=2.8306, cls=0.7513) | val=8.6119 | lr=1.00e-04
2026-07-03 11:58:10,218 |   -> New best val loss: 8.6119 (saved best_model.pt)
2026-07-03 11:58:13,652 |   -> New best val loss: 8.6025 (saved best_model.pt)
2026-07-03 11:58:18,044 |   -> New best val loss: 8.5906 (saved best_model.pt)
2026-07-03 11:58:20,481 |   -> New best val loss: 8.5897 (saved best_model.pt)
2026-07-03 11:58:22,544 |   -> New best val loss: 8.5854 (saved best_model.pt)
2026-07-03 11:58:28,879 |   -> New best val loss: 8.5684 (saved best_model.pt)
2026-07-03 11:58:31,412 | Epoch  920/1000 | kl_g0_w=1.00 kl_u_w=1.00 | train=8.2180 (recon=5.3232, kl_g0=0.0646, kl_u=2.8301, cls=0.7529) | val=8.5898 | lr=1.00e-04
2026-07-03 11:58:41,177 |   -> New best val loss: 8.5529 (saved best_model.pt)
2026-07-03 11:58:42,905 |   -> New best val loss: 8.5468 (saved best_model.pt)
2026-07-03 11:58:52,020 |   -> New best val loss: 8.5352 (saved best_model.pt)
2026-07-03 11:58:54,561 | Epoch  930/1000 | kl_g0_w=1.00 kl_u_w=1.00 | train=8.1586 (recon=5.2659, kl_g0=0.0628, kl_u=2.8299, cls=0.7513) | val=8.5216 | lr=1.00e-04
2026-07-03 11:58:54,588 |   -> New best val loss: 8.5216 (saved best_model.pt)
2026-07-03 11:59:06,656 |   -> New best val loss: 8.5112 (saved best_model.pt)
2026-07-03 11:59:08,474 |   -> New best val loss: 8.4869 (saved best_model.pt)
2026-07-03 11:59:18,946 | Epoch  940/1000 | kl_g0_w=1.00 kl_u_w=1.00 | train=8.1124 (recon=5.2221, kl_g0=0.0623, kl_u=2.8280, cls=0.7521) | val=8.4784 | lr=1.00e-04
2026-07-03 11:59:18,973 |   -> New best val loss: 8.4784 (saved best_model.pt)
2026-07-03 11:59:21,665 |   -> New best val loss: 8.4729 (saved best_model.pt)
2026-07-03 11:59:27,114 |   -> New best val loss: 8.4635 (saved best_model.pt)
2026-07-03 11:59:30,717 |   -> New best val loss: 8.4557 (saved best_model.pt)
2026-07-03 11:59:38,123 | Epoch  950/1000 | kl_g0_w=1.00 kl_u_w=1.00 | train=8.0925 (recon=5.1995, kl_g0=0.0589, kl_u=2.8341, cls=0.7532) | val=8.4508 | lr=1.00e-04
2026-07-03 11:59:38,142 |   -> New best val loss: 8.4508 (saved best_model.pt)
2026-07-03 11:59:40,346 |   -> New best val loss: 8.4507 (saved best_model.pt)
2026-07-03 11:59:45,826 |   -> New best val loss: 8.4507 (saved best_model.pt)
2026-07-03 11:59:47,444 |   -> New best val loss: 8.4271 (saved best_model.pt)
2026-07-03 11:59:49,045 |   -> New best val loss: 8.4212 (saved best_model.pt)
2026-07-03 11:59:55,290 |   -> New best val loss: 8.4032 (saved best_model.pt)
2026-07-03 11:59:57,262 | Epoch  960/1000 | kl_g0_w=1.00 kl_u_w=1.00 | train=8.0274 (recon=5.1438, kl_g0=0.0582, kl_u=2.8253, cls=0.7540) | val=8.4056 | lr=1.00e-04
2026-07-03 12:00:01,430 |   -> New best val loss: 8.3975 (saved best_model.pt)
2026-07-03 12:00:04,685 |   -> New best val loss: 8.3843 (saved best_model.pt)
2026-07-03 12:00:06,982 |   -> New best val loss: 8.3691 (saved best_model.pt)
2026-07-03 12:00:17,094 | Epoch  970/1000 | kl_g0_w=1.00 kl_u_w=1.00 | train=7.9752 (recon=5.0842, kl_g0=0.0579, kl_u=2.8331, cls=0.7513) | val=8.3645 | lr=1.00e-04
2026-07-03 12:00:17,123 |   -> New best val loss: 8.3645 (saved best_model.pt)
2026-07-03 12:00:19,500 |   -> New best val loss: 8.3564 (saved best_model.pt)
2026-07-03 12:00:21,539 |   -> New best val loss: 8.3412 (saved best_model.pt)
2026-07-03 12:00:29,781 |   -> New best val loss: 8.3370 (saved best_model.pt)
2026-07-03 12:00:33,805 |   -> New best val loss: 8.3315 (saved best_model.pt)
2026-07-03 12:00:36,363 |   -> New best val loss: 8.3197 (saved best_model.pt)
2026-07-03 12:00:37,899 | Epoch  980/1000 | kl_g0_w=1.00 kl_u_w=1.00 | train=7.9664 (recon=5.0876, kl_g0=0.0568, kl_u=2.8220, cls=0.7534) | val=8.3254 | lr=1.00e-04
2026-07-03 12:00:47,411 |   -> New best val loss: 8.3094 (saved best_model.pt)
2026-07-03 12:00:49,453 |   -> New best val loss: 8.2947 (saved best_model.pt)
2026-07-03 12:00:54,135 |   -> New best val loss: 8.2711 (saved best_model.pt)
2026-07-03 12:01:00,341 | Epoch  990/1000 | kl_g0_w=1.00 kl_u_w=1.00 | train=7.9365 (recon=5.0511, kl_g0=0.0562, kl_u=2.8292, cls=0.7538) | val=8.2917 | lr=1.00e-04
2026-07-03 12:01:06,645 |   -> New best val loss: 8.2567 (saved best_model.pt)
2026-07-03 12:01:09,231 |   -> New best val loss: 8.2560 (saved best_model.pt)
2026-07-03 12:01:15,084 |   -> New best val loss: 8.2381 (saved best_model.pt)
2026-07-03 12:01:20,432 | Epoch 1000/1000 | kl_g0_w=1.00 kl_u_w=1.00 | train=7.8622 (recon=4.9824, kl_g0=0.0537, kl_u=2.8261, cls=0.7539) | val=8.2323 | lr=1.00e-04
2026-07-03 12:01:20,457 |   -> New best val loss: 8.2323 (saved best_model.pt)
2026-07-03 12:01:20,470 | Final model saved to /home/nadegeo/LIFUS-BRICK/results/training/train_20260703_112719/final_model.pt
2026-07-03 12:01:20,470 | Best val loss: 8.2323
2026-07-03 12:01:20,470 | Training complete.
