2026-07-06 12:41:40,885 | ============================================================
2026-07-06 12:41:40,885 | BRICK Training -- ablation_no_control_no_ic
2026-07-06 12:41:40,885 | N_ROIS=24, M=96, H=4, T=240
2026-07-06 12:41:40,886 | Epochs=2000, LR=0.0001, WD=0.05, LAMBDA_NOISE=0.01, BATCH_SIZE=12
2026-07-06 12:41:40,886 | Patience=30, use_control=False, use_ic=False
2026-07-06 12:41:40,886 | KL annealing: g0 over 0 epochs, u delayed 0 then over 0 epochs
2026-07-06 12:41:40,886 | ============================================================
2026-07-06 12:41:40,886 | Loading dataset...
2026-07-06 12:41:41,056 | Split: 52 train | 4 val | 20 test items
2026-07-06 12:41:41,083 | Model parameters: 554,702
2026-07-06 12:41:41,084 | Starting training...
2026-07-06 12:41:41,361 | Epoch    1/2000 | kl_g0_w=1.00 kl_u_w=1.00 | train=49.7917 (recon=49.7917, kl_g0=0.0000, kl_u=0.0000, cls=0.0000) | val=49.7917 | lr=1.00e-04
2026-07-06 12:41:41,366 |   -> New best val loss: 49.7917 (saved best_model.pt)
2026-07-06 12:41:43,742 | Epoch   10/2000 | kl_g0_w=1.00 kl_u_w=1.00 | train=49.7917 (recon=49.7917, kl_g0=0.0000, kl_u=0.0000, cls=0.0000) | val=49.7917 | lr=1.00e-04
2026-07-06 12:41:46,374 | Epoch   20/2000 | kl_g0_w=1.00 kl_u_w=1.00 | train=49.7917 (recon=49.7917, kl_g0=0.0000, kl_u=0.0000, cls=0.0000) | val=49.7917 | lr=5.00e-05
2026-07-06 12:41:49,017 | Epoch   30/2000 | kl_g0_w=1.00 kl_u_w=1.00 | train=49.7917 (recon=49.7917, kl_g0=0.0000, kl_u=0.0000, cls=0.0000) | val=49.7917 | lr=5.00e-05
2026-07-06 12:41:49,287 | Early stopping at epoch 31 -- no improvement for 30 epochs.
2026-07-06 12:41:49,292 | Final model saved to /home/nadegeo/LIFUS-BRICK/results/training/ablation_no_control_no_ic/final_model.pt
2026-07-06 12:41:49,292 | Best val loss: 49.7917
2026-07-06 12:41:49,292 | Training complete.
