2026-06-26 16:00:34,493 | ============================================================
2026-06-26 16:00:34,494 | BRICK Training -- ablation_no_control
2026-06-26 16:00:34,494 | N_ROIS=24, M=96, H=4, T=240
2026-06-26 16:00:34,494 | Epochs=1400, LR=0.0001, WD=0.05, LAMBDA_NOISE=0.01, BATCH_SIZE=12
2026-06-26 16:00:34,494 | Patience=30, use_control=False, use_ic=True
2026-06-26 16:00:34,495 | KL annealing: g0 over 0 epochs, u delayed 0 then over 0 epochs
2026-06-26 16:00:34,495 | ============================================================
2026-06-26 16:00:34,495 | Loading dataset...
2026-06-26 16:00:34,616 | Split: 52 train | 4 val | 20 test items
2026-06-26 16:00:34,705 | Model parameters: 554,702
2026-06-26 16:00:34,708 | Starting training...
2026-06-26 16:00:36,012 | Epoch    1/1400 | kl_g0_w=1.00 kl_u_w=1.00 | train=658.9167 (recon=1312.6578, kl_g0=5.1756, kl_u=0.0000, cls=0.0000) | val=89.3930 | lr=1.00e-04
2026-06-26 16:00:36,030 |   -> New best val loss: 89.3930 (saved best_model.pt)
2026-06-26 16:00:37,466 |   -> New best val loss: 88.3576 (saved best_model.pt)
2026-06-26 16:00:38,779 |   -> New best val loss: 85.1944 (saved best_model.pt)
2026-06-26 16:00:40,007 |   -> New best val loss: 82.5437 (saved best_model.pt)
2026-06-26 16:00:40,986 |   -> New best val loss: 81.0149 (saved best_model.pt)
2026-06-26 16:00:42,160 |   -> New best val loss: 79.1339 (saved best_model.pt)
2026-06-26 16:00:43,449 |   -> New best val loss: 76.8589 (saved best_model.pt)
2026-06-26 16:00:44,706 |   -> New best val loss: 74.2876 (saved best_model.pt)
2026-06-26 16:00:46,060 |   -> New best val loss: 71.7966 (saved best_model.pt)
2026-06-26 16:00:47,101 | Epoch   10/1400 | kl_g0_w=1.00 kl_u_w=1.00 | train=127.3491 (recon=249.6482, kl_g0=5.0501, kl_u=0.0000, cls=0.0000) | val=69.3132 | lr=1.00e-04
2026-06-26 16:00:47,135 |   -> New best val loss: 69.3132 (saved best_model.pt)
2026-06-26 16:00:48,386 |   -> New best val loss: 66.6380 (saved best_model.pt)
2026-06-26 16:00:49,949 |   -> New best val loss: 64.0061 (saved best_model.pt)
2026-06-26 16:00:51,192 |   -> New best val loss: 61.4199 (saved best_model.pt)
2026-06-26 16:00:52,357 |   -> New best val loss: 59.0138 (saved best_model.pt)
2026-06-26 16:00:53,594 |   -> New best val loss: 56.8160 (saved best_model.pt)
2026-06-26 16:00:54,987 |   -> New best val loss: 54.8536 (saved best_model.pt)
2026-06-26 16:00:56,377 |   -> New best val loss: 53.0979 (saved best_model.pt)
2026-06-26 16:00:57,567 |   -> New best val loss: 51.4723 (saved best_model.pt)
2026-06-26 16:00:58,630 |   -> New best val loss: 49.9889 (saved best_model.pt)
2026-06-26 16:00:59,902 | Epoch   20/1400 | kl_g0_w=1.00 kl_u_w=1.00 | train=79.7658 (recon=154.5101, kl_g0=5.0215, kl_u=0.0000, cls=0.0000) | val=48.6040 | lr=1.00e-04
2026-06-26 16:00:59,939 |   -> New best val loss: 48.6040 (saved best_model.pt)
2026-06-26 16:01:00,998 |   -> New best val loss: 47.3025 (saved best_model.pt)
2026-06-26 16:01:02,579 |   -> New best val loss: 46.1322 (saved best_model.pt)
2026-06-26 16:01:04,009 |   -> New best val loss: 45.0639 (saved best_model.pt)
2026-06-26 16:01:05,274 |   -> New best val loss: 44.1034 (saved best_model.pt)
2026-06-26 16:01:06,780 |   -> New best val loss: 43.1921 (saved best_model.pt)
2026-06-26 16:01:08,278 |   -> New best val loss: 42.3753 (saved best_model.pt)
2026-06-26 16:01:09,512 |   -> New best val loss: 41.6185 (saved best_model.pt)
2026-06-26 16:01:10,604 |   -> New best val loss: 40.9426 (saved best_model.pt)
2026-06-26 16:01:12,115 |   -> New best val loss: 40.3093 (saved best_model.pt)
2026-06-26 16:01:13,607 | Epoch   30/1400 | kl_g0_w=1.00 kl_u_w=1.00 | train=64.9441 (recon=124.8125, kl_g0=5.0758, kl_u=0.0000, cls=0.0000) | val=39.6743 | lr=1.00e-04
2026-06-26 16:01:13,641 |   -> New best val loss: 39.6743 (saved best_model.pt)
2026-06-26 16:01:14,742 |   -> New best val loss: 39.0928 (saved best_model.pt)
2026-06-26 16:01:15,906 |   -> New best val loss: 38.5984 (saved best_model.pt)
2026-06-26 16:01:17,607 |   -> New best val loss: 38.0930 (saved best_model.pt)
2026-06-26 16:01:18,842 |   -> New best val loss: 37.5680 (saved best_model.pt)
2026-06-26 16:01:19,881 |   -> New best val loss: 37.1288 (saved best_model.pt)
2026-06-26 16:01:21,530 |   -> New best val loss: 36.7235 (saved best_model.pt)
2026-06-26 16:01:22,931 |   -> New best val loss: 36.3210 (saved best_model.pt)
2026-06-26 16:01:24,641 |   -> New best val loss: 35.9250 (saved best_model.pt)
2026-06-26 16:01:25,946 |   -> New best val loss: 35.5397 (saved best_model.pt)
2026-06-26 16:01:27,420 | Epoch   40/1400 | kl_g0_w=1.00 kl_u_w=1.00 | train=55.6382 (recon=106.1038, kl_g0=5.1726, kl_u=0.0000, cls=0.0000) | val=35.1690 | lr=1.00e-04
2026-06-26 16:01:27,444 |   -> New best val loss: 35.1690 (saved best_model.pt)
2026-06-26 16:01:28,817 |   -> New best val loss: 34.8266 (saved best_model.pt)
2026-06-26 16:01:30,087 |   -> New best val loss: 34.5153 (saved best_model.pt)
2026-06-26 16:01:31,449 |   -> New best val loss: 34.2399 (saved best_model.pt)
2026-06-26 16:01:32,847 |   -> New best val loss: 33.9921 (saved best_model.pt)
2026-06-26 16:01:34,244 |   -> New best val loss: 33.7325 (saved best_model.pt)
2026-06-26 16:01:35,557 |   -> New best val loss: 33.4863 (saved best_model.pt)
2026-06-26 16:01:36,835 |   -> New best val loss: 33.2660 (saved best_model.pt)
2026-06-26 16:01:38,293 |   -> New best val loss: 33.0518 (saved best_model.pt)
2026-06-26 16:01:39,711 |   -> New best val loss: 32.8489 (saved best_model.pt)
2026-06-26 16:01:41,185 | Epoch   50/1400 | kl_g0_w=1.00 kl_u_w=1.00 | train=49.4383 (recon=93.6242, kl_g0=5.2523, kl_u=0.0000, cls=0.0000) | val=32.6565 | lr=1.00e-04
2026-06-26 16:01:41,218 |   -> New best val loss: 32.6565 (saved best_model.pt)
2026-06-26 16:01:42,368 |   -> New best val loss: 32.4719 (saved best_model.pt)
2026-06-26 16:01:43,512 |   -> New best val loss: 32.2792 (saved best_model.pt)
2026-06-26 16:01:44,959 |   -> New best val loss: 32.1010 (saved best_model.pt)
2026-06-26 16:01:46,200 |   -> New best val loss: 31.9393 (saved best_model.pt)
2026-06-26 16:01:47,505 |   -> New best val loss: 31.7717 (saved best_model.pt)
2026-06-26 16:01:49,099 |   -> New best val loss: 31.6185 (saved best_model.pt)
2026-06-26 16:01:50,600 |   -> New best val loss: 31.4491 (saved best_model.pt)
2026-06-26 16:01:52,133 |   -> New best val loss: 31.3020 (saved best_model.pt)
2026-06-26 16:01:53,554 |   -> New best val loss: 31.1817 (saved best_model.pt)
2026-06-26 16:01:54,832 | Epoch   60/1400 | kl_g0_w=1.00 kl_u_w=1.00 | train=44.5139 (recon=83.6800, kl_g0=5.3478, kl_u=0.0000, cls=0.0000) | val=31.0653 | lr=1.00e-04
2026-06-26 16:01:54,857 |   -> New best val loss: 31.0653 (saved best_model.pt)
2026-06-26 16:01:56,046 |   -> New best val loss: 30.9533 (saved best_model.pt)
2026-06-26 16:01:57,391 |   -> New best val loss: 30.8188 (saved best_model.pt)
2026-06-26 16:01:58,953 |   -> New best val loss: 30.7008 (saved best_model.pt)
2026-06-26 16:02:00,411 |   -> New best val loss: 30.5969 (saved best_model.pt)
2026-06-26 16:02:01,846 |   -> New best val loss: 30.4921 (saved best_model.pt)
2026-06-26 16:02:02,967 |   -> New best val loss: 30.3826 (saved best_model.pt)
2026-06-26 16:02:04,443 |   -> New best val loss: 30.2789 (saved best_model.pt)
2026-06-26 16:02:05,942 |   -> New best val loss: 30.1995 (saved best_model.pt)
2026-06-26 16:02:07,161 |   -> New best val loss: 30.1323 (saved best_model.pt)
2026-06-26 16:02:08,301 | Epoch   70/1400 | kl_g0_w=1.00 kl_u_w=1.00 | train=41.4703 (recon=77.4886, kl_g0=5.4521, kl_u=0.0000, cls=0.0000) | val=30.0466 | lr=1.00e-04
2026-06-26 16:02:08,335 |   -> New best val loss: 30.0466 (saved best_model.pt)
2026-06-26 16:02:09,614 |   -> New best val loss: 29.9471 (saved best_model.pt)
2026-06-26 16:02:10,757 |   -> New best val loss: 29.8621 (saved best_model.pt)
2026-06-26 16:02:11,888 |   -> New best val loss: 29.7921 (saved best_model.pt)
2026-06-26 16:02:13,127 |   -> New best val loss: 29.7362 (saved best_model.pt)
2026-06-26 16:02:14,407 |   -> New best val loss: 29.6905 (saved best_model.pt)
2026-06-26 16:02:15,775 |   -> New best val loss: 29.6403 (saved best_model.pt)
2026-06-26 16:02:17,157 |   -> New best val loss: 29.5753 (saved best_model.pt)
2026-06-26 16:02:18,629 |   -> New best val loss: 29.5197 (saved best_model.pt)
2026-06-26 16:02:19,685 |   -> New best val loss: 29.4776 (saved best_model.pt)
2026-06-26 16:02:21,186 | Epoch   80/1400 | kl_g0_w=1.00 kl_u_w=1.00 | train=38.9988 (recon=72.4463, kl_g0=5.5513, kl_u=0.0000, cls=0.0000) | val=29.4245 | lr=1.00e-04
2026-06-26 16:02:21,219 |   -> New best val loss: 29.4245 (saved best_model.pt)
2026-06-26 16:02:22,465 |   -> New best val loss: 29.3580 (saved best_model.pt)
2026-06-26 16:02:23,780 |   -> New best val loss: 29.2896 (saved best_model.pt)
2026-06-26 16:02:25,386 |   -> New best val loss: 29.2444 (saved best_model.pt)
2026-06-26 16:02:26,836 |   -> New best val loss: 29.2021 (saved best_model.pt)
2026-06-26 16:02:28,259 |   -> New best val loss: 29.1634 (saved best_model.pt)
2026-06-26 16:02:29,659 |   -> New best val loss: 29.1328 (saved best_model.pt)
2026-06-26 16:02:30,925 |   -> New best val loss: 29.1082 (saved best_model.pt)
2026-06-26 16:02:32,241 |   -> New best val loss: 29.0680 (saved best_model.pt)
2026-06-26 16:02:33,665 |   -> New best val loss: 29.0192 (saved best_model.pt)
2026-06-26 16:02:34,931 | Epoch   90/1400 | kl_g0_w=1.00 kl_u_w=1.00 | train=36.9858 (recon=68.3284, kl_g0=5.6433, kl_u=0.0000, cls=0.0000) | val=28.9748 | lr=1.00e-04
2026-06-26 16:02:34,950 |   -> New best val loss: 28.9748 (saved best_model.pt)
2026-06-26 16:02:36,168 |   -> New best val loss: 28.9315 (saved best_model.pt)
2026-06-26 16:02:37,400 |   -> New best val loss: 28.8983 (saved best_model.pt)
2026-06-26 16:02:38,605 |   -> New best val loss: 28.8654 (saved best_model.pt)
2026-06-26 16:02:39,760 |   -> New best val loss: 28.8354 (saved best_model.pt)
2026-06-26 16:02:41,201 |   -> New best val loss: 28.8079 (saved best_model.pt)
2026-06-26 16:02:42,482 |   -> New best val loss: 28.7855 (saved best_model.pt)
2026-06-26 16:02:43,776 |   -> New best val loss: 28.7579 (saved best_model.pt)
2026-06-26 16:02:44,876 |   -> New best val loss: 28.7320 (saved best_model.pt)
2026-06-26 16:02:46,104 |   -> New best val loss: 28.7028 (saved best_model.pt)
2026-06-26 16:02:47,445 | Epoch  100/1400 | kl_g0_w=1.00 kl_u_w=1.00 | train=35.0595 (recon=64.3707, kl_g0=5.7483, kl_u=0.0000, cls=0.0000) | val=28.6779 | lr=1.00e-04
2026-06-26 16:02:47,480 |   -> New best val loss: 28.6779 (saved best_model.pt)
2026-06-26 16:02:48,674 |   -> New best val loss: 28.6581 (saved best_model.pt)
2026-06-26 16:02:50,085 |   -> New best val loss: 28.6465 (saved best_model.pt)
2026-06-26 16:02:51,320 |   -> New best val loss: 28.6340 (saved best_model.pt)
2026-06-26 16:02:52,629 |   -> New best val loss: 28.6143 (saved best_model.pt)
2026-06-26 16:02:54,060 |   -> New best val loss: 28.5868 (saved best_model.pt)
2026-06-26 16:02:55,245 |   -> New best val loss: 28.5630 (saved best_model.pt)
2026-06-26 16:02:56,329 |   -> New best val loss: 28.5439 (saved best_model.pt)
2026-06-26 16:02:57,620 |   -> New best val loss: 28.5333 (saved best_model.pt)
2026-06-26 16:02:59,038 |   -> New best val loss: 28.5167 (saved best_model.pt)
2026-06-26 16:03:00,482 | Epoch  110/1400 | kl_g0_w=1.00 kl_u_w=1.00 | train=34.1303 (recon=62.4054, kl_g0=5.8552, kl_u=0.0000, cls=0.0000) | val=28.5029 | lr=1.00e-04
2026-06-26 16:03:00,517 |   -> New best val loss: 28.5029 (saved best_model.pt)
2026-06-26 16:03:01,660 |   -> New best val loss: 28.4873 (saved best_model.pt)
2026-06-26 16:03:02,843 |   -> New best val loss: 28.4724 (saved best_model.pt)
2026-06-26 16:03:04,281 |   -> New best val loss: 28.4588 (saved best_model.pt)
2026-06-26 16:03:05,782 |   -> New best val loss: 28.4478 (saved best_model.pt)
2026-06-26 16:03:07,359 |   -> New best val loss: 28.4382 (saved best_model.pt)
2026-06-26 16:03:08,823 |   -> New best val loss: 28.4205 (saved best_model.pt)
2026-06-26 16:03:10,012 |   -> New best val loss: 28.4068 (saved best_model.pt)
2026-06-26 16:03:11,311 |   -> New best val loss: 28.4029 (saved best_model.pt)
2026-06-26 16:03:12,819 |   -> New best val loss: 28.4001 (saved best_model.pt)
2026-06-26 16:03:14,051 | Epoch  120/1400 | kl_g0_w=1.00 kl_u_w=1.00 | train=32.6896 (recon=59.4365, kl_g0=5.9428, kl_u=0.0000, cls=0.0000) | val=28.3921 | lr=1.00e-04
2026-06-26 16:03:14,085 |   -> New best val loss: 28.3921 (saved best_model.pt)
2026-06-26 16:03:15,280 |   -> New best val loss: 28.3842 (saved best_model.pt)
2026-06-26 16:03:16,946 |   -> New best val loss: 28.3695 (saved best_model.pt)
2026-06-26 16:03:18,148 |   -> New best val loss: 28.3505 (saved best_model.pt)
2026-06-26 16:03:19,462 |   -> New best val loss: 28.3365 (saved best_model.pt)
2026-06-26 16:03:20,605 |   -> New best val loss: 28.3294 (saved best_model.pt)
2026-06-26 16:03:21,947 |   -> New best val loss: 28.3256 (saved best_model.pt)
2026-06-26 16:03:23,538 |   -> New best val loss: 28.3182 (saved best_model.pt)
2026-06-26 16:03:25,081 |   -> New best val loss: 28.3051 (saved best_model.pt)
2026-06-26 16:03:26,644 |   -> New best val loss: 28.3026 (saved best_model.pt)
2026-06-26 16:03:28,064 | Epoch  130/1400 | kl_g0_w=1.00 kl_u_w=1.00 | train=32.0517 (recon=58.0759, kl_g0=6.0275, kl_u=0.0000, cls=0.0000) | val=28.2986 | lr=1.00e-04
2026-06-26 16:03:28,085 |   -> New best val loss: 28.2986 (saved best_model.pt)
2026-06-26 16:03:29,433 |   -> New best val loss: 28.2887 (saved best_model.pt)
2026-06-26 16:03:30,929 |   -> New best val loss: 28.2829 (saved best_model.pt)
2026-06-26 16:03:32,417 |   -> New best val loss: 28.2779 (saved best_model.pt)
2026-06-26 16:03:33,614 |   -> New best val loss: 28.2649 (saved best_model.pt)
2026-06-26 16:03:34,933 |   -> New best val loss: 28.2548 (saved best_model.pt)
2026-06-26 16:03:36,232 |   -> New best val loss: 28.2525 (saved best_model.pt)
2026-06-26 16:03:37,750 |   -> New best val loss: 28.2511 (saved best_model.pt)
2026-06-26 16:03:39,376 |   -> New best val loss: 28.2470 (saved best_model.pt)
2026-06-26 16:03:40,753 |   -> New best val loss: 28.2400 (saved best_model.pt)
2026-06-26 16:03:42,127 | Epoch  140/1400 | kl_g0_w=1.00 kl_u_w=1.00 | train=31.5134 (recon=56.9208, kl_g0=6.1059, kl_u=0.0000, cls=0.0000) | val=28.2362 | lr=1.00e-04
2026-06-26 16:03:42,152 |   -> New best val loss: 28.2362 (saved best_model.pt)
2026-06-26 16:03:47,371 |   -> New best val loss: 28.2336 (saved best_model.pt)
2026-06-26 16:03:48,655 |   -> New best val loss: 28.2298 (saved best_model.pt)
2026-06-26 16:03:49,992 |   -> New best val loss: 28.2220 (saved best_model.pt)
2026-06-26 16:03:51,352 |   -> New best val loss: 28.2107 (saved best_model.pt)
2026-06-26 16:03:52,634 |   -> New best val loss: 28.2035 (saved best_model.pt)
2026-06-26 16:03:54,007 |   -> New best val loss: 28.2001 (saved best_model.pt)
2026-06-26 16:03:55,237 | Epoch  150/1400 | kl_g0_w=1.00 kl_u_w=1.00 | train=30.6888 (recon=55.2038, kl_g0=6.1738, kl_u=0.0000, cls=0.0000) | val=28.1965 | lr=1.00e-04
2026-06-26 16:03:55,271 |   -> New best val loss: 28.1965 (saved best_model.pt)
2026-06-26 16:03:59,768 |   -> New best val loss: 28.1956 (saved best_model.pt)
2026-06-26 16:04:01,019 |   -> New best val loss: 28.1896 (saved best_model.pt)
2026-06-26 16:04:02,299 |   -> New best val loss: 28.1872 (saved best_model.pt)
2026-06-26 16:04:05,145 |   -> New best val loss: 28.1871 (saved best_model.pt)
2026-06-26 16:04:06,586 |   -> New best val loss: 28.1835 (saved best_model.pt)
2026-06-26 16:04:09,171 | Epoch  160/1400 | kl_g0_w=1.00 kl_u_w=1.00 | train=30.3896 (recon=54.5700, kl_g0=6.2092, kl_u=0.0000, cls=0.0000) | val=28.1867 | lr=1.00e-04
2026-06-26 16:04:10,707 |   -> New best val loss: 28.1804 (saved best_model.pt)
2026-06-26 16:04:12,359 |   -> New best val loss: 28.1735 (saved best_model.pt)
2026-06-26 16:04:13,880 |   -> New best val loss: 28.1666 (saved best_model.pt)
2026-06-26 16:04:15,172 |   -> New best val loss: 28.1655 (saved best_model.pt)
2026-06-26 16:04:16,413 |   -> New best val loss: 28.1638 (saved best_model.pt)
2026-06-26 16:04:17,899 |   -> New best val loss: 28.1607 (saved best_model.pt)
2026-06-26 16:04:19,306 |   -> New best val loss: 28.1569 (saved best_model.pt)
2026-06-26 16:04:20,688 |   -> New best val loss: 28.1555 (saved best_model.pt)
2026-06-26 16:04:23,161 | Epoch  170/1400 | kl_g0_w=1.00 kl_u_w=1.00 | train=29.9925 (recon=53.7433, kl_g0=6.2416, kl_u=0.0000, cls=0.0000) | val=28.1620 | lr=1.00e-04
2026-06-26 16:04:27,690 |   -> New best val loss: 28.1520 (saved best_model.pt)
2026-06-26 16:04:29,069 |   -> New best val loss: 28.1457 (saved best_model.pt)
2026-06-26 16:04:30,350 |   -> New best val loss: 28.1394 (saved best_model.pt)
2026-06-26 16:04:31,525 |   -> New best val loss: 28.1350 (saved best_model.pt)
2026-06-26 16:04:33,015 |   -> New best val loss: 28.1316 (saved best_model.pt)
2026-06-26 16:04:34,418 |   -> New best val loss: 28.1282 (saved best_model.pt)
2026-06-26 16:04:35,861 |   -> New best val loss: 28.1220 (saved best_model.pt)
2026-06-26 16:04:37,180 | Epoch  180/1400 | kl_g0_w=1.00 kl_u_w=1.00 | train=29.5620 (recon=52.8923, kl_g0=6.2317, kl_u=0.0000, cls=0.0000) | val=28.1156 | lr=1.00e-04
2026-06-26 16:04:37,207 |   -> New best val loss: 28.1156 (saved best_model.pt)
2026-06-26 16:04:38,496 |   -> New best val loss: 28.1061 (saved best_model.pt)
2026-06-26 16:04:39,954 |   -> New best val loss: 28.0984 (saved best_model.pt)
2026-06-26 16:04:41,181 |   -> New best val loss: 28.0968 (saved best_model.pt)
2026-06-26 16:04:45,426 |   -> New best val loss: 28.0961 (saved best_model.pt)
2026-06-26 16:04:46,972 |   -> New best val loss: 28.0904 (saved best_model.pt)
2026-06-26 16:04:48,436 |   -> New best val loss: 28.0819 (saved best_model.pt)
2026-06-26 16:04:49,895 |   -> New best val loss: 28.0748 (saved best_model.pt)
2026-06-26 16:04:51,131 | Epoch  190/1400 | kl_g0_w=1.00 kl_u_w=1.00 | train=29.3546 (recon=52.5190, kl_g0=6.1903, kl_u=0.0000, cls=0.0000) | val=28.0690 | lr=1.00e-04
2026-06-26 16:04:51,164 |   -> New best val loss: 28.0690 (saved best_model.pt)
2026-06-26 16:04:52,628 |   -> New best val loss: 28.0669 (saved best_model.pt)
2026-06-26 16:04:54,029 |   -> New best val loss: 28.0658 (saved best_model.pt)
2026-06-26 16:04:55,387 |   -> New best val loss: 28.0654 (saved best_model.pt)
2026-06-26 16:04:56,927 |   -> New best val loss: 28.0591 (saved best_model.pt)
2026-06-26 16:04:58,189 |   -> New best val loss: 28.0474 (saved best_model.pt)
2026-06-26 16:04:59,649 |   -> New best val loss: 28.0400 (saved best_model.pt)
2026-06-26 16:05:00,975 |   -> New best val loss: 28.0367 (saved best_model.pt)
2026-06-26 16:05:02,243 |   -> New best val loss: 28.0323 (saved best_model.pt)
2026-06-26 16:05:03,941 |   -> New best val loss: 28.0251 (saved best_model.pt)
2026-06-26 16:05:05,120 | Epoch  200/1400 | kl_g0_w=1.00 kl_u_w=1.00 | train=29.1152 (recon=52.1253, kl_g0=6.1051, kl_u=0.0000, cls=0.0000) | val=28.0180 | lr=1.00e-04
2026-06-26 16:05:05,149 |   -> New best val loss: 28.0180 (saved best_model.pt)
2026-06-26 16:05:06,467 |   -> New best val loss: 28.0103 (saved best_model.pt)
2026-06-26 16:05:07,814 |   -> New best val loss: 28.0037 (saved best_model.pt)
2026-06-26 16:05:09,054 |   -> New best val loss: 27.9978 (saved best_model.pt)
2026-06-26 16:05:10,150 |   -> New best val loss: 27.9918 (saved best_model.pt)
2026-06-26 16:05:11,560 |   -> New best val loss: 27.9898 (saved best_model.pt)
2026-06-26 16:05:13,071 |   -> New best val loss: 27.9875 (saved best_model.pt)
2026-06-26 16:05:14,376 |   -> New best val loss: 27.9819 (saved best_model.pt)
2026-06-26 16:05:15,922 |   -> New best val loss: 27.9731 (saved best_model.pt)
2026-06-26 16:05:17,405 |   -> New best val loss: 27.9613 (saved best_model.pt)
2026-06-26 16:05:18,813 | Epoch  210/1400 | kl_g0_w=1.00 kl_u_w=1.00 | train=29.0517 (recon=52.1129, kl_g0=5.9905, kl_u=0.0000, cls=0.0000) | val=27.9517 | lr=1.00e-04
2026-06-26 16:05:18,846 |   -> New best val loss: 27.9517 (saved best_model.pt)
2026-06-26 16:05:19,949 |   -> New best val loss: 27.9446 (saved best_model.pt)
2026-06-26 16:05:21,471 |   -> New best val loss: 27.9372 (saved best_model.pt)
2026-06-26 16:05:22,928 |   -> New best val loss: 27.9273 (saved best_model.pt)
2026-06-26 16:05:24,507 |   -> New best val loss: 27.9185 (saved best_model.pt)
2026-06-26 16:05:25,899 |   -> New best val loss: 27.9161 (saved best_model.pt)
2026-06-26 16:05:27,168 |   -> New best val loss: 27.9125 (saved best_model.pt)
2026-06-26 16:05:28,363 |   -> New best val loss: 27.9073 (saved best_model.pt)
2026-06-26 16:05:29,671 |   -> New best val loss: 27.8996 (saved best_model.pt)
2026-06-26 16:05:30,907 |   -> New best val loss: 27.8953 (saved best_model.pt)
2026-06-26 16:05:32,481 | Epoch  220/1400 | kl_g0_w=1.00 kl_u_w=1.00 | train=28.7797 (recon=51.6753, kl_g0=5.8842, kl_u=0.0000, cls=0.0000) | val=27.8891 | lr=1.00e-04
2026-06-26 16:05:32,501 |   -> New best val loss: 27.8891 (saved best_model.pt)
2026-06-26 16:05:33,827 |   -> New best val loss: 27.8835 (saved best_model.pt)
2026-06-26 16:05:35,472 |   -> New best val loss: 27.8727 (saved best_model.pt)
2026-06-26 16:05:37,035 |   -> New best val loss: 27.8587 (saved best_model.pt)
2026-06-26 16:05:38,376 |   -> New best val loss: 27.8488 (saved best_model.pt)
2026-06-26 16:05:39,957 |   -> New best val loss: 27.8382 (saved best_model.pt)
2026-06-26 16:05:41,399 |   -> New best val loss: 27.8333 (saved best_model.pt)
2026-06-26 16:05:42,773 |   -> New best val loss: 27.8281 (saved best_model.pt)
2026-06-26 16:05:44,061 |   -> New best val loss: 27.8207 (saved best_model.pt)
2026-06-26 16:05:45,603 |   -> New best val loss: 27.8134 (saved best_model.pt)
2026-06-26 16:05:47,079 | Epoch  230/1400 | kl_g0_w=1.00 kl_u_w=1.00 | train=28.6938 (recon=51.6523, kl_g0=5.7354, kl_u=0.0000, cls=0.0000) | val=27.8056 | lr=1.00e-04
2026-06-26 16:05:47,110 |   -> New best val loss: 27.8056 (saved best_model.pt)
2026-06-26 16:05:48,339 |   -> New best val loss: 27.7993 (saved best_model.pt)
2026-06-26 16:05:49,732 |   -> New best val loss: 27.7958 (saved best_model.pt)
2026-06-26 16:05:51,086 |   -> New best val loss: 27.7876 (saved best_model.pt)
2026-06-26 16:05:52,656 |   -> New best val loss: 27.7777 (saved best_model.pt)
2026-06-26 16:05:54,310 |   -> New best val loss: 27.7652 (saved best_model.pt)
2026-06-26 16:05:55,698 |   -> New best val loss: 27.7596 (saved best_model.pt)
2026-06-26 16:05:56,863 |   -> New best val loss: 27.7553 (saved best_model.pt)
2026-06-26 16:05:58,552 |   -> New best val loss: 27.7477 (saved best_model.pt)
2026-06-26 16:05:59,878 |   -> New best val loss: 27.7398 (saved best_model.pt)
2026-06-26 16:06:01,212 | Epoch  240/1400 | kl_g0_w=1.00 kl_u_w=1.00 | train=28.5631 (recon=51.5552, kl_g0=5.5709, kl_u=0.0000, cls=0.0000) | val=27.7298 | lr=1.00e-04
2026-06-26 16:06:01,247 |   -> New best val loss: 27.7298 (saved best_model.pt)
2026-06-26 16:06:02,605 |   -> New best val loss: 27.7181 (saved best_model.pt)
2026-06-26 16:06:03,850 |   -> New best val loss: 27.7011 (saved best_model.pt)
2026-06-26 16:06:05,208 |   -> New best val loss: 27.6922 (saved best_model.pt)
2026-06-26 16:06:06,513 |   -> New best val loss: 27.6838 (saved best_model.pt)
2026-06-26 16:06:08,049 |   -> New best val loss: 27.6766 (saved best_model.pt)
2026-06-26 16:06:09,345 |   -> New best val loss: 27.6722 (saved best_model.pt)
2026-06-26 16:06:10,834 |   -> New best val loss: 27.6628 (saved best_model.pt)
2026-06-26 16:06:12,214 |   -> New best val loss: 27.6533 (saved best_model.pt)
2026-06-26 16:06:13,643 |   -> New best val loss: 27.6444 (saved best_model.pt)
2026-06-26 16:06:14,845 | Epoch  250/1400 | kl_g0_w=1.00 kl_u_w=1.00 | train=28.3516 (recon=51.3110, kl_g0=5.3922, kl_u=0.0000, cls=0.0000) | val=27.6300 | lr=1.00e-04
2026-06-26 16:06:14,876 |   -> New best val loss: 27.6300 (saved best_model.pt)
2026-06-26 16:06:16,367 |   -> New best val loss: 27.6175 (saved best_model.pt)
2026-06-26 16:06:17,994 |   -> New best val loss: 27.6007 (saved best_model.pt)
2026-06-26 16:06:19,258 |   -> New best val loss: 27.5863 (saved best_model.pt)
2026-06-26 16:06:20,733 |   -> New best val loss: 27.5849 (saved best_model.pt)
2026-06-26 16:06:21,965 |   -> New best val loss: 27.5830 (saved best_model.pt)
2026-06-26 16:06:23,473 |   -> New best val loss: 27.5762 (saved best_model.pt)
2026-06-26 16:06:24,949 |   -> New best val loss: 27.5641 (saved best_model.pt)
2026-06-26 16:06:26,473 |   -> New best val loss: 27.5486 (saved best_model.pt)
2026-06-26 16:06:28,000 |   -> New best val loss: 27.5318 (saved best_model.pt)
2026-06-26 16:06:29,645 | Epoch  260/1400 | kl_g0_w=1.00 kl_u_w=1.00 | train=28.2357 (recon=51.2755, kl_g0=5.1959, kl_u=0.0000, cls=0.0000) | val=27.5206 | lr=1.00e-04
2026-06-26 16:06:29,679 |   -> New best val loss: 27.5206 (saved best_model.pt)
2026-06-26 16:06:30,999 |   -> New best val loss: 27.5181 (saved best_model.pt)
2026-06-26 16:06:35,489 |   -> New best val loss: 27.5045 (saved best_model.pt)
2026-06-26 16:06:36,898 |   -> New best val loss: 27.4944 (saved best_model.pt)
2026-06-26 16:06:38,007 |   -> New best val loss: 27.4853 (saved best_model.pt)
2026-06-26 16:06:39,590 |   -> New best val loss: 27.4754 (saved best_model.pt)
2026-06-26 16:06:40,724 |   -> New best val loss: 27.4616 (saved best_model.pt)
2026-06-26 16:06:41,904 |   -> New best val loss: 27.4473 (saved best_model.pt)
2026-06-26 16:06:43,263 | Epoch  270/1400 | kl_g0_w=1.00 kl_u_w=1.00 | train=28.0632 (recon=51.1288, kl_g0=4.9977, kl_u=0.0000, cls=0.0000) | val=27.4265 | lr=1.00e-04
2026-06-26 16:06:43,285 |   -> New best val loss: 27.4265 (saved best_model.pt)
2026-06-26 16:06:44,457 |   -> New best val loss: 27.4053 (saved best_model.pt)
2026-06-26 16:06:45,609 |   -> New best val loss: 27.3962 (saved best_model.pt)
2026-06-26 16:06:48,063 |   -> New best val loss: 27.3926 (saved best_model.pt)
2026-06-26 16:06:51,592 |   -> New best val loss: 27.3881 (saved best_model.pt)
2026-06-26 16:06:55,154 |   -> New best val loss: 27.3788 (saved best_model.pt)
2026-06-26 16:06:58,741 |   -> New best val loss: 27.3681 (saved best_model.pt)
2026-06-26 16:07:02,368 |   -> New best val loss: 27.3538 (saved best_model.pt)
2026-06-26 16:07:05,973 |   -> New best val loss: 27.3310 (saved best_model.pt)
2026-06-26 16:07:09,541 |   -> New best val loss: 27.3157 (saved best_model.pt)
2026-06-26 16:07:13,070 | Epoch  280/1400 | kl_g0_w=1.00 kl_u_w=1.00 | train=27.9779 (recon=51.1984, kl_g0=4.7574, kl_u=0.0000, cls=0.0000) | val=27.3129 | lr=1.00e-04
2026-06-26 16:07:13,123 |   -> New best val loss: 27.3129 (saved best_model.pt)
2026-06-26 16:07:15,648 |   -> New best val loss: 27.3082 (saved best_model.pt)
2026-06-26 16:07:16,729 |   -> New best val loss: 27.2978 (saved best_model.pt)
2026-06-26 16:07:17,811 |   -> New best val loss: 27.2832 (saved best_model.pt)
2026-06-26 16:07:18,809 |   -> New best val loss: 27.2688 (saved best_model.pt)
2026-06-26 16:07:19,808 |   -> New best val loss: 27.2540 (saved best_model.pt)
2026-06-26 16:07:20,863 |   -> New best val loss: 27.2352 (saved best_model.pt)
2026-06-26 16:07:22,001 |   -> New best val loss: 27.2235 (saved best_model.pt)
2026-06-26 16:07:23,459 |   -> New best val loss: 27.2078 (saved best_model.pt)
2026-06-26 16:07:24,751 |   -> New best val loss: 27.1976 (saved best_model.pt)
2026-06-26 16:07:26,036 | Epoch  290/1400 | kl_g0_w=1.00 kl_u_w=1.00 | train=27.8454 (recon=51.1564, kl_g0=4.5343, kl_u=0.0000, cls=0.0000) | val=27.1958 | lr=1.00e-04
2026-06-26 16:07:26,064 |   -> New best val loss: 27.1958 (saved best_model.pt)
2026-06-26 16:07:27,234 |   -> New best val loss: 27.1870 (saved best_model.pt)
2026-06-26 16:07:28,329 |   -> New best val loss: 27.1620 (saved best_model.pt)
2026-06-26 16:07:29,697 |   -> New best val loss: 27.1403 (saved best_model.pt)
2026-06-26 16:07:30,810 |   -> New best val loss: 27.1260 (saved best_model.pt)
2026-06-26 16:07:31,880 |   -> New best val loss: 27.1217 (saved best_model.pt)
2026-06-26 16:07:32,880 |   -> New best val loss: 27.1117 (saved best_model.pt)
2026-06-26 16:07:33,867 |   -> New best val loss: 27.1012 (saved best_model.pt)
2026-06-26 16:07:35,113 |   -> New best val loss: 27.0926 (saved best_model.pt)
2026-06-26 16:07:36,242 |   -> New best val loss: 27.0758 (saved best_model.pt)
2026-06-26 16:07:37,323 | Epoch  300/1400 | kl_g0_w=1.00 kl_u_w=1.00 | train=27.6799 (recon=51.0747, kl_g0=4.2851, kl_u=0.0000, cls=0.0000) | val=27.0550 | lr=1.00e-04
2026-06-26 16:07:37,339 |   -> New best val loss: 27.0550 (saved best_model.pt)
2026-06-26 16:07:38,328 |   -> New best val loss: 27.0306 (saved best_model.pt)
2026-06-26 16:07:39,343 |   -> New best val loss: 27.0143 (saved best_model.pt)
2026-06-26 16:07:41,339 |   -> New best val loss: 27.0116 (saved best_model.pt)
2026-06-26 16:07:42,365 |   -> New best val loss: 26.9923 (saved best_model.pt)
2026-06-26 16:07:43,367 |   -> New best val loss: 26.9644 (saved best_model.pt)
2026-06-26 16:07:44,353 |   -> New best val loss: 26.9522 (saved best_model.pt)
2026-06-26 16:07:46,349 |   -> New best val loss: 26.9400 (saved best_model.pt)
2026-06-26 16:07:47,834 | Epoch  310/1400 | kl_g0_w=1.00 kl_u_w=1.00 | train=27.4605 (recon=50.9286, kl_g0=3.9924, kl_u=0.0000, cls=0.0000) | val=26.9086 | lr=1.00e-04
2026-06-26 16:07:47,856 |   -> New best val loss: 26.9086 (saved best_model.pt)
2026-06-26 16:07:49,439 |   -> New best val loss: 26.8760 (saved best_model.pt)
2026-06-26 16:07:50,903 |   -> New best val loss: 26.8613 (saved best_model.pt)
2026-06-26 16:07:52,257 |   -> New best val loss: 26.8474 (saved best_model.pt)
2026-06-26 16:07:53,759 |   -> New best val loss: 26.8358 (saved best_model.pt)
2026-06-26 16:07:55,222 |   -> New best val loss: 26.8274 (saved best_model.pt)
2026-06-26 16:07:56,603 |   -> New best val loss: 26.8230 (saved best_model.pt)
2026-06-26 16:07:58,102 |   -> New best val loss: 26.8125 (saved best_model.pt)
2026-06-26 16:07:59,620 |   -> New best val loss: 26.8064 (saved best_model.pt)
2026-06-26 16:08:00,901 |   -> New best val loss: 26.7803 (saved best_model.pt)
2026-06-26 16:08:02,370 | Epoch  320/1400 | kl_g0_w=1.00 kl_u_w=1.00 | train=27.3375 (recon=50.9956, kl_g0=3.6794, kl_u=0.0000, cls=0.0000) | val=26.7447 | lr=1.00e-04
2026-06-26 16:08:02,407 |   -> New best val loss: 26.7447 (saved best_model.pt)
2026-06-26 16:08:03,844 |   -> New best val loss: 26.7369 (saved best_model.pt)
2026-06-26 16:08:06,800 |   -> New best val loss: 26.7117 (saved best_model.pt)
2026-06-26 16:08:08,066 |   -> New best val loss: 26.6805 (saved best_model.pt)
2026-06-26 16:08:09,353 |   -> New best val loss: 26.6647 (saved best_model.pt)
2026-06-26 16:08:10,585 |   -> New best val loss: 26.6611 (saved best_model.pt)
2026-06-26 16:08:11,863 |   -> New best val loss: 26.6589 (saved best_model.pt)
2026-06-26 16:08:13,341 |   -> New best val loss: 26.6288 (saved best_model.pt)
2026-06-26 16:08:14,995 |   -> New best val loss: 26.5937 (saved best_model.pt)
2026-06-26 16:08:16,538 | Epoch  330/1400 | kl_g0_w=1.00 kl_u_w=1.00 | train=27.1190 (recon=50.9180, kl_g0=3.3200, kl_u=0.0000, cls=0.0000) | val=26.5681 | lr=1.00e-04
2026-06-26 16:08:16,563 |   -> New best val loss: 26.5681 (saved best_model.pt)
2026-06-26 16:08:18,139 |   -> New best val loss: 26.5520 (saved best_model.pt)
2026-06-26 16:08:22,307 |   -> New best val loss: 26.5231 (saved best_model.pt)
2026-06-26 16:08:23,925 |   -> New best val loss: 26.4710 (saved best_model.pt)
2026-06-26 16:08:25,350 |   -> New best val loss: 26.4586 (saved best_model.pt)
2026-06-26 16:08:29,390 |   -> New best val loss: 26.4394 (saved best_model.pt)
2026-06-26 16:08:30,985 | Epoch  340/1400 | kl_g0_w=1.00 kl_u_w=1.00 | train=26.9628 (recon=50.9147, kl_g0=3.0109, kl_u=0.0000, cls=0.0000) | val=26.3949 | lr=1.00e-04
2026-06-26 16:08:31,017 |   -> New best val loss: 26.3949 (saved best_model.pt)
2026-06-26 16:08:32,613 |   -> New best val loss: 26.3841 (saved best_model.pt)
2026-06-26 16:08:35,556 |   -> New best val loss: 26.3773 (saved best_model.pt)
2026-06-26 16:08:36,632 |   -> New best val loss: 26.3317 (saved best_model.pt)
2026-06-26 16:08:37,620 |   -> New best val loss: 26.2939 (saved best_model.pt)
2026-06-26 16:08:38,612 |   -> New best val loss: 26.2723 (saved best_model.pt)
2026-06-26 16:08:39,638 |   -> New best val loss: 26.2659 (saved best_model.pt)
2026-06-26 16:08:40,672 |   -> New best val loss: 26.2481 (saved best_model.pt)
2026-06-26 16:08:41,696 |   -> New best val loss: 26.2086 (saved best_model.pt)
2026-06-26 16:08:42,667 | Epoch  350/1400 | kl_g0_w=1.00 kl_u_w=1.00 | train=26.7475 (recon=50.9051, kl_g0=2.5899, kl_u=0.0000, cls=0.0000) | val=26.1887 | lr=1.00e-04
2026-06-26 16:08:42,684 |   -> New best val loss: 26.1887 (saved best_model.pt)
2026-06-26 16:08:44,635 |   -> New best val loss: 26.1666 (saved best_model.pt)
2026-06-26 16:08:45,657 |   -> New best val loss: 26.1500 (saved best_model.pt)
2026-06-26 16:08:46,692 |   -> New best val loss: 26.1308 (saved best_model.pt)
2026-06-26 16:08:47,692 |   -> New best val loss: 26.1188 (saved best_model.pt)
2026-06-26 16:08:49,675 |   -> New best val loss: 26.0941 (saved best_model.pt)
2026-06-26 16:08:50,683 |   -> New best val loss: 26.0387 (saved best_model.pt)
2026-06-26 16:08:51,720 |   -> New best val loss: 25.9981 (saved best_model.pt)
2026-06-26 16:08:52,664 | Epoch  360/1400 | kl_g0_w=1.00 kl_u_w=1.00 | train=26.5161 (recon=50.8162, kl_g0=2.2160, kl_u=0.0000, cls=0.0000) | val=25.9867 | lr=1.00e-04
2026-06-26 16:08:52,680 |   -> New best val loss: 25.9867 (saved best_model.pt)
2026-06-26 16:08:53,693 |   -> New best val loss: 25.9856 (saved best_model.pt)
2026-06-26 16:08:54,706 |   -> New best val loss: 25.9743 (saved best_model.pt)
2026-06-26 16:08:55,685 |   -> New best val loss: 25.9412 (saved best_model.pt)
2026-06-26 16:08:56,747 |   -> New best val loss: 25.9076 (saved best_model.pt)
2026-06-26 16:08:57,745 |   -> New best val loss: 25.8808 (saved best_model.pt)
2026-06-26 16:08:58,752 |   -> New best val loss: 25.8700 (saved best_model.pt)
2026-06-26 16:08:59,765 |   -> New best val loss: 25.8559 (saved best_model.pt)
2026-06-26 16:09:00,787 |   -> New best val loss: 25.8308 (saved best_model.pt)
2026-06-26 16:09:01,820 |   -> New best val loss: 25.8116 (saved best_model.pt)
2026-06-26 16:09:02,784 | Epoch  370/1400 | kl_g0_w=1.00 kl_u_w=1.00 | train=26.2609 (recon=50.6802, kl_g0=1.8416, kl_u=0.0000, cls=0.0000) | val=25.7883 | lr=1.00e-04
2026-06-26 16:09:02,803 |   -> New best val loss: 25.7883 (saved best_model.pt)
2026-06-26 16:09:03,792 |   -> New best val loss: 25.7651 (saved best_model.pt)
2026-06-26 16:09:04,791 |   -> New best val loss: 25.7368 (saved best_model.pt)
2026-06-26 16:09:05,749 |   -> New best val loss: 25.6983 (saved best_model.pt)
2026-06-26 16:09:06,828 |   -> New best val loss: 25.6771 (saved best_model.pt)
2026-06-26 16:09:07,820 |   -> New best val loss: 25.6688 (saved best_model.pt)
2026-06-26 16:09:08,816 |   -> New best val loss: 25.6588 (saved best_model.pt)
2026-06-26 16:09:09,901 |   -> New best val loss: 25.6341 (saved best_model.pt)
2026-06-26 16:09:10,877 |   -> New best val loss: 25.6069 (saved best_model.pt)
2026-06-26 16:09:11,967 |   -> New best val loss: 25.5845 (saved best_model.pt)
2026-06-26 16:09:13,003 | Epoch  380/1400 | kl_g0_w=1.00 kl_u_w=1.00 | train=26.0106 (recon=50.5882, kl_g0=1.4329, kl_u=0.0000, cls=0.0000) | val=25.5618 | lr=1.00e-04
2026-06-26 16:09:13,026 |   -> New best val loss: 25.5618 (saved best_model.pt)
2026-06-26 16:09:14,079 |   -> New best val loss: 25.5439 (saved best_model.pt)
2026-06-26 16:09:15,107 |   -> New best val loss: 25.5262 (saved best_model.pt)
2026-06-26 16:09:16,179 |   -> New best val loss: 25.5129 (saved best_model.pt)
2026-06-26 16:09:17,351 |   -> New best val loss: 25.5022 (saved best_model.pt)
2026-06-26 16:09:18,504 |   -> New best val loss: 25.4903 (saved best_model.pt)
2026-06-26 16:09:19,558 |   -> New best val loss: 25.4735 (saved best_model.pt)
2026-06-26 16:09:20,575 |   -> New best val loss: 25.4515 (saved best_model.pt)
2026-06-26 16:09:21,588 |   -> New best val loss: 25.4265 (saved best_model.pt)
2026-06-26 16:09:22,640 |   -> New best val loss: 25.4068 (saved best_model.pt)
2026-06-26 16:09:23,624 | Epoch  390/1400 | kl_g0_w=1.00 kl_u_w=1.00 | train=25.8090 (recon=50.5322, kl_g0=1.0858, kl_u=0.0000, cls=0.0000) | val=25.3945 | lr=1.00e-04
2026-06-26 16:09:23,650 |   -> New best val loss: 25.3945 (saved best_model.pt)
2026-06-26 16:09:24,665 |   -> New best val loss: 25.3827 (saved best_model.pt)
2026-06-26 16:09:25,673 |   -> New best val loss: 25.3686 (saved best_model.pt)
2026-06-26 16:09:26,639 |   -> New best val loss: 25.3569 (saved best_model.pt)
2026-06-26 16:09:27,717 |   -> New best val loss: 25.3436 (saved best_model.pt)
2026-06-26 16:09:28,726 |   -> New best val loss: 25.3308 (saved best_model.pt)
2026-06-26 16:09:29,713 |   -> New best val loss: 25.3195 (saved best_model.pt)
2026-06-26 16:09:30,702 |   -> New best val loss: 25.3081 (saved best_model.pt)
2026-06-26 16:09:31,717 |   -> New best val loss: 25.2977 (saved best_model.pt)
2026-06-26 16:09:32,781 |   -> New best val loss: 25.2891 (saved best_model.pt)
2026-06-26 16:09:33,743 | Epoch  400/1400 | kl_g0_w=1.00 kl_u_w=1.00 | train=25.5480 (recon=50.2424, kl_g0=0.8535, kl_u=0.0000, cls=0.0000) | val=25.2796 | lr=1.00e-04
2026-06-26 16:09:33,762 |   -> New best val loss: 25.2796 (saved best_model.pt)
2026-06-26 16:09:34,758 |   -> New best val loss: 25.2691 (saved best_model.pt)
2026-06-26 16:09:35,727 |   -> New best val loss: 25.2591 (saved best_model.pt)
2026-06-26 16:09:36,725 |   -> New best val loss: 25.2502 (saved best_model.pt)
2026-06-26 16:09:37,773 |   -> New best val loss: 25.2438 (saved best_model.pt)
2026-06-26 16:09:38,833 |   -> New best val loss: 25.2360 (saved best_model.pt)
2026-06-26 16:09:39,841 |   -> New best val loss: 25.2282 (saved best_model.pt)
2026-06-26 16:09:40,835 |   -> New best val loss: 25.2210 (saved best_model.pt)
2026-06-26 16:09:41,794 |   -> New best val loss: 25.2136 (saved best_model.pt)
2026-06-26 16:09:42,864 |   -> New best val loss: 25.2072 (saved best_model.pt)
2026-06-26 16:09:43,879 | Epoch  410/1400 | kl_g0_w=1.00 kl_u_w=1.00 | train=25.4217 (recon=50.1627, kl_g0=0.6807, kl_u=0.0000, cls=0.0000) | val=25.2004 | lr=1.00e-04
2026-06-26 16:09:43,899 |   -> New best val loss: 25.2004 (saved best_model.pt)
2026-06-26 16:09:44,928 |   -> New best val loss: 25.1939 (saved best_model.pt)
2026-06-26 16:09:45,947 |   -> New best val loss: 25.1873 (saved best_model.pt)
2026-06-26 16:09:46,969 |   -> New best val loss: 25.1829 (saved best_model.pt)
2026-06-26 16:09:48,052 |   -> New best val loss: 25.1750 (saved best_model.pt)
2026-06-26 16:09:49,053 |   -> New best val loss: 25.1662 (saved best_model.pt)
2026-06-26 16:09:50,054 |   -> New best val loss: 25.1596 (saved best_model.pt)
2026-06-26 16:09:51,040 |   -> New best val loss: 25.1531 (saved best_model.pt)
2026-06-26 16:09:52,032 |   -> New best val loss: 25.1476 (saved best_model.pt)
2026-06-26 16:09:53,058 |   -> New best val loss: 25.1398 (saved best_model.pt)
2026-06-26 16:09:54,084 | Epoch  420/1400 | kl_g0_w=1.00 kl_u_w=1.00 | train=25.2823 (recon=50.0142, kl_g0=0.5505, kl_u=0.0000, cls=0.0000) | val=25.1342 | lr=1.00e-04
2026-06-26 16:09:54,101 |   -> New best val loss: 25.1342 (saved best_model.pt)
2026-06-26 16:09:55,124 |   -> New best val loss: 25.1296 (saved best_model.pt)
2026-06-26 16:09:56,104 |   -> New best val loss: 25.1245 (saved best_model.pt)
2026-06-26 16:09:57,117 |   -> New best val loss: 25.1201 (saved best_model.pt)
2026-06-26 16:09:58,156 |   -> New best val loss: 25.1153 (saved best_model.pt)
2026-06-26 16:09:59,247 |   -> New best val loss: 25.1112 (saved best_model.pt)
2026-06-26 16:10:00,268 |   -> New best val loss: 25.1071 (saved best_model.pt)
2026-06-26 16:10:01,268 |   -> New best val loss: 25.1007 (saved best_model.pt)
2026-06-26 16:10:02,262 |   -> New best val loss: 25.0934 (saved best_model.pt)
2026-06-26 16:10:03,278 |   -> New best val loss: 25.0892 (saved best_model.pt)
2026-06-26 16:10:04,317 | Epoch  430/1400 | kl_g0_w=1.00 kl_u_w=1.00 | train=25.2149 (recon=49.9756, kl_g0=0.4542, kl_u=0.0000, cls=0.0000) | val=25.0860 | lr=1.00e-04
2026-06-26 16:10:04,336 |   -> New best val loss: 25.0860 (saved best_model.pt)
2026-06-26 16:10:05,353 |   -> New best val loss: 25.0835 (saved best_model.pt)
2026-06-26 16:10:06,349 |   -> New best val loss: 25.0796 (saved best_model.pt)
2026-06-26 16:10:07,384 |   -> New best val loss: 25.0739 (saved best_model.pt)
2026-06-26 16:10:08,364 |   -> New best val loss: 25.0707 (saved best_model.pt)
2026-06-26 16:10:09,391 |   -> New best val loss: 25.0686 (saved best_model.pt)
2026-06-26 16:10:10,399 |   -> New best val loss: 25.0666 (saved best_model.pt)
2026-06-26 16:10:11,419 |   -> New best val loss: 25.0632 (saved best_model.pt)
2026-06-26 16:10:12,407 |   -> New best val loss: 25.0588 (saved best_model.pt)
2026-06-26 16:10:13,380 |   -> New best val loss: 25.0578 (saved best_model.pt)
2026-06-26 16:10:14,390 | Epoch  440/1400 | kl_g0_w=1.00 kl_u_w=1.00 | train=25.1651 (recon=49.9420, kl_g0=0.3883, kl_u=0.0000, cls=0.0000) | val=25.0524 | lr=1.00e-04
2026-06-26 16:10:14,413 |   -> New best val loss: 25.0524 (saved best_model.pt)
2026-06-26 16:10:15,386 |   -> New best val loss: 25.0478 (saved best_model.pt)
2026-06-26 16:10:16,391 |   -> New best val loss: 25.0455 (saved best_model.pt)
2026-06-26 16:10:17,446 |   -> New best val loss: 25.0444 (saved best_model.pt)
2026-06-26 16:10:18,559 |   -> New best val loss: 25.0390 (saved best_model.pt)
2026-06-26 16:10:19,708 |   -> New best val loss: 25.0356 (saved best_model.pt)
2026-06-26 16:10:20,730 |   -> New best val loss: 25.0348 (saved best_model.pt)
2026-06-26 16:10:21,740 |   -> New best val loss: 25.0297 (saved best_model.pt)
2026-06-26 16:10:22,816 |   -> New best val loss: 25.0235 (saved best_model.pt)
2026-06-26 16:10:23,888 |   -> New best val loss: 25.0188 (saved best_model.pt)
2026-06-26 16:10:24,959 | Epoch  450/1400 | kl_g0_w=1.00 kl_u_w=1.00 | train=25.0877 (recon=49.8578, kl_g0=0.3176, kl_u=0.0000, cls=0.0000) | val=25.0153 | lr=1.00e-04
2026-06-26 16:10:24,981 |   -> New best val loss: 25.0153 (saved best_model.pt)
2026-06-26 16:10:26,043 |   -> New best val loss: 25.0135 (saved best_model.pt)
2026-06-26 16:10:27,086 |   -> New best val loss: 25.0118 (saved best_model.pt)
2026-06-26 16:10:28,093 |   -> New best val loss: 25.0099 (saved best_model.pt)
2026-06-26 16:10:29,067 |   -> New best val loss: 25.0091 (saved best_model.pt)
2026-06-26 16:10:30,134 |   -> New best val loss: 25.0052 (saved best_model.pt)
2026-06-26 16:10:31,186 |   -> New best val loss: 25.0034 (saved best_model.pt)
2026-06-26 16:10:32,193 |   -> New best val loss: 25.0008 (saved best_model.pt)
2026-06-26 16:10:33,197 |   -> New best val loss: 24.9986 (saved best_model.pt)
2026-06-26 16:10:34,609 |   -> New best val loss: 24.9968 (saved best_model.pt)
2026-06-26 16:10:36,045 | Epoch  460/1400 | kl_g0_w=1.00 kl_u_w=1.00 | train=25.0540 (recon=49.8308, kl_g0=0.2771, kl_u=0.0000, cls=0.0000) | val=24.9947 | lr=1.00e-04
2026-06-26 16:10:36,074 |   -> New best val loss: 24.9947 (saved best_model.pt)
2026-06-26 16:10:37,683 |   -> New best val loss: 24.9929 (saved best_model.pt)
2026-06-26 16:10:38,827 |   -> New best val loss: 24.9913 (saved best_model.pt)
2026-06-26 16:10:39,970 |   -> New best val loss: 24.9888 (saved best_model.pt)
2026-06-26 16:10:41,343 |   -> New best val loss: 24.9872 (saved best_model.pt)
2026-06-26 16:10:43,893 |   -> New best val loss: 24.9860 (saved best_model.pt)
2026-06-26 16:10:45,015 |   -> New best val loss: 24.9816 (saved best_model.pt)
2026-06-26 16:10:49,036 | Epoch  470/1400 | kl_g0_w=1.00 kl_u_w=1.00 | train=25.0244 (recon=49.8082, kl_g0=0.2405, kl_u=0.0000, cls=0.0000) | val=24.9764 | lr=1.00e-04
2026-06-26 16:10:49,073 |   -> New best val loss: 24.9764 (saved best_model.pt)
2026-06-26 16:10:50,147 |   -> New best val loss: 24.9747 (saved best_model.pt)
2026-06-26 16:10:53,933 |   -> New best val loss: 24.9727 (saved best_model.pt)
2026-06-26 16:10:55,447 |   -> New best val loss: 24.9721 (saved best_model.pt)
2026-06-26 16:10:56,614 |   -> New best val loss: 24.9697 (saved best_model.pt)
2026-06-26 16:10:57,821 |   -> New best val loss: 24.9681 (saved best_model.pt)
2026-06-26 16:10:59,001 |   -> New best val loss: 24.9679 (saved best_model.pt)
2026-06-26 16:11:00,423 |   -> New best val loss: 24.9653 (saved best_model.pt)
2026-06-26 16:11:02,090 | Epoch  480/1400 | kl_g0_w=1.00 kl_u_w=1.00 | train=25.0086 (recon=49.8079, kl_g0=0.2093, kl_u=0.0000, cls=0.0000) | val=24.9655 | lr=1.00e-04
2026-06-26 16:11:03,644 |   -> New best val loss: 24.9647 (saved best_model.pt)
2026-06-26 16:11:05,023 |   -> New best val loss: 24.9633 (saved best_model.pt)
2026-06-26 16:11:06,737 |   -> New best val loss: 24.9632 (saved best_model.pt)
2026-06-26 16:11:08,404 |   -> New best val loss: 24.9601 (saved best_model.pt)
2026-06-26 16:11:11,502 |   -> New best val loss: 24.9584 (saved best_model.pt)
2026-06-26 16:11:13,274 |   -> New best val loss: 24.9545 (saved best_model.pt)
2026-06-26 16:11:14,895 |   -> New best val loss: 24.9537 (saved best_model.pt)
2026-06-26 16:11:17,891 | Epoch  490/1400 | kl_g0_w=1.00 kl_u_w=1.00 | train=24.9794 (recon=49.7647, kl_g0=0.1941, kl_u=0.0000, cls=0.0000) | val=24.9552 | lr=1.00e-04
2026-06-26 16:11:25,519 |   -> New best val loss: 24.9534 (saved best_model.pt)
2026-06-26 16:11:26,947 |   -> New best val loss: 24.9522 (saved best_model.pt)
2026-06-26 16:11:28,274 |   -> New best val loss: 24.9487 (saved best_model.pt)
2026-06-26 16:11:31,099 |   -> New best val loss: 24.9456 (saved best_model.pt)
2026-06-26 16:11:32,328 | Epoch  500/1400 | kl_g0_w=1.00 kl_u_w=1.00 | train=24.9614 (recon=49.7598, kl_g0=0.1630, kl_u=0.0000, cls=0.0000) | val=24.9469 | lr=1.00e-04
2026-06-26 16:11:41,118 |   -> New best val loss: 24.9440 (saved best_model.pt)
2026-06-26 16:11:46,355 | Epoch  510/1400 | kl_g0_w=1.00 kl_u_w=1.00 | train=24.9278 (recon=49.6912, kl_g0=0.1644, kl_u=0.0000, cls=0.0000) | val=24.9427 | lr=1.00e-04
2026-06-26 16:11:46,391 |   -> New best val loss: 24.9427 (saved best_model.pt)
2026-06-26 16:11:49,246 |   -> New best val loss: 24.9392 (saved best_model.pt)
2026-06-26 16:11:50,780 |   -> New best val loss: 24.9385 (saved best_model.pt)
2026-06-26 16:11:52,303 |   -> New best val loss: 24.9341 (saved best_model.pt)
2026-06-26 16:11:53,955 |   -> New best val loss: 24.9338 (saved best_model.pt)
2026-06-26 16:11:55,098 |   -> New best val loss: 24.9313 (saved best_model.pt)
2026-06-26 16:11:56,384 |   -> New best val loss: 24.9293 (saved best_model.pt)
2026-06-26 16:11:57,603 |   -> New best val loss: 24.9281 (saved best_model.pt)
2026-06-26 16:11:59,925 | Epoch  520/1400 | kl_g0_w=1.00 kl_u_w=1.00 | train=24.9422 (recon=49.7381, kl_g0=0.1462, kl_u=0.0000, cls=0.0000) | val=24.9280 | lr=1.00e-04
2026-06-26 16:11:59,960 |   -> New best val loss: 24.9280 (saved best_model.pt)
2026-06-26 16:12:01,327 |   -> New best val loss: 24.9264 (saved best_model.pt)
2026-06-26 16:12:02,755 |   -> New best val loss: 24.9258 (saved best_model.pt)
2026-06-26 16:12:04,088 |   -> New best val loss: 24.9256 (saved best_model.pt)
2026-06-26 16:12:12,289 |   -> New best val loss: 24.9246 (saved best_model.pt)
2026-06-26 16:12:13,810 | Epoch  530/1400 | kl_g0_w=1.00 kl_u_w=1.00 | train=24.9520 (recon=49.7653, kl_g0=0.1387, kl_u=0.0000, cls=0.0000) | val=24.9265 | lr=1.00e-04
2026-06-26 16:12:16,899 |   -> New best val loss: 24.9246 (saved best_model.pt)
2026-06-26 16:12:23,643 |   -> New best val loss: 24.9228 (saved best_model.pt)
2026-06-26 16:12:24,946 |   -> New best val loss: 24.9220 (saved best_model.pt)
2026-06-26 16:12:26,196 |   -> New best val loss: 24.9203 (saved best_model.pt)
2026-06-26 16:12:27,471 | Epoch  540/1400 | kl_g0_w=1.00 kl_u_w=1.00 | train=24.9214 (recon=49.7091, kl_g0=0.1337, kl_u=0.0000, cls=0.0000) | val=24.9209 | lr=1.00e-04
2026-06-26 16:12:28,922 |   -> New best val loss: 24.9202 (saved best_model.pt)
2026-06-26 16:12:31,825 |   -> New best val loss: 24.9180 (saved best_model.pt)
2026-06-26 16:12:38,934 |   -> New best val loss: 24.9167 (saved best_model.pt)
2026-06-26 16:12:41,726 | Epoch  550/1400 | kl_g0_w=1.00 kl_u_w=1.00 | train=24.9179 (recon=49.6974, kl_g0=0.1384, kl_u=0.0000, cls=0.0000) | val=24.9201 | lr=1.00e-04
2026-06-26 16:12:45,883 |   -> New best val loss: 24.9157 (saved best_model.pt)
2026-06-26 16:12:56,747 | Epoch  560/1400 | kl_g0_w=1.00 kl_u_w=1.00 | train=24.8969 (recon=49.6587, kl_g0=0.1351, kl_u=0.0000, cls=0.0000) | val=24.9169 | lr=1.00e-04
2026-06-26 16:12:57,924 |   -> New best val loss: 24.9138 (saved best_model.pt)
2026-06-26 16:13:00,623 |   -> New best val loss: 24.9130 (saved best_model.pt)
2026-06-26 16:13:10,201 | Epoch  570/1400 | kl_g0_w=1.00 kl_u_w=1.00 | train=24.8943 (recon=49.6492, kl_g0=0.1395, kl_u=0.0000, cls=0.0000) | val=24.9151 | lr=1.00e-04
2026-06-26 16:13:16,105 |   -> New best val loss: 24.9098 (saved best_model.pt)
2026-06-26 16:13:19,010 |   -> New best val loss: 24.9076 (saved best_model.pt)
2026-06-26 16:13:23,995 | Epoch  580/1400 | kl_g0_w=1.00 kl_u_w=1.00 | train=24.8861 (recon=49.6212, kl_g0=0.1510, kl_u=0.0000, cls=0.0000) | val=24.9085 | lr=1.00e-04
2026-06-26 16:13:29,298 |   -> New best val loss: 24.9064 (saved best_model.pt)
2026-06-26 16:13:30,976 |   -> New best val loss: 24.9039 (saved best_model.pt)
2026-06-26 16:13:32,497 |   -> New best val loss: 24.9029 (saved best_model.pt)
2026-06-26 16:13:33,865 |   -> New best val loss: 24.9023 (saved best_model.pt)
2026-06-26 16:13:35,326 |   -> New best val loss: 24.9008 (saved best_model.pt)
2026-06-26 16:13:38,272 | Epoch  590/1400 | kl_g0_w=1.00 kl_u_w=1.00 | train=24.9214 (recon=49.6898, kl_g0=0.1530, kl_u=0.0000, cls=0.0000) | val=24.9023 | lr=1.00e-04
2026-06-26 16:13:52,464 | Epoch  600/1400 | kl_g0_w=1.00 kl_u_w=1.00 | train=24.8737 (recon=49.6050, kl_g0=0.1423, kl_u=0.0000, cls=0.0000) | val=24.9023 | lr=1.00e-04
2026-06-26 16:13:56,644 |   -> New best val loss: 24.8980 (saved best_model.pt)
2026-06-26 16:13:59,167 |   -> New best val loss: 24.8956 (saved best_model.pt)
2026-06-26 16:14:03,057 |   -> New best val loss: 24.8953 (saved best_model.pt)
2026-06-26 16:14:05,913 | Epoch  610/1400 | kl_g0_w=1.00 kl_u_w=1.00 | train=24.8588 (recon=49.5868, kl_g0=0.1308, kl_u=0.0000, cls=0.0000) | val=24.8973 | lr=1.00e-04
2026-06-26 16:14:07,312 |   -> New best val loss: 24.8939 (saved best_model.pt)
2026-06-26 16:14:09,959 |   -> New best val loss: 24.8911 (saved best_model.pt)
2026-06-26 16:14:20,075 | Epoch  620/1400 | kl_g0_w=1.00 kl_u_w=1.00 | train=24.8207 (recon=49.4638, kl_g0=0.1775, kl_u=0.0000, cls=0.0000) | val=24.9112 | lr=1.00e-04
2026-06-26 16:14:33,292 | Epoch  630/1400 | kl_g0_w=1.00 kl_u_w=1.00 | train=24.8620 (recon=49.5606, kl_g0=0.1634, kl_u=0.0000, cls=0.0000) | val=24.9020 | lr=5.00e-05
2026-06-26 16:14:46,036 | Epoch  640/1400 | kl_g0_w=1.00 kl_u_w=1.00 | train=24.8570 (recon=49.5513, kl_g0=0.1627, kl_u=0.0000, cls=0.0000) | val=24.8981 | lr=5.00e-05
2026-06-26 16:14:49,651 | Early stopping at epoch 643 -- no improvement for 30 epochs.
2026-06-26 16:14:49,687 | Final model saved to C:\Users\USER\Documents\GitHub\LIFUS-BRICK\results\training\ablation_no_control\final_model.pt
2026-06-26 16:14:49,687 | Best val loss: 24.8911
2026-06-26 16:14:49,688 | Training complete.
