2026-07-23 15:35:09,007 | ============================================================
2026-07-23 15:35:09,008 | Task-State BRICK Training -- POST model
2026-07-23 15:35:09,008 | num_classes=4, BETA=0.2, n_epochs=3000
2026-07-23 15:35:09,008 | Val subjects: ['fuspd12', 'fuspd08']
2026-07-23 15:35:09,008 | ============================================================
2026-07-23 15:35:09,022 | Split: 34 train | 4 val
2026-07-23 15:35:09,022 | Train label dist: {0: 8, 1: 9, 2: 9, 3: 8}
2026-07-23 15:35:09,022 | Val label dist:   {0: 1, 1: 1, 2: 1, 3: 1}
2026-07-23 15:35:09,037 | Model parameters: 554,896
2026-07-23 15:35:10,000 | Epoch    1/3000 | train=1410.9963 (recon=1763.1983, cls=1.3854) | val=145.0820 (cls=1.3911) | lr=1.00e-04
2026-07-23 15:35:10,012 |   -> New joint-best cls: val=1.3911, train=1.3854
2026-07-23 15:35:25,147 | Epoch   10/3000 | train=45.5445 (recon=55.9853, cls=1.3870) | val=42.4067 (cls=1.3955) | lr=1.00e-04
2026-07-23 15:35:46,895 | Epoch   20/3000 | train=36.6457 (recon=44.1855, cls=1.3827) | val=37.5188 (cls=1.3938) | lr=1.00e-04
2026-07-23 15:36:07,449 | Epoch   30/3000 | train=30.5677 (recon=36.3299, cls=1.3794) | val=32.8570 (cls=1.3910) | lr=1.00e-04
2026-07-23 15:36:07,474 |   -> New joint-best cls: val=1.3910, train=1.3794
2026-07-23 15:36:30,500 | Epoch   40/3000 | train=26.7360 (recon=31.4248, cls=1.3784) | val=29.2128 (cls=1.3863) | lr=1.00e-04
2026-07-23 15:36:30,516 |   -> New joint-best cls: val=1.3863, train=1.3784
2026-07-23 15:36:45,653 |   -> New joint-best cls: val=1.3830, train=1.3775
2026-07-23 15:36:48,008 | Epoch   50/3000 | train=24.0691 (recon=28.0312, cls=1.3789) | val=26.4540 (cls=1.3832) | lr=1.00e-04
2026-07-23 15:36:58,639 |   -> New joint-best cls: val=1.3828, train=1.3773
2026-07-23 15:37:06,702 | Epoch   60/3000 | train=22.1426 (recon=25.5988, cls=1.3801) | val=24.3438 (cls=1.3819) | lr=1.00e-04
2026-07-23 15:37:20,108 |   -> New joint-best cls: val=1.3816, train=1.3770
2026-07-23 15:37:24,987 | Epoch   70/3000 | train=20.2997 (recon=23.2820, cls=1.3791) | val=22.4796 (cls=1.3819) | lr=1.00e-04
2026-07-23 15:37:42,210 | Epoch   80/3000 | train=18.9063 (recon=21.5317, cls=1.3796) | val=21.3158 (cls=1.3818) | lr=1.00e-04
2026-07-23 15:37:51,497 |   -> New joint-best cls: val=1.3814, train=1.3762
2026-07-23 15:38:02,355 | Epoch   90/3000 | train=17.6034 (recon=19.8990, cls=1.3795) | val=19.4254 (cls=1.3813) | lr=1.00e-04
2026-07-23 15:38:19,060 | Epoch  100/3000 | train=16.4701 (recon=18.4812, cls=1.3761) | val=18.0487 (cls=1.3811) | lr=1.00e-04
2026-07-23 15:38:19,082 |   -> New joint-best cls: val=1.3811, train=1.3761
2026-07-23 15:38:24,207 |   -> New joint-best cls: val=1.3803, train=1.3749
2026-07-23 15:38:38,120 | Epoch  110/3000 | train=15.5807 (recon=17.3596, cls=1.3772) | val=16.6482 (cls=1.3805) | lr=1.00e-04
2026-07-23 15:38:59,284 | Epoch  120/3000 | train=14.8163 (recon=16.4041, cls=1.3774) | val=15.8928 (cls=1.3816) | lr=1.00e-04
2026-07-23 15:39:15,993 | Epoch  130/3000 | train=13.9406 (recon=15.3107, cls=1.3784) | val=15.1508 (cls=1.3809) | lr=1.00e-04
2026-07-23 15:39:28,451 | Epoch  140/3000 | train=13.3071 (recon=14.5112, cls=1.3783) | val=13.9996 (cls=1.3812) | lr=1.00e-04
2026-07-23 15:39:40,903 | Epoch  150/3000 | train=12.6149 (recon=13.6475, cls=1.3776) | val=13.6367 (cls=1.3818) | lr=1.00e-04
2026-07-23 15:39:53,141 | Epoch  160/3000 | train=12.1202 (recon=13.0277, cls=1.3740) | val=12.9603 (cls=1.3811) | lr=1.00e-04
2026-07-23 15:40:05,462 | Epoch  170/3000 | train=11.5808 (recon=12.3543, cls=1.3762) | val=12.4394 (cls=1.3833) | lr=1.00e-04
2026-07-23 15:40:16,038 | Epoch  180/3000 | train=11.1566 (recon=11.8370, cls=1.3754) | val=12.1834 (cls=1.3833) | lr=1.00e-04
2026-07-23 15:40:26,218 | Epoch  190/3000 | train=10.8323 (recon=11.4326, cls=1.3740) | val=11.5158 (cls=1.3833) | lr=1.00e-04
2026-07-23 15:40:38,294 | Epoch  200/3000 | train=10.3815 (recon=10.8642, cls=1.3744) | val=10.9904 (cls=1.3831) | lr=1.00e-04
2026-07-23 15:40:50,483 | Epoch  210/3000 | train=9.9851 (recon=10.3808, cls=1.3760) | val=10.6284 (cls=1.3830) | lr=1.00e-04
2026-07-23 15:40:58,601 | Epoch  220/3000 | train=9.6859 (recon=10.0133, cls=1.3752) | val=10.5389 (cls=1.3833) | lr=1.00e-04
2026-07-23 15:41:10,104 | Epoch  230/3000 | train=9.3911 (recon=9.6553, cls=1.3750) | val=10.0847 (cls=1.3845) | lr=1.00e-04
2026-07-23 15:41:18,063 | Epoch  240/3000 | train=9.1669 (recon=9.3823, cls=1.3733) | val=9.7773 (cls=1.3853) | lr=1.00e-04
2026-07-23 15:41:25,920 | Epoch  250/3000 | train=8.8646 (recon=9.0222, cls=1.3743) | val=9.4292 (cls=1.3852) | lr=1.00e-04
2026-07-23 15:41:33,637 | Epoch  260/3000 | train=8.6579 (recon=8.7623, cls=1.3736) | val=9.2108 (cls=1.3853) | lr=1.00e-04
2026-07-23 15:41:45,803 | Epoch  270/3000 | train=8.4179 (recon=8.4785, cls=1.3708) | val=8.9662 (cls=1.3855) | lr=1.00e-04
2026-07-23 15:41:53,410 | Epoch  280/3000 | train=8.2232 (recon=8.2426, cls=1.3730) | val=8.8504 (cls=1.3850) | lr=1.00e-04
2026-07-23 15:42:05,932 | Epoch  290/3000 | train=8.0881 (recon=8.0829, cls=1.3726) | val=8.7398 (cls=1.3850) | lr=1.00e-04
2026-07-23 15:42:13,683 | Epoch  300/3000 | train=7.9331 (recon=7.8939, cls=1.3689) | val=8.6871 (cls=1.3854) | lr=1.00e-04
2026-07-23 15:42:21,375 | Epoch  310/3000 | train=7.7482 (recon=7.6687, cls=1.3704) | val=8.4021 (cls=1.3855) | lr=1.00e-04
2026-07-23 15:42:29,178 | Epoch  320/3000 | train=7.5885 (recon=7.4845, cls=1.3693) | val=8.1224 (cls=1.3848) | lr=1.00e-04
2026-07-23 15:42:37,002 | Epoch  330/3000 | train=7.4652 (recon=7.3319, cls=1.3699) | val=7.9458 (cls=1.3846) | lr=1.00e-04
2026-07-23 15:42:46,538 | Epoch  340/3000 | train=7.2896 (recon=7.1179, cls=1.3683) | val=7.9103 (cls=1.3855) | lr=1.00e-04
2026-07-23 15:42:59,015 | Epoch  350/3000 | train=7.2017 (recon=7.0210, cls=1.3693) | val=7.7004 (cls=1.3855) | lr=1.00e-04
2026-07-23 15:43:11,461 | Epoch  360/3000 | train=7.0189 (recon=6.8075, cls=1.3687) | val=7.5555 (cls=1.3864) | lr=1.00e-04
2026-07-23 15:43:23,807 | Epoch  370/3000 | train=6.9229 (recon=6.6889, cls=1.3649) | val=7.4477 (cls=1.3861) | lr=1.00e-04
2026-07-23 15:43:36,156 | Epoch  380/3000 | train=6.7700 (recon=6.5157, cls=1.3671) | val=7.4397 (cls=1.3859) | lr=1.00e-04
2026-07-23 15:43:48,508 | Epoch  390/3000 | train=6.6736 (recon=6.3960, cls=1.3665) | val=7.2913 (cls=1.3854) | lr=1.00e-04
2026-07-23 15:44:01,143 | Epoch  400/3000 | train=6.5696 (recon=6.2759, cls=1.3663) | val=7.1191 (cls=1.3842) | lr=1.00e-04
2026-07-23 15:44:13,876 | Epoch  410/3000 | train=6.4508 (recon=6.1298, cls=1.3642) | val=6.9653 (cls=1.3850) | lr=1.00e-04
2026-07-23 15:44:22,205 | Epoch  420/3000 | train=6.3292 (recon=5.9883, cls=1.3632) | val=6.9140 (cls=1.3849) | lr=1.00e-04
2026-07-23 15:44:32,696 | Epoch  430/3000 | train=6.2458 (recon=5.8920, cls=1.3624) | val=6.8327 (cls=1.3840) | lr=1.00e-04
2026-07-23 15:44:40,398 | Epoch  440/3000 | train=6.1156 (recon=5.7347, cls=1.3619) | val=6.6814 (cls=1.3833) | lr=1.00e-04
2026-07-23 15:44:48,094 | Epoch  450/3000 | train=6.0144 (recon=5.6173, cls=1.3608) | val=6.5259 (cls=1.3836) | lr=1.00e-04
2026-07-23 15:44:55,951 | Epoch  460/3000 | train=5.9126 (recon=5.4930, cls=1.3614) | val=6.5030 (cls=1.3845) | lr=1.00e-04
2026-07-23 15:45:03,812 | Epoch  470/3000 | train=5.8422 (recon=5.4097, cls=1.3586) | val=6.4595 (cls=1.3826) | lr=1.00e-04
2026-07-23 15:45:11,776 | Epoch  480/3000 | train=5.7546 (recon=5.3115, cls=1.3586) | val=6.3606 (cls=1.3830) | lr=1.00e-04
2026-07-23 15:45:20,019 | Epoch  490/3000 | train=5.6474 (recon=5.1891, cls=1.3581) | val=6.2894 (cls=1.3832) | lr=1.00e-04
2026-07-23 15:45:28,251 | Epoch  500/3000 | train=5.5739 (recon=5.1016, cls=1.3576) | val=6.1505 (cls=1.3818) | lr=1.00e-04
2026-07-23 15:45:39,868 | Epoch  510/3000 | train=5.4829 (recon=4.9935, cls=1.3525) | val=5.9809 (cls=1.3830) | lr=1.00e-04
2026-07-23 15:45:53,836 | Epoch  520/3000 | train=5.3737 (recon=4.8725, cls=1.3544) | val=5.9659 (cls=1.3817) | lr=1.00e-04
2026-07-23 15:46:10,910 | Epoch  530/3000 | train=5.3040 (recon=4.7912, cls=1.3546) | val=5.9054 (cls=1.3825) | lr=1.00e-04
2026-07-23 15:46:29,081 | Epoch  540/3000 | train=5.2088 (recon=4.6810, cls=1.3511) | val=5.7324 (cls=1.3822) | lr=1.00e-04
2026-07-23 15:46:33,424 |   -> New joint-best cls: val=1.3802, train=1.3513
2026-07-23 15:46:38,019 |   -> New joint-best cls: val=1.3799, train=1.3512
2026-07-23 15:46:39,692 |   -> New joint-best cls: val=1.3797, train=1.3507
2026-07-23 15:46:40,584 | Epoch  550/3000 | train=5.1413 (recon=4.6046, cls=1.3508) | val=5.7256 (cls=1.3799) | lr=1.00e-04
2026-07-23 15:46:56,362 | Epoch  560/3000 | train=5.0688 (recon=4.5257, cls=1.3487) | val=5.6728 (cls=1.3799) | lr=1.00e-04
2026-07-23 15:47:01,754 |   -> New joint-best cls: val=1.3796, train=1.3497
2026-07-23 15:47:11,722 | Epoch  570/3000 | train=4.9991 (recon=4.4449, cls=1.3487) | val=5.5516 (cls=1.3800) | lr=1.00e-04
2026-07-23 15:47:15,785 |   -> New joint-best cls: val=1.3793, train=1.3488
2026-07-23 15:47:16,630 |   -> New joint-best cls: val=1.3788, train=1.3470
2026-07-23 15:47:29,329 | Epoch  580/3000 | train=4.9151 (recon=4.3485, cls=1.3442) | val=5.5262 (cls=1.3785) | lr=1.00e-04
2026-07-23 15:47:29,339 |   -> New joint-best cls: val=1.3785, train=1.3442
2026-07-23 15:47:46,374 | Epoch  590/3000 | train=4.8350 (recon=4.2535, cls=1.3455) | val=5.3902 (cls=1.3771) | lr=1.00e-04
2026-07-23 15:47:47,706 |   -> New joint-best cls: val=1.3769, train=1.3441
2026-07-23 15:48:02,842 | Epoch  600/3000 | train=4.7560 (recon=4.1626, cls=1.3457) | val=5.3246 (cls=1.3779) | lr=1.00e-04
2026-07-23 15:48:20,441 |   -> New joint-best cls: val=1.3764, train=1.3410
2026-07-23 15:48:21,368 | Epoch  610/3000 | train=4.6862 (recon=4.0817, cls=1.3398) | val=5.2129 (cls=1.3768) | lr=1.00e-04
2026-07-23 15:48:37,316 | Epoch  620/3000 | train=4.6383 (recon=4.0284, cls=1.3400) | val=5.1427 (cls=1.3767) | lr=1.00e-04
2026-07-23 15:48:44,845 |   -> New joint-best cls: val=1.3759, train=1.3379
2026-07-23 15:48:52,579 | Epoch  630/3000 | train=4.5572 (recon=3.9333, cls=1.3369) | val=5.0862 (cls=1.3769) | lr=1.00e-04
2026-07-23 15:48:56,967 |   -> New joint-best cls: val=1.3758, train=1.3374
2026-07-23 15:48:58,342 |   -> New joint-best cls: val=1.3758, train=1.3370
2026-07-23 15:49:00,944 |   -> New joint-best cls: val=1.3743, train=1.3362
2026-07-23 15:49:06,917 | Epoch  640/3000 | train=4.4935 (recon=3.8597, cls=1.3354) | val=4.9572 (cls=1.3751) | lr=1.00e-04
2026-07-23 15:49:15,856 |   -> New joint-best cls: val=1.3742, train=1.3319
2026-07-23 15:49:17,667 | Epoch  650/3000 | train=4.4267 (recon=3.7845, cls=1.3328) | val=4.9307 (cls=1.3737) | lr=1.00e-04
2026-07-23 15:49:34,967 | Epoch  660/3000 | train=4.3571 (recon=3.7016, cls=1.3332) | val=4.8483 (cls=1.3735) | lr=1.00e-04
2026-07-23 15:49:37,526 |   -> New joint-best cls: val=1.3732, train=1.3295
2026-07-23 15:49:39,146 |   -> New joint-best cls: val=1.3724, train=1.3284
2026-07-23 15:49:51,547 | Epoch  670/3000 | train=4.2889 (recon=3.6262, cls=1.3283) | val=4.7610 (cls=1.3727) | lr=1.00e-04
2026-07-23 15:49:55,473 |   -> New joint-best cls: val=1.3723, train=1.3265
2026-07-23 15:50:02,339 |   -> New joint-best cls: val=1.3721, train=1.3264
2026-07-23 15:50:04,258 |   -> New joint-best cls: val=1.3721, train=1.3253
2026-07-23 15:50:05,543 | Epoch  680/3000 | train=4.2250 (recon=3.5490, cls=1.3283) | val=4.7262 (cls=1.3720) | lr=1.00e-04
2026-07-23 15:50:06,832 |   -> New joint-best cls: val=1.3719, train=1.3250
2026-07-23 15:50:12,711 |   -> New joint-best cls: val=1.3719, train=1.3238
2026-07-23 15:50:19,723 |   -> New joint-best cls: val=1.3718, train=1.3228
2026-07-23 15:50:20,543 | Epoch  690/3000 | train=4.1757 (recon=3.4957, cls=1.3235) | val=4.6175 (cls=1.3714) | lr=1.00e-04
2026-07-23 15:50:21,412 |   -> New joint-best cls: val=1.3716, train=1.3215
2026-07-23 15:50:25,399 |   -> New joint-best cls: val=1.3710, train=1.3201
2026-07-23 15:50:31,678 |   -> New joint-best cls: val=1.3695, train=1.3200
2026-07-23 15:50:35,048 | Epoch  700/3000 | train=4.1099 (recon=3.4209, cls=1.3174) | val=4.5683 (cls=1.3696) | lr=1.00e-04
2026-07-23 15:50:39,280 |   -> New joint-best cls: val=1.3692, train=1.3192
2026-07-23 15:50:42,078 |   -> New joint-best cls: val=1.3685, train=1.3178
2026-07-23 15:50:51,815 | Epoch  710/3000 | train=4.0423 (recon=3.3410, cls=1.3151) | val=4.5008 (cls=1.3698) | lr=1.00e-04
2026-07-23 15:51:09,624 | Epoch  720/3000 | train=3.9880 (recon=3.2833, cls=1.3130) | val=4.4653 (cls=1.3694) | lr=1.00e-04
2026-07-23 15:51:12,267 |   -> New joint-best cls: val=1.3680, train=1.3112
2026-07-23 15:51:13,618 |   -> New joint-best cls: val=1.3679, train=1.3107
2026-07-23 15:51:20,080 |   -> New joint-best cls: val=1.3677, train=1.3101
2026-07-23 15:51:21,171 |   -> New joint-best cls: val=1.3672, train=1.3093
2026-07-23 15:51:22,604 |   -> New joint-best cls: val=1.3672, train=1.3086
2026-07-23 15:51:25,462 | Epoch  730/3000 | train=3.9314 (recon=3.2218, cls=1.3090) | val=4.3889 (cls=1.3667) | lr=1.00e-04
2026-07-23 15:51:28,544 |   -> New joint-best cls: val=1.3661, train=1.3077
2026-07-23 15:51:37,530 |   -> New joint-best cls: val=1.3654, train=1.3076
2026-07-23 15:51:41,731 |   -> New joint-best cls: val=1.3650, train=1.3025
2026-07-23 15:51:42,668 | Epoch  740/3000 | train=3.8643 (recon=3.1450, cls=1.3011) | val=4.3108 (cls=1.3649) | lr=1.00e-04
2026-07-23 15:51:42,674 |   -> New joint-best cls: val=1.3649, train=1.3011
2026-07-23 15:51:52,394 |   -> New joint-best cls: val=1.3647, train=1.2987
2026-07-23 15:51:56,235 | Epoch  750/3000 | train=3.8169 (recon=3.0885, cls=1.2973) | val=4.2753 (cls=1.3654) | lr=1.00e-04
2026-07-23 15:51:58,250 |   -> New joint-best cls: val=1.3646, train=1.2983
2026-07-23 15:52:04,218 |   -> New joint-best cls: val=1.3633, train=1.2956
2026-07-23 15:52:06,053 |   -> New joint-best cls: val=1.3631, train=1.2948
2026-07-23 15:52:07,943 | Epoch  760/3000 | train=3.7569 (recon=3.0205, cls=1.2951) | val=4.2051 (cls=1.3635) | lr=1.00e-04
2026-07-23 15:52:13,644 |   -> New joint-best cls: val=1.3625, train=1.2929
2026-07-23 15:52:15,763 |   -> New joint-best cls: val=1.3622, train=1.2904
2026-07-23 15:52:19,454 |   -> New joint-best cls: val=1.3619, train=1.2895
2026-07-23 15:52:22,035 | Epoch  770/3000 | train=3.7002 (recon=2.9571, cls=1.2893) | val=4.1128 (cls=1.3615) | lr=1.00e-04
2026-07-23 15:52:22,053 |   -> New joint-best cls: val=1.3615, train=1.2893
2026-07-23 15:52:23,559 |   -> New joint-best cls: val=1.3607, train=1.2887
2026-07-23 15:52:26,767 |   -> New joint-best cls: val=1.3605, train=1.2866
2026-07-23 15:52:28,603 |   -> New joint-best cls: val=1.3598, train=1.2852
2026-07-23 15:52:30,308 |   -> New joint-best cls: val=1.3596, train=1.2841
2026-07-23 15:52:35,671 | Epoch  780/3000 | train=3.6394 (recon=2.8858, cls=1.2838) | val=4.0960 (cls=1.3588) | lr=1.00e-04
2026-07-23 15:52:35,676 |   -> New joint-best cls: val=1.3588, train=1.2838
2026-07-23 15:52:37,349 |   -> New joint-best cls: val=1.3583, train=1.2802
2026-07-23 15:52:44,070 |   -> New joint-best cls: val=1.3580, train=1.2782
2026-07-23 15:52:45,309 |   -> New joint-best cls: val=1.3578, train=1.2771
2026-07-23 15:52:50,586 | Epoch  790/3000 | train=3.5959 (recon=2.8368, cls=1.2759) | val=4.0312 (cls=1.3577) | lr=1.00e-04
2026-07-23 15:52:50,596 |   -> New joint-best cls: val=1.3577, train=1.2759
2026-07-23 15:52:52,246 |   -> New joint-best cls: val=1.3575, train=1.2753
2026-07-23 15:53:01,712 |   -> New joint-best cls: val=1.3575, train=1.2705
2026-07-23 15:53:04,882 | Epoch  800/3000 | train=3.5525 (recon=2.7870, cls=1.2684) | val=3.9532 (cls=1.3569) | lr=1.00e-04
2026-07-23 15:53:04,889 |   -> New joint-best cls: val=1.3569, train=1.2684
2026-07-23 15:53:07,965 |   -> New joint-best cls: val=1.3555, train=1.2684
2026-07-23 15:53:09,251 |   -> New joint-best cls: val=1.3542, train=1.2671
2026-07-23 15:53:13,494 |   -> New joint-best cls: val=1.3535, train=1.2621
2026-07-23 15:53:15,950 |   -> New joint-best cls: val=1.3533, train=1.2619
2026-07-23 15:53:19,243 | Epoch  810/3000 | train=3.5037 (recon=2.7339, cls=1.2563) | val=3.9117 (cls=1.3544) | lr=1.00e-04
2026-07-23 15:53:30,766 |   -> New joint-best cls: val=1.3532, train=1.2524
2026-07-23 15:53:32,017 |   -> New joint-best cls: val=1.3525, train=1.2508
2026-07-23 15:53:34,643 |   -> New joint-best cls: val=1.3521, train=1.2495
2026-07-23 15:53:36,854 | Epoch  820/3000 | train=3.4505 (recon=2.6717, cls=1.2501) | val=3.8763 (cls=1.3506) | lr=1.00e-04
2026-07-23 15:53:38,222 |   -> New joint-best cls: val=1.3499, train=1.2462
2026-07-23 15:53:45,013 |   -> New joint-best cls: val=1.3488, train=1.2457
2026-07-23 15:53:46,281 |   -> New joint-best cls: val=1.3484, train=1.2445
2026-07-23 15:53:49,609 | Epoch  830/3000 | train=3.3913 (recon=2.6073, cls=1.2355) | val=3.7928 (cls=1.3498) | lr=1.00e-04
2026-07-23 15:54:02,641 |   -> New joint-best cls: val=1.3477, train=1.2288
2026-07-23 15:54:05,593 |   -> New joint-best cls: val=1.3462, train=1.2287
2026-07-23 15:54:08,895 | Epoch  840/3000 | train=3.3561 (recon=2.5718, cls=1.2253) | val=3.7195 (cls=1.3471) | lr=1.00e-04
2026-07-23 15:54:16,296 |   -> New joint-best cls: val=1.3461, train=1.2183
2026-07-23 15:54:19,383 |   -> New joint-best cls: val=1.3444, train=1.2161
2026-07-23 15:54:20,527 |   -> New joint-best cls: val=1.3426, train=1.2135
2026-07-23 15:54:24,092 | Epoch  850/3000 | train=3.3062 (recon=2.5169, cls=1.2119) | val=3.7052 (cls=1.3438) | lr=1.00e-04
2026-07-23 15:54:31,893 |   -> New joint-best cls: val=1.3421, train=1.2060
2026-07-23 15:54:33,316 |   -> New joint-best cls: val=1.3421, train=1.2049
2026-07-23 15:54:35,056 |   -> New joint-best cls: val=1.3420, train=1.1980
2026-07-23 15:54:39,188 |   -> New joint-best cls: val=1.3403, train=1.1960
2026-07-23 15:54:40,010 | Epoch  860/3000 | train=3.2567 (recon=2.4632, cls=1.1976) | val=3.6480 (cls=1.3399) | lr=1.00e-04
2026-07-23 15:54:46,373 |   -> New joint-best cls: val=1.3402, train=1.1852
2026-07-23 15:54:49,987 |   -> New joint-best cls: val=1.3377, train=1.1840
2026-07-23 15:54:51,653 |   -> New joint-best cls: val=1.3373, train=1.1748
2026-07-23 15:54:54,013 | Epoch  870/3000 | train=3.2098 (recon=2.4176, cls=1.1750) | val=3.5995 (cls=1.3379) | lr=1.00e-04
2026-07-23 15:54:54,876 |   -> New joint-best cls: val=1.3360, train=1.1725
2026-07-23 15:54:56,528 |   -> New joint-best cls: val=1.3358, train=1.1669
2026-07-23 15:54:59,075 |   -> New joint-best cls: val=1.3347, train=1.1629
2026-07-23 15:55:03,598 |   -> New joint-best cls: val=1.3340, train=1.1589
2026-07-23 15:55:05,215 | Epoch  880/3000 | train=3.1637 (recon=2.3701, cls=1.1509) | val=3.5741 (cls=1.3335) | lr=1.00e-04
2026-07-23 15:55:05,221 |   -> New joint-best cls: val=1.3335, train=1.1509
2026-07-23 15:55:06,890 |   -> New joint-best cls: val=1.3316, train=1.1479
2026-07-23 15:55:17,764 |   -> New joint-best cls: val=1.3314, train=1.1355
2026-07-23 15:55:20,628 | Epoch  890/3000 | train=3.1300 (recon=2.3396, cls=1.1315) | val=3.5418 (cls=1.3307) | lr=1.00e-04
2026-07-23 15:55:20,635 |   -> New joint-best cls: val=1.3307, train=1.1315
2026-07-23 15:55:23,171 |   -> New joint-best cls: val=1.3295, train=1.1196
2026-07-23 15:55:27,752 |   -> New joint-best cls: val=1.3260, train=1.1161
2026-07-23 15:55:34,627 | Epoch  900/3000 | train=3.0678 (recon=2.2747, cls=1.0957) | val=3.4859 (cls=1.3284) | lr=1.00e-04
2026-07-23 15:55:35,428 |   -> New joint-best cls: val=1.3214, train=1.0966
2026-07-23 15:55:38,383 |   -> New joint-best cls: val=1.3196, train=1.0918
2026-07-23 15:55:44,185 |   -> New joint-best cls: val=1.3185, train=1.0760
2026-07-23 15:55:50,229 | Epoch  910/3000 | train=3.0204 (recon=2.2284, cls=1.0710) | val=3.4210 (cls=1.3290) | lr=1.00e-04
2026-07-23 15:55:54,741 |   -> New joint-best cls: val=1.3176, train=1.0527
2026-07-23 15:55:58,139 |   -> New joint-best cls: val=1.3102, train=1.0525
2026-07-23 15:56:05,552 | Epoch  920/3000 | train=2.9916 (recon=2.2030, cls=1.0393) | val=3.3882 (cls=1.3098) | lr=1.00e-04
2026-07-23 15:56:05,562 |   -> New joint-best cls: val=1.3098, train=1.0393
2026-07-23 15:56:13,194 |   -> New joint-best cls: val=1.3058, train=1.0102
2026-07-23 15:56:17,551 | Epoch  930/3000 | train=2.9316 (recon=2.1475, cls=0.9879) | val=3.3365 (cls=1.3149) | lr=1.00e-04
2026-07-23 15:56:21,513 |   -> New joint-best cls: val=1.3055, train=0.9635
2026-07-23 15:56:23,151 |   -> New joint-best cls: val=1.3010, train=0.9595
2026-07-23 15:56:25,646 |   -> New joint-best cls: val=1.2984, train=0.9445
2026-07-23 15:56:26,457 | Epoch  940/3000 | train=2.8972 (recon=2.1211, cls=0.9399) | val=3.2622 (cls=1.3016) | lr=1.00e-04
2026-07-23 15:56:28,311 |   -> New joint-best cls: val=1.2966, train=0.9387
2026-07-23 15:56:30,892 |   -> New joint-best cls: val=1.2912, train=0.9151
2026-07-23 15:56:34,964 | Epoch  950/3000 | train=2.8445 (recon=2.0690, cls=0.8963) | val=3.2280 (cls=1.2899) | lr=1.00e-04
2026-07-23 15:56:34,974 |   -> New joint-best cls: val=1.2899, train=0.8963
2026-07-23 15:56:50,919 |   -> New joint-best cls: val=1.2791, train=0.8552
2026-07-23 15:56:53,115 | Epoch  960/3000 | train=2.8078 (recon=2.0369, cls=0.8595) | val=3.2227 (cls=1.2917) | lr=1.00e-04
2026-07-23 15:56:56,077 |   -> New joint-best cls: val=1.2534, train=0.8432
2026-07-23 15:57:13,976 | Epoch  970/3000 | train=2.7710 (recon=2.0104, cls=0.8088) | val=3.1360 (cls=1.2691) | lr=1.00e-04
2026-07-23 15:57:29,806 |   -> New joint-best cls: val=1.2477, train=0.7655
2026-07-23 15:57:33,849 | Epoch  980/3000 | train=2.7331 (recon=1.9814, cls=0.7543) | val=3.1061 (cls=1.2381) | lr=1.00e-04
2026-07-23 15:57:33,872 |   -> New joint-best cls: val=1.2381, train=0.7543
2026-07-23 15:57:43,284 |   -> New joint-best cls: val=1.2356, train=0.7407
2026-07-23 15:57:54,882 | Epoch  990/3000 | train=2.6684 (recon=1.9213, cls=0.7081) | val=3.0413 (cls=1.2185) | lr=1.00e-04
2026-07-23 15:57:54,904 |   -> New joint-best cls: val=1.2185, train=0.7081
2026-07-23 15:58:02,904 |   -> New joint-best cls: val=1.2166, train=0.6924
2026-07-23 15:58:10,422 |   -> New joint-best cls: val=1.2001, train=0.6789
2026-07-23 15:58:16,345 | Epoch 1000/3000 | train=2.6416 (recon=1.8991, cls=0.6768) | val=3.0339 (cls=1.2374) | lr=1.00e-04
2026-07-23 15:58:39,304 | Epoch 1010/3000 | train=2.6074 (recon=1.8730, cls=0.6307) | val=3.0055 (cls=1.2021) | lr=1.00e-04
2026-07-23 15:58:41,191 |   -> New joint-best cls: val=1.1996, train=0.6245
2026-07-23 15:58:52,031 |   -> New joint-best cls: val=1.1804, train=0.6060
2026-07-23 15:59:00,786 | Epoch 1020/3000 | train=2.5541 (recon=1.8221, cls=0.5858) | val=2.9408 (cls=1.1775) | lr=1.00e-04
2026-07-23 15:59:00,797 |   -> New joint-best cls: val=1.1775, train=0.5858
2026-07-23 15:59:16,911 |   -> New joint-best cls: val=1.1630, train=0.5493
2026-07-23 15:59:19,691 | Epoch 1030/3000 | train=2.5247 (recon=1.8038, cls=0.5427) | val=2.9051 (cls=1.1978) | lr=1.00e-04
2026-07-23 15:59:25,502 |   -> New joint-best cls: val=1.1446, train=0.5290
2026-07-23 15:59:36,856 |   -> New joint-best cls: val=1.1104, train=0.5088
2026-07-23 15:59:38,276 | Epoch 1040/3000 | train=2.4948 (recon=1.7836, cls=0.5027) | val=2.8645 (cls=1.1976) | lr=1.00e-04
2026-07-23 15:59:56,706 | Epoch 1050/3000 | train=2.4430 (recon=1.7311, cls=0.4678) | val=2.8480 (cls=1.2425) | lr=1.00e-04
2026-07-23 16:00:17,772 | Epoch 1060/3000 | train=2.4084 (recon=1.7033, cls=0.4338) | val=2.8239 (cls=1.1985) | lr=1.00e-04
2026-07-23 16:00:22,249 |   -> New joint-best cls: val=1.0949, train=0.4350
2026-07-23 16:00:38,491 | Epoch 1070/3000 | train=2.3705 (recon=1.6707, cls=0.4019) | val=2.7297 (cls=1.1785) | lr=1.00e-04
2026-07-23 16:01:00,651 | Epoch 1080/3000 | train=2.3275 (recon=1.6317, cls=0.3643) | val=2.7134 (cls=1.1398) | lr=1.00e-04
2026-07-23 16:01:05,057 |   -> New joint-best cls: val=1.0628, train=0.3616
2026-07-23 16:01:21,888 | Epoch 1090/3000 | train=2.2898 (recon=1.6014, cls=0.3310) | val=2.6519 (cls=1.1055) | lr=1.00e-04
2026-07-23 16:01:43,555 | Epoch 1100/3000 | train=2.2698 (recon=1.5884, cls=0.3033) | val=2.6217 (cls=1.1129) | lr=1.00e-04
2026-07-23 16:01:57,253 |   -> New joint-best cls: val=1.0517, train=0.2879
2026-07-23 16:02:06,556 | Epoch 1110/3000 | train=2.2353 (recon=1.5578, cls=0.2764) | val=2.5931 (cls=1.0574) | lr=1.00e-04
2026-07-23 16:02:09,339 |   -> New joint-best cls: val=1.0443, train=0.2745
2026-07-23 16:02:12,778 |   -> New joint-best cls: val=1.0176, train=0.2700
2026-07-23 16:02:22,499 |   -> New joint-best cls: val=1.0121, train=0.2601
2026-07-23 16:02:32,386 | Epoch 1120/3000 | train=2.1833 (recon=1.5049, cls=0.2544) | val=2.5494 (cls=1.0737) | lr=1.00e-04
2026-07-23 16:02:37,249 |   -> New joint-best cls: val=1.0051, train=0.2397
2026-07-23 16:02:53,488 | Epoch 1130/3000 | train=2.1600 (recon=1.4855, cls=0.2231) | val=2.4980 (cls=1.0474) | lr=1.00e-04
2026-07-23 16:03:00,423 |   -> New joint-best cls: val=0.9772, train=0.2154
2026-07-23 16:03:15,447 | Epoch 1140/3000 | train=2.1183 (recon=1.4431, cls=0.2057) | val=2.4365 (cls=0.9598) | lr=1.00e-04
2026-07-23 16:03:15,461 |   -> New joint-best cls: val=0.9598, train=0.2057
2026-07-23 16:03:38,894 | Epoch 1150/3000 | train=2.0918 (recon=1.4199, cls=0.1811) | val=2.4305 (cls=1.0998) | lr=1.00e-04
2026-07-23 16:04:00,459 | Epoch 1160/3000 | train=2.0664 (recon=1.3949, cls=0.1660) | val=2.4220 (cls=1.0212) | lr=1.00e-04
2026-07-23 16:04:15,140 |   -> New joint-best cls: val=0.9429, train=0.1592
2026-07-23 16:04:19,279 | Epoch 1170/3000 | train=2.0290 (recon=1.3555, cls=0.1498) | val=2.3770 (cls=1.0420) | lr=1.00e-04
2026-07-23 16:04:42,628 | Epoch 1180/3000 | train=1.9978 (recon=1.3236, cls=0.1397) | val=2.3172 (cls=1.0131) | lr=1.00e-04
2026-07-23 16:05:02,416 | Epoch 1190/3000 | train=1.9872 (recon=1.3169, cls=0.1269) | val=2.2652 (cls=0.9705) | lr=1.00e-04
2026-07-23 16:05:23,891 | Epoch 1200/3000 | train=1.9520 (recon=1.2824, cls=0.1172) | val=2.2760 (cls=1.0038) | lr=1.00e-04
2026-07-23 16:05:42,687 | Epoch 1210/3000 | train=1.9319 (recon=1.2621, cls=0.1164) | val=2.2039 (cls=0.9404) | lr=1.00e-04
2026-07-23 16:05:42,712 |   -> New joint-best cls: val=0.9404, train=0.1164
2026-07-23 16:05:49,393 | Stopping at epoch 1213 — val cls 1.1679 exceeds best 0.9404 by >0.2
2026-07-23 16:05:49,403 | Training complete. Best val loss: 2.2039
2026-07-23 16:05:49,403 | Best cls: val=0.9404, train=0.1164
