2026-07-06 09:45:53,033 | ============================================================
2026-07-06 09:45:53,033 | BRICK Training -- train_20260706_094553
2026-07-06 09:45:53,033 | N_ROIS=24, M=96, H=4, T=240
2026-07-06 09:45:53,033 | Epochs=2000, LR=0.0001, WD=0.05, LAMBDA_NOISE=0.01, BATCH_SIZE=12
2026-07-06 09:45:53,033 | Patience=30, use_control=True, use_ic=True
2026-07-06 09:45:53,034 | KL annealing: g0 over 0 epochs, u delayed 0 then over 0 epochs
2026-07-06 09:45:53,034 | ============================================================
2026-07-06 09:45:53,034 | Loading dataset...
2026-07-06 09:45:53,187 | Split: 52 train | 4 val | 20 test items
2026-07-06 09:45:53,209 | Model parameters: 554,702
2026-07-06 09:45:53,649 | Starting training...
2026-07-06 09:45:55,756 | Epoch    1/2000 | kl_g0_w=1.00 kl_u_w=1.00 | train=1626.4075 (recon=3251.2778, kl_g0=0.0215, kl_u=0.8138, cls=0.7020) | val=158.8585 | lr=1.00e-04
2026-07-06 09:45:55,771 |   -> New best val loss: 158.8585 (saved best_model.pt)
2026-07-06 09:45:58,048 |   -> New best val loss: 126.4015 (saved best_model.pt)
2026-07-06 09:46:00,442 |   -> New best val loss: 110.0868 (saved best_model.pt)
2026-07-06 09:46:02,813 |   -> New best val loss: 98.8165 (saved best_model.pt)
2026-07-06 09:46:05,428 |   -> New best val loss: 92.5432 (saved best_model.pt)
2026-07-06 09:46:07,195 |   -> New best val loss: 85.1141 (saved best_model.pt)
2026-07-06 09:46:08,706 |   -> New best val loss: 80.5427 (saved best_model.pt)
2026-07-06 09:46:11,158 |   -> New best val loss: 75.9027 (saved best_model.pt)
2026-07-06 09:46:13,138 |   -> New best val loss: 73.1748 (saved best_model.pt)
2026-07-06 09:46:15,181 | Epoch   10/2000 | kl_g0_w=1.00 kl_u_w=1.00 | train=136.9010 (recon=271.6305, kl_g0=0.0211, kl_u=1.4537, cls=0.6966) | val=71.6031 | lr=1.00e-04
2026-07-06 09:46:15,207 |   -> New best val loss: 71.6031 (saved best_model.pt)
2026-07-06 09:46:17,089 |   -> New best val loss: 66.8323 (saved best_model.pt)
2026-07-06 09:46:19,066 |   -> New best val loss: 64.6798 (saved best_model.pt)
2026-07-06 09:46:21,597 |   -> New best val loss: 62.5918 (saved best_model.pt)
2026-07-06 09:46:23,356 |   -> New best val loss: 59.3335 (saved best_model.pt)
2026-07-06 09:46:25,390 |   -> New best val loss: 57.5009 (saved best_model.pt)
2026-07-06 09:46:27,174 |   -> New best val loss: 55.5772 (saved best_model.pt)
2026-07-06 09:46:28,935 |   -> New best val loss: 53.6511 (saved best_model.pt)
2026-07-06 09:46:30,835 |   -> New best val loss: 51.6955 (saved best_model.pt)
2026-07-06 09:46:32,738 |   -> New best val loss: 50.7241 (saved best_model.pt)
2026-07-06 09:46:34,257 | Epoch   20/2000 | kl_g0_w=1.00 kl_u_w=1.00 | train=83.0466 (recon=162.4657, kl_g0=0.0210, kl_u=2.9126, cls=0.6939) | val=49.0083 | lr=1.00e-04
2026-07-06 09:46:34,275 |   -> New best val loss: 49.0083 (saved best_model.pt)
2026-07-06 09:46:36,137 |   -> New best val loss: 47.8988 (saved best_model.pt)
2026-07-06 09:46:38,025 |   -> New best val loss: 46.4956 (saved best_model.pt)
2026-07-06 09:46:40,197 |   -> New best val loss: 45.6758 (saved best_model.pt)
2026-07-06 09:46:42,582 |   -> New best val loss: 44.0370 (saved best_model.pt)
2026-07-06 09:46:44,289 |   -> New best val loss: 43.3907 (saved best_model.pt)
2026-07-06 09:46:46,893 |   -> New best val loss: 42.0623 (saved best_model.pt)
2026-07-06 09:46:48,940 |   -> New best val loss: 41.5927 (saved best_model.pt)
2026-07-06 09:46:50,834 |   -> New best val loss: 40.6575 (saved best_model.pt)
2026-07-06 09:46:52,785 |   -> New best val loss: 39.8328 (saved best_model.pt)
2026-07-06 09:46:54,455 | Epoch   30/2000 | kl_g0_w=1.00 kl_u_w=1.00 | train=63.9529 (recon=123.2484, kl_g0=0.0213, kl_u=3.9451, cls=0.6910) | val=38.8425 | lr=1.00e-04
2026-07-06 09:46:54,482 |   -> New best val loss: 38.8425 (saved best_model.pt)
2026-07-06 09:46:56,201 |   -> New best val loss: 38.2232 (saved best_model.pt)
2026-07-06 09:46:58,250 |   -> New best val loss: 37.5894 (saved best_model.pt)
2026-07-06 09:47:00,782 |   -> New best val loss: 36.9188 (saved best_model.pt)
2026-07-06 09:47:03,294 |   -> New best val loss: 36.3086 (saved best_model.pt)
2026-07-06 09:47:05,357 |   -> New best val loss: 35.8452 (saved best_model.pt)
2026-07-06 09:47:07,762 |   -> New best val loss: 35.5557 (saved best_model.pt)
2026-07-06 09:47:09,712 |   -> New best val loss: 34.7168 (saved best_model.pt)
2026-07-06 09:47:11,468 |   -> New best val loss: 34.6967 (saved best_model.pt)
2026-07-06 09:47:13,902 |   -> New best val loss: 34.0490 (saved best_model.pt)
2026-07-06 09:47:15,696 | Epoch   40/2000 | kl_g0_w=1.00 kl_u_w=1.00 | train=53.7671 (recon=102.4817, kl_g0=0.0217, kl_u=4.3391, cls=0.6916) | val=33.1611 | lr=1.00e-04
2026-07-06 09:47:15,715 |   -> New best val loss: 33.1611 (saved best_model.pt)
2026-07-06 09:47:18,012 |   -> New best val loss: 33.1126 (saved best_model.pt)
2026-07-06 09:47:20,134 |   -> New best val loss: 32.7105 (saved best_model.pt)
2026-07-06 09:47:22,512 |   -> New best val loss: 32.2862 (saved best_model.pt)
2026-07-06 09:47:24,427 |   -> New best val loss: 31.7774 (saved best_model.pt)
2026-07-06 09:47:26,006 |   -> New best val loss: 31.3125 (saved best_model.pt)
2026-07-06 09:47:27,506 |   -> New best val loss: 31.0898 (saved best_model.pt)
2026-07-06 09:47:29,197 |   -> New best val loss: 30.6731 (saved best_model.pt)
2026-07-06 09:47:31,185 |   -> New best val loss: 30.3764 (saved best_model.pt)
2026-07-06 09:47:33,518 |   -> New best val loss: 30.2160 (saved best_model.pt)
2026-07-06 09:47:34,999 | Epoch   50/2000 | kl_g0_w=1.00 kl_u_w=1.00 | train=45.5828 (recon=86.0276, kl_g0=0.0222, kl_u=4.4238, cls=0.6922) | val=29.8359 | lr=1.00e-04
2026-07-06 09:47:35,014 |   -> New best val loss: 29.8359 (saved best_model.pt)
2026-07-06 09:47:36,733 |   -> New best val loss: 29.7129 (saved best_model.pt)
2026-07-06 09:47:38,665 |   -> New best val loss: 29.0171 (saved best_model.pt)
2026-07-06 09:47:43,359 |   -> New best val loss: 28.6323 (saved best_model.pt)
2026-07-06 09:47:44,846 |   -> New best val loss: 28.0852 (saved best_model.pt)
2026-07-06 09:47:48,367 |   -> New best val loss: 27.4171 (saved best_model.pt)
2026-07-06 09:47:53,341 |   -> New best val loss: 27.3210 (saved best_model.pt)
2026-07-06 09:47:55,700 | Epoch   60/2000 | kl_g0_w=1.00 kl_u_w=1.00 | train=40.1383 (recon=75.1992, kl_g0=0.0226, kl_u=4.3651, cls=0.6897) | val=27.0763 | lr=1.00e-04
2026-07-06 09:47:55,727 |   -> New best val loss: 27.0763 (saved best_model.pt)
2026-07-06 09:47:58,238 |   -> New best val loss: 26.6803 (saved best_model.pt)
2026-07-06 09:47:59,759 |   -> New best val loss: 26.5674 (saved best_model.pt)
2026-07-06 09:48:01,624 |   -> New best val loss: 26.4432 (saved best_model.pt)
2026-07-06 09:48:03,425 |   -> New best val loss: 25.9444 (saved best_model.pt)
2026-07-06 09:48:05,046 |   -> New best val loss: 25.7703 (saved best_model.pt)
2026-07-06 09:48:06,838 |   -> New best val loss: 25.6558 (saved best_model.pt)
2026-07-06 09:48:08,363 |   -> New best val loss: 25.3664 (saved best_model.pt)
2026-07-06 09:48:10,464 |   -> New best val loss: 25.2773 (saved best_model.pt)
2026-07-06 09:48:12,136 |   -> New best val loss: 24.8911 (saved best_model.pt)
2026-07-06 09:48:13,703 | Epoch   70/2000 | kl_g0_w=1.00 kl_u_w=1.00 | train=35.1185 (recon=65.2534, kl_g0=0.0230, kl_u=4.2710, cls=0.6896) | val=24.7612 | lr=1.00e-04
2026-07-06 09:48:13,721 |   -> New best val loss: 24.7612 (saved best_model.pt)
2026-07-06 09:48:16,054 |   -> New best val loss: 24.6561 (saved best_model.pt)
2026-07-06 09:48:20,847 |   -> New best val loss: 24.2723 (saved best_model.pt)
2026-07-06 09:48:22,832 |   -> New best val loss: 24.1811 (saved best_model.pt)
2026-07-06 09:48:25,058 |   -> New best val loss: 23.9622 (saved best_model.pt)
2026-07-06 09:48:26,989 |   -> New best val loss: 23.6057 (saved best_model.pt)
2026-07-06 09:48:31,169 |   -> New best val loss: 23.2083 (saved best_model.pt)
2026-07-06 09:48:35,507 | Epoch   80/2000 | kl_g0_w=1.00 kl_u_w=1.00 | train=31.8365 (recon=58.7332, kl_g0=0.0235, kl_u=4.2261, cls=0.6902) | val=22.7765 | lr=1.00e-04
2026-07-06 09:48:35,534 |   -> New best val loss: 22.7765 (saved best_model.pt)
2026-07-06 09:48:37,941 |   -> New best val loss: 22.7255 (saved best_model.pt)
2026-07-06 09:48:40,354 |   -> New best val loss: 22.6423 (saved best_model.pt)
2026-07-06 09:48:42,770 |   -> New best val loss: 22.2901 (saved best_model.pt)
2026-07-06 09:48:46,520 |   -> New best val loss: 22.2771 (saved best_model.pt)
2026-07-06 09:48:48,408 |   -> New best val loss: 22.0912 (saved best_model.pt)
2026-07-06 09:48:50,359 |   -> New best val loss: 21.9642 (saved best_model.pt)
2026-07-06 09:48:52,408 |   -> New best val loss: 21.6990 (saved best_model.pt)
2026-07-06 09:48:54,263 |   -> New best val loss: 21.6058 (saved best_model.pt)
2026-07-06 09:48:56,767 | Epoch   90/2000 | kl_g0_w=1.00 kl_u_w=1.00 | train=28.9176 (recon=53.0786, kl_g0=0.0240, kl_u=4.0431, cls=0.6896) | val=21.6067 | lr=1.00e-04
2026-07-06 09:49:01,659 |   -> New best val loss: 20.9566 (saved best_model.pt)
2026-07-06 09:49:06,558 |   -> New best val loss: 20.8550 (saved best_model.pt)
2026-07-06 09:49:10,702 |   -> New best val loss: 20.7730 (saved best_model.pt)
2026-07-06 09:49:12,338 |   -> New best val loss: 20.6768 (saved best_model.pt)
2026-07-06 09:49:14,001 |   -> New best val loss: 20.3537 (saved best_model.pt)
2026-07-06 09:49:17,329 | Epoch  100/2000 | kl_g0_w=1.00 kl_u_w=1.00 | train=26.5087 (recon=48.3622, kl_g0=0.0244, kl_u=3.9418, cls=0.6890) | val=20.3691 | lr=1.00e-04
2026-07-06 09:49:19,276 |   -> New best val loss: 20.1187 (saved best_model.pt)
2026-07-06 09:49:20,894 |   -> New best val loss: 20.0988 (saved best_model.pt)
2026-07-06 09:49:22,919 |   -> New best val loss: 20.0362 (saved best_model.pt)
2026-07-06 09:49:24,912 |   -> New best val loss: 19.5988 (saved best_model.pt)
2026-07-06 09:49:28,286 |   -> New best val loss: 19.4468 (saved best_model.pt)
2026-07-06 09:49:29,982 |   -> New best val loss: 19.4260 (saved best_model.pt)
2026-07-06 09:49:31,976 |   -> New best val loss: 19.3814 (saved best_model.pt)
2026-07-06 09:49:33,885 |   -> New best val loss: 19.2099 (saved best_model.pt)
2026-07-06 09:49:36,133 | Epoch  110/2000 | kl_g0_w=1.00 kl_u_w=1.00 | train=24.5041 (recon=44.4823, kl_g0=0.0248, kl_u=3.8125, cls=0.6886) | val=19.0358 | lr=1.00e-04
2026-07-06 09:49:36,161 |   -> New best val loss: 19.0358 (saved best_model.pt)
2026-07-06 09:49:38,251 |   -> New best val loss: 18.8320 (saved best_model.pt)
2026-07-06 09:49:42,101 |   -> New best val loss: 18.7510 (saved best_model.pt)
2026-07-06 09:49:43,906 |   -> New best val loss: 18.7102 (saved best_model.pt)
2026-07-06 09:49:46,161 |   -> New best val loss: 18.5587 (saved best_model.pt)
2026-07-06 09:49:49,566 |   -> New best val loss: 18.4678 (saved best_model.pt)
2026-07-06 09:49:54,480 |   -> New best val loss: 18.3056 (saved best_model.pt)
2026-07-06 09:49:56,025 | Epoch  120/2000 | kl_g0_w=1.00 kl_u_w=1.00 | train=22.5355 (recon=40.5652, kl_g0=0.0251, kl_u=3.7937, cls=0.6870) | val=18.1644 | lr=1.00e-04
2026-07-06 09:49:56,054 |   -> New best val loss: 18.1644 (saved best_model.pt)
2026-07-06 09:50:00,910 |   -> New best val loss: 18.0033 (saved best_model.pt)
2026-07-06 09:50:03,403 |   -> New best val loss: 17.9766 (saved best_model.pt)
2026-07-06 09:50:08,480 |   -> New best val loss: 17.8695 (saved best_model.pt)
2026-07-06 09:50:11,005 |   -> New best val loss: 17.6112 (saved best_model.pt)
2026-07-06 09:50:12,557 |   -> New best val loss: 17.5909 (saved best_model.pt)
2026-07-06 09:50:14,085 |   -> New best val loss: 17.4008 (saved best_model.pt)
2026-07-06 09:50:17,247 | Epoch  130/2000 | kl_g0_w=1.00 kl_u_w=1.00 | train=20.7968 (recon=37.1897, kl_g0=0.0255, kl_u=3.6919, cls=0.6865) | val=17.2971 | lr=1.00e-04
2026-07-06 09:50:17,275 |   -> New best val loss: 17.2971 (saved best_model.pt)
2026-07-06 09:50:19,406 |   -> New best val loss: 17.1720 (saved best_model.pt)
2026-07-06 09:50:23,717 |   -> New best val loss: 17.0822 (saved best_model.pt)
2026-07-06 09:50:25,308 |   -> New best val loss: 17.0093 (saved best_model.pt)
2026-07-06 09:50:26,811 |   -> New best val loss: 16.9498 (saved best_model.pt)
2026-07-06 09:50:28,732 |   -> New best val loss: 16.8503 (saved best_model.pt)
2026-07-06 09:50:30,828 |   -> New best val loss: 16.8134 (saved best_model.pt)
2026-07-06 09:50:32,916 |   -> New best val loss: 16.7227 (saved best_model.pt)
2026-07-06 09:50:34,869 |   -> New best val loss: 16.5636 (saved best_model.pt)
2026-07-06 09:50:36,987 | Epoch  140/2000 | kl_g0_w=1.00 kl_u_w=1.00 | train=19.8282 (recon=35.3594, kl_g0=0.0259, kl_u=3.5836, cls=0.6875) | val=16.5958 | lr=1.00e-04
2026-07-06 09:50:38,904 |   -> New best val loss: 16.5014 (saved best_model.pt)
2026-07-06 09:50:40,472 |   -> New best val loss: 16.2714 (saved best_model.pt)
2026-07-06 09:50:44,672 |   -> New best val loss: 16.1860 (saved best_model.pt)
2026-07-06 09:50:48,280 |   -> New best val loss: 16.0894 (saved best_model.pt)
2026-07-06 09:50:49,948 |   -> New best val loss: 15.9779 (saved best_model.pt)
2026-07-06 09:50:54,594 |   -> New best val loss: 15.8000 (saved best_model.pt)
2026-07-06 09:50:56,112 | Epoch  150/2000 | kl_g0_w=1.00 kl_u_w=1.00 | train=18.3704 (recon=32.5039, kl_g0=0.0263, kl_u=3.5245, cls=0.6861) | val=15.7346 | lr=1.00e-04
2026-07-06 09:50:56,128 |   -> New best val loss: 15.7346 (saved best_model.pt)
2026-07-06 09:50:59,207 |   -> New best val loss: 15.6243 (saved best_model.pt)
2026-07-06 09:51:00,893 |   -> New best val loss: 15.5348 (saved best_model.pt)
2026-07-06 09:51:03,404 |   -> New best val loss: 15.5294 (saved best_model.pt)
2026-07-06 09:51:05,341 |   -> New best val loss: 15.5036 (saved best_model.pt)
2026-07-06 09:51:06,970 |   -> New best val loss: 15.3845 (saved best_model.pt)
2026-07-06 09:51:11,072 |   -> New best val loss: 15.2362 (saved best_model.pt)
2026-07-06 09:51:15,051 | Epoch  160/2000 | kl_g0_w=1.00 kl_u_w=1.00 | train=17.4615 (recon=30.7693, kl_g0=0.0266, kl_u=3.4393, cls=0.6878) | val=15.1580 | lr=1.00e-04
2026-07-06 09:51:15,077 |   -> New best val loss: 15.1580 (saved best_model.pt)
2026-07-06 09:51:17,440 |   -> New best val loss: 15.0934 (saved best_model.pt)
2026-07-06 09:51:21,404 |   -> New best val loss: 15.0364 (saved best_model.pt)
2026-07-06 09:51:23,102 |   -> New best val loss: 14.8164 (saved best_model.pt)
2026-07-06 09:51:30,002 |   -> New best val loss: 14.7616 (saved best_model.pt)
2026-07-06 09:51:33,891 |   -> New best val loss: 14.6270 (saved best_model.pt)
2026-07-06 09:51:36,289 | Epoch  170/2000 | kl_g0_w=1.00 kl_u_w=1.00 | train=16.5215 (recon=28.8680, kl_g0=0.0269, kl_u=3.4620, cls=0.6861) | val=14.7439 | lr=1.00e-04
2026-07-06 09:51:38,442 |   -> New best val loss: 14.6171 (saved best_model.pt)
2026-07-06 09:51:40,553 |   -> New best val loss: 14.4684 (saved best_model.pt)
2026-07-06 09:51:42,310 |   -> New best val loss: 14.3714 (saved best_model.pt)
2026-07-06 09:51:46,505 |   -> New best val loss: 14.2559 (saved best_model.pt)
2026-07-06 09:51:49,072 |   -> New best val loss: 14.2227 (saved best_model.pt)
2026-07-06 09:51:51,607 |   -> New best val loss: 14.2154 (saved best_model.pt)
2026-07-06 09:51:54,203 |   -> New best val loss: 14.1448 (saved best_model.pt)
2026-07-06 09:51:56,424 |   -> New best val loss: 14.0296 (saved best_model.pt)
2026-07-06 09:51:58,356 | Epoch  180/2000 | kl_g0_w=1.00 kl_u_w=1.00 | train=15.7009 (recon=27.3597, kl_g0=0.0272, kl_u=3.3289, cls=0.6861) | val=14.1410 | lr=1.00e-04
2026-07-06 09:52:03,155 |   -> New best val loss: 13.8223 (saved best_model.pt)
2026-07-06 09:52:06,897 |   -> New best val loss: 13.7630 (saved best_model.pt)
2026-07-06 09:52:08,488 |   -> New best val loss: 13.7363 (saved best_model.pt)
2026-07-06 09:52:10,449 |   -> New best val loss: 13.6251 (saved best_model.pt)
2026-07-06 09:52:15,189 |   -> New best val loss: 13.5760 (saved best_model.pt)
2026-07-06 09:52:16,908 |   -> New best val loss: 13.5031 (saved best_model.pt)
2026-07-06 09:52:19,028 | Epoch  190/2000 | kl_g0_w=1.00 kl_u_w=1.00 | train=14.7693 (recon=25.5588, kl_g0=0.0275, kl_u=3.2669, cls=0.6854) | val=13.4850 | lr=1.00e-04
2026-07-06 09:52:19,055 |   -> New best val loss: 13.4850 (saved best_model.pt)
2026-07-06 09:52:24,058 |   -> New best val loss: 13.3693 (saved best_model.pt)
2026-07-06 09:52:28,795 |   -> New best val loss: 13.3105 (saved best_model.pt)
2026-07-06 09:52:30,525 |   -> New best val loss: 13.2556 (saved best_model.pt)
2026-07-06 09:52:32,547 |   -> New best val loss: 13.1394 (saved best_model.pt)
2026-07-06 09:52:34,687 |   -> New best val loss: 13.1375 (saved best_model.pt)
2026-07-06 09:52:38,477 |   -> New best val loss: 12.9907 (saved best_model.pt)
2026-07-06 09:52:40,443 | Epoch  200/2000 | kl_g0_w=1.00 kl_u_w=1.00 | train=14.1194 (recon=24.3008, kl_g0=0.0278, kl_u=3.2268, cls=0.6835) | val=13.0077 | lr=1.00e-04
2026-07-06 09:52:43,125 |   -> New best val loss: 12.9069 (saved best_model.pt)
2026-07-06 09:52:45,069 |   -> New best val loss: 12.8777 (saved best_model.pt)
2026-07-06 09:52:49,296 |   -> New best val loss: 12.8347 (saved best_model.pt)
2026-07-06 09:52:50,949 |   -> New best val loss: 12.7690 (saved best_model.pt)
2026-07-06 09:52:53,062 |   -> New best val loss: 12.6687 (saved best_model.pt)
2026-07-06 09:52:54,906 |   -> New best val loss: 12.6471 (saved best_model.pt)
2026-07-06 09:52:57,519 |   -> New best val loss: 12.6369 (saved best_model.pt)
2026-07-06 09:52:59,501 |   -> New best val loss: 12.6036 (saved best_model.pt)
2026-07-06 09:53:01,070 | Epoch  210/2000 | kl_g0_w=1.00 kl_u_w=1.00 | train=13.3957 (recon=22.9257, kl_g0=0.0281, kl_u=3.1544, cls=0.6831) | val=12.4879 | lr=1.00e-04
2026-07-06 09:53:01,085 |   -> New best val loss: 12.4879 (saved best_model.pt)
2026-07-06 09:53:06,296 |   -> New best val loss: 12.4222 (saved best_model.pt)
2026-07-06 09:53:13,615 |   -> New best val loss: 12.3408 (saved best_model.pt)
2026-07-06 09:53:15,918 |   -> New best val loss: 12.2960 (saved best_model.pt)
2026-07-06 09:53:18,622 |   -> New best val loss: 12.2377 (saved best_model.pt)
2026-07-06 09:53:20,801 |   -> New best val loss: 12.1618 (saved best_model.pt)
2026-07-06 09:53:22,447 |   -> New best val loss: 12.1357 (saved best_model.pt)
2026-07-06 09:53:24,437 | Epoch  220/2000 | kl_g0_w=1.00 kl_u_w=1.00 | train=12.8140 (recon=21.7942, kl_g0=0.0284, kl_u=3.1193, cls=0.6861) | val=12.0662 | lr=1.00e-04
2026-07-06 09:53:24,454 |   -> New best val loss: 12.0662 (saved best_model.pt)
2026-07-06 09:53:26,372 |   -> New best val loss: 12.0504 (saved best_model.pt)
2026-07-06 09:53:28,512 |   -> New best val loss: 12.0209 (saved best_model.pt)
2026-07-06 09:53:30,745 |   -> New best val loss: 11.9516 (saved best_model.pt)
2026-07-06 09:53:32,423 |   -> New best val loss: 11.9148 (saved best_model.pt)
2026-07-06 09:53:34,226 |   -> New best val loss: 11.8405 (saved best_model.pt)
2026-07-06 09:53:36,544 |   -> New best val loss: 11.8256 (saved best_model.pt)
2026-07-06 09:53:39,125 |   -> New best val loss: 11.7743 (saved best_model.pt)
2026-07-06 09:53:40,914 |   -> New best val loss: 11.7450 (saved best_model.pt)
2026-07-06 09:53:42,612 |   -> New best val loss: 11.7419 (saved best_model.pt)
2026-07-06 09:53:44,215 | Epoch  230/2000 | kl_g0_w=1.00 kl_u_w=1.00 | train=12.2818 (recon=20.7885, kl_g0=0.0286, kl_u=3.0622, cls=0.6843) | val=11.6545 | lr=1.00e-04
2026-07-06 09:53:44,234 |   -> New best val loss: 11.6545 (saved best_model.pt)
2026-07-06 09:53:48,011 |   -> New best val loss: 11.6079 (saved best_model.pt)
2026-07-06 09:53:50,327 |   -> New best val loss: 11.5764 (saved best_model.pt)
2026-07-06 09:53:55,255 |   -> New best val loss: 11.5228 (saved best_model.pt)
2026-07-06 09:53:57,491 |   -> New best val loss: 11.4187 (saved best_model.pt)
2026-07-06 09:53:59,712 |   -> New best val loss: 11.3782 (saved best_model.pt)
2026-07-06 09:54:02,289 |   -> New best val loss: 11.3693 (saved best_model.pt)
2026-07-06 09:54:06,313 | Epoch  240/2000 | kl_g0_w=1.00 kl_u_w=1.00 | train=11.8003 (recon=19.8418, kl_g0=0.0288, kl_u=3.0464, cls=0.6835) | val=11.2636 | lr=1.00e-04
2026-07-06 09:54:06,331 |   -> New best val loss: 11.2636 (saved best_model.pt)
2026-07-06 09:54:08,790 |   -> New best val loss: 11.1833 (saved best_model.pt)
2026-07-06 09:54:16,479 |   -> New best val loss: 11.0935 (saved best_model.pt)
2026-07-06 09:54:21,468 |   -> New best val loss: 11.0641 (saved best_model.pt)
2026-07-06 09:54:23,344 |   -> New best val loss: 11.0282 (saved best_model.pt)
2026-07-06 09:54:28,417 |   -> New best val loss: 10.9580 (saved best_model.pt)
2026-07-06 09:54:30,867 | Epoch  250/2000 | kl_g0_w=1.00 kl_u_w=1.00 | train=11.1640 (recon=18.6185, kl_g0=0.0291, kl_u=2.9980, cls=0.6824) | val=10.9017 | lr=1.00e-04
2026-07-06 09:54:30,897 |   -> New best val loss: 10.9017 (saved best_model.pt)
2026-07-06 09:54:41,514 |   -> New best val loss: 10.7323 (saved best_model.pt)
2026-07-06 09:54:45,966 |   -> New best val loss: 10.6929 (saved best_model.pt)
2026-07-06 09:54:50,723 |   -> New best val loss: 10.6233 (saved best_model.pt)
2026-07-06 09:54:55,408 | Epoch  260/2000 | kl_g0_w=1.00 kl_u_w=1.00 | train=10.8665 (recon=18.0377, kl_g0=0.0293, kl_u=2.9823, cls=0.6837) | val=10.5409 | lr=1.00e-04
2026-07-06 09:54:55,436 |   -> New best val loss: 10.5409 (saved best_model.pt)
2026-07-06 09:55:02,820 |   -> New best val loss: 10.5046 (saved best_model.pt)
2026-07-06 09:55:05,505 |   -> New best val loss: 10.4687 (saved best_model.pt)
2026-07-06 09:55:08,115 |   -> New best val loss: 10.4232 (saved best_model.pt)
2026-07-06 09:55:10,588 |   -> New best val loss: 10.3609 (saved best_model.pt)
2026-07-06 09:55:15,418 |   -> New best val loss: 10.3377 (saved best_model.pt)
2026-07-06 09:55:17,976 |   -> New best val loss: 10.2550 (saved best_model.pt)
2026-07-06 09:55:20,164 | Epoch  270/2000 | kl_g0_w=1.00 kl_u_w=1.00 | train=10.4513 (recon=17.2521, kl_g0=0.0295, kl_u=2.9381, cls=0.6830) | val=10.3212 | lr=1.00e-04
2026-07-06 09:55:23,019 |   -> New best val loss: 10.2191 (saved best_model.pt)
2026-07-06 09:55:29,796 |   -> New best val loss: 10.0892 (saved best_model.pt)
2026-07-06 09:55:35,390 |   -> New best val loss: 9.9839 (saved best_model.pt)
2026-07-06 09:55:42,416 | Epoch  280/2000 | kl_g0_w=1.00 kl_u_w=1.00 | train=10.0558 (recon=16.4684, kl_g0=0.0297, kl_u=2.9307, cls=0.6828) | val=10.0141 | lr=1.00e-04
2026-07-06 09:55:44,120 |   -> New best val loss: 9.9494 (saved best_model.pt)
2026-07-06 09:55:46,570 |   -> New best val loss: 9.8950 (saved best_model.pt)
2026-07-06 09:55:49,068 |   -> New best val loss: 9.8317 (saved best_model.pt)
2026-07-06 09:55:51,323 |   -> New best val loss: 9.8202 (saved best_model.pt)
2026-07-06 09:55:53,586 |   -> New best val loss: 9.8186 (saved best_model.pt)
2026-07-06 09:55:55,364 |   -> New best val loss: 9.7990 (saved best_model.pt)
2026-07-06 09:55:56,911 |   -> New best val loss: 9.7642 (saved best_model.pt)
2026-07-06 09:55:58,438 |   -> New best val loss: 9.7387 (saved best_model.pt)
2026-07-06 09:56:00,666 |   -> New best val loss: 9.6898 (saved best_model.pt)
2026-07-06 09:56:03,015 | Epoch  290/2000 | kl_g0_w=1.00 kl_u_w=1.00 | train=9.7132 (recon=15.8210, kl_g0=0.0299, kl_u=2.8941, cls=0.6814) | val=9.7149 | lr=1.00e-04
2026-07-06 09:56:04,623 |   -> New best val loss: 9.6138 (saved best_model.pt)
2026-07-06 09:56:06,710 |   -> New best val loss: 9.5759 (saved best_model.pt)
2026-07-06 09:56:08,554 |   -> New best val loss: 9.5532 (saved best_model.pt)
2026-07-06 09:56:12,775 |   -> New best val loss: 9.5155 (saved best_model.pt)
2026-07-06 09:56:16,770 |   -> New best val loss: 9.4008 (saved best_model.pt)
2026-07-06 09:56:24,449 | Epoch  300/2000 | kl_g0_w=1.00 kl_u_w=1.00 | train=9.3618 (recon=15.1382, kl_g0=0.0301, kl_u=2.8721, cls=0.6831) | val=9.4602 | lr=1.00e-04
2026-07-06 09:56:27,120 |   -> New best val loss: 9.3305 (saved best_model.pt)
2026-07-06 09:56:29,675 |   -> New best val loss: 9.3022 (saved best_model.pt)
2026-07-06 09:56:34,906 |   -> New best val loss: 9.2818 (saved best_model.pt)
2026-07-06 09:56:37,543 |   -> New best val loss: 9.2080 (saved best_model.pt)
2026-07-06 09:56:44,778 |   -> New best val loss: 9.1531 (saved best_model.pt)
2026-07-06 09:56:46,676 |   -> New best val loss: 9.1454 (saved best_model.pt)
2026-07-06 09:56:48,392 | Epoch  310/2000 | kl_g0_w=1.00 kl_u_w=1.00 | train=8.9763 (recon=14.4000, kl_g0=0.0303, kl_u=2.8387, cls=0.6837) | val=9.1414 | lr=1.00e-04
2026-07-06 09:56:48,409 |   -> New best val loss: 9.1414 (saved best_model.pt)
2026-07-06 09:56:50,415 |   -> New best val loss: 9.0970 (saved best_model.pt)
2026-07-06 09:56:52,657 |   -> New best val loss: 8.9963 (saved best_model.pt)
2026-07-06 09:56:58,593 |   -> New best val loss: 8.9258 (saved best_model.pt)
2026-07-06 09:57:04,871 |   -> New best val loss: 8.8238 (saved best_model.pt)
2026-07-06 09:57:09,199 | Epoch  320/2000 | kl_g0_w=1.00 kl_u_w=1.00 | train=8.6540 (recon=13.7602, kl_g0=0.0304, kl_u=2.8370, cls=0.6804) | val=8.9131 | lr=1.00e-04
2026-07-06 09:57:11,694 |   -> New best val loss: 8.8090 (saved best_model.pt)
2026-07-06 09:57:13,410 |   -> New best val loss: 8.7975 (saved best_model.pt)
2026-07-06 09:57:15,115 |   -> New best val loss: 8.7737 (saved best_model.pt)
2026-07-06 09:57:17,295 |   -> New best val loss: 8.7609 (saved best_model.pt)
2026-07-06 09:57:19,579 |   -> New best val loss: 8.7550 (saved best_model.pt)
2026-07-06 09:57:22,050 |   -> New best val loss: 8.6664 (saved best_model.pt)
2026-07-06 09:57:28,770 |   -> New best val loss: 8.6410 (saved best_model.pt)
2026-07-06 09:57:30,742 | Epoch  330/2000 | kl_g0_w=1.00 kl_u_w=1.00 | train=8.4243 (recon=13.3159, kl_g0=0.0306, kl_u=2.8207, cls=0.6813) | val=8.5911 | lr=1.00e-04
2026-07-06 09:57:30,770 |   -> New best val loss: 8.5911 (saved best_model.pt)
2026-07-06 09:57:36,020 |   -> New best val loss: 8.5585 (saved best_model.pt)
2026-07-06 09:57:38,356 |   -> New best val loss: 8.5455 (saved best_model.pt)
2026-07-06 09:57:42,577 |   -> New best val loss: 8.5128 (saved best_model.pt)
2026-07-06 09:57:45,265 |   -> New best val loss: 8.4957 (saved best_model.pt)
2026-07-06 09:57:47,783 |   -> New best val loss: 8.4555 (saved best_model.pt)
2026-07-06 09:57:52,288 |   -> New best val loss: 8.4136 (saved best_model.pt)
2026-07-06 09:57:54,507 | Epoch  340/2000 | kl_g0_w=1.00 kl_u_w=1.00 | train=8.1812 (recon=12.8620, kl_g0=0.0308, kl_u=2.7870, cls=0.6827) | val=8.3962 | lr=1.00e-04
2026-07-06 09:57:54,535 |   -> New best val loss: 8.3962 (saved best_model.pt)
2026-07-06 09:57:56,906 |   -> New best val loss: 8.3533 (saved best_model.pt)
2026-07-06 09:58:01,943 |   -> New best val loss: 8.3003 (saved best_model.pt)
2026-07-06 09:58:04,134 |   -> New best val loss: 8.2963 (saved best_model.pt)
2026-07-06 09:58:06,505 |   -> New best val loss: 8.2736 (saved best_model.pt)
2026-07-06 09:58:11,421 |   -> New best val loss: 8.2512 (saved best_model.pt)
2026-07-06 09:58:13,020 |   -> New best val loss: 8.2042 (saved best_model.pt)
2026-07-06 09:58:15,312 |   -> New best val loss: 8.1363 (saved best_model.pt)
2026-07-06 09:58:17,725 | Epoch  350/2000 | kl_g0_w=1.00 kl_u_w=1.00 | train=7.9299 (recon=12.3945, kl_g0=0.0310, kl_u=2.7544, cls=0.6800) | val=8.1775 | lr=1.00e-04
2026-07-06 09:58:20,410 |   -> New best val loss: 8.1094 (saved best_model.pt)
2026-07-06 09:58:26,831 |   -> New best val loss: 8.0651 (saved best_model.pt)
2026-07-06 09:58:29,592 |   -> New best val loss: 8.0492 (saved best_model.pt)
2026-07-06 09:58:33,842 |   -> New best val loss: 7.9830 (saved best_model.pt)
2026-07-06 09:58:35,887 |   -> New best val loss: 7.9808 (saved best_model.pt)
2026-07-06 09:58:38,026 |   -> New best val loss: 7.9741 (saved best_model.pt)
2026-07-06 09:58:40,498 | Epoch  360/2000 | kl_g0_w=1.00 kl_u_w=1.00 | train=7.7299 (recon=12.0018, kl_g0=0.0311, kl_u=2.7494, cls=0.6775) | val=7.9820 | lr=1.00e-04
2026-07-06 09:58:42,375 |   -> New best val loss: 7.9158 (saved best_model.pt)
2026-07-06 09:58:50,850 |   -> New best val loss: 7.8761 (saved best_model.pt)
2026-07-06 09:58:53,621 |   -> New best val loss: 7.8427 (saved best_model.pt)
2026-07-06 09:58:56,233 |   -> New best val loss: 7.8369 (saved best_model.pt)
2026-07-06 09:59:03,263 | Epoch  370/2000 | kl_g0_w=1.00 kl_u_w=1.00 | train=7.5351 (recon=11.6346, kl_g0=0.0313, kl_u=2.7256, cls=0.6788) | val=7.8083 | lr=1.00e-04
2026-07-06 09:59:03,280 |   -> New best val loss: 7.8083 (saved best_model.pt)
2026-07-06 09:59:05,054 |   -> New best val loss: 7.7491 (saved best_model.pt)
2026-07-06 09:59:09,839 |   -> New best val loss: 7.7443 (saved best_model.pt)
2026-07-06 09:59:11,672 |   -> New best val loss: 7.6929 (saved best_model.pt)
2026-07-06 09:59:13,497 |   -> New best val loss: 7.6719 (saved best_model.pt)
2026-07-06 09:59:18,605 |   -> New best val loss: 7.6483 (saved best_model.pt)
2026-07-06 09:59:21,021 |   -> New best val loss: 7.6160 (saved best_model.pt)
2026-07-06 09:59:26,177 | Epoch  380/2000 | kl_g0_w=1.00 kl_u_w=1.00 | train=7.3146 (recon=11.2239, kl_g0=0.0314, kl_u=2.6957, cls=0.6782) | val=7.6283 | lr=1.00e-04
2026-07-06 09:59:30,473 |   -> New best val loss: 7.5744 (saved best_model.pt)
2026-07-06 09:59:32,531 |   -> New best val loss: 7.5363 (saved best_model.pt)
2026-07-06 09:59:38,960 |   -> New best val loss: 7.5267 (saved best_model.pt)
2026-07-06 09:59:40,712 |   -> New best val loss: 7.4932 (saved best_model.pt)
2026-07-06 09:59:45,446 |   -> New best val loss: 7.4636 (saved best_model.pt)
2026-07-06 09:59:47,680 | Epoch  390/2000 | kl_g0_w=1.00 kl_u_w=1.00 | train=7.1634 (recon=10.9327, kl_g0=0.0316, kl_u=2.6854, cls=0.6770) | val=7.4822 | lr=1.00e-04
2026-07-06 09:59:50,378 |   -> New best val loss: 7.4211 (saved best_model.pt)
2026-07-06 09:59:55,183 |   -> New best val loss: 7.4170 (saved best_model.pt)
2026-07-06 09:59:57,445 |   -> New best val loss: 7.3846 (saved best_model.pt)
2026-07-06 09:59:59,872 |   -> New best val loss: 7.3717 (saved best_model.pt)
2026-07-06 10:00:04,792 |   -> New best val loss: 7.3272 (saved best_model.pt)
2026-07-06 10:00:07,588 |   -> New best val loss: 7.3211 (saved best_model.pt)
2026-07-06 10:00:10,121 |   -> New best val loss: 7.3167 (saved best_model.pt)
2026-07-06 10:00:12,765 | Epoch  400/2000 | kl_g0_w=1.00 kl_u_w=1.00 | train=6.9808 (recon=10.6019, kl_g0=0.0317, kl_u=2.6521, cls=0.6758) | val=7.2769 | lr=1.00e-04
2026-07-06 10:00:12,797 |   -> New best val loss: 7.2769 (saved best_model.pt)
2026-07-06 10:00:20,670 |   -> New best val loss: 7.2327 (saved best_model.pt)
2026-07-06 10:00:22,392 |   -> New best val loss: 7.2235 (saved best_model.pt)
2026-07-06 10:00:24,874 |   -> New best val loss: 7.2075 (saved best_model.pt)
2026-07-06 10:00:26,956 |   -> New best val loss: 7.2027 (saved best_model.pt)
2026-07-06 10:00:31,039 |   -> New best val loss: 7.1782 (saved best_model.pt)
2026-07-06 10:00:32,877 | Epoch  410/2000 | kl_g0_w=1.00 kl_u_w=1.00 | train=6.8569 (recon=10.3657, kl_g0=0.0319, kl_u=2.6415, cls=0.6747) | val=7.1797 | lr=1.00e-04
2026-07-06 10:00:35,503 |   -> New best val loss: 7.1566 (saved best_model.pt)
2026-07-06 10:00:37,630 |   -> New best val loss: 7.1547 (saved best_model.pt)
2026-07-06 10:00:40,263 |   -> New best val loss: 7.1391 (saved best_model.pt)
2026-07-06 10:00:42,300 |   -> New best val loss: 7.1210 (saved best_model.pt)
2026-07-06 10:00:44,097 |   -> New best val loss: 7.0865 (saved best_model.pt)
2026-07-06 10:00:49,117 |   -> New best val loss: 7.0723 (saved best_model.pt)
2026-07-06 10:00:51,653 |   -> New best val loss: 7.0532 (saved best_model.pt)
2026-07-06 10:00:56,776 | Epoch  420/2000 | kl_g0_w=1.00 kl_u_w=1.00 | train=6.7011 (recon=10.0743, kl_g0=0.0320, kl_u=2.6218, cls=0.6740) | val=7.0025 | lr=1.00e-04
2026-07-06 10:00:56,809 |   -> New best val loss: 7.0025 (saved best_model.pt)
2026-07-06 10:01:06,129 |   -> New best val loss: 6.9789 (saved best_model.pt)
2026-07-06 10:01:08,584 |   -> New best val loss: 6.9698 (saved best_model.pt)
2026-07-06 10:01:11,001 |   -> New best val loss: 6.9633 (saved best_model.pt)
2026-07-06 10:01:13,511 |   -> New best val loss: 6.9364 (saved best_model.pt)
2026-07-06 10:01:15,376 |   -> New best val loss: 6.9177 (saved best_model.pt)
2026-07-06 10:01:17,208 |   -> New best val loss: 6.8978 (saved best_model.pt)
2026-07-06 10:01:19,511 | Epoch  430/2000 | kl_g0_w=1.00 kl_u_w=1.00 | train=6.5709 (recon=9.8293, kl_g0=0.0322, kl_u=2.6076, cls=0.6727) | val=6.9166 | lr=1.00e-04
2026-07-06 10:01:23,295 |   -> New best val loss: 6.8726 (saved best_model.pt)
2026-07-06 10:01:27,862 |   -> New best val loss: 6.8685 (saved best_model.pt)
2026-07-06 10:01:30,132 |   -> New best val loss: 6.8644 (saved best_model.pt)
2026-07-06 10:01:32,214 |   -> New best val loss: 6.8198 (saved best_model.pt)
2026-07-06 10:01:37,057 |   -> New best val loss: 6.8178 (saved best_model.pt)
2026-07-06 10:01:41,664 | Epoch  440/2000 | kl_g0_w=1.00 kl_u_w=1.00 | train=6.4248 (recon=9.5596, kl_g0=0.0323, kl_u=2.5862, cls=0.6715) | val=6.8094 | lr=1.00e-04
2026-07-06 10:01:41,694 |   -> New best val loss: 6.8094 (saved best_model.pt)
2026-07-06 10:01:44,398 |   -> New best val loss: 6.7956 (saved best_model.pt)
2026-07-06 10:01:46,409 |   -> New best val loss: 6.7618 (saved best_model.pt)
2026-07-06 10:01:51,159 |   -> New best val loss: 6.7608 (saved best_model.pt)
2026-07-06 10:01:53,747 |   -> New best val loss: 6.7284 (saved best_model.pt)
2026-07-06 10:01:56,019 |   -> New best val loss: 6.7232 (saved best_model.pt)
2026-07-06 10:02:00,094 |   -> New best val loss: 6.6951 (saved best_model.pt)
2026-07-06 10:02:01,946 |   -> New best val loss: 6.6728 (saved best_model.pt)
2026-07-06 10:02:04,285 | Epoch  450/2000 | kl_g0_w=1.00 kl_u_w=1.00 | train=6.3015 (recon=9.3476, kl_g0=0.0324, kl_u=2.5526, cls=0.6703) | val=6.6567 | lr=1.00e-04
2026-07-06 10:02:04,301 |   -> New best val loss: 6.6567 (saved best_model.pt)
2026-07-06 10:02:12,237 |   -> New best val loss: 6.6333 (saved best_model.pt)
2026-07-06 10:02:15,554 |   -> New best val loss: 6.6187 (saved best_model.pt)
2026-07-06 10:02:17,350 |   -> New best val loss: 6.5781 (saved best_model.pt)
2026-07-06 10:02:24,915 | Epoch  460/2000 | kl_g0_w=1.00 kl_u_w=1.00 | train=6.1822 (recon=9.1205, kl_g0=0.0326, kl_u=2.5437, cls=0.6677) | val=6.5666 | lr=1.00e-04
2026-07-06 10:02:24,931 |   -> New best val loss: 6.5666 (saved best_model.pt)
2026-07-06 10:02:27,572 |   -> New best val loss: 6.5513 (saved best_model.pt)
2026-07-06 10:02:32,524 |   -> New best val loss: 6.5293 (saved best_model.pt)
2026-07-06 10:02:36,716 |   -> New best val loss: 6.5223 (saved best_model.pt)
2026-07-06 10:02:39,460 |   -> New best val loss: 6.5219 (saved best_model.pt)
2026-07-06 10:02:42,003 |   -> New best val loss: 6.5042 (saved best_model.pt)
2026-07-06 10:02:48,349 | Epoch  470/2000 | kl_g0_w=1.00 kl_u_w=1.00 | train=6.0756 (recon=8.9216, kl_g0=0.0327, kl_u=2.5294, cls=0.6675) | val=6.4891 | lr=1.00e-04
2026-07-06 10:02:48,366 |   -> New best val loss: 6.4891 (saved best_model.pt)
2026-07-06 10:02:50,538 |   -> New best val loss: 6.4487 (saved best_model.pt)
2026-07-06 10:02:58,628 |   -> New best val loss: 6.4191 (saved best_model.pt)
2026-07-06 10:03:04,993 |   -> New best val loss: 6.4190 (saved best_model.pt)
2026-07-06 10:03:07,439 |   -> New best val loss: 6.3838 (saved best_model.pt)
2026-07-06 10:03:09,811 | Epoch  480/2000 | kl_g0_w=1.00 kl_u_w=1.00 | train=5.9904 (recon=8.7709, kl_g0=0.0328, kl_u=2.5124, cls=0.6647) | val=6.4110 | lr=1.00e-04
2026-07-06 10:03:15,039 |   -> New best val loss: 6.3807 (saved best_model.pt)
2026-07-06 10:03:17,050 |   -> New best val loss: 6.3728 (saved best_model.pt)
2026-07-06 10:03:19,611 |   -> New best val loss: 6.3658 (saved best_model.pt)
2026-07-06 10:03:23,096 |   -> New best val loss: 6.3495 (saved best_model.pt)
2026-07-06 10:03:24,862 |   -> New best val loss: 6.3304 (saved best_model.pt)
2026-07-06 10:03:26,663 |   -> New best val loss: 6.3172 (saved best_model.pt)
2026-07-06 10:03:28,989 |   -> New best val loss: 6.3135 (saved best_model.pt)
2026-07-06 10:03:31,233 | Epoch  490/2000 | kl_g0_w=1.00 kl_u_w=1.00 | train=5.9036 (recon=8.6241, kl_g0=0.0329, kl_u=2.4859, cls=0.6644) | val=6.2955 | lr=1.00e-04
2026-07-06 10:03:31,259 |   -> New best val loss: 6.2955 (saved best_model.pt)
2026-07-06 10:03:35,165 |   -> New best val loss: 6.2843 (saved best_model.pt)
2026-07-06 10:03:37,941 |   -> New best val loss: 6.2817 (saved best_model.pt)
2026-07-06 10:03:39,519 |   -> New best val loss: 6.2711 (saved best_model.pt)
2026-07-06 10:03:41,459 |   -> New best val loss: 6.2490 (saved best_model.pt)
2026-07-06 10:03:50,087 |   -> New best val loss: 6.2322 (saved best_model.pt)
2026-07-06 10:03:52,407 | Epoch  500/2000 | kl_g0_w=1.00 kl_u_w=1.00 | train=5.7949 (recon=8.4184, kl_g0=0.0331, kl_u=2.4781, cls=0.6602) | val=6.2208 | lr=1.00e-04
2026-07-06 10:03:52,433 |   -> New best val loss: 6.2208 (saved best_model.pt)
2026-07-06 10:03:54,446 |   -> New best val loss: 6.2200 (saved best_model.pt)
2026-07-06 10:03:56,950 |   -> New best val loss: 6.2139 (saved best_model.pt)
2026-07-06 10:03:59,071 |   -> New best val loss: 6.2014 (saved best_model.pt)
2026-07-06 10:04:01,304 |   -> New best val loss: 6.1850 (saved best_model.pt)
2026-07-06 10:04:04,037 |   -> New best val loss: 6.1770 (saved best_model.pt)
2026-07-06 10:04:09,342 |   -> New best val loss: 6.1514 (saved best_model.pt)
2026-07-06 10:04:13,791 |   -> New best val loss: 6.1493 (saved best_model.pt)
2026-07-06 10:04:16,370 | Epoch  510/2000 | kl_g0_w=1.00 kl_u_w=1.00 | train=5.7097 (recon=8.2748, kl_g0=0.0332, kl_u=2.4536, cls=0.6579) | val=6.1293 | lr=1.00e-04
2026-07-06 10:04:16,397 |   -> New best val loss: 6.1293 (saved best_model.pt)
2026-07-06 10:04:23,916 |   -> New best val loss: 6.1146 (saved best_model.pt)
2026-07-06 10:04:26,152 |   -> New best val loss: 6.1108 (saved best_model.pt)
2026-07-06 10:04:28,815 |   -> New best val loss: 6.1017 (saved best_model.pt)
2026-07-06 10:04:30,579 |   -> New best val loss: 6.0821 (saved best_model.pt)
2026-07-06 10:04:37,809 |   -> New best val loss: 6.0701 (saved best_model.pt)
2026-07-06 10:04:39,925 | Epoch  520/2000 | kl_g0_w=1.00 kl_u_w=1.00 | train=5.6220 (recon=8.1297, kl_g0=0.0333, kl_u=2.4282, cls=0.6528) | val=6.0766 | lr=1.00e-04
2026-07-06 10:04:42,389 |   -> New best val loss: 6.0485 (saved best_model.pt)
2026-07-06 10:04:47,905 |   -> New best val loss: 6.0442 (saved best_model.pt)
2026-07-06 10:04:50,516 |   -> New best val loss: 6.0351 (saved best_model.pt)
2026-07-06 10:04:55,780 |   -> New best val loss: 6.0207 (saved best_model.pt)
2026-07-06 10:04:59,655 |   -> New best val loss: 6.0200 (saved best_model.pt)
2026-07-06 10:05:01,406 |   -> New best val loss: 5.9970 (saved best_model.pt)
2026-07-06 10:05:03,682 | Epoch  530/2000 | kl_g0_w=1.00 kl_u_w=1.00 | train=5.5498 (recon=7.9966, kl_g0=0.0334, kl_u=2.4220, cls=0.6475) | val=6.0108 | lr=1.00e-04
2026-07-06 10:05:08,364 |   -> New best val loss: 5.9854 (saved best_model.pt)
2026-07-06 10:05:10,845 |   -> New best val loss: 5.9734 (saved best_model.pt)
2026-07-06 10:05:15,509 |   -> New best val loss: 5.9586 (saved best_model.pt)
2026-07-06 10:05:18,054 |   -> New best val loss: 5.9460 (saved best_model.pt)
2026-07-06 10:05:20,300 |   -> New best val loss: 5.9390 (saved best_model.pt)
2026-07-06 10:05:22,580 |   -> New best val loss: 5.9361 (saved best_model.pt)
2026-07-06 10:05:26,586 | Epoch  540/2000 | kl_g0_w=1.00 kl_u_w=1.00 | train=5.4733 (recon=7.8774, kl_g0=0.0335, kl_u=2.3919, cls=0.6437) | val=5.9226 | lr=1.00e-04
2026-07-06 10:05:26,613 |   -> New best val loss: 5.9226 (saved best_model.pt)
2026-07-06 10:05:30,883 |   -> New best val loss: 5.9014 (saved best_model.pt)
2026-07-06 10:05:33,222 |   -> New best val loss: 5.8911 (saved best_model.pt)
2026-07-06 10:05:43,713 |   -> New best val loss: 5.8895 (saved best_model.pt)
2026-07-06 10:05:46,059 |   -> New best val loss: 5.8629 (saved best_model.pt)
2026-07-06 10:05:48,600 |   -> New best val loss: 5.8529 (saved best_model.pt)
2026-07-06 10:05:51,087 | Epoch  550/2000 | kl_g0_w=1.00 kl_u_w=1.00 | train=5.4038 (recon=7.7629, kl_g0=0.0337, kl_u=2.3733, cls=0.6378) | val=5.8864 | lr=1.00e-04
2026-07-06 10:05:56,157 |   -> New best val loss: 5.8462 (saved best_model.pt)
2026-07-06 10:05:58,286 |   -> New best val loss: 5.8312 (saved best_model.pt)
2026-07-06 10:06:01,055 |   -> New best val loss: 5.8259 (saved best_model.pt)
2026-07-06 10:06:06,286 |   -> New best val loss: 5.7985 (saved best_model.pt)
2026-07-06 10:06:10,379 |   -> New best val loss: 5.7979 (saved best_model.pt)
2026-07-06 10:06:13,791 | Epoch  560/2000 | kl_g0_w=1.00 kl_u_w=1.00 | train=5.3263 (recon=7.6347, kl_g0=0.0338, kl_u=2.3537, cls=0.6304) | val=5.8010 | lr=1.00e-04
2026-07-06 10:06:15,404 |   -> New best val loss: 5.7691 (saved best_model.pt)
2026-07-06 10:06:17,209 |   -> New best val loss: 5.7623 (saved best_model.pt)
2026-07-06 10:06:22,324 |   -> New best val loss: 5.7601 (saved best_model.pt)
2026-07-06 10:06:24,851 |   -> New best val loss: 5.7468 (saved best_model.pt)
2026-07-06 10:06:26,883 |   -> New best val loss: 5.7221 (saved best_model.pt)
2026-07-06 10:06:32,021 |   -> New best val loss: 5.7219 (saved best_model.pt)
2026-07-06 10:06:36,421 | Epoch  570/2000 | kl_g0_w=1.00 kl_u_w=1.00 | train=5.2495 (recon=7.5104, kl_g0=0.0339, kl_u=2.3331, cls=0.6216) | val=5.7022 | lr=1.00e-04
2026-07-06 10:06:36,450 |   -> New best val loss: 5.7022 (saved best_model.pt)
2026-07-06 10:06:41,459 |   -> New best val loss: 5.6988 (saved best_model.pt)
2026-07-06 10:06:43,326 |   -> New best val loss: 5.6926 (saved best_model.pt)
2026-07-06 10:06:47,861 |   -> New best val loss: 5.6674 (saved best_model.pt)
2026-07-06 10:06:50,527 |   -> New best val loss: 5.6661 (saved best_model.pt)
2026-07-06 10:06:57,559 |   -> New best val loss: 5.6554 (saved best_model.pt)
2026-07-06 10:07:00,098 | Epoch  580/2000 | kl_g0_w=1.00 kl_u_w=1.00 | train=5.1790 (recon=7.3967, kl_g0=0.0340, kl_u=2.3170, cls=0.6103) | val=5.6350 | lr=1.00e-04
2026-07-06 10:07:00,125 |   -> New best val loss: 5.6350 (saved best_model.pt)
2026-07-06 10:07:02,625 |   -> New best val loss: 5.6340 (saved best_model.pt)
2026-07-06 10:07:04,234 |   -> New best val loss: 5.6314 (saved best_model.pt)
2026-07-06 10:07:06,652 |   -> New best val loss: 5.6268 (saved best_model.pt)
2026-07-06 10:07:08,966 |   -> New best val loss: 5.6056 (saved best_model.pt)
2026-07-06 10:07:16,708 |   -> New best val loss: 5.5769 (saved best_model.pt)
2026-07-06 10:07:24,101 | Epoch  590/2000 | kl_g0_w=1.00 kl_u_w=1.00 | train=5.0931 (recon=7.2616, kl_g0=0.0341, kl_u=2.2954, cls=0.5950) | val=5.5876 | lr=1.00e-04
2026-07-06 10:07:29,283 |   -> New best val loss: 5.5544 (saved best_model.pt)
2026-07-06 10:07:39,200 |   -> New best val loss: 5.5328 (saved best_model.pt)
2026-07-06 10:07:44,554 |   -> New best val loss: 5.5300 (saved best_model.pt)
2026-07-06 10:07:47,183 |   -> New best val loss: 5.5155 (saved best_model.pt)
2026-07-06 10:07:48,901 | Epoch  600/2000 | kl_g0_w=1.00 kl_u_w=1.00 | train=5.0292 (recon=7.1721, kl_g0=0.0342, kl_u=2.2781, cls=0.5739) | val=5.5252 | lr=1.00e-04
2026-07-06 10:07:53,783 |   -> New best val loss: 5.5033 (saved best_model.pt)
2026-07-06 10:07:55,891 |   -> New best val loss: 5.4898 (saved best_model.pt)
2026-07-06 10:07:58,230 |   -> New best val loss: 5.4866 (saved best_model.pt)
2026-07-06 10:08:02,672 |   -> New best val loss: 5.4717 (saved best_model.pt)
2026-07-06 10:08:04,581 |   -> New best val loss: 5.4641 (saved best_model.pt)
2026-07-06 10:08:08,705 |   -> New best val loss: 5.4509 (saved best_model.pt)
2026-07-06 10:08:11,009 | Epoch  610/2000 | kl_g0_w=1.00 kl_u_w=1.00 | train=4.9549 (recon=7.0565, kl_g0=0.0343, kl_u=2.2598, cls=0.5592) | val=5.4585 | lr=1.00e-04
2026-07-06 10:08:13,665 |   -> New best val loss: 5.4450 (saved best_model.pt)
2026-07-06 10:08:20,792 |   -> New best val loss: 5.4424 (saved best_model.pt)
2026-07-06 10:08:23,270 |   -> New best val loss: 5.4299 (saved best_model.pt)
2026-07-06 10:08:25,836 |   -> New best val loss: 5.4072 (saved best_model.pt)
2026-07-06 10:08:36,766 | Epoch  620/2000 | kl_g0_w=1.00 kl_u_w=1.00 | train=4.8776 (recon=6.9543, kl_g0=0.0344, kl_u=2.2477, cls=0.5187) | val=5.3974 | lr=1.00e-04
2026-07-06 10:08:36,794 |   -> New best val loss: 5.3974 (saved best_model.pt)
2026-07-06 10:08:38,985 |   -> New best val loss: 5.3924 (saved best_model.pt)
2026-07-06 10:08:44,136 |   -> New best val loss: 5.3812 (saved best_model.pt)
2026-07-06 10:08:48,222 |   -> New best val loss: 5.3539 (saved best_model.pt)
2026-07-06 10:08:50,557 |   -> New best val loss: 5.3514 (saved best_model.pt)
2026-07-06 10:08:55,856 |   -> New best val loss: 5.3339 (saved best_model.pt)
2026-07-06 10:09:00,979 | Epoch  630/2000 | kl_g0_w=1.00 kl_u_w=1.00 | train=4.8057 (recon=6.8635, kl_g0=0.0345, kl_u=2.2264, cls=0.4871) | val=5.3346 | lr=1.00e-04
2026-07-06 10:09:06,186 |   -> New best val loss: 5.3035 (saved best_model.pt)
2026-07-06 10:09:15,433 |   -> New best val loss: 5.2848 (saved best_model.pt)
2026-07-06 10:09:22,429 | Epoch  640/2000 | kl_g0_w=1.00 kl_u_w=1.00 | train=4.7281 (recon=6.7815, kl_g0=0.0346, kl_u=2.2123, cls=0.4277) | val=5.3084 | lr=1.00e-04
2026-07-06 10:09:24,617 |   -> New best val loss: 5.2718 (saved best_model.pt)
2026-07-06 10:09:30,680 |   -> New best val loss: 5.2573 (saved best_model.pt)
2026-07-06 10:09:36,818 |   -> New best val loss: 5.2484 (saved best_model.pt)
2026-07-06 10:09:39,157 |   -> New best val loss: 5.2454 (saved best_model.pt)
2026-07-06 10:09:44,382 | Epoch  650/2000 | kl_g0_w=1.00 kl_u_w=1.00 | train=4.6431 (recon=6.6902, kl_g0=0.0347, kl_u=2.1919, cls=0.3694) | val=5.2385 | lr=1.00e-04
2026-07-06 10:09:44,410 |   -> New best val loss: 5.2385 (saved best_model.pt)
2026-07-06 10:09:48,752 |   -> New best val loss: 5.2238 (saved best_model.pt)
2026-07-06 10:09:53,712 |   -> New best val loss: 5.2076 (saved best_model.pt)
2026-07-06 10:10:06,938 | Epoch  660/2000 | kl_g0_w=1.00 kl_u_w=1.00 | train=4.5796 (recon=6.6516, kl_g0=0.0348, kl_u=2.1643, cls=0.3085) | val=5.2161 | lr=1.00e-04
2026-07-06 10:10:08,814 |   -> New best val loss: 5.2075 (saved best_model.pt)
2026-07-06 10:10:15,208 |   -> New best val loss: 5.1810 (saved best_model.pt)
2026-07-06 10:10:27,445 | Epoch  670/2000 | kl_g0_w=1.00 kl_u_w=1.00 | train=4.4833 (recon=6.5437, kl_g0=0.0348, kl_u=2.1586, cls=0.2294) | val=5.2167 | lr=1.00e-04
2026-07-06 10:10:52,458 | Epoch  680/2000 | kl_g0_w=1.00 kl_u_w=1.00 | train=4.4076 (recon=6.4701, kl_g0=0.0349, kl_u=2.1445, cls=0.1658) | val=5.2089 | lr=5.00e-05
2026-07-06 10:11:17,246 | Epoch  690/2000 | kl_g0_w=1.00 kl_u_w=1.00 | train=4.3562 (recon=6.3935, kl_g0=0.0350, kl_u=2.1330, cls=0.1510) | val=5.2016 | lr=5.00e-05
2026-07-06 10:11:24,040 |   -> New best val loss: 5.1763 (saved best_model.pt)
2026-07-06 10:11:38,653 | Epoch  700/2000 | kl_g0_w=1.00 kl_u_w=1.00 | train=4.3070 (recon=6.3357, kl_g0=0.0350, kl_u=2.1333, cls=0.1100) | val=5.1985 | lr=5.00e-05
2026-07-06 10:12:01,423 | Epoch  710/2000 | kl_g0_w=1.00 kl_u_w=1.00 | train=4.2740 (recon=6.3039, kl_g0=0.0351, kl_u=2.1208, cls=0.0882) | val=5.1783 | lr=2.50e-05
2026-07-06 10:12:05,375 |   -> New best val loss: 5.1728 (saved best_model.pt)
2026-07-06 10:12:22,231 |   -> New best val loss: 5.1681 (saved best_model.pt)
2026-07-06 10:12:24,831 | Epoch  720/2000 | kl_g0_w=1.00 kl_u_w=1.00 | train=4.2459 (recon=6.2514, kl_g0=0.0351, kl_u=2.1239, cls=0.0814) | val=5.1940 | lr=2.50e-05
2026-07-06 10:12:40,974 |   -> New best val loss: 5.1673 (saved best_model.pt)
2026-07-06 10:12:48,572 | Epoch  730/2000 | kl_g0_w=1.00 kl_u_w=1.00 | train=4.2272 (recon=6.2270, kl_g0=0.0352, kl_u=2.1184, cls=0.0740) | val=5.1732 | lr=2.50e-05
2026-07-06 10:12:50,227 |   -> New best val loss: 5.1670 (saved best_model.pt)
2026-07-06 10:12:57,229 |   -> New best val loss: 5.1622 (saved best_model.pt)
2026-07-06 10:13:10,984 | Epoch  740/2000 | kl_g0_w=1.00 kl_u_w=1.00 | train=4.2118 (recon=6.1883, kl_g0=0.0352, kl_u=2.1225, cls=0.0777) | val=5.1855 | lr=2.50e-05
2026-07-06 10:13:33,009 | Epoch  750/2000 | kl_g0_w=1.00 kl_u_w=1.00 | train=4.1932 (recon=6.1703, kl_g0=0.0352, kl_u=2.1165, cls=0.0644) | val=5.1712 | lr=1.25e-05
2026-07-06 10:13:38,503 |   -> New best val loss: 5.1606 (saved best_model.pt)
2026-07-06 10:13:46,376 |   -> New best val loss: 5.1596 (saved best_model.pt)
2026-07-06 10:13:48,379 |   -> New best val loss: 5.1558 (saved best_model.pt)
2026-07-06 10:13:55,313 | Epoch  760/2000 | kl_g0_w=1.00 kl_u_w=1.00 | train=4.1821 (recon=6.1560, kl_g0=0.0352, kl_u=2.1122, cls=0.0608) | val=5.1690 | lr=1.25e-05
2026-07-06 10:14:17,312 | Epoch  770/2000 | kl_g0_w=1.00 kl_u_w=1.00 | train=4.1754 (recon=6.1434, kl_g0=0.0353, kl_u=2.1138, cls=0.0583) | val=5.1612 | lr=1.25e-05
2026-07-06 10:14:39,612 | Epoch  780/2000 | kl_g0_w=1.00 kl_u_w=1.00 | train=4.1629 (recon=6.1228, kl_g0=0.0353, kl_u=2.1116, cls=0.0561) | val=5.1643 | lr=6.25e-06
2026-07-06 10:14:56,047 | Early stopping at epoch 787 -- no improvement for 30 epochs.
2026-07-06 10:14:56,064 | Final model saved to /home/nadegeo/LIFUS-BRICK/results/training/train_20260706_094553/final_model.pt
2026-07-06 10:14:56,064 | Best val loss: 5.1558
2026-07-06 10:14:56,064 | Training complete.
