2026-07-23 15:13:15,575 | ============================================================
2026-07-23 15:13:15,575 | Task-State BRICK Training -- PRE model
2026-07-23 15:13:15,575 | num_classes=3, BETA=0.2, n_epochs=3000
2026-07-23 15:13:15,575 | Val subjects: ['fuspd12', 'fuspd08']
2026-07-23 15:13:15,575 | ============================================================
2026-07-23 15:13:15,605 | Split: 34 train | 4 val
2026-07-23 15:13:15,605 | Train label dist: {0: 17, 1: 9, 2: 8}
2026-07-23 15:13:15,606 | Val label dist:   {0: 2, 1: 1, 2: 1}
2026-07-23 15:13:15,640 | Model parameters: 554,799
2026-07-23 15:13:18,305 | Epoch    1/3000 | train=1070.4476 (recon=1337.5835, cls=1.0736) | val=110.0883 (cls=1.0732) | lr=1.00e-04
2026-07-23 15:13:18,331 |   -> New joint-best cls: val=1.0732, train=1.0736
2026-07-23 15:13:20,014 |   -> New joint-best cls: val=1.0701, train=1.0629
2026-07-23 15:13:30,807 | Epoch   10/3000 | train=47.2154 (recon=58.1391, cls=1.0595) | val=43.4787 (cls=1.0606) | lr=1.00e-04
2026-07-23 15:13:30,818 |   -> New joint-best cls: val=1.0606, train=1.0595
2026-07-23 15:13:31,879 |   -> New joint-best cls: val=1.0575, train=1.0575
2026-07-23 15:13:33,037 |   -> New joint-best cls: val=1.0551, train=1.0536
2026-07-23 15:13:35,894 |   -> New joint-best cls: val=1.0522, train=1.0490
2026-07-23 15:13:38,085 |   -> New joint-best cls: val=1.0494, train=1.0484
2026-07-23 15:13:41,888 | Epoch   20/3000 | train=36.0002 (recon=43.3763, cls=1.0468) | val=37.6175 (cls=1.0480) | lr=1.00e-04
2026-07-23 15:13:41,900 |   -> New joint-best cls: val=1.0480, train=1.0468
2026-07-23 15:13:46,795 |   -> New joint-best cls: val=1.0471, train=1.0448
2026-07-23 15:13:54,239 | Epoch   30/3000 | train=29.6284 (recon=35.1711, cls=1.0456) | val=31.6401 (cls=1.0454) | lr=1.00e-04
2026-07-23 15:14:06,976 |   -> New joint-best cls: val=1.0442, train=1.0440
2026-07-23 15:14:09,506 | Epoch   40/3000 | train=25.8998 (recon=30.4263, cls=1.0450) | val=27.5094 (cls=1.0440) | lr=1.00e-04
2026-07-23 15:14:12,971 |   -> New joint-best cls: val=1.0434, train=1.0426
2026-07-23 15:14:20,968 | Epoch   50/3000 | train=23.2873 (recon=27.1297, cls=1.0427) | val=25.2353 (cls=1.0433) | lr=1.00e-04
2026-07-23 15:14:22,990 |   -> New joint-best cls: val=1.0433, train=1.0423
2026-07-23 15:14:28,052 |   -> New joint-best cls: val=1.0433, train=1.0415
2026-07-23 15:14:32,463 | Epoch   60/3000 | train=21.3540 (recon=24.7044, cls=1.0423) | val=23.1920 (cls=1.0439) | lr=1.00e-04
2026-07-23 15:14:43,502 | Epoch   70/3000 | train=19.6227 (recon=22.5469, cls=1.0443) | val=21.0022 (cls=1.0427) | lr=1.00e-04
2026-07-23 15:14:47,894 |   -> New joint-best cls: val=1.0427, train=1.0401
2026-07-23 15:14:57,995 | Epoch   80/3000 | train=18.3516 (recon=20.9489, cls=1.0408) | val=19.6697 (cls=1.0428) | lr=1.00e-04
2026-07-23 15:15:06,176 |   -> New joint-best cls: val=1.0422, train=1.0396
2026-07-23 15:15:11,716 | Epoch   90/3000 | train=17.1789 (recon=19.4906, cls=1.0391) | val=18.3962 (cls=1.0425) | lr=1.00e-04
2026-07-23 15:15:24,182 | Epoch  100/3000 | train=16.1415 (recon=18.1923, cls=1.0415) | val=17.3266 (cls=1.0422) | lr=1.00e-04
2026-07-23 15:15:31,326 |   -> New joint-best cls: val=1.0419, train=1.0394
2026-07-23 15:15:38,321 | Epoch  110/3000 | train=15.0668 (recon=16.8623, cls=1.0417) | val=16.4656 (cls=1.0422) | lr=1.00e-04
2026-07-23 15:15:48,460 |   -> New joint-best cls: val=1.0418, train=1.0389
2026-07-23 15:15:52,684 | Epoch  120/3000 | train=14.2641 (recon=15.8483, cls=1.0386) | val=15.5210 (cls=1.0417) | lr=1.00e-04
2026-07-23 15:15:52,692 |   -> New joint-best cls: val=1.0417, train=1.0386
2026-07-23 15:16:04,580 | Epoch  130/3000 | train=13.4807 (recon=14.8872, cls=1.0387) | val=14.4935 (cls=1.0427) | lr=1.00e-04
2026-07-23 15:16:18,352 | Epoch  140/3000 | train=12.8749 (recon=14.1232, cls=1.0377) | val=14.0025 (cls=1.0421) | lr=1.00e-04
2026-07-23 15:16:33,489 | Epoch  150/3000 | train=12.2267 (recon=13.3186, cls=1.0395) | val=13.0176 (cls=1.0428) | lr=1.00e-04
2026-07-23 15:16:46,843 | Epoch  160/3000 | train=11.7342 (recon=12.7089, cls=1.0371) | val=12.4241 (cls=1.0427) | lr=1.00e-04
2026-07-23 15:16:58,458 | Epoch  170/3000 | train=11.2238 (recon=12.0863, cls=1.0382) | val=11.9573 (cls=1.0432) | lr=1.00e-04
2026-07-23 15:17:12,183 | Epoch  180/3000 | train=10.8124 (recon=11.5679, cls=1.0375) | val=11.4134 (cls=1.0425) | lr=1.00e-04
2026-07-23 15:17:25,828 | Epoch  190/3000 | train=10.3992 (recon=11.0642, cls=1.0372) | val=11.0476 (cls=1.0431) | lr=1.00e-04
2026-07-23 15:17:36,830 | Epoch  200/3000 | train=10.0673 (recon=10.6542, cls=1.0374) | val=10.5259 (cls=1.0434) | lr=1.00e-04
2026-07-23 15:17:49,516 | Epoch  210/3000 | train=9.6984 (recon=10.2042, cls=1.0358) | val=10.4552 (cls=1.0436) | lr=1.00e-04
2026-07-23 15:18:05,150 | Epoch  220/3000 | train=9.4458 (recon=9.8830, cls=1.0380) | val=9.9330 (cls=1.0439) | lr=1.00e-04
2026-07-23 15:18:18,384 | Epoch  230/3000 | train=9.1439 (recon=9.5270, cls=1.0366) | val=9.5748 (cls=1.0448) | lr=1.00e-04
2026-07-23 15:18:27,476 | Epoch  240/3000 | train=8.8165 (recon=9.1213, cls=1.0367) | val=9.4130 (cls=1.0449) | lr=1.00e-04
2026-07-23 15:18:38,846 | Epoch  250/3000 | train=8.6594 (recon=8.9313, cls=1.0351) | val=9.1201 (cls=1.0451) | lr=1.00e-04
2026-07-23 15:18:52,003 | Epoch  260/3000 | train=8.3808 (recon=8.5874, cls=1.0381) | val=8.8238 (cls=1.0458) | lr=1.00e-04
2026-07-23 15:19:04,545 | Epoch  270/3000 | train=8.1917 (recon=8.3564, cls=1.0350) | val=8.8698 (cls=1.0460) | lr=1.00e-04
2026-07-23 15:19:15,019 | Epoch  280/3000 | train=8.0202 (recon=8.1574, cls=1.0353) | val=8.4944 (cls=1.0453) | lr=1.00e-04
2026-07-23 15:19:24,667 | Epoch  290/3000 | train=7.8600 (recon=7.9525, cls=1.0372) | val=8.2713 (cls=1.0462) | lr=1.00e-04
2026-07-23 15:19:35,703 | Epoch  300/3000 | train=7.6262 (recon=7.6793, cls=1.0349) | val=8.1181 (cls=1.0467) | lr=1.00e-04
2026-07-23 15:19:47,208 | Epoch  310/3000 | train=7.5039 (recon=7.5278, cls=1.0344) | val=8.0259 (cls=1.0469) | lr=1.00e-04
2026-07-23 15:19:57,490 | Epoch  320/3000 | train=7.3446 (recon=7.3379, cls=1.0346) | val=7.8366 (cls=1.0474) | lr=1.00e-04
2026-07-23 15:20:07,092 | Epoch  330/3000 | train=7.1979 (recon=7.1637, cls=1.0340) | val=7.7273 (cls=1.0480) | lr=1.00e-04
2026-07-23 15:20:17,821 | Epoch  340/3000 | train=7.0280 (recon=6.9744, cls=1.0330) | val=7.5352 (cls=1.0480) | lr=1.00e-04
2026-07-23 15:20:30,309 | Epoch  350/3000 | train=6.8880 (recon=6.7983, cls=1.0343) | val=7.3998 (cls=1.0491) | lr=1.00e-04
2026-07-23 15:20:41,195 | Epoch  360/3000 | train=6.7556 (recon=6.6471, cls=1.0326) | val=7.2505 (cls=1.0496) | lr=1.00e-04
2026-07-23 15:20:51,875 | Epoch  370/3000 | train=6.6633 (recon=6.5378, cls=1.0330) | val=7.1779 (cls=1.0497) | lr=1.00e-04
2026-07-23 15:21:01,261 | Epoch  380/3000 | train=6.4927 (recon=6.3441, cls=1.0351) | val=7.0165 (cls=1.0498) | lr=1.00e-04
2026-07-23 15:21:10,363 | Epoch  390/3000 | train=6.3853 (recon=6.2186, cls=1.0320) | val=6.7864 (cls=1.0497) | lr=1.00e-04
2026-07-23 15:21:20,953 | Epoch  400/3000 | train=6.2505 (recon=6.0564, cls=1.0323) | val=6.7113 (cls=1.0507) | lr=1.00e-04
2026-07-23 15:21:33,033 | Epoch  410/3000 | train=6.1594 (recon=5.9582, cls=1.0318) | val=6.7280 (cls=1.0516) | lr=1.00e-04
2026-07-23 15:21:43,705 | Epoch  420/3000 | train=6.0486 (recon=5.8229, cls=1.0314) | val=6.5917 (cls=1.0511) | lr=1.00e-04
2026-07-23 15:21:53,271 | Epoch  430/3000 | train=5.9219 (recon=5.6746, cls=1.0306) | val=6.4591 (cls=1.0517) | lr=1.00e-04
2026-07-23 15:22:03,305 | Epoch  440/3000 | train=5.8465 (recon=5.5906, cls=1.0334) | val=6.3898 (cls=1.0531) | lr=1.00e-04
2026-07-23 15:22:15,261 | Epoch  450/3000 | train=5.7221 (recon=5.4428, cls=1.0314) | val=6.2558 (cls=1.0525) | lr=1.00e-04
2026-07-23 15:22:28,244 | Epoch  460/3000 | train=5.6491 (recon=5.3565, cls=1.0308) | val=6.1085 (cls=1.0517) | lr=1.00e-04
2026-07-23 15:22:41,594 | Epoch  470/3000 | train=5.5494 (recon=5.2407, cls=1.0303) | val=6.0696 (cls=1.0529) | lr=1.00e-04
2026-07-23 15:22:54,802 | Epoch  480/3000 | train=5.4864 (recon=5.1651, cls=1.0286) | val=6.0124 (cls=1.0533) | lr=1.00e-04
2026-07-23 15:23:06,164 | Epoch  490/3000 | train=5.4025 (recon=5.0679, cls=1.0302) | val=5.8978 (cls=1.0532) | lr=1.00e-04
2026-07-23 15:23:18,671 | Epoch  500/3000 | train=5.3185 (recon=4.9684, cls=1.0316) | val=5.9523 (cls=1.0547) | lr=1.00e-04
2026-07-23 15:23:29,221 | Epoch  510/3000 | train=5.2039 (recon=4.8285, cls=1.0280) | val=5.7127 (cls=1.0543) | lr=1.00e-04
2026-07-23 15:23:41,592 | Epoch  520/3000 | train=5.1165 (recon=4.7315, cls=1.0282) | val=5.6528 (cls=1.0551) | lr=1.00e-04
2026-07-23 15:23:52,858 | Epoch  530/3000 | train=5.0600 (recon=4.6676, cls=1.0273) | val=5.5604 (cls=1.0560) | lr=1.00e-04
2026-07-23 15:24:03,356 | Epoch  540/3000 | train=4.9564 (recon=4.5462, cls=1.0255) | val=5.5138 (cls=1.0552) | lr=1.00e-04
2026-07-23 15:24:16,295 | Epoch  550/3000 | train=4.8858 (recon=4.4604, cls=1.0259) | val=5.4264 (cls=1.0555) | lr=1.00e-04
2026-07-23 15:24:25,422 | Epoch  560/3000 | train=4.8113 (recon=4.3760, cls=1.0274) | val=5.3138 (cls=1.0561) | lr=1.00e-04
2026-07-23 15:24:37,603 | Epoch  570/3000 | train=4.7228 (recon=4.2701, cls=1.0251) | val=5.2999 (cls=1.0559) | lr=1.00e-04
2026-07-23 15:24:50,767 | Epoch  580/3000 | train=4.6779 (recon=4.2174, cls=1.0239) | val=5.2212 (cls=1.0556) | lr=1.00e-04
2026-07-23 15:25:03,963 | Epoch  590/3000 | train=4.5961 (recon=4.1182, cls=1.0245) | val=5.0993 (cls=1.0561) | lr=1.00e-04
2026-07-23 15:25:17,555 | Epoch  600/3000 | train=4.5323 (recon=4.0429, cls=1.0236) | val=5.1056 (cls=1.0565) | lr=1.00e-04
2026-07-23 15:25:30,695 | Epoch  610/3000 | train=4.4610 (recon=3.9581, cls=1.0248) | val=4.9936 (cls=1.0560) | lr=1.00e-04
2026-07-23 15:25:44,437 | Epoch  620/3000 | train=4.3946 (recon=3.8834, cls=1.0228) | val=4.8448 (cls=1.0563) | lr=1.00e-04
2026-07-23 15:25:53,900 | Epoch  630/3000 | train=4.3475 (recon=3.8288, cls=1.0210) | val=4.8305 (cls=1.0576) | lr=1.00e-04
2026-07-23 15:26:03,113 | Epoch  640/3000 | train=4.2771 (recon=3.7467, cls=1.0218) | val=4.7683 (cls=1.0571) | lr=1.00e-04
2026-07-23 15:26:15,867 | Epoch  650/3000 | train=4.2028 (recon=3.6529, cls=1.0202) | val=4.6931 (cls=1.0572) | lr=1.00e-04
2026-07-23 15:26:28,854 | Epoch  660/3000 | train=4.1513 (recon=3.5921, cls=1.0201) | val=4.6626 (cls=1.0589) | lr=1.00e-04
2026-07-23 15:26:39,500 | Epoch  670/3000 | train=4.0775 (recon=3.5089, cls=1.0195) | val=4.5632 (cls=1.0585) | lr=1.00e-04
2026-07-23 15:26:49,840 | Epoch  680/3000 | train=4.0372 (recon=3.4597, cls=1.0195) | val=4.5263 (cls=1.0598) | lr=1.00e-04
2026-07-23 15:27:02,527 | Epoch  690/3000 | train=3.9667 (recon=3.3781, cls=1.0198) | val=4.4394 (cls=1.0599) | lr=1.00e-04
2026-07-23 15:27:15,119 | Epoch  700/3000 | train=3.9040 (recon=3.3057, cls=1.0171) | val=4.3982 (cls=1.0600) | lr=1.00e-04
2026-07-23 15:27:26,661 | Epoch  710/3000 | train=3.8611 (recon=3.2529, cls=1.0172) | val=4.3645 (cls=1.0607) | lr=1.00e-04
2026-07-23 15:27:38,027 | Epoch  720/3000 | train=3.8051 (recon=3.1912, cls=1.0143) | val=4.2577 (cls=1.0602) | lr=1.00e-04
2026-07-23 15:27:50,206 | Epoch  730/3000 | train=3.7508 (recon=3.1270, cls=1.0169) | val=4.2089 (cls=1.0605) | lr=1.00e-04
2026-07-23 15:28:03,026 | Epoch  740/3000 | train=3.6980 (recon=3.0659, cls=1.0125) | val=4.1629 (cls=1.0608) | lr=1.00e-04
2026-07-23 15:28:15,265 | Epoch  750/3000 | train=3.6461 (recon=3.0078, cls=1.0124) | val=4.0944 (cls=1.0612) | lr=1.00e-04
2026-07-23 15:28:27,246 | Epoch  760/3000 | train=3.6028 (recon=2.9632, cls=1.0101) | val=4.0534 (cls=1.0614) | lr=1.00e-04
2026-07-23 15:28:35,251 | Epoch  770/3000 | train=3.5565 (recon=2.9086, cls=1.0104) | val=3.9844 (cls=1.0617) | lr=1.00e-04
2026-07-23 15:28:42,953 | Epoch  780/3000 | train=3.5028 (recon=2.8454, cls=1.0087) | val=3.9083 (cls=1.0619) | lr=1.00e-04
2026-07-23 15:28:51,229 | Epoch  790/3000 | train=3.4464 (recon=2.7832, cls=1.0083) | val=3.8806 (cls=1.0621) | lr=1.00e-04
2026-07-23 15:28:59,599 | Epoch  800/3000 | train=3.4007 (recon=2.7321, cls=1.0071) | val=3.8058 (cls=1.0642) | lr=1.00e-04
2026-07-23 15:29:07,505 | Epoch  810/3000 | train=3.3620 (recon=2.6903, cls=1.0080) | val=3.7385 (cls=1.0633) | lr=1.00e-04
2026-07-23 15:29:15,212 | Epoch  820/3000 | train=3.3004 (recon=2.6179, cls=1.0041) | val=3.7089 (cls=1.0645) | lr=1.00e-04
2026-07-23 15:29:22,997 | Epoch  830/3000 | train=3.2572 (recon=2.5711, cls=1.0031) | val=3.6926 (cls=1.0661) | lr=1.00e-04
2026-07-23 15:29:30,893 | Epoch  840/3000 | train=3.2181 (recon=2.5331, cls=1.0003) | val=3.6213 (cls=1.0674) | lr=1.00e-04
2026-07-23 15:29:38,828 | Epoch  850/3000 | train=3.1810 (recon=2.4931, cls=0.9981) | val=3.5765 (cls=1.0674) | lr=1.00e-04
2026-07-23 15:29:46,766 | Epoch  860/3000 | train=3.1279 (recon=2.4318, cls=0.9955) | val=3.4973 (cls=1.0676) | lr=1.00e-04
2026-07-23 15:29:54,470 | Epoch  870/3000 | train=3.0824 (recon=2.3829, cls=0.9946) | val=3.5049 (cls=1.0671) | lr=1.00e-04
2026-07-23 15:30:04,994 | Epoch  880/3000 | train=3.0451 (recon=2.3382, cls=0.9914) | val=3.4162 (cls=1.0687) | lr=1.00e-04
2026-07-23 15:30:14,023 | Epoch  890/3000 | train=3.0167 (recon=2.3105, cls=0.9902) | val=3.3898 (cls=1.0691) | lr=1.00e-04
2026-07-23 15:30:22,248 | Epoch  900/3000 | train=2.9586 (recon=2.2412, cls=0.9870) | val=3.3253 (cls=1.0691) | lr=1.00e-04
2026-07-23 15:30:32,914 | Epoch  910/3000 | train=2.9240 (recon=2.2046, cls=0.9857) | val=3.2759 (cls=1.0694) | lr=1.00e-04
2026-07-23 15:30:41,432 | Epoch  920/3000 | train=2.8828 (recon=2.1591, cls=0.9803) | val=3.2191 (cls=1.0710) | lr=1.00e-04
2026-07-23 15:30:49,201 | Epoch  930/3000 | train=2.8561 (recon=2.1306, cls=0.9770) | val=3.2494 (cls=1.0710) | lr=1.00e-04
2026-07-23 15:31:00,618 | Epoch  940/3000 | train=2.8008 (recon=2.0663, cls=0.9721) | val=3.1438 (cls=1.0724) | lr=1.00e-04
2026-07-23 15:31:10,498 | Epoch  950/3000 | train=2.7743 (recon=2.0409, cls=0.9674) | val=3.0881 (cls=1.0756) | lr=1.00e-04
2026-07-23 15:31:22,796 | Epoch  960/3000 | train=2.7375 (recon=1.9990, cls=0.9625) | val=3.0577 (cls=1.0760) | lr=1.00e-04
2026-07-23 15:31:34,517 | Epoch  970/3000 | train=2.7068 (recon=1.9658, cls=0.9570) | val=3.0356 (cls=1.0769) | lr=1.00e-04
2026-07-23 15:31:43,097 | Epoch  980/3000 | train=2.6581 (recon=1.9140, cls=0.9493) | val=2.9776 (cls=1.0783) | lr=1.00e-04
2026-07-23 15:31:51,002 | Epoch  990/3000 | train=2.6154 (recon=1.8662, cls=0.9382) | val=2.9314 (cls=1.0804) | lr=1.00e-04
2026-07-23 15:31:59,190 | Epoch 1000/3000 | train=2.5847 (recon=1.8338, cls=0.9345) | val=2.8935 (cls=1.0820) | lr=1.00e-04
2026-07-23 15:32:10,714 | Epoch 1010/3000 | train=2.5538 (recon=1.8013, cls=0.9229) | val=2.8553 (cls=1.0846) | lr=1.00e-04
2026-07-23 15:32:32,581 | Epoch 1020/3000 | train=2.5172 (recon=1.7653, cls=0.9047) | val=2.8051 (cls=1.0899) | lr=1.00e-04
2026-07-23 15:32:53,478 | Epoch 1030/3000 | train=2.4805 (recon=1.7277, cls=0.8892) | val=2.8125 (cls=1.0941) | lr=1.00e-04
2026-07-23 15:33:11,815 | Epoch 1040/3000 | train=2.4397 (recon=1.6907, cls=0.8645) | val=2.7498 (cls=1.0965) | lr=1.00e-04
2026-07-23 15:33:25,100 | Epoch 1050/3000 | train=2.4081 (recon=1.6622, cls=0.8415) | val=2.7071 (cls=1.0985) | lr=1.00e-04
2026-07-23 15:33:46,167 | Epoch 1060/3000 | train=2.3645 (recon=1.6221, cls=0.8075) | val=2.6998 (cls=1.1077) | lr=1.00e-04
2026-07-23 15:34:03,788 | Epoch 1070/3000 | train=2.3433 (recon=1.6030, cls=0.7688) | val=2.6742 (cls=1.1242) | lr=1.00e-04
2026-07-23 15:34:22,161 | Epoch 1080/3000 | train=2.3042 (recon=1.5726, cls=0.7167) | val=2.6212 (cls=1.1382) | lr=1.00e-04
2026-07-23 15:34:42,334 | Epoch 1090/3000 | train=2.2629 (recon=1.5416, cls=0.6632) | val=2.6071 (cls=1.1611) | lr=1.00e-04
2026-07-23 15:34:54,264 | Epoch 1100/3000 | train=2.2312 (recon=1.5171, cls=0.6028) | val=2.5794 (cls=1.1871) | lr=1.00e-04
2026-07-23 15:35:08,997 | Stopping at epoch 1109 — val cls 1.2453 exceeds best 1.0417 by >0.2
2026-07-23 15:35:09,007 | Training complete. Best val loss: 2.5330
2026-07-23 15:35:09,007 | Best cls: val=1.0417, train=1.0386
