2026-07-06 18:23:40,765 | ============================================================
2026-07-06 18:23:40,765 | BRICK Training -- ablation_no_control
2026-07-06 18:23:40,765 | N_ROIS=24, M=96, H=4, T=240
2026-07-06 18:23:40,766 | Epochs=5000, LR=0.0001, WD=0.05, LAMBDA_NOISE=0.01, BATCH_SIZE=12
2026-07-06 18:23:40,766 | Patience=30, use_control=False, use_ic=True
2026-07-06 18:23:40,766 | KL annealing: g0 over 0 epochs, u delayed 0 then over 0 epochs
2026-07-06 18:23:40,766 | ============================================================
2026-07-06 18:23:40,766 | Overfit threshold: 1.5 (val/train recon ratio)
2026-07-06 18:23:40,766 | Loading dataset...
2026-07-06 18:23:40,847 | Split: 52 train | 4 val | 20 test items
2026-07-06 18:23:40,870 | Model parameters: 554,702
2026-07-06 18:23:40,871 | Starting training...
2026-07-06 18:23:41,812 | Epoch    1/5000 | kl_g0_w=1.00 kl_u_w=1.00 | train=1312.6852 (recon=1312.6636, kl_g0=0.0216, kl_u=0.0000, cls=0.0000) | val=173.7255 | lr=1.00e-04
2026-07-06 18:23:41,823 |   -> New best val loss: 173.7255 (saved best_model.pt)
2026-07-06 18:23:41,834 |   -> New best pre-overfit val recon: 173.7043 (saved best_model_preoverfit.pt)
2026-07-06 18:23:42,910 |   -> New best val loss: 171.8809 (saved best_model.pt)
2026-07-06 18:23:42,920 |   -> New best pre-overfit val recon: 171.8607 (saved best_model_preoverfit.pt)
2026-07-06 18:23:43,809 |   -> New best val loss: 165.7668 (saved best_model.pt)
2026-07-06 18:23:43,819 |   -> New best pre-overfit val recon: 165.7474 (saved best_model_preoverfit.pt)
2026-07-06 18:23:44,954 |   -> New best val loss: 160.6737 (saved best_model.pt)
2026-07-06 18:23:44,963 |   -> New best pre-overfit val recon: 160.6552 (saved best_model_preoverfit.pt)
2026-07-06 18:23:45,952 |   -> New best val loss: 157.5744 (saved best_model.pt)
2026-07-06 18:23:45,960 |   -> New best pre-overfit val recon: 157.5557 (saved best_model_preoverfit.pt)
2026-07-06 18:23:46,960 |   -> New best val loss: 153.6799 (saved best_model.pt)
2026-07-06 18:23:46,968 |   -> New best pre-overfit val recon: 153.6607 (saved best_model_preoverfit.pt)
2026-07-06 18:23:48,093 |   -> New best val loss: 148.8774 (saved best_model.pt)
2026-07-06 18:23:48,102 |   -> New best pre-overfit val recon: 148.8571 (saved best_model_preoverfit.pt)
2026-07-06 18:23:49,057 |   -> New best val loss: 143.6177 (saved best_model.pt)
2026-07-06 18:23:49,064 |   -> New best pre-overfit val recon: 143.5970 (saved best_model_preoverfit.pt)
2026-07-06 18:23:50,312 |   -> New best val loss: 138.6016 (saved best_model.pt)
2026-07-06 18:23:50,320 |   -> New best pre-overfit val recon: 138.5807 (saved best_model_preoverfit.pt)
2026-07-06 18:23:52,017 | Epoch   10/5000 | kl_g0_w=1.00 kl_u_w=1.00 | train=249.8406 (recon=249.8196, kl_g0=0.0210, kl_u=0.0000, cls=0.0000) | val=133.6260 | lr=1.00e-04
2026-07-06 18:23:52,040 |   -> New best val loss: 133.6260 (saved best_model.pt)
2026-07-06 18:23:52,050 |   -> New best pre-overfit val recon: 133.6050 (saved best_model_preoverfit.pt)
2026-07-06 18:23:53,458 |   -> New best val loss: 128.2709 (saved best_model.pt)
2026-07-06 18:23:53,467 |   -> New best pre-overfit val recon: 128.2498 (saved best_model_preoverfit.pt)
2026-07-06 18:23:55,037 |   -> New best val loss: 123.0117 (saved best_model.pt)
2026-07-06 18:23:55,046 |   -> New best pre-overfit val recon: 122.9907 (saved best_model_preoverfit.pt)
2026-07-06 18:23:56,380 |   -> New best val loss: 117.8398 (saved best_model.pt)
2026-07-06 18:23:56,388 |   -> New best pre-overfit val recon: 117.8187 (saved best_model_preoverfit.pt)
2026-07-06 18:23:57,617 |   -> New best val loss: 113.0176 (saved best_model.pt)
2026-07-06 18:23:57,626 |   -> New best pre-overfit val recon: 112.9965 (saved best_model_preoverfit.pt)
2026-07-06 18:23:58,811 |   -> New best val loss: 108.6089 (saved best_model.pt)
2026-07-06 18:23:58,820 |   -> New best pre-overfit val recon: 108.5877 (saved best_model_preoverfit.pt)
2026-07-06 18:23:59,728 |   -> New best val loss: 104.6802 (saved best_model.pt)
2026-07-06 18:23:59,738 |   -> New best pre-overfit val recon: 104.6590 (saved best_model_preoverfit.pt)
2026-07-06 18:24:00,464 |   -> New best val loss: 101.1740 (saved best_model.pt)
2026-07-06 18:24:00,472 |   -> New best pre-overfit val recon: 101.1528 (saved best_model_preoverfit.pt)
2026-07-06 18:24:01,715 |   -> New best val loss: 97.9347 (saved best_model.pt)
2026-07-06 18:24:01,724 |   -> New best pre-overfit val recon: 97.9136 (saved best_model_preoverfit.pt)
2026-07-06 18:24:02,574 |   -> New best val loss: 94.9771 (saved best_model.pt)
2026-07-06 18:24:02,582 |   -> New best pre-overfit val recon: 94.9560 (saved best_model_preoverfit.pt)
2026-07-06 18:24:03,869 | Epoch   20/5000 | kl_g0_w=1.00 kl_u_w=1.00 | train=154.6741 (recon=154.6532, kl_g0=0.0209, kl_u=0.0000, cls=0.0000) | val=92.2120 | lr=1.00e-04
2026-07-06 18:24:03,895 |   -> New best val loss: 92.2120 (saved best_model.pt)
2026-07-06 18:24:03,908 |   -> New best pre-overfit val recon: 92.1909 (saved best_model_preoverfit.pt)
2026-07-06 18:24:04,688 |   -> New best val loss: 89.6099 (saved best_model.pt)
2026-07-06 18:24:04,697 |   -> New best pre-overfit val recon: 89.5887 (saved best_model_preoverfit.pt)
2026-07-06 18:24:05,941 |   -> New best val loss: 87.2652 (saved best_model.pt)
2026-07-06 18:24:05,948 |   -> New best pre-overfit val recon: 87.2441 (saved best_model_preoverfit.pt)
2026-07-06 18:24:07,091 |   -> New best val loss: 85.1163 (saved best_model.pt)
2026-07-06 18:24:07,099 |   -> New best pre-overfit val recon: 85.0951 (saved best_model_preoverfit.pt)
2026-07-06 18:24:08,140 |   -> New best val loss: 83.1758 (saved best_model.pt)
2026-07-06 18:24:08,149 |   -> New best pre-overfit val recon: 83.1545 (saved best_model_preoverfit.pt)
2026-07-06 18:24:09,467 |   -> New best val loss: 81.3448 (saved best_model.pt)
2026-07-06 18:24:09,475 |   -> New best pre-overfit val recon: 81.3235 (saved best_model_preoverfit.pt)
2026-07-06 18:24:10,856 |   -> New best val loss: 79.7064 (saved best_model.pt)
2026-07-06 18:24:10,864 |   -> New best pre-overfit val recon: 79.6850 (saved best_model_preoverfit.pt)
2026-07-06 18:24:11,925 |   -> New best val loss: 78.1915 (saved best_model.pt)
2026-07-06 18:24:11,933 |   -> New best pre-overfit val recon: 78.1701 (saved best_model_preoverfit.pt)
2026-07-06 18:24:12,805 |   -> New best val loss: 76.8417 (saved best_model.pt)
2026-07-06 18:24:12,816 |   -> New best pre-overfit val recon: 76.8203 (saved best_model_preoverfit.pt)
2026-07-06 18:24:13,916 |   -> New best val loss: 75.5785 (saved best_model.pt)
2026-07-06 18:24:13,924 |   -> New best pre-overfit val recon: 75.5571 (saved best_model_preoverfit.pt)
2026-07-06 18:24:15,042 | Epoch   30/5000 | kl_g0_w=1.00 kl_u_w=1.00 | train=124.9232 (recon=124.9020, kl_g0=0.0212, kl_u=0.0000, cls=0.0000) | val=74.3018 | lr=1.00e-04
2026-07-06 18:24:15,066 |   -> New best val loss: 74.3018 (saved best_model.pt)
2026-07-06 18:24:15,075 |   -> New best pre-overfit val recon: 74.2804 (saved best_model_preoverfit.pt)
2026-07-06 18:24:16,195 |   -> New best val loss: 73.1172 (saved best_model.pt)
2026-07-06 18:24:16,204 |   -> New best pre-overfit val recon: 73.0957 (saved best_model_preoverfit.pt)
2026-07-06 18:24:17,396 |   -> New best val loss: 72.1124 (saved best_model.pt)
2026-07-06 18:24:17,405 |   -> New best pre-overfit val recon: 72.0908 (saved best_model_preoverfit.pt)
2026-07-06 18:24:18,694 |   -> New best val loss: 71.1034 (saved best_model.pt)
2026-07-06 18:24:18,706 |   -> New best pre-overfit val recon: 71.0818 (saved best_model_preoverfit.pt)
2026-07-06 18:24:19,921 |   -> New best val loss: 70.0599 (saved best_model.pt)
2026-07-06 18:24:19,930 |   -> New best pre-overfit val recon: 70.0384 (saved best_model_preoverfit.pt)
2026-07-06 18:24:21,167 |   -> New best val loss: 69.1849 (saved best_model.pt)
2026-07-06 18:24:21,174 |   -> New best pre-overfit val recon: 69.1633 (saved best_model_preoverfit.pt)
2026-07-06 18:24:22,487 |   -> New best val loss: 68.3686 (saved best_model.pt)
2026-07-06 18:24:22,496 |   -> New best pre-overfit val recon: 68.3470 (saved best_model_preoverfit.pt)
2026-07-06 18:24:23,569 |   -> New best val loss: 67.5530 (saved best_model.pt)
2026-07-06 18:24:23,577 |   -> New best pre-overfit val recon: 67.5314 (saved best_model_preoverfit.pt)
2026-07-06 18:24:24,929 |   -> New best val loss: 66.7427 (saved best_model.pt)
2026-07-06 18:24:24,937 |   -> New best pre-overfit val recon: 66.7210 (saved best_model_preoverfit.pt)
2026-07-06 18:24:26,301 |   -> New best val loss: 65.9588 (saved best_model.pt)
2026-07-06 18:24:26,309 |   -> New best pre-overfit val recon: 65.9370 (saved best_model_preoverfit.pt)
2026-07-06 18:24:27,368 | Epoch   40/5000 | kl_g0_w=1.00 kl_u_w=1.00 | train=106.2260 (recon=106.2044, kl_g0=0.0216, kl_u=0.0000, cls=0.0000) | val=65.2058 | lr=1.00e-04
2026-07-06 18:24:27,391 |   -> New best val loss: 65.2058 (saved best_model.pt)
2026-07-06 18:24:27,400 |   -> New best pre-overfit val recon: 65.1840 (saved best_model_preoverfit.pt)
2026-07-06 18:24:28,555 |   -> New best val loss: 64.5143 (saved best_model.pt)
2026-07-06 18:24:28,565 |   -> New best pre-overfit val recon: 64.4924 (saved best_model_preoverfit.pt)
2026-07-06 18:24:29,766 |   -> New best val loss: 63.8862 (saved best_model.pt)
2026-07-06 18:24:29,775 |   -> New best pre-overfit val recon: 63.8643 (saved best_model_preoverfit.pt)
2026-07-06 18:24:31,026 |   -> New best val loss: 63.3288 (saved best_model.pt)
2026-07-06 18:24:31,034 |   -> New best pre-overfit val recon: 63.3068 (saved best_model_preoverfit.pt)
2026-07-06 18:24:32,485 |   -> New best val loss: 62.8234 (saved best_model.pt)
2026-07-06 18:24:32,494 |   -> New best pre-overfit val recon: 62.8014 (saved best_model_preoverfit.pt)
2026-07-06 18:24:33,749 |   -> New best val loss: 62.2918 (saved best_model.pt)
2026-07-06 18:24:33,756 |   -> New best pre-overfit val recon: 62.2698 (saved best_model_preoverfit.pt)
2026-07-06 18:24:34,893 |   -> New best val loss: 61.7921 (saved best_model.pt)
2026-07-06 18:24:34,901 |   -> New best pre-overfit val recon: 61.7701 (saved best_model_preoverfit.pt)
2026-07-06 18:24:35,972 |   -> New best val loss: 61.3488 (saved best_model.pt)
2026-07-06 18:24:35,984 |   -> New best pre-overfit val recon: 61.3267 (saved best_model_preoverfit.pt)
2026-07-06 18:24:37,286 |   -> New best val loss: 60.9194 (saved best_model.pt)
2026-07-06 18:24:37,294 |   -> New best pre-overfit val recon: 60.8973 (saved best_model_preoverfit.pt)
2026-07-06 18:24:38,473 |   -> New best val loss: 60.5047 (saved best_model.pt)
2026-07-06 18:24:38,481 |   -> New best pre-overfit val recon: 60.4826 (saved best_model_preoverfit.pt)
2026-07-06 18:24:39,441 | Epoch   50/5000 | kl_g0_w=1.00 kl_u_w=1.00 | train=93.7238 (recon=93.7018, kl_g0=0.0220, kl_u=0.0000, cls=0.0000) | val=60.1068 | lr=1.00e-04
2026-07-06 18:24:39,463 |   -> New best val loss: 60.1068 (saved best_model.pt)
2026-07-06 18:24:39,473 |   -> New best pre-overfit val recon: 60.0846 (saved best_model_preoverfit.pt)
2026-07-06 18:24:40,394 |   -> New best val loss: 59.7233 (saved best_model.pt)
2026-07-06 18:24:40,401 |   -> New best pre-overfit val recon: 59.7010 (saved best_model_preoverfit.pt)
2026-07-06 18:24:41,749 |   -> New best val loss: 59.3319 (saved best_model.pt)
2026-07-06 18:24:41,756 |   -> New best pre-overfit val recon: 59.3096 (saved best_model_preoverfit.pt)
2026-07-06 18:24:42,962 |   -> New best val loss: 58.9747 (saved best_model.pt)
2026-07-06 18:24:42,981 |   -> New best pre-overfit val recon: 58.9524 (saved best_model_preoverfit.pt)
2026-07-06 18:24:44,214 |   -> New best val loss: 58.6442 (saved best_model.pt)
2026-07-06 18:24:44,223 |   -> New best pre-overfit val recon: 58.6218 (saved best_model_preoverfit.pt)
2026-07-06 18:24:45,233 |   -> New best val loss: 58.2947 (saved best_model.pt)
2026-07-06 18:24:45,242 |   -> New best pre-overfit val recon: 58.2723 (saved best_model_preoverfit.pt)
2026-07-06 18:24:46,081 |   -> New best val loss: 57.9774 (saved best_model.pt)
2026-07-06 18:24:46,090 |   -> New best pre-overfit val recon: 57.9550 (saved best_model_preoverfit.pt)
2026-07-06 18:24:46,932 |   -> New best val loss: 57.6286 (saved best_model.pt)
2026-07-06 18:24:46,940 |   -> New best pre-overfit val recon: 57.6060 (saved best_model_preoverfit.pt)
2026-07-06 18:24:48,091 |   -> New best val loss: 57.3268 (saved best_model.pt)
2026-07-06 18:24:48,099 |   -> New best pre-overfit val recon: 57.3042 (saved best_model_preoverfit.pt)
2026-07-06 18:24:49,038 |   -> New best val loss: 57.0751 (saved best_model.pt)
2026-07-06 18:24:49,058 |   -> New best pre-overfit val recon: 57.0525 (saved best_model_preoverfit.pt)
2026-07-06 18:24:50,369 | Epoch   60/5000 | kl_g0_w=1.00 kl_u_w=1.00 | train=83.7943 (recon=83.7719, kl_g0=0.0225, kl_u=0.0000, cls=0.0000) | val=56.8329 | lr=1.00e-04
2026-07-06 18:24:50,392 |   -> New best val loss: 56.8329 (saved best_model.pt)
2026-07-06 18:24:50,412 |   -> New best pre-overfit val recon: 56.8103 (saved best_model_preoverfit.pt)
2026-07-06 18:24:51,433 |   -> New best val loss: 56.6004 (saved best_model.pt)
2026-07-06 18:24:51,442 |   -> New best pre-overfit val recon: 56.5777 (saved best_model_preoverfit.pt)
2026-07-06 18:24:52,540 |   -> New best val loss: 56.3231 (saved best_model.pt)
2026-07-06 18:24:52,548 |   -> New best pre-overfit val recon: 56.3004 (saved best_model_preoverfit.pt)
2026-07-06 18:24:53,438 |   -> New best val loss: 56.0748 (saved best_model.pt)
2026-07-06 18:24:53,447 |   -> New best pre-overfit val recon: 56.0521 (saved best_model_preoverfit.pt)
2026-07-06 18:24:54,576 |   -> New best val loss: 55.8546 (saved best_model.pt)
2026-07-06 18:24:54,588 |   -> New best pre-overfit val recon: 55.8317 (saved best_model_preoverfit.pt)
2026-07-06 18:24:55,896 |   -> New best val loss: 55.6313 (saved best_model.pt)
2026-07-06 18:24:55,904 |   -> New best pre-overfit val recon: 55.6084 (saved best_model_preoverfit.pt)
2026-07-06 18:24:57,157 |   -> New best val loss: 55.4025 (saved best_model.pt)
2026-07-06 18:24:57,164 |   -> New best pre-overfit val recon: 55.3796 (saved best_model_preoverfit.pt)
2026-07-06 18:24:57,893 |   -> New best val loss: 55.1857 (saved best_model.pt)
2026-07-06 18:24:57,901 |   -> New best pre-overfit val recon: 55.1627 (saved best_model_preoverfit.pt)
2026-07-06 18:24:58,703 |   -> New best val loss: 55.0151 (saved best_model.pt)
2026-07-06 18:24:58,712 |   -> New best pre-overfit val recon: 54.9921 (saved best_model_preoverfit.pt)
2026-07-06 18:24:59,753 |   -> New best val loss: 54.8692 (saved best_model.pt)
2026-07-06 18:24:59,761 |   -> New best pre-overfit val recon: 54.8461 (saved best_model_preoverfit.pt)
2026-07-06 18:25:01,166 | Epoch   70/5000 | kl_g0_w=1.00 kl_u_w=1.00 | train=77.5599 (recon=77.5370, kl_g0=0.0230, kl_u=0.0000, cls=0.0000) | val=54.6916 | lr=1.00e-04
2026-07-06 18:25:01,189 |   -> New best val loss: 54.6916 (saved best_model.pt)
2026-07-06 18:25:01,198 |   -> New best pre-overfit val recon: 54.6685 (saved best_model_preoverfit.pt)
2026-07-06 18:25:01,935 |   -> New best val loss: 54.4888 (saved best_model.pt)
2026-07-06 18:25:01,944 |   -> New best pre-overfit val recon: 54.4657 (saved best_model_preoverfit.pt)
2026-07-06 18:25:03,153 |   -> New best val loss: 54.3132 (saved best_model.pt)
2026-07-06 18:25:03,161 |   -> New best pre-overfit val recon: 54.2900 (saved best_model_preoverfit.pt)
2026-07-06 18:25:04,286 |   -> New best val loss: 54.1583 (saved best_model.pt)
2026-07-06 18:25:04,293 |   -> New best pre-overfit val recon: 54.1351 (saved best_model_preoverfit.pt)
2026-07-06 18:25:05,751 |   -> New best val loss: 54.0314 (saved best_model.pt)
2026-07-06 18:25:05,758 |   -> New best pre-overfit val recon: 54.0081 (saved best_model_preoverfit.pt)
2026-07-06 18:25:07,020 |   -> New best val loss: 53.9300 (saved best_model.pt)
2026-07-06 18:25:07,028 |   -> New best pre-overfit val recon: 53.9066 (saved best_model_preoverfit.pt)
2026-07-06 18:25:08,372 |   -> New best val loss: 53.8202 (saved best_model.pt)
2026-07-06 18:25:08,381 |   -> New best pre-overfit val recon: 53.7968 (saved best_model_preoverfit.pt)
2026-07-06 18:25:09,381 |   -> New best val loss: 53.6803 (saved best_model.pt)
2026-07-06 18:25:09,391 |   -> New best pre-overfit val recon: 53.6569 (saved best_model_preoverfit.pt)
2026-07-06 18:25:10,716 |   -> New best val loss: 53.5562 (saved best_model.pt)
2026-07-06 18:25:10,725 |   -> New best pre-overfit val recon: 53.5327 (saved best_model_preoverfit.pt)
2026-07-06 18:25:12,086 |   -> New best val loss: 53.4587 (saved best_model.pt)
2026-07-06 18:25:12,094 |   -> New best pre-overfit val recon: 53.4351 (saved best_model_preoverfit.pt)
2026-07-06 18:25:13,230 | Epoch   80/5000 | kl_g0_w=1.00 kl_u_w=1.00 | train=72.4972 (recon=72.4738, kl_g0=0.0234, kl_u=0.0000, cls=0.0000) | val=53.3385 | lr=1.00e-04
2026-07-06 18:25:13,252 |   -> New best val loss: 53.3385 (saved best_model.pt)
2026-07-06 18:25:13,260 |   -> New best pre-overfit val recon: 53.3149 (saved best_model_preoverfit.pt)
2026-07-06 18:25:14,353 |   -> New best val loss: 53.1978 (saved best_model.pt)
2026-07-06 18:25:14,362 |   -> New best pre-overfit val recon: 53.1742 (saved best_model_preoverfit.pt)
2026-07-06 18:25:15,777 |   -> New best val loss: 53.0560 (saved best_model.pt)
2026-07-06 18:25:15,786 |   -> New best pre-overfit val recon: 53.0323 (saved best_model_preoverfit.pt)
2026-07-06 18:25:16,784 |   -> New best val loss: 52.9586 (saved best_model.pt)
2026-07-06 18:25:16,794 |   -> New best pre-overfit val recon: 52.9348 (saved best_model_preoverfit.pt)
2026-07-06 18:25:17,733 |   -> New best val loss: 52.8613 (saved best_model.pt)
2026-07-06 18:25:17,741 |   -> New best pre-overfit val recon: 52.8375 (saved best_model_preoverfit.pt)
2026-07-06 18:25:18,927 |   -> New best val loss: 52.7723 (saved best_model.pt)
2026-07-06 18:25:18,934 |   -> New best pre-overfit val recon: 52.7485 (saved best_model_preoverfit.pt)
2026-07-06 18:25:19,817 |   -> New best val loss: 52.6988 (saved best_model.pt)
2026-07-06 18:25:19,825 |   -> New best pre-overfit val recon: 52.6749 (saved best_model_preoverfit.pt)
2026-07-06 18:25:20,917 |   -> New best val loss: 52.6360 (saved best_model.pt)
2026-07-06 18:25:20,925 |   -> New best pre-overfit val recon: 52.6121 (saved best_model_preoverfit.pt)
2026-07-06 18:25:21,868 |   -> New best val loss: 52.5481 (saved best_model.pt)
2026-07-06 18:25:21,876 |   -> New best pre-overfit val recon: 52.5241 (saved best_model_preoverfit.pt)
2026-07-06 18:25:23,258 |   -> New best val loss: 52.4433 (saved best_model.pt)
2026-07-06 18:25:23,266 |   -> New best pre-overfit val recon: 52.4193 (saved best_model_preoverfit.pt)
2026-07-06 18:25:24,856 | Epoch   90/5000 | kl_g0_w=1.00 kl_u_w=1.00 | train=68.3554 (recon=68.3315, kl_g0=0.0239, kl_u=0.0000, cls=0.0000) | val=52.3478 | lr=1.00e-04
2026-07-06 18:25:24,879 |   -> New best val loss: 52.3478 (saved best_model.pt)
2026-07-06 18:25:24,887 |   -> New best pre-overfit val recon: 52.3238 (saved best_model_preoverfit.pt)
2026-07-06 18:25:26,261 |   -> New best val loss: 52.2529 (saved best_model.pt)
2026-07-06 18:25:26,269 |   -> New best pre-overfit val recon: 52.2288 (saved best_model_preoverfit.pt)
2026-07-06 18:25:27,567 |   -> New best val loss: 52.1735 (saved best_model.pt)
2026-07-06 18:25:27,575 |   -> New best pre-overfit val recon: 52.1493 (saved best_model_preoverfit.pt)
2026-07-06 18:25:28,769 |   -> New best val loss: 52.0920 (saved best_model.pt)
2026-07-06 18:25:28,781 |   -> New best pre-overfit val recon: 52.0677 (saved best_model_preoverfit.pt)
2026-07-06 18:25:30,049 |   -> New best val loss: 52.0174 (saved best_model.pt)
2026-07-06 18:25:30,059 |   -> New best pre-overfit val recon: 51.9931 (saved best_model_preoverfit.pt)
2026-07-06 18:25:31,260 |   -> New best val loss: 51.9492 (saved best_model.pt)
2026-07-06 18:25:31,269 |   -> New best pre-overfit val recon: 51.9248 (saved best_model_preoverfit.pt)
2026-07-06 18:25:32,172 |   -> New best val loss: 51.8928 (saved best_model.pt)
2026-07-06 18:25:32,181 |   -> New best pre-overfit val recon: 51.8684 (saved best_model_preoverfit.pt)
2026-07-06 18:25:33,243 |   -> New best val loss: 51.8301 (saved best_model.pt)
2026-07-06 18:25:33,251 |   -> New best pre-overfit val recon: 51.8057 (saved best_model_preoverfit.pt)
2026-07-06 18:25:34,714 |   -> New best val loss: 51.7705 (saved best_model.pt)
2026-07-06 18:25:34,722 |   -> New best pre-overfit val recon: 51.7460 (saved best_model_preoverfit.pt)
2026-07-06 18:25:35,582 |   -> New best val loss: 51.7060 (saved best_model.pt)
2026-07-06 18:25:35,590 |   -> New best pre-overfit val recon: 51.6815 (saved best_model_preoverfit.pt)
2026-07-06 18:25:36,892 | Epoch  100/5000 | kl_g0_w=1.00 kl_u_w=1.00 | train=64.3683 (recon=64.3439, kl_g0=0.0244, kl_u=0.0000, cls=0.0000) | val=51.6460 | lr=1.00e-04
2026-07-06 18:25:36,915 |   -> New best val loss: 51.6460 (saved best_model.pt)
2026-07-06 18:25:36,924 |   -> New best pre-overfit val recon: 51.6214 (saved best_model_preoverfit.pt)
2026-07-06 18:25:37,755 |   -> New best val loss: 51.5968 (saved best_model.pt)
2026-07-06 18:25:37,764 |   -> New best pre-overfit val recon: 51.5722 (saved best_model_preoverfit.pt)
2026-07-06 18:25:39,090 |   -> New best val loss: 51.5612 (saved best_model.pt)
2026-07-06 18:25:39,098 |   -> New best pre-overfit val recon: 51.5366 (saved best_model_preoverfit.pt)
2026-07-06 18:25:40,290 |   -> New best val loss: 51.5219 (saved best_model.pt)
2026-07-06 18:25:40,298 |   -> New best pre-overfit val recon: 51.4972 (saved best_model_preoverfit.pt)
2026-07-06 18:25:41,666 |   -> New best val loss: 51.4686 (saved best_model.pt)
2026-07-06 18:25:41,685 |   -> New best pre-overfit val recon: 51.4438 (saved best_model_preoverfit.pt)
2026-07-06 18:25:43,067 |   -> New best val loss: 51.4033 (saved best_model.pt)
2026-07-06 18:25:43,076 |   -> New best pre-overfit val recon: 51.3784 (saved best_model_preoverfit.pt)
2026-07-06 18:25:44,281 |   -> New best val loss: 51.3461 (saved best_model.pt)
2026-07-06 18:25:44,289 |   -> New best pre-overfit val recon: 51.3212 (saved best_model_preoverfit.pt)
2026-07-06 18:25:45,487 |   -> New best val loss: 51.3019 (saved best_model.pt)
2026-07-06 18:25:45,495 |   -> New best pre-overfit val recon: 51.2769 (saved best_model_preoverfit.pt)
2026-07-06 18:25:46,533 |   -> New best val loss: 51.2698 (saved best_model.pt)
2026-07-06 18:25:46,540 |   -> New best pre-overfit val recon: 51.2448 (saved best_model_preoverfit.pt)
2026-07-06 18:25:47,910 |   -> New best val loss: 51.2247 (saved best_model.pt)
2026-07-06 18:25:47,917 |   -> New best pre-overfit val recon: 51.1997 (saved best_model_preoverfit.pt)
2026-07-06 18:25:48,958 | Epoch  110/5000 | kl_g0_w=1.00 kl_u_w=1.00 | train=62.3901 (recon=62.3651, kl_g0=0.0249, kl_u=0.0000, cls=0.0000) | val=51.1868 | lr=1.00e-04
2026-07-06 18:25:48,973 |   -> New best val loss: 51.1868 (saved best_model.pt)
2026-07-06 18:25:48,985 |   -> New best pre-overfit val recon: 51.1617 (saved best_model_preoverfit.pt)
2026-07-06 18:25:50,301 |   -> New best val loss: 51.1473 (saved best_model.pt)
2026-07-06 18:25:50,321 |   -> New best pre-overfit val recon: 51.1222 (saved best_model_preoverfit.pt)
2026-07-06 18:25:51,594 |   -> New best val loss: 51.1104 (saved best_model.pt)
2026-07-06 18:25:51,603 |   -> New best pre-overfit val recon: 51.0852 (saved best_model_preoverfit.pt)
2026-07-06 18:25:52,786 |   -> New best val loss: 51.0772 (saved best_model.pt)
2026-07-06 18:25:52,805 |   -> New best pre-overfit val recon: 51.0520 (saved best_model_preoverfit.pt)
2026-07-06 18:25:53,884 |   -> New best val loss: 51.0465 (saved best_model.pt)
2026-07-06 18:25:53,891 |   -> New best pre-overfit val recon: 51.0212 (saved best_model_preoverfit.pt)
2026-07-06 18:25:55,043 |   -> New best val loss: 51.0157 (saved best_model.pt)
2026-07-06 18:25:55,051 |   -> New best pre-overfit val recon: 50.9903 (saved best_model_preoverfit.pt)
2026-07-06 18:25:55,965 |   -> New best val loss: 50.9715 (saved best_model.pt)
2026-07-06 18:25:55,972 |   -> New best pre-overfit val recon: 50.9461 (saved best_model_preoverfit.pt)
2026-07-06 18:25:57,507 |   -> New best val loss: 50.9360 (saved best_model.pt)
2026-07-06 18:25:57,516 |   -> New best pre-overfit val recon: 50.9105 (saved best_model_preoverfit.pt)
2026-07-06 18:25:59,032 |   -> New best val loss: 50.9173 (saved best_model.pt)
2026-07-06 18:25:59,043 |   -> New best pre-overfit val recon: 50.8918 (saved best_model_preoverfit.pt)
2026-07-06 18:26:00,906 |   -> New best val loss: 50.9015 (saved best_model.pt)
2026-07-06 18:26:00,915 |   -> New best pre-overfit val recon: 50.8760 (saved best_model_preoverfit.pt)
2026-07-06 18:26:02,411 | Epoch  120/5000 | kl_g0_w=1.00 kl_u_w=1.00 | train=59.3785 (recon=59.3531, kl_g0=0.0254, kl_u=0.0000, cls=0.0000) | val=50.8754 | lr=1.00e-04
2026-07-06 18:26:02,435 |   -> New best val loss: 50.8754 (saved best_model.pt)
2026-07-06 18:26:02,446 |   -> New best pre-overfit val recon: 50.8498 (saved best_model_preoverfit.pt)
2026-07-06 18:26:04,170 |   -> New best val loss: 50.8504 (saved best_model.pt)
2026-07-06 18:26:04,183 |   -> New best pre-overfit val recon: 50.8248 (saved best_model_preoverfit.pt)
2026-07-06 18:26:06,208 |   -> New best val loss: 50.8119 (saved best_model.pt)
2026-07-06 18:26:06,217 |   -> New best pre-overfit val recon: 50.7862 (saved best_model_preoverfit.pt)
2026-07-06 18:26:07,812 |   -> New best val loss: 50.7664 (saved best_model.pt)
2026-07-06 18:26:07,823 |   -> New best pre-overfit val recon: 50.7406 (saved best_model_preoverfit.pt)
2026-07-06 18:26:09,682 |   -> New best val loss: 50.7305 (saved best_model.pt)
2026-07-06 18:26:09,690 |   -> New best pre-overfit val recon: 50.7046 (saved best_model_preoverfit.pt)
2026-07-06 18:26:10,857 |   -> New best val loss: 50.7063 (saved best_model.pt)
2026-07-06 18:26:10,865 |   -> New best pre-overfit val recon: 50.6805 (saved best_model_preoverfit.pt)
2026-07-06 18:26:12,105 |   -> New best val loss: 50.6900 (saved best_model.pt)
2026-07-06 18:26:12,113 |   -> New best pre-overfit val recon: 50.6641 (saved best_model_preoverfit.pt)
2026-07-06 18:26:13,434 |   -> New best val loss: 50.6679 (saved best_model.pt)
2026-07-06 18:26:13,442 |   -> New best pre-overfit val recon: 50.6420 (saved best_model_preoverfit.pt)
2026-07-06 18:26:14,495 |   -> New best val loss: 50.6340 (saved best_model.pt)
2026-07-06 18:26:14,505 |   -> New best pre-overfit val recon: 50.6080 (saved best_model_preoverfit.pt)
2026-07-06 18:26:15,546 |   -> New best val loss: 50.6181 (saved best_model.pt)
2026-07-06 18:26:15,560 |   -> New best pre-overfit val recon: 50.5920 (saved best_model_preoverfit.pt)
2026-07-06 18:26:16,554 | Epoch  130/5000 | kl_g0_w=1.00 kl_u_w=1.00 | train=57.9965 (recon=57.9705, kl_g0=0.0260, kl_u=0.0000, cls=0.0000) | val=50.6029 | lr=1.00e-04
2026-07-06 18:26:16,577 |   -> New best val loss: 50.6029 (saved best_model.pt)
2026-07-06 18:26:16,587 |   -> New best pre-overfit val recon: 50.5768 (saved best_model_preoverfit.pt)
2026-07-06 18:26:17,942 |   -> New best val loss: 50.5764 (saved best_model.pt)
2026-07-06 18:26:17,950 |   -> New best pre-overfit val recon: 50.5502 (saved best_model_preoverfit.pt)
2026-07-06 18:26:19,168 |   -> New best val loss: 50.5554 (saved best_model.pt)
2026-07-06 18:26:19,176 |   -> New best pre-overfit val recon: 50.5291 (saved best_model_preoverfit.pt)
2026-07-06 18:26:20,618 |   -> New best val loss: 50.5371 (saved best_model.pt)
2026-07-06 18:26:20,638 |   -> New best pre-overfit val recon: 50.5109 (saved best_model_preoverfit.pt)
2026-07-06 18:26:22,029 |   -> New best val loss: 50.5038 (saved best_model.pt)
2026-07-06 18:26:22,039 |   -> New best pre-overfit val recon: 50.4775 (saved best_model_preoverfit.pt)
2026-07-06 18:26:22,954 |   -> New best val loss: 50.4737 (saved best_model.pt)
2026-07-06 18:26:22,963 |   -> New best pre-overfit val recon: 50.4473 (saved best_model_preoverfit.pt)
2026-07-06 18:26:23,874 |   -> New best val loss: 50.4575 (saved best_model.pt)
2026-07-06 18:26:23,883 |   -> New best pre-overfit val recon: 50.4310 (saved best_model_preoverfit.pt)
2026-07-06 18:26:24,930 |   -> New best val loss: 50.4463 (saved best_model.pt)
2026-07-06 18:26:24,940 |   -> New best pre-overfit val recon: 50.4198 (saved best_model_preoverfit.pt)
2026-07-06 18:26:26,108 |   -> New best val loss: 50.4325 (saved best_model.pt)
2026-07-06 18:26:26,119 |   -> New best pre-overfit val recon: 50.4060 (saved best_model_preoverfit.pt)
2026-07-06 18:26:27,148 |   -> New best val loss: 50.4137 (saved best_model.pt)
2026-07-06 18:26:27,158 |   -> New best pre-overfit val recon: 50.3871 (saved best_model_preoverfit.pt)
2026-07-06 18:26:28,280 | Epoch  140/5000 | kl_g0_w=1.00 kl_u_w=1.00 | train=56.8157 (recon=56.7892, kl_g0=0.0265, kl_u=0.0000, cls=0.0000) | val=50.4014 | lr=1.00e-04
2026-07-06 18:26:28,303 |   -> New best val loss: 50.4014 (saved best_model.pt)
2026-07-06 18:26:28,314 |   -> New best pre-overfit val recon: 50.3747 (saved best_model_preoverfit.pt)
2026-07-06 18:26:29,140 |   -> New best val loss: 50.3921 (saved best_model.pt)
2026-07-06 18:26:29,151 |   -> New best pre-overfit val recon: 50.3654 (saved best_model_preoverfit.pt)
2026-07-06 18:26:30,113 |   -> New best val loss: 50.3839 (saved best_model.pt)
2026-07-06 18:26:30,122 |   -> New best pre-overfit val recon: 50.3572 (saved best_model_preoverfit.pt)
2026-07-06 18:26:31,682 |   -> New best val loss: 50.3757 (saved best_model.pt)
2026-07-06 18:26:31,694 |   -> New best pre-overfit val recon: 50.3489 (saved best_model_preoverfit.pt)
2026-07-06 18:26:32,865 |   -> New best val loss: 50.3572 (saved best_model.pt)
2026-07-06 18:26:32,875 |   -> New best pre-overfit val recon: 50.3303 (saved best_model_preoverfit.pt)
2026-07-06 18:26:33,983 |   -> New best val loss: 50.3439 (saved best_model.pt)
2026-07-06 18:26:33,992 |   -> New best pre-overfit val recon: 50.3169 (saved best_model_preoverfit.pt)
2026-07-06 18:26:34,644 |   -> New best val loss: 50.3252 (saved best_model.pt)
2026-07-06 18:26:34,653 |   -> New best pre-overfit val recon: 50.2982 (saved best_model_preoverfit.pt)
2026-07-06 18:26:35,846 |   -> New best val loss: 50.3011 (saved best_model.pt)
2026-07-06 18:26:35,855 |   -> New best pre-overfit val recon: 50.2741 (saved best_model_preoverfit.pt)
2026-07-06 18:26:36,634 |   -> New best val loss: 50.2797 (saved best_model.pt)
2026-07-06 18:26:36,643 |   -> New best pre-overfit val recon: 50.2526 (saved best_model_preoverfit.pt)
2026-07-06 18:26:38,033 |   -> New best val loss: 50.2639 (saved best_model.pt)
2026-07-06 18:26:38,042 |   -> New best pre-overfit val recon: 50.2368 (saved best_model_preoverfit.pt)
2026-07-06 18:26:38,812 | Epoch  150/5000 | kl_g0_w=1.00 kl_u_w=1.00 | train=55.0675 (recon=55.0405, kl_g0=0.0270, kl_u=0.0000, cls=0.0000) | val=50.2533 | lr=1.00e-04
2026-07-06 18:26:38,834 |   -> New best val loss: 50.2533 (saved best_model.pt)
2026-07-06 18:26:38,843 |   -> New best pre-overfit val recon: 50.2261 (saved best_model_preoverfit.pt)
2026-07-06 18:26:40,530 |   -> New best val loss: 50.2492 (saved best_model.pt)
2026-07-06 18:26:40,538 |   -> New best pre-overfit val recon: 50.2220 (saved best_model_preoverfit.pt)
2026-07-06 18:26:42,807 |   -> New best val loss: 50.2407 (saved best_model.pt)
2026-07-06 18:26:42,815 |   -> New best pre-overfit val recon: 50.2134 (saved best_model_preoverfit.pt)
2026-07-06 18:26:44,043 |   -> New best val loss: 50.2274 (saved best_model.pt)
2026-07-06 18:26:44,052 |   -> New best pre-overfit val recon: 50.2000 (saved best_model_preoverfit.pt)
2026-07-06 18:26:44,975 |   -> New best val loss: 50.2166 (saved best_model.pt)
2026-07-06 18:26:44,983 |   -> New best pre-overfit val recon: 50.1892 (saved best_model_preoverfit.pt)
2026-07-06 18:26:46,017 |   -> New best val loss: 50.2116 (saved best_model.pt)
2026-07-06 18:26:46,026 |   -> New best pre-overfit val recon: 50.1842 (saved best_model_preoverfit.pt)
2026-07-06 18:26:47,197 |   -> New best val loss: 50.2019 (saved best_model.pt)
2026-07-06 18:26:47,205 |   -> New best pre-overfit val recon: 50.1744 (saved best_model_preoverfit.pt)
2026-07-06 18:26:48,894 |   -> New best val loss: 50.1930 (saved best_model.pt)
2026-07-06 18:26:48,903 |   -> New best pre-overfit val recon: 50.1655 (saved best_model_preoverfit.pt)
2026-07-06 18:26:50,041 |   -> New best val loss: 50.1922 (saved best_model.pt)
2026-07-06 18:26:50,050 |   -> New best pre-overfit val recon: 50.1646 (saved best_model_preoverfit.pt)
2026-07-06 18:26:51,215 | Epoch  160/5000 | kl_g0_w=1.00 kl_u_w=1.00 | train=54.3732 (recon=54.3458, kl_g0=0.0275, kl_u=0.0000, cls=0.0000) | val=50.1891 | lr=1.00e-04
2026-07-06 18:26:51,234 |   -> New best val loss: 50.1891 (saved best_model.pt)
2026-07-06 18:26:51,248 |   -> New best pre-overfit val recon: 50.1614 (saved best_model_preoverfit.pt)
2026-07-06 18:26:52,473 |   -> New best val loss: 50.1728 (saved best_model.pt)
2026-07-06 18:26:52,483 |   -> New best pre-overfit val recon: 50.1451 (saved best_model_preoverfit.pt)
2026-07-06 18:26:53,863 |   -> New best val loss: 50.1563 (saved best_model.pt)
2026-07-06 18:26:53,871 |   -> New best pre-overfit val recon: 50.1286 (saved best_model_preoverfit.pt)
2026-07-06 18:26:55,031 |   -> New best val loss: 50.1387 (saved best_model.pt)
2026-07-06 18:26:55,039 |   -> New best pre-overfit val recon: 50.1109 (saved best_model_preoverfit.pt)
2026-07-06 18:26:56,358 |   -> New best val loss: 50.1314 (saved best_model.pt)
2026-07-06 18:26:56,367 |   -> New best pre-overfit val recon: 50.1036 (saved best_model_preoverfit.pt)
2026-07-06 18:26:57,540 |   -> New best val loss: 50.1242 (saved best_model.pt)
2026-07-06 18:26:57,549 |   -> New best pre-overfit val recon: 50.0963 (saved best_model_preoverfit.pt)
2026-07-06 18:26:58,888 |   -> New best val loss: 50.1178 (saved best_model.pt)
2026-07-06 18:26:58,896 |   -> New best pre-overfit val recon: 50.0899 (saved best_model_preoverfit.pt)
2026-07-06 18:27:00,294 |   -> New best val loss: 50.1105 (saved best_model.pt)
2026-07-06 18:27:00,303 |   -> New best pre-overfit val recon: 50.0825 (saved best_model_preoverfit.pt)
2026-07-06 18:27:01,095 |   -> New best val loss: 50.1065 (saved best_model.pt)
2026-07-06 18:27:01,105 |   -> New best pre-overfit val recon: 50.0785 (saved best_model_preoverfit.pt)
2026-07-06 18:27:02,901 | Epoch  170/5000 | kl_g0_w=1.00 kl_u_w=1.00 | train=53.5272 (recon=53.4992, kl_g0=0.0280, kl_u=0.0000, cls=0.0000) | val=50.1131 | lr=1.00e-04
2026-07-06 18:27:06,486 |   -> New best val loss: 50.0849 (saved best_model.pt)
2026-07-06 18:27:06,494 |   -> New best pre-overfit val recon: 50.0566 (saved best_model_preoverfit.pt)
2026-07-06 18:27:07,742 |   -> New best val loss: 50.0714 (saved best_model.pt)
2026-07-06 18:27:07,762 |   -> New best pre-overfit val recon: 50.0431 (saved best_model_preoverfit.pt)
2026-07-06 18:27:08,707 |   -> New best val loss: 50.0607 (saved best_model.pt)
2026-07-06 18:27:08,715 |   -> New best pre-overfit val recon: 50.0323 (saved best_model_preoverfit.pt)
2026-07-06 18:27:09,926 |   -> New best val loss: 50.0547 (saved best_model.pt)
2026-07-06 18:27:09,936 |   -> New best pre-overfit val recon: 50.0262 (saved best_model_preoverfit.pt)
2026-07-06 18:27:10,961 |   -> New best val loss: 50.0521 (saved best_model.pt)
2026-07-06 18:27:10,969 |   -> New best pre-overfit val recon: 50.0237 (saved best_model_preoverfit.pt)
2026-07-06 18:27:12,246 |   -> New best val loss: 50.0495 (saved best_model.pt)
2026-07-06 18:27:12,254 |   -> New best pre-overfit val recon: 50.0210 (saved best_model_preoverfit.pt)
2026-07-06 18:27:13,301 |   -> New best val loss: 50.0400 (saved best_model.pt)
2026-07-06 18:27:13,310 |   -> New best pre-overfit val recon: 50.0114 (saved best_model_preoverfit.pt)
2026-07-06 18:27:14,224 | Epoch  180/5000 | kl_g0_w=1.00 kl_u_w=1.00 | train=52.6416 (recon=52.6131, kl_g0=0.0285, kl_u=0.0000, cls=0.0000) | val=50.0321 | lr=1.00e-04
2026-07-06 18:27:14,243 |   -> New best val loss: 50.0321 (saved best_model.pt)
2026-07-06 18:27:14,255 |   -> New best pre-overfit val recon: 50.0035 (saved best_model_preoverfit.pt)
2026-07-06 18:27:15,264 |   -> New best val loss: 50.0203 (saved best_model.pt)
2026-07-06 18:27:15,274 |   -> New best pre-overfit val recon: 49.9917 (saved best_model_preoverfit.pt)
2026-07-06 18:27:16,165 |   -> New best val loss: 50.0111 (saved best_model.pt)
2026-07-06 18:27:16,173 |   -> New best pre-overfit val recon: 49.9824 (saved best_model_preoverfit.pt)
2026-07-06 18:27:17,488 |   -> New best val loss: 50.0087 (saved best_model.pt)
2026-07-06 18:27:17,501 |   -> New best pre-overfit val recon: 49.9800 (saved best_model_preoverfit.pt)
2026-07-06 18:27:22,664 |   -> New best val loss: 50.0029 (saved best_model.pt)
2026-07-06 18:27:22,672 |   -> New best pre-overfit val recon: 49.9740 (saved best_model_preoverfit.pt)
2026-07-06 18:27:24,117 |   -> New best val loss: 49.9947 (saved best_model.pt)
2026-07-06 18:27:24,125 |   -> New best pre-overfit val recon: 49.9657 (saved best_model_preoverfit.pt)
2026-07-06 18:27:25,447 |   -> New best val loss: 49.9898 (saved best_model.pt)
2026-07-06 18:27:25,457 |   -> New best pre-overfit val recon: 49.9607 (saved best_model_preoverfit.pt)
2026-07-06 18:27:26,689 | Epoch  190/5000 | kl_g0_w=1.00 kl_u_w=1.00 | train=52.1926 (recon=52.1636, kl_g0=0.0290, kl_u=0.0000, cls=0.0000) | val=49.9851 | lr=1.00e-04
2026-07-06 18:27:26,700 |   -> New best val loss: 49.9851 (saved best_model.pt)
2026-07-06 18:27:26,712 |   -> New best pre-overfit val recon: 49.9560 (saved best_model_preoverfit.pt)
2026-07-06 18:27:32,086 |   -> New best val loss: 49.9815 (saved best_model.pt)
2026-07-06 18:27:32,107 |   -> New best pre-overfit val recon: 49.9522 (saved best_model_preoverfit.pt)
2026-07-06 18:27:33,392 |   -> New best val loss: 49.9749 (saved best_model.pt)
2026-07-06 18:27:33,400 |   -> New best pre-overfit val recon: 49.9456 (saved best_model_preoverfit.pt)
2026-07-06 18:27:34,374 |   -> New best val loss: 49.9730 (saved best_model.pt)
2026-07-06 18:27:34,383 |   -> New best pre-overfit val recon: 49.9437 (saved best_model_preoverfit.pt)
2026-07-06 18:27:35,322 |   -> New best val loss: 49.9714 (saved best_model.pt)
2026-07-06 18:27:35,331 |   -> New best pre-overfit val recon: 49.9420 (saved best_model_preoverfit.pt)
2026-07-06 18:27:36,218 |   -> New best val loss: 49.9640 (saved best_model.pt)
2026-07-06 18:27:36,228 |   -> New best pre-overfit val recon: 49.9346 (saved best_model_preoverfit.pt)
2026-07-06 18:27:37,214 | Epoch  200/5000 | kl_g0_w=1.00 kl_u_w=1.00 | train=51.7472 (recon=51.7178, kl_g0=0.0294, kl_u=0.0000, cls=0.0000) | val=49.9592 | lr=1.00e-04
2026-07-06 18:27:37,225 |   -> New best val loss: 49.9592 (saved best_model.pt)
2026-07-06 18:27:37,238 |   -> New best pre-overfit val recon: 49.9297 (saved best_model_preoverfit.pt)
2026-07-06 18:27:38,536 |   -> New best val loss: 49.9568 (saved best_model.pt)
2026-07-06 18:27:38,543 |   -> New best pre-overfit val recon: 49.9272 (saved best_model_preoverfit.pt)
2026-07-06 18:27:40,344 |   -> New best val loss: 49.9568 (saved best_model.pt)
2026-07-06 18:27:40,352 |   -> New best pre-overfit val recon: 49.9272 (saved best_model_preoverfit.pt)
2026-07-06 18:27:46,654 |   -> New best val loss: 49.9565 (saved best_model.pt)
2026-07-06 18:27:46,664 |   -> New best pre-overfit val recon: 49.9267 (saved best_model_preoverfit.pt)
2026-07-06 18:27:47,554 |   -> New best val loss: 49.9525 (saved best_model.pt)
2026-07-06 18:27:47,562 |   -> New best pre-overfit val recon: 49.9227 (saved best_model_preoverfit.pt)
2026-07-06 18:27:48,589 |   -> New best val loss: 49.9436 (saved best_model.pt)
2026-07-06 18:27:48,598 |   -> New best pre-overfit val recon: 49.9137 (saved best_model_preoverfit.pt)
2026-07-06 18:27:49,517 | Epoch  210/5000 | kl_g0_w=1.00 kl_u_w=1.00 | train=51.5830 (recon=51.5532, kl_g0=0.0298, kl_u=0.0000, cls=0.0000) | val=49.9374 | lr=1.00e-04
2026-07-06 18:27:49,540 |   -> New best val loss: 49.9374 (saved best_model.pt)
2026-07-06 18:27:49,550 |   -> New best pre-overfit val recon: 49.9075 (saved best_model_preoverfit.pt)
2026-07-06 18:27:50,284 |   -> New best val loss: 49.9354 (saved best_model.pt)
2026-07-06 18:27:50,296 |   -> New best pre-overfit val recon: 49.9054 (saved best_model_preoverfit.pt)
2026-07-06 18:27:51,295 |   -> New best val loss: 49.9341 (saved best_model.pt)
2026-07-06 18:27:51,304 |   -> New best pre-overfit val recon: 49.9041 (saved best_model_preoverfit.pt)
2026-07-06 18:27:52,409 |   -> New best val loss: 49.9315 (saved best_model.pt)
2026-07-06 18:27:52,416 |   -> New best pre-overfit val recon: 49.9015 (saved best_model_preoverfit.pt)
2026-07-06 18:27:53,279 |   -> New best val loss: 49.9283 (saved best_model.pt)
2026-07-06 18:27:53,288 |   -> New best pre-overfit val recon: 49.8983 (saved best_model_preoverfit.pt)
2026-07-06 18:27:57,947 |   -> New best val loss: 49.9276 (saved best_model.pt)
2026-07-06 18:27:57,955 |   -> New best pre-overfit val recon: 49.8974 (saved best_model_preoverfit.pt)
2026-07-06 18:27:59,320 |   -> New best val loss: 49.9274 (saved best_model.pt)
2026-07-06 18:27:59,328 |   -> New best pre-overfit val recon: 49.8971 (saved best_model_preoverfit.pt)
2026-07-06 18:28:00,467 | Epoch  220/5000 | kl_g0_w=1.00 kl_u_w=1.00 | train=51.1497 (recon=51.1195, kl_g0=0.0302, kl_u=0.0000, cls=0.0000) | val=49.9292 | lr=1.00e-04
2026-07-06 18:28:03,084 |   -> New best val loss: 49.9210 (saved best_model.pt)
2026-07-06 18:28:03,094 |   -> New best pre-overfit val recon: 49.8906 (saved best_model_preoverfit.pt)
2026-07-06 18:28:04,203 |   -> New best val loss: 49.9173 (saved best_model.pt)
2026-07-06 18:28:04,211 |   -> New best pre-overfit val recon: 49.8868 (saved best_model_preoverfit.pt)
2026-07-06 18:28:05,568 |   -> New best val loss: 49.9146 (saved best_model.pt)
2026-07-06 18:28:05,575 |   -> New best pre-overfit val recon: 49.8841 (saved best_model_preoverfit.pt)
2026-07-06 18:28:06,979 |   -> New best val loss: 49.9141 (saved best_model.pt)
2026-07-06 18:28:06,987 |   -> New best pre-overfit val recon: 49.8836 (saved best_model_preoverfit.pt)
2026-07-06 18:28:08,191 |   -> New best val loss: 49.9141 (saved best_model.pt)
2026-07-06 18:28:08,200 |   -> New best pre-overfit val recon: 49.8835 (saved best_model_preoverfit.pt)
2026-07-06 18:28:09,581 |   -> New best val loss: 49.9132 (saved best_model.pt)
2026-07-06 18:28:09,591 |   -> New best pre-overfit val recon: 49.8827 (saved best_model_preoverfit.pt)
2026-07-06 18:28:10,470 |   -> New best val loss: 49.9112 (saved best_model.pt)
2026-07-06 18:28:10,478 |   -> New best pre-overfit val recon: 49.8806 (saved best_model_preoverfit.pt)
2026-07-06 18:28:11,252 | Epoch  230/5000 | kl_g0_w=1.00 kl_u_w=1.00 | train=51.0371 (recon=51.0065, kl_g0=0.0306, kl_u=0.0000, cls=0.0000) | val=49.9093 | lr=1.00e-04
2026-07-06 18:28:11,275 |   -> New best val loss: 49.9093 (saved best_model.pt)
2026-07-06 18:28:11,293 |   -> New best pre-overfit val recon: 49.8787 (saved best_model_preoverfit.pt)
2026-07-06 18:28:15,589 |   -> New best val loss: 49.9085 (saved best_model.pt)
2026-07-06 18:28:15,597 |   -> New best pre-overfit val recon: 49.8777 (saved best_model_preoverfit.pt)
2026-07-06 18:28:16,779 |   -> New best val loss: 49.9077 (saved best_model.pt)
2026-07-06 18:28:16,788 |   -> New best pre-overfit val recon: 49.8769 (saved best_model_preoverfit.pt)
2026-07-06 18:28:21,356 | Epoch  240/5000 | kl_g0_w=1.00 kl_u_w=1.00 | train=50.8625 (recon=50.8316, kl_g0=0.0309, kl_u=0.0000, cls=0.0000) | val=49.9207 | lr=1.00e-04
2026-07-06 18:28:24,432 |   -> New best val loss: 49.9063 (saved best_model.pt)
2026-07-06 18:28:24,442 |   -> New best pre-overfit val recon: 49.8752 (saved best_model_preoverfit.pt)
2026-07-06 18:28:25,617 |   -> New best val loss: 49.9034 (saved best_model.pt)
2026-07-06 18:28:25,625 |   -> New best pre-overfit val recon: 49.8723 (saved best_model_preoverfit.pt)
2026-07-06 18:28:32,687 | Epoch  250/5000 | kl_g0_w=1.00 kl_u_w=1.00 | train=50.5571 (recon=50.5258, kl_g0=0.0313, kl_u=0.0000, cls=0.0000) | val=49.9027 | lr=1.00e-04
2026-07-06 18:28:32,710 |   -> New best val loss: 49.9027 (saved best_model.pt)
2026-07-06 18:28:32,720 |   -> New best pre-overfit val recon: 49.8713 (saved best_model_preoverfit.pt)
2026-07-06 18:28:33,760 |   -> New best val loss: 49.8996 (saved best_model.pt)
2026-07-06 18:28:33,768 |   -> New best pre-overfit val recon: 49.8682 (saved best_model_preoverfit.pt)
2026-07-06 18:28:35,063 |   -> New best val loss: 49.8979 (saved best_model.pt)
2026-07-06 18:28:35,071 |   -> New best pre-overfit val recon: 49.8665 (saved best_model_preoverfit.pt)
2026-07-06 18:28:36,488 |   -> New best val loss: 49.8956 (saved best_model.pt)
2026-07-06 18:28:36,501 |   -> New best pre-overfit val recon: 49.8642 (saved best_model_preoverfit.pt)
2026-07-06 18:28:41,321 |   -> New best val loss: 49.8929 (saved best_model.pt)
2026-07-06 18:28:41,331 |   -> New best pre-overfit val recon: 49.8614 (saved best_model_preoverfit.pt)
2026-07-06 18:28:42,458 |   -> New best val loss: 49.8863 (saved best_model.pt)
2026-07-06 18:28:42,466 |   -> New best pre-overfit val recon: 49.8548 (saved best_model_preoverfit.pt)
2026-07-06 18:28:43,757 |   -> New best val loss: 49.8819 (saved best_model.pt)
2026-07-06 18:28:43,764 |   -> New best pre-overfit val recon: 49.8503 (saved best_model_preoverfit.pt)
2026-07-06 18:28:44,961 | Epoch  260/5000 | kl_g0_w=1.00 kl_u_w=1.00 | train=50.4861 (recon=50.4545, kl_g0=0.0316, kl_u=0.0000, cls=0.0000) | val=49.8792 | lr=1.00e-04
2026-07-06 18:28:44,984 |   -> New best val loss: 49.8792 (saved best_model.pt)
2026-07-06 18:28:44,994 |   -> New best pre-overfit val recon: 49.8475 (saved best_model_preoverfit.pt)
2026-07-06 18:28:55,407 | Epoch  270/5000 | kl_g0_w=1.00 kl_u_w=1.00 | train=50.3271 (recon=50.2953, kl_g0=0.0319, kl_u=0.0000, cls=0.0000) | val=49.9056 | lr=1.00e-04
2026-07-06 18:29:04,435 | Epoch  280/5000 | kl_g0_w=1.00 kl_u_w=1.00 | train=50.2952 (recon=50.2631, kl_g0=0.0321, kl_u=0.0000, cls=0.0000) | val=49.9151 | lr=5.00e-05
2026-07-06 18:29:16,507 | Epoch  290/5000 | kl_g0_w=1.00 kl_u_w=1.00 | train=50.2650 (recon=50.2328, kl_g0=0.0322, kl_u=0.0000, cls=0.0000) | val=49.9060 | lr=5.00e-05
2026-07-06 18:29:16,507 | Early stopping at epoch 290 -- no improvement for 30 epochs.
2026-07-06 18:29:16,529 | Final model saved to /home/nadegeo/LIFUS-BRICK/results/training/ablation_no_control/final_model.pt
2026-07-06 18:29:16,530 | Best val loss: 49.8792
2026-07-06 18:29:16,530 | Best pre-overfit val recon: 49.8475
2026-07-06 18:29:16,530 | Training complete.
