2026-06-28 11:06:39,521 | ============================================================
2026-06-28 11:06:39,522 | BRICK Training -- ablation_no_control_no_ic
2026-06-28 11:06:39,522 | N_ROIS=24, M=96, H=4, T=240
2026-06-28 11:06:39,522 | Epochs=1400, LR=0.0001, WD=0.05, LAMBDA_NOISE=0.01, BATCH_SIZE=12
2026-06-28 11:06:39,523 | Patience=30, use_control=False, use_ic=False
2026-06-28 11:06:39,523 | KL annealing: g0 over 0 epochs, u delayed 0 then over 0 epochs
2026-06-28 11:06:39,523 | ============================================================
2026-06-28 11:06:39,524 | Loading dataset...
2026-06-28 11:06:39,840 | Split: 52 train | 4 val | 20 test items
2026-06-28 11:06:40,017 | Model parameters: 554,702
2026-06-28 11:06:40,022 | Starting training...
2026-06-28 11:06:41,655 | Epoch    1/1400 | kl_g0_w=1.00 kl_u_w=1.00 | train=24.8958 (recon=49.7917, kl_g0=0.0000, kl_u=0.0000, cls=0.0000) | val=24.8958 | lr=1.00e-04
2026-06-28 11:06:41,681 |   -> New best val loss: 24.8958 (saved best_model.pt)
2026-06-28 11:06:57,402 | Epoch   10/1400 | kl_g0_w=1.00 kl_u_w=1.00 | train=24.8958 (recon=49.7917, kl_g0=0.0000, kl_u=0.0000, cls=0.0000) | val=24.8958 | lr=1.00e-04
2026-06-28 11:07:13,509 | Epoch   20/1400 | kl_g0_w=1.00 kl_u_w=1.00 | train=24.8958 (recon=49.7917, kl_g0=0.0000, kl_u=0.0000, cls=0.0000) | val=24.8958 | lr=5.00e-05
2026-06-28 11:07:29,725 | Epoch   30/1400 | kl_g0_w=1.00 kl_u_w=1.00 | train=24.8958 (recon=49.7917, kl_g0=0.0000, kl_u=0.0000, cls=0.0000) | val=24.8958 | lr=5.00e-05
2026-06-28 11:07:31,361 | Early stopping at epoch 31 -- no improvement for 30 epochs.
2026-06-28 11:07:31,389 | Final model saved to C:\Users\USER\Documents\GitHub\LIFUS-BRICK\results\training\ablation_no_control_no_ic\final_model.pt
2026-06-28 11:07:31,389 | Best val loss: 24.8958
2026-06-28 11:07:31,389 | Training complete.
