2026-07-03 13:37:18,847 | ============================================================
2026-07-03 13:37:18,847 | BRICK Training -- train_20260703_133718
2026-07-03 13:37:18,847 | N_ROIS=24, M=96, H=4, T=240
2026-07-03 13:37:18,847 | Epochs=1000, LR=0.0001, WD=0.05, LAMBDA_NOISE=0.01, BATCH_SIZE=12
2026-07-03 13:37:18,847 | Patience=30, use_control=True, use_ic=True
2026-07-03 13:37:18,848 | KL annealing: g0 over 0 epochs, u delayed 0 then over 0 epochs
2026-07-03 13:37:18,848 | ============================================================
2026-07-03 13:37:18,848 | Loading dataset...
2026-07-03 13:37:18,974 | Split: 52 train | 4 val | 20 test items
2026-07-03 13:37:19,010 | Model parameters: 554,702
2026-07-03 13:37:19,454 | Starting training...
2026-07-03 13:37:21,382 | Epoch    1/1000 | kl_g0_w=1.00 kl_u_w=1.00 | train=3257.6095 (recon=3251.2604, kl_g0=5.1671, kl_u=1.1820, cls=0.7013) | val=321.9130 | lr=1.00e-04
2026-07-03 13:37:21,405 |   -> New best val loss: 321.9130 (saved best_model.pt)
2026-07-03 13:37:23,672 |   -> New best val loss: 256.7907 (saved best_model.pt)
2026-07-03 13:37:25,848 |   -> New best val loss: 223.9096 (saved best_model.pt)
2026-07-03 13:37:28,159 |   -> New best val loss: 201.2945 (saved best_model.pt)
2026-07-03 13:37:30,635 |   -> New best val loss: 188.9105 (saved best_model.pt)
2026-07-03 13:37:33,126 |   -> New best val loss: 174.2116 (saved best_model.pt)
2026-07-03 13:37:35,645 |   -> New best val loss: 165.2699 (saved best_model.pt)
2026-07-03 13:37:38,240 |   -> New best val loss: 156.0891 (saved best_model.pt)
2026-07-03 13:37:40,684 |   -> New best val loss: 150.6720 (saved best_model.pt)
2026-07-03 13:37:43,115 | Epoch   10/1000 | kl_g0_w=1.00 kl_u_w=1.00 | train=278.0672 (recon=271.5217, kl_g0=5.0723, kl_u=1.4733, cls=0.6983) | val=147.5361 | lr=1.00e-04
2026-07-03 13:37:43,145 |   -> New best val loss: 147.5361 (saved best_model.pt)
2026-07-03 13:37:45,654 |   -> New best val loss: 137.9835 (saved best_model.pt)
2026-07-03 13:37:47,378 |   -> New best val loss: 133.6907 (saved best_model.pt)
2026-07-03 13:37:49,086 |   -> New best val loss: 129.5231 (saved best_model.pt)
2026-07-03 13:37:50,613 |   -> New best val loss: 123.0098 (saved best_model.pt)
2026-07-03 13:37:52,277 |   -> New best val loss: 119.3463 (saved best_model.pt)
2026-07-03 13:37:54,499 |   -> New best val loss: 115.4955 (saved best_model.pt)
2026-07-03 13:37:56,001 |   -> New best val loss: 111.6394 (saved best_model.pt)
2026-07-03 13:37:57,556 |   -> New best val loss: 107.7240 (saved best_model.pt)
2026-07-03 13:37:59,410 |   -> New best val loss: 105.7722 (saved best_model.pt)
2026-07-03 13:38:01,080 | Epoch   20/1000 | kl_g0_w=1.00 kl_u_w=1.00 | train=170.3878 (recon=162.4289, kl_g0=5.0394, kl_u=2.9194, cls=0.6978) | val=102.3561 | lr=1.00e-04
2026-07-03 13:38:01,095 |   -> New best val loss: 102.3561 (saved best_model.pt)
2026-07-03 13:38:03,360 |   -> New best val loss: 100.1482 (saved best_model.pt)
2026-07-03 13:38:05,600 |   -> New best val loss: 97.3455 (saved best_model.pt)
2026-07-03 13:38:08,328 |   -> New best val loss: 95.7122 (saved best_model.pt)
2026-07-03 13:38:10,443 |   -> New best val loss: 92.4288 (saved best_model.pt)
2026-07-03 13:38:12,791 |   -> New best val loss: 91.1567 (saved best_model.pt)
2026-07-03 13:38:15,014 |   -> New best val loss: 88.4891 (saved best_model.pt)
2026-07-03 13:38:16,581 |   -> New best val loss: 87.5609 (saved best_model.pt)
2026-07-03 13:38:18,227 |   -> New best val loss: 85.6952 (saved best_model.pt)
2026-07-03 13:38:20,284 |   -> New best val loss: 84.0429 (saved best_model.pt)
2026-07-03 13:38:22,307 | Epoch   30/1000 | kl_g0_w=1.00 kl_u_w=1.00 | train=132.2930 (recon=123.2437, kl_g0=5.1005, kl_u=3.9489, cls=0.6951) | val=82.0861 | lr=1.00e-04
2026-07-03 13:38:22,325 |   -> New best val loss: 82.0861 (saved best_model.pt)
2026-07-03 13:38:24,815 |   -> New best val loss: 80.8645 (saved best_model.pt)
2026-07-03 13:38:27,319 |   -> New best val loss: 79.5921 (saved best_model.pt)
2026-07-03 13:38:29,348 |   -> New best val loss: 78.2583 (saved best_model.pt)
2026-07-03 13:38:31,395 |   -> New best val loss: 77.0320 (saved best_model.pt)
2026-07-03 13:38:33,227 |   -> New best val loss: 76.1038 (saved best_model.pt)
2026-07-03 13:38:35,340 |   -> New best val loss: 75.5419 (saved best_model.pt)
2026-07-03 13:38:37,295 |   -> New best val loss: 73.8762 (saved best_model.pt)
2026-07-03 13:38:39,011 |   -> New best val loss: 73.8515 (saved best_model.pt)
2026-07-03 13:38:40,798 |   -> New best val loss: 72.5565 (saved best_model.pt)
2026-07-03 13:38:42,788 | Epoch   40/1000 | kl_g0_w=1.00 kl_u_w=1.00 | train=111.9756 (recon=102.4435, kl_g0=5.1907, kl_u=4.3414, cls=0.6975) | val=70.7929 | lr=1.00e-04
2026-07-03 13:38:42,804 |   -> New best val loss: 70.7929 (saved best_model.pt)
2026-07-03 13:38:44,698 |   -> New best val loss: 70.7101 (saved best_model.pt)
2026-07-03 13:38:46,901 |   -> New best val loss: 69.8854 (saved best_model.pt)
2026-07-03 13:38:48,707 |   -> New best val loss: 69.0559 (saved best_model.pt)
2026-07-03 13:38:51,056 |   -> New best val loss: 68.0550 (saved best_model.pt)
2026-07-03 13:38:52,561 |   -> New best val loss: 67.1305 (saved best_model.pt)
2026-07-03 13:38:54,420 |   -> New best val loss: 66.6924 (saved best_model.pt)
2026-07-03 13:38:56,267 |   -> New best val loss: 65.8772 (saved best_model.pt)
2026-07-03 13:38:58,369 |   -> New best val loss: 65.2930 (saved best_model.pt)
2026-07-03 13:39:00,898 |   -> New best val loss: 64.9607 (saved best_model.pt)
2026-07-03 13:39:03,083 | Epoch   50/1000 | kl_g0_w=1.00 kl_u_w=1.00 | train=95.7353 (recon=86.0312, kl_g0=5.2780, kl_u=4.4261, cls=0.6981) | val=64.2242 | lr=1.00e-04
2026-07-03 13:39:03,108 |   -> New best val loss: 64.2242 (saved best_model.pt)
2026-07-03 13:39:05,679 |   -> New best val loss: 63.9900 (saved best_model.pt)
2026-07-03 13:39:07,584 |   -> New best val loss: 62.6034 (saved best_model.pt)
2026-07-03 13:39:12,061 |   -> New best val loss: 61.8494 (saved best_model.pt)
2026-07-03 13:39:14,585 |   -> New best val loss: 60.7784 (saved best_model.pt)
2026-07-03 13:39:18,599 |   -> New best val loss: 59.4542 (saved best_model.pt)
2026-07-03 13:39:22,882 |   -> New best val loss: 59.2692 (saved best_model.pt)
2026-07-03 13:39:24,787 | Epoch   60/1000 | kl_g0_w=1.00 kl_u_w=1.00 | train=84.9799 (recon=75.2388, kl_g0=5.3767, kl_u=4.3644, cls=0.6954) | val=58.7824 | lr=1.00e-04
2026-07-03 13:39:24,812 |   -> New best val loss: 58.7824 (saved best_model.pt)
2026-07-03 13:39:27,065 |   -> New best val loss: 58.0197 (saved best_model.pt)
2026-07-03 13:39:29,452 |   -> New best val loss: 57.7995 (saved best_model.pt)
2026-07-03 13:39:31,719 |   -> New best val loss: 57.5710 (saved best_model.pt)
2026-07-03 13:39:34,055 |   -> New best val loss: 56.5604 (saved best_model.pt)
2026-07-03 13:39:36,187 |   -> New best val loss: 56.2325 (saved best_model.pt)
2026-07-03 13:39:38,729 |   -> New best val loss: 56.0032 (saved best_model.pt)
2026-07-03 13:39:41,049 |   -> New best val loss: 55.4234 (saved best_model.pt)
2026-07-03 13:39:43,152 |   -> New best val loss: 55.2642 (saved best_model.pt)
2026-07-03 13:39:45,601 |   -> New best val loss: 54.4796 (saved best_model.pt)
2026-07-03 13:39:47,926 | Epoch   70/1000 | kl_g0_w=1.00 kl_u_w=1.00 | train=75.0455 (recon=65.3074, kl_g0=5.4676, kl_u=4.2705, cls=0.6957) | val=54.2494 | lr=1.00e-04
2026-07-03 13:39:47,950 |   -> New best val loss: 54.2494 (saved best_model.pt)
2026-07-03 13:39:50,117 |   -> New best val loss: 54.0276 (saved best_model.pt)
2026-07-03 13:39:53,552 |   -> New best val loss: 53.2989 (saved best_model.pt)
2026-07-03 13:39:56,113 |   -> New best val loss: 53.1127 (saved best_model.pt)
2026-07-03 13:39:58,687 |   -> New best val loss: 52.6888 (saved best_model.pt)
2026-07-03 13:40:00,959 |   -> New best val loss: 51.9897 (saved best_model.pt)
2026-07-03 13:40:05,642 |   -> New best val loss: 51.2091 (saved best_model.pt)
2026-07-03 13:40:10,050 | Epoch   80/1000 | kl_g0_w=1.00 kl_u_w=1.00 | train=68.5979 (recon=58.8136, kl_g0=5.5604, kl_u=4.2239, cls=0.6958) | val=50.3693 | lr=1.00e-04
2026-07-03 13:40:10,073 |   -> New best val loss: 50.3693 (saved best_model.pt)
2026-07-03 13:40:12,257 |   -> New best val loss: 50.2614 (saved best_model.pt)
2026-07-03 13:40:13,981 |   -> New best val loss: 50.1204 (saved best_model.pt)
2026-07-03 13:40:15,546 |   -> New best val loss: 49.4207 (saved best_model.pt)
2026-07-03 13:40:19,056 |   -> New best val loss: 49.4151 (saved best_model.pt)
2026-07-03 13:40:20,580 |   -> New best val loss: 49.0601 (saved best_model.pt)
2026-07-03 13:40:22,490 |   -> New best val loss: 48.7988 (saved best_model.pt)
2026-07-03 13:40:25,030 |   -> New best val loss: 48.2792 (saved best_model.pt)
2026-07-03 13:40:27,573 |   -> New best val loss: 48.1291 (saved best_model.pt)
2026-07-03 13:40:30,137 | Epoch   90/1000 | kl_g0_w=1.00 kl_u_w=1.00 | train=62.8727 (recon=53.1740, kl_g0=5.6603, kl_u=4.0385, cls=0.6955) | val=48.1158 | lr=1.00e-04
2026-07-03 13:40:30,162 |   -> New best val loss: 48.1158 (saved best_model.pt)
2026-07-03 13:40:33,455 |   -> New best val loss: 46.8344 (saved best_model.pt)
2026-07-03 13:40:36,493 |   -> New best val loss: 46.6518 (saved best_model.pt)
2026-07-03 13:40:41,361 |   -> New best val loss: 46.5043 (saved best_model.pt)
2026-07-03 13:40:43,131 |   -> New best val loss: 46.3214 (saved best_model.pt)
2026-07-03 13:40:44,667 |   -> New best val loss: 45.6756 (saved best_model.pt)
2026-07-03 13:40:49,315 | Epoch  100/1000 | kl_g0_w=1.00 kl_u_w=1.00 | train=58.1955 (recon=48.5181, kl_g0=5.7351, kl_u=3.9423, cls=0.6957) | val=45.7518 | lr=1.00e-04
2026-07-03 13:40:51,068 |   -> New best val loss: 45.2583 (saved best_model.pt)
2026-07-03 13:40:52,645 |   -> New best val loss: 45.2313 (saved best_model.pt)
2026-07-03 13:40:54,976 |   -> New best val loss: 45.0792 (saved best_model.pt)
2026-07-03 13:40:57,148 |   -> New best val loss: 44.2320 (saved best_model.pt)
2026-07-03 13:41:01,577 |   -> New best val loss: 43.9577 (saved best_model.pt)
2026-07-03 13:41:03,737 |   -> New best val loss: 43.8923 (saved best_model.pt)
2026-07-03 13:41:06,022 |   -> New best val loss: 43.8020 (saved best_model.pt)
2026-07-03 13:41:07,930 |   -> New best val loss: 43.5109 (saved best_model.pt)
2026-07-03 13:41:09,616 | Epoch  110/1000 | kl_g0_w=1.00 kl_u_w=1.00 | train=54.2579 (recon=44.6296, kl_g0=5.8181, kl_u=3.8102, cls=0.6948) | val=43.1577 | lr=1.00e-04
2026-07-03 13:41:09,632 |   -> New best val loss: 43.1577 (saved best_model.pt)
2026-07-03 13:41:11,377 |   -> New best val loss: 42.7223 (saved best_model.pt)
2026-07-03 13:41:14,566 |   -> New best val loss: 42.6239 (saved best_model.pt)
2026-07-03 13:41:16,161 |   -> New best val loss: 42.5012 (saved best_model.pt)
2026-07-03 13:41:17,679 |   -> New best val loss: 42.2713 (saved best_model.pt)
2026-07-03 13:41:21,062 |   -> New best val loss: 42.0925 (saved best_model.pt)
2026-07-03 13:41:24,606 |   -> New best val loss: 41.7182 (saved best_model.pt)
2026-07-03 13:41:26,421 | Epoch  120/1000 | kl_g0_w=1.00 kl_u_w=1.00 | train=50.3950 (recon=40.7065, kl_g0=5.8810, kl_u=3.8075, cls=0.6949) | val=41.4536 | lr=1.00e-04
2026-07-03 13:41:26,439 |   -> New best val loss: 41.4536 (saved best_model.pt)
2026-07-03 13:41:29,865 |   -> New best val loss: 41.1396 (saved best_model.pt)
2026-07-03 13:41:32,295 |   -> New best val loss: 41.1366 (saved best_model.pt)
2026-07-03 13:41:37,072 |   -> New best val loss: 40.9476 (saved best_model.pt)
2026-07-03 13:41:39,615 |   -> New best val loss: 40.4359 (saved best_model.pt)
2026-07-03 13:41:42,110 |   -> New best val loss: 40.3388 (saved best_model.pt)
2026-07-03 13:41:43,626 |   -> New best val loss: 40.0193 (saved best_model.pt)
2026-07-03 13:41:47,785 | Epoch  130/1000 | kl_g0_w=1.00 kl_u_w=1.00 | train=47.0277 (recon=37.3554, kl_g0=5.9522, kl_u=3.7202, cls=0.6926) | val=39.8274 | lr=1.00e-04
2026-07-03 13:41:47,801 |   -> New best val loss: 39.8274 (saved best_model.pt)
2026-07-03 13:41:49,885 |   -> New best val loss: 39.5391 (saved best_model.pt)
2026-07-03 13:41:53,957 |   -> New best val loss: 39.3656 (saved best_model.pt)
2026-07-03 13:41:55,603 |   -> New best val loss: 39.3057 (saved best_model.pt)
2026-07-03 13:41:57,117 |   -> New best val loss: 39.2292 (saved best_model.pt)
2026-07-03 13:41:58,646 |   -> New best val loss: 38.9273 (saved best_model.pt)
2026-07-03 13:42:02,949 |   -> New best val loss: 38.7591 (saved best_model.pt)
2026-07-03 13:42:05,398 |   -> New best val loss: 38.4120 (saved best_model.pt)
2026-07-03 13:42:06,955 | Epoch  140/1000 | kl_g0_w=1.00 kl_u_w=1.00 | train=45.1557 (recon=35.4877, kl_g0=6.0191, kl_u=3.6489, cls=0.6957) | val=38.4502 | lr=1.00e-04
2026-07-03 13:42:08,927 |   -> New best val loss: 38.3058 (saved best_model.pt)
2026-07-03 13:42:11,466 |   -> New best val loss: 37.8468 (saved best_model.pt)
2026-07-03 13:42:15,852 |   -> New best val loss: 37.6812 (saved best_model.pt)
2026-07-03 13:42:20,347 |   -> New best val loss: 37.5374 (saved best_model.pt)
2026-07-03 13:42:22,901 |   -> New best val loss: 37.2727 (saved best_model.pt)
2026-07-03 13:42:27,254 |   -> New best val loss: 36.9031 (saved best_model.pt)
2026-07-03 13:42:29,157 | Epoch  150/1000 | kl_g0_w=1.00 kl_u_w=1.00 | train=42.2352 (recon=32.5470, kl_g0=6.0756, kl_u=3.6125, cls=0.6942) | val=36.8463 | lr=1.00e-04
2026-07-03 13:42:29,182 |   -> New best val loss: 36.8463 (saved best_model.pt)
2026-07-03 13:42:32,843 |   -> New best val loss: 36.6596 (saved best_model.pt)
2026-07-03 13:42:34,678 |   -> New best val loss: 36.3872 (saved best_model.pt)
2026-07-03 13:42:40,270 |   -> New best val loss: 36.0691 (saved best_model.pt)
2026-07-03 13:42:44,339 |   -> New best val loss: 35.9355 (saved best_model.pt)
2026-07-03 13:42:46,755 |   -> New best val loss: 35.9241 (saved best_model.pt)
2026-07-03 13:42:48,913 | Epoch  160/1000 | kl_g0_w=1.00 kl_u_w=1.00 | train=40.4490 (recon=30.7503, kl_g0=6.1232, kl_u=3.5756, cls=0.6956) | val=35.6487 | lr=1.00e-04
2026-07-03 13:42:48,937 |   -> New best val loss: 35.6487 (saved best_model.pt)
2026-07-03 13:42:53,995 |   -> New best val loss: 35.6274 (saved best_model.pt)
2026-07-03 13:42:55,714 |   -> New best val loss: 35.4927 (saved best_model.pt)
2026-07-03 13:42:57,550 |   -> New best val loss: 35.0425 (saved best_model.pt)
2026-07-03 13:43:01,008 |   -> New best val loss: 34.9812 (saved best_model.pt)
2026-07-03 13:43:03,506 |   -> New best val loss: 34.9106 (saved best_model.pt)
2026-07-03 13:43:05,061 |   -> New best val loss: 34.8553 (saved best_model.pt)
2026-07-03 13:43:07,111 |   -> New best val loss: 34.6860 (saved best_model.pt)
2026-07-03 13:43:08,999 | Epoch  170/1000 | kl_g0_w=1.00 kl_u_w=1.00 | train=38.5269 (recon=28.7852, kl_g0=6.1627, kl_u=3.5789, cls=0.6947) | val=34.8387 | lr=1.00e-04
2026-07-03 13:43:11,041 |   -> New best val loss: 34.5135 (saved best_model.pt)
2026-07-03 13:43:12,878 |   -> New best val loss: 34.3250 (saved best_model.pt)
2026-07-03 13:43:15,072 |   -> New best val loss: 34.1581 (saved best_model.pt)
2026-07-03 13:43:18,669 |   -> New best val loss: 33.8599 (saved best_model.pt)
2026-07-03 13:43:23,516 |   -> New best val loss: 33.8339 (saved best_model.pt)
2026-07-03 13:43:25,611 |   -> New best val loss: 33.7185 (saved best_model.pt)
2026-07-03 13:43:27,322 |   -> New best val loss: 33.5356 (saved best_model.pt)
2026-07-03 13:43:29,408 | Epoch  180/1000 | kl_g0_w=1.00 kl_u_w=1.00 | train=36.9011 (recon=27.1811, kl_g0=6.1940, kl_u=3.5261, cls=0.6962) | val=33.6459 | lr=1.00e-04
2026-07-03 13:43:31,999 |   -> New best val loss: 33.4885 (saved best_model.pt)
2026-07-03 13:43:34,521 |   -> New best val loss: 33.0319 (saved best_model.pt)
2026-07-03 13:43:37,945 |   -> New best val loss: 32.9950 (saved best_model.pt)
2026-07-03 13:43:39,532 |   -> New best val loss: 32.8092 (saved best_model.pt)
2026-07-03 13:43:41,148 |   -> New best val loss: 32.7060 (saved best_model.pt)
2026-07-03 13:43:46,236 |   -> New best val loss: 32.6100 (saved best_model.pt)
2026-07-03 13:43:48,266 |   -> New best val loss: 32.4023 (saved best_model.pt)
2026-07-03 13:43:50,285 | Epoch  190/1000 | kl_g0_w=1.00 kl_u_w=1.00 | train=35.0821 (recon=25.3696, kl_g0=6.2123, kl_u=3.5002, cls=0.6951) | val=32.3368 | lr=1.00e-04
2026-07-03 13:43:50,302 |   -> New best val loss: 32.3368 (saved best_model.pt)
2026-07-03 13:43:54,404 |   -> New best val loss: 32.0909 (saved best_model.pt)
2026-07-03 13:43:58,477 |   -> New best val loss: 31.9929 (saved best_model.pt)
2026-07-03 13:44:00,431 |   -> New best val loss: 31.9361 (saved best_model.pt)
2026-07-03 13:44:02,255 |   -> New best val loss: 31.7014 (saved best_model.pt)
2026-07-03 13:44:04,349 |   -> New best val loss: 31.6272 (saved best_model.pt)
2026-07-03 13:44:08,997 |   -> New best val loss: 31.4523 (saved best_model.pt)
2026-07-03 13:44:10,534 | Epoch  200/1000 | kl_g0_w=1.00 kl_u_w=1.00 | train=33.7665 (recon=24.0607, kl_g0=6.2256, kl_u=3.4801, cls=0.6940) | val=31.3569 | lr=1.00e-04
2026-07-03 13:44:10,551 |   -> New best val loss: 31.3569 (saved best_model.pt)
2026-07-03 13:44:12,943 |   -> New best val loss: 31.2586 (saved best_model.pt)
2026-07-03 13:44:15,313 |   -> New best val loss: 31.0320 (saved best_model.pt)
2026-07-03 13:44:21,758 |   -> New best val loss: 30.8777 (saved best_model.pt)
2026-07-03 13:44:23,895 |   -> New best val loss: 30.7443 (saved best_model.pt)
2026-07-03 13:44:26,138 |   -> New best val loss: 30.7122 (saved best_model.pt)
2026-07-03 13:44:28,683 |   -> New best val loss: 30.6388 (saved best_model.pt)
2026-07-03 13:44:31,105 |   -> New best val loss: 30.5440 (saved best_model.pt)
2026-07-03 13:44:32,676 | Epoch  210/1000 | kl_g0_w=1.00 kl_u_w=1.00 | train=32.2344 (recon=22.5436, kl_g0=6.2263, kl_u=3.4644, cls=0.6935) | val=30.4731 | lr=1.00e-04
2026-07-03 13:44:32,693 |   -> New best val loss: 30.4731 (saved best_model.pt)
2026-07-03 13:44:35,847 |   -> New best val loss: 30.1064 (saved best_model.pt)
2026-07-03 13:44:40,883 |   -> New best val loss: 30.0794 (saved best_model.pt)
2026-07-03 13:44:43,417 |   -> New best val loss: 29.8963 (saved best_model.pt)
2026-07-03 13:44:44,993 |   -> New best val loss: 29.8779 (saved best_model.pt)
2026-07-03 13:44:46,711 |   -> New best val loss: 29.7642 (saved best_model.pt)
2026-07-03 13:44:50,284 |   -> New best val loss: 29.5501 (saved best_model.pt)
2026-07-03 13:44:51,827 | Epoch  220/1000 | kl_g0_w=1.00 kl_u_w=1.00 | train=31.1358 (recon=21.4713, kl_g0=6.2266, kl_u=3.4379, cls=0.6979) | val=29.4398 | lr=1.00e-04
2026-07-03 13:44:51,844 |   -> New best val loss: 29.4398 (saved best_model.pt)
2026-07-03 13:44:56,075 |   -> New best val loss: 29.3285 (saved best_model.pt)
2026-07-03 13:44:58,572 |   -> New best val loss: 29.1139 (saved best_model.pt)
2026-07-03 13:45:02,866 |   -> New best val loss: 28.9917 (saved best_model.pt)
2026-07-03 13:45:05,441 |   -> New best val loss: 28.9122 (saved best_model.pt)
2026-07-03 13:45:10,242 |   -> New best val loss: 28.7849 (saved best_model.pt)
2026-07-03 13:45:12,478 |   -> New best val loss: 28.7611 (saved best_model.pt)
2026-07-03 13:45:14,663 | Epoch  230/1000 | kl_g0_w=1.00 kl_u_w=1.00 | train=29.9907 (recon=20.3616, kl_g0=6.2119, kl_u=3.4172, cls=0.6966) | val=28.6126 | lr=1.00e-04
2026-07-03 13:45:14,686 |   -> New best val loss: 28.6126 (saved best_model.pt)
2026-07-03 13:45:19,486 |   -> New best val loss: 28.6079 (saved best_model.pt)
2026-07-03 13:45:21,177 |   -> New best val loss: 28.3329 (saved best_model.pt)
2026-07-03 13:45:25,496 |   -> New best val loss: 28.2055 (saved best_model.pt)
2026-07-03 13:45:28,049 |   -> New best val loss: 28.0759 (saved best_model.pt)
2026-07-03 13:45:29,628 |   -> New best val loss: 28.0379 (saved best_model.pt)
2026-07-03 13:45:31,350 |   -> New best val loss: 27.8100 (saved best_model.pt)
2026-07-03 13:45:35,723 | Epoch  240/1000 | kl_g0_w=1.00 kl_u_w=1.00 | train=29.0318 (recon=19.4460, kl_g0=6.1780, kl_u=3.4077, cls=0.6969) | val=27.7163 | lr=1.00e-04
2026-07-03 13:45:35,745 |   -> New best val loss: 27.7163 (saved best_model.pt)
2026-07-03 13:45:37,878 |   -> New best val loss: 27.6198 (saved best_model.pt)
2026-07-03 13:45:42,082 |   -> New best val loss: 27.5684 (saved best_model.pt)
2026-07-03 13:45:43,783 |   -> New best val loss: 27.3778 (saved best_model.pt)
2026-07-03 13:45:47,617 |   -> New best val loss: 27.2876 (saved best_model.pt)
2026-07-03 13:45:50,163 |   -> New best val loss: 27.2408 (saved best_model.pt)
2026-07-03 13:45:54,151 |   -> New best val loss: 27.0895 (saved best_model.pt)
2026-07-03 13:45:56,650 | Epoch  250/1000 | kl_g0_w=1.00 kl_u_w=1.00 | train=27.7278 (recon=18.2295, kl_g0=6.1314, kl_u=3.3669, cls=0.6965) | val=26.8740 | lr=1.00e-04
2026-07-03 13:45:56,676 |   -> New best val loss: 26.8740 (saved best_model.pt)
2026-07-03 13:46:04,869 |   -> New best val loss: 26.5630 (saved best_model.pt)
2026-07-03 13:46:08,286 |   -> New best val loss: 26.4292 (saved best_model.pt)
2026-07-03 13:46:12,149 |   -> New best val loss: 26.3859 (saved best_model.pt)
2026-07-03 13:46:15,799 | Epoch  260/1000 | kl_g0_w=1.00 kl_u_w=1.00 | train=27.1042 (recon=17.6523, kl_g0=6.0718, kl_u=3.3800, cls=0.6975) | val=26.0177 | lr=1.00e-04
2026-07-03 13:46:15,815 |   -> New best val loss: 26.0177 (saved best_model.pt)
2026-07-03 13:46:21,328 |   -> New best val loss: 25.8830 (saved best_model.pt)
2026-07-03 13:46:23,757 |   -> New best val loss: 25.8649 (saved best_model.pt)
2026-07-03 13:46:27,958 |   -> New best val loss: 25.7273 (saved best_model.pt)
2026-07-03 13:46:29,490 |   -> New best val loss: 25.6817 (saved best_model.pt)
2026-07-03 13:46:31,215 |   -> New best val loss: 25.6055 (saved best_model.pt)
2026-07-03 13:46:32,731 |   -> New best val loss: 25.4662 (saved best_model.pt)
2026-07-03 13:46:34,654 | Epoch  270/1000 | kl_g0_w=1.00 kl_u_w=1.00 | train=26.1590 (recon=16.7915, kl_g0=6.0056, kl_u=3.3618, cls=0.6987) | val=25.5267 | lr=1.00e-04
2026-07-03 13:46:36,592 |   -> New best val loss: 25.2859 (saved best_model.pt)
2026-07-03 13:46:44,146 |   -> New best val loss: 25.0273 (saved best_model.pt)
2026-07-03 13:46:46,680 |   -> New best val loss: 24.9895 (saved best_model.pt)
2026-07-03 13:46:51,464 |   -> New best val loss: 24.7716 (saved best_model.pt)
2026-07-03 13:46:58,148 | Epoch  280/1000 | kl_g0_w=1.00 kl_u_w=1.00 | train=25.3206 (recon=16.0381, kl_g0=5.9305, kl_u=3.3520, cls=0.6989) | val=24.8866 | lr=1.00e-04
2026-07-03 13:46:59,655 |   -> New best val loss: 24.6389 (saved best_model.pt)
2026-07-03 13:47:01,877 |   -> New best val loss: 24.4559 (saved best_model.pt)
2026-07-03 13:47:06,204 |   -> New best val loss: 24.3760 (saved best_model.pt)
2026-07-03 13:47:07,723 |   -> New best val loss: 24.3304 (saved best_model.pt)
2026-07-03 13:47:09,705 |   -> New best val loss: 24.2951 (saved best_model.pt)
2026-07-03 13:47:14,181 |   -> New best val loss: 24.1153 (saved best_model.pt)
2026-07-03 13:47:16,208 |   -> New best val loss: 24.0670 (saved best_model.pt)
2026-07-03 13:47:17,727 | Epoch  290/1000 | kl_g0_w=1.00 kl_u_w=1.00 | train=24.6421 (recon=15.4715, kl_g0=5.8505, kl_u=3.3202, cls=0.6977) | val=24.0214 | lr=1.00e-04
2026-07-03 13:47:17,744 |   -> New best val loss: 24.0214 (saved best_model.pt)
2026-07-03 13:47:19,253 |   -> New best val loss: 23.8280 (saved best_model.pt)
2026-07-03 13:47:23,698 |   -> New best val loss: 23.7720 (saved best_model.pt)
2026-07-03 13:47:25,622 |   -> New best val loss: 23.6736 (saved best_model.pt)
2026-07-03 13:47:29,898 |   -> New best val loss: 23.6672 (saved best_model.pt)
2026-07-03 13:47:32,008 |   -> New best val loss: 23.3768 (saved best_model.pt)
2026-07-03 13:47:38,517 | Epoch  300/1000 | kl_g0_w=1.00 kl_u_w=1.00 | train=23.8170 (recon=14.7499, kl_g0=5.7452, kl_u=3.3219, cls=0.6996) | val=23.5409 | lr=1.00e-04
2026-07-03 13:47:40,514 |   -> New best val loss: 23.1758 (saved best_model.pt)
2026-07-03 13:47:42,234 |   -> New best val loss: 23.1544 (saved best_model.pt)
2026-07-03 13:47:45,487 |   -> New best val loss: 23.0489 (saved best_model.pt)
2026-07-03 13:47:47,217 |   -> New best val loss: 22.9480 (saved best_model.pt)
2026-07-03 13:47:49,783 |   -> New best val loss: 22.8749 (saved best_model.pt)
2026-07-03 13:47:51,346 |   -> New best val loss: 22.8643 (saved best_model.pt)
2026-07-03 13:47:53,638 |   -> New best val loss: 22.7854 (saved best_model.pt)
2026-07-03 13:47:58,335 | Epoch  310/1000 | kl_g0_w=1.00 kl_u_w=1.00 | train=23.0075 (recon=14.0638, kl_g0=5.6504, kl_u=3.2933, cls=0.6998) | val=22.7316 | lr=1.00e-04
2026-07-03 13:47:58,360 |   -> New best val loss: 22.7316 (saved best_model.pt)
2026-07-03 13:48:00,832 |   -> New best val loss: 22.5212 (saved best_model.pt)
2026-07-03 13:48:03,276 |   -> New best val loss: 22.4426 (saved best_model.pt)
2026-07-03 13:48:09,235 |   -> New best val loss: 22.2170 (saved best_model.pt)
2026-07-03 13:48:15,873 |   -> New best val loss: 22.0002 (saved best_model.pt)
2026-07-03 13:48:19,119 | Epoch  320/1000 | kl_g0_w=1.00 kl_u_w=1.00 | train=22.3003 (recon=13.4581, kl_g0=5.5547, kl_u=3.2875, cls=0.6999) | val=22.1246 | lr=1.00e-04
2026-07-03 13:48:20,631 |   -> New best val loss: 21.9009 (saved best_model.pt)
2026-07-03 13:48:22,797 |   -> New best val loss: 21.8448 (saved best_model.pt)
2026-07-03 13:48:24,827 |   -> New best val loss: 21.8226 (saved best_model.pt)
2026-07-03 13:48:26,500 |   -> New best val loss: 21.7944 (saved best_model.pt)
2026-07-03 13:48:28,379 |   -> New best val loss: 21.7828 (saved best_model.pt)
2026-07-03 13:48:30,651 |   -> New best val loss: 21.6068 (saved best_model.pt)
2026-07-03 13:48:32,779 |   -> New best val loss: 21.5921 (saved best_model.pt)
2026-07-03 13:48:34,616 |   -> New best val loss: 21.5473 (saved best_model.pt)
2026-07-03 13:48:36,157 |   -> New best val loss: 21.4794 (saved best_model.pt)
2026-07-03 13:48:37,911 | Epoch  330/1000 | kl_g0_w=1.00 kl_u_w=1.00 | train=21.7474 (recon=13.0312, kl_g0=5.4401, kl_u=3.2762, cls=0.7012) | val=21.3964 | lr=1.00e-04
2026-07-03 13:48:37,926 |   -> New best val loss: 21.3964 (saved best_model.pt)
2026-07-03 13:48:40,075 |   -> New best val loss: 21.3808 (saved best_model.pt)
2026-07-03 13:48:41,656 |   -> New best val loss: 21.2386 (saved best_model.pt)
2026-07-03 13:48:43,312 |   -> New best val loss: 21.1860 (saved best_model.pt)
2026-07-03 13:48:50,809 |   -> New best val loss: 21.0869 (saved best_model.pt)
2026-07-03 13:48:52,722 |   -> New best val loss: 21.0281 (saved best_model.pt)
2026-07-03 13:48:56,661 |   -> New best val loss: 20.9131 (saved best_model.pt)
2026-07-03 13:48:58,599 | Epoch  340/1000 | kl_g0_w=1.00 kl_u_w=1.00 | train=21.1805 (recon=12.6193, kl_g0=5.3326, kl_u=3.2286, cls=0.7020) | val=20.8505 | lr=1.00e-04
2026-07-03 13:48:58,622 |   -> New best val loss: 20.8505 (saved best_model.pt)
2026-07-03 13:49:00,858 |   -> New best val loss: 20.7483 (saved best_model.pt)
2026-07-03 13:49:02,891 |   -> New best val loss: 20.7201 (saved best_model.pt)
2026-07-03 13:49:04,583 |   -> New best val loss: 20.6770 (saved best_model.pt)
2026-07-03 13:49:06,592 |   -> New best val loss: 20.6173 (saved best_model.pt)
2026-07-03 13:49:10,692 |   -> New best val loss: 20.5195 (saved best_model.pt)
2026-07-03 13:49:12,855 |   -> New best val loss: 20.5146 (saved best_model.pt)
2026-07-03 13:49:15,305 |   -> New best val loss: 20.4048 (saved best_model.pt)
2026-07-03 13:49:17,450 |   -> New best val loss: 20.2382 (saved best_model.pt)
2026-07-03 13:49:19,574 | Epoch  350/1000 | kl_g0_w=1.00 kl_u_w=1.00 | train=20.6423 (recon=12.2137, kl_g0=5.2259, kl_u=3.2027, cls=0.7023) | val=20.3144 | lr=1.00e-04
2026-07-03 13:49:22,226 |   -> New best val loss: 20.2372 (saved best_model.pt)
2026-07-03 13:49:23,988 |   -> New best val loss: 20.1956 (saved best_model.pt)
2026-07-03 13:49:27,766 |   -> New best val loss: 20.0679 (saved best_model.pt)
2026-07-03 13:49:29,443 |   -> New best val loss: 19.9520 (saved best_model.pt)
2026-07-03 13:49:33,245 |   -> New best val loss: 19.8222 (saved best_model.pt)
2026-07-03 13:49:38,079 |   -> New best val loss: 19.7738 (saved best_model.pt)
2026-07-03 13:49:39,859 | Epoch  360/1000 | kl_g0_w=1.00 kl_u_w=1.00 | train=20.1135 (recon=11.8117, kl_g0=5.0915, kl_u=3.2104, cls=0.7009) | val=19.7584 | lr=1.00e-04
2026-07-03 13:49:39,877 |   -> New best val loss: 19.7584 (saved best_model.pt)
2026-07-03 13:49:41,404 |   -> New best val loss: 19.6702 (saved best_model.pt)
2026-07-03 13:49:43,802 |   -> New best val loss: 19.6634 (saved best_model.pt)
2026-07-03 13:49:46,181 |   -> New best val loss: 19.5411 (saved best_model.pt)
2026-07-03 13:49:49,718 |   -> New best val loss: 19.4378 (saved best_model.pt)
2026-07-03 13:49:52,009 |   -> New best val loss: 19.3857 (saved best_model.pt)
2026-07-03 13:49:55,700 |   -> New best val loss: 19.2959 (saved best_model.pt)
2026-07-03 13:50:00,278 | Epoch  370/1000 | kl_g0_w=1.00 kl_u_w=1.00 | train=19.5449 (recon=11.4457, kl_g0=4.9187, kl_u=3.1805, cls=0.7020) | val=19.2267 | lr=1.00e-04
2026-07-03 13:50:00,293 |   -> New best val loss: 19.2267 (saved best_model.pt)
2026-07-03 13:50:02,413 |   -> New best val loss: 19.1406 (saved best_model.pt)
2026-07-03 13:50:04,010 |   -> New best val loss: 19.1155 (saved best_model.pt)
2026-07-03 13:50:06,088 |   -> New best val loss: 19.0906 (saved best_model.pt)
2026-07-03 13:50:08,185 |   -> New best val loss: 18.9614 (saved best_model.pt)
2026-07-03 13:50:10,659 |   -> New best val loss: 18.9558 (saved best_model.pt)
2026-07-03 13:50:12,394 |   -> New best val loss: 18.9132 (saved best_model.pt)
2026-07-03 13:50:14,610 |   -> New best val loss: 18.8693 (saved best_model.pt)
2026-07-03 13:50:16,218 |   -> New best val loss: 18.7594 (saved best_model.pt)
2026-07-03 13:50:19,389 | Epoch  380/1000 | kl_g0_w=1.00 kl_u_w=1.00 | train=19.0143 (recon=11.0816, kl_g0=4.7669, kl_u=3.1659, cls=0.7025) | val=18.7440 | lr=1.00e-04
2026-07-03 13:50:19,406 |   -> New best val loss: 18.7440 (saved best_model.pt)
2026-07-03 13:50:21,414 |   -> New best val loss: 18.6369 (saved best_model.pt)
2026-07-03 13:50:23,121 |   -> New best val loss: 18.5927 (saved best_model.pt)
2026-07-03 13:50:25,210 |   -> New best val loss: 18.5069 (saved best_model.pt)
2026-07-03 13:50:30,591 |   -> New best val loss: 18.4877 (saved best_model.pt)
2026-07-03 13:50:32,731 |   -> New best val loss: 18.3394 (saved best_model.pt)
2026-07-03 13:50:37,646 |   -> New best val loss: 18.2530 (saved best_model.pt)
2026-07-03 13:50:40,087 | Epoch  390/1000 | kl_g0_w=1.00 kl_u_w=1.00 | train=18.6425 (recon=10.8696, kl_g0=4.6150, kl_u=3.1579, cls=0.7036) | val=18.2889 | lr=1.00e-04
2026-07-03 13:50:42,550 |   -> New best val loss: 18.1658 (saved best_model.pt)
2026-07-03 13:50:46,985 |   -> New best val loss: 18.1258 (saved best_model.pt)
2026-07-03 13:50:49,139 |   -> New best val loss: 18.0911 (saved best_model.pt)
2026-07-03 13:50:51,475 |   -> New best val loss: 17.9991 (saved best_model.pt)
2026-07-03 13:50:56,247 |   -> New best val loss: 17.8932 (saved best_model.pt)
2026-07-03 13:50:58,829 |   -> New best val loss: 17.8558 (saved best_model.pt)
2026-07-03 13:51:01,166 |   -> New best val loss: 17.8161 (saved best_model.pt)
2026-07-03 13:51:03,390 | Epoch  400/1000 | kl_g0_w=1.00 kl_u_w=1.00 | train=18.0720 (recon=10.5113, kl_g0=4.4358, kl_u=3.1249, cls=0.7033) | val=17.7659 | lr=1.00e-04
2026-07-03 13:51:03,405 |   -> New best val loss: 17.7659 (saved best_model.pt)
2026-07-03 13:51:05,809 |   -> New best val loss: 17.7429 (saved best_model.pt)
2026-07-03 13:51:08,163 |   -> New best val loss: 17.7176 (saved best_model.pt)
2026-07-03 13:51:10,752 |   -> New best val loss: 17.6278 (saved best_model.pt)
2026-07-03 13:51:12,497 |   -> New best val loss: 17.5169 (saved best_model.pt)
2026-07-03 13:51:14,272 |   -> New best val loss: 17.4693 (saved best_model.pt)
2026-07-03 13:51:15,950 |   -> New best val loss: 17.4080 (saved best_model.pt)
2026-07-03 13:51:18,531 |   -> New best val loss: 17.3623 (saved best_model.pt)
2026-07-03 13:51:23,125 |   -> New best val loss: 17.3134 (saved best_model.pt)
2026-07-03 13:51:24,689 | Epoch  410/1000 | kl_g0_w=1.00 kl_u_w=1.00 | train=17.6364 (recon=10.2757, kl_g0=4.2495, kl_u=3.1112, cls=0.7049) | val=17.3141 | lr=1.00e-04
2026-07-03 13:51:26,260 |   -> New best val loss: 17.1916 (saved best_model.pt)
2026-07-03 13:51:32,632 |   -> New best val loss: 17.1421 (saved best_model.pt)
2026-07-03 13:51:34,234 |   -> New best val loss: 17.0784 (saved best_model.pt)
2026-07-03 13:51:35,944 |   -> New best val loss: 16.9995 (saved best_model.pt)
2026-07-03 13:51:37,885 |   -> New best val loss: 16.9520 (saved best_model.pt)
2026-07-03 13:51:39,653 |   -> New best val loss: 16.9014 (saved best_model.pt)
2026-07-03 13:51:42,034 |   -> New best val loss: 16.8555 (saved best_model.pt)
2026-07-03 13:51:44,033 | Epoch  420/1000 | kl_g0_w=1.00 kl_u_w=1.00 | train=17.1410 (recon=10.0036, kl_g0=4.0511, kl_u=3.0863, cls=0.7043) | val=16.8098 | lr=1.00e-04
2026-07-03 13:51:44,050 |   -> New best val loss: 16.8098 (saved best_model.pt)
2026-07-03 13:51:45,622 |   -> New best val loss: 16.8027 (saved best_model.pt)
2026-07-03 13:51:47,385 |   -> New best val loss: 16.7517 (saved best_model.pt)
2026-07-03 13:51:49,671 |   -> New best val loss: 16.7061 (saved best_model.pt)
2026-07-03 13:51:51,436 |   -> New best val loss: 16.5986 (saved best_model.pt)
2026-07-03 13:51:53,520 |   -> New best val loss: 16.5176 (saved best_model.pt)
2026-07-03 13:51:57,279 |   -> New best val loss: 16.4353 (saved best_model.pt)
2026-07-03 13:51:59,232 |   -> New best val loss: 16.4114 (saved best_model.pt)
2026-07-03 13:52:01,572 |   -> New best val loss: 16.3708 (saved best_model.pt)
2026-07-03 13:52:03,129 | Epoch  430/1000 | kl_g0_w=1.00 kl_u_w=1.00 | train=16.6580 (recon=9.7897, kl_g0=3.7949, kl_u=3.0733, cls=0.7054) | val=16.3536 | lr=1.00e-04
2026-07-03 13:52:03,146 |   -> New best val loss: 16.3536 (saved best_model.pt)
2026-07-03 13:52:05,011 |   -> New best val loss: 16.2621 (saved best_model.pt)
2026-07-03 13:52:06,818 |   -> New best val loss: 16.2107 (saved best_model.pt)
2026-07-03 13:52:08,701 |   -> New best val loss: 16.1937 (saved best_model.pt)
2026-07-03 13:52:13,685 |   -> New best val loss: 16.1074 (saved best_model.pt)
2026-07-03 13:52:16,049 |   -> New best val loss: 16.0335 (saved best_model.pt)
2026-07-03 13:52:18,241 |   -> New best val loss: 16.0099 (saved best_model.pt)
2026-07-03 13:52:20,007 |   -> New best val loss: 15.9273 (saved best_model.pt)
2026-07-03 13:52:21,695 |   -> New best val loss: 15.8978 (saved best_model.pt)
2026-07-03 13:52:23,924 | Epoch  440/1000 | kl_g0_w=1.00 kl_u_w=1.00 | train=16.1951 (recon=9.5953, kl_g0=3.5457, kl_u=3.0541, cls=0.7055) | val=15.8442 | lr=1.00e-04
2026-07-03 13:52:23,950 |   -> New best val loss: 15.8442 (saved best_model.pt)
2026-07-03 13:52:25,747 |   -> New best val loss: 15.8310 (saved best_model.pt)
2026-07-03 13:52:28,971 |   -> New best val loss: 15.7811 (saved best_model.pt)
2026-07-03 13:52:31,181 |   -> New best val loss: 15.6826 (saved best_model.pt)
2026-07-03 13:52:32,778 |   -> New best val loss: 15.6392 (saved best_model.pt)
2026-07-03 13:52:34,683 |   -> New best val loss: 15.5395 (saved best_model.pt)
2026-07-03 13:52:37,790 |   -> New best val loss: 15.4901 (saved best_model.pt)
2026-07-03 13:52:40,141 |   -> New best val loss: 15.4548 (saved best_model.pt)
2026-07-03 13:52:42,609 | Epoch  450/1000 | kl_g0_w=1.00 kl_u_w=1.00 | train=15.7368 (recon=9.3761, kl_g0=3.3437, kl_u=3.0170, cls=0.7074) | val=15.4108 | lr=1.00e-04
2026-07-03 13:52:42,626 |   -> New best val loss: 15.4108 (saved best_model.pt)
2026-07-03 13:52:44,366 |   -> New best val loss: 15.3823 (saved best_model.pt)
2026-07-03 13:52:46,641 |   -> New best val loss: 15.3415 (saved best_model.pt)
2026-07-03 13:52:48,180 |   -> New best val loss: 15.3025 (saved best_model.pt)
2026-07-03 13:52:49,890 |   -> New best val loss: 15.2500 (saved best_model.pt)
2026-07-03 13:52:51,439 |   -> New best val loss: 15.2042 (saved best_model.pt)
2026-07-03 13:52:53,500 |   -> New best val loss: 15.1253 (saved best_model.pt)
2026-07-03 13:52:55,566 |   -> New best val loss: 15.0774 (saved best_model.pt)
2026-07-03 13:52:58,105 |   -> New best val loss: 15.0451 (saved best_model.pt)
2026-07-03 13:53:00,277 |   -> New best val loss: 14.9675 (saved best_model.pt)
2026-07-03 13:53:02,661 | Epoch  460/1000 | kl_g0_w=1.00 kl_u_w=1.00 | train=15.2480 (recon=9.2141, kl_g0=3.0411, kl_u=2.9928, cls=0.7071) | val=14.9092 | lr=1.00e-04
2026-07-03 13:53:02,686 |   -> New best val loss: 14.9092 (saved best_model.pt)
2026-07-03 13:53:05,273 |   -> New best val loss: 14.9028 (saved best_model.pt)
2026-07-03 13:53:07,806 |   -> New best val loss: 14.8908 (saved best_model.pt)
2026-07-03 13:53:09,443 |   -> New best val loss: 14.7969 (saved best_model.pt)
2026-07-03 13:53:11,852 |   -> New best val loss: 14.7443 (saved best_model.pt)
2026-07-03 13:53:14,172 |   -> New best val loss: 14.6141 (saved best_model.pt)
2026-07-03 13:53:16,139 |   -> New best val loss: 14.5929 (saved best_model.pt)
2026-07-03 13:53:21,630 |   -> New best val loss: 14.4977 (saved best_model.pt)
2026-07-03 13:53:24,108 | Epoch  470/1000 | kl_g0_w=1.00 kl_u_w=1.00 | train=14.7555 (recon=9.0230, kl_g0=2.7567, kl_u=2.9758, cls=0.7087) | val=14.4188 | lr=1.00e-04
2026-07-03 13:53:24,133 |   -> New best val loss: 14.4188 (saved best_model.pt)
2026-07-03 13:53:26,418 |   -> New best val loss: 14.3837 (saved best_model.pt)
2026-07-03 13:53:30,939 |   -> New best val loss: 14.3776 (saved best_model.pt)
2026-07-03 13:53:32,588 |   -> New best val loss: 14.2808 (saved best_model.pt)
2026-07-03 13:53:34,146 |   -> New best val loss: 14.2101 (saved best_model.pt)
2026-07-03 13:53:35,926 |   -> New best val loss: 14.1514 (saved best_model.pt)
2026-07-03 13:53:39,447 |   -> New best val loss: 14.1276 (saved best_model.pt)
2026-07-03 13:53:41,453 |   -> New best val loss: 14.0554 (saved best_model.pt)
2026-07-03 13:53:42,980 | Epoch  480/1000 | kl_g0_w=1.00 kl_u_w=1.00 | train=14.3351 (recon=8.8940, kl_g0=2.4896, kl_u=2.9515, cls=0.7109) | val=13.9729 | lr=1.00e-04
2026-07-03 13:53:42,996 |   -> New best val loss: 13.9729 (saved best_model.pt)
2026-07-03 13:53:45,231 |   -> New best val loss: 13.9394 (saved best_model.pt)
2026-07-03 13:53:47,175 |   -> New best val loss: 13.8714 (saved best_model.pt)
2026-07-03 13:53:48,693 |   -> New best val loss: 13.8389 (saved best_model.pt)
2026-07-03 13:53:51,163 |   -> New best val loss: 13.7998 (saved best_model.pt)
2026-07-03 13:53:53,580 |   -> New best val loss: 13.7461 (saved best_model.pt)
2026-07-03 13:53:55,921 |   -> New best val loss: 13.7035 (saved best_model.pt)
2026-07-03 13:53:57,670 |   -> New best val loss: 13.6227 (saved best_model.pt)
2026-07-03 13:53:59,294 |   -> New best val loss: 13.5797 (saved best_model.pt)
2026-07-03 13:54:04,258 | Epoch  490/1000 | kl_g0_w=1.00 kl_u_w=1.00 | train=13.8772 (recon=8.7225, kl_g0=2.2266, kl_u=2.9281, cls=0.7130) | val=13.5315 | lr=1.00e-04
2026-07-03 13:54:04,276 |   -> New best val loss: 13.5315 (saved best_model.pt)
2026-07-03 13:54:06,448 |   -> New best val loss: 13.4443 (saved best_model.pt)
2026-07-03 13:54:08,052 |   -> New best val loss: 13.4049 (saved best_model.pt)
2026-07-03 13:54:12,318 |   -> New best val loss: 13.3621 (saved best_model.pt)
2026-07-03 13:54:14,274 |   -> New best val loss: 13.2974 (saved best_model.pt)
2026-07-03 13:54:16,672 |   -> New best val loss: 13.2079 (saved best_model.pt)
2026-07-03 13:54:18,413 |   -> New best val loss: 13.1061 (saved best_model.pt)
2026-07-03 13:54:20,396 |   -> New best val loss: 13.0895 (saved best_model.pt)
2026-07-03 13:54:24,066 | Epoch  500/1000 | kl_g0_w=1.00 kl_u_w=1.00 | train=13.3605 (recon=8.5166, kl_g0=1.9321, kl_u=2.9117, cls=0.7142) | val=13.0801 | lr=1.00e-04
2026-07-03 13:54:24,092 |   -> New best val loss: 13.0801 (saved best_model.pt)
2026-07-03 13:54:26,261 |   -> New best val loss: 13.0288 (saved best_model.pt)
2026-07-03 13:54:28,165 |   -> New best val loss: 12.9512 (saved best_model.pt)
2026-07-03 13:54:30,684 |   -> New best val loss: 12.9360 (saved best_model.pt)
2026-07-03 13:54:32,515 |   -> New best val loss: 12.8965 (saved best_model.pt)
2026-07-03 13:54:34,676 |   -> New best val loss: 12.8387 (saved best_model.pt)
2026-07-03 13:54:38,956 |   -> New best val loss: 12.7691 (saved best_model.pt)
2026-07-03 13:54:40,692 |   -> New best val loss: 12.7489 (saved best_model.pt)
2026-07-03 13:54:42,493 |   -> New best val loss: 12.6752 (saved best_model.pt)
2026-07-03 13:54:44,923 | Epoch  510/1000 | kl_g0_w=1.00 kl_u_w=1.00 | train=12.9795 (recon=8.3906, kl_g0=1.6872, kl_u=2.9017, cls=0.7170) | val=12.6447 | lr=1.00e-04
2026-07-03 13:54:44,948 |   -> New best val loss: 12.6447 (saved best_model.pt)
2026-07-03 13:54:46,586 |   -> New best val loss: 12.6217 (saved best_model.pt)
2026-07-03 13:54:48,083 |   -> New best val loss: 12.5343 (saved best_model.pt)
2026-07-03 13:54:49,903 |   -> New best val loss: 12.5133 (saved best_model.pt)
2026-07-03 13:54:51,854 |   -> New best val loss: 12.4611 (saved best_model.pt)
2026-07-03 13:54:54,165 |   -> New best val loss: 12.4606 (saved best_model.pt)
2026-07-03 13:54:56,008 |   -> New best val loss: 12.4057 (saved best_model.pt)
2026-07-03 13:54:57,816 |   -> New best val loss: 12.3820 (saved best_model.pt)
2026-07-03 13:54:59,358 |   -> New best val loss: 12.3194 (saved best_model.pt)
2026-07-03 13:55:01,291 |   -> New best val loss: 12.3006 (saved best_model.pt)
2026-07-03 13:55:02,859 | Epoch  520/1000 | kl_g0_w=1.00 kl_u_w=1.00 | train=12.5651 (recon=8.2328, kl_g0=1.4549, kl_u=2.8774, cls=0.7184) | val=12.2452 | lr=1.00e-04
2026-07-03 13:55:02,877 |   -> New best val loss: 12.2452 (saved best_model.pt)
2026-07-03 13:55:05,256 |   -> New best val loss: 12.2447 (saved best_model.pt)
2026-07-03 13:55:07,594 |   -> New best val loss: 12.2072 (saved best_model.pt)
2026-07-03 13:55:09,987 |   -> New best val loss: 12.1526 (saved best_model.pt)
2026-07-03 13:55:12,304 |   -> New best val loss: 12.1172 (saved best_model.pt)
2026-07-03 13:55:14,057 |   -> New best val loss: 12.0565 (saved best_model.pt)
2026-07-03 13:55:16,267 |   -> New best val loss: 12.0087 (saved best_model.pt)
2026-07-03 13:55:18,079 |   -> New best val loss: 12.0039 (saved best_model.pt)
2026-07-03 13:55:20,205 |   -> New best val loss: 11.9532 (saved best_model.pt)
2026-07-03 13:55:22,068 |   -> New best val loss: 11.9491 (saved best_model.pt)
2026-07-03 13:55:24,462 | Epoch  530/1000 | kl_g0_w=1.00 kl_u_w=1.00 | train=12.1831 (recon=8.0543, kl_g0=1.2429, kl_u=2.8859, cls=0.7213) | val=11.9108 | lr=1.00e-04
2026-07-03 13:55:24,488 |   -> New best val loss: 11.9108 (saved best_model.pt)
2026-07-03 13:55:26,972 |   -> New best val loss: 11.8685 (saved best_model.pt)
2026-07-03 13:55:29,523 |   -> New best val loss: 11.8227 (saved best_model.pt)
2026-07-03 13:55:31,347 |   -> New best val loss: 11.8049 (saved best_model.pt)
2026-07-03 13:55:33,688 |   -> New best val loss: 11.7760 (saved best_model.pt)
2026-07-03 13:55:36,130 |   -> New best val loss: 11.7515 (saved best_model.pt)
2026-07-03 13:55:37,673 |   -> New best val loss: 11.6903 (saved best_model.pt)
2026-07-03 13:55:39,507 |   -> New best val loss: 11.6629 (saved best_model.pt)
2026-07-03 13:55:41,795 |   -> New best val loss: 11.6095 (saved best_model.pt)
2026-07-03 13:55:46,497 | Epoch  540/1000 | kl_g0_w=1.00 kl_u_w=1.00 | train=11.8374 (recon=7.8955, kl_g0=1.0702, kl_u=2.8717, cls=0.7246) | val=11.5915 | lr=1.00e-04
2026-07-03 13:55:46,522 |   -> New best val loss: 11.5915 (saved best_model.pt)
2026-07-03 13:55:48,885 |   -> New best val loss: 11.5789 (saved best_model.pt)
2026-07-03 13:55:50,872 |   -> New best val loss: 11.5354 (saved best_model.pt)
2026-07-03 13:55:53,300 |   -> New best val loss: 11.5174 (saved best_model.pt)
2026-07-03 13:55:55,656 |   -> New best val loss: 11.4756 (saved best_model.pt)
2026-07-03 13:55:57,942 |   -> New best val loss: 11.4629 (saved best_model.pt)
2026-07-03 13:56:00,070 |   -> New best val loss: 11.4428 (saved best_model.pt)
2026-07-03 13:56:02,600 |   -> New best val loss: 11.4316 (saved best_model.pt)
2026-07-03 13:56:04,146 |   -> New best val loss: 11.3900 (saved best_model.pt)
2026-07-03 13:56:05,694 |   -> New best val loss: 11.3500 (saved best_model.pt)
2026-07-03 13:56:07,271 | Epoch  550/1000 | kl_g0_w=1.00 kl_u_w=1.00 | train=11.5221 (recon=7.7451, kl_g0=0.9192, kl_u=2.8577, cls=0.7265) | val=11.3378 | lr=1.00e-04
2026-07-03 13:56:07,288 |   -> New best val loss: 11.3378 (saved best_model.pt)
2026-07-03 13:56:09,194 |   -> New best val loss: 11.3171 (saved best_model.pt)
2026-07-03 13:56:11,526 |   -> New best val loss: 11.2918 (saved best_model.pt)
2026-07-03 13:56:13,101 |   -> New best val loss: 11.2644 (saved best_model.pt)
2026-07-03 13:56:14,645 |   -> New best val loss: 11.2404 (saved best_model.pt)
2026-07-03 13:56:16,424 |   -> New best val loss: 11.2133 (saved best_model.pt)
2026-07-03 13:56:18,659 |   -> New best val loss: 11.1849 (saved best_model.pt)
2026-07-03 13:56:21,012 |   -> New best val loss: 11.1487 (saved best_model.pt)
2026-07-03 13:56:23,233 |   -> New best val loss: 11.1359 (saved best_model.pt)
2026-07-03 13:56:25,187 |   -> New best val loss: 11.1305 (saved best_model.pt)
2026-07-03 13:56:26,710 | Epoch  560/1000 | kl_g0_w=1.00 kl_u_w=1.00 | train=11.2637 (recon=7.5939, kl_g0=0.8020, kl_u=2.8678, cls=0.7292) | val=11.1110 | lr=1.00e-04
2026-07-03 13:56:26,729 |   -> New best val loss: 11.1110 (saved best_model.pt)
2026-07-03 13:56:29,210 |   -> New best val loss: 11.0656 (saved best_model.pt)
2026-07-03 13:56:30,846 |   -> New best val loss: 11.0506 (saved best_model.pt)
2026-07-03 13:56:33,249 |   -> New best val loss: 11.0383 (saved best_model.pt)
2026-07-03 13:56:35,262 |   -> New best val loss: 11.0290 (saved best_model.pt)
2026-07-03 13:56:37,366 |   -> New best val loss: 10.9977 (saved best_model.pt)
2026-07-03 13:56:39,518 |   -> New best val loss: 10.9782 (saved best_model.pt)
2026-07-03 13:56:41,678 |   -> New best val loss: 10.9647 (saved best_model.pt)
2026-07-03 13:56:44,117 |   -> New best val loss: 10.9498 (saved best_model.pt)
2026-07-03 13:56:46,433 |   -> New best val loss: 10.9244 (saved best_model.pt)
2026-07-03 13:56:48,175 | Epoch  570/1000 | kl_g0_w=1.00 kl_u_w=1.00 | train=11.0658 (recon=7.4948, kl_g0=0.7090, kl_u=2.8620, cls=0.7323) | val=10.9119 | lr=1.00e-04
2026-07-03 13:56:48,202 |   -> New best val loss: 10.9119 (saved best_model.pt)
2026-07-03 13:56:50,542 |   -> New best val loss: 10.8991 (saved best_model.pt)
2026-07-03 13:56:53,112 |   -> New best val loss: 10.8917 (saved best_model.pt)
2026-07-03 13:56:55,667 |   -> New best val loss: 10.8735 (saved best_model.pt)
2026-07-03 13:56:57,597 |   -> New best val loss: 10.8418 (saved best_model.pt)
2026-07-03 13:56:59,558 |   -> New best val loss: 10.8165 (saved best_model.pt)
2026-07-03 13:57:01,502 |   -> New best val loss: 10.8158 (saved best_model.pt)
2026-07-03 13:57:03,980 |   -> New best val loss: 10.7988 (saved best_model.pt)
2026-07-03 13:57:06,208 |   -> New best val loss: 10.7818 (saved best_model.pt)
2026-07-03 13:57:08,150 |   -> New best val loss: 10.7573 (saved best_model.pt)
2026-07-03 13:57:10,208 | Epoch  580/1000 | kl_g0_w=1.00 kl_u_w=1.00 | train=10.8134 (recon=7.3327, kl_g0=0.6314, kl_u=2.8493, cls=0.7350) | val=10.7476 | lr=1.00e-04
2026-07-03 13:57:10,232 |   -> New best val loss: 10.7476 (saved best_model.pt)
2026-07-03 13:57:12,015 |   -> New best val loss: 10.7106 (saved best_model.pt)
2026-07-03 13:57:13,767 |   -> New best val loss: 10.6937 (saved best_model.pt)
2026-07-03 13:57:17,170 |   -> New best val loss: 10.6912 (saved best_model.pt)
2026-07-03 13:57:19,415 |   -> New best val loss: 10.6791 (saved best_model.pt)
2026-07-03 13:57:21,164 |   -> New best val loss: 10.6666 (saved best_model.pt)
2026-07-03 13:57:23,342 |   -> New best val loss: 10.6522 (saved best_model.pt)
2026-07-03 13:57:25,871 |   -> New best val loss: 10.6386 (saved best_model.pt)
2026-07-03 13:57:27,447 |   -> New best val loss: 10.6310 (saved best_model.pt)
2026-07-03 13:57:28,989 | Epoch  590/1000 | kl_g0_w=1.00 kl_u_w=1.00 | train=10.5389 (recon=7.1297, kl_g0=0.5760, kl_u=2.8332, cls=0.7363) | val=10.6071 | lr=1.00e-04
2026-07-03 13:57:29,007 |   -> New best val loss: 10.6071 (saved best_model.pt)
2026-07-03 13:57:33,743 |   -> New best val loss: 10.5917 (saved best_model.pt)
2026-07-03 13:57:38,313 |   -> New best val loss: 10.5716 (saved best_model.pt)
2026-07-03 13:57:40,538 |   -> New best val loss: 10.5697 (saved best_model.pt)
2026-07-03 13:57:42,933 |   -> New best val loss: 10.5388 (saved best_model.pt)
2026-07-03 13:57:45,022 |   -> New best val loss: 10.5376 (saved best_model.pt)
2026-07-03 13:57:47,492 |   -> New best val loss: 10.5211 (saved best_model.pt)
2026-07-03 13:57:52,339 | Epoch  600/1000 | kl_g0_w=1.00 kl_u_w=1.00 | train=10.4594 (recon=7.0823, kl_g0=0.5457, kl_u=2.8313, cls=0.7385) | val=10.4982 | lr=1.00e-04
2026-07-03 13:57:52,363 |   -> New best val loss: 10.4982 (saved best_model.pt)
2026-07-03 13:57:54,559 |   -> New best val loss: 10.4928 (saved best_model.pt)
2026-07-03 13:57:56,887 |   -> New best val loss: 10.4650 (saved best_model.pt)
2026-07-03 13:58:00,985 |   -> New best val loss: 10.4617 (saved best_model.pt)
2026-07-03 13:58:02,834 |   -> New best val loss: 10.4592 (saved best_model.pt)
2026-07-03 13:58:04,515 |   -> New best val loss: 10.4149 (saved best_model.pt)
2026-07-03 13:58:06,391 |   -> New best val loss: 10.4121 (saved best_model.pt)
2026-07-03 13:58:13,961 | Epoch  610/1000 | kl_g0_w=1.00 kl_u_w=1.00 | train=10.3009 (recon=6.9573, kl_g0=0.5161, kl_u=2.8274, cls=0.7404) | val=10.4008 | lr=1.00e-04
2026-07-03 13:58:13,984 |   -> New best val loss: 10.4008 (saved best_model.pt)
2026-07-03 13:58:17,904 |   -> New best val loss: 10.3835 (saved best_model.pt)
2026-07-03 13:58:22,122 |   -> New best val loss: 10.3790 (saved best_model.pt)
2026-07-03 13:58:23,886 |   -> New best val loss: 10.3588 (saved best_model.pt)
2026-07-03 13:58:25,662 |   -> New best val loss: 10.3497 (saved best_model.pt)
2026-07-03 13:58:27,283 |   -> New best val loss: 10.3414 (saved best_model.pt)
2026-07-03 13:58:31,629 |   -> New best val loss: 10.3351 (saved best_model.pt)
2026-07-03 13:58:33,194 | Epoch  620/1000 | kl_g0_w=1.00 kl_u_w=1.00 | train=10.1428 (recon=6.8194, kl_g0=0.4951, kl_u=2.8283, cls=0.7414) | val=10.3182 | lr=1.00e-04
2026-07-03 13:58:33,209 |   -> New best val loss: 10.3182 (saved best_model.pt)
2026-07-03 13:58:34,906 |   -> New best val loss: 10.2945 (saved best_model.pt)
2026-07-03 13:58:41,022 |   -> New best val loss: 10.2932 (saved best_model.pt)
2026-07-03 13:58:42,995 |   -> New best val loss: 10.2614 (saved best_model.pt)
2026-07-03 13:58:45,561 |   -> New best val loss: 10.2542 (saved best_model.pt)
2026-07-03 13:58:50,131 |   -> New best val loss: 10.2412 (saved best_model.pt)
2026-07-03 13:58:55,093 | Epoch  630/1000 | kl_g0_w=1.00 kl_u_w=1.00 | train=10.0128 (recon=6.7081, kl_g0=0.4812, kl_u=2.8236, cls=0.7427) | val=10.2211 | lr=1.00e-04
2026-07-03 13:58:55,117 |   -> New best val loss: 10.2211 (saved best_model.pt)
2026-07-03 13:59:03,448 |   -> New best val loss: 10.2052 (saved best_model.pt)
2026-07-03 13:59:08,152 |   -> New best val loss: 10.1868 (saved best_model.pt)
2026-07-03 13:59:11,681 |   -> New best val loss: 10.1809 (saved best_model.pt)
2026-07-03 13:59:14,696 | Epoch  640/1000 | kl_g0_w=1.00 kl_u_w=1.00 | train=9.9528 (recon=6.6502, kl_g0=0.4750, kl_u=2.8275, cls=0.7444) | val=10.1715 | lr=1.00e-04
2026-07-03 13:59:14,719 |   -> New best val loss: 10.1715 (saved best_model.pt)
2026-07-03 13:59:18,846 |   -> New best val loss: 10.1353 (saved best_model.pt)
2026-07-03 13:59:23,398 |   -> New best val loss: 10.1313 (saved best_model.pt)
2026-07-03 13:59:29,057 |   -> New best val loss: 10.1279 (saved best_model.pt)
2026-07-03 13:59:31,622 |   -> New best val loss: 10.1141 (saved best_model.pt)
2026-07-03 13:59:33,264 |   -> New best val loss: 10.1021 (saved best_model.pt)
2026-07-03 13:59:34,839 | Epoch  650/1000 | kl_g0_w=1.00 kl_u_w=1.00 | train=9.8513 (recon=6.5680, kl_g0=0.4657, kl_u=2.8175, cls=0.7444) | val=10.1020 | lr=1.00e-04
2026-07-03 13:59:34,858 |   -> New best val loss: 10.1020 (saved best_model.pt)
2026-07-03 13:59:36,542 |   -> New best val loss: 10.0721 (saved best_model.pt)
2026-07-03 13:59:38,510 |   -> New best val loss: 10.0642 (saved best_model.pt)
2026-07-03 13:59:46,711 |   -> New best val loss: 10.0531 (saved best_model.pt)
2026-07-03 13:59:51,138 |   -> New best val loss: 10.0440 (saved best_model.pt)
2026-07-03 13:59:53,006 |   -> New best val loss: 10.0348 (saved best_model.pt)
2026-07-03 13:59:55,082 | Epoch  660/1000 | kl_g0_w=1.00 kl_u_w=1.00 | train=9.7681 (recon=6.4931, kl_g0=0.4588, kl_u=2.8162, cls=0.7468) | val=10.0471 | lr=1.00e-04
2026-07-03 13:59:57,302 |   -> New best val loss: 10.0301 (saved best_model.pt)
2026-07-03 14:00:02,035 |   -> New best val loss: 10.0065 (saved best_model.pt)
2026-07-03 14:00:03,952 |   -> New best val loss: 10.0045 (saved best_model.pt)
2026-07-03 14:00:05,836 |   -> New best val loss: 9.9937 (saved best_model.pt)
2026-07-03 14:00:08,194 |   -> New best val loss: 9.9879 (saved best_model.pt)
2026-07-03 14:00:10,078 |   -> New best val loss: 9.9781 (saved best_model.pt)
2026-07-03 14:00:17,698 | Epoch  670/1000 | kl_g0_w=1.00 kl_u_w=1.00 | train=9.6791 (recon=6.4081, kl_g0=0.4560, kl_u=2.8150, cls=0.7472) | val=9.9719 | lr=1.00e-04
2026-07-03 14:00:17,723 |   -> New best val loss: 9.9719 (saved best_model.pt)
2026-07-03 14:00:19,664 |   -> New best val loss: 9.9674 (saved best_model.pt)
2026-07-03 14:00:22,127 |   -> New best val loss: 9.9530 (saved best_model.pt)
2026-07-03 14:00:25,782 |   -> New best val loss: 9.9497 (saved best_model.pt)
2026-07-03 14:00:28,952 |   -> New best val loss: 9.9264 (saved best_model.pt)
2026-07-03 14:00:33,730 |   -> New best val loss: 9.9254 (saved best_model.pt)
2026-07-03 14:00:36,290 |   -> New best val loss: 9.9120 (saved best_model.pt)
2026-07-03 14:00:38,119 | Epoch  680/1000 | kl_g0_w=1.00 kl_u_w=1.00 | train=9.6074 (recon=6.3506, kl_g0=0.4506, kl_u=2.8063, cls=0.7463) | val=9.8881 | lr=1.00e-04
2026-07-03 14:00:38,135 |   -> New best val loss: 9.8881 (saved best_model.pt)
2026-07-03 14:00:48,295 |   -> New best val loss: 9.8633 (saved best_model.pt)
2026-07-03 14:00:56,579 |   -> New best val loss: 9.8631 (saved best_model.pt)
2026-07-03 14:00:59,895 | Epoch  690/1000 | kl_g0_w=1.00 kl_u_w=1.00 | train=9.5464 (recon=6.3038, kl_g0=0.4465, kl_u=2.7961, cls=0.7463) | val=9.8439 | lr=1.00e-04
2026-07-03 14:00:59,911 |   -> New best val loss: 9.8439 (saved best_model.pt)
2026-07-03 14:01:05,903 |   -> New best val loss: 9.8379 (saved best_model.pt)
2026-07-03 14:01:07,878 |   -> New best val loss: 9.8330 (saved best_model.pt)
2026-07-03 14:01:10,323 |   -> New best val loss: 9.8298 (saved best_model.pt)
2026-07-03 14:01:12,418 |   -> New best val loss: 9.8195 (saved best_model.pt)
2026-07-03 14:01:16,437 |   -> New best val loss: 9.8151 (saved best_model.pt)
2026-07-03 14:01:17,994 |   -> New best val loss: 9.8057 (saved best_model.pt)
2026-07-03 14:01:19,761 | Epoch  700/1000 | kl_g0_w=1.00 kl_u_w=1.00 | train=9.4786 (recon=6.2396, kl_g0=0.4396, kl_u=2.7994, cls=0.7475) | val=9.7897 | lr=1.00e-04
2026-07-03 14:01:19,785 |   -> New best val loss: 9.7897 (saved best_model.pt)
2026-07-03 14:01:26,757 |   -> New best val loss: 9.7831 (saved best_model.pt)
2026-07-03 14:01:31,612 |   -> New best val loss: 9.7677 (saved best_model.pt)
2026-07-03 14:01:36,152 |   -> New best val loss: 9.7509 (saved best_model.pt)
2026-07-03 14:01:40,143 |   -> New best val loss: 9.7406 (saved best_model.pt)
2026-07-03 14:01:41,753 | Epoch  710/1000 | kl_g0_w=1.00 kl_u_w=1.00 | train=9.4438 (recon=6.2032, kl_g0=0.4384, kl_u=2.8022, cls=0.7487) | val=9.7728 | lr=1.00e-04
2026-07-03 14:01:43,891 |   -> New best val loss: 9.7359 (saved best_model.pt)
2026-07-03 14:01:48,114 |   -> New best val loss: 9.7284 (saved best_model.pt)
2026-07-03 14:01:51,829 |   -> New best val loss: 9.7168 (saved best_model.pt)
2026-07-03 14:01:58,106 |   -> New best val loss: 9.7166 (saved best_model.pt)
2026-07-03 14:02:00,286 |   -> New best val loss: 9.6982 (saved best_model.pt)
2026-07-03 14:02:02,504 | Epoch  720/1000 | kl_g0_w=1.00 kl_u_w=1.00 | train=9.3502 (recon=6.1075, kl_g0=0.4382, kl_u=2.8045, cls=0.7471) | val=9.7079 | lr=1.00e-04
2026-07-03 14:02:04,433 |   -> New best val loss: 9.6770 (saved best_model.pt)
2026-07-03 14:02:07,875 |   -> New best val loss: 9.6747 (saved best_model.pt)
2026-07-03 14:02:10,326 |   -> New best val loss: 9.6724 (saved best_model.pt)
2026-07-03 14:02:12,697 |   -> New best val loss: 9.6574 (saved best_model.pt)
2026-07-03 14:02:21,512 | Epoch  730/1000 | kl_g0_w=1.00 kl_u_w=1.00 | train=9.2967 (recon=6.0608, kl_g0=0.4353, kl_u=2.8005, cls=0.7470) | val=9.6503 | lr=1.00e-04
2026-07-03 14:02:21,527 |   -> New best val loss: 9.6503 (saved best_model.pt)
2026-07-03 14:02:23,976 |   -> New best val loss: 9.6304 (saved best_model.pt)
2026-07-03 14:02:29,044 |   -> New best val loss: 9.6279 (saved best_model.pt)
2026-07-03 14:02:33,772 |   -> New best val loss: 9.6132 (saved best_model.pt)
2026-07-03 14:02:35,811 |   -> New best val loss: 9.6130 (saved best_model.pt)
2026-07-03 14:02:39,797 |   -> New best val loss: 9.6116 (saved best_model.pt)
2026-07-03 14:02:43,034 | Epoch  740/1000 | kl_g0_w=1.00 kl_u_w=1.00 | train=9.2264 (recon=5.9887, kl_g0=0.4341, kl_u=2.8035, cls=0.7476) | val=9.5931 | lr=1.00e-04
2026-07-03 14:02:43,055 |   -> New best val loss: 9.5931 (saved best_model.pt)
2026-07-03 14:02:45,601 |   -> New best val loss: 9.5884 (saved best_model.pt)
2026-07-03 14:02:48,043 |   -> New best val loss: 9.5672 (saved best_model.pt)
2026-07-03 14:02:56,677 |   -> New best val loss: 9.5568 (saved best_model.pt)
2026-07-03 14:03:04,889 | Epoch  750/1000 | kl_g0_w=1.00 kl_u_w=1.00 | train=9.1778 (recon=5.9401, kl_g0=0.4321, kl_u=2.8056, cls=0.7470) | val=9.5353 | lr=1.00e-04
2026-07-03 14:03:04,914 |   -> New best val loss: 9.5353 (saved best_model.pt)
2026-07-03 14:03:08,611 |   -> New best val loss: 9.5209 (saved best_model.pt)
2026-07-03 14:03:12,193 |   -> New best val loss: 9.5121 (saved best_model.pt)
2026-07-03 14:03:13,819 |   -> New best val loss: 9.5104 (saved best_model.pt)
2026-07-03 14:03:15,552 |   -> New best val loss: 9.4865 (saved best_model.pt)
2026-07-03 14:03:23,915 | Epoch  760/1000 | kl_g0_w=1.00 kl_u_w=1.00 | train=9.1067 (recon=5.8684, kl_g0=0.4299, kl_u=2.8085, cls=0.7473) | val=9.4957 | lr=1.00e-04
2026-07-03 14:03:31,693 |   -> New best val loss: 9.4679 (saved best_model.pt)
2026-07-03 14:03:33,224 |   -> New best val loss: 9.4595 (saved best_model.pt)
2026-07-03 14:03:40,146 |   -> New best val loss: 9.4382 (saved best_model.pt)
2026-07-03 14:03:42,383 | Epoch  770/1000 | kl_g0_w=1.00 kl_u_w=1.00 | train=9.0684 (recon=5.8393, kl_g0=0.4283, kl_u=2.8008, cls=0.7478) | val=9.4472 | lr=1.00e-04
2026-07-03 14:03:52,061 |   -> New best val loss: 9.4364 (saved best_model.pt)
2026-07-03 14:03:53,758 |   -> New best val loss: 9.4252 (saved best_model.pt)
2026-07-03 14:03:57,569 |   -> New best val loss: 9.4243 (saved best_model.pt)
2026-07-03 14:03:59,169 |   -> New best val loss: 9.4092 (saved best_model.pt)
2026-07-03 14:04:02,311 | Epoch  780/1000 | kl_g0_w=1.00 kl_u_w=1.00 | train=9.0135 (recon=5.7793, kl_g0=0.4285, kl_u=2.8057, cls=0.7480) | val=9.4043 | lr=1.00e-04
2026-07-03 14:04:02,329 |   -> New best val loss: 9.4043 (saved best_model.pt)
2026-07-03 14:04:09,055 |   -> New best val loss: 9.4019 (saved best_model.pt)
2026-07-03 14:04:10,908 |   -> New best val loss: 9.3850 (saved best_model.pt)
2026-07-03 14:04:15,077 |   -> New best val loss: 9.3809 (saved best_model.pt)
2026-07-03 14:04:17,217 |   -> New best val loss: 9.3646 (saved best_model.pt)
2026-07-03 14:04:21,518 |   -> New best val loss: 9.3631 (saved best_model.pt)
2026-07-03 14:04:23,507 | Epoch  790/1000 | kl_g0_w=1.00 kl_u_w=1.00 | train=8.9767 (recon=5.7484, kl_g0=0.4249, kl_u=2.8033, cls=0.7491) | val=9.3751 | lr=1.00e-04
2026-07-03 14:04:25,868 |   -> New best val loss: 9.3560 (saved best_model.pt)
2026-07-03 14:04:30,015 |   -> New best val loss: 9.3390 (saved best_model.pt)
2026-07-03 14:04:33,112 |   -> New best val loss: 9.3351 (saved best_model.pt)
2026-07-03 14:04:37,465 |   -> New best val loss: 9.3282 (saved best_model.pt)
2026-07-03 14:04:39,595 |   -> New best val loss: 9.3207 (saved best_model.pt)
2026-07-03 14:04:43,892 | Epoch  800/1000 | kl_g0_w=1.00 kl_u_w=1.00 | train=8.9330 (recon=5.7047, kl_g0=0.4222, kl_u=2.8060, cls=0.7480) | val=9.3108 | lr=1.00e-04
2026-07-03 14:04:43,910 |   -> New best val loss: 9.3108 (saved best_model.pt)
2026-07-03 14:04:45,824 |   -> New best val loss: 9.3099 (saved best_model.pt)
2026-07-03 14:04:48,160 |   -> New best val loss: 9.3067 (saved best_model.pt)
2026-07-03 14:04:50,382 |   -> New best val loss: 9.2904 (saved best_model.pt)
2026-07-03 14:04:53,859 |   -> New best val loss: 9.2806 (saved best_model.pt)
2026-07-03 14:04:59,226 |   -> New best val loss: 9.2794 (saved best_model.pt)
2026-07-03 14:05:03,749 | Epoch  810/1000 | kl_g0_w=1.00 kl_u_w=1.00 | train=8.9024 (recon=5.6718, kl_g0=0.4239, kl_u=2.8067, cls=0.7479) | val=9.2580 | lr=1.00e-04
2026-07-03 14:05:03,766 |   -> New best val loss: 9.2580 (saved best_model.pt)
2026-07-03 14:05:08,488 |   -> New best val loss: 9.2521 (saved best_model.pt)
2026-07-03 14:05:12,941 |   -> New best val loss: 9.2487 (saved best_model.pt)
2026-07-03 14:05:16,826 |   -> New best val loss: 9.2336 (saved best_model.pt)
2026-07-03 14:05:19,382 |   -> New best val loss: 9.2310 (saved best_model.pt)
2026-07-03 14:05:24,660 | Epoch  820/1000 | kl_g0_w=1.00 kl_u_w=1.00 | train=8.8150 (recon=5.5901, kl_g0=0.4222, kl_u=2.8026, cls=0.7489) | val=9.2219 | lr=1.00e-04
2026-07-03 14:05:24,676 |   -> New best val loss: 9.2219 (saved best_model.pt)
2026-07-03 14:05:28,847 |   -> New best val loss: 9.2197 (saved best_model.pt)
2026-07-03 14:05:31,001 |   -> New best val loss: 9.2193 (saved best_model.pt)
2026-07-03 14:05:33,190 |   -> New best val loss: 9.2059 (saved best_model.pt)
2026-07-03 14:05:37,060 |   -> New best val loss: 9.1830 (saved best_model.pt)
2026-07-03 14:05:44,889 | Epoch  830/1000 | kl_g0_w=1.00 kl_u_w=1.00 | train=8.8115 (recon=5.5858, kl_g0=0.4208, kl_u=2.8049, cls=0.7501) | val=9.1881 | lr=1.00e-04
2026-07-03 14:05:46,446 |   -> New best val loss: 9.1731 (saved best_model.pt)
2026-07-03 14:05:48,384 |   -> New best val loss: 9.1718 (saved best_model.pt)
2026-07-03 14:05:50,539 |   -> New best val loss: 9.1610 (saved best_model.pt)
2026-07-03 14:05:58,525 |   -> New best val loss: 9.1539 (saved best_model.pt)
2026-07-03 14:06:04,795 | Epoch  840/1000 | kl_g0_w=1.00 kl_u_w=1.00 | train=8.7392 (recon=5.5199, kl_g0=0.4184, kl_u=2.8008, cls=0.7492) | val=9.1380 | lr=1.00e-04
2026-07-03 14:06:04,819 |   -> New best val loss: 9.1380 (saved best_model.pt)
2026-07-03 14:06:07,896 |   -> New best val loss: 9.1323 (saved best_model.pt)
2026-07-03 14:06:13,023 |   -> New best val loss: 9.1181 (saved best_model.pt)
2026-07-03 14:06:16,081 |   -> New best val loss: 9.1068 (saved best_model.pt)
2026-07-03 14:06:21,569 | Epoch  850/1000 | kl_g0_w=1.00 kl_u_w=1.00 | train=8.6879 (recon=5.4638, kl_g0=0.4193, kl_u=2.8048, cls=0.7489) | val=9.0987 | lr=1.00e-04
2026-07-03 14:06:21,584 |   -> New best val loss: 9.0987 (saved best_model.pt)
2026-07-03 14:06:29,499 |   -> New best val loss: 9.0816 (saved best_model.pt)
2026-07-03 14:06:36,052 |   -> New best val loss: 9.0744 (saved best_model.pt)
2026-07-03 14:06:40,280 |   -> New best val loss: 9.0559 (saved best_model.pt)
2026-07-03 14:06:41,816 | Epoch  860/1000 | kl_g0_w=1.00 kl_u_w=1.00 | train=8.6424 (recon=5.4261, kl_g0=0.4183, kl_u=2.7981, cls=0.7486) | val=9.0637 | lr=1.00e-04
2026-07-03 14:06:44,034 |   -> New best val loss: 9.0491 (saved best_model.pt)
2026-07-03 14:06:53,005 |   -> New best val loss: 9.0373 (saved best_model.pt)
2026-07-03 14:06:57,438 |   -> New best val loss: 9.0329 (saved best_model.pt)
2026-07-03 14:06:59,430 |   -> New best val loss: 9.0234 (saved best_model.pt)
2026-07-03 14:07:03,028 | Epoch  870/1000 | kl_g0_w=1.00 kl_u_w=1.00 | train=8.5960 (recon=5.3831, kl_g0=0.4175, kl_u=2.7954, cls=0.7485) | val=9.0257 | lr=1.00e-04
2026-07-03 14:07:05,091 |   -> New best val loss: 9.0072 (saved best_model.pt)
2026-07-03 14:07:09,364 |   -> New best val loss: 9.0067 (saved best_model.pt)
2026-07-03 14:07:15,054 |   -> New best val loss: 8.9944 (saved best_model.pt)
2026-07-03 14:07:17,127 |   -> New best val loss: 8.9877 (saved best_model.pt)
2026-07-03 14:07:18,684 |   -> New best val loss: 8.9823 (saved best_model.pt)
2026-07-03 14:07:22,668 | Epoch  880/1000 | kl_g0_w=1.00 kl_u_w=1.00 | train=8.5260 (recon=5.3020, kl_g0=0.4171, kl_u=2.8068, cls=0.7500) | val=8.9830 | lr=1.00e-04
2026-07-03 14:07:25,224 |   -> New best val loss: 8.9688 (saved best_model.pt)
2026-07-03 14:07:32,265 |   -> New best val loss: 8.9597 (saved best_model.pt)
2026-07-03 14:07:33,832 |   -> New best val loss: 8.9492 (saved best_model.pt)
2026-07-03 14:07:37,910 |   -> New best val loss: 8.9482 (saved best_model.pt)
2026-07-03 14:07:39,450 |   -> New best val loss: 8.9270 (saved best_model.pt)
2026-07-03 14:07:41,050 | Epoch  890/1000 | kl_g0_w=1.00 kl_u_w=1.00 | train=8.5069 (recon=5.3002, kl_g0=0.4168, kl_u=2.7900, cls=0.7500) | val=8.9343 | lr=1.00e-04
2026-07-03 14:07:43,201 |   -> New best val loss: 8.9254 (saved best_model.pt)
2026-07-03 14:07:48,493 |   -> New best val loss: 8.9253 (saved best_model.pt)
2026-07-03 14:07:53,205 |   -> New best val loss: 8.9062 (saved best_model.pt)
2026-07-03 14:07:58,113 |   -> New best val loss: 8.8960 (saved best_model.pt)
2026-07-03 14:08:03,087 | Epoch  900/1000 | kl_g0_w=1.00 kl_u_w=1.00 | train=8.4621 (recon=5.2475, kl_g0=0.4149, kl_u=2.7998, cls=0.7486) | val=8.8953 | lr=1.00e-04
2026-07-03 14:08:03,114 |   -> New best val loss: 8.8953 (saved best_model.pt)
2026-07-03 14:08:04,834 |   -> New best val loss: 8.8846 (saved best_model.pt)
2026-07-03 14:08:08,462 |   -> New best val loss: 8.8807 (saved best_model.pt)
2026-07-03 14:08:11,839 |   -> New best val loss: 8.8770 (saved best_model.pt)
2026-07-03 14:08:13,703 |   -> New best val loss: 8.8659 (saved best_model.pt)
2026-07-03 14:08:15,704 |   -> New best val loss: 8.8495 (saved best_model.pt)
2026-07-03 14:08:20,892 | Epoch  910/1000 | kl_g0_w=1.00 kl_u_w=1.00 | train=8.4330 (recon=5.2167, kl_g0=0.4141, kl_u=2.8022, cls=0.7492) | val=8.8483 | lr=1.00e-04
2026-07-03 14:08:20,907 |   -> New best val loss: 8.8483 (saved best_model.pt)
2026-07-03 14:08:25,094 |   -> New best val loss: 8.8411 (saved best_model.pt)
2026-07-03 14:08:26,952 |   -> New best val loss: 8.8383 (saved best_model.pt)
2026-07-03 14:08:29,315 |   -> New best val loss: 8.8289 (saved best_model.pt)
2026-07-03 14:08:31,008 |   -> New best val loss: 8.8250 (saved best_model.pt)
2026-07-03 14:08:32,572 |   -> New best val loss: 8.8202 (saved best_model.pt)
2026-07-03 14:08:37,994 |   -> New best val loss: 8.8064 (saved best_model.pt)
2026-07-03 14:08:39,511 | Epoch  920/1000 | kl_g0_w=1.00 kl_u_w=1.00 | train=8.3706 (recon=5.1536, kl_g0=0.4142, kl_u=2.8029, cls=0.7505) | val=8.8223 | lr=1.00e-04
2026-07-03 14:08:43,170 |   -> New best val loss: 8.8042 (saved best_model.pt)
2026-07-03 14:08:48,025 |   -> New best val loss: 8.7895 (saved best_model.pt)
2026-07-03 14:08:50,175 |   -> New best val loss: 8.7795 (saved best_model.pt)
2026-07-03 14:08:54,904 |   -> New best val loss: 8.7794 (saved best_model.pt)
2026-07-03 14:08:59,126 |   -> New best val loss: 8.7746 (saved best_model.pt)
2026-07-03 14:09:01,223 | Epoch  930/1000 | kl_g0_w=1.00 kl_u_w=1.00 | train=8.3136 (recon=5.0974, kl_g0=0.4135, kl_u=2.8027, cls=0.7490) | val=8.7563 | lr=1.00e-04
2026-07-03 14:09:01,252 |   -> New best val loss: 8.7563 (saved best_model.pt)
2026-07-03 14:09:10,944 |   -> New best val loss: 8.7492 (saved best_model.pt)
2026-07-03 14:09:13,408 |   -> New best val loss: 8.7217 (saved best_model.pt)
2026-07-03 14:09:21,877 | Epoch  940/1000 | kl_g0_w=1.00 kl_u_w=1.00 | train=8.2699 (recon=5.0555, kl_g0=0.4150, kl_u=2.7994, cls=0.7496) | val=8.7163 | lr=1.00e-04
2026-07-03 14:09:21,904 |   -> New best val loss: 8.7163 (saved best_model.pt)
2026-07-03 14:09:23,711 |   -> New best val loss: 8.7110 (saved best_model.pt)
2026-07-03 14:09:29,424 |   -> New best val loss: 8.6972 (saved best_model.pt)
2026-07-03 14:09:33,338 |   -> New best val loss: 8.6913 (saved best_model.pt)
2026-07-03 14:09:41,156 | Epoch  950/1000 | kl_g0_w=1.00 kl_u_w=1.00 | train=8.2439 (recon=5.0253, kl_g0=0.4123, kl_u=2.8064, cls=0.7511) | val=8.6856 | lr=1.00e-04
2026-07-03 14:09:41,175 |   -> New best val loss: 8.6856 (saved best_model.pt)
2026-07-03 14:09:50,575 |   -> New best val loss: 8.6849 (saved best_model.pt)
2026-07-03 14:09:52,233 |   -> New best val loss: 8.6649 (saved best_model.pt)
2026-07-03 14:09:53,852 |   -> New best val loss: 8.6554 (saved best_model.pt)
2026-07-03 14:10:00,981 |   -> New best val loss: 8.6358 (saved best_model.pt)
2026-07-03 14:10:02,845 | Epoch  960/1000 | kl_g0_w=1.00 kl_u_w=1.00 | train=8.1843 (recon=4.9723, kl_g0=0.4125, kl_u=2.7995, cls=0.7520) | val=8.6371 | lr=1.00e-04
2026-07-03 14:10:07,976 |   -> New best val loss: 8.6296 (saved best_model.pt)
2026-07-03 14:10:12,110 |   -> New best val loss: 8.6201 (saved best_model.pt)
2026-07-03 14:10:14,022 |   -> New best val loss: 8.6007 (saved best_model.pt)
2026-07-03 14:10:25,577 | Epoch  970/1000 | kl_g0_w=1.00 kl_u_w=1.00 | train=8.1329 (recon=4.9163, kl_g0=0.4119, kl_u=2.8048, cls=0.7488) | val=8.6002 | lr=1.00e-04
2026-07-03 14:10:25,604 |   -> New best val loss: 8.6002 (saved best_model.pt)
2026-07-03 14:10:27,557 |   -> New best val loss: 8.5871 (saved best_model.pt)
2026-07-03 14:10:29,275 |   -> New best val loss: 8.5757 (saved best_model.pt)
2026-07-03 14:10:37,986 |   -> New best val loss: 8.5725 (saved best_model.pt)
2026-07-03 14:10:43,008 |   -> New best val loss: 8.5685 (saved best_model.pt)
2026-07-03 14:10:45,029 |   -> New best val loss: 8.5554 (saved best_model.pt)
2026-07-03 14:10:47,284 | Epoch  980/1000 | kl_g0_w=1.00 kl_u_w=1.00 | train=8.1158 (recon=4.9085, kl_g0=0.4122, kl_u=2.7952, cls=0.7511) | val=8.5628 | lr=1.00e-04
2026-07-03 14:10:56,819 |   -> New best val loss: 8.5453 (saved best_model.pt)
2026-07-03 14:10:59,210 |   -> New best val loss: 8.5261 (saved best_model.pt)
2026-07-03 14:11:04,384 |   -> New best val loss: 8.5116 (saved best_model.pt)
2026-07-03 14:11:08,763 |   -> New best val loss: 8.5108 (saved best_model.pt)
2026-07-03 14:11:10,672 | Epoch  990/1000 | kl_g0_w=1.00 kl_u_w=1.00 | train=8.0852 (recon=4.8723, kl_g0=0.4123, kl_u=2.8006, cls=0.7514) | val=8.5269 | lr=1.00e-04
2026-07-03 14:11:15,436 |   -> New best val loss: 8.5093 (saved best_model.pt)
2026-07-03 14:11:17,727 |   -> New best val loss: 8.4937 (saved best_model.pt)
2026-07-03 14:11:20,364 |   -> New best val loss: 8.4877 (saved best_model.pt)
2026-07-03 14:11:27,041 |   -> New best val loss: 8.4773 (saved best_model.pt)
2026-07-03 14:11:32,956 | Epoch 1000/1000 | kl_g0_w=1.00 kl_u_w=1.00 | train=8.0177 (recon=4.8088, kl_g0=0.4108, kl_u=2.7981, cls=0.7514) | val=8.4719 | lr=1.00e-04
2026-07-03 14:11:32,983 |   -> New best val loss: 8.4719 (saved best_model.pt)
2026-07-03 14:11:32,996 | Final model saved to /home/nadegeo/LIFUS-BRICK/results/training/train_20260703_133718/final_model.pt
2026-07-03 14:11:32,996 | Best val loss: 8.4719
2026-07-03 14:11:32,996 | Training complete.
