2026-06-26 11:36:45,770 | ============================================================
2026-06-26 11:36:45,770 | BRICK Training -- ablation_full
2026-06-26 11:36:45,770 | N_ROIS=24, M=96, H=4, T=240
2026-06-26 11:36:45,770 | Epochs=1400, LR=0.0001, WD=0.05, LAMBDA_NOISE=0.01, BATCH_SIZE=12
2026-06-26 11:36:45,770 | Patience=30, use_control=True, use_ic=True
2026-06-26 11:36:45,771 | KL annealing: g0 over 0 epochs, u delayed 0 then over 0 epochs
2026-06-26 11:36:45,771 | ============================================================
2026-06-26 11:36:45,771 | Loading dataset...
2026-06-26 11:36:45,872 | Split: 52 train | 4 val | 20 test items
2026-06-26 11:36:45,935 | Model parameters: 554,702
2026-06-26 11:36:46,863 | Starting training...
2026-06-26 11:36:49,248 | Epoch    1/1400 | kl_g0_w=1.00 kl_u_w=1.00 | train=3257.5961 (recon=3251.2604, kl_g0=5.1538, kl_u=1.1820, cls=0.7013) | val=321.9166 | lr=1.00e-04
2026-06-26 11:36:49,279 |   -> New best val loss: 321.9166 (saved best_model.pt)
2026-06-26 11:36:51,767 |   -> New best val loss: 256.7963 (saved best_model.pt)
2026-06-26 11:36:54,319 |   -> New best val loss: 223.9133 (saved best_model.pt)
2026-06-26 11:36:56,989 |   -> New best val loss: 201.2971 (saved best_model.pt)
2026-06-26 11:36:59,644 |   -> New best val loss: 188.9155 (saved best_model.pt)
2026-06-26 11:37:02,202 |   -> New best val loss: 174.2161 (saved best_model.pt)
2026-06-26 11:37:04,889 |   -> New best val loss: 165.2687 (saved best_model.pt)
2026-06-26 11:37:07,600 |   -> New best val loss: 156.0912 (saved best_model.pt)
2026-06-26 11:37:10,294 |   -> New best val loss: 150.6747 (saved best_model.pt)
2026-06-26 11:37:14,624 | Epoch   10/1400 | kl_g0_w=1.00 kl_u_w=1.00 | train=278.0672 (recon=271.5236, kl_g0=5.0703, kl_u=1.4733, cls=0.6983) | val=147.5379 | lr=1.00e-04
2026-06-26 11:37:14,700 |   -> New best val loss: 147.5379 (saved best_model.pt)
2026-06-26 11:37:22,967 |   -> New best val loss: 137.9853 (saved best_model.pt)
2026-06-26 11:37:31,271 |   -> New best val loss: 133.6925 (saved best_model.pt)
2026-06-26 11:37:35,997 |   -> New best val loss: 129.5245 (saved best_model.pt)
2026-06-26 11:37:38,495 |   -> New best val loss: 123.0090 (saved best_model.pt)
2026-06-26 11:37:41,149 |   -> New best val loss: 119.3477 (saved best_model.pt)
2026-06-26 11:37:43,692 |   -> New best val loss: 115.4950 (saved best_model.pt)
2026-06-26 11:37:46,366 |   -> New best val loss: 111.6391 (saved best_model.pt)
2026-06-26 11:37:48,905 |   -> New best val loss: 107.7252 (saved best_model.pt)
2026-06-26 11:37:51,542 |   -> New best val loss: 105.7727 (saved best_model.pt)
2026-06-26 11:37:54,144 | Epoch   20/1400 | kl_g0_w=1.00 kl_u_w=1.00 | train=170.3869 (recon=162.4281, kl_g0=5.0392, kl_u=2.9196, cls=0.6978) | val=102.3555 | lr=1.00e-04
2026-06-26 11:37:54,171 |   -> New best val loss: 102.3555 (saved best_model.pt)
2026-06-26 11:37:56,828 |   -> New best val loss: 100.1461 (saved best_model.pt)
2026-06-26 11:37:59,375 |   -> New best val loss: 97.3441 (saved best_model.pt)
2026-06-26 11:38:02,126 |   -> New best val loss: 95.7099 (saved best_model.pt)
2026-06-26 11:38:04,746 |   -> New best val loss: 92.4270 (saved best_model.pt)
2026-06-26 11:38:07,471 |   -> New best val loss: 91.1550 (saved best_model.pt)
2026-06-26 11:38:10,120 |   -> New best val loss: 88.4880 (saved best_model.pt)
2026-06-26 11:38:12,850 |   -> New best val loss: 87.5593 (saved best_model.pt)
2026-06-26 11:38:15,548 |   -> New best val loss: 85.6923 (saved best_model.pt)
2026-06-26 11:38:18,315 |   -> New best val loss: 84.0405 (saved best_model.pt)
2026-06-26 11:38:20,982 | Epoch   30/1400 | kl_g0_w=1.00 kl_u_w=1.00 | train=132.2898 (recon=123.2401, kl_g0=5.1005, kl_u=3.9492, cls=0.6951) | val=82.0840 | lr=1.00e-04
2026-06-26 11:38:21,012 |   -> New best val loss: 82.0840 (saved best_model.pt)
2026-06-26 11:38:23,703 |   -> New best val loss: 80.8627 (saved best_model.pt)
2026-06-26 11:38:26,469 |   -> New best val loss: 79.5904 (saved best_model.pt)
2026-06-26 11:38:29,234 |   -> New best val loss: 78.2586 (saved best_model.pt)
2026-06-26 11:38:32,231 |   -> New best val loss: 77.0330 (saved best_model.pt)
2026-06-26 11:38:35,036 |   -> New best val loss: 76.1050 (saved best_model.pt)
2026-06-26 11:38:37,763 |   -> New best val loss: 75.5445 (saved best_model.pt)
2026-06-26 11:38:40,511 |   -> New best val loss: 73.8768 (saved best_model.pt)
2026-06-26 11:38:43,236 |   -> New best val loss: 73.8501 (saved best_model.pt)
2026-06-26 11:38:46,007 |   -> New best val loss: 72.5550 (saved best_model.pt)
2026-06-26 11:38:48,808 | Epoch   40/1400 | kl_g0_w=1.00 kl_u_w=1.00 | train=111.9732 (recon=102.4408, kl_g0=5.1908, kl_u=4.3415, cls=0.6975) | val=70.7929 | lr=1.00e-04
2026-06-26 11:38:48,837 |   -> New best val loss: 70.7929 (saved best_model.pt)
2026-06-26 11:38:51,553 |   -> New best val loss: 70.7070 (saved best_model.pt)
2026-06-26 11:38:54,429 |   -> New best val loss: 69.8857 (saved best_model.pt)
2026-06-26 11:38:57,165 |   -> New best val loss: 69.0567 (saved best_model.pt)
2026-06-26 11:38:59,931 |   -> New best val loss: 68.0559 (saved best_model.pt)
2026-06-26 11:39:02,689 |   -> New best val loss: 67.1297 (saved best_model.pt)
2026-06-26 11:39:05,426 |   -> New best val loss: 66.6926 (saved best_model.pt)
2026-06-26 11:39:08,270 |   -> New best val loss: 65.8783 (saved best_model.pt)
2026-06-26 11:39:11,045 |   -> New best val loss: 65.2937 (saved best_model.pt)
2026-06-26 11:39:14,218 |   -> New best val loss: 64.9617 (saved best_model.pt)
2026-06-26 11:39:17,106 | Epoch   50/1400 | kl_g0_w=1.00 kl_u_w=1.00 | train=95.7351 (recon=86.0308, kl_g0=5.2780, kl_u=4.4263, cls=0.6981) | val=64.2252 | lr=1.00e-04
2026-06-26 11:39:17,138 |   -> New best val loss: 64.2252 (saved best_model.pt)
2026-06-26 11:39:20,029 |   -> New best val loss: 63.9873 (saved best_model.pt)
2026-06-26 11:39:22,889 |   -> New best val loss: 62.6027 (saved best_model.pt)
2026-06-26 11:39:28,435 |   -> New best val loss: 61.8513 (saved best_model.pt)
2026-06-26 11:39:31,271 |   -> New best val loss: 60.7751 (saved best_model.pt)
2026-06-26 11:39:37,036 |   -> New best val loss: 59.4509 (saved best_model.pt)
2026-06-26 11:39:42,726 |   -> New best val loss: 59.2670 (saved best_model.pt)
2026-06-26 11:39:45,703 | Epoch   60/1400 | kl_g0_w=1.00 kl_u_w=1.00 | train=84.9772 (recon=75.2365, kl_g0=5.3768, kl_u=4.3640, cls=0.6955) | val=58.7823 | lr=1.00e-04
2026-06-26 11:39:45,737 |   -> New best val loss: 58.7823 (saved best_model.pt)
2026-06-26 11:39:48,572 |   -> New best val loss: 58.0156 (saved best_model.pt)
2026-06-26 11:39:51,368 |   -> New best val loss: 57.7959 (saved best_model.pt)
2026-06-26 11:39:54,296 |   -> New best val loss: 57.5690 (saved best_model.pt)
2026-06-26 11:39:57,183 |   -> New best val loss: 56.5565 (saved best_model.pt)
2026-06-26 11:40:00,017 |   -> New best val loss: 56.2309 (saved best_model.pt)
2026-06-26 11:40:02,854 |   -> New best val loss: 55.9996 (saved best_model.pt)
2026-06-26 11:40:05,668 |   -> New best val loss: 55.4246 (saved best_model.pt)
2026-06-26 11:40:08,454 |   -> New best val loss: 55.2590 (saved best_model.pt)
2026-06-26 11:40:11,436 |   -> New best val loss: 54.4766 (saved best_model.pt)
2026-06-26 11:40:14,221 | Epoch   70/1400 | kl_g0_w=1.00 kl_u_w=1.00 | train=75.0428 (recon=65.3051, kl_g0=5.4676, kl_u=4.2700, cls=0.6957) | val=54.2456 | lr=1.00e-04
2026-06-26 11:40:14,255 |   -> New best val loss: 54.2456 (saved best_model.pt)
2026-06-26 11:40:17,181 |   -> New best val loss: 54.0245 (saved best_model.pt)
2026-06-26 11:40:22,971 |   -> New best val loss: 53.2990 (saved best_model.pt)
2026-06-26 11:40:25,983 |   -> New best val loss: 53.1065 (saved best_model.pt)
2026-06-26 11:40:28,761 |   -> New best val loss: 52.6767 (saved best_model.pt)
2026-06-26 11:40:31,694 |   -> New best val loss: 51.9932 (saved best_model.pt)
2026-06-26 11:40:37,452 |   -> New best val loss: 51.2045 (saved best_model.pt)
2026-06-26 11:40:43,064 | Epoch   80/1400 | kl_g0_w=1.00 kl_u_w=1.00 | train=68.5936 (recon=58.8095, kl_g0=5.5604, kl_u=4.2237, cls=0.6958) | val=50.3620 | lr=1.00e-04
2026-06-26 11:40:43,090 |   -> New best val loss: 50.3620 (saved best_model.pt)
2026-06-26 11:40:45,753 |   -> New best val loss: 50.2561 (saved best_model.pt)
2026-06-26 11:40:48,549 |   -> New best val loss: 50.1178 (saved best_model.pt)
2026-06-26 11:40:51,408 |   -> New best val loss: 49.4177 (saved best_model.pt)
2026-06-26 11:41:00,011 |   -> New best val loss: 49.0540 (saved best_model.pt)
2026-06-26 11:41:02,863 |   -> New best val loss: 48.8014 (saved best_model.pt)
2026-06-26 11:41:05,832 |   -> New best val loss: 48.2775 (saved best_model.pt)
2026-06-26 11:41:08,885 |   -> New best val loss: 48.1300 (saved best_model.pt)
2026-06-26 11:41:11,672 | Epoch   90/1400 | kl_g0_w=1.00 kl_u_w=1.00 | train=62.8750 (recon=53.1767, kl_g0=5.6603, kl_u=4.0379, cls=0.6955) | val=48.1136 | lr=1.00e-04
2026-06-26 11:41:11,702 |   -> New best val loss: 48.1136 (saved best_model.pt)
2026-06-26 11:41:17,233 |   -> New best val loss: 46.8317 (saved best_model.pt)
2026-06-26 11:41:22,962 |   -> New best val loss: 46.6497 (saved best_model.pt)
2026-06-26 11:41:28,642 |   -> New best val loss: 46.4986 (saved best_model.pt)
2026-06-26 11:41:31,423 |   -> New best val loss: 46.3231 (saved best_model.pt)
2026-06-26 11:41:34,443 |   -> New best val loss: 45.6775 (saved best_model.pt)
2026-06-26 11:41:40,025 | Epoch  100/1400 | kl_g0_w=1.00 kl_u_w=1.00 | train=58.1934 (recon=48.5157, kl_g0=5.7351, kl_u=3.9426, cls=0.6957) | val=45.7449 | lr=1.00e-04
2026-06-26 11:41:43,960 |   -> New best val loss: 45.2559 (saved best_model.pt)
2026-06-26 11:41:48,088 |   -> New best val loss: 45.2323 (saved best_model.pt)
2026-06-26 11:41:52,299 |   -> New best val loss: 45.0714 (saved best_model.pt)
2026-06-26 11:41:56,464 |   -> New best val loss: 44.2334 (saved best_model.pt)
2026-06-26 11:42:04,603 |   -> New best val loss: 43.9523 (saved best_model.pt)
2026-06-26 11:42:08,752 |   -> New best val loss: 43.8921 (saved best_model.pt)
2026-06-26 11:42:12,890 |   -> New best val loss: 43.8019 (saved best_model.pt)
2026-06-26 11:42:17,069 |   -> New best val loss: 43.5060 (saved best_model.pt)
2026-06-26 11:42:21,018 | Epoch  110/1400 | kl_g0_w=1.00 kl_u_w=1.00 | train=54.2546 (recon=44.6261, kl_g0=5.8181, kl_u=3.8104, cls=0.6948) | val=43.1556 | lr=1.00e-04
2026-06-26 11:42:21,058 |   -> New best val loss: 43.1556 (saved best_model.pt)
2026-06-26 11:42:25,136 |   -> New best val loss: 42.7240 (saved best_model.pt)
2026-06-26 11:42:33,258 |   -> New best val loss: 42.6226 (saved best_model.pt)
2026-06-26 11:42:37,436 |   -> New best val loss: 42.4987 (saved best_model.pt)
2026-06-26 11:42:41,328 |   -> New best val loss: 42.2711 (saved best_model.pt)
2026-06-26 11:42:48,623 |   -> New best val loss: 42.0849 (saved best_model.pt)
2026-06-26 11:42:55,456 |   -> New best val loss: 41.7197 (saved best_model.pt)
2026-06-26 11:42:58,766 | Epoch  120/1400 | kl_g0_w=1.00 kl_u_w=1.00 | train=50.3944 (recon=40.7060, kl_g0=5.8810, kl_u=3.8073, cls=0.6950) | val=41.4490 | lr=1.00e-04
2026-06-26 11:42:58,796 |   -> New best val loss: 41.4490 (saved best_model.pt)
2026-06-26 11:43:04,952 |   -> New best val loss: 41.1364 (saved best_model.pt)
2026-06-26 11:43:08,046 |   -> New best val loss: 41.1354 (saved best_model.pt)
2026-06-26 11:43:13,980 |   -> New best val loss: 40.9452 (saved best_model.pt)
2026-06-26 11:43:16,724 |   -> New best val loss: 40.4306 (saved best_model.pt)
2026-06-26 11:43:19,623 |   -> New best val loss: 40.3403 (saved best_model.pt)
2026-06-26 11:43:22,466 |   -> New best val loss: 40.0174 (saved best_model.pt)
2026-06-26 11:43:28,010 | Epoch  130/1400 | kl_g0_w=1.00 kl_u_w=1.00 | train=47.0257 (recon=37.3516, kl_g0=5.9522, kl_u=3.7218, cls=0.6927) | val=39.8292 | lr=1.00e-04
2026-06-26 11:43:28,039 |   -> New best val loss: 39.8292 (saved best_model.pt)
2026-06-26 11:43:30,766 |   -> New best val loss: 39.5354 (saved best_model.pt)
2026-06-26 11:43:36,229 |   -> New best val loss: 39.3620 (saved best_model.pt)
2026-06-26 11:43:39,008 |   -> New best val loss: 39.3033 (saved best_model.pt)
2026-06-26 11:43:41,575 |   -> New best val loss: 39.2259 (saved best_model.pt)
2026-06-26 11:43:44,264 |   -> New best val loss: 38.9235 (saved best_model.pt)
2026-06-26 11:43:49,727 |   -> New best val loss: 38.7553 (saved best_model.pt)
2026-06-26 11:43:52,391 |   -> New best val loss: 38.4089 (saved best_model.pt)
2026-06-26 11:43:55,220 | Epoch  140/1400 | kl_g0_w=1.00 kl_u_w=1.00 | train=45.1528 (recon=35.4836, kl_g0=6.0191, kl_u=3.6501, cls=0.6957) | val=38.4467 | lr=1.00e-04
2026-06-26 11:43:57,941 |   -> New best val loss: 38.3030 (saved best_model.pt)
2026-06-26 11:44:00,676 |   -> New best val loss: 37.8383 (saved best_model.pt)
2026-06-26 11:44:06,149 |   -> New best val loss: 37.6836 (saved best_model.pt)
2026-06-26 11:44:11,691 |   -> New best val loss: 37.5352 (saved best_model.pt)
2026-06-26 11:44:14,398 |   -> New best val loss: 37.2643 (saved best_model.pt)
2026-06-26 11:44:19,912 |   -> New best val loss: 36.8997 (saved best_model.pt)
2026-06-26 11:44:22,676 | Epoch  150/1400 | kl_g0_w=1.00 kl_u_w=1.00 | train=42.2340 (recon=32.5440, kl_g0=6.0757, kl_u=3.6143, cls=0.6942) | val=36.8458 | lr=1.00e-04
2026-06-26 11:44:22,704 |   -> New best val loss: 36.8458 (saved best_model.pt)
2026-06-26 11:44:28,852 |   -> New best val loss: 36.6548 (saved best_model.pt)
2026-06-26 11:44:31,983 |   -> New best val loss: 36.3849 (saved best_model.pt)
2026-06-26 11:44:41,541 |   -> New best val loss: 36.0680 (saved best_model.pt)
2026-06-26 11:44:47,939 |   -> New best val loss: 35.9349 (saved best_model.pt)
2026-06-26 11:44:51,007 |   -> New best val loss: 35.9195 (saved best_model.pt)
2026-06-26 11:44:54,019 | Epoch  160/1400 | kl_g0_w=1.00 kl_u_w=1.00 | train=40.4454 (recon=30.7447, kl_g0=6.1232, kl_u=3.5774, cls=0.6956) | val=35.6467 | lr=1.00e-04
2026-06-26 11:44:54,057 |   -> New best val loss: 35.6467 (saved best_model.pt)
2026-06-26 11:45:00,347 |   -> New best val loss: 35.6238 (saved best_model.pt)
2026-06-26 11:45:03,488 |   -> New best val loss: 35.4931 (saved best_model.pt)
2026-06-26 11:45:06,625 |   -> New best val loss: 35.0403 (saved best_model.pt)
2026-06-26 11:45:12,809 |   -> New best val loss: 34.9840 (saved best_model.pt)
2026-06-26 11:45:15,798 |   -> New best val loss: 34.9083 (saved best_model.pt)
2026-06-26 11:45:18,943 |   -> New best val loss: 34.8533 (saved best_model.pt)
2026-06-26 11:45:21,981 |   -> New best val loss: 34.6845 (saved best_model.pt)
2026-06-26 11:45:25,028 | Epoch  170/1400 | kl_g0_w=1.00 kl_u_w=1.00 | train=38.5243 (recon=28.7804, kl_g0=6.1628, kl_u=3.5811, cls=0.6948) | val=34.8366 | lr=1.00e-04
2026-06-26 11:45:28,163 |   -> New best val loss: 34.5131 (saved best_model.pt)
2026-06-26 11:45:31,263 |   -> New best val loss: 34.3214 (saved best_model.pt)
2026-06-26 11:45:34,410 |   -> New best val loss: 34.1548 (saved best_model.pt)
2026-06-26 11:45:41,368 |   -> New best val loss: 33.8595 (saved best_model.pt)
2026-06-26 11:45:50,597 |   -> New best val loss: 33.8305 (saved best_model.pt)
2026-06-26 11:45:55,302 |   -> New best val loss: 33.7172 (saved best_model.pt)
2026-06-26 11:46:00,328 |   -> New best val loss: 33.5340 (saved best_model.pt)
2026-06-26 11:46:05,044 | Epoch  180/1400 | kl_g0_w=1.00 kl_u_w=1.00 | train=36.8971 (recon=27.1748, kl_g0=6.1941, kl_u=3.5282, cls=0.6962) | val=33.6451 | lr=1.00e-04
2026-06-26 11:46:09,545 |   -> New best val loss: 33.4887 (saved best_model.pt)
2026-06-26 11:46:14,056 |   -> New best val loss: 33.0280 (saved best_model.pt)
2026-06-26 11:46:23,661 |   -> New best val loss: 32.9963 (saved best_model.pt)
2026-06-26 11:46:28,780 |   -> New best val loss: 32.8051 (saved best_model.pt)
2026-06-26 11:46:33,343 |   -> New best val loss: 32.7054 (saved best_model.pt)
2026-06-26 11:46:42,475 |   -> New best val loss: 32.6089 (saved best_model.pt)
2026-06-26 11:46:46,705 |   -> New best val loss: 32.4003 (saved best_model.pt)
2026-06-26 11:46:50,479 | Epoch  190/1400 | kl_g0_w=1.00 kl_u_w=1.00 | train=35.0775 (recon=25.3628, kl_g0=6.2123, kl_u=3.5024, cls=0.6952) | val=32.3339 | lr=1.00e-04
2026-06-26 11:46:50,515 |   -> New best val loss: 32.3339 (saved best_model.pt)
2026-06-26 11:46:58,162 |   -> New best val loss: 32.0853 (saved best_model.pt)
2026-06-26 11:47:05,132 |   -> New best val loss: 31.9891 (saved best_model.pt)
2026-06-26 11:47:09,302 |   -> New best val loss: 31.9340 (saved best_model.pt)
2026-06-26 11:47:14,650 |   -> New best val loss: 31.6980 (saved best_model.pt)
2026-06-26 11:47:18,536 |   -> New best val loss: 31.6251 (saved best_model.pt)
2026-06-26 11:47:26,266 |   -> New best val loss: 31.4527 (saved best_model.pt)
2026-06-26 11:47:30,430 | Epoch  200/1400 | kl_g0_w=1.00 kl_u_w=1.00 | train=33.7627 (recon=24.0548, kl_g0=6.2256, kl_u=3.4823, cls=0.6941) | val=31.3553 | lr=1.00e-04
2026-06-26 11:47:30,483 |   -> New best val loss: 31.3553 (saved best_model.pt)
2026-06-26 11:47:34,553 |   -> New best val loss: 31.2583 (saved best_model.pt)
2026-06-26 11:47:38,481 |   -> New best val loss: 31.0304 (saved best_model.pt)
2026-06-26 11:47:49,797 |   -> New best val loss: 30.8763 (saved best_model.pt)
2026-06-26 11:47:53,737 |   -> New best val loss: 30.7456 (saved best_model.pt)
2026-06-26 11:47:59,124 |   -> New best val loss: 30.7115 (saved best_model.pt)
2026-06-26 11:48:04,293 |   -> New best val loss: 30.6366 (saved best_model.pt)
2026-06-26 11:48:08,267 |   -> New best val loss: 30.5446 (saved best_model.pt)
2026-06-26 11:48:12,105 | Epoch  210/1400 | kl_g0_w=1.00 kl_u_w=1.00 | train=32.2320 (recon=22.5386, kl_g0=6.2263, kl_u=3.4670, cls=0.6935) | val=30.4701 | lr=1.00e-04
2026-06-26 11:48:12,158 |   -> New best val loss: 30.4701 (saved best_model.pt)
2026-06-26 11:48:19,626 |   -> New best val loss: 30.1058 (saved best_model.pt)
2026-06-26 11:48:27,460 |   -> New best val loss: 30.0790 (saved best_model.pt)
2026-06-26 11:48:32,043 |   -> New best val loss: 29.8960 (saved best_model.pt)
2026-06-26 11:48:35,816 |   -> New best val loss: 29.8723 (saved best_model.pt)
2026-06-26 11:48:39,766 |   -> New best val loss: 29.7616 (saved best_model.pt)
2026-06-26 11:48:47,514 |   -> New best val loss: 29.5511 (saved best_model.pt)
2026-06-26 11:48:51,178 | Epoch  220/1400 | kl_g0_w=1.00 kl_u_w=1.00 | train=31.1325 (recon=21.4655, kl_g0=6.2265, kl_u=3.4405, cls=0.6980) | val=29.4356 | lr=1.00e-04
2026-06-26 11:48:51,229 |   -> New best val loss: 29.4356 (saved best_model.pt)
2026-06-26 11:48:59,259 |   -> New best val loss: 29.3315 (saved best_model.pt)
2026-06-26 11:49:03,112 |   -> New best val loss: 29.1134 (saved best_model.pt)
2026-06-26 11:49:10,660 |   -> New best val loss: 28.9914 (saved best_model.pt)
2026-06-26 11:49:14,979 |   -> New best val loss: 28.9112 (saved best_model.pt)
2026-06-26 11:49:22,917 |   -> New best val loss: 28.7832 (saved best_model.pt)
2026-06-26 11:49:26,905 |   -> New best val loss: 28.7615 (saved best_model.pt)
2026-06-26 11:49:31,370 | Epoch  230/1400 | kl_g0_w=1.00 kl_u_w=1.00 | train=29.9887 (recon=20.3600, kl_g0=6.2118, kl_u=3.4169, cls=0.6966) | val=28.6132 | lr=1.00e-04
2026-06-26 11:49:31,427 |   -> New best val loss: 28.6132 (saved best_model.pt)
2026-06-26 11:49:41,887 |   -> New best val loss: 28.6107 (saved best_model.pt)
2026-06-26 11:49:47,730 |   -> New best val loss: 28.3313 (saved best_model.pt)
2026-06-26 11:49:58,786 |   -> New best val loss: 28.2065 (saved best_model.pt)
2026-06-26 11:50:04,222 |   -> New best val loss: 28.0756 (saved best_model.pt)
2026-06-26 11:50:09,649 |   -> New best val loss: 28.0319 (saved best_model.pt)
2026-06-26 11:50:14,801 |   -> New best val loss: 27.8095 (saved best_model.pt)
2026-06-26 11:50:25,305 | Epoch  240/1400 | kl_g0_w=1.00 kl_u_w=1.00 | train=29.0268 (recon=19.4411, kl_g0=6.1779, kl_u=3.4078, cls=0.6969) | val=27.7136 | lr=1.00e-04
2026-06-26 11:50:25,372 |   -> New best val loss: 27.7136 (saved best_model.pt)
2026-06-26 11:50:30,550 |   -> New best val loss: 27.6140 (saved best_model.pt)
2026-06-26 11:50:39,936 |   -> New best val loss: 27.5686 (saved best_model.pt)
2026-06-26 11:50:44,457 |   -> New best val loss: 27.3769 (saved best_model.pt)
2026-06-26 11:50:52,811 |   -> New best val loss: 27.2887 (saved best_model.pt)
2026-06-26 11:50:56,962 |   -> New best val loss: 27.2377 (saved best_model.pt)
2026-06-26 11:51:04,615 |   -> New best val loss: 27.0865 (saved best_model.pt)
2026-06-26 11:51:08,483 | Epoch  250/1400 | kl_g0_w=1.00 kl_u_w=1.00 | train=27.7269 (recon=18.2295, kl_g0=6.1313, kl_u=3.3661, cls=0.6966) | val=26.8726 | lr=1.00e-04
2026-06-26 11:51:08,536 |   -> New best val loss: 26.8726 (saved best_model.pt)
2026-06-26 11:51:24,000 |   -> New best val loss: 26.5604 (saved best_model.pt)
2026-06-26 11:51:31,538 |   -> New best val loss: 26.4304 (saved best_model.pt)
2026-06-26 11:51:39,175 |   -> New best val loss: 26.3861 (saved best_model.pt)
2026-06-26 11:51:46,249 | Epoch  260/1400 | kl_g0_w=1.00 kl_u_w=1.00 | train=27.1032 (recon=17.6517, kl_g0=6.0718, kl_u=3.3798, cls=0.6976) | val=26.0182 | lr=1.00e-04
2026-06-26 11:51:46,302 |   -> New best val loss: 26.0182 (saved best_model.pt)
2026-06-26 11:51:57,308 |   -> New best val loss: 25.8832 (saved best_model.pt)
2026-06-26 11:52:00,942 |   -> New best val loss: 25.8667 (saved best_model.pt)
2026-06-26 11:52:08,501 |   -> New best val loss: 25.7270 (saved best_model.pt)
2026-06-26 11:52:12,567 |   -> New best val loss: 25.6812 (saved best_model.pt)
2026-06-26 11:52:16,497 |   -> New best val loss: 25.6058 (saved best_model.pt)
2026-06-26 11:52:20,552 |   -> New best val loss: 25.4689 (saved best_model.pt)
2026-06-26 11:52:24,296 | Epoch  270/1400 | kl_g0_w=1.00 kl_u_w=1.00 | train=26.1596 (recon=16.7931, kl_g0=6.0056, kl_u=3.3610, cls=0.6988) | val=25.5284 | lr=1.00e-04
2026-06-26 11:52:28,375 |   -> New best val loss: 25.2878 (saved best_model.pt)
2026-06-26 11:52:39,064 |   -> New best val loss: 25.0274 (saved best_model.pt)
2026-06-26 11:52:42,882 |   -> New best val loss: 24.9920 (saved best_model.pt)
2026-06-26 11:52:50,237 |   -> New best val loss: 24.7714 (saved best_model.pt)
2026-06-26 11:53:01,643 | Epoch  280/1400 | kl_g0_w=1.00 kl_u_w=1.00 | train=25.3189 (recon=16.0372, kl_g0=5.9304, kl_u=3.3512, cls=0.6990) | val=24.8849 | lr=1.00e-04
2026-06-26 11:53:05,684 |   -> New best val loss: 24.6392 (saved best_model.pt)
2026-06-26 11:53:09,272 |   -> New best val loss: 24.4581 (saved best_model.pt)
2026-06-26 11:53:17,029 |   -> New best val loss: 24.3732 (saved best_model.pt)
2026-06-26 11:53:21,075 |   -> New best val loss: 24.3279 (saved best_model.pt)
2026-06-26 11:53:24,772 |   -> New best val loss: 24.2955 (saved best_model.pt)
2026-06-26 11:53:33,073 |   -> New best val loss: 24.1155 (saved best_model.pt)
2026-06-26 11:53:36,955 |   -> New best val loss: 24.0650 (saved best_model.pt)
2026-06-26 11:53:40,607 | Epoch  290/1400 | kl_g0_w=1.00 kl_u_w=1.00 | train=24.6432 (recon=15.4730, kl_g0=5.8503, kl_u=3.3198, cls=0.6978) | val=24.0225 | lr=1.00e-04
2026-06-26 11:53:40,639 |   -> New best val loss: 24.0225 (saved best_model.pt)
2026-06-26 11:53:44,328 |   -> New best val loss: 23.8278 (saved best_model.pt)
2026-06-26 11:53:52,028 |   -> New best val loss: 23.7710 (saved best_model.pt)
2026-06-26 11:53:55,779 |   -> New best val loss: 23.6698 (saved best_model.pt)
2026-06-26 11:54:03,440 |   -> New best val loss: 23.6666 (saved best_model.pt)
2026-06-26 11:54:07,441 |   -> New best val loss: 23.3757 (saved best_model.pt)
2026-06-26 11:54:19,517 | Epoch  300/1400 | kl_g0_w=1.00 kl_u_w=1.00 | train=23.8147 (recon=14.7480, kl_g0=5.7449, kl_u=3.3218, cls=0.6997) | val=23.5407 | lr=1.00e-04
2026-06-26 11:54:25,104 |   -> New best val loss: 23.1742 (saved best_model.pt)
2026-06-26 11:54:30,209 |   -> New best val loss: 23.1510 (saved best_model.pt)
2026-06-26 11:54:41,155 |   -> New best val loss: 23.0474 (saved best_model.pt)
2026-06-26 11:54:46,385 |   -> New best val loss: 22.9451 (saved best_model.pt)
2026-06-26 11:54:51,847 |   -> New best val loss: 22.8715 (saved best_model.pt)
2026-06-26 11:54:56,518 |   -> New best val loss: 22.8657 (saved best_model.pt)
2026-06-26 11:55:01,491 |   -> New best val loss: 22.7865 (saved best_model.pt)
2026-06-26 11:55:10,347 | Epoch  310/1400 | kl_g0_w=1.00 kl_u_w=1.00 | train=23.0061 (recon=14.0626, kl_g0=5.6501, kl_u=3.2934, cls=0.6999) | val=22.7302 | lr=1.00e-04
2026-06-26 11:55:10,382 |   -> New best val loss: 22.7302 (saved best_model.pt)
2026-06-26 11:55:14,663 |   -> New best val loss: 22.5207 (saved best_model.pt)
2026-06-26 11:55:18,701 |   -> New best val loss: 22.4427 (saved best_model.pt)
2026-06-26 11:55:30,331 |   -> New best val loss: 22.2152 (saved best_model.pt)
2026-06-26 11:55:41,748 |   -> New best val loss: 21.9995 (saved best_model.pt)
2026-06-26 11:55:49,639 | Epoch  320/1400 | kl_g0_w=1.00 kl_u_w=1.00 | train=22.2999 (recon=13.4579, kl_g0=5.5545, kl_u=3.2874, cls=0.7000) | val=22.1227 | lr=1.00e-04
2026-06-26 11:55:53,132 |   -> New best val loss: 21.9036 (saved best_model.pt)
2026-06-26 11:55:56,991 |   -> New best val loss: 21.8451 (saved best_model.pt)
2026-06-26 11:56:00,610 |   -> New best val loss: 21.8198 (saved best_model.pt)
2026-06-26 11:56:04,303 |   -> New best val loss: 21.7936 (saved best_model.pt)
2026-06-26 11:56:07,912 |   -> New best val loss: 21.7820 (saved best_model.pt)
2026-06-26 11:56:11,501 |   -> New best val loss: 21.6052 (saved best_model.pt)
2026-06-26 11:56:15,034 |   -> New best val loss: 21.5933 (saved best_model.pt)
2026-06-26 11:56:18,523 |   -> New best val loss: 21.5474 (saved best_model.pt)
2026-06-26 11:56:22,202 |   -> New best val loss: 21.4798 (saved best_model.pt)
2026-06-26 11:56:25,885 | Epoch  330/1400 | kl_g0_w=1.00 kl_u_w=1.00 | train=21.7473 (recon=13.0311, kl_g0=5.4399, kl_u=3.2763, cls=0.7013) | val=21.3950 | lr=1.00e-04
2026-06-26 11:56:25,936 |   -> New best val loss: 21.3950 (saved best_model.pt)
2026-06-26 11:56:29,773 |   -> New best val loss: 21.3797 (saved best_model.pt)
2026-06-26 11:56:33,631 |   -> New best val loss: 21.2373 (saved best_model.pt)
2026-06-26 11:56:37,462 |   -> New best val loss: 21.1840 (saved best_model.pt)
2026-06-26 11:56:48,626 |   -> New best val loss: 21.0845 (saved best_model.pt)
2026-06-26 11:56:52,583 |   -> New best val loss: 21.0227 (saved best_model.pt)
2026-06-26 11:56:59,806 |   -> New best val loss: 20.9114 (saved best_model.pt)
2026-06-26 11:57:03,582 | Epoch  340/1400 | kl_g0_w=1.00 kl_u_w=1.00 | train=21.1793 (recon=12.6187, kl_g0=5.3322, kl_u=3.2285, cls=0.7021) | val=20.8466 | lr=1.00e-04
2026-06-26 11:57:03,620 |   -> New best val loss: 20.8466 (saved best_model.pt)
2026-06-26 11:57:07,681 |   -> New best val loss: 20.7466 (saved best_model.pt)
2026-06-26 11:57:11,565 |   -> New best val loss: 20.7166 (saved best_model.pt)
2026-06-26 11:57:15,403 |   -> New best val loss: 20.6723 (saved best_model.pt)
2026-06-26 11:57:19,118 |   -> New best val loss: 20.6143 (saved best_model.pt)
2026-06-26 11:57:26,877 |   -> New best val loss: 20.5168 (saved best_model.pt)
2026-06-26 11:57:30,366 |   -> New best val loss: 20.5103 (saved best_model.pt)
2026-06-26 11:57:34,084 |   -> New best val loss: 20.4017 (saved best_model.pt)
2026-06-26 11:57:37,882 |   -> New best val loss: 20.2354 (saved best_model.pt)
2026-06-26 11:57:41,881 | Epoch  350/1400 | kl_g0_w=1.00 kl_u_w=1.00 | train=20.6411 (recon=12.2130, kl_g0=5.2256, kl_u=3.2026, cls=0.7025) | val=20.3112 | lr=1.00e-04
2026-06-26 11:57:45,665 |   -> New best val loss: 20.2336 (saved best_model.pt)
2026-06-26 11:57:49,383 |   -> New best val loss: 20.1912 (saved best_model.pt)
2026-06-26 11:57:57,391 |   -> New best val loss: 20.0662 (saved best_model.pt)
2026-06-26 11:58:01,138 |   -> New best val loss: 19.9485 (saved best_model.pt)
2026-06-26 11:58:09,084 |   -> New best val loss: 19.8191 (saved best_model.pt)
2026-06-26 11:58:16,758 |   -> New best val loss: 19.7708 (saved best_model.pt)
2026-06-26 11:58:20,683 | Epoch  360/1400 | kl_g0_w=1.00 kl_u_w=1.00 | train=20.1115 (recon=11.8112, kl_g0=5.0908, kl_u=3.2095, cls=0.7010) | val=19.7534 | lr=1.00e-04
2026-06-26 11:58:20,716 |   -> New best val loss: 19.7534 (saved best_model.pt)
2026-06-26 11:58:24,824 |   -> New best val loss: 19.6674 (saved best_model.pt)
2026-06-26 11:58:28,342 |   -> New best val loss: 19.6602 (saved best_model.pt)
2026-06-26 11:58:32,268 |   -> New best val loss: 19.5386 (saved best_model.pt)
2026-06-26 11:58:39,696 |   -> New best val loss: 19.4323 (saved best_model.pt)
2026-06-26 11:58:44,067 |   -> New best val loss: 19.3831 (saved best_model.pt)
2026-06-26 11:58:55,300 |   -> New best val loss: 19.2917 (saved best_model.pt)
2026-06-26 11:59:05,455 | Epoch  370/1400 | kl_g0_w=1.00 kl_u_w=1.00 | train=19.5435 (recon=11.4457, kl_g0=4.9180, kl_u=3.1799, cls=0.7022) | val=19.2227 | lr=1.00e-04
2026-06-26 11:59:05,502 |   -> New best val loss: 19.2227 (saved best_model.pt)
2026-06-26 11:59:10,614 |   -> New best val loss: 19.1364 (saved best_model.pt)
2026-06-26 11:59:16,389 |   -> New best val loss: 19.1147 (saved best_model.pt)
2026-06-26 11:59:21,564 |   -> New best val loss: 19.0881 (saved best_model.pt)
2026-06-26 11:59:26,595 |   -> New best val loss: 18.9584 (saved best_model.pt)
2026-06-26 11:59:31,522 |   -> New best val loss: 18.9542 (saved best_model.pt)
2026-06-26 11:59:35,967 |   -> New best val loss: 18.9119 (saved best_model.pt)
2026-06-26 11:59:40,638 |   -> New best val loss: 18.8680 (saved best_model.pt)
2026-06-26 11:59:44,777 |   -> New best val loss: 18.7579 (saved best_model.pt)
2026-06-26 11:59:53,331 | Epoch  380/1400 | kl_g0_w=1.00 kl_u_w=1.00 | train=19.0130 (recon=11.0814, kl_g0=4.7664, kl_u=3.1653, cls=0.7027) | val=18.7419 | lr=1.00e-04
2026-06-26 11:59:53,387 |   -> New best val loss: 18.7419 (saved best_model.pt)
2026-06-26 11:59:57,351 |   -> New best val loss: 18.6358 (saved best_model.pt)
2026-06-26 12:00:00,793 |   -> New best val loss: 18.5919 (saved best_model.pt)
2026-06-26 12:00:04,790 |   -> New best val loss: 18.5043 (saved best_model.pt)
2026-06-26 12:00:15,916 |   -> New best val loss: 18.4854 (saved best_model.pt)
2026-06-26 12:00:19,239 |   -> New best val loss: 18.3382 (saved best_model.pt)
2026-06-26 12:00:26,359 |   -> New best val loss: 18.2499 (saved best_model.pt)
2026-06-26 12:00:30,111 | Epoch  390/1400 | kl_g0_w=1.00 kl_u_w=1.00 | train=18.6409 (recon=10.8694, kl_g0=4.6142, kl_u=3.1573, cls=0.7037) | val=18.2873 | lr=1.00e-04
2026-06-26 12:00:33,909 |   -> New best val loss: 18.1624 (saved best_model.pt)
2026-06-26 12:00:41,279 |   -> New best val loss: 18.1236 (saved best_model.pt)
2026-06-26 12:00:45,008 |   -> New best val loss: 18.0890 (saved best_model.pt)
2026-06-26 12:00:48,952 |   -> New best val loss: 17.9966 (saved best_model.pt)
2026-06-26 12:00:56,253 |   -> New best val loss: 17.8893 (saved best_model.pt)
2026-06-26 12:01:00,238 |   -> New best val loss: 17.8529 (saved best_model.pt)
2026-06-26 12:01:04,045 |   -> New best val loss: 17.8134 (saved best_model.pt)
2026-06-26 12:01:07,774 | Epoch  400/1400 | kl_g0_w=1.00 kl_u_w=1.00 | train=18.0699 (recon=10.5106, kl_g0=4.4350, kl_u=3.1243, cls=0.7034) | val=17.7644 | lr=1.00e-04
2026-06-26 12:01:07,827 |   -> New best val loss: 17.7644 (saved best_model.pt)
2026-06-26 12:01:11,628 |   -> New best val loss: 17.7396 (saved best_model.pt)
2026-06-26 12:01:15,470 |   -> New best val loss: 17.7152 (saved best_model.pt)
2026-06-26 12:01:18,967 |   -> New best val loss: 17.6257 (saved best_model.pt)
2026-06-26 12:01:22,984 |   -> New best val loss: 17.5143 (saved best_model.pt)
2026-06-26 12:01:26,599 |   -> New best val loss: 17.4680 (saved best_model.pt)
2026-06-26 12:01:30,470 |   -> New best val loss: 17.4050 (saved best_model.pt)
2026-06-26 12:01:34,321 |   -> New best val loss: 17.3584 (saved best_model.pt)
2026-06-26 12:01:41,320 |   -> New best val loss: 17.3112 (saved best_model.pt)
2026-06-26 12:01:44,902 | Epoch  410/1400 | kl_g0_w=1.00 kl_u_w=1.00 | train=17.6345 (recon=10.2746, kl_g0=4.2487, kl_u=3.1112, cls=0.7050) | val=17.3118 | lr=1.00e-04
2026-06-26 12:01:48,753 |   -> New best val loss: 17.1886 (saved best_model.pt)
2026-06-26 12:01:59,929 |   -> New best val loss: 17.1384 (saved best_model.pt)
2026-06-26 12:02:03,718 |   -> New best val loss: 17.0758 (saved best_model.pt)
2026-06-26 12:02:07,766 |   -> New best val loss: 16.9969 (saved best_model.pt)
2026-06-26 12:02:11,869 |   -> New best val loss: 16.9494 (saved best_model.pt)
2026-06-26 12:02:16,050 |   -> New best val loss: 16.8995 (saved best_model.pt)
2026-06-26 12:02:19,954 |   -> New best val loss: 16.8543 (saved best_model.pt)
2026-06-26 12:02:24,005 | Epoch  420/1400 | kl_g0_w=1.00 kl_u_w=1.00 | train=17.1384 (recon=10.0020, kl_g0=4.0501, kl_u=3.0863, cls=0.7044) | val=16.8089 | lr=1.00e-04
2026-06-26 12:02:24,059 |   -> New best val loss: 16.8089 (saved best_model.pt)
2026-06-26 12:02:27,512 |   -> New best val loss: 16.8014 (saved best_model.pt)
2026-06-26 12:02:31,155 |   -> New best val loss: 16.7499 (saved best_model.pt)
2026-06-26 12:02:34,940 |   -> New best val loss: 16.7053 (saved best_model.pt)
2026-06-26 12:02:38,722 |   -> New best val loss: 16.5976 (saved best_model.pt)
2026-06-26 12:02:42,853 |   -> New best val loss: 16.5161 (saved best_model.pt)
2026-06-26 12:02:50,406 |   -> New best val loss: 16.4348 (saved best_model.pt)
2026-06-26 12:02:54,363 |   -> New best val loss: 16.4097 (saved best_model.pt)
2026-06-26 12:02:58,285 |   -> New best val loss: 16.3691 (saved best_model.pt)
2026-06-26 12:03:01,960 | Epoch  430/1400 | kl_g0_w=1.00 kl_u_w=1.00 | train=16.6556 (recon=9.7889, kl_g0=3.7937, kl_u=3.0730, cls=0.7055) | val=16.3523 | lr=1.00e-04
2026-06-26 12:03:02,013 |   -> New best val loss: 16.3523 (saved best_model.pt)
2026-06-26 12:03:05,392 |   -> New best val loss: 16.2608 (saved best_model.pt)
2026-06-26 12:03:08,982 |   -> New best val loss: 16.2090 (saved best_model.pt)
2026-06-26 12:03:12,544 |   -> New best val loss: 16.1918 (saved best_model.pt)
2026-06-26 12:03:20,152 |   -> New best val loss: 16.1066 (saved best_model.pt)
2026-06-26 12:03:23,714 |   -> New best val loss: 16.0338 (saved best_model.pt)
2026-06-26 12:03:27,337 |   -> New best val loss: 16.0095 (saved best_model.pt)
2026-06-26 12:03:30,853 |   -> New best val loss: 15.9259 (saved best_model.pt)
2026-06-26 12:03:34,378 |   -> New best val loss: 15.8983 (saved best_model.pt)
2026-06-26 12:03:38,337 | Epoch  440/1400 | kl_g0_w=1.00 kl_u_w=1.00 | train=16.1933 (recon=9.5945, kl_g0=3.5446, kl_u=3.0542, cls=0.7057) | val=15.8450 | lr=1.00e-04
2026-06-26 12:03:38,388 |   -> New best val loss: 15.8450 (saved best_model.pt)
2026-06-26 12:03:42,347 |   -> New best val loss: 15.8301 (saved best_model.pt)
2026-06-26 12:03:49,856 |   -> New best val loss: 15.7804 (saved best_model.pt)
2026-06-26 12:03:53,599 |   -> New best val loss: 15.6827 (saved best_model.pt)
2026-06-26 12:03:57,515 |   -> New best val loss: 15.6401 (saved best_model.pt)
2026-06-26 12:04:01,292 |   -> New best val loss: 15.5408 (saved best_model.pt)
2026-06-26 12:04:11,380 |   -> New best val loss: 15.4918 (saved best_model.pt)
2026-06-26 12:04:16,707 |   -> New best val loss: 15.4556 (saved best_model.pt)
2026-06-26 12:04:21,980 | Epoch  450/1400 | kl_g0_w=1.00 kl_u_w=1.00 | train=15.7369 (recon=9.3762, kl_g0=3.3435, kl_u=3.0172, cls=0.7076) | val=15.4131 | lr=1.00e-04
2026-06-26 12:04:22,057 |   -> New best val loss: 15.4131 (saved best_model.pt)
2026-06-26 12:04:27,246 |   -> New best val loss: 15.3827 (saved best_model.pt)
2026-06-26 12:04:32,169 |   -> New best val loss: 15.3421 (saved best_model.pt)
2026-06-26 12:04:37,580 |   -> New best val loss: 15.3037 (saved best_model.pt)
2026-06-26 12:04:42,976 |   -> New best val loss: 15.2526 (saved best_model.pt)
2026-06-26 12:04:48,557 |   -> New best val loss: 15.2064 (saved best_model.pt)
2026-06-26 12:04:53,088 |   -> New best val loss: 15.1270 (saved best_model.pt)
2026-06-26 12:04:57,736 |   -> New best val loss: 15.0793 (saved best_model.pt)
2026-06-26 12:05:02,059 |   -> New best val loss: 15.0481 (saved best_model.pt)
2026-06-26 12:05:06,321 |   -> New best val loss: 14.9688 (saved best_model.pt)
2026-06-26 12:05:10,227 | Epoch  460/1400 | kl_g0_w=1.00 kl_u_w=1.00 | train=15.2476 (recon=9.2132, kl_g0=3.0410, kl_u=2.9934, cls=0.7072) | val=14.9115 | lr=1.00e-04
2026-06-26 12:05:10,288 |   -> New best val loss: 14.9115 (saved best_model.pt)
2026-06-26 12:05:14,309 |   -> New best val loss: 14.9039 (saved best_model.pt)
2026-06-26 12:05:18,666 |   -> New best val loss: 14.8939 (saved best_model.pt)
2026-06-26 12:05:22,748 |   -> New best val loss: 14.7984 (saved best_model.pt)
2026-06-26 12:05:26,940 |   -> New best val loss: 14.7470 (saved best_model.pt)
2026-06-26 12:05:30,706 |   -> New best val loss: 14.6166 (saved best_model.pt)
2026-06-26 12:05:34,237 |   -> New best val loss: 14.5950 (saved best_model.pt)
2026-06-26 12:05:45,762 |   -> New best val loss: 14.4997 (saved best_model.pt)
2026-06-26 12:05:49,644 | Epoch  470/1400 | kl_g0_w=1.00 kl_u_w=1.00 | train=14.7548 (recon=9.0213, kl_g0=2.7566, kl_u=2.9769, cls=0.7088) | val=14.4203 | lr=1.00e-04
2026-06-26 12:05:49,688 |   -> New best val loss: 14.4203 (saved best_model.pt)
2026-06-26 12:05:53,594 |   -> New best val loss: 14.3859 (saved best_model.pt)
2026-06-26 12:06:01,212 |   -> New best val loss: 14.3799 (saved best_model.pt)
2026-06-26 12:06:04,870 |   -> New best val loss: 14.2829 (saved best_model.pt)
2026-06-26 12:06:08,545 |   -> New best val loss: 14.2117 (saved best_model.pt)
2026-06-26 12:06:12,001 |   -> New best val loss: 14.1526 (saved best_model.pt)
2026-06-26 12:06:19,185 |   -> New best val loss: 14.1294 (saved best_model.pt)
2026-06-26 12:06:23,182 |   -> New best val loss: 14.0567 (saved best_model.pt)
2026-06-26 12:06:26,975 | Epoch  480/1400 | kl_g0_w=1.00 kl_u_w=1.00 | train=14.3355 (recon=8.8940, kl_g0=2.4891, kl_u=2.9524, cls=0.7110) | val=13.9752 | lr=1.00e-04
2026-06-26 12:06:27,028 |   -> New best val loss: 13.9752 (saved best_model.pt)
2026-06-26 12:06:30,792 |   -> New best val loss: 13.9420 (saved best_model.pt)
2026-06-26 12:06:34,991 |   -> New best val loss: 13.8746 (saved best_model.pt)
2026-06-26 12:06:38,866 |   -> New best val loss: 13.8416 (saved best_model.pt)
2026-06-26 12:06:42,664 |   -> New best val loss: 13.8026 (saved best_model.pt)
2026-06-26 12:06:46,074 |   -> New best val loss: 13.7490 (saved best_model.pt)
2026-06-26 12:06:49,623 |   -> New best val loss: 13.7070 (saved best_model.pt)
2026-06-26 12:06:53,024 |   -> New best val loss: 13.6245 (saved best_model.pt)
2026-06-26 12:06:56,855 |   -> New best val loss: 13.5825 (saved best_model.pt)
2026-06-26 12:07:04,252 | Epoch  490/1400 | kl_g0_w=1.00 kl_u_w=1.00 | train=13.8786 (recon=8.7228, kl_g0=2.2264, kl_u=2.9293, cls=0.7130) | val=13.5352 | lr=1.00e-04
2026-06-26 12:07:04,281 |   -> New best val loss: 13.5352 (saved best_model.pt)
2026-06-26 12:07:08,070 |   -> New best val loss: 13.4472 (saved best_model.pt)
2026-06-26 12:07:11,764 |   -> New best val loss: 13.4078 (saved best_model.pt)
2026-06-26 12:07:19,211 |   -> New best val loss: 13.3632 (saved best_model.pt)
2026-06-26 12:07:22,761 |   -> New best val loss: 13.2988 (saved best_model.pt)
2026-06-26 12:07:26,755 |   -> New best val loss: 13.2107 (saved best_model.pt)
2026-06-26 12:07:30,648 |   -> New best val loss: 13.1084 (saved best_model.pt)
2026-06-26 12:07:34,311 |   -> New best val loss: 13.0901 (saved best_model.pt)
2026-06-26 12:07:41,502 | Epoch  500/1400 | kl_g0_w=1.00 kl_u_w=1.00 | train=13.3620 (recon=8.5195, kl_g0=1.9304, kl_u=2.9121, cls=0.7142) | val=13.0802 | lr=1.00e-04
2026-06-26 12:07:41,532 |   -> New best val loss: 13.0802 (saved best_model.pt)
2026-06-26 12:07:45,177 |   -> New best val loss: 13.0293 (saved best_model.pt)
2026-06-26 12:07:48,864 |   -> New best val loss: 12.9520 (saved best_model.pt)
2026-06-26 12:07:52,504 |   -> New best val loss: 12.9353 (saved best_model.pt)
2026-06-26 12:07:56,205 |   -> New best val loss: 12.8967 (saved best_model.pt)
2026-06-26 12:08:00,304 |   -> New best val loss: 12.8387 (saved best_model.pt)
2026-06-26 12:08:07,946 |   -> New best val loss: 12.7709 (saved best_model.pt)
2026-06-26 12:08:11,787 |   -> New best val loss: 12.7488 (saved best_model.pt)
2026-06-26 12:08:16,167 |   -> New best val loss: 12.6736 (saved best_model.pt)
2026-06-26 12:08:20,098 | Epoch  510/1400 | kl_g0_w=1.00 kl_u_w=1.00 | train=12.9796 (recon=8.3935, kl_g0=1.6843, kl_u=2.9019, cls=0.7172) | val=12.6437 | lr=1.00e-04
2026-06-26 12:08:20,128 |   -> New best val loss: 12.6437 (saved best_model.pt)
2026-06-26 12:08:23,747 |   -> New best val loss: 12.6212 (saved best_model.pt)
2026-06-26 12:08:27,462 |   -> New best val loss: 12.5334 (saved best_model.pt)
2026-06-26 12:08:30,836 |   -> New best val loss: 12.5128 (saved best_model.pt)
2026-06-26 12:08:34,480 |   -> New best val loss: 12.4588 (saved best_model.pt)
2026-06-26 12:08:38,094 |   -> New best val loss: 12.4584 (saved best_model.pt)
2026-06-26 12:08:42,019 |   -> New best val loss: 12.4030 (saved best_model.pt)
2026-06-26 12:08:45,599 |   -> New best val loss: 12.3791 (saved best_model.pt)
2026-06-26 12:08:49,283 |   -> New best val loss: 12.3179 (saved best_model.pt)
2026-06-26 12:08:53,194 |   -> New best val loss: 12.2992 (saved best_model.pt)
2026-06-26 12:08:56,892 | Epoch  520/1400 | kl_g0_w=1.00 kl_u_w=1.00 | train=12.5643 (recon=8.2361, kl_g0=1.4501, kl_u=2.8781, cls=0.7185) | val=12.2417 | lr=1.00e-04
2026-06-26 12:08:56,922 |   -> New best val loss: 12.2417 (saved best_model.pt)
2026-06-26 12:09:00,860 |   -> New best val loss: 12.2413 (saved best_model.pt)
2026-06-26 12:09:04,509 |   -> New best val loss: 12.2017 (saved best_model.pt)
2026-06-26 12:09:08,090 |   -> New best val loss: 12.1490 (saved best_model.pt)
2026-06-26 12:09:12,067 |   -> New best val loss: 12.1124 (saved best_model.pt)
2026-06-26 12:09:16,022 |   -> New best val loss: 12.0522 (saved best_model.pt)
2026-06-26 12:09:19,792 |   -> New best val loss: 12.0025 (saved best_model.pt)
2026-06-26 12:09:23,817 |   -> New best val loss: 11.9969 (saved best_model.pt)
2026-06-26 12:09:27,717 |   -> New best val loss: 11.9458 (saved best_model.pt)
2026-06-26 12:09:31,545 |   -> New best val loss: 11.9416 (saved best_model.pt)
2026-06-26 12:09:35,306 | Epoch  530/1400 | kl_g0_w=1.00 kl_u_w=1.00 | train=12.1809 (recon=8.0608, kl_g0=1.2340, kl_u=2.8861, cls=0.7212) | val=11.9037 | lr=1.00e-04
2026-06-26 12:09:35,357 |   -> New best val loss: 11.9037 (saved best_model.pt)
2026-06-26 12:09:38,987 |   -> New best val loss: 11.8607 (saved best_model.pt)
2026-06-26 12:09:42,882 |   -> New best val loss: 11.8140 (saved best_model.pt)
2026-06-26 12:09:46,780 |   -> New best val loss: 11.7947 (saved best_model.pt)
2026-06-26 12:09:50,554 |   -> New best val loss: 11.7650 (saved best_model.pt)
2026-06-26 12:09:54,400 |   -> New best val loss: 11.7398 (saved best_model.pt)
2026-06-26 12:10:00,207 |   -> New best val loss: 11.6783 (saved best_model.pt)
2026-06-26 12:10:05,578 |   -> New best val loss: 11.6489 (saved best_model.pt)
2026-06-26 12:10:10,679 |   -> New best val loss: 11.5950 (saved best_model.pt)
2026-06-26 12:10:21,109 | Epoch  540/1400 | kl_g0_w=1.00 kl_u_w=1.00 | train=11.8330 (recon=7.9086, kl_g0=1.0524, kl_u=2.8721, cls=0.7245) | val=11.5774 | lr=1.00e-04
2026-06-26 12:10:21,182 |   -> New best val loss: 11.5774 (saved best_model.pt)
2026-06-26 12:10:26,162 |   -> New best val loss: 11.5650 (saved best_model.pt)
2026-06-26 12:10:31,552 |   -> New best val loss: 11.5208 (saved best_model.pt)
2026-06-26 12:10:36,736 |   -> New best val loss: 11.5019 (saved best_model.pt)
2026-06-26 12:10:42,114 |   -> New best val loss: 11.4578 (saved best_model.pt)
2026-06-26 12:10:46,883 |   -> New best val loss: 11.4453 (saved best_model.pt)
2026-06-26 12:10:51,614 |   -> New best val loss: 11.4225 (saved best_model.pt)
2026-06-26 12:10:55,536 |   -> New best val loss: 11.4115 (saved best_model.pt)
2026-06-26 12:11:00,287 |   -> New best val loss: 11.3681 (saved best_model.pt)
2026-06-26 12:11:04,562 |   -> New best val loss: 11.3267 (saved best_model.pt)
2026-06-26 12:11:08,216 | Epoch  550/1400 | kl_g0_w=1.00 kl_u_w=1.00 | train=11.5104 (recon=7.7631, kl_g0=0.8890, kl_u=2.8583, cls=0.7264) | val=11.3135 | lr=1.00e-04
2026-06-26 12:11:08,273 |   -> New best val loss: 11.3135 (saved best_model.pt)
2026-06-26 12:11:11,986 |   -> New best val loss: 11.2919 (saved best_model.pt)
2026-06-26 12:11:16,084 |   -> New best val loss: 11.2662 (saved best_model.pt)
2026-06-26 12:11:19,836 |   -> New best val loss: 11.2381 (saved best_model.pt)
2026-06-26 12:11:23,622 |   -> New best val loss: 11.2131 (saved best_model.pt)
2026-06-26 12:11:27,138 |   -> New best val loss: 11.1851 (saved best_model.pt)
2026-06-26 12:11:31,052 |   -> New best val loss: 11.1564 (saved best_model.pt)
2026-06-26 12:11:34,543 |   -> New best val loss: 11.1193 (saved best_model.pt)
2026-06-26 12:11:37,980 |   -> New best val loss: 11.1051 (saved best_model.pt)
2026-06-26 12:11:41,714 |   -> New best val loss: 11.0979 (saved best_model.pt)
2026-06-26 12:11:45,422 | Epoch  560/1400 | kl_g0_w=1.00 kl_u_w=1.00 | train=11.2458 (recon=7.6206, kl_g0=0.7568, kl_u=2.8684, cls=0.7290) | val=11.0766 | lr=1.00e-04
2026-06-26 12:11:45,473 |   -> New best val loss: 11.0766 (saved best_model.pt)
2026-06-26 12:11:48,898 |   -> New best val loss: 11.0302 (saved best_model.pt)
2026-06-26 12:11:52,910 |   -> New best val loss: 11.0132 (saved best_model.pt)
2026-06-26 12:11:56,652 |   -> New best val loss: 11.0006 (saved best_model.pt)
2026-06-26 12:12:00,675 |   -> New best val loss: 10.9900 (saved best_model.pt)
2026-06-26 12:12:04,319 |   -> New best val loss: 10.9565 (saved best_model.pt)
2026-06-26 12:12:08,424 |   -> New best val loss: 10.9370 (saved best_model.pt)
2026-06-26 12:12:12,405 |   -> New best val loss: 10.9208 (saved best_model.pt)
2026-06-26 12:12:15,887 |   -> New best val loss: 10.9050 (saved best_model.pt)
2026-06-26 12:12:19,814 |   -> New best val loss: 10.8776 (saved best_model.pt)
2026-06-26 12:12:23,796 | Epoch  570/1400 | kl_g0_w=1.00 kl_u_w=1.00 | train=11.0422 (recon=7.5332, kl_g0=0.6469, kl_u=2.8622, cls=0.7321) | val=10.8639 | lr=1.00e-04
2026-06-26 12:12:23,839 |   -> New best val loss: 10.8639 (saved best_model.pt)
2026-06-26 12:12:27,382 |   -> New best val loss: 10.8496 (saved best_model.pt)
2026-06-26 12:12:31,142 |   -> New best val loss: 10.8417 (saved best_model.pt)
2026-06-26 12:12:34,814 |   -> New best val loss: 10.8231 (saved best_model.pt)
2026-06-26 12:12:38,983 |   -> New best val loss: 10.7893 (saved best_model.pt)
2026-06-26 12:12:42,908 |   -> New best val loss: 10.7626 (saved best_model.pt)
2026-06-26 12:12:46,897 |   -> New best val loss: 10.7612 (saved best_model.pt)
2026-06-26 12:12:50,410 |   -> New best val loss: 10.7440 (saved best_model.pt)
2026-06-26 12:12:53,901 |   -> New best val loss: 10.7272 (saved best_model.pt)
2026-06-26 12:12:57,775 |   -> New best val loss: 10.6996 (saved best_model.pt)
2026-06-26 12:13:01,513 | Epoch  580/1400 | kl_g0_w=1.00 kl_u_w=1.00 | train=10.7804 (recon=7.3759, kl_g0=0.5550, kl_u=2.8495, cls=0.7351) | val=10.6899 | lr=1.00e-04
2026-06-26 12:13:01,560 |   -> New best val loss: 10.6899 (saved best_model.pt)
2026-06-26 12:13:05,458 |   -> New best val loss: 10.6506 (saved best_model.pt)
2026-06-26 12:13:09,244 |   -> New best val loss: 10.6330 (saved best_model.pt)
2026-06-26 12:13:13,235 |   -> New best val loss: 10.6296 (saved best_model.pt)
2026-06-26 12:13:16,849 |   -> New best val loss: 10.6270 (saved best_model.pt)
2026-06-26 12:13:20,454 |   -> New best val loss: 10.6110 (saved best_model.pt)
2026-06-26 12:13:24,065 |   -> New best val loss: 10.5986 (saved best_model.pt)
2026-06-26 12:13:28,090 |   -> New best val loss: 10.5806 (saved best_model.pt)
2026-06-26 12:13:31,931 |   -> New best val loss: 10.5675 (saved best_model.pt)
2026-06-26 12:13:35,564 |   -> New best val loss: 10.5564 (saved best_model.pt)
2026-06-26 12:13:38,945 | Epoch  590/1400 | kl_g0_w=1.00 kl_u_w=1.00 | train=10.4907 (recon=7.1777, kl_g0=0.4799, kl_u=2.8331, cls=0.7364) | val=10.5331 | lr=1.00e-04
2026-06-26 12:13:38,980 |   -> New best val loss: 10.5331 (saved best_model.pt)
2026-06-26 12:13:46,589 |   -> New best val loss: 10.5142 (saved best_model.pt)
2026-06-26 12:13:54,239 |   -> New best val loss: 10.4906 (saved best_model.pt)
2026-06-26 12:13:58,029 |   -> New best val loss: 10.4857 (saved best_model.pt)
2026-06-26 12:14:01,718 |   -> New best val loss: 10.4537 (saved best_model.pt)
2026-06-26 12:14:05,698 |   -> New best val loss: 10.4495 (saved best_model.pt)
2026-06-26 12:14:09,855 |   -> New best val loss: 10.4314 (saved best_model.pt)
2026-06-26 12:14:17,361 | Epoch  600/1400 | kl_g0_w=1.00 kl_u_w=1.00 | train=10.4028 (recon=7.1451, kl_g0=0.4241, kl_u=2.8335, cls=0.7388) | val=10.4071 | lr=1.00e-04
2026-06-26 12:14:17,416 |   -> New best val loss: 10.4071 (saved best_model.pt)
2026-06-26 12:14:21,165 |   -> New best val loss: 10.3989 (saved best_model.pt)
2026-06-26 12:14:25,156 |   -> New best val loss: 10.3695 (saved best_model.pt)
2026-06-26 12:14:33,009 |   -> New best val loss: 10.3639 (saved best_model.pt)
2026-06-26 12:14:36,941 |   -> New best val loss: 10.3594 (saved best_model.pt)
2026-06-26 12:14:40,907 |   -> New best val loss: 10.3127 (saved best_model.pt)
2026-06-26 12:14:44,548 |   -> New best val loss: 10.3071 (saved best_model.pt)
2026-06-26 12:14:56,437 | Epoch  610/1400 | kl_g0_w=1.00 kl_u_w=1.00 | train=10.2301 (recon=7.0306, kl_g0=0.3697, kl_u=2.8298, cls=0.7408) | val=10.2909 | lr=1.00e-04
2026-06-26 12:14:56,489 |   -> New best val loss: 10.2909 (saved best_model.pt)
2026-06-26 12:15:00,768 |   -> New best val loss: 10.2879 (saved best_model.pt)
2026-06-26 12:15:04,781 |   -> New best val loss: 10.2697 (saved best_model.pt)
2026-06-26 12:15:12,407 |   -> New best val loss: 10.2616 (saved best_model.pt)
2026-06-26 12:15:16,126 |   -> New best val loss: 10.2399 (saved best_model.pt)
2026-06-26 12:15:19,883 |   -> New best val loss: 10.2286 (saved best_model.pt)
2026-06-26 12:15:23,695 |   -> New best val loss: 10.2202 (saved best_model.pt)
2026-06-26 12:15:31,554 |   -> New best val loss: 10.2130 (saved best_model.pt)
2026-06-26 12:15:35,298 | Epoch  620/1400 | kl_g0_w=1.00 kl_u_w=1.00 | train=10.0608 (recon=6.9001, kl_g0=0.3289, kl_u=2.8319, cls=0.7418) | val=10.1926 | lr=1.00e-04
2026-06-26 12:15:35,359 |   -> New best val loss: 10.1926 (saved best_model.pt)
2026-06-26 12:15:40,242 |   -> New best val loss: 10.1681 (saved best_model.pt)
2026-06-26 12:15:55,519 |   -> New best val loss: 10.1628 (saved best_model.pt)
2026-06-26 12:16:00,999 |   -> New best val loss: 10.1287 (saved best_model.pt)
2026-06-26 12:16:06,324 |   -> New best val loss: 10.1191 (saved best_model.pt)
2026-06-26 12:16:16,686 |   -> New best val loss: 10.1021 (saved best_model.pt)
2026-06-26 12:16:26,016 | Epoch  630/1400 | kl_g0_w=1.00 kl_u_w=1.00 | train=9.9170 (recon=6.7967, kl_g0=0.2919, kl_u=2.8284, cls=0.7434) | val=10.0790 | lr=1.00e-04
2026-06-26 12:16:26,081 |   -> New best val loss: 10.0790 (saved best_model.pt)
2026-06-26 12:16:42,006 |   -> New best val loss: 10.0598 (saved best_model.pt)
2026-06-26 12:16:49,583 |   -> New best val loss: 10.0352 (saved best_model.pt)
2026-06-26 12:16:57,064 |   -> New best val loss: 10.0278 (saved best_model.pt)
2026-06-26 12:17:04,035 | Epoch  640/1400 | kl_g0_w=1.00 kl_u_w=1.00 | train=9.8509 (recon=6.7530, kl_g0=0.2649, kl_u=2.8330, cls=0.7452) | val=10.0165 | lr=1.00e-04
2026-06-26 12:17:04,086 |   -> New best val loss: 10.0165 (saved best_model.pt)
2026-06-26 12:17:11,227 |   -> New best val loss: 9.9782 (saved best_model.pt)
2026-06-26 12:17:18,471 |   -> New best val loss: 9.9699 (saved best_model.pt)
2026-06-26 12:17:25,787 |   -> New best val loss: 9.9672 (saved best_model.pt)
2026-06-26 12:17:29,455 |   -> New best val loss: 9.9606 (saved best_model.pt)
2026-06-26 12:17:33,298 |   -> New best val loss: 9.9450 (saved best_model.pt)
2026-06-26 12:17:37,060 |   -> New best val loss: 9.9297 (saved best_model.pt)
2026-06-26 12:17:40,610 | Epoch  650/1400 | kl_g0_w=1.00 kl_u_w=1.00 | train=9.7364 (recon=6.6778, kl_g0=0.2342, kl_u=2.8245, cls=0.7454) | val=9.9321 | lr=1.00e-04
2026-06-26 12:17:44,346 |   -> New best val loss: 9.8967 (saved best_model.pt)
2026-06-26 12:17:47,982 |   -> New best val loss: 9.8897 (saved best_model.pt)
2026-06-26 12:18:02,992 |   -> New best val loss: 9.8750 (saved best_model.pt)
2026-06-26 12:18:06,665 |   -> New best val loss: 9.8724 (saved best_model.pt)
2026-06-26 12:18:10,854 |   -> New best val loss: 9.8638 (saved best_model.pt)
2026-06-26 12:18:14,873 |   -> New best val loss: 9.8513 (saved best_model.pt)
2026-06-26 12:18:18,475 | Epoch  660/1400 | kl_g0_w=1.00 kl_u_w=1.00 | train=9.6447 (recon=6.6088, kl_g0=0.2129, kl_u=2.8231, cls=0.7478) | val=9.8617 | lr=1.00e-04
2026-06-26 12:18:22,182 |   -> New best val loss: 9.8438 (saved best_model.pt)
2026-06-26 12:18:29,445 |   -> New best val loss: 9.8183 (saved best_model.pt)
2026-06-26 12:18:33,092 |   -> New best val loss: 9.8156 (saved best_model.pt)
2026-06-26 12:18:37,076 |   -> New best val loss: 9.8055 (saved best_model.pt)
2026-06-26 12:18:41,034 |   -> New best val loss: 9.7959 (saved best_model.pt)
2026-06-26 12:18:44,791 |   -> New best val loss: 9.7858 (saved best_model.pt)
2026-06-26 12:18:51,648 |   -> New best val loss: 9.7856 (saved best_model.pt)
2026-06-26 12:18:55,228 | Epoch  670/1400 | kl_g0_w=1.00 kl_u_w=1.00 | train=9.5476 (recon=6.5304, kl_g0=0.1959, kl_u=2.8214, cls=0.7485) | val=9.7741 | lr=1.00e-04
2026-06-26 12:18:55,278 |   -> New best val loss: 9.7741 (saved best_model.pt)
2026-06-26 12:18:59,109 |   -> New best val loss: 9.7722 (saved best_model.pt)
2026-06-26 12:19:02,966 |   -> New best val loss: 9.7570 (saved best_model.pt)
2026-06-26 12:19:10,844 |   -> New best val loss: 9.7529 (saved best_model.pt)
2026-06-26 12:19:14,690 |   -> New best val loss: 9.7514 (saved best_model.pt)
2026-06-26 12:19:18,391 |   -> New best val loss: 9.7278 (saved best_model.pt)
2026-06-26 12:19:29,460 |   -> New best val loss: 9.7100 (saved best_model.pt)
2026-06-26 12:19:32,929 | Epoch  680/1400 | kl_g0_w=1.00 kl_u_w=1.00 | train=9.4689 (recon=6.4753, kl_g0=0.1760, kl_u=2.8177, cls=0.7476) | val=9.6860 | lr=1.00e-04
2026-06-26 12:19:32,984 |   -> New best val loss: 9.6860 (saved best_model.pt)
2026-06-26 12:19:47,570 |   -> New best val loss: 9.6594 (saved best_model.pt)
2026-06-26 12:20:02,919 |   -> New best val loss: 9.6566 (saved best_model.pt)
2026-06-26 12:20:10,437 | Epoch  690/1400 | kl_g0_w=1.00 kl_u_w=1.00 | train=9.4073 (recon=6.4333, kl_g0=0.1635, kl_u=2.8105, cls=0.7477) | val=9.6366 | lr=1.00e-04
2026-06-26 12:20:10,474 |   -> New best val loss: 9.6366 (saved best_model.pt)
2026-06-26 12:20:21,375 |   -> New best val loss: 9.6272 (saved best_model.pt)
2026-06-26 12:20:25,340 |   -> New best val loss: 9.6255 (saved best_model.pt)
2026-06-26 12:20:28,898 |   -> New best val loss: 9.6193 (saved best_model.pt)
2026-06-26 12:20:32,567 |   -> New best val loss: 9.6109 (saved best_model.pt)
2026-06-26 12:20:36,212 |   -> New best val loss: 9.6091 (saved best_model.pt)
2026-06-26 12:20:39,759 |   -> New best val loss: 9.6073 (saved best_model.pt)
2026-06-26 12:20:43,601 |   -> New best val loss: 9.5935 (saved best_model.pt)
2026-06-26 12:20:47,261 | Epoch  700/1400 | kl_g0_w=1.00 kl_u_w=1.00 | train=9.3413 (recon=6.3786, kl_g0=0.1480, kl_u=2.8148, cls=0.7488) | val=9.5770 | lr=1.00e-04
2026-06-26 12:20:47,296 |   -> New best val loss: 9.5770 (saved best_model.pt)
2026-06-26 12:21:02,785 |   -> New best val loss: 9.5703 (saved best_model.pt)
2026-06-26 12:21:12,928 |   -> New best val loss: 9.5527 (saved best_model.pt)
2026-06-26 12:21:23,289 |   -> New best val loss: 9.5366 (saved best_model.pt)
2026-06-26 12:21:33,589 |   -> New best val loss: 9.5242 (saved best_model.pt)
2026-06-26 12:21:38,340 | Epoch  710/1400 | kl_g0_w=1.00 kl_u_w=1.00 | train=9.3040 (recon=6.3486, kl_g0=0.1388, kl_u=2.8166, cls=0.7498) | val=9.5528 | lr=1.00e-04
2026-06-26 12:21:42,622 |   -> New best val loss: 9.5189 (saved best_model.pt)
2026-06-26 12:21:51,473 |   -> New best val loss: 9.5102 (saved best_model.pt)
2026-06-26 12:21:59,388 |   -> New best val loss: 9.4956 (saved best_model.pt)
2026-06-26 12:22:13,578 |   -> New best val loss: 9.4796 (saved best_model.pt)
2026-06-26 12:22:17,007 | Epoch  720/1400 | kl_g0_w=1.00 kl_u_w=1.00 | train=9.2035 (recon=6.2495, kl_g0=0.1325, kl_u=2.8215, cls=0.7482) | val=9.4885 | lr=1.00e-04
2026-06-26 12:22:20,694 |   -> New best val loss: 9.4578 (saved best_model.pt)
2026-06-26 12:22:27,898 |   -> New best val loss: 9.4561 (saved best_model.pt)
2026-06-26 12:22:31,371 |   -> New best val loss: 9.4524 (saved best_model.pt)
2026-06-26 12:22:34,983 |   -> New best val loss: 9.4363 (saved best_model.pt)
2026-06-26 12:22:52,517 | Epoch  730/1400 | kl_g0_w=1.00 kl_u_w=1.00 | train=9.1477 (recon=6.2048, kl_g0=0.1241, kl_u=2.8188, cls=0.7480) | val=9.4285 | lr=1.00e-04
2026-06-26 12:22:52,558 |   -> New best val loss: 9.4285 (saved best_model.pt)
2026-06-26 12:22:56,321 |   -> New best val loss: 9.4057 (saved best_model.pt)
2026-06-26 12:23:10,275 |   -> New best val loss: 9.3886 (saved best_model.pt)
2026-06-26 12:23:28,839 | Epoch  740/1400 | kl_g0_w=1.00 kl_u_w=1.00 | train=9.0746 (recon=6.1337, kl_g0=0.1178, kl_u=2.8231, cls=0.7484) | val=9.3730 | lr=1.00e-04
2026-06-26 12:23:28,891 |   -> New best val loss: 9.3730 (saved best_model.pt)
2026-06-26 12:23:32,796 |   -> New best val loss: 9.3653 (saved best_model.pt)
2026-06-26 12:23:36,608 |   -> New best val loss: 9.3442 (saved best_model.pt)
2026-06-26 12:23:51,507 |   -> New best val loss: 9.3319 (saved best_model.pt)
2026-06-26 12:24:05,982 | Epoch  750/1400 | kl_g0_w=1.00 kl_u_w=1.00 | train=9.0255 (recon=6.0878, kl_g0=0.1112, kl_u=2.8265, cls=0.7476) | val=9.3088 | lr=1.00e-04
2026-06-26 12:24:06,033 |   -> New best val loss: 9.3088 (saved best_model.pt)
2026-06-26 12:24:14,122 |   -> New best val loss: 9.2964 (saved best_model.pt)
2026-06-26 12:24:21,816 |   -> New best val loss: 9.2846 (saved best_model.pt)
2026-06-26 12:24:28,891 |   -> New best val loss: 9.2600 (saved best_model.pt)
2026-06-26 12:24:44,038 | Epoch  760/1400 | kl_g0_w=1.00 kl_u_w=1.00 | train=8.9520 (recon=6.0161, kl_g0=0.1058, kl_u=2.8301, cls=0.7479) | val=9.2664 | lr=1.00e-04
2026-06-26 12:24:58,714 |   -> New best val loss: 9.2381 (saved best_model.pt)
2026-06-26 12:25:02,284 |   -> New best val loss: 9.2319 (saved best_model.pt)
2026-06-26 12:25:17,701 |   -> New best val loss: 9.2116 (saved best_model.pt)
2026-06-26 12:25:21,592 | Epoch  770/1400 | kl_g0_w=1.00 kl_u_w=1.00 | train=8.9139 (recon=5.9925, kl_g0=0.0998, kl_u=2.8216, cls=0.7485) | val=9.2175 | lr=1.00e-04
2026-06-26 12:25:32,932 |   -> New best val loss: 9.2072 (saved best_model.pt)
2026-06-26 12:25:36,722 |   -> New best val loss: 9.2030 (saved best_model.pt)
2026-06-26 12:25:40,771 |   -> New best val loss: 9.1933 (saved best_model.pt)
2026-06-26 12:25:48,198 |   -> New best val loss: 9.1917 (saved best_model.pt)
2026-06-26 12:25:52,024 |   -> New best val loss: 9.1759 (saved best_model.pt)
2026-06-26 12:25:59,650 | Epoch  780/1400 | kl_g0_w=1.00 kl_u_w=1.00 | train=8.8558 (recon=5.9282, kl_g0=0.0978, kl_u=2.8298, cls=0.7489) | val=9.1718 | lr=1.00e-04
2026-06-26 12:25:59,690 |   -> New best val loss: 9.1718 (saved best_model.pt)
2026-06-26 12:26:07,099 |   -> New best val loss: 9.1707 (saved best_model.pt)
2026-06-26 12:26:14,660 |   -> New best val loss: 9.1519 (saved best_model.pt)
2026-06-26 12:26:22,763 |   -> New best val loss: 9.1435 (saved best_model.pt)
2026-06-26 12:26:26,686 |   -> New best val loss: 9.1321 (saved best_model.pt)
2026-06-26 12:26:34,807 |   -> New best val loss: 9.1300 (saved best_model.pt)
2026-06-26 12:26:38,708 | Epoch  790/1400 | kl_g0_w=1.00 kl_u_w=1.00 | train=8.8232 (recon=5.9045, kl_g0=0.0925, kl_u=2.8262, cls=0.7500) | val=9.1423 | lr=1.00e-04
2026-06-26 12:26:42,624 |   -> New best val loss: 9.1232 (saved best_model.pt)
2026-06-26 12:26:50,168 |   -> New best val loss: 9.1079 (saved best_model.pt)
2026-06-26 12:26:57,442 |   -> New best val loss: 9.1026 (saved best_model.pt)
2026-06-26 12:27:08,171 |   -> New best val loss: 9.0910 (saved best_model.pt)
2026-06-26 12:27:18,895 |   -> New best val loss: 9.0891 (saved best_model.pt)
2026-06-26 12:27:24,307 | Epoch  800/1400 | kl_g0_w=1.00 kl_u_w=1.00 | train=8.7810 (recon=5.8627, kl_g0=0.0879, kl_u=2.8303, cls=0.7492) | val=9.0773 | lr=1.00e-04
2026-06-26 12:27:24,388 |   -> New best val loss: 9.0773 (saved best_model.pt)
2026-06-26 12:27:29,529 |   -> New best val loss: 9.0749 (saved best_model.pt)
2026-06-26 12:27:34,578 |   -> New best val loss: 9.0721 (saved best_model.pt)
2026-06-26 12:27:40,100 |   -> New best val loss: 9.0607 (saved best_model.pt)
2026-06-26 12:27:49,961 |   -> New best val loss: 9.0514 (saved best_model.pt)
2026-06-26 12:28:03,337 |   -> New best val loss: 9.0460 (saved best_model.pt)
2026-06-26 12:28:11,471 | Epoch  810/1400 | kl_g0_w=1.00 kl_u_w=1.00 | train=8.7535 (recon=5.8365, kl_g0=0.0858, kl_u=2.8313, cls=0.7489) | val=9.0238 | lr=1.00e-04
2026-06-26 12:28:11,508 |   -> New best val loss: 9.0238 (saved best_model.pt)
2026-06-26 12:28:19,836 |   -> New best val loss: 9.0178 (saved best_model.pt)
2026-06-26 12:28:27,473 |   -> New best val loss: 9.0118 (saved best_model.pt)
2026-06-26 12:28:34,923 |   -> New best val loss: 8.9952 (saved best_model.pt)
2026-06-26 12:28:49,274 | Epoch  820/1400 | kl_g0_w=1.00 kl_u_w=1.00 | train=8.6588 (recon=5.7481, kl_g0=0.0831, kl_u=2.8277, cls=0.7501) | val=8.9859 | lr=1.00e-04
2026-06-26 12:28:49,325 |   -> New best val loss: 8.9859 (saved best_model.pt)
2026-06-26 12:28:56,250 |   -> New best val loss: 8.9832 (saved best_model.pt)
2026-06-26 12:29:03,338 |   -> New best val loss: 8.9723 (saved best_model.pt)
2026-06-26 12:29:10,887 |   -> New best val loss: 8.9488 (saved best_model.pt)
2026-06-26 12:29:25,996 | Epoch  830/1400 | kl_g0_w=1.00 kl_u_w=1.00 | train=8.6616 (recon=5.7492, kl_g0=0.0818, kl_u=2.8306, cls=0.7509) | val=8.9505 | lr=1.00e-04
2026-06-26 12:29:29,385 |   -> New best val loss: 8.9413 (saved best_model.pt)
2026-06-26 12:29:33,163 |   -> New best val loss: 8.9363 (saved best_model.pt)
2026-06-26 12:29:36,747 |   -> New best val loss: 8.9298 (saved best_model.pt)
2026-06-26 12:29:40,150 |   -> New best val loss: 8.9282 (saved best_model.pt)
2026-06-26 12:29:51,656 |   -> New best val loss: 8.9206 (saved best_model.pt)
2026-06-26 12:30:02,623 | Epoch  840/1400 | kl_g0_w=1.00 kl_u_w=1.00 | train=8.5870 (recon=5.6820, kl_g0=0.0785, kl_u=2.8265, cls=0.7503) | val=8.9068 | lr=1.00e-04
2026-06-26 12:30:02,674 |   -> New best val loss: 8.9068 (saved best_model.pt)
2026-06-26 12:30:09,958 |   -> New best val loss: 8.8979 (saved best_model.pt)
2026-06-26 12:30:21,261 |   -> New best val loss: 8.8857 (saved best_model.pt)
2026-06-26 12:30:25,346 |   -> New best val loss: 8.8796 (saved best_model.pt)
2026-06-26 12:30:29,470 |   -> New best val loss: 8.8740 (saved best_model.pt)
2026-06-26 12:30:40,693 | Epoch  850/1400 | kl_g0_w=1.00 kl_u_w=1.00 | train=8.5330 (recon=5.6247, kl_g0=0.0762, kl_u=2.8320, cls=0.7500) | val=8.8611 | lr=1.00e-04
2026-06-26 12:30:40,733 |   -> New best val loss: 8.8611 (saved best_model.pt)
2026-06-26 12:30:55,315 |   -> New best val loss: 8.8455 (saved best_model.pt)
2026-06-26 12:31:03,022 |   -> New best val loss: 8.8447 (saved best_model.pt)
2026-06-26 12:31:06,755 |   -> New best val loss: 8.8399 (saved best_model.pt)
2026-06-26 12:31:13,882 |   -> New best val loss: 8.8216 (saved best_model.pt)
2026-06-26 12:31:17,715 | Epoch  860/1400 | kl_g0_w=1.00 kl_u_w=1.00 | train=8.4853 (recon=5.5863, kl_g0=0.0750, kl_u=2.8240, cls=0.7496) | val=8.8267 | lr=1.00e-04
2026-06-26 12:31:21,596 |   -> New best val loss: 8.8105 (saved best_model.pt)
2026-06-26 12:31:36,377 |   -> New best val loss: 8.7987 (saved best_model.pt)
2026-06-26 12:31:43,827 |   -> New best val loss: 8.7942 (saved best_model.pt)
2026-06-26 12:31:47,788 |   -> New best val loss: 8.7899 (saved best_model.pt)
2026-06-26 12:31:51,208 |   -> New best val loss: 8.7881 (saved best_model.pt)
2026-06-26 12:31:55,142 | Epoch  870/1400 | kl_g0_w=1.00 kl_u_w=1.00 | train=8.4381 (recon=5.5433, kl_g0=0.0722, kl_u=2.8227, cls=0.7492) | val=8.7864 | lr=1.00e-04
2026-06-26 12:31:55,194 |   -> New best val loss: 8.7864 (saved best_model.pt)
2026-06-26 12:31:58,834 |   -> New best val loss: 8.7741 (saved best_model.pt)
2026-06-26 12:32:06,469 |   -> New best val loss: 8.7727 (saved best_model.pt)
2026-06-26 12:32:13,890 |   -> New best val loss: 8.7719 (saved best_model.pt)
2026-06-26 12:32:17,370 |   -> New best val loss: 8.7607 (saved best_model.pt)
2026-06-26 12:32:21,188 |   -> New best val loss: 8.7506 (saved best_model.pt)
2026-06-26 12:32:24,959 |   -> New best val loss: 8.7472 (saved best_model.pt)
2026-06-26 12:32:34,187 | Epoch  880/1400 | kl_g0_w=1.00 kl_u_w=1.00 | train=8.3654 (recon=5.4601, kl_g0=0.0702, kl_u=2.8350, cls=0.7509) | val=8.7461 | lr=1.00e-04
2026-06-26 12:32:34,271 |   -> New best val loss: 8.7461 (saved best_model.pt)
2026-06-26 12:32:40,363 |   -> New best val loss: 8.7317 (saved best_model.pt)
2026-06-26 12:33:02,585 |   -> New best val loss: 8.7232 (saved best_model.pt)
2026-06-26 12:33:08,302 |   -> New best val loss: 8.7150 (saved best_model.pt)
2026-06-26 12:33:18,529 |   -> New best val loss: 8.7106 (saved best_model.pt)
2026-06-26 12:33:22,924 |   -> New best val loss: 8.6886 (saved best_model.pt)
2026-06-26 12:33:26,987 | Epoch  890/1400 | kl_g0_w=1.00 kl_u_w=1.00 | train=8.3508 (recon=5.4664, kl_g0=0.0677, kl_u=2.8168, cls=0.7510) | val=8.6927 | lr=1.00e-04
2026-06-26 12:33:50,251 |   -> New best val loss: 8.6714 (saved best_model.pt)
2026-06-26 12:33:57,877 |   -> New best val loss: 8.6587 (saved best_model.pt)
2026-06-26 12:34:05,306 | Epoch  900/1400 | kl_g0_w=1.00 kl_u_w=1.00 | train=8.3090 (recon=5.4129, kl_g0=0.0672, kl_u=2.8289, cls=0.7500) | val=8.6560 | lr=1.00e-04
2026-06-26 12:34:05,358 |   -> New best val loss: 8.6560 (saved best_model.pt)
2026-06-26 12:34:09,147 |   -> New best val loss: 8.6520 (saved best_model.pt)
2026-06-26 12:34:16,654 |   -> New best val loss: 8.6454 (saved best_model.pt)
2026-06-26 12:34:24,020 |   -> New best val loss: 8.6451 (saved best_model.pt)
2026-06-26 12:34:27,497 |   -> New best val loss: 8.6309 (saved best_model.pt)
2026-06-26 12:34:31,147 |   -> New best val loss: 8.6177 (saved best_model.pt)
2026-06-26 12:34:41,723 | Epoch  910/1400 | kl_g0_w=1.00 kl_u_w=1.00 | train=8.2803 (recon=5.3841, kl_g0=0.0651, kl_u=2.8312, cls=0.7503) | val=8.6131 | lr=1.00e-04
2026-06-26 12:34:41,774 |   -> New best val loss: 8.6131 (saved best_model.pt)
2026-06-26 12:34:48,790 |   -> New best val loss: 8.6034 (saved best_model.pt)
2026-06-26 12:34:56,491 |   -> New best val loss: 8.5925 (saved best_model.pt)
2026-06-26 12:35:00,346 |   -> New best val loss: 8.5902 (saved best_model.pt)
2026-06-26 12:35:04,145 |   -> New best val loss: 8.5867 (saved best_model.pt)
2026-06-26 12:35:15,382 |   -> New best val loss: 8.5699 (saved best_model.pt)
2026-06-26 12:35:18,932 | Epoch  920/1400 | kl_g0_w=1.00 kl_u_w=1.00 | train=8.2165 (recon=5.3209, kl_g0=0.0646, kl_u=2.8310, cls=0.7520) | val=8.5895 | lr=1.00e-04
2026-06-26 12:35:33,916 |   -> New best val loss: 8.5551 (saved best_model.pt)
2026-06-26 12:35:37,933 |   -> New best val loss: 8.5482 (saved best_model.pt)
2026-06-26 12:35:52,358 |   -> New best val loss: 8.5374 (saved best_model.pt)
2026-06-26 12:35:56,261 | Epoch  930/1400 | kl_g0_w=1.00 kl_u_w=1.00 | train=8.1576 (recon=5.2640, kl_g0=0.0629, kl_u=2.8307, cls=0.7503) | val=8.5225 | lr=1.00e-04
2026-06-26 12:35:56,316 |   -> New best val loss: 8.5225 (saved best_model.pt)
2026-06-26 12:36:15,127 |   -> New best val loss: 8.5122 (saved best_model.pt)
2026-06-26 12:36:18,756 |   -> New best val loss: 8.4883 (saved best_model.pt)
2026-06-26 12:36:34,435 | Epoch  940/1400 | kl_g0_w=1.00 kl_u_w=1.00 | train=8.1111 (recon=5.2198, kl_g0=0.0624, kl_u=2.8289, cls=0.7508) | val=8.4781 | lr=1.00e-04
2026-06-26 12:36:34,484 |   -> New best val loss: 8.4781 (saved best_model.pt)
2026-06-26 12:36:38,003 |   -> New best val loss: 8.4754 (saved best_model.pt)
2026-06-26 12:36:49,532 |   -> New best val loss: 8.4644 (saved best_model.pt)
2026-06-26 12:36:57,537 |   -> New best val loss: 8.4559 (saved best_model.pt)
2026-06-26 12:37:17,867 | Epoch  950/1400 | kl_g0_w=1.00 kl_u_w=1.00 | train=8.0916 (recon=5.1981, kl_g0=0.0590, kl_u=2.8345, cls=0.7522) | val=8.4512 | lr=1.00e-04
2026-06-26 12:37:17,939 |   -> New best val loss: 8.4512 (saved best_model.pt)
2026-06-26 12:37:43,723 |   -> New best val loss: 8.4281 (saved best_model.pt)
2026-06-26 12:37:48,514 |   -> New best val loss: 8.4220 (saved best_model.pt)
2026-06-26 12:38:01,421 |   -> New best val loss: 8.4054 (saved best_model.pt)
2026-06-26 12:38:05,720 | Epoch  960/1400 | kl_g0_w=1.00 kl_u_w=1.00 | train=8.0260 (recon=5.1411, kl_g0=0.0582, kl_u=2.8267, cls=0.7533) | val=8.4062 | lr=1.00e-04
2026-06-26 12:38:13,178 |   -> New best val loss: 8.3987 (saved best_model.pt)
2026-06-26 12:38:20,819 |   -> New best val loss: 8.3857 (saved best_model.pt)
2026-06-26 12:38:24,774 |   -> New best val loss: 8.3699 (saved best_model.pt)
2026-06-26 12:38:43,138 | Epoch  970/1400 | kl_g0_w=1.00 kl_u_w=1.00 | train=7.9742 (recon=5.0830, kl_g0=0.0579, kl_u=2.8334, cls=0.7505) | val=8.3643 | lr=1.00e-04
2026-06-26 12:38:43,189 |   -> New best val loss: 8.3643 (saved best_model.pt)
2026-06-26 12:38:46,731 |   -> New best val loss: 8.3557 (saved best_model.pt)
2026-06-26 12:38:50,367 |   -> New best val loss: 8.3411 (saved best_model.pt)
2026-06-26 12:39:04,999 |   -> New best val loss: 8.3369 (saved best_model.pt)
2026-06-26 12:39:12,574 |   -> New best val loss: 8.3320 (saved best_model.pt)
2026-06-26 12:39:16,456 |   -> New best val loss: 8.3214 (saved best_model.pt)
2026-06-26 12:39:20,304 | Epoch  980/1400 | kl_g0_w=1.00 kl_u_w=1.00 | train=7.9640 (recon=5.0843, kl_g0=0.0568, kl_u=2.8229, cls=0.7527) | val=8.3264 | lr=1.00e-04
2026-06-26 12:39:35,493 |   -> New best val loss: 8.3090 (saved best_model.pt)
2026-06-26 12:39:39,129 |   -> New best val loss: 8.2954 (saved best_model.pt)
2026-06-26 12:39:46,428 |   -> New best val loss: 8.2713 (saved best_model.pt)
2026-06-26 12:39:57,457 | Epoch  990/1400 | kl_g0_w=1.00 kl_u_w=1.00 | train=7.9354 (recon=5.0495, kl_g0=0.0562, kl_u=2.8297, cls=0.7532) | val=8.2917 | lr=1.00e-04
2026-06-26 12:40:09,056 |   -> New best val loss: 8.2553 (saved best_model.pt)
2026-06-26 12:40:24,136 |   -> New best val loss: 8.2391 (saved best_model.pt)
2026-06-26 12:40:35,259 | Epoch 1000/1400 | kl_g0_w=1.00 kl_u_w=1.00 | train=7.8615 (recon=4.9811, kl_g0=0.0538, kl_u=2.8267, cls=0.7532) | val=8.2340 | lr=1.00e-04
2026-06-26 12:40:35,312 |   -> New best val loss: 8.2340 (saved best_model.pt)
2026-06-26 12:40:46,946 |   -> New best val loss: 8.2195 (saved best_model.pt)
2026-06-26 12:40:58,343 |   -> New best val loss: 8.2167 (saved best_model.pt)
2026-06-26 12:41:02,227 |   -> New best val loss: 8.2109 (saved best_model.pt)
2026-06-26 12:41:06,216 |   -> New best val loss: 8.1971 (saved best_model.pt)
2026-06-26 12:41:14,263 | Epoch 1010/1400 | kl_g0_w=1.00 kl_u_w=1.00 | train=7.8483 (recon=4.9606, kl_g0=0.0543, kl_u=2.8333, cls=0.7531) | val=8.2110 | lr=1.00e-04
2026-06-26 12:41:18,221 |   -> New best val loss: 8.1936 (saved best_model.pt)
2026-06-26 12:41:25,540 |   -> New best val loss: 8.1924 (saved best_model.pt)
2026-06-26 12:41:36,643 |   -> New best val loss: 8.1675 (saved best_model.pt)
2026-06-26 12:41:47,790 |   -> New best val loss: 8.1397 (saved best_model.pt)
2026-06-26 12:41:51,682 | Epoch 1020/1400 | kl_g0_w=1.00 kl_u_w=1.00 | train=7.7841 (recon=4.9096, kl_g0=0.0537, kl_u=2.8208, cls=0.7521) | val=8.1482 | lr=1.00e-04
2026-06-26 12:42:04,880 |   -> New best val loss: 8.1337 (saved best_model.pt)
2026-06-26 12:42:10,082 |   -> New best val loss: 8.1329 (saved best_model.pt)
2026-06-26 12:42:21,361 |   -> New best val loss: 8.1297 (saved best_model.pt)
2026-06-26 12:42:26,673 |   -> New best val loss: 8.1094 (saved best_model.pt)
2026-06-26 12:42:37,440 |   -> New best val loss: 8.0961 (saved best_model.pt)
2026-06-26 12:42:42,247 | Epoch 1030/1400 | kl_g0_w=1.00 kl_u_w=1.00 | train=7.7053 (recon=4.8236, kl_g0=0.0537, kl_u=2.8280, cls=0.7529) | val=8.1100 | lr=1.00e-04
2026-06-26 12:42:57,006 |   -> New best val loss: 8.0933 (saved best_model.pt)
2026-06-26 12:43:01,249 |   -> New best val loss: 8.0769 (saved best_model.pt)
2026-06-26 12:43:17,857 |   -> New best val loss: 8.0711 (saved best_model.pt)
2026-06-26 12:43:25,142 | Epoch 1040/1400 | kl_g0_w=1.00 kl_u_w=1.00 | train=7.6953 (recon=4.8133, kl_g0=0.0515, kl_u=2.8305, cls=0.7521) | val=8.0640 | lr=1.00e-04
2026-06-26 12:43:25,179 |   -> New best val loss: 8.0640 (saved best_model.pt)
2026-06-26 12:43:36,089 |   -> New best val loss: 8.0546 (saved best_model.pt)
2026-06-26 12:43:42,985 |   -> New best val loss: 8.0465 (saved best_model.pt)
2026-06-26 12:43:46,715 |   -> New best val loss: 8.0318 (saved best_model.pt)
2026-06-26 12:44:01,108 | Epoch 1050/1400 | kl_g0_w=1.00 kl_u_w=1.00 | train=7.6696 (recon=4.7876, kl_g0=0.0514, kl_u=2.8306, cls=0.7534) | val=8.0318 | lr=1.00e-04
2026-06-26 12:44:01,139 |   -> New best val loss: 8.0318 (saved best_model.pt)
2026-06-26 12:44:04,503 |   -> New best val loss: 8.0224 (saved best_model.pt)
2026-06-26 12:44:11,593 |   -> New best val loss: 8.0149 (saved best_model.pt)
2026-06-26 12:44:15,432 |   -> New best val loss: 8.0029 (saved best_model.pt)
2026-06-26 12:44:19,052 |   -> New best val loss: 7.9984 (saved best_model.pt)
2026-06-26 12:44:37,131 | Epoch 1060/1400 | kl_g0_w=1.00 kl_u_w=1.00 | train=7.6156 (recon=4.7391, kl_g0=0.0498, kl_u=2.8266, cls=0.7540) | val=7.9868 | lr=1.00e-04
2026-06-26 12:44:37,176 |   -> New best val loss: 7.9868 (saved best_model.pt)
2026-06-26 12:44:44,199 |   -> New best val loss: 7.9661 (saved best_model.pt)
2026-06-26 12:44:58,705 |   -> New best val loss: 7.9417 (saved best_model.pt)
2026-06-26 12:45:13,104 | Epoch 1070/1400 | kl_g0_w=1.00 kl_u_w=1.00 | train=7.5623 (recon=4.6821, kl_g0=0.0502, kl_u=2.8300, cls=0.7556) | val=7.9444 | lr=1.00e-04
2026-06-26 12:45:19,940 |   -> New best val loss: 7.9409 (saved best_model.pt)
2026-06-26 12:45:23,599 |   -> New best val loss: 7.9284 (saved best_model.pt)
2026-06-26 12:45:27,226 |   -> New best val loss: 7.9155 (saved best_model.pt)
2026-06-26 12:45:47,596 | Epoch 1080/1400 | kl_g0_w=1.00 kl_u_w=1.00 | train=7.5065 (recon=4.6251, kl_g0=0.0492, kl_u=2.8323, cls=0.7562) | val=7.9126 | lr=1.00e-04
2026-06-26 12:45:47,646 |   -> New best val loss: 7.9126 (saved best_model.pt)
2026-06-26 12:45:51,081 |   -> New best val loss: 7.8962 (saved best_model.pt)
2026-06-26 12:45:58,039 |   -> New best val loss: 7.8957 (saved best_model.pt)
2026-06-26 12:46:01,404 |   -> New best val loss: 7.8792 (saved best_model.pt)
2026-06-26 12:46:08,525 |   -> New best val loss: 7.8738 (saved best_model.pt)
2026-06-26 12:46:12,431 |   -> New best val loss: 7.8522 (saved best_model.pt)
2026-06-26 12:46:23,538 | Epoch 1090/1400 | kl_g0_w=1.00 kl_u_w=1.00 | train=7.5082 (recon=4.6309, kl_g0=0.0465, kl_u=2.8308, cls=0.7549) | val=7.8790 | lr=1.00e-04
2026-06-26 12:46:30,509 |   -> New best val loss: 7.8450 (saved best_model.pt)
2026-06-26 12:46:45,169 |   -> New best val loss: 7.8373 (saved best_model.pt)
2026-06-26 12:46:48,792 |   -> New best val loss: 7.8333 (saved best_model.pt)
2026-06-26 12:46:55,941 |   -> New best val loss: 7.8305 (saved best_model.pt)
2026-06-26 12:46:59,530 | Epoch 1100/1400 | kl_g0_w=1.00 kl_u_w=1.00 | train=7.4641 (recon=4.5868, kl_g0=0.0471, kl_u=2.8302, cls=0.7559) | val=7.8211 | lr=1.00e-04
2026-06-26 12:46:59,563 |   -> New best val loss: 7.8211 (saved best_model.pt)
2026-06-26 12:47:03,144 |   -> New best val loss: 7.8180 (saved best_model.pt)
2026-06-26 12:47:06,622 |   -> New best val loss: 7.8147 (saved best_model.pt)
2026-06-26 12:47:10,074 |   -> New best val loss: 7.8079 (saved best_model.pt)
2026-06-26 12:47:13,449 |   -> New best val loss: 7.8037 (saved best_model.pt)
2026-06-26 12:47:21,279 |   -> New best val loss: 7.7999 (saved best_model.pt)
2026-06-26 12:47:36,662 |   -> New best val loss: 7.7826 (saved best_model.pt)
2026-06-26 12:47:41,859 | Epoch 1110/1400 | kl_g0_w=1.00 kl_u_w=1.00 | train=7.4032 (recon=4.5309, kl_g0=0.0456, kl_u=2.8267, cls=0.7560) | val=7.7828 | lr=1.00e-04
2026-06-26 12:47:51,298 |   -> New best val loss: 7.7800 (saved best_model.pt)
2026-06-26 12:47:56,381 |   -> New best val loss: 7.7739 (saved best_model.pt)
2026-06-26 12:48:04,897 |   -> New best val loss: 7.7694 (saved best_model.pt)
2026-06-26 12:48:12,629 |   -> New best val loss: 7.7520 (saved best_model.pt)
2026-06-26 12:48:24,271 | Epoch 1120/1400 | kl_g0_w=1.00 kl_u_w=1.00 | train=7.3701 (recon=4.4983, kl_g0=0.0448, kl_u=2.8269, cls=0.7579) | val=7.7335 | lr=1.00e-04
2026-06-26 12:48:24,302 |   -> New best val loss: 7.7335 (saved best_model.pt)
2026-06-26 12:48:48,366 |   -> New best val loss: 7.7175 (saved best_model.pt)
2026-06-26 12:48:55,373 |   -> New best val loss: 7.7059 (saved best_model.pt)
2026-06-26 12:48:58,940 | Epoch 1130/1400 | kl_g0_w=1.00 kl_u_w=1.00 | train=7.3382 (recon=4.4679, kl_g0=0.0453, kl_u=2.8250, cls=0.7555) | val=7.7103 | lr=1.00e-04
2026-06-26 12:49:02,504 |   -> New best val loss: 7.6983 (saved best_model.pt)
2026-06-26 12:49:05,950 |   -> New best val loss: 7.6951 (saved best_model.pt)
2026-06-26 12:49:16,304 |   -> New best val loss: 7.6929 (saved best_model.pt)
2026-06-26 12:49:19,655 |   -> New best val loss: 7.6768 (saved best_model.pt)
2026-06-26 12:49:33,156 | Epoch 1140/1400 | kl_g0_w=1.00 kl_u_w=1.00 | train=7.2895 (recon=4.4206, kl_g0=0.0451, kl_u=2.8237, cls=0.7577) | val=7.6736 | lr=1.00e-04
2026-06-26 12:49:33,204 |   -> New best val loss: 7.6736 (saved best_model.pt)
2026-06-26 12:49:40,457 |   -> New best val loss: 7.6706 (saved best_model.pt)
2026-06-26 12:49:44,289 |   -> New best val loss: 7.6669 (saved best_model.pt)
2026-06-26 12:49:50,958 |   -> New best val loss: 7.6603 (saved best_model.pt)
2026-06-26 12:49:54,230 |   -> New best val loss: 7.6431 (saved best_model.pt)
2026-06-26 12:50:01,183 |   -> New best val loss: 7.6425 (saved best_model.pt)
2026-06-26 12:50:08,351 | Epoch 1150/1400 | kl_g0_w=1.00 kl_u_w=1.00 | train=7.2584 (recon=4.3865, kl_g0=0.0431, kl_u=2.8287, cls=0.7575) | val=7.6442 | lr=1.00e-04
2026-06-26 12:50:12,256 |   -> New best val loss: 7.6315 (saved best_model.pt)
2026-06-26 12:50:15,588 |   -> New best val loss: 7.6176 (saved best_model.pt)
2026-06-26 12:50:22,523 |   -> New best val loss: 7.6088 (saved best_model.pt)
2026-06-26 12:50:33,335 |   -> New best val loss: 7.6019 (saved best_model.pt)
2026-06-26 12:50:40,389 |   -> New best val loss: 7.5960 (saved best_model.pt)
2026-06-26 12:50:43,924 | Epoch 1160/1400 | kl_g0_w=1.00 kl_u_w=1.00 | train=7.2086 (recon=4.3448, kl_g0=0.0420, kl_u=2.8219, cls=0.7582) | val=7.5925 | lr=1.00e-04
2026-06-26 12:50:43,976 |   -> New best val loss: 7.5925 (saved best_model.pt)
2026-06-26 12:50:54,375 |   -> New best val loss: 7.5880 (saved best_model.pt)
2026-06-26 12:50:57,864 |   -> New best val loss: 7.5801 (saved best_model.pt)
2026-06-26 12:51:01,363 |   -> New best val loss: 7.5656 (saved best_model.pt)
2026-06-26 12:51:12,501 |   -> New best val loss: 7.5492 (saved best_model.pt)
2026-06-26 12:51:15,813 |   -> New best val loss: 7.5482 (saved best_model.pt)
2026-06-26 12:51:19,135 | Epoch 1170/1400 | kl_g0_w=1.00 kl_u_w=1.00 | train=7.1859 (recon=4.3200, kl_g0=0.0419, kl_u=2.8240, cls=0.7605) | val=7.5561 | lr=1.00e-04
2026-06-26 12:51:29,503 |   -> New best val loss: 7.5449 (saved best_model.pt)
2026-06-26 12:51:36,990 |   -> New best val loss: 7.5382 (saved best_model.pt)
2026-06-26 12:51:40,758 |   -> New best val loss: 7.5274 (saved best_model.pt)
2026-06-26 12:51:44,142 |   -> New best val loss: 7.5244 (saved best_model.pt)
2026-06-26 12:51:54,248 | Epoch 1180/1400 | kl_g0_w=1.00 kl_u_w=1.00 | train=7.1140 (recon=4.2480, kl_g0=0.0410, kl_u=2.8250, cls=0.7587) | val=7.5318 | lr=1.00e-04
2026-06-26 12:51:57,827 |   -> New best val loss: 7.5216 (saved best_model.pt)
2026-06-26 12:52:01,342 |   -> New best val loss: 7.5077 (saved best_model.pt)
2026-06-26 12:52:05,149 |   -> New best val loss: 7.4995 (saved best_model.pt)
2026-06-26 12:52:09,100 |   -> New best val loss: 7.4989 (saved best_model.pt)
2026-06-26 12:52:12,673 |   -> New best val loss: 7.4862 (saved best_model.pt)
2026-06-26 12:52:23,886 |   -> New best val loss: 7.4802 (saved best_model.pt)
2026-06-26 12:52:30,872 | Epoch 1190/1400 | kl_g0_w=1.00 kl_u_w=1.00 | train=7.0941 (recon=4.2334, kl_g0=0.0401, kl_u=2.8206, cls=0.7577) | val=7.4936 | lr=1.00e-04
2026-06-26 12:52:34,607 |   -> New best val loss: 7.4793 (saved best_model.pt)
2026-06-26 12:52:39,529 |   -> New best val loss: 7.4719 (saved best_model.pt)
2026-06-26 12:52:43,626 |   -> New best val loss: 7.4625 (saved best_model.pt)
2026-06-26 12:52:47,383 |   -> New best val loss: 7.4584 (saved best_model.pt)
2026-06-26 12:52:50,895 |   -> New best val loss: 7.4545 (saved best_model.pt)
2026-06-26 12:53:05,978 | Epoch 1200/1400 | kl_g0_w=1.00 kl_u_w=1.00 | train=7.0472 (recon=4.1811, kl_g0=0.0421, kl_u=2.8240, cls=0.7602) | val=7.4638 | lr=1.00e-04
2026-06-26 12:53:11,810 |   -> New best val loss: 7.4315 (saved best_model.pt)
2026-06-26 12:53:14,659 |   -> New best val loss: 7.4163 (saved best_model.pt)
2026-06-26 12:53:17,569 |   -> New best val loss: 7.4132 (saved best_model.pt)
2026-06-26 12:53:26,212 |   -> New best val loss: 7.4131 (saved best_model.pt)
2026-06-26 12:53:36,472 | Epoch 1210/1400 | kl_g0_w=1.00 kl_u_w=1.00 | train=7.0119 (recon=4.1515, kl_g0=0.0402, kl_u=2.8203, cls=0.7636) | val=7.4008 | lr=1.00e-04
2026-06-26 12:53:36,518 |   -> New best val loss: 7.4008 (saved best_model.pt)
2026-06-26 12:53:49,353 |   -> New best val loss: 7.3827 (saved best_model.pt)
2026-06-26 12:54:13,987 |   -> New best val loss: 7.3801 (saved best_model.pt)
2026-06-26 12:54:18,342 | Epoch 1220/1400 | kl_g0_w=1.00 kl_u_w=1.00 | train=6.9732 (recon=4.1156, kl_g0=0.0393, kl_u=2.8183, cls=0.7623) | val=7.3690 | lr=1.00e-04
2026-06-26 12:54:18,380 |   -> New best val loss: 7.3690 (saved best_model.pt)
2026-06-26 12:54:29,446 |   -> New best val loss: 7.3664 (saved best_model.pt)
2026-06-26 12:54:39,227 |   -> New best val loss: 7.3664 (saved best_model.pt)
2026-06-26 12:54:42,391 |   -> New best val loss: 7.3547 (saved best_model.pt)
2026-06-26 12:54:51,390 | Epoch 1230/1400 | kl_g0_w=1.00 kl_u_w=1.00 | train=6.9459 (recon=4.0845, kl_g0=0.0387, kl_u=2.8227, cls=0.7623) | val=7.3657 | lr=1.00e-04
2026-06-26 12:54:54,357 |   -> New best val loss: 7.3539 (saved best_model.pt)
2026-06-26 12:54:57,310 |   -> New best val loss: 7.3465 (saved best_model.pt)
2026-06-26 12:55:00,126 |   -> New best val loss: 7.3337 (saved best_model.pt)
2026-06-26 12:55:02,908 |   -> New best val loss: 7.3273 (saved best_model.pt)
2026-06-26 12:55:05,751 |   -> New best val loss: 7.3164 (saved best_model.pt)
2026-06-26 12:55:14,033 |   -> New best val loss: 7.3122 (saved best_model.pt)
2026-06-26 12:55:16,874 |   -> New best val loss: 7.2953 (saved best_model.pt)
2026-06-26 12:55:19,635 | Epoch 1240/1400 | kl_g0_w=1.00 kl_u_w=1.00 | train=6.9005 (recon=4.0457, kl_g0=0.0383, kl_u=2.8165, cls=0.7618) | val=7.2977 | lr=1.00e-04
2026-06-26 12:55:22,539 |   -> New best val loss: 7.2916 (saved best_model.pt)
2026-06-26 12:55:25,470 |   -> New best val loss: 7.2825 (saved best_model.pt)
2026-06-26 12:55:28,290 |   -> New best val loss: 7.2824 (saved best_model.pt)
2026-06-26 12:55:39,488 |   -> New best val loss: 7.2672 (saved best_model.pt)
2026-06-26 12:55:47,967 | Epoch 1250/1400 | kl_g0_w=1.00 kl_u_w=1.00 | train=6.8643 (recon=4.0063, kl_g0=0.0378, kl_u=2.8202, cls=0.7612) | val=7.2677 | lr=1.00e-04
2026-06-26 12:55:50,872 |   -> New best val loss: 7.2505 (saved best_model.pt)
2026-06-26 12:56:02,675 |   -> New best val loss: 7.2488 (saved best_model.pt)
2026-06-26 12:56:06,292 |   -> New best val loss: 7.2349 (saved best_model.pt)
2026-06-26 12:56:17,742 |   -> New best val loss: 7.2303 (saved best_model.pt)
2026-06-26 12:56:25,521 | Epoch 1260/1400 | kl_g0_w=1.00 kl_u_w=1.00 | train=6.8030 (recon=3.9492, kl_g0=0.0370, kl_u=2.8168, cls=0.7627) | val=7.2183 | lr=1.00e-04
2026-06-26 12:56:25,572 |   -> New best val loss: 7.2183 (saved best_model.pt)
2026-06-26 12:56:33,169 |   -> New best val loss: 7.2163 (saved best_model.pt)
2026-06-26 12:56:36,834 |   -> New best val loss: 7.2138 (saved best_model.pt)
2026-06-26 12:56:40,448 |   -> New best val loss: 7.2017 (saved best_model.pt)
2026-06-26 12:56:44,376 |   -> New best val loss: 7.1975 (saved best_model.pt)
2026-06-26 12:56:48,279 |   -> New best val loss: 7.1905 (saved best_model.pt)
2026-06-26 12:57:04,320 | Epoch 1270/1400 | kl_g0_w=1.00 kl_u_w=1.00 | train=6.7932 (recon=3.9368, kl_g0=0.0355, kl_u=2.8210, cls=0.7628) | val=7.2032 | lr=1.00e-04
2026-06-26 12:57:08,196 |   -> New best val loss: 7.1718 (saved best_model.pt)
2026-06-26 12:57:23,386 |   -> New best val loss: 7.1525 (saved best_model.pt)
2026-06-26 12:57:38,137 |   -> New best val loss: 7.1496 (saved best_model.pt)
2026-06-26 12:57:41,918 | Epoch 1280/1400 | kl_g0_w=1.00 kl_u_w=1.00 | train=6.7489 (recon=3.8905, kl_g0=0.0362, kl_u=2.8222, cls=0.7641) | val=7.1526 | lr=1.00e-04
2026-06-26 12:57:45,500 |   -> New best val loss: 7.1466 (saved best_model.pt)
2026-06-26 12:57:50,422 |   -> New best val loss: 7.1262 (saved best_model.pt)
2026-06-26 12:58:21,840 |   -> New best val loss: 7.1249 (saved best_model.pt)
2026-06-26 12:58:27,394 |   -> New best val loss: 7.1214 (saved best_model.pt)
2026-06-26 12:58:32,698 |   -> New best val loss: 7.1179 (saved best_model.pt)
2026-06-26 12:58:39,137 | Epoch 1290/1400 | kl_g0_w=1.00 kl_u_w=1.00 | train=6.7066 (recon=3.8601, kl_g0=0.0350, kl_u=2.8115, cls=0.7642) | val=7.1149 | lr=1.00e-04
2026-06-26 12:58:39,212 |   -> New best val loss: 7.1149 (saved best_model.pt)
2026-06-26 12:58:46,109 |   -> New best val loss: 7.1087 (saved best_model.pt)
2026-06-26 12:58:51,067 |   -> New best val loss: 7.0963 (saved best_model.pt)
2026-06-26 12:59:03,107 |   -> New best val loss: 7.0956 (saved best_model.pt)
2026-06-26 12:59:06,938 |   -> New best val loss: 7.0907 (saved best_model.pt)
2026-06-26 12:59:11,199 |   -> New best val loss: 7.0819 (saved best_model.pt)
2026-06-26 12:59:15,520 |   -> New best val loss: 7.0782 (saved best_model.pt)
2026-06-26 12:59:19,496 |   -> New best val loss: 7.0774 (saved best_model.pt)
2026-06-26 12:59:23,296 | Epoch 1300/1400 | kl_g0_w=1.00 kl_u_w=1.00 | train=6.6656 (recon=3.8157, kl_g0=0.0355, kl_u=2.8145, cls=0.7635) | val=7.0802 | lr=1.00e-04
2026-06-26 12:59:27,169 |   -> New best val loss: 7.0699 (saved best_model.pt)
2026-06-26 12:59:30,791 |   -> New best val loss: 7.0591 (saved best_model.pt)
2026-06-26 12:59:33,894 |   -> New best val loss: 7.0523 (saved best_model.pt)
2026-06-26 12:59:43,849 |   -> New best val loss: 7.0518 (saved best_model.pt)
2026-06-26 12:59:51,062 |   -> New best val loss: 7.0438 (saved best_model.pt)
2026-06-26 12:59:54,583 |   -> New best val loss: 7.0349 (saved best_model.pt)
2026-06-26 12:59:57,913 | Epoch 1310/1400 | kl_g0_w=1.00 kl_u_w=1.00 | train=6.6229 (recon=3.7655, kl_g0=0.0351, kl_u=2.8224, cls=0.7638) | val=7.0326 | lr=1.00e-04
2026-06-26 12:59:57,946 |   -> New best val loss: 7.0326 (saved best_model.pt)
2026-06-26 13:00:08,394 |   -> New best val loss: 7.0323 (saved best_model.pt)
2026-06-26 13:00:12,094 |   -> New best val loss: 7.0236 (saved best_model.pt)
2026-06-26 13:00:15,501 |   -> New best val loss: 7.0208 (saved best_model.pt)
2026-06-26 13:00:18,868 |   -> New best val loss: 7.0200 (saved best_model.pt)
2026-06-26 13:00:22,472 |   -> New best val loss: 7.0157 (saved best_model.pt)
2026-06-26 13:00:26,098 |   -> New best val loss: 6.9993 (saved best_model.pt)
2026-06-26 13:00:30,028 |   -> New best val loss: 6.9918 (saved best_model.pt)
2026-06-26 13:00:34,050 | Epoch 1320/1400 | kl_g0_w=1.00 kl_u_w=1.00 | train=6.6161 (recon=3.7663, kl_g0=0.0352, kl_u=2.8146, cls=0.7647) | val=6.9907 | lr=1.00e-04
2026-06-26 13:00:34,101 |   -> New best val loss: 6.9907 (saved best_model.pt)
2026-06-26 13:00:48,199 |   -> New best val loss: 6.9806 (saved best_model.pt)
2026-06-26 13:01:02,192 |   -> New best val loss: 6.9537 (saved best_model.pt)
2026-06-26 13:01:09,262 | Epoch 1330/1400 | kl_g0_w=1.00 kl_u_w=1.00 | train=6.5465 (recon=3.6980, kl_g0=0.0339, kl_u=2.8145, cls=0.7645) | val=6.9746 | lr=1.00e-04
2026-06-26 13:01:16,439 |   -> New best val loss: 6.9466 (saved best_model.pt)
2026-06-26 13:01:19,928 |   -> New best val loss: 6.9338 (saved best_model.pt)
2026-06-26 13:01:34,076 |   -> New best val loss: 6.9334 (saved best_model.pt)
2026-06-26 13:01:37,319 |   -> New best val loss: 6.9274 (saved best_model.pt)
2026-06-26 13:01:40,890 |   -> New best val loss: 6.9064 (saved best_model.pt)
2026-06-26 13:01:44,259 | Epoch 1340/1400 | kl_g0_w=1.00 kl_u_w=1.00 | train=6.5200 (recon=3.6737, kl_g0=0.0328, kl_u=2.8135, cls=0.7654) | val=6.9033 | lr=1.00e-04
2026-06-26 13:01:44,311 |   -> New best val loss: 6.9033 (saved best_model.pt)
2026-06-26 13:02:06,308 |   -> New best val loss: 6.8991 (saved best_model.pt)
2026-06-26 13:02:10,050 |   -> New best val loss: 6.8922 (saved best_model.pt)
2026-06-26 13:02:13,456 |   -> New best val loss: 6.8805 (saved best_model.pt)
2026-06-26 13:02:20,142 | Epoch 1350/1400 | kl_g0_w=1.00 kl_u_w=1.00 | train=6.4803 (recon=3.6276, kl_g0=0.0328, kl_u=2.8200, cls=0.7648) | val=6.8941 | lr=1.00e-04
2026-06-26 13:02:30,566 |   -> New best val loss: 6.8767 (saved best_model.pt)
2026-06-26 13:02:34,246 |   -> New best val loss: 6.8602 (saved best_model.pt)
2026-06-26 13:02:37,641 |   -> New best val loss: 6.8585 (saved best_model.pt)
2026-06-26 13:02:41,149 |   -> New best val loss: 6.8571 (saved best_model.pt)
2026-06-26 13:02:47,927 |   -> New best val loss: 6.8413 (saved best_model.pt)
2026-06-26 13:02:54,723 | Epoch 1360/1400 | kl_g0_w=1.00 kl_u_w=1.00 | train=6.4483 (recon=3.5992, kl_g0=0.0326, kl_u=2.8165, cls=0.7658) | val=6.8636 | lr=1.00e-04
2026-06-26 13:03:01,469 |   -> New best val loss: 6.8369 (saved best_model.pt)
2026-06-26 13:03:04,885 |   -> New best val loss: 6.8268 (saved best_model.pt)
2026-06-26 13:03:26,563 |   -> New best val loss: 6.8037 (saved best_model.pt)
2026-06-26 13:03:30,252 | Epoch 1370/1400 | kl_g0_w=1.00 kl_u_w=1.00 | train=6.4171 (recon=3.5714, kl_g0=0.0316, kl_u=2.8141, cls=0.7657) | val=6.7953 | lr=1.00e-04
2026-06-26 13:03:30,300 |   -> New best val loss: 6.7953 (saved best_model.pt)
2026-06-26 13:03:57,538 |   -> New best val loss: 6.7888 (saved best_model.pt)
2026-06-26 13:04:22,397 |   -> New best val loss: 6.7853 (saved best_model.pt)
2026-06-26 13:04:27,626 | Epoch 1380/1400 | kl_g0_w=1.00 kl_u_w=1.00 | train=6.3877 (recon=3.5393, kl_g0=0.0317, kl_u=2.8167, cls=0.7681) | val=6.7837 | lr=1.00e-04
2026-06-26 13:04:27,693 |   -> New best val loss: 6.7837 (saved best_model.pt)
2026-06-26 13:04:41,392 |   -> New best val loss: 6.7831 (saved best_model.pt)
2026-06-26 13:04:45,636 |   -> New best val loss: 6.7722 (saved best_model.pt)
2026-06-26 13:04:49,751 |   -> New best val loss: 6.7645 (saved best_model.pt)
2026-06-26 13:04:57,538 |   -> New best val loss: 6.7591 (saved best_model.pt)
2026-06-26 13:05:05,712 |   -> New best val loss: 6.7556 (saved best_model.pt)
2026-06-26 13:05:10,292 | Epoch 1390/1400 | kl_g0_w=1.00 kl_u_w=1.00 | train=6.3428 (recon=3.4966, kl_g0=0.0318, kl_u=2.8145, cls=0.7654) | val=6.7508 | lr=1.00e-04
2026-06-26 13:05:10,347 |   -> New best val loss: 6.7508 (saved best_model.pt)
2026-06-26 13:05:14,701 |   -> New best val loss: 6.7321 (saved best_model.pt)
2026-06-26 13:05:18,603 |   -> New best val loss: 6.7248 (saved best_model.pt)
2026-06-26 13:05:30,074 |   -> New best val loss: 6.7243 (saved best_model.pt)
2026-06-26 13:05:37,292 |   -> New best val loss: 6.7221 (saved best_model.pt)
2026-06-26 13:05:41,164 |   -> New best val loss: 6.7207 (saved best_model.pt)
2026-06-26 13:05:45,027 |   -> New best val loss: 6.7062 (saved best_model.pt)
2026-06-26 13:05:48,655 | Epoch 1400/1400 | kl_g0_w=1.00 kl_u_w=1.00 | train=6.3060 (recon=3.4596, kl_g0=0.0303, kl_u=2.8160, cls=0.7696) | val=6.7266 | lr=1.00e-04
2026-06-26 13:05:48,705 | Final model saved to C:\Users\USER\Documents\GitHub\LIFUS-BRICK\results\training\ablation_full\final_model.pt
2026-06-26 13:05:48,705 | Best val loss: 6.7062
2026-06-26 13:05:48,706 | Training complete.
