2026-06-26 14:57:45,107 | ============================================================
2026-06-26 14:57:45,108 | BRICK Training -- ablation_full
2026-06-26 14:57:45,108 | N_ROIS=24, M=96, H=4, T=240
2026-06-26 14:57:45,108 | Epochs=1400, LR=0.0001, WD=0.05, LAMBDA_NOISE=0.01, BATCH_SIZE=12
2026-06-26 14:57:45,108 | Patience=30, use_control=True, use_ic=True
2026-06-26 14:57:45,109 | KL annealing: g0 over 0 epochs, u delayed 0 then over 0 epochs
2026-06-26 14:57:45,109 | ============================================================
2026-06-26 14:57:45,109 | Loading dataset...
2026-06-26 14:57:45,217 | Split: 52 train | 4 val | 20 test items
2026-06-26 14:57:45,280 | Model parameters: 554,702
2026-06-26 14:57:46,462 | Starting training...
2026-06-26 14:57:49,627 | Epoch    1/1400 | kl_g0_w=1.00 kl_u_w=1.00 | train=1629.1497 (recon=3251.2617, kl_g0=5.1538, kl_u=1.1820, cls=0.7020) | val=161.3012 | lr=1.00e-04
2026-06-26 14:57:49,684 |   -> New best val loss: 161.3012 (saved best_model.pt)
2026-06-26 14:57:52,711 |   -> New best val loss: 128.7398 (saved best_model.pt)
2026-06-26 14:57:56,060 |   -> New best val loss: 112.2981 (saved best_model.pt)
2026-06-26 14:57:58,714 |   -> New best val loss: 100.9901 (saved best_model.pt)
2026-06-26 14:58:01,483 |   -> New best val loss: 94.8001 (saved best_model.pt)
2026-06-26 14:58:04,132 |   -> New best val loss: 87.4489 (saved best_model.pt)
2026-06-26 14:58:06,757 |   -> New best val loss: 82.9772 (saved best_model.pt)
2026-06-26 14:58:09,347 |   -> New best val loss: 78.3875 (saved best_model.pt)
2026-06-26 14:58:12,103 |   -> New best val loss: 75.6797 (saved best_model.pt)
2026-06-26 14:58:15,351 | Epoch   10/1400 | kl_g0_w=1.00 kl_u_w=1.00 | train=139.3816 (recon=271.5230, kl_g0=5.0703, kl_u=1.4733, cls=0.6966) | val=74.1105 | lr=1.00e-04
2026-06-26 14:58:15,377 |   -> New best val loss: 74.1105 (saved best_model.pt)
2026-06-26 14:58:18,558 |   -> New best val loss: 69.3337 (saved best_model.pt)
2026-06-26 14:58:22,242 |   -> New best val loss: 67.1885 (saved best_model.pt)
2026-06-26 14:58:25,866 |   -> New best val loss: 65.1035 (saved best_model.pt)
2026-06-26 14:58:29,638 |   -> New best val loss: 61.8465 (saved best_model.pt)
2026-06-26 14:58:33,152 |   -> New best val loss: 60.0154 (saved best_model.pt)
2026-06-26 14:58:36,751 |   -> New best val loss: 58.0889 (saved best_model.pt)
2026-06-26 14:58:40,066 |   -> New best val loss: 56.1600 (saved best_model.pt)
2026-06-26 14:58:43,798 |   -> New best val loss: 54.2035 (saved best_model.pt)
2026-06-26 14:58:47,537 |   -> New best val loss: 53.2275 (saved best_model.pt)
2026-06-26 14:58:51,289 | Epoch   20/1400 | kl_g0_w=1.00 kl_u_w=1.00 | train=85.5397 (recon=162.4267, kl_g0=5.0392, kl_u=2.9196, cls=0.6939) | val=51.5200 | lr=1.00e-04
2026-06-26 14:58:51,336 |   -> New best val loss: 51.5200 (saved best_model.pt)
2026-06-26 14:58:55,013 |   -> New best val loss: 50.4145 (saved best_model.pt)
2026-06-26 14:58:58,425 |   -> New best val loss: 49.0151 (saved best_model.pt)
2026-06-26 14:59:01,867 |   -> New best val loss: 48.1971 (saved best_model.pt)
2026-06-26 14:59:05,267 |   -> New best val loss: 46.5578 (saved best_model.pt)
2026-06-26 14:59:08,695 |   -> New best val loss: 45.9195 (saved best_model.pt)
2026-06-26 14:59:12,650 |   -> New best val loss: 44.5873 (saved best_model.pt)
2026-06-26 14:59:16,179 |   -> New best val loss: 44.1253 (saved best_model.pt)
2026-06-26 14:59:19,869 |   -> New best val loss: 43.1880 (saved best_model.pt)
2026-06-26 14:59:23,621 |   -> New best val loss: 42.3665 (saved best_model.pt)
2026-06-26 14:59:27,541 | Epoch   30/1400 | kl_g0_w=1.00 kl_u_w=1.00 | train=66.4908 (recon=123.2407, kl_g0=5.1005, kl_u=3.9494, cls=0.6910) | val=41.3871 | lr=1.00e-04
2026-06-26 14:59:27,590 |   -> New best val loss: 41.3871 (saved best_model.pt)
2026-06-26 14:59:31,238 |   -> New best val loss: 40.7756 (saved best_model.pt)
2026-06-26 14:59:34,896 |   -> New best val loss: 40.1408 (saved best_model.pt)
2026-06-26 14:59:38,414 |   -> New best val loss: 39.4737 (saved best_model.pt)
2026-06-26 14:59:42,158 |   -> New best val loss: 38.8613 (saved best_model.pt)
2026-06-26 14:59:45,570 |   -> New best val loss: 38.3986 (saved best_model.pt)
2026-06-26 14:59:49,434 |   -> New best val loss: 38.1120 (saved best_model.pt)
2026-06-26 14:59:53,322 |   -> New best val loss: 37.2802 (saved best_model.pt)
2026-06-26 14:59:57,029 |   -> New best val loss: 37.2694 (saved best_model.pt)
2026-06-26 15:00:00,722 |   -> New best val loss: 36.6192 (saved best_model.pt)
2026-06-26 15:00:04,558 | Epoch   40/1400 | kl_g0_w=1.00 kl_u_w=1.00 | train=56.3327 (recon=102.4412, kl_g0=5.1908, kl_u=4.3418, cls=0.6917) | val=35.7396 | lr=1.00e-04
2026-06-26 15:00:04,597 |   -> New best val loss: 35.7396 (saved best_model.pt)
2026-06-26 15:00:08,296 |   -> New best val loss: 35.6983 (saved best_model.pt)
2026-06-26 15:00:12,007 |   -> New best val loss: 35.2831 (saved best_model.pt)
2026-06-26 15:00:15,730 |   -> New best val loss: 34.8722 (saved best_model.pt)
2026-06-26 15:00:19,516 |   -> New best val loss: 34.3683 (saved best_model.pt)
2026-06-26 15:00:23,461 |   -> New best val loss: 33.9088 (saved best_model.pt)
2026-06-26 15:00:27,086 |   -> New best val loss: 33.6872 (saved best_model.pt)
2026-06-26 15:00:30,676 |   -> New best val loss: 33.2814 (saved best_model.pt)
2026-06-26 15:00:34,463 |   -> New best val loss: 32.9874 (saved best_model.pt)
2026-06-26 15:00:38,157 |   -> New best val loss: 32.8232 (saved best_model.pt)
2026-06-26 15:00:41,949 | Epoch   50/1400 | kl_g0_w=1.00 kl_u_w=1.00 | train=48.2108 (recon=86.0249, kl_g0=5.2781, kl_u=4.4266, cls=0.6922) | val=32.4549 | lr=1.00e-04
2026-06-26 15:00:41,980 |   -> New best val loss: 32.4549 (saved best_model.pt)
2026-06-26 15:00:45,957 |   -> New best val loss: 32.3337 (saved best_model.pt)
2026-06-26 15:00:49,772 |   -> New best val loss: 31.6430 (saved best_model.pt)
2026-06-26 15:00:57,546 |   -> New best val loss: 31.2677 (saved best_model.pt)
2026-06-26 15:01:01,073 |   -> New best val loss: 30.7315 (saved best_model.pt)
2026-06-26 15:01:08,496 |   -> New best val loss: 30.0711 (saved best_model.pt)
2026-06-26 15:01:16,032 |   -> New best val loss: 29.9760 (saved best_model.pt)
2026-06-26 15:01:19,779 | Epoch   60/1400 | kl_g0_w=1.00 kl_u_w=1.00 | train=42.8344 (recon=75.2362, kl_g0=5.3768, kl_u=4.3660, cls=0.6896) | val=29.7350 | lr=1.00e-04
2026-06-26 15:01:19,822 |   -> New best val loss: 29.7350 (saved best_model.pt)
2026-06-26 15:01:23,771 |   -> New best val loss: 29.3505 (saved best_model.pt)
2026-06-26 15:01:27,646 |   -> New best val loss: 29.2465 (saved best_model.pt)
2026-06-26 15:01:31,548 |   -> New best val loss: 29.1254 (saved best_model.pt)
2026-06-26 15:01:35,574 |   -> New best val loss: 28.6272 (saved best_model.pt)
2026-06-26 15:01:39,316 |   -> New best val loss: 28.4607 (saved best_model.pt)
2026-06-26 15:01:42,933 |   -> New best val loss: 28.3472 (saved best_model.pt)
2026-06-26 15:01:46,582 |   -> New best val loss: 28.0598 (saved best_model.pt)
2026-06-26 15:01:50,390 |   -> New best val loss: 27.9773 (saved best_model.pt)
2026-06-26 15:01:53,951 |   -> New best val loss: 27.5888 (saved best_model.pt)
2026-06-26 15:01:57,582 | Epoch   70/1400 | kl_g0_w=1.00 kl_u_w=1.00 | train=37.8668 (recon=65.3042, kl_g0=5.4676, kl_u=4.2723, cls=0.6896) | val=27.4655 | lr=1.00e-04
2026-06-26 15:01:57,634 |   -> New best val loss: 27.4655 (saved best_model.pt)
2026-06-26 15:02:01,369 |   -> New best val loss: 27.3628 (saved best_model.pt)
2026-06-26 15:02:08,725 |   -> New best val loss: 26.9903 (saved best_model.pt)
2026-06-26 15:02:12,505 |   -> New best val loss: 26.9008 (saved best_model.pt)
2026-06-26 15:02:16,328 |   -> New best val loss: 26.6878 (saved best_model.pt)
2026-06-26 15:02:19,936 |   -> New best val loss: 26.3456 (saved best_model.pt)
2026-06-26 15:02:27,230 |   -> New best val loss: 25.9481 (saved best_model.pt)
2026-06-26 15:02:34,709 | Epoch   80/1400 | kl_g0_w=1.00 kl_u_w=1.00 | train=34.6452 (recon=58.8127, kl_g0=5.5604, kl_u=4.2270, cls=0.6902) | val=25.5282 | lr=1.00e-04
2026-06-26 15:02:34,758 |   -> New best val loss: 25.5282 (saved best_model.pt)
2026-06-26 15:02:38,447 |   -> New best val loss: 25.4757 (saved best_model.pt)
2026-06-26 15:02:41,900 |   -> New best val loss: 25.4071 (saved best_model.pt)
2026-06-26 15:02:45,680 |   -> New best val loss: 25.0550 (saved best_model.pt)
2026-06-26 15:02:53,044 |   -> New best val loss: 25.0515 (saved best_model.pt)
2026-06-26 15:02:56,993 |   -> New best val loss: 24.8752 (saved best_model.pt)
2026-06-26 15:03:00,795 |   -> New best val loss: 24.7475 (saved best_model.pt)
2026-06-26 15:03:04,545 |   -> New best val loss: 24.4900 (saved best_model.pt)
2026-06-26 15:03:08,263 |   -> New best val loss: 24.4028 (saved best_model.pt)
2026-06-26 15:03:11,951 | Epoch   90/1400 | kl_g0_w=1.00 kl_u_w=1.00 | train=31.7856 (recon=53.1772, kl_g0=5.6602, kl_u=4.0443, cls=0.6895) | val=24.4095 | lr=1.00e-04
2026-06-26 15:03:19,038 |   -> New best val loss: 23.7596 (saved best_model.pt)
2026-06-26 15:03:26,806 |   -> New best val loss: 23.6716 (saved best_model.pt)
2026-06-26 15:03:34,349 |   -> New best val loss: 23.5919 (saved best_model.pt)
2026-06-26 15:03:38,245 |   -> New best val loss: 23.5069 (saved best_model.pt)
2026-06-26 15:03:41,963 |   -> New best val loss: 23.1851 (saved best_model.pt)
2026-06-26 15:03:49,471 | Epoch  100/1400 | kl_g0_w=1.00 kl_u_w=1.00 | train=29.4449 (recon=48.5186, kl_g0=5.7350, kl_u=3.9470, cls=0.6890) | val=23.2212 | lr=1.00e-04
2026-06-26 15:03:53,255 |   -> New best val loss: 22.9745 (saved best_model.pt)
2026-06-26 15:03:57,001 |   -> New best val loss: 22.9596 (saved best_model.pt)
2026-06-26 15:04:00,853 |   -> New best val loss: 22.8836 (saved best_model.pt)
2026-06-26 15:04:04,867 |   -> New best val loss: 22.4608 (saved best_model.pt)
2026-06-26 15:04:12,420 |   -> New best val loss: 22.3193 (saved best_model.pt)
2026-06-26 15:04:16,108 |   -> New best val loss: 22.2897 (saved best_model.pt)
2026-06-26 15:04:20,036 |   -> New best val loss: 22.2453 (saved best_model.pt)
2026-06-26 15:04:23,882 |   -> New best val loss: 22.0964 (saved best_model.pt)
2026-06-26 15:04:27,710 | Epoch  110/1400 | kl_g0_w=1.00 kl_u_w=1.00 | train=27.4791 (recon=44.6337, kl_g0=5.8180, kl_u=3.8178, cls=0.6886) | val=21.9211 | lr=1.00e-04
2026-06-26 15:04:27,757 |   -> New best val loss: 21.9211 (saved best_model.pt)
2026-06-26 15:04:31,769 |   -> New best val loss: 21.7112 (saved best_model.pt)
2026-06-26 15:04:39,585 |   -> New best val loss: 21.6557 (saved best_model.pt)
2026-06-26 15:04:43,187 |   -> New best val loss: 21.5948 (saved best_model.pt)
2026-06-26 15:04:47,081 |   -> New best val loss: 21.4813 (saved best_model.pt)
2026-06-26 15:04:54,698 |   -> New best val loss: 21.3922 (saved best_model.pt)
2026-06-26 15:05:02,079 |   -> New best val loss: 21.2093 (saved best_model.pt)
2026-06-26 15:05:05,933 | Epoch  120/1400 | kl_g0_w=1.00 kl_u_w=1.00 | train=25.5437 (recon=40.7043, kl_g0=5.8809, kl_u=3.8152, cls=0.6870) | val=21.0717 | lr=1.00e-04
2026-06-26 15:05:05,964 |   -> New best val loss: 21.0717 (saved best_model.pt)
2026-06-26 15:05:13,621 |   -> New best val loss: 20.9100 (saved best_model.pt)
2026-06-26 15:05:24,672 |   -> New best val loss: 20.8210 (saved best_model.pt)
2026-06-26 15:05:28,193 |   -> New best val loss: 20.5594 (saved best_model.pt)
2026-06-26 15:05:32,491 |   -> New best val loss: 20.5202 (saved best_model.pt)
2026-06-26 15:05:36,433 |   -> New best val loss: 20.3435 (saved best_model.pt)
2026-06-26 15:05:43,860 | Epoch  130/1400 | kl_g0_w=1.00 kl_u_w=1.00 | train=23.8565 (recon=37.3487, kl_g0=5.9519, kl_u=3.7259, cls=0.6865) | val=20.2574 | lr=1.00e-04
2026-06-26 15:05:43,907 |   -> New best val loss: 20.2574 (saved best_model.pt)
2026-06-26 15:05:47,736 |   -> New best val loss: 20.1140 (saved best_model.pt)
2026-06-26 15:05:55,669 |   -> New best val loss: 20.0289 (saved best_model.pt)
2026-06-26 15:05:59,246 |   -> New best val loss: 19.9959 (saved best_model.pt)
2026-06-26 15:06:03,276 |   -> New best val loss: 19.9588 (saved best_model.pt)
2026-06-26 15:06:07,027 |   -> New best val loss: 19.8123 (saved best_model.pt)
2026-06-26 15:06:10,738 |   -> New best val loss: 19.8091 (saved best_model.pt)
2026-06-26 15:06:14,618 |   -> New best val loss: 19.7274 (saved best_model.pt)
2026-06-26 15:06:18,662 |   -> New best val loss: 19.5454 (saved best_model.pt)
2026-06-26 15:06:22,620 | Epoch  140/1400 | kl_g0_w=1.00 kl_u_w=1.00 | train=22.9216 (recon=35.4777, kl_g0=6.0188, kl_u=3.6588, cls=0.6878) | val=19.5604 | lr=1.00e-04
2026-06-26 15:06:26,367 |   -> New best val loss: 19.4983 (saved best_model.pt)
2026-06-26 15:06:29,991 |   -> New best val loss: 19.2656 (saved best_model.pt)
2026-06-26 15:06:37,442 |   -> New best val loss: 19.1877 (saved best_model.pt)
2026-06-26 15:06:44,492 |   -> New best val loss: 19.1148 (saved best_model.pt)
2026-06-26 15:06:48,156 |   -> New best val loss: 18.9666 (saved best_model.pt)
2026-06-26 15:06:55,777 |   -> New best val loss: 18.7929 (saved best_model.pt)
2026-06-26 15:06:59,562 | Epoch  150/1400 | kl_g0_w=1.00 kl_u_w=1.00 | train=21.4630 (recon=32.5418, kl_g0=6.0755, kl_u=3.6227, cls=0.6861) | val=18.7679 | lr=1.00e-04
2026-06-26 15:06:59,596 |   -> New best val loss: 18.7679 (saved best_model.pt)
2026-06-26 15:07:07,300 |   -> New best val loss: 18.6720 (saved best_model.pt)
2026-06-26 15:07:10,962 |   -> New best val loss: 18.5354 (saved best_model.pt)
2026-06-26 15:07:21,928 |   -> New best val loss: 18.3796 (saved best_model.pt)
2026-06-26 15:07:29,239 |   -> New best val loss: 18.3058 (saved best_model.pt)
2026-06-26 15:07:33,120 |   -> New best val loss: 18.2955 (saved best_model.pt)
2026-06-26 15:07:36,822 | Epoch  160/1400 | kl_g0_w=1.00 kl_u_w=1.00 | train=20.5657 (recon=30.7311, kl_g0=6.1230, kl_u=3.5898, cls=0.6876) | val=18.1671 | lr=1.00e-04
2026-06-26 15:07:36,866 |   -> New best val loss: 18.1671 (saved best_model.pt)
2026-06-26 15:07:40,899 |   -> New best val loss: 18.1610 (saved best_model.pt)
2026-06-26 15:07:44,684 |   -> New best val loss: 18.1538 (saved best_model.pt)
2026-06-26 15:07:48,450 |   -> New best val loss: 18.0851 (saved best_model.pt)
2026-06-26 15:07:52,215 |   -> New best val loss: 17.8562 (saved best_model.pt)
2026-06-26 15:07:59,679 |   -> New best val loss: 17.8351 (saved best_model.pt)
2026-06-26 15:08:03,610 |   -> New best val loss: 17.8039 (saved best_model.pt)
2026-06-26 15:08:07,461 |   -> New best val loss: 17.7651 (saved best_model.pt)
2026-06-26 15:08:10,930 |   -> New best val loss: 17.6832 (saved best_model.pt)
2026-06-26 15:08:14,509 | Epoch  170/1400 | kl_g0_w=1.00 kl_u_w=1.00 | train=19.6044 (recon=28.7673, kl_g0=6.1627, kl_u=3.5932, cls=0.6857) | val=17.7639 | lr=1.00e-04
2026-06-26 15:08:18,248 |   -> New best val loss: 17.6019 (saved best_model.pt)
2026-06-26 15:08:22,114 |   -> New best val loss: 17.5095 (saved best_model.pt)
2026-06-26 15:08:26,143 |   -> New best val loss: 17.4196 (saved best_model.pt)
2026-06-26 15:08:33,853 |   -> New best val loss: 17.2750 (saved best_model.pt)
2026-06-26 15:08:41,061 |   -> New best val loss: 17.2508 (saved best_model.pt)
2026-06-26 15:08:44,802 |   -> New best val loss: 17.2016 (saved best_model.pt)
2026-06-26 15:08:48,567 |   -> New best val loss: 17.1026 (saved best_model.pt)
2026-06-26 15:08:52,293 | Epoch  180/1400 | kl_g0_w=1.00 kl_u_w=1.00 | train=18.7892 (recon=27.1587, kl_g0=6.1939, kl_u=3.5400, cls=0.6856) | val=17.1704 | lr=1.00e-04
2026-06-26 15:08:56,017 |   -> New best val loss: 17.0843 (saved best_model.pt)
2026-06-26 15:08:59,973 |   -> New best val loss: 16.8521 (saved best_model.pt)
2026-06-26 15:09:07,496 |   -> New best val loss: 16.8425 (saved best_model.pt)
2026-06-26 15:09:11,606 |   -> New best val loss: 16.7463 (saved best_model.pt)
2026-06-26 15:09:15,521 |   -> New best val loss: 16.6922 (saved best_model.pt)
2026-06-26 15:09:23,284 |   -> New best val loss: 16.6482 (saved best_model.pt)
2026-06-26 15:09:27,313 |   -> New best val loss: 16.5448 (saved best_model.pt)
2026-06-26 15:09:31,004 | Epoch  190/1400 | kl_g0_w=1.00 kl_u_w=1.00 | train=17.8798 (recon=25.3495, kl_g0=6.2122, kl_u=3.5130, cls=0.6850) | val=16.5076 | lr=1.00e-04
2026-06-26 15:09:31,039 |   -> New best val loss: 16.5076 (saved best_model.pt)
2026-06-26 15:09:38,995 |   -> New best val loss: 16.3797 (saved best_model.pt)
2026-06-26 15:09:46,795 |   -> New best val loss: 16.3348 (saved best_model.pt)
2026-06-26 15:09:50,534 |   -> New best val loss: 16.3074 (saved best_model.pt)
2026-06-26 15:09:54,081 |   -> New best val loss: 16.1870 (saved best_model.pt)
2026-06-26 15:09:58,055 |   -> New best val loss: 16.1553 (saved best_model.pt)
2026-06-26 15:10:05,426 |   -> New best val loss: 16.0629 (saved best_model.pt)
2026-06-26 15:10:09,134 | Epoch  200/1400 | kl_g0_w=1.00 kl_u_w=1.00 | train=17.2213 (recon=24.0402, kl_g0=6.2255, kl_u=3.4939, cls=0.6831) | val=16.0216 | lr=1.00e-04
2026-06-26 15:10:09,187 |   -> New best val loss: 16.0216 (saved best_model.pt)
2026-06-26 15:10:12,989 |   -> New best val loss: 15.9664 (saved best_model.pt)
2026-06-26 15:10:16,730 |   -> New best val loss: 15.8568 (saved best_model.pt)
2026-06-26 15:10:27,909 |   -> New best val loss: 15.7771 (saved best_model.pt)
2026-06-26 15:10:31,551 |   -> New best val loss: 15.7111 (saved best_model.pt)
2026-06-26 15:10:35,357 |   -> New best val loss: 15.7011 (saved best_model.pt)
2026-06-26 15:10:39,029 |   -> New best val loss: 15.6498 (saved best_model.pt)
2026-06-26 15:10:42,667 |   -> New best val loss: 15.6158 (saved best_model.pt)
2026-06-26 15:10:46,527 | Epoch  210/1400 | kl_g0_w=1.00 kl_u_w=1.00 | train=16.4516 (recon=22.5153, kl_g0=6.2262, kl_u=3.4792, cls=0.6824) | val=15.5738 | lr=1.00e-04
2026-06-26 15:10:46,577 |   -> New best val loss: 15.5738 (saved best_model.pt)
2026-06-26 15:10:54,185 |   -> New best val loss: 15.3903 (saved best_model.pt)
2026-06-26 15:11:01,515 |   -> New best val loss: 15.3813 (saved best_model.pt)
2026-06-26 15:11:05,165 |   -> New best val loss: 15.2888 (saved best_model.pt)
2026-06-26 15:11:08,844 |   -> New best val loss: 15.2767 (saved best_model.pt)
2026-06-26 15:11:12,550 |   -> New best val loss: 15.2277 (saved best_model.pt)
2026-06-26 15:11:20,171 |   -> New best val loss: 15.1169 (saved best_model.pt)
2026-06-26 15:11:23,587 | Epoch  220/1400 | kl_g0_w=1.00 kl_u_w=1.00 | train=15.9078 (recon=21.4499, kl_g0=6.2265, kl_u=3.4532, cls=0.6861) | val=15.0556 | lr=1.00e-04
2026-06-26 15:11:23,627 |   -> New best val loss: 15.0556 (saved best_model.pt)
2026-06-26 15:11:31,139 |   -> New best val loss: 15.0053 (saved best_model.pt)
2026-06-26 15:11:34,855 |   -> New best val loss: 14.8971 (saved best_model.pt)
2026-06-26 15:11:42,401 |   -> New best val loss: 14.8278 (saved best_model.pt)
2026-06-26 15:11:46,107 |   -> New best val loss: 14.7952 (saved best_model.pt)
2026-06-26 15:11:53,833 |   -> New best val loss: 14.7264 (saved best_model.pt)
2026-06-26 15:11:57,803 |   -> New best val loss: 14.7242 (saved best_model.pt)
2026-06-26 15:12:01,641 | Epoch  230/1400 | kl_g0_w=1.00 kl_u_w=1.00 | train=15.3362 (recon=20.3448, kl_g0=6.2118, kl_u=3.4322, cls=0.6836) | val=14.6407 | lr=1.00e-04
2026-06-26 15:12:01,678 |   -> New best val loss: 14.6407 (saved best_model.pt)
2026-06-26 15:12:09,004 |   -> New best val loss: 14.6336 (saved best_model.pt)
2026-06-26 15:12:12,827 |   -> New best val loss: 14.5014 (saved best_model.pt)
2026-06-26 15:12:20,711 |   -> New best val loss: 14.4310 (saved best_model.pt)
2026-06-26 15:12:24,329 |   -> New best val loss: 14.3699 (saved best_model.pt)
2026-06-26 15:12:28,062 |   -> New best val loss: 14.3564 (saved best_model.pt)
2026-06-26 15:12:31,677 |   -> New best val loss: 14.2399 (saved best_model.pt)
2026-06-26 15:12:38,936 | Epoch  240/1400 | kl_g0_w=1.00 kl_u_w=1.00 | train=14.8505 (recon=19.4174, kl_g0=6.1779, kl_u=3.4229, cls=0.6828) | val=14.1871 | lr=1.00e-04
2026-06-26 15:12:38,990 |   -> New best val loss: 14.1871 (saved best_model.pt)
2026-06-26 15:12:42,971 |   -> New best val loss: 14.1488 (saved best_model.pt)
2026-06-26 15:12:50,542 |   -> New best val loss: 14.1207 (saved best_model.pt)
2026-06-26 15:12:54,501 |   -> New best val loss: 14.0268 (saved best_model.pt)
2026-06-26 15:13:02,099 |   -> New best val loss: 13.9776 (saved best_model.pt)
2026-06-26 15:13:06,119 |   -> New best val loss: 13.9626 (saved best_model.pt)
2026-06-26 15:13:13,695 |   -> New best val loss: 13.8792 (saved best_model.pt)
2026-06-26 15:13:17,437 | Epoch  250/1400 | kl_g0_w=1.00 kl_u_w=1.00 | train=14.2034 (recon=18.2131, kl_g0=6.1312, kl_u=3.3811, cls=0.6816) | val=13.7705 | lr=1.00e-04
2026-06-26 15:13:17,490 |   -> New best val loss: 13.7705 (saved best_model.pt)
2026-06-26 15:13:32,924 |   -> New best val loss: 13.6185 (saved best_model.pt)
2026-06-26 15:13:40,702 |   -> New best val loss: 13.5481 (saved best_model.pt)
2026-06-26 15:13:48,251 |   -> New best val loss: 13.5330 (saved best_model.pt)
2026-06-26 15:13:55,418 | Epoch  260/1400 | kl_g0_w=1.00 kl_u_w=1.00 | train=13.8936 (recon=17.6389, kl_g0=6.0716, kl_u=3.3944, cls=0.6823) | val=13.3478 | lr=1.00e-04
2026-06-26 15:13:55,465 |   -> New best val loss: 13.3478 (saved best_model.pt)
2026-06-26 15:14:06,904 |   -> New best val loss: 13.2772 (saved best_model.pt)
2026-06-26 15:14:10,590 |   -> New best val loss: 13.2729 (saved best_model.pt)
2026-06-26 15:14:18,239 |   -> New best val loss: 13.2069 (saved best_model.pt)
2026-06-26 15:14:21,742 |   -> New best val loss: 13.1734 (saved best_model.pt)
2026-06-26 15:14:25,596 |   -> New best val loss: 13.1470 (saved best_model.pt)
2026-06-26 15:14:29,444 |   -> New best val loss: 13.0711 (saved best_model.pt)
2026-06-26 15:14:33,240 | Epoch  270/1400 | kl_g0_w=1.00 kl_u_w=1.00 | train=13.4206 (recon=16.7746, kl_g0=6.0053, kl_u=3.3799, cls=0.6815) | val=13.1048 | lr=1.00e-04
2026-06-26 15:14:36,835 |   -> New best val loss: 12.9861 (saved best_model.pt)
2026-06-26 15:14:47,658 |   -> New best val loss: 12.8590 (saved best_model.pt)
2026-06-26 15:14:51,275 |   -> New best val loss: 12.8338 (saved best_model.pt)
2026-06-26 15:14:59,002 |   -> New best val loss: 12.7247 (saved best_model.pt)
2026-06-26 15:15:10,689 | Epoch  280/1400 | kl_g0_w=1.00 kl_u_w=1.00 | train=12.9998 (recon=16.0197, kl_g0=5.9301, kl_u=3.3683, cls=0.6814) | val=12.7797 | lr=1.00e-04
2026-06-26 15:15:14,660 |   -> New best val loss: 12.6610 (saved best_model.pt)
2026-06-26 15:15:18,358 |   -> New best val loss: 12.5710 (saved best_model.pt)
2026-06-26 15:15:25,633 |   -> New best val loss: 12.5284 (saved best_model.pt)
2026-06-26 15:15:29,333 |   -> New best val loss: 12.4998 (saved best_model.pt)
2026-06-26 15:15:33,090 |   -> New best val loss: 12.4862 (saved best_model.pt)
2026-06-26 15:15:40,344 |   -> New best val loss: 12.4022 (saved best_model.pt)
2026-06-26 15:15:44,009 |   -> New best val loss: 12.3726 (saved best_model.pt)
2026-06-26 15:15:47,507 | Epoch  290/1400 | kl_g0_w=1.00 kl_u_w=1.00 | train=12.6655 (recon=15.4694, kl_g0=5.8497, kl_u=3.3323, cls=0.6796) | val=12.3502 | lr=1.00e-04
2026-06-26 15:15:47,547 |   -> New best val loss: 12.3502 (saved best_model.pt)
2026-06-26 15:15:51,089 |   -> New best val loss: 12.2568 (saved best_model.pt)
2026-06-26 15:15:58,303 |   -> New best val loss: 12.2255 (saved best_model.pt)
2026-06-26 15:16:02,082 |   -> New best val loss: 12.1786 (saved best_model.pt)
2026-06-26 15:16:12,972 |   -> New best val loss: 12.0276 (saved best_model.pt)
2026-06-26 15:16:24,399 | Epoch  300/1400 | kl_g0_w=1.00 kl_u_w=1.00 | train=12.2487 (recon=14.7360, kl_g0=5.7442, kl_u=3.3359, cls=0.6811) | val=12.1231 | lr=1.00e-04
2026-06-26 15:16:28,275 |   -> New best val loss: 11.9290 (saved best_model.pt)
2026-06-26 15:16:32,133 |   -> New best val loss: 11.9226 (saved best_model.pt)
2026-06-26 15:16:39,930 |   -> New best val loss: 11.8610 (saved best_model.pt)
2026-06-26 15:16:44,004 |   -> New best val loss: 11.8118 (saved best_model.pt)
2026-06-26 15:16:48,058 |   -> New best val loss: 11.7792 (saved best_model.pt)
2026-06-26 15:16:55,737 |   -> New best val loss: 11.7392 (saved best_model.pt)
2026-06-26 15:16:59,496 |   -> New best val loss: 11.7349 (saved best_model.pt)
2026-06-26 15:17:03,374 | Epoch  310/1400 | kl_g0_w=1.00 kl_u_w=1.00 | train=11.8467 (recon=14.0591, kl_g0=5.6490, kl_u=3.3042, cls=0.6812) | val=11.7132 | lr=1.00e-04
2026-06-26 15:17:03,422 |   -> New best val loss: 11.7132 (saved best_model.pt)
2026-06-26 15:17:07,019 |   -> New best val loss: 11.6049 (saved best_model.pt)
2026-06-26 15:17:11,071 |   -> New best val loss: 11.5592 (saved best_model.pt)
2026-06-26 15:17:22,065 |   -> New best val loss: 11.4499 (saved best_model.pt)
2026-06-26 15:17:33,294 |   -> New best val loss: 11.3395 (saved best_model.pt)
2026-06-26 15:17:40,363 | Epoch  320/1400 | kl_g0_w=1.00 kl_u_w=1.00 | train=11.4944 (recon=13.4563, kl_g0=5.5540, kl_u=3.3006, cls=0.6778) | val=11.4063 | lr=1.00e-04
2026-06-26 15:17:44,129 |   -> New best val loss: 11.3013 (saved best_model.pt)
2026-06-26 15:17:47,954 |   -> New best val loss: 11.2700 (saved best_model.pt)
2026-06-26 15:17:51,710 |   -> New best val loss: 11.2528 (saved best_model.pt)
2026-06-26 15:17:55,362 |   -> New best val loss: 11.2342 (saved best_model.pt)
2026-06-26 15:17:59,257 |   -> New best val loss: 11.2329 (saved best_model.pt)
2026-06-26 15:18:03,297 |   -> New best val loss: 11.1486 (saved best_model.pt)
2026-06-26 15:18:07,066 |   -> New best val loss: 11.1426 (saved best_model.pt)
2026-06-26 15:18:10,943 |   -> New best val loss: 11.1252 (saved best_model.pt)
2026-06-26 15:18:14,559 |   -> New best val loss: 11.0902 (saved best_model.pt)
2026-06-26 15:18:18,408 | Epoch  330/1400 | kl_g0_w=1.00 kl_u_w=1.00 | train=11.2184 (recon=13.0315, kl_g0=5.4392, kl_u=3.2874, cls=0.6786) | val=11.0362 | lr=1.00e-04
2026-06-26 15:18:18,439 |   -> New best val loss: 11.0362 (saved best_model.pt)
2026-06-26 15:18:25,956 |   -> New best val loss: 10.9660 (saved best_model.pt)
2026-06-26 15:18:29,643 |   -> New best val loss: 10.9359 (saved best_model.pt)
2026-06-26 15:18:40,780 |   -> New best val loss: 10.8863 (saved best_model.pt)
2026-06-26 15:18:44,545 |   -> New best val loss: 10.8488 (saved best_model.pt)
2026-06-26 15:18:51,670 |   -> New best val loss: 10.8027 (saved best_model.pt)
2026-06-26 15:18:55,493 | Epoch  340/1400 | kl_g0_w=1.00 kl_u_w=1.00 | train=10.9359 (recon=12.6208, kl_g0=5.3317, kl_u=3.2402, cls=0.6792) | val=10.7726 | lr=1.00e-04
2026-06-26 15:18:55,541 |   -> New best val loss: 10.7726 (saved best_model.pt)
2026-06-26 15:18:59,134 |   -> New best val loss: 10.7194 (saved best_model.pt)
2026-06-26 15:19:02,883 |   -> New best val loss: 10.7017 (saved best_model.pt)
2026-06-26 15:19:06,293 |   -> New best val loss: 10.6829 (saved best_model.pt)
2026-06-26 15:19:09,316 |   -> New best val loss: 10.6470 (saved best_model.pt)
2026-06-26 15:19:15,367 |   -> New best val loss: 10.5993 (saved best_model.pt)
2026-06-26 15:19:21,294 |   -> New best val loss: 10.5458 (saved best_model.pt)
2026-06-26 15:19:24,465 |   -> New best val loss: 10.4620 (saved best_model.pt)
2026-06-26 15:19:27,558 | Epoch  350/1400 | kl_g0_w=1.00 kl_u_w=1.00 | train=10.6643 (recon=12.2135, kl_g0=5.2245, kl_u=3.2145, cls=0.6760) | val=10.4942 | lr=1.00e-04
2026-06-26 15:19:30,587 |   -> New best val loss: 10.4616 (saved best_model.pt)
2026-06-26 15:19:33,536 |   -> New best val loss: 10.4370 (saved best_model.pt)
2026-06-26 15:19:41,090 |   -> New best val loss: 10.3730 (saved best_model.pt)
2026-06-26 15:19:44,863 |   -> New best val loss: 10.3182 (saved best_model.pt)
2026-06-26 15:19:52,707 |   -> New best val loss: 10.2505 (saved best_model.pt)
2026-06-26 15:19:59,186 |   -> New best val loss: 10.2277 (saved best_model.pt)
2026-06-26 15:20:02,256 | Epoch  360/1400 | kl_g0_w=1.00 kl_u_w=1.00 | train=10.3980 (recon=11.8191, kl_g0=5.0888, kl_u=3.2155, cls=0.6725) | val=10.2175 | lr=1.00e-04
2026-06-26 15:20:02,282 |   -> New best val loss: 10.2175 (saved best_model.pt)
2026-06-26 15:20:05,243 |   -> New best val loss: 10.1768 (saved best_model.pt)
2026-06-26 15:20:08,285 |   -> New best val loss: 10.1722 (saved best_model.pt)
2026-06-26 15:20:11,396 |   -> New best val loss: 10.1182 (saved best_model.pt)
2026-06-26 15:20:14,420 |   -> New best val loss: 10.1104 (saved best_model.pt)
2026-06-26 15:20:17,593 |   -> New best val loss: 10.0566 (saved best_model.pt)
2026-06-26 15:20:20,646 |   -> New best val loss: 10.0390 (saved best_model.pt)
2026-06-26 15:20:26,687 |   -> New best val loss: 9.9940 (saved best_model.pt)
2026-06-26 15:20:32,521 | Epoch  370/1400 | kl_g0_w=1.00 kl_u_w=1.00 | train=10.1148 (recon=11.4569, kl_g0=4.9158, kl_u=3.1838, cls=0.6732) | val=9.9492 | lr=1.00e-04
2026-06-26 15:20:32,552 |   -> New best val loss: 9.9492 (saved best_model.pt)
2026-06-26 15:20:35,480 |   -> New best val loss: 9.9131 (saved best_model.pt)
2026-06-26 15:20:38,420 |   -> New best val loss: 9.9043 (saved best_model.pt)
2026-06-26 15:20:41,550 |   -> New best val loss: 9.8845 (saved best_model.pt)
2026-06-26 15:20:44,590 |   -> New best val loss: 9.8206 (saved best_model.pt)
2026-06-26 15:20:50,748 |   -> New best val loss: 9.8068 (saved best_model.pt)
2026-06-26 15:20:53,757 |   -> New best val loss: 9.7771 (saved best_model.pt)
2026-06-26 15:20:56,752 |   -> New best val loss: 9.7220 (saved best_model.pt)
2026-06-26 15:21:02,591 | Epoch  380/1400 | kl_g0_w=1.00 kl_u_w=1.00 | train=9.8504 (recon=11.0985, kl_g0=4.7648, kl_u=3.1661, cls=0.6714) | val=9.7168 | lr=1.00e-04
2026-06-26 15:21:02,622 |   -> New best val loss: 9.7168 (saved best_model.pt)
2026-06-26 15:21:05,660 |   -> New best val loss: 9.6681 (saved best_model.pt)
2026-06-26 15:21:08,552 |   -> New best val loss: 9.6430 (saved best_model.pt)
2026-06-26 15:21:11,523 |   -> New best val loss: 9.5936 (saved best_model.pt)
2026-06-26 15:21:23,299 |   -> New best val loss: 9.5213 (saved best_model.pt)
2026-06-26 15:21:29,201 |   -> New best val loss: 9.4796 (saved best_model.pt)
2026-06-26 15:21:32,189 | Epoch  390/1400 | kl_g0_w=1.00 kl_u_w=1.00 | train=9.6646 (recon=10.8898, kl_g0=4.6140, kl_u=3.1564, cls=0.6691) | val=9.4906 | lr=1.00e-04
2026-06-26 15:21:35,232 |   -> New best val loss: 9.4250 (saved best_model.pt)
2026-06-26 15:21:41,413 |   -> New best val loss: 9.4180 (saved best_model.pt)
2026-06-26 15:21:44,698 |   -> New best val loss: 9.3989 (saved best_model.pt)
2026-06-26 15:21:48,438 |   -> New best val loss: 9.3465 (saved best_model.pt)
2026-06-26 15:21:55,944 |   -> New best val loss: 9.2995 (saved best_model.pt)
2026-06-26 15:21:59,743 |   -> New best val loss: 9.2895 (saved best_model.pt)
2026-06-26 15:22:03,716 |   -> New best val loss: 9.2579 (saved best_model.pt)
2026-06-26 15:22:07,733 | Epoch  400/1400 | kl_g0_w=1.00 kl_u_w=1.00 | train=9.3784 (recon=10.5252, kl_g0=4.4391, kl_u=3.1258, cls=0.6667) | val=9.2316 | lr=1.00e-04
2026-06-26 15:22:07,788 |   -> New best val loss: 9.2316 (saved best_model.pt)
2026-06-26 15:22:11,690 |   -> New best val loss: 9.2242 (saved best_model.pt)
2026-06-26 15:22:15,575 |   -> New best val loss: 9.2126 (saved best_model.pt)
2026-06-26 15:22:19,436 |   -> New best val loss: 9.1714 (saved best_model.pt)
2026-06-26 15:22:23,358 |   -> New best val loss: 9.1145 (saved best_model.pt)
2026-06-26 15:22:27,350 |   -> New best val loss: 9.0886 (saved best_model.pt)
2026-06-26 15:22:31,259 |   -> New best val loss: 9.0586 (saved best_model.pt)
2026-06-26 15:22:35,182 |   -> New best val loss: 9.0339 (saved best_model.pt)
2026-06-26 15:22:42,759 |   -> New best val loss: 9.0113 (saved best_model.pt)
2026-06-26 15:22:46,640 | Epoch  410/1400 | kl_g0_w=1.00 kl_u_w=1.00 | train=9.1664 (recon=10.3036, kl_g0=4.2531, kl_u=3.1121, cls=0.6640) | val=9.0110 | lr=1.00e-04
2026-06-26 15:22:46,691 |   -> New best val loss: 9.0110 (saved best_model.pt)
2026-06-26 15:22:50,754 |   -> New best val loss: 8.9457 (saved best_model.pt)
2026-06-26 15:23:01,479 |   -> New best val loss: 8.9273 (saved best_model.pt)
2026-06-26 15:23:04,588 |   -> New best val loss: 8.8938 (saved best_model.pt)
2026-06-26 15:23:07,738 |   -> New best val loss: 8.8590 (saved best_model.pt)
2026-06-26 15:23:10,846 |   -> New best val loss: 8.8326 (saved best_model.pt)
2026-06-26 15:23:13,866 |   -> New best val loss: 8.8003 (saved best_model.pt)
2026-06-26 15:23:16,863 |   -> New best val loss: 8.7812 (saved best_model.pt)
2026-06-26 15:23:20,261 | Epoch  420/1400 | kl_g0_w=1.00 kl_u_w=1.00 | train=8.9152 (recon=10.0281, kl_g0=4.0573, kl_u=3.0852, cls=0.6599) | val=8.7591 | lr=1.00e-04
2026-06-26 15:23:20,298 |   -> New best val loss: 8.7591 (saved best_model.pt)
2026-06-26 15:23:24,170 |   -> New best val loss: 8.7565 (saved best_model.pt)
2026-06-26 15:23:28,142 |   -> New best val loss: 8.7402 (saved best_model.pt)
2026-06-26 15:23:31,386 |   -> New best val loss: 8.7089 (saved best_model.pt)
2026-06-26 15:23:34,693 |   -> New best val loss: 8.6518 (saved best_model.pt)
2026-06-26 15:23:37,847 |   -> New best val loss: 8.6144 (saved best_model.pt)
2026-06-26 15:23:44,114 |   -> New best val loss: 8.5745 (saved best_model.pt)
2026-06-26 15:23:47,073 |   -> New best val loss: 8.5588 (saved best_model.pt)
2026-06-26 15:23:50,200 |   -> New best val loss: 8.5396 (saved best_model.pt)
2026-06-26 15:23:53,177 | Epoch  430/1400 | kl_g0_w=1.00 kl_u_w=1.00 | train=8.6673 (recon=9.8093, kl_g0=3.7999, kl_u=3.0708, cls=0.6547) | val=8.5313 | lr=1.00e-04
2026-06-26 15:23:53,207 |   -> New best val loss: 8.5313 (saved best_model.pt)
2026-06-26 15:23:56,152 |   -> New best val loss: 8.4836 (saved best_model.pt)
2026-06-26 15:23:59,355 |   -> New best val loss: 8.4588 (saved best_model.pt)
2026-06-26 15:24:02,500 |   -> New best val loss: 8.4485 (saved best_model.pt)
2026-06-26 15:24:10,796 |   -> New best val loss: 8.4043 (saved best_model.pt)
2026-06-26 15:24:14,864 |   -> New best val loss: 8.3741 (saved best_model.pt)
2026-06-26 15:24:18,766 |   -> New best val loss: 8.3629 (saved best_model.pt)
2026-06-26 15:24:22,774 |   -> New best val loss: 8.3138 (saved best_model.pt)
2026-06-26 15:24:26,667 |   -> New best val loss: 8.3070 (saved best_model.pt)
2026-06-26 15:24:30,353 | Epoch  440/1400 | kl_g0_w=1.00 kl_u_w=1.00 | train=8.4343 (recon=9.6156, kl_g0=3.5537, kl_u=3.0504, cls=0.6487) | val=8.2746 | lr=1.00e-04
2026-06-26 15:24:30,407 |   -> New best val loss: 8.2746 (saved best_model.pt)
2026-06-26 15:24:34,229 |   -> New best val loss: 8.2656 (saved best_model.pt)
2026-06-26 15:24:41,673 |   -> New best val loss: 8.2424 (saved best_model.pt)
2026-06-26 15:24:45,574 |   -> New best val loss: 8.1893 (saved best_model.pt)
2026-06-26 15:24:49,302 |   -> New best val loss: 8.1676 (saved best_model.pt)
2026-06-26 15:24:52,841 |   -> New best val loss: 8.1247 (saved best_model.pt)
2026-06-26 15:25:00,194 |   -> New best val loss: 8.0954 (saved best_model.pt)
2026-06-26 15:25:04,059 |   -> New best val loss: 8.0731 (saved best_model.pt)
2026-06-26 15:25:07,886 | Epoch  450/1400 | kl_g0_w=1.00 kl_u_w=1.00 | train=8.2031 (recon=9.4019, kl_g0=3.3508, kl_u=3.0109, cls=0.6427) | val=8.0610 | lr=1.00e-04
2026-06-26 15:25:07,918 |   -> New best val loss: 8.0610 (saved best_model.pt)
2026-06-26 15:25:11,632 |   -> New best val loss: 8.0456 (saved best_model.pt)
2026-06-26 15:25:15,412 |   -> New best val loss: 8.0200 (saved best_model.pt)
2026-06-26 15:25:19,298 |   -> New best val loss: 8.0024 (saved best_model.pt)
2026-06-26 15:25:23,100 |   -> New best val loss: 7.9756 (saved best_model.pt)
2026-06-26 15:25:27,015 |   -> New best val loss: 7.9580 (saved best_model.pt)
2026-06-26 15:25:30,714 |   -> New best val loss: 7.9087 (saved best_model.pt)
2026-06-26 15:25:34,642 |   -> New best val loss: 7.8867 (saved best_model.pt)
2026-06-26 15:25:38,081 |   -> New best val loss: 7.8705 (saved best_model.pt)
2026-06-26 15:25:41,941 |   -> New best val loss: 7.8383 (saved best_model.pt)
2026-06-26 15:25:45,591 | Epoch  460/1400 | kl_g0_w=1.00 kl_u_w=1.00 | train=7.9539 (recon=9.2382, kl_g0=3.0486, kl_u=2.9881, cls=0.6330) | val=7.7989 | lr=1.00e-04
2026-06-26 15:25:45,640 |   -> New best val loss: 7.7989 (saved best_model.pt)
2026-06-26 15:25:49,400 |   -> New best val loss: 7.7979 (saved best_model.pt)
2026-06-26 15:25:53,067 |   -> New best val loss: 7.7943 (saved best_model.pt)
2026-06-26 15:25:56,854 |   -> New best val loss: 7.7479 (saved best_model.pt)
2026-06-26 15:26:00,791 |   -> New best val loss: 7.7208 (saved best_model.pt)
2026-06-26 15:26:04,355 |   -> New best val loss: 7.6563 (saved best_model.pt)
2026-06-26 15:26:08,185 |   -> New best val loss: 7.6408 (saved best_model.pt)
2026-06-26 15:26:19,582 |   -> New best val loss: 7.5977 (saved best_model.pt)
2026-06-26 15:26:23,307 | Epoch  470/1400 | kl_g0_w=1.00 kl_u_w=1.00 | train=7.7013 (recon=9.0402, kl_g0=2.7710, kl_u=2.9711, cls=0.6203) | val=7.5552 | lr=1.00e-04
2026-06-26 15:26:23,342 |   -> New best val loss: 7.5552 (saved best_model.pt)
2026-06-26 15:26:27,157 |   -> New best val loss: 7.5435 (saved best_model.pt)
2026-06-26 15:26:34,962 |   -> New best val loss: 7.5348 (saved best_model.pt)
2026-06-26 15:26:38,597 |   -> New best val loss: 7.4909 (saved best_model.pt)
2026-06-26 15:26:42,346 |   -> New best val loss: 7.4568 (saved best_model.pt)
2026-06-26 15:26:46,036 |   -> New best val loss: 7.4258 (saved best_model.pt)
2026-06-26 15:26:53,250 |   -> New best val loss: 7.4067 (saved best_model.pt)
2026-06-26 15:26:56,908 |   -> New best val loss: 7.3731 (saved best_model.pt)
2026-06-26 15:27:00,639 | Epoch  480/1400 | kl_g0_w=1.00 kl_u_w=1.00 | train=7.4827 (recon=8.9060, kl_g0=2.5074, kl_u=2.9498, cls=0.6021) | val=7.3350 | lr=1.00e-04
2026-06-26 15:27:00,671 |   -> New best val loss: 7.3350 (saved best_model.pt)
2026-06-26 15:27:04,509 |   -> New best val loss: 7.3199 (saved best_model.pt)
2026-06-26 15:27:08,161 |   -> New best val loss: 7.2854 (saved best_model.pt)
2026-06-26 15:27:12,113 |   -> New best val loss: 7.2703 (saved best_model.pt)
2026-06-26 15:27:15,932 |   -> New best val loss: 7.2444 (saved best_model.pt)
2026-06-26 15:27:19,866 |   -> New best val loss: 7.2194 (saved best_model.pt)
2026-06-26 15:27:24,061 |   -> New best val loss: 7.1964 (saved best_model.pt)
2026-06-26 15:27:27,930 |   -> New best val loss: 7.1637 (saved best_model.pt)
2026-06-26 15:27:31,963 |   -> New best val loss: 7.1355 (saved best_model.pt)
2026-06-26 15:27:39,554 | Epoch  490/1400 | kl_g0_w=1.00 kl_u_w=1.00 | train=7.2535 (recon=8.7543, kl_g0=2.2463, kl_u=2.9276, cls=0.5789) | val=7.1018 | lr=1.00e-04
2026-06-26 15:27:39,591 |   -> New best val loss: 7.1018 (saved best_model.pt)
2026-06-26 15:27:43,549 |   -> New best val loss: 7.0696 (saved best_model.pt)
2026-06-26 15:27:47,180 |   -> New best val loss: 7.0488 (saved best_model.pt)
2026-06-26 15:27:54,933 |   -> New best val loss: 7.0219 (saved best_model.pt)
2026-06-26 15:27:58,716 |   -> New best val loss: 6.9923 (saved best_model.pt)
2026-06-26 15:28:02,623 |   -> New best val loss: 6.9506 (saved best_model.pt)
2026-06-26 15:28:06,569 |   -> New best val loss: 6.8952 (saved best_model.pt)
2026-06-26 15:28:10,230 |   -> New best val loss: 6.8907 (saved best_model.pt)
2026-06-26 15:28:14,259 |   -> New best val loss: 6.8878 (saved best_model.pt)
2026-06-26 15:28:18,176 | Epoch  500/1400 | kl_g0_w=1.00 kl_u_w=1.00 | train=6.9797 (recon=8.5518, kl_g0=1.9538, kl_u=2.9169, cls=0.5368) | val=6.8867 | lr=1.00e-04
2026-06-26 15:28:18,223 |   -> New best val loss: 6.8867 (saved best_model.pt)
2026-06-26 15:28:21,900 |   -> New best val loss: 6.8671 (saved best_model.pt)
2026-06-26 15:28:25,911 |   -> New best val loss: 6.8307 (saved best_model.pt)
2026-06-26 15:28:29,551 |   -> New best val loss: 6.8137 (saved best_model.pt)
2026-06-26 15:28:33,528 |   -> New best val loss: 6.8008 (saved best_model.pt)
2026-06-26 15:28:37,402 |   -> New best val loss: 6.7681 (saved best_model.pt)
2026-06-26 15:28:41,159 |   -> New best val loss: 6.7672 (saved best_model.pt)
2026-06-26 15:28:45,105 |   -> New best val loss: 6.7434 (saved best_model.pt)
2026-06-26 15:28:48,938 |   -> New best val loss: 6.7122 (saved best_model.pt)
2026-06-26 15:28:52,785 |   -> New best val loss: 6.6904 (saved best_model.pt)
2026-06-26 15:28:56,636 | Epoch  510/1400 | kl_g0_w=1.00 kl_u_w=1.00 | train=6.7781 (recon=8.4396, kl_g0=1.7145, kl_u=2.9079, cls=0.4941) | val=6.6669 | lr=1.00e-04
2026-06-26 15:28:56,696 |   -> New best val loss: 6.6669 (saved best_model.pt)
2026-06-26 15:29:00,573 |   -> New best val loss: 6.6590 (saved best_model.pt)
2026-06-26 15:29:04,219 |   -> New best val loss: 6.6053 (saved best_model.pt)
2026-06-26 15:29:07,871 |   -> New best val loss: 6.6043 (saved best_model.pt)
2026-06-26 15:29:11,676 |   -> New best val loss: 6.5869 (saved best_model.pt)
2026-06-26 15:29:19,124 |   -> New best val loss: 6.5662 (saved best_model.pt)
2026-06-26 15:29:23,082 |   -> New best val loss: 6.5466 (saved best_model.pt)
2026-06-26 15:29:26,633 |   -> New best val loss: 6.5158 (saved best_model.pt)
2026-06-26 15:29:30,154 |   -> New best val loss: 6.5064 (saved best_model.pt)
2026-06-26 15:29:33,581 | Epoch  520/1400 | kl_g0_w=1.00 kl_u_w=1.00 | train=6.5380 (recon=8.3000, kl_g0=1.4860, kl_u=2.8817, cls=0.4083) | val=6.4774 | lr=1.00e-04
2026-06-26 15:29:33,631 |   -> New best val loss: 6.4774 (saved best_model.pt)
2026-06-26 15:29:41,295 |   -> New best val loss: 6.4638 (saved best_model.pt)
2026-06-26 15:29:45,249 |   -> New best val loss: 6.4442 (saved best_model.pt)
2026-06-26 15:29:49,013 |   -> New best val loss: 6.4230 (saved best_model.pt)
2026-06-26 15:29:52,790 |   -> New best val loss: 6.4165 (saved best_model.pt)
2026-06-26 15:29:56,489 |   -> New best val loss: 6.3807 (saved best_model.pt)
2026-06-26 15:30:04,287 |   -> New best val loss: 6.3595 (saved best_model.pt)
2026-06-26 15:30:11,867 | Epoch  530/1400 | kl_g0_w=1.00 kl_u_w=1.00 | train=6.3279 (recon=8.1535, kl_g0=1.2765, kl_u=2.8873, cls=0.3386) | val=6.3529 | lr=1.00e-04
2026-06-26 15:30:11,900 |   -> New best val loss: 6.3529 (saved best_model.pt)
2026-06-26 15:30:16,006 |   -> New best val loss: 6.3282 (saved best_model.pt)
2026-06-26 15:30:19,933 |   -> New best val loss: 6.3149 (saved best_model.pt)
2026-06-26 15:30:27,893 |   -> New best val loss: 6.3057 (saved best_model.pt)
2026-06-26 15:30:31,832 |   -> New best val loss: 6.2911 (saved best_model.pt)
2026-06-26 15:30:35,531 |   -> New best val loss: 6.2632 (saved best_model.pt)
2026-06-26 15:30:39,516 |   -> New best val loss: 6.2522 (saved best_model.pt)
2026-06-26 15:30:43,278 |   -> New best val loss: 6.2500 (saved best_model.pt)
2026-06-26 15:30:47,317 |   -> New best val loss: 6.2406 (saved best_model.pt)
2026-06-26 15:30:50,929 | Epoch  540/1400 | kl_g0_w=1.00 kl_u_w=1.00 | train=6.1054 (recon=8.0229, kl_g0=1.0999, kl_u=2.8745, cls=0.2135) | val=6.2663 | lr=1.00e-04
2026-06-26 15:30:54,744 |   -> New best val loss: 6.2394 (saved best_model.pt)
2026-06-26 15:30:58,391 |   -> New best val loss: 6.2328 (saved best_model.pt)
2026-06-26 15:31:02,290 |   -> New best val loss: 6.2242 (saved best_model.pt)
2026-06-26 15:31:05,782 |   -> New best val loss: 6.2004 (saved best_model.pt)
2026-06-26 15:31:16,961 |   -> New best val loss: 6.1965 (saved best_model.pt)
2026-06-26 15:31:24,211 |   -> New best val loss: 6.1791 (saved best_model.pt)
2026-06-26 15:31:28,022 | Epoch  550/1400 | kl_g0_w=1.00 kl_u_w=1.00 | train=5.9499 (recon=7.9376, kl_g0=0.9436, kl_u=2.8573, cls=0.1613) | val=6.2284 | lr=1.00e-04
2026-06-26 15:31:31,738 |   -> New best val loss: 6.1568 (saved best_model.pt)
2026-06-26 15:31:38,865 |   -> New best val loss: 6.1494 (saved best_model.pt)
2026-06-26 15:31:42,420 |   -> New best val loss: 6.1339 (saved best_model.pt)
2026-06-26 15:31:49,595 |   -> New best val loss: 6.1195 (saved best_model.pt)
2026-06-26 15:31:53,329 |   -> New best val loss: 6.0957 (saved best_model.pt)
2026-06-26 15:31:57,202 |   -> New best val loss: 6.0826 (saved best_model.pt)
2026-06-26 15:32:04,264 | Epoch  560/1400 | kl_g0_w=1.00 kl_u_w=1.00 | train=5.8225 (recon=7.8089, kl_g0=0.8192, kl_u=2.8743, cls=0.1426) | val=6.0965 | lr=1.00e-04
2026-06-26 15:32:11,725 |   -> New best val loss: 6.0560 (saved best_model.pt)
2026-06-26 15:32:19,568 |   -> New best val loss: 6.0410 (saved best_model.pt)
2026-06-26 15:32:23,318 |   -> New best val loss: 6.0336 (saved best_model.pt)
2026-06-26 15:32:30,809 |   -> New best val loss: 6.0270 (saved best_model.pt)
2026-06-26 15:32:38,790 |   -> New best val loss: 6.0229 (saved best_model.pt)
2026-06-26 15:32:42,113 | Epoch  570/1400 | kl_g0_w=1.00 kl_u_w=1.00 | train=5.6836 (recon=7.7073, kl_g0=0.7097, kl_u=2.8633, cls=0.0870) | val=6.0427 | lr=1.00e-04
2026-06-26 15:32:49,736 |   -> New best val loss: 6.0077 (saved best_model.pt)
2026-06-26 15:32:57,564 |   -> New best val loss: 5.9801 (saved best_model.pt)
2026-06-26 15:33:01,446 |   -> New best val loss: 5.9787 (saved best_model.pt)
2026-06-26 15:33:08,877 |   -> New best val loss: 5.9652 (saved best_model.pt)
2026-06-26 15:33:19,920 | Epoch  580/1400 | kl_g0_w=1.00 kl_u_w=1.00 | train=5.5469 (recon=7.5528, kl_g0=0.6105, kl_u=2.8532, cls=0.0773) | val=5.9728 | lr=1.00e-04
2026-06-26 15:33:27,541 |   -> New best val loss: 5.9292 (saved best_model.pt)
2026-06-26 15:33:31,546 |   -> New best val loss: 5.9291 (saved best_model.pt)
2026-06-26 15:33:38,861 |   -> New best val loss: 5.9200 (saved best_model.pt)
2026-06-26 15:33:42,550 |   -> New best val loss: 5.9098 (saved best_model.pt)
2026-06-26 15:33:53,718 |   -> New best val loss: 5.9054 (saved best_model.pt)
2026-06-26 15:33:57,352 | Epoch  590/1400 | kl_g0_w=1.00 kl_u_w=1.00 | train=5.3878 (recon=7.3424, kl_g0=0.5307, kl_u=2.8405, cls=0.0620) | val=5.9187 | lr=1.00e-04
2026-06-26 15:34:01,150 |   -> New best val loss: 5.8979 (saved best_model.pt)
2026-06-26 15:34:04,835 |   -> New best val loss: 5.8842 (saved best_model.pt)
2026-06-26 15:34:12,358 |   -> New best val loss: 5.8693 (saved best_model.pt)
2026-06-26 15:34:19,943 |   -> New best val loss: 5.8533 (saved best_model.pt)
2026-06-26 15:34:36,397 | Epoch  600/1400 | kl_g0_w=1.00 kl_u_w=1.00 | train=5.3255 (recon=7.2994, kl_g0=0.4661, kl_u=2.8388, cls=0.0468) | val=5.8466 | lr=1.00e-04
2026-06-26 15:34:36,446 |   -> New best val loss: 5.8466 (saved best_model.pt)
2026-06-26 15:34:44,606 |   -> New best val loss: 5.8091 (saved best_model.pt)
2026-06-26 15:34:59,842 |   -> New best val loss: 5.7735 (saved best_model.pt)
2026-06-26 15:35:14,393 | Epoch  610/1400 | kl_g0_w=1.00 kl_u_w=1.00 | train=5.2326 (recon=7.1770, kl_g0=0.4029, kl_u=2.8402, cls=0.0450) | val=5.7761 | lr=1.00e-04
2026-06-26 15:35:18,342 |   -> New best val loss: 5.7705 (saved best_model.pt)
2026-06-26 15:35:25,642 |   -> New best val loss: 5.7579 (saved best_model.pt)
2026-06-26 15:35:32,889 |   -> New best val loss: 5.7576 (saved best_model.pt)
2026-06-26 15:35:36,600 |   -> New best val loss: 5.7542 (saved best_model.pt)
2026-06-26 15:35:44,124 |   -> New best val loss: 5.7332 (saved best_model.pt)
2026-06-26 15:35:51,481 | Epoch  620/1400 | kl_g0_w=1.00 kl_u_w=1.00 | train=5.1358 (recon=7.0366, kl_g0=0.3563, kl_u=2.8403, cls=0.0383) | val=5.7315 | lr=1.00e-04
2026-06-26 15:35:51,528 |   -> New best val loss: 5.7315 (saved best_model.pt)
2026-06-26 15:35:55,268 |   -> New best val loss: 5.7291 (saved best_model.pt)
2026-06-26 15:35:59,072 |   -> New best val loss: 5.7221 (saved best_model.pt)
2026-06-26 15:36:02,580 |   -> New best val loss: 5.7155 (saved best_model.pt)
2026-06-26 15:36:10,399 |   -> New best val loss: 5.7011 (saved best_model.pt)
2026-06-26 15:36:14,313 |   -> New best val loss: 5.6989 (saved best_model.pt)
2026-06-26 15:36:22,337 |   -> New best val loss: 5.6907 (saved best_model.pt)
2026-06-26 15:36:30,053 | Epoch  630/1400 | kl_g0_w=1.00 kl_u_w=1.00 | train=5.0540 (recon=6.9214, kl_g0=0.3136, kl_u=2.8353, cls=0.0377) | val=5.6868 | lr=1.00e-04
2026-06-26 15:36:30,103 |   -> New best val loss: 5.6868 (saved best_model.pt)
2026-06-26 15:36:43,285 |   -> New best val loss: 5.6750 (saved best_model.pt)
2026-06-26 15:36:51,140 |   -> New best val loss: 5.6725 (saved best_model.pt)
2026-06-26 15:36:54,957 |   -> New best val loss: 5.6609 (saved best_model.pt)
2026-06-26 15:37:03,283 |   -> New best val loss: 5.6597 (saved best_model.pt)
2026-06-26 15:37:11,075 | Epoch  640/1400 | kl_g0_w=1.00 kl_u_w=1.00 | train=5.0116 (recon=6.8732, kl_g0=0.2825, kl_u=2.8340, cls=0.0335) | val=5.6374 | lr=1.00e-04
2026-06-26 15:37:11,125 |   -> New best val loss: 5.6374 (saved best_model.pt)
2026-06-26 15:37:22,814 |   -> New best val loss: 5.6362 (saved best_model.pt)
2026-06-26 15:37:26,826 |   -> New best val loss: 5.6254 (saved best_model.pt)
2026-06-26 15:37:30,774 |   -> New best val loss: 5.6148 (saved best_model.pt)
2026-06-26 15:37:38,625 |   -> New best val loss: 5.6125 (saved best_model.pt)
2026-06-26 15:37:42,683 |   -> New best val loss: 5.6000 (saved best_model.pt)
2026-06-26 15:37:50,790 | Epoch  650/1400 | kl_g0_w=1.00 kl_u_w=1.00 | train=4.9511 (recon=6.7947, kl_g0=0.2478, kl_u=2.8273, cls=0.0322) | val=5.5915 | lr=1.00e-04
2026-06-26 15:37:50,847 |   -> New best val loss: 5.5915 (saved best_model.pt)
2026-06-26 15:37:55,381 |   -> New best val loss: 5.5822 (saved best_model.pt)
2026-06-26 15:38:03,204 |   -> New best val loss: 5.5783 (saved best_model.pt)
2026-06-26 15:38:26,245 |   -> New best val loss: 5.5573 (saved best_model.pt)
2026-06-26 15:38:30,103 | Epoch  660/1400 | kl_g0_w=1.00 kl_u_w=1.00 | train=4.9012 (recon=6.7225, kl_g0=0.2243, kl_u=2.8268, cls=0.0288) | val=5.5784 | lr=1.00e-04
2026-06-26 15:38:41,863 |   -> New best val loss: 5.5460 (saved best_model.pt)
2026-06-26 15:38:56,649 |   -> New best val loss: 5.5383 (saved best_model.pt)
2026-06-26 15:39:04,402 |   -> New best val loss: 5.5349 (saved best_model.pt)
2026-06-26 15:39:08,398 | Epoch  670/1400 | kl_g0_w=1.00 kl_u_w=1.00 | train=4.8436 (recon=6.6285, kl_g0=0.2054, kl_u=2.8256, cls=0.0278) | val=5.5254 | lr=1.00e-04
2026-06-26 15:39:08,441 |   -> New best val loss: 5.5254 (saved best_model.pt)
2026-06-26 15:39:12,109 |   -> New best val loss: 5.5174 (saved best_model.pt)
2026-06-26 15:39:19,855 |   -> New best val loss: 5.5120 (saved best_model.pt)
2026-06-26 15:39:27,916 |   -> New best val loss: 5.4886 (saved best_model.pt)
2026-06-26 15:39:46,677 | Epoch  680/1400 | kl_g0_w=1.00 kl_u_w=1.00 | train=4.7989 (recon=6.5728, kl_g0=0.1838, kl_u=2.8146, cls=0.0265) | val=5.4944 | lr=1.00e-04
2026-06-26 15:39:58,233 |   -> New best val loss: 5.4857 (saved best_model.pt)
2026-06-26 15:40:01,898 |   -> New best val loss: 5.4788 (saved best_model.pt)
2026-06-26 15:40:09,554 |   -> New best val loss: 5.4785 (saved best_model.pt)
2026-06-26 15:40:20,555 |   -> New best val loss: 5.4487 (saved best_model.pt)
2026-06-26 15:40:24,279 | Epoch  690/1400 | kl_g0_w=1.00 kl_u_w=1.00 | train=4.7638 (recon=6.5239, kl_g0=0.1704, kl_u=2.8079, cls=0.0254) | val=5.5108 | lr=1.00e-04
2026-06-26 15:40:50,623 |   -> New best val loss: 5.4343 (saved best_model.pt)
2026-06-26 15:41:01,744 | Epoch  700/1400 | kl_g0_w=1.00 kl_u_w=1.00 | train=4.7281 (recon=6.4665, kl_g0=0.1538, kl_u=2.8112, cls=0.0246) | val=5.4321 | lr=1.00e-04
2026-06-26 15:41:01,783 |   -> New best val loss: 5.4321 (saved best_model.pt)
2026-06-26 15:41:05,733 |   -> New best val loss: 5.4275 (saved best_model.pt)
2026-06-26 15:41:13,325 |   -> New best val loss: 5.4190 (saved best_model.pt)
2026-06-26 15:41:20,717 |   -> New best val loss: 5.4091 (saved best_model.pt)
2026-06-26 15:41:35,758 |   -> New best val loss: 5.3980 (saved best_model.pt)
2026-06-26 15:41:39,495 | Epoch  710/1400 | kl_g0_w=1.00 kl_u_w=1.00 | train=4.7034 (recon=6.4241, kl_g0=0.1439, kl_u=2.8159, cls=0.0229) | val=5.4088 | lr=1.00e-04
2026-06-26 15:41:47,126 |   -> New best val loss: 5.3780 (saved best_model.pt)
2026-06-26 15:42:09,269 |   -> New best val loss: 5.3548 (saved best_model.pt)
2026-06-26 15:42:16,727 | Epoch  720/1400 | kl_g0_w=1.00 kl_u_w=1.00 | train=4.6542 (recon=6.3328, kl_g0=0.1372, kl_u=2.8174, cls=0.0210) | val=5.3751 | lr=1.00e-04
2026-06-26 15:42:35,449 |   -> New best val loss: 5.3528 (saved best_model.pt)
2026-06-26 15:42:51,238 |   -> New best val loss: 5.3500 (saved best_model.pt)
2026-06-26 15:42:55,043 | Epoch  730/1400 | kl_g0_w=1.00 kl_u_w=1.00 | train=4.6212 (recon=6.2751, kl_g0=0.1281, kl_u=2.8179, cls=0.0213) | val=5.3788 | lr=1.00e-04
2026-06-26 15:42:58,738 |   -> New best val loss: 5.3471 (saved best_model.pt)
2026-06-26 15:43:10,293 |   -> New best val loss: 5.3402 (saved best_model.pt)
2026-06-26 15:43:17,650 |   -> New best val loss: 5.3378 (saved best_model.pt)
2026-06-26 15:43:32,934 | Epoch  740/1400 | kl_g0_w=1.00 kl_u_w=1.00 | train=4.5817 (recon=6.1982, kl_g0=0.1214, kl_u=2.8223, cls=0.0216) | val=5.3174 | lr=1.00e-04
2026-06-26 15:43:32,989 |   -> New best val loss: 5.3174 (saved best_model.pt)
2026-06-26 15:43:40,398 |   -> New best val loss: 5.3023 (saved best_model.pt)
2026-06-26 15:44:05,899 |   -> New best val loss: 5.2905 (saved best_model.pt)
2026-06-26 15:44:10,199 | Epoch  750/1400 | kl_g0_w=1.00 kl_u_w=1.00 | train=4.5555 (recon=6.1509, kl_g0=0.1143, kl_u=2.8262, cls=0.0197) | val=5.3004 | lr=1.00e-04
2026-06-26 15:44:18,861 |   -> New best val loss: 5.2733 (saved best_model.pt)
2026-06-26 15:44:27,258 |   -> New best val loss: 5.2645 (saved best_model.pt)
2026-06-26 15:44:39,185 |   -> New best val loss: 5.2463 (saved best_model.pt)
2026-06-26 15:44:50,406 | Epoch  760/1400 | kl_g0_w=1.00 kl_u_w=1.00 | train=4.5207 (recon=6.0885, kl_g0=0.1086, kl_u=2.8247, cls=0.0196) | val=5.2606 | lr=1.00e-04
2026-06-26 15:45:09,683 |   -> New best val loss: 5.2326 (saved best_model.pt)
2026-06-26 15:45:27,650 | Epoch  770/1400 | kl_g0_w=1.00 kl_u_w=1.00 | train=4.4991 (recon=6.0586, kl_g0=0.1022, kl_u=2.8185, cls=0.0188) | val=5.2523 | lr=1.00e-04
2026-06-26 15:45:38,699 |   -> New best val loss: 5.2004 (saved best_model.pt)
2026-06-26 15:46:03,928 | Epoch  780/1400 | kl_g0_w=1.00 kl_u_w=1.00 | train=4.4668 (recon=5.9850, kl_g0=0.0999, kl_u=2.8311, cls=0.0175) | val=5.2214 | lr=1.00e-04
2026-06-26 15:46:21,854 |   -> New best val loss: 5.1990 (saved best_model.pt)
2026-06-26 15:46:33,184 |   -> New best val loss: 5.1900 (saved best_model.pt)
2026-06-26 15:46:40,789 | Epoch  790/1400 | kl_g0_w=1.00 kl_u_w=1.00 | train=4.4480 (recon=5.9572, kl_g0=0.0945, kl_u=2.8267, cls=0.0177) | val=5.2048 | lr=1.00e-04
2026-06-26 15:47:22,795 |   -> New best val loss: 5.1846 (saved best_model.pt)
2026-06-26 15:47:39,070 |   -> New best val loss: 5.1712 (saved best_model.pt)
2026-06-26 15:47:47,309 | Epoch  800/1400 | kl_g0_w=1.00 kl_u_w=1.00 | train=4.4279 (recon=5.9218, kl_g0=0.0896, kl_u=2.8274, cls=0.0170) | val=5.2061 | lr=1.00e-04
2026-06-26 15:48:03,816 |   -> New best val loss: 5.1542 (saved best_model.pt)
2026-06-26 15:49:01,113 |   -> New best val loss: 5.1426 (saved best_model.pt)
2026-06-26 15:49:09,310 | Epoch  810/1400 | kl_g0_w=1.00 kl_u_w=1.00 | train=4.4126 (recon=5.8916, kl_g0=0.0871, kl_u=2.8304, cls=0.0161) | val=5.2028 | lr=1.00e-04
2026-06-26 15:49:42,187 |   -> New best val loss: 5.1314 (saved best_model.pt)
2026-06-26 15:49:58,793 |   -> New best val loss: 5.1220 (saved best_model.pt)
2026-06-26 15:50:23,397 |   -> New best val loss: 5.1142 (saved best_model.pt)
2026-06-26 15:50:31,610 | Epoch  820/1400 | kl_g0_w=1.00 kl_u_w=1.00 | train=4.3657 (recon=5.8015, kl_g0=0.0842, kl_u=2.8298, cls=0.0159) | val=5.1594 | lr=1.00e-04
2026-06-26 15:50:48,062 |   -> New best val loss: 5.0979 (saved best_model.pt)
2026-06-26 15:51:45,567 |   -> New best val loss: 5.0923 (saved best_model.pt)
2026-06-26 15:51:53,766 | Epoch  830/1400 | kl_g0_w=1.00 kl_u_w=1.00 | train=4.3652 (recon=5.7980, kl_g0=0.0828, kl_u=2.8338, cls=0.0159) | val=5.1469 | lr=1.00e-04
2026-06-26 15:52:42,930 |   -> New best val loss: 5.0906 (saved best_model.pt)
2026-06-26 15:53:15,463 | Epoch  840/1400 | kl_g0_w=1.00 kl_u_w=1.00 | train=4.3285 (recon=5.7359, kl_g0=0.0794, kl_u=2.8268, cls=0.0149) | val=5.0919 | lr=1.00e-04
2026-06-26 15:53:48,332 |   -> New best val loss: 5.0793 (saved best_model.pt)
2026-06-26 15:54:12,972 |   -> New best val loss: 5.0601 (saved best_model.pt)
2026-06-26 15:54:37,593 | Epoch  850/1400 | kl_g0_w=1.00 kl_u_w=1.00 | train=4.2967 (recon=5.6728, kl_g0=0.0771, kl_u=2.8303, cls=0.0131) | val=5.0705 | lr=1.00e-04
2026-06-26 15:55:26,813 |   -> New best val loss: 5.0581 (saved best_model.pt)
2026-06-26 15:55:43,202 |   -> New best val loss: 5.0507 (saved best_model.pt)
2026-06-26 15:55:59,637 | Epoch  860/1400 | kl_g0_w=1.00 kl_u_w=1.00 | train=4.2750 (recon=5.6377, kl_g0=0.0757, kl_u=2.8242, cls=0.0124) | val=5.0449 | lr=1.00e-04
2026-06-26 15:55:59,715 |   -> New best val loss: 5.0449 (saved best_model.pt)
2026-06-26 15:56:16,307 |   -> New best val loss: 5.0378 (saved best_model.pt)
2026-06-26 15:56:41,069 |   -> New best val loss: 5.0003 (saved best_model.pt)
2026-06-26 15:57:21,906 | Epoch  870/1400 | kl_g0_w=1.00 kl_u_w=1.00 | train=4.2496 (recon=5.5922, kl_g0=0.0728, kl_u=2.8215, cls=0.0127) | val=5.0004 | lr=1.00e-04
2026-06-26 15:57:46,579 |   -> New best val loss: 4.9986 (saved best_model.pt)
2026-06-26 15:58:11,162 |   -> New best val loss: 4.9698 (saved best_model.pt)
2026-06-26 15:58:43,968 | Epoch  880/1400 | kl_g0_w=1.00 kl_u_w=1.00 | train=4.2120 (recon=5.5105, kl_g0=0.0708, kl_u=2.8299, cls=0.0128) | val=5.0955 | lr=1.00e-04
2026-06-26 15:59:39,368 | Epoch  890/1400 | kl_g0_w=1.00 kl_u_w=1.00 | train=4.2014 (recon=5.5075, kl_g0=0.0682, kl_u=2.8148, cls=0.0122) | val=4.9868 | lr=1.00e-04
2026-06-26 16:00:13,674 | Epoch  900/1400 | kl_g0_w=1.00 kl_u_w=1.00 | train=4.1856 (recon=5.4590, kl_g0=0.0677, kl_u=2.8327, cls=0.0118) | val=4.9806 | lr=5.00e-05
2026-06-26 16:00:34,405 | Early stopping at epoch 906 -- no improvement for 30 epochs.
2026-06-26 16:00:34,434 | Final model saved to C:\Users\USER\Documents\GitHub\LIFUS-BRICK\results\training\ablation_full\final_model.pt
2026-06-26 16:00:34,434 | Best val loss: 4.9698
2026-06-26 16:00:34,434 | Training complete.
