2026-07-03 14:39:14,315 | ============================================================
2026-07-03 14:39:14,315 | BRICK Training -- train_20260703_143914
2026-07-03 14:39:14,315 | N_ROIS=24, M=96, H=4, T=240
2026-07-03 14:39:14,315 | Epochs=1000, LR=0.0001, WD=0.05, LAMBDA_NOISE=0.01, BATCH_SIZE=12
2026-07-03 14:39:14,315 | Patience=30, use_control=True, use_ic=True
2026-07-03 14:39:14,315 | KL annealing: g0 over 0 epochs, u delayed 0 then over 0 epochs
2026-07-03 14:39:14,315 | ============================================================
2026-07-03 14:39:14,315 | Loading dataset...
2026-07-03 14:39:14,449 | Split: 52 train | 4 val | 20 test items
2026-07-03 14:39:14,480 | Model parameters: 554,702
2026-07-03 14:39:14,908 | Starting training...
2026-07-03 14:39:16,990 | Epoch    1/1000 | kl_g0_w=1.00 kl_u_w=1.00 | train=3257.2363 (recon=3251.2687, kl_g0=5.1538, kl_u=0.8138, cls=0.7013) | val=321.9135 | lr=1.00e-04
2026-07-03 14:39:17,003 |   -> New best val loss: 321.9135 (saved best_model.pt)
2026-07-03 14:39:18,374 |   -> New best val loss: 256.7858 (saved best_model.pt)
2026-07-03 14:39:19,799 |   -> New best val loss: 223.9021 (saved best_model.pt)
2026-07-03 14:39:21,575 |   -> New best val loss: 201.2874 (saved best_model.pt)
2026-07-03 14:39:23,760 |   -> New best val loss: 188.9105 (saved best_model.pt)
2026-07-03 14:39:26,164 |   -> New best val loss: 174.2022 (saved best_model.pt)
2026-07-03 14:39:28,029 |   -> New best val loss: 165.2586 (saved best_model.pt)
2026-07-03 14:39:30,315 |   -> New best val loss: 156.0782 (saved best_model.pt)
2026-07-03 14:39:32,528 |   -> New best val loss: 150.6714 (saved best_model.pt)
2026-07-03 14:39:35,051 | Epoch   10/1000 | kl_g0_w=1.00 kl_u_w=1.00 | train=278.1083 (recon=271.5841, kl_g0=5.0703, kl_u=1.4539, cls=0.6983) | val=147.5313 | lr=1.00e-04
2026-07-03 14:39:35,075 |   -> New best val loss: 147.5313 (saved best_model.pt)
2026-07-03 14:39:37,687 |   -> New best val loss: 137.9846 (saved best_model.pt)
2026-07-03 14:39:39,573 |   -> New best val loss: 133.6969 (saved best_model.pt)
2026-07-03 14:39:41,484 |   -> New best val loss: 129.5246 (saved best_model.pt)
2026-07-03 14:39:44,008 |   -> New best val loss: 123.0162 (saved best_model.pt)
2026-07-03 14:39:46,250 |   -> New best val loss: 119.3462 (saved best_model.pt)
2026-07-03 14:39:48,258 |   -> New best val loss: 115.5029 (saved best_model.pt)
2026-07-03 14:39:50,384 |   -> New best val loss: 111.6341 (saved best_model.pt)
2026-07-03 14:39:52,646 |   -> New best val loss: 107.7276 (saved best_model.pt)
2026-07-03 14:39:55,276 |   -> New best val loss: 105.7751 (saved best_model.pt)
2026-07-03 14:39:57,232 | Epoch   20/1000 | kl_g0_w=1.00 kl_u_w=1.00 | train=170.4038 (recon=162.4508, kl_g0=5.0392, kl_u=2.9138, cls=0.6978) | val=102.3563 | lr=1.00e-04
2026-07-03 14:39:57,259 |   -> New best val loss: 102.3563 (saved best_model.pt)
2026-07-03 14:39:59,836 |   -> New best val loss: 100.1463 (saved best_model.pt)
2026-07-03 14:40:01,838 |   -> New best val loss: 97.3455 (saved best_model.pt)
2026-07-03 14:40:03,698 |   -> New best val loss: 95.7092 (saved best_model.pt)
2026-07-03 14:40:05,861 |   -> New best val loss: 92.4297 (saved best_model.pt)
2026-07-03 14:40:07,396 |   -> New best val loss: 91.1563 (saved best_model.pt)
2026-07-03 14:40:09,362 |   -> New best val loss: 88.4904 (saved best_model.pt)
2026-07-03 14:40:11,936 |   -> New best val loss: 87.5629 (saved best_model.pt)
2026-07-03 14:40:14,095 |   -> New best val loss: 85.6949 (saved best_model.pt)
2026-07-03 14:40:15,781 |   -> New best val loss: 84.0429 (saved best_model.pt)
2026-07-03 14:40:17,361 | Epoch   30/1000 | kl_g0_w=1.00 kl_u_w=1.00 | train=132.2885 (recon=123.2410, kl_g0=5.1005, kl_u=3.9470, cls=0.6951) | val=82.0834 | lr=1.00e-04
2026-07-03 14:40:17,380 |   -> New best val loss: 82.0834 (saved best_model.pt)
2026-07-03 14:40:19,514 |   -> New best val loss: 80.8649 (saved best_model.pt)
2026-07-03 14:40:21,992 |   -> New best val loss: 79.5884 (saved best_model.pt)
2026-07-03 14:40:23,508 |   -> New best val loss: 78.2562 (saved best_model.pt)
2026-07-03 14:40:25,098 |   -> New best val loss: 77.0318 (saved best_model.pt)
2026-07-03 14:40:27,360 |   -> New best val loss: 76.1016 (saved best_model.pt)
2026-07-03 14:40:29,407 |   -> New best val loss: 75.5382 (saved best_model.pt)
2026-07-03 14:40:31,264 |   -> New best val loss: 73.8730 (saved best_model.pt)
2026-07-03 14:40:33,271 |   -> New best val loss: 73.8467 (saved best_model.pt)
2026-07-03 14:40:35,272 |   -> New best val loss: 72.5488 (saved best_model.pt)
2026-07-03 14:40:37,329 | Epoch   40/1000 | kl_g0_w=1.00 kl_u_w=1.00 | train=111.9638 (recon=102.4328, kl_g0=5.1908, kl_u=4.3401, cls=0.6975) | val=70.7911 | lr=1.00e-04
2026-07-03 14:40:37,355 |   -> New best val loss: 70.7911 (saved best_model.pt)
2026-07-03 14:40:39,042 |   -> New best val loss: 70.7053 (saved best_model.pt)
2026-07-03 14:40:40,806 |   -> New best val loss: 69.8776 (saved best_model.pt)
2026-07-03 14:40:42,968 |   -> New best val loss: 69.0543 (saved best_model.pt)
2026-07-03 14:40:45,287 |   -> New best val loss: 68.0499 (saved best_model.pt)
2026-07-03 14:40:47,202 |   -> New best val loss: 67.1268 (saved best_model.pt)
2026-07-03 14:40:49,338 |   -> New best val loss: 66.6897 (saved best_model.pt)
2026-07-03 14:40:51,092 |   -> New best val loss: 65.8728 (saved best_model.pt)
2026-07-03 14:40:52,664 |   -> New best val loss: 65.2891 (saved best_model.pt)
2026-07-03 14:40:54,728 |   -> New best val loss: 64.9564 (saved best_model.pt)
2026-07-03 14:40:56,573 | Epoch   50/1000 | kl_g0_w=1.00 kl_u_w=1.00 | train=95.7243 (recon=86.0215, kl_g0=5.2781, kl_u=4.4246, cls=0.6981) | val=64.2236 | lr=1.00e-04
2026-07-03 14:40:56,597 |   -> New best val loss: 64.2236 (saved best_model.pt)
2026-07-03 14:40:59,124 |   -> New best val loss: 63.9794 (saved best_model.pt)
2026-07-03 14:41:01,637 |   -> New best val loss: 62.6003 (saved best_model.pt)
2026-07-03 14:41:05,256 |   -> New best val loss: 61.8515 (saved best_model.pt)
2026-07-03 14:41:07,705 |   -> New best val loss: 60.7726 (saved best_model.pt)
2026-07-03 14:41:12,369 |   -> New best val loss: 59.4507 (saved best_model.pt)
2026-07-03 14:41:16,862 |   -> New best val loss: 59.2695 (saved best_model.pt)
2026-07-03 14:41:18,780 | Epoch   60/1000 | kl_g0_w=1.00 kl_u_w=1.00 | train=84.9712 (recon=75.2307, kl_g0=5.3768, kl_u=4.3636, cls=0.6954) | val=58.7834 | lr=1.00e-04
2026-07-03 14:41:18,807 |   -> New best val loss: 58.7834 (saved best_model.pt)
2026-07-03 14:41:21,362 |   -> New best val loss: 58.0192 (saved best_model.pt)
2026-07-03 14:41:23,826 |   -> New best val loss: 57.7980 (saved best_model.pt)
2026-07-03 14:41:25,485 |   -> New best val loss: 57.5711 (saved best_model.pt)
2026-07-03 14:41:27,251 |   -> New best val loss: 56.5644 (saved best_model.pt)
2026-07-03 14:41:29,455 |   -> New best val loss: 56.2326 (saved best_model.pt)
2026-07-03 14:41:31,395 |   -> New best val loss: 56.0049 (saved best_model.pt)
2026-07-03 14:41:33,344 |   -> New best val loss: 55.4249 (saved best_model.pt)
2026-07-03 14:41:35,352 |   -> New best val loss: 55.2584 (saved best_model.pt)
2026-07-03 14:41:37,274 |   -> New best val loss: 54.4832 (saved best_model.pt)
2026-07-03 14:41:39,176 | Epoch   70/1000 | kl_g0_w=1.00 kl_u_w=1.00 | train=75.0374 (recon=65.2997, kl_g0=5.4677, kl_u=4.2700, cls=0.6957) | val=54.2481 | lr=1.00e-04
2026-07-03 14:41:39,202 |   -> New best val loss: 54.2481 (saved best_model.pt)
2026-07-03 14:41:41,763 |   -> New best val loss: 54.0313 (saved best_model.pt)
2026-07-03 14:41:45,877 |   -> New best val loss: 53.2981 (saved best_model.pt)
2026-07-03 14:41:48,365 |   -> New best val loss: 53.1079 (saved best_model.pt)
2026-07-03 14:41:50,937 |   -> New best val loss: 52.6932 (saved best_model.pt)
2026-07-03 14:41:53,081 |   -> New best val loss: 51.9885 (saved best_model.pt)
2026-07-03 14:41:56,912 |   -> New best val loss: 51.2111 (saved best_model.pt)
2026-07-03 14:42:00,645 | Epoch   80/1000 | kl_g0_w=1.00 kl_u_w=1.00 | train=68.5897 (recon=58.8053, kl_g0=5.5605, kl_u=4.2240, cls=0.6958) | val=50.3660 | lr=1.00e-04
2026-07-03 14:42:00,662 |   -> New best val loss: 50.3660 (saved best_model.pt)
2026-07-03 14:42:02,430 |   -> New best val loss: 50.2693 (saved best_model.pt)
2026-07-03 14:42:04,517 |   -> New best val loss: 50.1226 (saved best_model.pt)
2026-07-03 14:42:06,605 |   -> New best val loss: 49.4215 (saved best_model.pt)
2026-07-03 14:42:10,545 |   -> New best val loss: 49.4156 (saved best_model.pt)
2026-07-03 14:42:12,293 |   -> New best val loss: 49.0582 (saved best_model.pt)
2026-07-03 14:42:14,296 |   -> New best val loss: 48.8045 (saved best_model.pt)
2026-07-03 14:42:16,083 |   -> New best val loss: 48.2909 (saved best_model.pt)
2026-07-03 14:42:18,034 |   -> New best val loss: 48.1199 (saved best_model.pt)
2026-07-03 14:42:19,624 | Epoch   90/1000 | kl_g0_w=1.00 kl_u_w=1.00 | train=62.8706 (recon=53.1718, kl_g0=5.6603, kl_u=4.0384, cls=0.6955) | val=48.1310 | lr=1.00e-04
2026-07-03 14:42:24,423 |   -> New best val loss: 46.8431 (saved best_model.pt)
2026-07-03 14:42:29,374 |   -> New best val loss: 46.6608 (saved best_model.pt)
2026-07-03 14:42:34,509 |   -> New best val loss: 46.5147 (saved best_model.pt)
2026-07-03 14:42:37,102 |   -> New best val loss: 46.3198 (saved best_model.pt)
2026-07-03 14:42:39,664 |   -> New best val loss: 45.6801 (saved best_model.pt)
2026-07-03 14:42:43,564 | Epoch  100/1000 | kl_g0_w=1.00 kl_u_w=1.00 | train=58.1923 (recon=48.5195, kl_g0=5.7352, kl_u=3.9376, cls=0.6957) | val=45.7610 | lr=1.00e-04
2026-07-03 14:42:45,274 |   -> New best val loss: 45.2512 (saved best_model.pt)
2026-07-03 14:42:46,840 |   -> New best val loss: 45.2109 (saved best_model.pt)
2026-07-03 14:42:48,845 |   -> New best val loss: 45.1160 (saved best_model.pt)
2026-07-03 14:42:51,431 |   -> New best val loss: 44.2141 (saved best_model.pt)
2026-07-03 14:42:56,173 |   -> New best val loss: 43.9525 (saved best_model.pt)
2026-07-03 14:42:58,765 |   -> New best val loss: 43.8968 (saved best_model.pt)
2026-07-03 14:43:00,645 |   -> New best val loss: 43.7959 (saved best_model.pt)
2026-07-03 14:43:02,709 |   -> New best val loss: 43.5133 (saved best_model.pt)
2026-07-03 14:43:05,361 | Epoch  110/1000 | kl_g0_w=1.00 kl_u_w=1.00 | train=54.2658 (recon=44.6447, kl_g0=5.8180, kl_u=3.8031, cls=0.6948) | val=43.1434 | lr=1.00e-04
2026-07-03 14:43:05,388 |   -> New best val loss: 43.1434 (saved best_model.pt)
2026-07-03 14:43:07,085 |   -> New best val loss: 42.7337 (saved best_model.pt)
2026-07-03 14:43:11,093 |   -> New best val loss: 42.6167 (saved best_model.pt)
2026-07-03 14:43:13,556 |   -> New best val loss: 42.4966 (saved best_model.pt)
2026-07-03 14:43:16,128 |   -> New best val loss: 42.2481 (saved best_model.pt)
2026-07-03 14:43:21,091 |   -> New best val loss: 42.0577 (saved best_model.pt)
2026-07-03 14:43:24,925 |   -> New best val loss: 41.7246 (saved best_model.pt)
2026-07-03 14:43:26,843 | Epoch  120/1000 | kl_g0_w=1.00 kl_u_w=1.00 | train=50.4144 (recon=40.7469, kl_g0=5.8806, kl_u=3.7869, cls=0.6949) | val=41.4641 | lr=1.00e-04
2026-07-03 14:43:26,862 |   -> New best val loss: 41.4641 (saved best_model.pt)
2026-07-03 14:43:30,508 |   -> New best val loss: 41.1475 (saved best_model.pt)
2026-07-03 14:43:32,637 |   -> New best val loss: 41.1318 (saved best_model.pt)
2026-07-03 14:43:37,787 |   -> New best val loss: 40.9277 (saved best_model.pt)
2026-07-03 14:43:40,369 |   -> New best val loss: 40.4046 (saved best_model.pt)
2026-07-03 14:43:42,694 |   -> New best val loss: 40.3581 (saved best_model.pt)
2026-07-03 14:43:44,345 |   -> New best val loss: 40.0057 (saved best_model.pt)
2026-07-03 14:43:48,202 | Epoch  130/1000 | kl_g0_w=1.00 kl_u_w=1.00 | train=47.0356 (recon=37.3993, kl_g0=5.9516, kl_u=3.6847, cls=0.6927) | val=39.8225 | lr=1.00e-04
2026-07-03 14:43:48,230 |   -> New best val loss: 39.8225 (saved best_model.pt)
2026-07-03 14:43:50,640 |   -> New best val loss: 39.5417 (saved best_model.pt)
2026-07-03 14:43:55,393 |   -> New best val loss: 39.3897 (saved best_model.pt)
2026-07-03 14:43:57,487 |   -> New best val loss: 39.2669 (saved best_model.pt)
2026-07-03 14:43:59,448 |   -> New best val loss: 39.1618 (saved best_model.pt)
2026-07-03 14:44:01,400 |   -> New best val loss: 38.9374 (saved best_model.pt)
2026-07-03 14:44:04,069 |   -> New best val loss: 38.8986 (saved best_model.pt)
2026-07-03 14:44:05,817 |   -> New best val loss: 38.7109 (saved best_model.pt)
2026-07-03 14:44:08,167 |   -> New best val loss: 38.4093 (saved best_model.pt)
2026-07-03 14:44:10,330 | Epoch  140/1000 | kl_g0_w=1.00 kl_u_w=1.00 | train=45.1976 (recon=35.6036, kl_g0=6.0176, kl_u=3.5764, cls=0.6954) | val=38.4730 | lr=1.00e-04
2026-07-03 14:44:12,371 |   -> New best val loss: 38.2875 (saved best_model.pt)
2026-07-03 14:44:14,577 |   -> New best val loss: 37.8248 (saved best_model.pt)
2026-07-03 14:44:18,566 |   -> New best val loss: 37.6662 (saved best_model.pt)
2026-07-03 14:44:22,203 |   -> New best val loss: 37.4911 (saved best_model.pt)
2026-07-03 14:44:23,939 |   -> New best val loss: 37.2643 (saved best_model.pt)
2026-07-03 14:44:27,245 |   -> New best val loss: 36.9168 (saved best_model.pt)
2026-07-03 14:44:29,382 | Epoch  150/1000 | kl_g0_w=1.00 kl_u_w=1.00 | train=42.3289 (recon=32.7419, kl_g0=6.0720, kl_u=3.5151, cls=0.6942) | val=36.8024 | lr=1.00e-04
2026-07-03 14:44:29,406 |   -> New best val loss: 36.8024 (saved best_model.pt)
2026-07-03 14:44:34,548 |   -> New best val loss: 36.5917 (saved best_model.pt)
2026-07-03 14:44:37,024 |   -> New best val loss: 36.4228 (saved best_model.pt)
2026-07-03 14:44:41,651 |   -> New best val loss: 36.3406 (saved best_model.pt)
2026-07-03 14:44:43,823 |   -> New best val loss: 36.1225 (saved best_model.pt)
2026-07-03 14:44:47,642 |   -> New best val loss: 35.8256 (saved best_model.pt)
2026-07-03 14:44:52,430 | Epoch  160/1000 | kl_g0_w=1.00 kl_u_w=1.00 | train=40.5873 (recon=31.0441, kl_g0=6.1175, kl_u=3.4257, cls=0.6958) | val=35.7094 | lr=1.00e-04
2026-07-03 14:44:52,448 |   -> New best val loss: 35.7094 (saved best_model.pt)
2026-07-03 14:44:54,699 |   -> New best val loss: 35.5322 (saved best_model.pt)
2026-07-03 14:44:58,828 |   -> New best val loss: 35.4751 (saved best_model.pt)
2026-07-03 14:45:00,580 |   -> New best val loss: 35.0216 (saved best_model.pt)
2026-07-03 14:45:07,164 |   -> New best val loss: 34.9343 (saved best_model.pt)
2026-07-03 14:45:09,721 |   -> New best val loss: 34.9199 (saved best_model.pt)
2026-07-03 14:45:11,969 |   -> New best val loss: 34.6543 (saved best_model.pt)
2026-07-03 14:45:13,784 | Epoch  170/1000 | kl_g0_w=1.00 kl_u_w=1.00 | train=38.7504 (recon=29.1466, kl_g0=6.1562, kl_u=3.4476, cls=0.6950) | val=34.8909 | lr=1.00e-04
2026-07-03 14:45:15,807 |   -> New best val loss: 34.6507 (saved best_model.pt)
2026-07-03 14:45:18,025 |   -> New best val loss: 34.3257 (saved best_model.pt)
2026-07-03 14:45:20,142 |   -> New best val loss: 34.1514 (saved best_model.pt)
2026-07-03 14:45:24,077 |   -> New best val loss: 33.9028 (saved best_model.pt)
2026-07-03 14:45:25,721 |   -> New best val loss: 33.8688 (saved best_model.pt)
2026-07-03 14:45:29,350 |   -> New best val loss: 33.7199 (saved best_model.pt)
2026-07-03 14:45:31,585 |   -> New best val loss: 33.5257 (saved best_model.pt)
2026-07-03 14:45:33,797 | Epoch  180/1000 | kl_g0_w=1.00 kl_u_w=1.00 | train=37.1865 (recon=27.6804, kl_g0=6.1862, kl_u=3.3199, cls=0.6965) | val=33.7198 | lr=1.00e-04
2026-07-03 14:45:36,432 |   -> New best val loss: 33.4878 (saved best_model.pt)
2026-07-03 14:45:39,015 |   -> New best val loss: 33.1041 (saved best_model.pt)
2026-07-03 14:45:44,090 |   -> New best val loss: 32.9755 (saved best_model.pt)
2026-07-03 14:45:46,111 |   -> New best val loss: 32.9035 (saved best_model.pt)
2026-07-03 14:45:48,008 |   -> New best val loss: 32.7143 (saved best_model.pt)
2026-07-03 14:45:52,970 |   -> New best val loss: 32.5812 (saved best_model.pt)
2026-07-03 14:45:54,887 |   -> New best val loss: 32.4593 (saved best_model.pt)
2026-07-03 14:45:57,093 | Epoch  190/1000 | kl_g0_w=1.00 kl_u_w=1.00 | train=35.3781 (recon=25.9180, kl_g0=6.2052, kl_u=3.2550, cls=0.6952) | val=32.4351 | lr=1.00e-04
2026-07-03 14:45:57,112 |   -> New best val loss: 32.4351 (saved best_model.pt)
2026-07-03 14:46:00,397 |   -> New best val loss: 32.2097 (saved best_model.pt)
2026-07-03 14:46:04,246 |   -> New best val loss: 32.1052 (saved best_model.pt)
2026-07-03 14:46:05,812 |   -> New best val loss: 31.9793 (saved best_model.pt)
2026-07-03 14:46:07,379 |   -> New best val loss: 31.7426 (saved best_model.pt)
2026-07-03 14:46:13,110 |   -> New best val loss: 31.4482 (saved best_model.pt)
2026-07-03 14:46:15,333 | Epoch  200/1000 | kl_g0_w=1.00 kl_u_w=1.00 | train=34.0675 (recon=24.6348, kl_g0=6.2190, kl_u=3.2137, cls=0.6940) | val=31.4793 | lr=1.00e-04
2026-07-03 14:46:17,834 |   -> New best val loss: 31.2810 (saved best_model.pt)
2026-07-03 14:46:20,344 |   -> New best val loss: 31.2151 (saved best_model.pt)
2026-07-03 14:46:24,633 |   -> New best val loss: 31.1164 (saved best_model.pt)
2026-07-03 14:46:27,082 |   -> New best val loss: 31.0145 (saved best_model.pt)
2026-07-03 14:46:29,244 |   -> New best val loss: 30.8187 (saved best_model.pt)
2026-07-03 14:46:30,983 |   -> New best val loss: 30.7921 (saved best_model.pt)
2026-07-03 14:46:32,600 |   -> New best val loss: 30.7413 (saved best_model.pt)
2026-07-03 14:46:34,390 |   -> New best val loss: 30.6407 (saved best_model.pt)
2026-07-03 14:46:36,197 | Epoch  210/1000 | kl_g0_w=1.00 kl_u_w=1.00 | train=32.6197 (recon=23.2523, kl_g0=6.2226, kl_u=3.1448, cls=0.6940) | val=30.4418 | lr=1.00e-04
2026-07-03 14:46:36,214 |   -> New best val loss: 30.4418 (saved best_model.pt)
2026-07-03 14:46:41,152 |   -> New best val loss: 30.2788 (saved best_model.pt)
2026-07-03 14:46:48,153 |   -> New best val loss: 30.1235 (saved best_model.pt)
2026-07-03 14:46:50,559 |   -> New best val loss: 30.0646 (saved best_model.pt)
2026-07-03 14:46:52,695 |   -> New best val loss: 29.9325 (saved best_model.pt)
2026-07-03 14:46:54,507 |   -> New best val loss: 29.7781 (saved best_model.pt)
2026-07-03 14:46:56,926 |   -> New best val loss: 29.7105 (saved best_model.pt)
2026-07-03 14:46:59,485 | Epoch  220/1000 | kl_g0_w=1.00 kl_u_w=1.00 | train=31.5141 (recon=22.1836, kl_g0=6.2263, kl_u=3.1041, cls=0.6973) | val=29.5944 | lr=1.00e-04
2026-07-03 14:46:59,512 |   -> New best val loss: 29.5944 (saved best_model.pt)
2026-07-03 14:47:02,079 |   -> New best val loss: 29.5519 (saved best_model.pt)
2026-07-03 14:47:04,680 |   -> New best val loss: 29.4698 (saved best_model.pt)
2026-07-03 14:47:07,309 |   -> New best val loss: 29.3466 (saved best_model.pt)
2026-07-03 14:47:09,398 |   -> New best val loss: 29.2960 (saved best_model.pt)
2026-07-03 14:47:11,661 |   -> New best val loss: 29.1076 (saved best_model.pt)
2026-07-03 14:47:13,955 |   -> New best val loss: 29.0832 (saved best_model.pt)
2026-07-03 14:47:16,546 |   -> New best val loss: 28.9931 (saved best_model.pt)
2026-07-03 14:47:18,650 |   -> New best val loss: 28.9569 (saved best_model.pt)
2026-07-03 14:47:21,014 |   -> New best val loss: 28.9074 (saved best_model.pt)
2026-07-03 14:47:22,974 | Epoch  230/1000 | kl_g0_w=1.00 kl_u_w=1.00 | train=30.4164 (recon=21.1494, kl_g0=6.2161, kl_u=3.0509, cls=0.6965) | val=28.7343 | lr=1.00e-04
2026-07-03 14:47:23,001 |   -> New best val loss: 28.7343 (saved best_model.pt)
2026-07-03 14:47:28,053 |   -> New best val loss: 28.6175 (saved best_model.pt)
2026-07-03 14:47:30,538 |   -> New best val loss: 28.5775 (saved best_model.pt)
2026-07-03 14:47:35,557 |   -> New best val loss: 28.4299 (saved best_model.pt)
2026-07-03 14:47:37,978 |   -> New best val loss: 28.2375 (saved best_model.pt)
2026-07-03 14:47:40,207 |   -> New best val loss: 28.1918 (saved best_model.pt)
2026-07-03 14:47:42,758 |   -> New best val loss: 28.1446 (saved best_model.pt)
2026-07-03 14:47:46,862 | Epoch  240/1000 | kl_g0_w=1.00 kl_u_w=1.00 | train=29.4872 (recon=20.2646, kl_g0=6.1914, kl_u=3.0311, cls=0.6968) | val=27.9126 | lr=1.00e-04
2026-07-03 14:47:46,892 |   -> New best val loss: 27.9126 (saved best_model.pt)
2026-07-03 14:47:48,885 |   -> New best val loss: 27.7552 (saved best_model.pt)
2026-07-03 14:47:54,646 |   -> New best val loss: 27.5542 (saved best_model.pt)
2026-07-03 14:47:59,230 |   -> New best val loss: 27.4901 (saved best_model.pt)
2026-07-03 14:48:00,891 |   -> New best val loss: 27.4471 (saved best_model.pt)
2026-07-03 14:48:04,998 |   -> New best val loss: 27.2514 (saved best_model.pt)
2026-07-03 14:48:07,301 | Epoch  250/1000 | kl_g0_w=1.00 kl_u_w=1.00 | train=28.1778 (recon=19.0423, kl_g0=6.1547, kl_u=2.9808, cls=0.6962) | val=27.1530 | lr=1.00e-04
2026-07-03 14:48:07,318 |   -> New best val loss: 27.1530 (saved best_model.pt)
2026-07-03 14:48:12,375 |   -> New best val loss: 27.1365 (saved best_model.pt)
2026-07-03 14:48:14,625 |   -> New best val loss: 27.1266 (saved best_model.pt)
2026-07-03 14:48:16,921 |   -> New best val loss: 26.7949 (saved best_model.pt)
2026-07-03 14:48:21,228 |   -> New best val loss: 26.6948 (saved best_model.pt)
2026-07-03 14:48:26,531 |   -> New best val loss: 26.5488 (saved best_model.pt)
2026-07-03 14:48:30,949 | Epoch  260/1000 | kl_g0_w=1.00 kl_u_w=1.00 | train=27.5916 (recon=18.5182, kl_g0=6.1074, kl_u=2.9660, cls=0.6976) | val=26.3539 | lr=1.00e-04
2026-07-03 14:48:30,978 |   -> New best val loss: 26.3539 (saved best_model.pt)
2026-07-03 14:48:38,573 |   -> New best val loss: 26.2590 (saved best_model.pt)
2026-07-03 14:48:40,470 |   -> New best val loss: 26.2096 (saved best_model.pt)
2026-07-03 14:48:42,630 |   -> New best val loss: 26.0887 (saved best_model.pt)
2026-07-03 14:48:44,357 |   -> New best val loss: 25.9592 (saved best_model.pt)
2026-07-03 14:48:48,193 |   -> New best val loss: 25.8846 (saved best_model.pt)
2026-07-03 14:48:50,792 |   -> New best val loss: 25.7431 (saved best_model.pt)
2026-07-03 14:48:53,403 | Epoch  270/1000 | kl_g0_w=1.00 kl_u_w=1.00 | train=26.6630 (recon=17.6908, kl_g0=6.0537, kl_u=2.9185, cls=0.6986) | val=25.8574 | lr=1.00e-04
2026-07-03 14:48:56,005 |   -> New best val loss: 25.6337 (saved best_model.pt)
2026-07-03 14:49:03,675 |   -> New best val loss: 25.3344 (saved best_model.pt)
2026-07-03 14:49:09,065 |   -> New best val loss: 25.0951 (saved best_model.pt)
2026-07-03 14:49:15,278 | Epoch  280/1000 | kl_g0_w=1.00 kl_u_w=1.00 | train=25.8282 (recon=16.9306, kl_g0=5.9902, kl_u=2.9074, cls=0.6985) | val=25.1397 | lr=1.00e-04
2026-07-03 14:49:17,015 |   -> New best val loss: 25.0123 (saved best_model.pt)
2026-07-03 14:49:18,763 |   -> New best val loss: 24.8895 (saved best_model.pt)
2026-07-03 14:49:20,438 |   -> New best val loss: 24.7632 (saved best_model.pt)
2026-07-03 14:49:22,087 |   -> New best val loss: 24.7186 (saved best_model.pt)
2026-07-03 14:49:23,852 |   -> New best val loss: 24.6975 (saved best_model.pt)
2026-07-03 14:49:25,580 |   -> New best val loss: 24.6621 (saved best_model.pt)
2026-07-03 14:49:27,939 |   -> New best val loss: 24.6086 (saved best_model.pt)
2026-07-03 14:49:29,978 |   -> New best val loss: 24.5006 (saved best_model.pt)
2026-07-03 14:49:32,422 |   -> New best val loss: 24.4284 (saved best_model.pt)
2026-07-03 14:49:34,634 | Epoch  290/1000 | kl_g0_w=1.00 kl_u_w=1.00 | train=25.1241 (recon=16.3332, kl_g0=5.9221, kl_u=2.8689, cls=0.6971) | val=24.4675 | lr=1.00e-04
2026-07-03 14:49:36,908 |   -> New best val loss: 24.2135 (saved best_model.pt)
2026-07-03 14:49:38,871 |   -> New best val loss: 24.1710 (saved best_model.pt)
2026-07-03 14:49:41,103 |   -> New best val loss: 24.1419 (saved best_model.pt)
2026-07-03 14:49:43,459 |   -> New best val loss: 24.0979 (saved best_model.pt)
2026-07-03 14:49:46,020 |   -> New best val loss: 24.0240 (saved best_model.pt)
2026-07-03 14:49:51,146 |   -> New best val loss: 23.7534 (saved best_model.pt)
2026-07-03 14:49:56,904 | Epoch  300/1000 | kl_g0_w=1.00 kl_u_w=1.00 | train=24.3059 (recon=15.6318, kl_g0=5.8281, kl_u=2.8459, cls=0.6995) | val=23.8217 | lr=1.00e-04
2026-07-03 14:49:59,559 |   -> New best val loss: 23.5672 (saved best_model.pt)
2026-07-03 14:50:01,173 |   -> New best val loss: 23.5045 (saved best_model.pt)
2026-07-03 14:50:04,715 |   -> New best val loss: 23.4455 (saved best_model.pt)
2026-07-03 14:50:06,295 |   -> New best val loss: 23.2801 (saved best_model.pt)
2026-07-03 14:50:11,488 |   -> New best val loss: 23.1510 (saved best_model.pt)
2026-07-03 14:50:14,128 |   -> New best val loss: 23.1021 (saved best_model.pt)
2026-07-03 14:50:16,186 | Epoch  310/1000 | kl_g0_w=1.00 kl_u_w=1.00 | train=23.4610 (recon=14.9060, kl_g0=5.7434, kl_u=2.8115, cls=0.6998) | val=23.0795 | lr=1.00e-04
2026-07-03 14:50:16,204 |   -> New best val loss: 23.0795 (saved best_model.pt)
2026-07-03 14:50:18,062 |   -> New best val loss: 22.9649 (saved best_model.pt)
2026-07-03 14:50:20,449 |   -> New best val loss: 22.7858 (saved best_model.pt)
2026-07-03 14:50:24,261 |   -> New best val loss: 22.7665 (saved best_model.pt)
2026-07-03 14:50:26,727 |   -> New best val loss: 22.6074 (saved best_model.pt)
2026-07-03 14:50:34,273 |   -> New best val loss: 22.3765 (saved best_model.pt)
2026-07-03 14:50:38,052 | Epoch  320/1000 | kl_g0_w=1.00 kl_u_w=1.00 | train=22.7146 (recon=14.2481, kl_g0=5.6562, kl_u=2.8103, cls=0.6996) | val=22.5179 | lr=1.00e-04
2026-07-03 14:50:40,194 |   -> New best val loss: 22.2802 (saved best_model.pt)
2026-07-03 14:50:42,134 |   -> New best val loss: 22.2549 (saved best_model.pt)
2026-07-03 14:50:44,435 |   -> New best val loss: 22.2126 (saved best_model.pt)
2026-07-03 14:50:46,270 |   -> New best val loss: 22.1932 (saved best_model.pt)
2026-07-03 14:50:48,235 |   -> New best val loss: 22.1436 (saved best_model.pt)
2026-07-03 14:50:49,895 |   -> New best val loss: 21.9821 (saved best_model.pt)
2026-07-03 14:50:54,231 |   -> New best val loss: 21.9356 (saved best_model.pt)
2026-07-03 14:50:55,801 |   -> New best val loss: 21.8489 (saved best_model.pt)
2026-07-03 14:50:57,582 | Epoch  330/1000 | kl_g0_w=1.00 kl_u_w=1.00 | train=22.1883 (recon=13.8404, kl_g0=5.5606, kl_u=2.7872, cls=0.7005) | val=21.7450 | lr=1.00e-04
2026-07-03 14:50:57,602 |   -> New best val loss: 21.7450 (saved best_model.pt)
2026-07-03 14:51:00,905 |   -> New best val loss: 21.6489 (saved best_model.pt)
2026-07-03 14:51:02,890 |   -> New best val loss: 21.6282 (saved best_model.pt)
2026-07-03 14:51:07,086 |   -> New best val loss: 21.5475 (saved best_model.pt)
2026-07-03 14:51:09,345 |   -> New best val loss: 21.4962 (saved best_model.pt)
2026-07-03 14:51:11,579 |   -> New best val loss: 21.4535 (saved best_model.pt)
2026-07-03 14:51:13,216 |   -> New best val loss: 21.4308 (saved best_model.pt)
2026-07-03 14:51:15,664 |   -> New best val loss: 21.2693 (saved best_model.pt)
2026-07-03 14:51:17,943 | Epoch  340/1000 | kl_g0_w=1.00 kl_u_w=1.00 | train=21.6087 (recon=13.3909, kl_g0=5.4703, kl_u=2.7476, cls=0.7016) | val=21.2373 | lr=1.00e-04
2026-07-03 14:51:17,971 |   -> New best val loss: 21.2373 (saved best_model.pt)
2026-07-03 14:51:20,656 |   -> New best val loss: 21.1801 (saved best_model.pt)
2026-07-03 14:51:25,904 |   -> New best val loss: 21.0039 (saved best_model.pt)
2026-07-03 14:51:28,453 |   -> New best val loss: 20.9950 (saved best_model.pt)
2026-07-03 14:51:30,979 |   -> New best val loss: 20.9492 (saved best_model.pt)
2026-07-03 14:51:32,675 |   -> New best val loss: 20.9317 (saved best_model.pt)
2026-07-03 14:51:35,321 |   -> New best val loss: 20.8507 (saved best_model.pt)
2026-07-03 14:51:38,027 |   -> New best val loss: 20.7722 (saved best_model.pt)
2026-07-03 14:51:39,683 |   -> New best val loss: 20.6144 (saved best_model.pt)
2026-07-03 14:51:41,652 | Epoch  350/1000 | kl_g0_w=1.00 kl_u_w=1.00 | train=21.0176 (recon=12.9362, kl_g0=5.3710, kl_u=2.7104, cls=0.7018) | val=20.7364 | lr=1.00e-04
2026-07-03 14:51:43,780 |   -> New best val loss: 20.5349 (saved best_model.pt)
2026-07-03 14:51:49,226 |   -> New best val loss: 20.3974 (saved best_model.pt)
2026-07-03 14:51:51,514 |   -> New best val loss: 20.3390 (saved best_model.pt)
2026-07-03 14:51:55,815 |   -> New best val loss: 20.2036 (saved best_model.pt)
2026-07-03 14:51:58,282 |   -> New best val loss: 20.1961 (saved best_model.pt)
2026-07-03 14:52:00,542 |   -> New best val loss: 20.1514 (saved best_model.pt)
2026-07-03 14:52:03,147 | Epoch  360/1000 | kl_g0_w=1.00 kl_u_w=1.00 | train=20.5015 (recon=12.5444, kl_g0=5.2543, kl_u=2.7028, cls=0.7006) | val=20.1333 | lr=1.00e-04
2026-07-03 14:52:03,169 |   -> New best val loss: 20.1333 (saved best_model.pt)
2026-07-03 14:52:05,591 |   -> New best val loss: 20.0125 (saved best_model.pt)
2026-07-03 14:52:10,827 |   -> New best val loss: 19.9441 (saved best_model.pt)
2026-07-03 14:52:12,854 |   -> New best val loss: 19.9197 (saved best_model.pt)
2026-07-03 14:52:15,279 |   -> New best val loss: 19.8098 (saved best_model.pt)
2026-07-03 14:52:17,489 |   -> New best val loss: 19.7678 (saved best_model.pt)
2026-07-03 14:52:19,210 |   -> New best val loss: 19.7496 (saved best_model.pt)
2026-07-03 14:52:21,716 |   -> New best val loss: 19.7000 (saved best_model.pt)
2026-07-03 14:52:26,537 | Epoch  370/1000 | kl_g0_w=1.00 kl_u_w=1.00 | train=19.9075 (recon=12.1242, kl_g0=5.1129, kl_u=2.6704, cls=0.7012) | val=19.6050 | lr=1.00e-04
2026-07-03 14:52:26,564 |   -> New best val loss: 19.6050 (saved best_model.pt)
2026-07-03 14:52:29,255 |   -> New best val loss: 19.5112 (saved best_model.pt)
2026-07-03 14:52:31,303 |   -> New best val loss: 19.4963 (saved best_model.pt)
2026-07-03 14:52:33,489 |   -> New best val loss: 19.4261 (saved best_model.pt)
2026-07-03 14:52:35,161 |   -> New best val loss: 19.3433 (saved best_model.pt)
2026-07-03 14:52:36,917 |   -> New best val loss: 19.3015 (saved best_model.pt)
2026-07-03 14:52:38,531 |   -> New best val loss: 19.2687 (saved best_model.pt)
2026-07-03 14:52:40,931 |   -> New best val loss: 19.2098 (saved best_model.pt)
2026-07-03 14:52:43,082 |   -> New best val loss: 19.1168 (saved best_model.pt)
2026-07-03 14:52:47,953 | Epoch  380/1000 | kl_g0_w=1.00 kl_u_w=1.00 | train=19.3474 (recon=11.7373, kl_g0=4.9705, kl_u=2.6397, cls=0.7023) | val=19.1120 | lr=1.00e-04
2026-07-03 14:52:47,980 |   -> New best val loss: 19.1120 (saved best_model.pt)
2026-07-03 14:52:50,400 |   -> New best val loss: 18.9920 (saved best_model.pt)
2026-07-03 14:52:53,038 |   -> New best val loss: 18.9052 (saved best_model.pt)
2026-07-03 14:52:55,628 |   -> New best val loss: 18.8585 (saved best_model.pt)
2026-07-03 14:52:59,623 |   -> New best val loss: 18.7963 (saved best_model.pt)
2026-07-03 14:53:04,436 |   -> New best val loss: 18.7197 (saved best_model.pt)
2026-07-03 14:53:08,786 |   -> New best val loss: 18.5987 (saved best_model.pt)
2026-07-03 14:53:11,215 | Epoch  390/1000 | kl_g0_w=1.00 kl_u_w=1.00 | train=18.9445 (recon=11.4804, kl_g0=4.8408, kl_u=2.6232, cls=0.7029) | val=18.6353 | lr=1.00e-04
2026-07-03 14:53:13,820 |   -> New best val loss: 18.5015 (saved best_model.pt)
2026-07-03 14:53:17,731 |   -> New best val loss: 18.4585 (saved best_model.pt)
2026-07-03 14:53:19,720 |   -> New best val loss: 18.4049 (saved best_model.pt)
2026-07-03 14:53:21,781 |   -> New best val loss: 18.3377 (saved best_model.pt)
2026-07-03 14:53:26,377 |   -> New best val loss: 18.2224 (saved best_model.pt)
2026-07-03 14:53:28,113 |   -> New best val loss: 18.1955 (saved best_model.pt)
2026-07-03 14:53:30,410 |   -> New best val loss: 18.1402 (saved best_model.pt)
2026-07-03 14:53:32,648 | Epoch  400/1000 | kl_g0_w=1.00 kl_u_w=1.00 | train=18.3618 (recon=11.0787, kl_g0=4.6888, kl_u=2.5943, cls=0.7028) | val=18.1119 | lr=1.00e-04
2026-07-03 14:53:32,664 |   -> New best val loss: 18.1119 (saved best_model.pt)
2026-07-03 14:53:34,989 |   -> New best val loss: 18.0653 (saved best_model.pt)
2026-07-03 14:53:36,659 |   -> New best val loss: 18.0274 (saved best_model.pt)
2026-07-03 14:53:38,858 |   -> New best val loss: 17.9722 (saved best_model.pt)
2026-07-03 14:53:40,790 |   -> New best val loss: 17.8795 (saved best_model.pt)
2026-07-03 14:53:42,363 |   -> New best val loss: 17.8290 (saved best_model.pt)
2026-07-03 14:53:43,920 |   -> New best val loss: 17.7392 (saved best_model.pt)
2026-07-03 14:53:45,588 |   -> New best val loss: 17.7247 (saved best_model.pt)
2026-07-03 14:53:50,087 |   -> New best val loss: 17.6286 (saved best_model.pt)
2026-07-03 14:53:52,175 | Epoch  410/1000 | kl_g0_w=1.00 kl_u_w=1.00 | train=17.9207 (recon=10.8266, kl_g0=4.5195, kl_u=2.5745, cls=0.7036) | val=17.6423 | lr=1.00e-04
2026-07-03 14:53:54,515 |   -> New best val loss: 17.5755 (saved best_model.pt)
2026-07-03 14:53:56,708 |   -> New best val loss: 17.5664 (saved best_model.pt)
2026-07-03 14:53:58,290 |   -> New best val loss: 17.5164 (saved best_model.pt)
2026-07-03 14:53:59,814 |   -> New best val loss: 17.4808 (saved best_model.pt)
2026-07-03 14:54:02,141 |   -> New best val loss: 17.4015 (saved best_model.pt)
2026-07-03 14:54:04,442 |   -> New best val loss: 17.3885 (saved best_model.pt)
2026-07-03 14:54:06,186 |   -> New best val loss: 17.3099 (saved best_model.pt)
2026-07-03 14:54:08,066 |   -> New best val loss: 17.2495 (saved best_model.pt)
2026-07-03 14:54:09,760 |   -> New best val loss: 17.1733 (saved best_model.pt)
2026-07-03 14:54:12,166 | Epoch  420/1000 | kl_g0_w=1.00 kl_u_w=1.00 | train=17.4266 (recon=10.5416, kl_g0=4.3518, kl_u=2.5332, cls=0.7029) | val=17.1312 | lr=1.00e-04
2026-07-03 14:54:12,193 |   -> New best val loss: 17.1312 (saved best_model.pt)
2026-07-03 14:54:16,351 |   -> New best val loss: 17.1083 (saved best_model.pt)
2026-07-03 14:54:18,385 |   -> New best val loss: 17.0484 (saved best_model.pt)
2026-07-03 14:54:20,432 |   -> New best val loss: 16.9431 (saved best_model.pt)
2026-07-03 14:54:22,686 |   -> New best val loss: 16.8803 (saved best_model.pt)
2026-07-03 14:54:25,079 |   -> New best val loss: 16.8639 (saved best_model.pt)
2026-07-03 14:54:27,408 |   -> New best val loss: 16.7733 (saved best_model.pt)
2026-07-03 14:54:29,758 |   -> New best val loss: 16.7579 (saved best_model.pt)
2026-07-03 14:54:31,696 |   -> New best val loss: 16.6977 (saved best_model.pt)
2026-07-03 14:54:34,136 | Epoch  430/1000 | kl_g0_w=1.00 kl_u_w=1.00 | train=16.9332 (recon=10.2657, kl_g0=4.1408, kl_u=2.5267, cls=0.7039) | val=16.6968 | lr=1.00e-04
2026-07-03 14:54:34,168 |   -> New best val loss: 16.6968 (saved best_model.pt)
2026-07-03 14:54:36,725 |   -> New best val loss: 16.6135 (saved best_model.pt)
2026-07-03 14:54:39,113 |   -> New best val loss: 16.5456 (saved best_model.pt)
2026-07-03 14:54:42,975 |   -> New best val loss: 16.5168 (saved best_model.pt)
2026-07-03 14:54:44,917 |   -> New best val loss: 16.4546 (saved best_model.pt)
2026-07-03 14:54:47,474 |   -> New best val loss: 16.3681 (saved best_model.pt)
2026-07-03 14:54:50,078 |   -> New best val loss: 16.3665 (saved best_model.pt)
2026-07-03 14:54:52,638 |   -> New best val loss: 16.2602 (saved best_model.pt)
2026-07-03 14:54:55,118 |   -> New best val loss: 16.2397 (saved best_model.pt)
2026-07-03 14:54:57,695 | Epoch  440/1000 | kl_g0_w=1.00 kl_u_w=1.00 | train=16.4512 (recon=10.0439, kl_g0=3.9088, kl_u=2.4985, cls=0.7039) | val=16.1932 | lr=1.00e-04
2026-07-03 14:54:57,727 |   -> New best val loss: 16.1932 (saved best_model.pt)
2026-07-03 14:54:59,446 |   -> New best val loss: 16.1839 (saved best_model.pt)
2026-07-03 14:55:01,010 |   -> New best val loss: 16.1486 (saved best_model.pt)
2026-07-03 14:55:03,461 |   -> New best val loss: 16.1420 (saved best_model.pt)
2026-07-03 14:55:05,833 |   -> New best val loss: 16.0334 (saved best_model.pt)
2026-07-03 14:55:07,705 |   -> New best val loss: 15.9521 (saved best_model.pt)
2026-07-03 14:55:09,548 |   -> New best val loss: 15.8957 (saved best_model.pt)
2026-07-03 14:55:11,671 |   -> New best val loss: 15.8890 (saved best_model.pt)
2026-07-03 14:55:13,410 |   -> New best val loss: 15.8123 (saved best_model.pt)
2026-07-03 14:55:15,182 |   -> New best val loss: 15.7816 (saved best_model.pt)
2026-07-03 14:55:17,433 | Epoch  450/1000 | kl_g0_w=1.00 kl_u_w=1.00 | train=15.9745 (recon=9.7749, kl_g0=3.7400, kl_u=2.4597, cls=0.7052) | val=15.7568 | lr=1.00e-04
2026-07-03 14:55:17,462 |   -> New best val loss: 15.7568 (saved best_model.pt)
2026-07-03 14:55:20,059 |   -> New best val loss: 15.7408 (saved best_model.pt)
2026-07-03 14:55:22,586 |   -> New best val loss: 15.6624 (saved best_model.pt)
2026-07-03 14:55:24,631 |   -> New best val loss: 15.6368 (saved best_model.pt)
2026-07-03 14:55:26,769 |   -> New best val loss: 15.6045 (saved best_model.pt)
2026-07-03 14:55:28,488 |   -> New best val loss: 15.5316 (saved best_model.pt)
2026-07-03 14:55:30,591 |   -> New best val loss: 15.4654 (saved best_model.pt)
2026-07-03 14:55:33,151 |   -> New best val loss: 15.4048 (saved best_model.pt)
2026-07-03 14:55:37,564 |   -> New best val loss: 15.3108 (saved best_model.pt)
2026-07-03 14:55:39,150 | Epoch  460/1000 | kl_g0_w=1.00 kl_u_w=1.00 | train=15.4797 (recon=9.5852, kl_g0=3.4619, kl_u=2.4326, cls=0.7050) | val=15.2251 | lr=1.00e-04
2026-07-03 14:55:39,165 |   -> New best val loss: 15.2251 (saved best_model.pt)
2026-07-03 14:55:42,821 |   -> New best val loss: 15.1994 (saved best_model.pt)
2026-07-03 14:55:44,730 |   -> New best val loss: 15.1377 (saved best_model.pt)
2026-07-03 14:55:47,370 |   -> New best val loss: 15.1153 (saved best_model.pt)
2026-07-03 14:55:48,954 |   -> New best val loss: 14.9702 (saved best_model.pt)
2026-07-03 14:55:50,688 |   -> New best val loss: 14.9397 (saved best_model.pt)
2026-07-03 14:55:56,858 |   -> New best val loss: 14.8461 (saved best_model.pt)
2026-07-03 14:55:59,410 | Epoch  470/1000 | kl_g0_w=1.00 kl_u_w=1.00 | train=14.9964 (recon=9.3698, kl_g0=3.2141, kl_u=2.4125, cls=0.7064) | val=14.8084 | lr=1.00e-04
2026-07-03 14:55:59,438 |   -> New best val loss: 14.8084 (saved best_model.pt)
2026-07-03 14:56:02,032 |   -> New best val loss: 14.7215 (saved best_model.pt)
2026-07-03 14:56:08,005 |   -> New best val loss: 14.6737 (saved best_model.pt)
2026-07-03 14:56:09,584 |   -> New best val loss: 14.5560 (saved best_model.pt)
2026-07-03 14:56:11,895 |   -> New best val loss: 14.5331 (saved best_model.pt)
2026-07-03 14:56:14,978 |   -> New best val loss: 14.4872 (saved best_model.pt)
2026-07-03 14:56:16,958 |   -> New best val loss: 14.4002 (saved best_model.pt)
2026-07-03 14:56:18,505 | Epoch  480/1000 | kl_g0_w=1.00 kl_u_w=1.00 | train=14.5692 (recon=9.2350, kl_g0=2.9480, kl_u=2.3862, cls=0.7081) | val=14.3438 | lr=1.00e-04
2026-07-03 14:56:18,520 |   -> New best val loss: 14.3438 (saved best_model.pt)
2026-07-03 14:56:20,670 |   -> New best val loss: 14.2982 (saved best_model.pt)
2026-07-03 14:56:23,212 |   -> New best val loss: 14.2222 (saved best_model.pt)
2026-07-03 14:56:24,869 |   -> New best val loss: 14.2060 (saved best_model.pt)
2026-07-03 14:56:26,634 |   -> New best val loss: 14.1732 (saved best_model.pt)
2026-07-03 14:56:28,258 |   -> New best val loss: 14.1120 (saved best_model.pt)
2026-07-03 14:56:29,799 |   -> New best val loss: 14.0413 (saved best_model.pt)
2026-07-03 14:56:31,793 |   -> New best val loss: 13.9764 (saved best_model.pt)
2026-07-03 14:56:33,483 |   -> New best val loss: 13.9128 (saved best_model.pt)
2026-07-03 14:56:36,861 | Epoch  490/1000 | kl_g0_w=1.00 kl_u_w=1.00 | train=14.0649 (recon=9.0441, kl_g0=2.6763, kl_u=2.3445, cls=0.7086) | val=13.8593 | lr=1.00e-04
2026-07-03 14:56:36,879 |   -> New best val loss: 13.8593 (saved best_model.pt)
2026-07-03 14:56:38,743 |   -> New best val loss: 13.7741 (saved best_model.pt)
2026-07-03 14:56:41,008 |   -> New best val loss: 13.7000 (saved best_model.pt)
2026-07-03 14:56:45,692 |   -> New best val loss: 13.6757 (saved best_model.pt)
2026-07-03 14:56:47,420 |   -> New best val loss: 13.6161 (saved best_model.pt)
2026-07-03 14:56:49,298 |   -> New best val loss: 13.4920 (saved best_model.pt)
2026-07-03 14:56:51,288 |   -> New best val loss: 13.4044 (saved best_model.pt)
2026-07-03 14:56:53,456 |   -> New best val loss: 13.3718 (saved best_model.pt)
2026-07-03 14:56:58,548 | Epoch  500/1000 | kl_g0_w=1.00 kl_u_w=1.00 | train=13.5065 (recon=8.8361, kl_g0=2.3548, kl_u=2.3156, cls=0.7096) | val=13.3418 | lr=1.00e-04
2026-07-03 14:56:58,576 |   -> New best val loss: 13.3418 (saved best_model.pt)
2026-07-03 14:57:00,180 |   -> New best val loss: 13.3131 (saved best_model.pt)
2026-07-03 14:57:02,116 |   -> New best val loss: 13.2029 (saved best_model.pt)
2026-07-03 14:57:06,429 |   -> New best val loss: 13.1526 (saved best_model.pt)
2026-07-03 14:57:08,180 |   -> New best val loss: 13.1116 (saved best_model.pt)
2026-07-03 14:57:10,137 |   -> New best val loss: 13.0704 (saved best_model.pt)
2026-07-03 14:57:12,528 |   -> New best val loss: 13.0196 (saved best_model.pt)
2026-07-03 14:57:15,070 |   -> New best val loss: 12.9661 (saved best_model.pt)
2026-07-03 14:57:17,613 |   -> New best val loss: 12.9007 (saved best_model.pt)
2026-07-03 14:57:19,400 | Epoch  510/1000 | kl_g0_w=1.00 kl_u_w=1.00 | train=13.0575 (recon=8.6991, kl_g0=2.0812, kl_u=2.2773, cls=0.7109) | val=12.8902 | lr=1.00e-04
2026-07-03 14:57:19,428 |   -> New best val loss: 12.8902 (saved best_model.pt)
2026-07-03 14:57:21,214 |   -> New best val loss: 12.8358 (saved best_model.pt)
2026-07-03 14:57:23,557 |   -> New best val loss: 12.7504 (saved best_model.pt)
2026-07-03 14:57:25,203 |   -> New best val loss: 12.7020 (saved best_model.pt)
2026-07-03 14:57:27,093 |   -> New best val loss: 12.6478 (saved best_model.pt)
2026-07-03 14:57:29,552 |   -> New best val loss: 12.6274 (saved best_model.pt)
2026-07-03 14:57:31,800 |   -> New best val loss: 12.5636 (saved best_model.pt)
2026-07-03 14:57:34,215 |   -> New best val loss: 12.5279 (saved best_model.pt)
2026-07-03 14:57:35,787 |   -> New best val loss: 12.4879 (saved best_model.pt)
2026-07-03 14:57:37,544 |   -> New best val loss: 12.4348 (saved best_model.pt)
2026-07-03 14:57:39,302 | Epoch  520/1000 | kl_g0_w=1.00 kl_u_w=1.00 | train=12.5527 (recon=8.5325, kl_g0=1.7848, kl_u=2.2355, cls=0.7126) | val=12.3977 | lr=1.00e-04
2026-07-03 14:57:39,331 |   -> New best val loss: 12.3977 (saved best_model.pt)
2026-07-03 14:57:41,031 |   -> New best val loss: 12.3435 (saved best_model.pt)
2026-07-03 14:57:43,045 |   -> New best val loss: 12.3157 (saved best_model.pt)
2026-07-03 14:57:44,843 |   -> New best val loss: 12.2457 (saved best_model.pt)
2026-07-03 14:57:47,083 |   -> New best val loss: 12.2079 (saved best_model.pt)
2026-07-03 14:57:49,150 |   -> New best val loss: 12.1141 (saved best_model.pt)
2026-07-03 14:57:50,943 |   -> New best val loss: 12.0973 (saved best_model.pt)
2026-07-03 14:57:52,668 |   -> New best val loss: 12.0683 (saved best_model.pt)
2026-07-03 14:57:54,568 |   -> New best val loss: 11.9998 (saved best_model.pt)
2026-07-03 14:57:57,952 | Epoch  530/1000 | kl_g0_w=1.00 kl_u_w=1.00 | train=12.0728 (recon=8.3314, kl_g0=1.5075, kl_u=2.2340, cls=0.7148) | val=11.9401 | lr=1.00e-04
2026-07-03 14:57:57,974 |   -> New best val loss: 11.9401 (saved best_model.pt)
2026-07-03 14:57:59,751 |   -> New best val loss: 11.9016 (saved best_model.pt)
2026-07-03 14:58:01,690 |   -> New best val loss: 11.8227 (saved best_model.pt)
2026-07-03 14:58:06,362 |   -> New best val loss: 11.7762 (saved best_model.pt)
2026-07-03 14:58:08,303 |   -> New best val loss: 11.7501 (saved best_model.pt)
2026-07-03 14:58:09,865 |   -> New best val loss: 11.6574 (saved best_model.pt)
2026-07-03 14:58:12,295 |   -> New best val loss: 11.6475 (saved best_model.pt)
2026-07-03 14:58:13,972 |   -> New best val loss: 11.5721 (saved best_model.pt)
2026-07-03 14:58:18,810 | Epoch  540/1000 | kl_g0_w=1.00 kl_u_w=1.00 | train=11.6436 (recon=8.1600, kl_g0=1.2730, kl_u=2.2106, cls=0.7179) | val=11.5447 | lr=1.00e-04
2026-07-03 14:58:18,826 |   -> New best val loss: 11.5447 (saved best_model.pt)
2026-07-03 14:58:20,625 |   -> New best val loss: 11.5269 (saved best_model.pt)
2026-07-03 14:58:23,055 |   -> New best val loss: 11.4627 (saved best_model.pt)
2026-07-03 14:58:25,587 |   -> New best val loss: 11.4436 (saved best_model.pt)
2026-07-03 14:58:27,625 |   -> New best val loss: 11.4039 (saved best_model.pt)
2026-07-03 14:58:29,597 |   -> New best val loss: 11.3829 (saved best_model.pt)
2026-07-03 14:58:31,503 |   -> New best val loss: 11.3706 (saved best_model.pt)
2026-07-03 14:58:34,009 |   -> New best val loss: 11.3135 (saved best_model.pt)
2026-07-03 14:58:35,855 |   -> New best val loss: 11.2863 (saved best_model.pt)
2026-07-03 14:58:37,799 |   -> New best val loss: 11.2372 (saved best_model.pt)
2026-07-03 14:58:39,720 | Epoch  550/1000 | kl_g0_w=1.00 kl_u_w=1.00 | train=11.2467 (recon=7.9884, kl_g0=1.0619, kl_u=2.1963, cls=0.7195) | val=11.2109 | lr=1.00e-04
2026-07-03 14:58:39,739 |   -> New best val loss: 11.2109 (saved best_model.pt)
2026-07-03 14:58:41,487 |   -> New best val loss: 11.1847 (saved best_model.pt)
2026-07-03 14:58:43,392 |   -> New best val loss: 11.1420 (saved best_model.pt)
2026-07-03 14:58:44,908 |   -> New best val loss: 11.1191 (saved best_model.pt)
2026-07-03 14:58:47,472 |   -> New best val loss: 11.0977 (saved best_model.pt)
2026-07-03 14:58:50,027 |   -> New best val loss: 11.0549 (saved best_model.pt)
2026-07-03 14:58:51,988 |   -> New best val loss: 11.0122 (saved best_model.pt)
2026-07-03 14:58:54,036 |   -> New best val loss: 10.9854 (saved best_model.pt)
2026-07-03 14:58:55,695 |   -> New best val loss: 10.9486 (saved best_model.pt)
2026-07-03 14:58:58,934 | Epoch  560/1000 | kl_g0_w=1.00 kl_u_w=1.00 | train=10.9098 (recon=7.8273, kl_g0=0.8887, kl_u=2.1939, cls=0.7216) | val=10.9063 | lr=1.00e-04
2026-07-03 14:58:58,952 |   -> New best val loss: 10.9063 (saved best_model.pt)
2026-07-03 14:59:00,763 |   -> New best val loss: 10.8647 (saved best_model.pt)
2026-07-03 14:59:02,701 |   -> New best val loss: 10.8498 (saved best_model.pt)
2026-07-03 14:59:04,667 |   -> New best val loss: 10.8295 (saved best_model.pt)
2026-07-03 14:59:06,268 |   -> New best val loss: 10.8041 (saved best_model.pt)
2026-07-03 14:59:08,358 |   -> New best val loss: 10.7757 (saved best_model.pt)
2026-07-03 14:59:10,318 |   -> New best val loss: 10.7507 (saved best_model.pt)
2026-07-03 14:59:12,547 |   -> New best val loss: 10.7348 (saved best_model.pt)
2026-07-03 14:59:15,105 |   -> New best val loss: 10.7041 (saved best_model.pt)
2026-07-03 14:59:16,973 |   -> New best val loss: 10.6803 (saved best_model.pt)
2026-07-03 14:59:18,686 | Epoch  570/1000 | kl_g0_w=1.00 kl_u_w=1.00 | train=10.6516 (recon=7.7177, kl_g0=0.7489, kl_u=2.1849, cls=0.7248) | val=10.6596 | lr=1.00e-04
2026-07-03 14:59:18,702 |   -> New best val loss: 10.6596 (saved best_model.pt)
2026-07-03 14:59:21,152 |   -> New best val loss: 10.6491 (saved best_model.pt)
2026-07-03 14:59:23,514 |   -> New best val loss: 10.6337 (saved best_model.pt)
2026-07-03 14:59:25,606 |   -> New best val loss: 10.6121 (saved best_model.pt)
2026-07-03 14:59:27,411 |   -> New best val loss: 10.5737 (saved best_model.pt)
2026-07-03 14:59:29,964 |   -> New best val loss: 10.5439 (saved best_model.pt)
2026-07-03 14:59:32,426 |   -> New best val loss: 10.5292 (saved best_model.pt)
2026-07-03 14:59:34,842 |   -> New best val loss: 10.5193 (saved best_model.pt)
2026-07-03 14:59:37,427 |   -> New best val loss: 10.4890 (saved best_model.pt)
2026-07-03 14:59:39,945 |   -> New best val loss: 10.4659 (saved best_model.pt)
2026-07-03 14:59:42,265 | Epoch  580/1000 | kl_g0_w=1.00 kl_u_w=1.00 | train=10.3336 (recon=7.5306, kl_g0=0.6323, kl_u=2.1707, cls=0.7281) | val=10.4466 | lr=1.00e-04
2026-07-03 14:59:42,292 |   -> New best val loss: 10.4466 (saved best_model.pt)
2026-07-03 14:59:44,490 |   -> New best val loss: 10.4133 (saved best_model.pt)
2026-07-03 14:59:47,074 |   -> New best val loss: 10.3901 (saved best_model.pt)
2026-07-03 14:59:51,869 |   -> New best val loss: 10.3813 (saved best_model.pt)
2026-07-03 14:59:54,119 |   -> New best val loss: 10.3666 (saved best_model.pt)
2026-07-03 14:59:55,963 |   -> New best val loss: 10.3477 (saved best_model.pt)
2026-07-03 14:59:57,559 |   -> New best val loss: 10.3359 (saved best_model.pt)
2026-07-03 14:59:59,121 |   -> New best val loss: 10.3173 (saved best_model.pt)
2026-07-03 15:00:01,499 |   -> New best val loss: 10.3081 (saved best_model.pt)
2026-07-03 15:00:04,052 | Epoch  590/1000 | kl_g0_w=1.00 kl_u_w=1.00 | train=10.0030 (recon=7.3102, kl_g0=0.5403, kl_u=2.1525, cls=0.7293) | val=10.2782 | lr=1.00e-04
2026-07-03 15:00:04,080 |   -> New best val loss: 10.2782 (saved best_model.pt)
2026-07-03 15:00:08,460 |   -> New best val loss: 10.2533 (saved best_model.pt)
2026-07-03 15:00:11,799 |   -> New best val loss: 10.2280 (saved best_model.pt)
2026-07-03 15:00:14,102 |   -> New best val loss: 10.2247 (saved best_model.pt)
2026-07-03 15:00:15,701 |   -> New best val loss: 10.1899 (saved best_model.pt)
2026-07-03 15:00:18,295 |   -> New best val loss: 10.1784 (saved best_model.pt)
2026-07-03 15:00:20,301 |   -> New best val loss: 10.1604 (saved best_model.pt)
2026-07-03 15:00:24,550 | Epoch  600/1000 | kl_g0_w=1.00 kl_u_w=1.00 | train=9.8818 (recon=7.2660, kl_g0=0.4714, kl_u=2.1445, cls=0.7318) | val=10.1376 | lr=1.00e-04
2026-07-03 15:00:24,566 |   -> New best val loss: 10.1376 (saved best_model.pt)
2026-07-03 15:00:26,277 |   -> New best val loss: 10.1260 (saved best_model.pt)
2026-07-03 15:00:27,814 |   -> New best val loss: 10.0917 (saved best_model.pt)
2026-07-03 15:00:29,442 |   -> New best val loss: 10.0848 (saved best_model.pt)
2026-07-03 15:00:31,015 |   -> New best val loss: 10.0819 (saved best_model.pt)
2026-07-03 15:00:32,953 |   -> New best val loss: 10.0748 (saved best_model.pt)
2026-07-03 15:00:34,861 |   -> New best val loss: 10.0289 (saved best_model.pt)
2026-07-03 15:00:37,293 |   -> New best val loss: 10.0215 (saved best_model.pt)
2026-07-03 15:00:41,105 |   -> New best val loss: 10.0197 (saved best_model.pt)
2026-07-03 15:00:42,849 | Epoch  610/1000 | kl_g0_w=1.00 kl_u_w=1.00 | train=9.6771 (recon=7.1422, kl_g0=0.4060, kl_u=2.1289, cls=0.7341) | val=9.9985 | lr=1.00e-04
2026-07-03 15:00:42,868 |   -> New best val loss: 9.9985 (saved best_model.pt)
2026-07-03 15:00:44,842 |   -> New best val loss: 9.9945 (saved best_model.pt)
2026-07-03 15:00:46,436 |   -> New best val loss: 9.9747 (saved best_model.pt)
2026-07-03 15:00:50,206 |   -> New best val loss: 9.9660 (saved best_model.pt)
2026-07-03 15:00:51,789 |   -> New best val loss: 9.9397 (saved best_model.pt)
2026-07-03 15:00:54,025 |   -> New best val loss: 9.9351 (saved best_model.pt)
2026-07-03 15:00:55,899 |   -> New best val loss: 9.9201 (saved best_model.pt)
2026-07-03 15:01:00,663 |   -> New best val loss: 9.9085 (saved best_model.pt)
2026-07-03 15:01:03,230 | Epoch  620/1000 | kl_g0_w=1.00 kl_u_w=1.00 | train=9.4845 (recon=7.0000, kl_g0=0.3579, kl_u=2.1266, cls=0.7351) | val=9.8927 | lr=1.00e-04
2026-07-03 15:01:03,260 |   -> New best val loss: 9.8927 (saved best_model.pt)
2026-07-03 15:01:05,844 |   -> New best val loss: 9.8690 (saved best_model.pt)
2026-07-03 15:01:10,017 |   -> New best val loss: 9.8647 (saved best_model.pt)
2026-07-03 15:01:11,552 |   -> New best val loss: 9.8546 (saved best_model.pt)
2026-07-03 15:01:13,706 |   -> New best val loss: 9.8245 (saved best_model.pt)
2026-07-03 15:01:15,892 |   -> New best val loss: 9.8181 (saved best_model.pt)
2026-07-03 15:01:19,301 |   -> New best val loss: 9.7939 (saved best_model.pt)
2026-07-03 15:01:23,629 | Epoch  630/1000 | kl_g0_w=1.00 kl_u_w=1.00 | train=9.3186 (recon=6.8844, kl_g0=0.3143, kl_u=2.1198, cls=0.7369) | val=9.7777 | lr=1.00e-04
2026-07-03 15:01:23,657 |   -> New best val loss: 9.7777 (saved best_model.pt)
2026-07-03 15:01:30,566 |   -> New best val loss: 9.7519 (saved best_model.pt)
2026-07-03 15:01:34,920 |   -> New best val loss: 9.7321 (saved best_model.pt)
2026-07-03 15:01:39,108 |   -> New best val loss: 9.7191 (saved best_model.pt)
2026-07-03 15:01:43,808 | Epoch  640/1000 | kl_g0_w=1.00 kl_u_w=1.00 | train=9.2300 (recon=6.8308, kl_g0=0.2826, kl_u=2.1165, cls=0.7389) | val=9.7084 | lr=1.00e-04
2026-07-03 15:01:43,828 |   -> New best val loss: 9.7084 (saved best_model.pt)
2026-07-03 15:01:48,780 |   -> New best val loss: 9.6702 (saved best_model.pt)
2026-07-03 15:01:50,344 |   -> New best val loss: 9.6687 (saved best_model.pt)
2026-07-03 15:01:52,188 |   -> New best val loss: 9.6541 (saved best_model.pt)
2026-07-03 15:01:55,666 |   -> New best val loss: 9.6523 (saved best_model.pt)
2026-07-03 15:01:57,498 |   -> New best val loss: 9.6449 (saved best_model.pt)
2026-07-03 15:01:59,105 |   -> New best val loss: 9.6294 (saved best_model.pt)
2026-07-03 15:02:00,684 |   -> New best val loss: 9.6163 (saved best_model.pt)
2026-07-03 15:02:02,820 | Epoch  650/1000 | kl_g0_w=1.00 kl_u_w=1.00 | train=9.1049 (recon=6.7461, kl_g0=0.2475, kl_u=2.1112, cls=0.7400) | val=9.6112 | lr=1.00e-04
2026-07-03 15:02:02,848 |   -> New best val loss: 9.6112 (saved best_model.pt)
2026-07-03 15:02:05,026 |   -> New best val loss: 9.5826 (saved best_model.pt)
2026-07-03 15:02:07,272 |   -> New best val loss: 9.5703 (saved best_model.pt)
2026-07-03 15:02:16,331 |   -> New best val loss: 9.5622 (saved best_model.pt)
2026-07-03 15:02:20,984 |   -> New best val loss: 9.5413 (saved best_model.pt)
2026-07-03 15:02:22,552 |   -> New best val loss: 9.5349 (saved best_model.pt)
2026-07-03 15:02:24,093 | Epoch  660/1000 | kl_g0_w=1.00 kl_u_w=1.00 | train=9.0000 (recon=6.6711, kl_g0=0.2233, kl_u=2.1057, cls=0.7422) | val=9.5423 | lr=1.00e-04
2026-07-03 15:02:26,083 |   -> New best val loss: 9.5308 (saved best_model.pt)
2026-07-03 15:02:27,711 |   -> New best val loss: 9.5266 (saved best_model.pt)
2026-07-03 15:02:29,445 |   -> New best val loss: 9.5010 (saved best_model.pt)
2026-07-03 15:02:31,160 |   -> New best val loss: 9.4973 (saved best_model.pt)
2026-07-03 15:02:32,777 |   -> New best val loss: 9.4914 (saved best_model.pt)
2026-07-03 15:02:35,007 |   -> New best val loss: 9.4778 (saved best_model.pt)
2026-07-03 15:02:37,219 |   -> New best val loss: 9.4707 (saved best_model.pt)
2026-07-03 15:02:41,873 |   -> New best val loss: 9.4682 (saved best_model.pt)
2026-07-03 15:02:43,456 | Epoch  670/1000 | kl_g0_w=1.00 kl_u_w=1.00 | train=8.8927 (recon=6.5851, kl_g0=0.2037, kl_u=2.1039, cls=0.7431) | val=9.4528 | lr=1.00e-04
2026-07-03 15:02:43,480 |   -> New best val loss: 9.4528 (saved best_model.pt)
2026-07-03 15:02:48,410 |   -> New best val loss: 9.4343 (saved best_model.pt)
2026-07-03 15:02:53,400 |   -> New best val loss: 9.4275 (saved best_model.pt)
2026-07-03 15:02:58,592 |   -> New best val loss: 9.4103 (saved best_model.pt)
2026-07-03 15:03:02,155 |   -> New best val loss: 9.4036 (saved best_model.pt)
2026-07-03 15:03:04,182 |   -> New best val loss: 9.3858 (saved best_model.pt)
2026-07-03 15:03:05,883 | Epoch  680/1000 | kl_g0_w=1.00 kl_u_w=1.00 | train=8.8096 (recon=6.5300, kl_g0=0.1815, kl_u=2.0982, cls=0.7422) | val=9.3677 | lr=1.00e-04
2026-07-03 15:03:05,911 |   -> New best val loss: 9.3677 (saved best_model.pt)
2026-07-03 15:03:12,013 |   -> New best val loss: 9.3632 (saved best_model.pt)
2026-07-03 15:03:14,319 |   -> New best val loss: 9.3388 (saved best_model.pt)
2026-07-03 15:03:23,501 |   -> New best val loss: 9.3328 (saved best_model.pt)
2026-07-03 15:03:27,371 | Epoch  690/1000 | kl_g0_w=1.00 kl_u_w=1.00 | train=8.7400 (recon=6.4780, kl_g0=0.1675, kl_u=2.0946, cls=0.7428) | val=9.3181 | lr=1.00e-04
2026-07-03 15:03:27,399 |   -> New best val loss: 9.3181 (saved best_model.pt)
2026-07-03 15:03:31,256 |   -> New best val loss: 9.3134 (saved best_model.pt)
2026-07-03 15:03:32,835 |   -> New best val loss: 9.3021 (saved best_model.pt)
2026-07-03 15:03:36,906 |   -> New best val loss: 9.3011 (saved best_model.pt)
2026-07-03 15:03:39,467 |   -> New best val loss: 9.2901 (saved best_model.pt)
2026-07-03 15:03:41,913 |   -> New best val loss: 9.2859 (saved best_model.pt)
2026-07-03 15:03:46,893 |   -> New best val loss: 9.2749 (saved best_model.pt)
2026-07-03 15:03:49,336 | Epoch  700/1000 | kl_g0_w=1.00 kl_u_w=1.00 | train=8.6711 (recon=6.4229, kl_g0=0.1506, kl_u=2.0976, cls=0.7446) | val=9.2593 | lr=1.00e-04
2026-07-03 15:03:49,365 |   -> New best val loss: 9.2593 (saved best_model.pt)
2026-07-03 15:03:55,185 |   -> New best val loss: 9.2453 (saved best_model.pt)
2026-07-03 15:03:58,926 |   -> New best val loss: 9.2344 (saved best_model.pt)
2026-07-03 15:04:03,305 |   -> New best val loss: 9.2149 (saved best_model.pt)
2026-07-03 15:04:07,598 |   -> New best val loss: 9.2005 (saved best_model.pt)
2026-07-03 15:04:09,620 | Epoch  710/1000 | kl_g0_w=1.00 kl_u_w=1.00 | train=8.6287 (recon=6.3920, kl_g0=0.1402, kl_u=2.0965, cls=0.7450) | val=9.2304 | lr=1.00e-04
2026-07-03 15:04:12,163 |   -> New best val loss: 9.1975 (saved best_model.pt)
2026-07-03 15:04:17,271 |   -> New best val loss: 9.1890 (saved best_model.pt)
2026-07-03 15:04:22,031 |   -> New best val loss: 9.1758 (saved best_model.pt)
2026-07-03 15:04:29,485 |   -> New best val loss: 9.1609 (saved best_model.pt)
2026-07-03 15:04:31,323 | Epoch  720/1000 | kl_g0_w=1.00 kl_u_w=1.00 | train=8.5247 (recon=6.2892, kl_g0=0.1331, kl_u=2.1024, cls=0.7434) | val=9.1710 | lr=1.00e-04
2026-07-03 15:04:33,530 |   -> New best val loss: 9.1439 (saved best_model.pt)
2026-07-03 15:04:38,351 |   -> New best val loss: 9.1374 (saved best_model.pt)
2026-07-03 15:04:40,950 |   -> New best val loss: 9.1305 (saved best_model.pt)
2026-07-03 15:04:43,138 |   -> New best val loss: 9.1192 (saved best_model.pt)
2026-07-03 15:04:53,839 | Epoch  730/1000 | kl_g0_w=1.00 kl_u_w=1.00 | train=8.4659 (recon=6.2446, kl_g0=0.1238, kl_u=2.0974, cls=0.7432) | val=9.1135 | lr=1.00e-04
2026-07-03 15:04:53,856 |   -> New best val loss: 9.1135 (saved best_model.pt)
2026-07-03 15:04:55,786 |   -> New best val loss: 9.0909 (saved best_model.pt)
2026-07-03 15:05:00,067 |   -> New best val loss: 9.0836 (saved best_model.pt)
2026-07-03 15:05:05,053 |   -> New best val loss: 9.0683 (saved best_model.pt)
2026-07-03 15:05:15,245 | Epoch  740/1000 | kl_g0_w=1.00 kl_u_w=1.00 | train=8.3916 (recon=6.1750, kl_g0=0.1169, kl_u=2.0997, cls=0.7446) | val=9.0531 | lr=1.00e-04
2026-07-03 15:05:15,262 |   -> New best val loss: 9.0531 (saved best_model.pt)
2026-07-03 15:05:17,028 |   -> New best val loss: 9.0452 (saved best_model.pt)
2026-07-03 15:05:19,111 |   -> New best val loss: 9.0308 (saved best_model.pt)
2026-07-03 15:05:28,521 |   -> New best val loss: 9.0197 (saved best_model.pt)
2026-07-03 15:05:33,504 |   -> New best val loss: 9.0177 (saved best_model.pt)
2026-07-03 15:05:37,830 | Epoch  750/1000 | kl_g0_w=1.00 kl_u_w=1.00 | train=8.3437 (recon=6.1316, kl_g0=0.1098, kl_u=2.1023, cls=0.7438) | val=8.9964 | lr=1.00e-04
2026-07-03 15:05:37,853 |   -> New best val loss: 8.9964 (saved best_model.pt)
2026-07-03 15:05:42,656 |   -> New best val loss: 8.9845 (saved best_model.pt)
2026-07-03 15:05:47,658 |   -> New best val loss: 8.9717 (saved best_model.pt)
2026-07-03 15:05:52,605 |   -> New best val loss: 8.9538 (saved best_model.pt)
2026-07-03 15:06:00,808 | Epoch  760/1000 | kl_g0_w=1.00 kl_u_w=1.00 | train=8.2674 (recon=6.0541, kl_g0=0.1041, kl_u=2.1092, cls=0.7434) | val=8.9559 | lr=1.00e-04
2026-07-03 15:06:04,726 |   -> New best val loss: 8.9510 (saved best_model.pt)
2026-07-03 15:06:06,507 |   -> New best val loss: 8.9453 (saved best_model.pt)
2026-07-03 15:06:08,462 |   -> New best val loss: 8.9245 (saved best_model.pt)
2026-07-03 15:06:10,231 |   -> New best val loss: 8.9166 (saved best_model.pt)
2026-07-03 15:06:19,871 |   -> New best val loss: 8.8973 (saved best_model.pt)
2026-07-03 15:06:21,841 | Epoch  770/1000 | kl_g0_w=1.00 kl_u_w=1.00 | train=8.2269 (recon=6.0307, kl_g0=0.0977, kl_u=2.0986, cls=0.7438) | val=8.9049 | lr=1.00e-04
2026-07-03 15:06:29,574 |   -> New best val loss: 8.8864 (saved best_model.pt)
2026-07-03 15:06:34,696 |   -> New best val loss: 8.8851 (saved best_model.pt)
2026-07-03 15:06:37,072 |   -> New best val loss: 8.8807 (saved best_model.pt)
2026-07-03 15:06:39,475 |   -> New best val loss: 8.8742 (saved best_model.pt)
2026-07-03 15:06:42,052 |   -> New best val loss: 8.8615 (saved best_model.pt)
2026-07-03 15:06:46,644 | Epoch  780/1000 | kl_g0_w=1.00 kl_u_w=1.00 | train=8.1646 (recon=5.9611, kl_g0=0.0955, kl_u=2.1080, cls=0.7444) | val=8.8583 | lr=1.00e-04
2026-07-03 15:06:46,673 |   -> New best val loss: 8.8583 (saved best_model.pt)
2026-07-03 15:06:50,725 |   -> New best val loss: 8.8483 (saved best_model.pt)
2026-07-03 15:06:54,330 |   -> New best val loss: 8.8346 (saved best_model.pt)
2026-07-03 15:06:57,747 |   -> New best val loss: 8.8208 (saved best_model.pt)
2026-07-03 15:07:00,259 |   -> New best val loss: 8.8152 (saved best_model.pt)
2026-07-03 15:07:06,442 | Epoch  790/1000 | kl_g0_w=1.00 kl_u_w=1.00 | train=8.1307 (recon=5.9404, kl_g0=0.0903, kl_u=2.1000, cls=0.7451) | val=8.8233 | lr=1.00e-04
2026-07-03 15:07:08,582 |   -> New best val loss: 8.8084 (saved best_model.pt)
2026-07-03 15:07:12,395 |   -> New best val loss: 8.7943 (saved best_model.pt)
2026-07-03 15:07:17,108 |   -> New best val loss: 8.7825 (saved best_model.pt)
2026-07-03 15:07:20,701 |   -> New best val loss: 8.7736 (saved best_model.pt)
2026-07-03 15:07:22,732 |   -> New best val loss: 8.7697 (saved best_model.pt)
2026-07-03 15:07:24,932 |   -> New best val loss: 8.7679 (saved best_model.pt)
2026-07-03 15:07:27,273 | Epoch  800/1000 | kl_g0_w=1.00 kl_u_w=1.00 | train=8.0828 (recon=5.8976, kl_g0=0.0855, kl_u=2.0997, cls=0.7440) | val=8.7532 | lr=1.00e-04
2026-07-03 15:07:27,302 |   -> New best val loss: 8.7532 (saved best_model.pt)
2026-07-03 15:07:32,448 |   -> New best val loss: 8.7486 (saved best_model.pt)
2026-07-03 15:07:34,416 |   -> New best val loss: 8.7407 (saved best_model.pt)
2026-07-03 15:07:36,669 |   -> New best val loss: 8.7405 (saved best_model.pt)
2026-07-03 15:07:38,840 |   -> New best val loss: 8.7262 (saved best_model.pt)
2026-07-03 15:07:46,055 |   -> New best val loss: 8.7208 (saved best_model.pt)
2026-07-03 15:07:50,240 | Epoch  810/1000 | kl_g0_w=1.00 kl_u_w=1.00 | train=8.0523 (recon=5.8708, kl_g0=0.0834, kl_u=2.0981, cls=0.7436) | val=8.7006 | lr=1.00e-04
2026-07-03 15:07:50,257 |   -> New best val loss: 8.7006 (saved best_model.pt)
2026-07-03 15:07:54,138 |   -> New best val loss: 8.6915 (saved best_model.pt)
2026-07-03 15:07:58,029 |   -> New best val loss: 8.6820 (saved best_model.pt)
2026-07-03 15:08:02,374 |   -> New best val loss: 8.6666 (saved best_model.pt)
2026-07-03 15:08:09,332 | Epoch  820/1000 | kl_g0_w=1.00 kl_u_w=1.00 | train=7.9516 (recon=5.7811, kl_g0=0.0809, kl_u=2.0897, cls=0.7445) | val=8.6567 | lr=1.00e-04
2026-07-03 15:08:09,349 |   -> New best val loss: 8.6567 (saved best_model.pt)
2026-07-03 15:08:12,656 |   -> New best val loss: 8.6536 (saved best_model.pt)
2026-07-03 15:08:14,513 |   -> New best val loss: 8.6521 (saved best_model.pt)
2026-07-03 15:08:16,513 |   -> New best val loss: 8.6402 (saved best_model.pt)
2026-07-03 15:08:20,764 |   -> New best val loss: 8.6200 (saved best_model.pt)
2026-07-03 15:08:28,860 | Epoch  830/1000 | kl_g0_w=1.00 kl_u_w=1.00 | train=7.9470 (recon=5.7762, kl_g0=0.0797, kl_u=2.0911, cls=0.7456) | val=8.6195 | lr=1.00e-04
2026-07-03 15:08:28,875 |   -> New best val loss: 8.6195 (saved best_model.pt)
2026-07-03 15:08:30,591 |   -> New best val loss: 8.6138 (saved best_model.pt)
2026-07-03 15:08:32,133 |   -> New best val loss: 8.6025 (saved best_model.pt)
2026-07-03 15:08:33,911 |   -> New best val loss: 8.5998 (saved best_model.pt)
2026-07-03 15:08:36,146 |   -> New best val loss: 8.5922 (saved best_model.pt)
2026-07-03 15:08:40,980 |   -> New best val loss: 8.5906 (saved best_model.pt)
2026-07-03 15:08:42,710 |   -> New best val loss: 8.5876 (saved best_model.pt)
2026-07-03 15:08:48,517 | Epoch  840/1000 | kl_g0_w=1.00 kl_u_w=1.00 | train=7.8692 (recon=5.7066, kl_g0=0.0766, kl_u=2.0860, cls=0.7445) | val=8.5732 | lr=1.00e-04
2026-07-03 15:08:48,545 |   -> New best val loss: 8.5732 (saved best_model.pt)
2026-07-03 15:08:53,399 |   -> New best val loss: 8.5616 (saved best_model.pt)
2026-07-03 15:08:58,305 |   -> New best val loss: 8.5580 (saved best_model.pt)
2026-07-03 15:09:00,438 |   -> New best val loss: 8.5448 (saved best_model.pt)
2026-07-03 15:09:02,436 |   -> New best val loss: 8.5373 (saved best_model.pt)
2026-07-03 15:09:05,020 |   -> New best val loss: 8.5351 (saved best_model.pt)
2026-07-03 15:09:09,132 |   -> New best val loss: 8.5319 (saved best_model.pt)
2026-07-03 15:09:11,329 | Epoch  850/1000 | kl_g0_w=1.00 kl_u_w=1.00 | train=7.8089 (recon=5.6476, kl_g0=0.0747, kl_u=2.0867, cls=0.7448) | val=8.5219 | lr=1.00e-04
2026-07-03 15:09:11,347 |   -> New best val loss: 8.5219 (saved best_model.pt)
2026-07-03 15:09:17,226 |   -> New best val loss: 8.5201 (saved best_model.pt)
2026-07-03 15:09:19,390 |   -> New best val loss: 8.5021 (saved best_model.pt)
2026-07-03 15:09:23,587 |   -> New best val loss: 8.5000 (saved best_model.pt)
2026-07-03 15:09:28,677 |   -> New best val loss: 8.4952 (saved best_model.pt)
2026-07-03 15:09:30,998 |   -> New best val loss: 8.4790 (saved best_model.pt)
2026-07-03 15:09:32,685 | Epoch  860/1000 | kl_g0_w=1.00 kl_u_w=1.00 | train=7.7583 (recon=5.6047, kl_g0=0.0736, kl_u=2.0800, cls=0.7444) | val=8.4831 | lr=1.00e-04
2026-07-03 15:09:35,239 |   -> New best val loss: 8.4643 (saved best_model.pt)
2026-07-03 15:09:40,393 |   -> New best val loss: 8.4615 (saved best_model.pt)
2026-07-03 15:09:44,446 |   -> New best val loss: 8.4507 (saved best_model.pt)
2026-07-03 15:09:47,666 |   -> New best val loss: 8.4391 (saved best_model.pt)
2026-07-03 15:09:50,053 |   -> New best val loss: 8.4384 (saved best_model.pt)
2026-07-03 15:09:52,214 |   -> New best val loss: 8.4353 (saved best_model.pt)
2026-07-03 15:09:54,621 | Epoch  870/1000 | kl_g0_w=1.00 kl_u_w=1.00 | train=7.7072 (recon=5.5578, kl_g0=0.0708, kl_u=2.0787, cls=0.7443) | val=8.4366 | lr=1.00e-04
2026-07-03 15:09:57,174 |   -> New best val loss: 8.4233 (saved best_model.pt)
2026-07-03 15:10:02,102 |   -> New best val loss: 8.4221 (saved best_model.pt)
2026-07-03 15:10:05,737 |   -> New best val loss: 8.4184 (saved best_model.pt)
2026-07-03 15:10:07,874 |   -> New best val loss: 8.4082 (saved best_model.pt)
2026-07-03 15:10:09,984 |   -> New best val loss: 8.3972 (saved best_model.pt)
2026-07-03 15:10:12,137 |   -> New best val loss: 8.3953 (saved best_model.pt)
2026-07-03 15:10:15,486 | Epoch  880/1000 | kl_g0_w=1.00 kl_u_w=1.00 | train=7.6310 (recon=5.4757, kl_g0=0.0690, kl_u=2.0863, cls=0.7459) | val=8.3846 | lr=1.00e-04
2026-07-03 15:10:15,501 |   -> New best val loss: 8.3846 (saved best_model.pt)
2026-07-03 15:10:17,056 |   -> New best val loss: 8.3807 (saved best_model.pt)
2026-07-03 15:10:19,015 |   -> New best val loss: 8.3773 (saved best_model.pt)
2026-07-03 15:10:22,859 |   -> New best val loss: 8.3724 (saved best_model.pt)
2026-07-03 15:10:24,684 |   -> New best val loss: 8.3646 (saved best_model.pt)
2026-07-03 15:10:27,005 |   -> New best val loss: 8.3612 (saved best_model.pt)
2026-07-03 15:10:31,151 |   -> New best val loss: 8.3584 (saved best_model.pt)
2026-07-03 15:10:32,727 |   -> New best val loss: 8.3318 (saved best_model.pt)
2026-07-03 15:10:34,445 | Epoch  890/1000 | kl_g0_w=1.00 kl_u_w=1.00 | train=7.6166 (recon=5.4816, kl_g0=0.0666, kl_u=2.0685, cls=0.7458) | val=8.3362 | lr=1.00e-04
2026-07-03 15:10:39,986 |   -> New best val loss: 8.3260 (saved best_model.pt)
2026-07-03 15:10:45,336 |   -> New best val loss: 8.3120 (saved best_model.pt)
2026-07-03 15:10:49,139 |   -> New best val loss: 8.2939 (saved best_model.pt)
2026-07-03 15:10:53,614 | Epoch  900/1000 | kl_g0_w=1.00 kl_u_w=1.00 | train=7.5696 (recon=5.4234, kl_g0=0.0661, kl_u=2.0801, cls=0.7444) | val=8.2945 | lr=1.00e-04
2026-07-03 15:10:59,581 |   -> New best val loss: 8.2857 (saved best_model.pt)
2026-07-03 15:11:06,295 |   -> New best val loss: 8.2662 (saved best_model.pt)
2026-07-03 15:11:07,929 |   -> New best val loss: 8.2545 (saved best_model.pt)
2026-07-03 15:11:13,439 | Epoch  910/1000 | kl_g0_w=1.00 kl_u_w=1.00 | train=7.5388 (recon=5.3961, kl_g0=0.0640, kl_u=2.0786, cls=0.7448) | val=8.2535 | lr=1.00e-04
2026-07-03 15:11:13,456 |   -> New best val loss: 8.2535 (saved best_model.pt)
2026-07-03 15:11:17,912 |   -> New best val loss: 8.2439 (saved best_model.pt)
2026-07-03 15:11:22,998 |   -> New best val loss: 8.2287 (saved best_model.pt)
2026-07-03 15:11:28,016 |   -> New best val loss: 8.2186 (saved best_model.pt)
2026-07-03 15:11:32,959 |   -> New best val loss: 8.2092 (saved best_model.pt)
2026-07-03 15:11:34,806 | Epoch  920/1000 | kl_g0_w=1.00 kl_u_w=1.00 | train=7.4725 (recon=5.3283, kl_g0=0.0635, kl_u=2.0807, cls=0.7461) | val=8.2281 | lr=1.00e-04
2026-07-03 15:11:38,691 |   -> New best val loss: 8.2078 (saved best_model.pt)
2026-07-03 15:11:40,444 |   -> New best val loss: 8.2077 (saved best_model.pt)
2026-07-03 15:11:42,566 |   -> New best val loss: 8.1885 (saved best_model.pt)
2026-07-03 15:11:44,557 |   -> New best val loss: 8.1863 (saved best_model.pt)
2026-07-03 15:11:49,222 |   -> New best val loss: 8.1848 (saved best_model.pt)
2026-07-03 15:11:53,532 |   -> New best val loss: 8.1678 (saved best_model.pt)
2026-07-03 15:11:55,061 | Epoch  930/1000 | kl_g0_w=1.00 kl_u_w=1.00 | train=7.4144 (recon=5.2762, kl_g0=0.0617, kl_u=2.0765, cls=0.7445) | val=8.1591 | lr=1.00e-04
2026-07-03 15:11:55,081 |   -> New best val loss: 8.1591 (saved best_model.pt)
2026-07-03 15:12:04,008 |   -> New best val loss: 8.1480 (saved best_model.pt)
2026-07-03 15:12:05,733 |   -> New best val loss: 8.1270 (saved best_model.pt)
2026-07-03 15:12:14,174 | Epoch  940/1000 | kl_g0_w=1.00 kl_u_w=1.00 | train=7.3660 (recon=5.2292, kl_g0=0.0612, kl_u=2.0756, cls=0.7451) | val=8.1128 | lr=1.00e-04
2026-07-03 15:12:14,191 |   -> New best val loss: 8.1128 (saved best_model.pt)
2026-07-03 15:12:16,615 |   -> New best val loss: 8.1115 (saved best_model.pt)
2026-07-03 15:12:20,832 |   -> New best val loss: 8.1054 (saved best_model.pt)
2026-07-03 15:12:22,472 |   -> New best val loss: 8.0953 (saved best_model.pt)
2026-07-03 15:12:27,132 |   -> New best val loss: 8.0825 (saved best_model.pt)
2026-07-03 15:12:37,322 | Epoch  950/1000 | kl_g0_w=1.00 kl_u_w=1.00 | train=7.3421 (recon=5.2063, kl_g0=0.0578, kl_u=2.0780, cls=0.7458) | val=8.0762 | lr=1.00e-04
2026-07-03 15:12:37,351 |   -> New best val loss: 8.0762 (saved best_model.pt)
2026-07-03 15:12:46,530 |   -> New best val loss: 8.0737 (saved best_model.pt)
2026-07-03 15:12:48,736 |   -> New best val loss: 8.0523 (saved best_model.pt)
2026-07-03 15:12:57,038 |   -> New best val loss: 8.0342 (saved best_model.pt)
2026-07-03 15:12:59,181 | Epoch  960/1000 | kl_g0_w=1.00 kl_u_w=1.00 | train=7.2772 (recon=5.1447, kl_g0=0.0571, kl_u=2.0754, cls=0.7466) | val=8.0377 | lr=1.00e-04
2026-07-03 15:13:02,391 |   -> New best val loss: 8.0243 (saved best_model.pt)
2026-07-03 15:13:06,863 |   -> New best val loss: 8.0190 (saved best_model.pt)
2026-07-03 15:13:08,507 |   -> New best val loss: 7.9985 (saved best_model.pt)
2026-07-03 15:13:12,199 |   -> New best val loss: 7.9977 (saved best_model.pt)
2026-07-03 15:13:17,514 | Epoch  970/1000 | kl_g0_w=1.00 kl_u_w=1.00 | train=7.2248 (recon=5.0894, kl_g0=0.0567, kl_u=2.0786, cls=0.7444) | val=7.9915 | lr=1.00e-04
2026-07-03 15:13:17,533 |   -> New best val loss: 7.9915 (saved best_model.pt)
2026-07-03 15:13:20,003 |   -> New best val loss: 7.9857 (saved best_model.pt)
2026-07-03 15:13:21,677 |   -> New best val loss: 7.9645 (saved best_model.pt)
2026-07-03 15:13:29,392 |   -> New best val loss: 7.9610 (saved best_model.pt)
2026-07-03 15:13:33,286 |   -> New best val loss: 7.9520 (saved best_model.pt)
2026-07-03 15:13:35,826 |   -> New best val loss: 7.9455 (saved best_model.pt)
2026-07-03 15:13:38,104 | Epoch  980/1000 | kl_g0_w=1.00 kl_u_w=1.00 | train=7.2131 (recon=5.0897, kl_g0=0.0556, kl_u=2.0678, cls=0.7464) | val=7.9478 | lr=1.00e-04
2026-07-03 15:13:40,653 |   -> New best val loss: 7.9453 (saved best_model.pt)
2026-07-03 15:13:46,699 |   -> New best val loss: 7.9330 (saved best_model.pt)
2026-07-03 15:13:49,251 |   -> New best val loss: 7.9213 (saved best_model.pt)
2026-07-03 15:13:53,110 |   -> New best val loss: 7.8900 (saved best_model.pt)
2026-07-03 15:13:58,801 | Epoch  990/1000 | kl_g0_w=1.00 kl_u_w=1.00 | train=7.1823 (recon=5.0525, kl_g0=0.0550, kl_u=2.0747, cls=0.7464) | val=7.9140 | lr=1.00e-04
2026-07-03 15:14:04,471 |   -> New best val loss: 7.8898 (saved best_model.pt)
2026-07-03 15:14:07,029 |   -> New best val loss: 7.8799 (saved best_model.pt)
2026-07-03 15:14:09,421 |   -> New best val loss: 7.8757 (saved best_model.pt)
2026-07-03 15:14:12,861 |   -> New best val loss: 7.8591 (saved best_model.pt)
2026-07-03 15:14:18,867 | Epoch 1000/1000 | kl_g0_w=1.00 kl_u_w=1.00 | train=7.1083 (recon=4.9847, kl_g0=0.0526, kl_u=2.0710, cls=0.7463) | val=7.8572 | lr=1.00e-04
2026-07-03 15:14:18,898 |   -> New best val loss: 7.8572 (saved best_model.pt)
2026-07-03 15:14:18,910 | Final model saved to /home/nadegeo/LIFUS-BRICK/results/training/train_20260703_143914/final_model.pt
2026-07-03 15:14:18,910 | Best val loss: 7.8572
2026-07-03 15:14:18,910 | Training complete.
