2026-07-02 14:00:38,978 | ============================================================
2026-07-02 14:00:38,978 | BRICK Training -- train_20260702_140038
2026-07-02 14:00:38,978 | N_ROIS=24, M=72, H=3, T=240
2026-07-02 14:00:38,978 | Epochs=1000, LR=0.0001, WD=0.05, LAMBDA_NOISE=0.01, BATCH_SIZE=12
2026-07-02 14:00:38,978 | Patience=30, use_control=True, use_ic=True
2026-07-02 14:00:38,978 | KL annealing: g0 over 0 epochs, u delayed 0 then over 0 epochs
2026-07-02 14:00:38,978 | ============================================================
2026-07-02 14:00:38,978 | Loading dataset...
2026-07-02 14:00:39,097 | Split: 52 train | 4 val | 20 test items
2026-07-02 14:00:39,117 | Model parameters: 317,109
2026-07-02 14:00:39,529 | Starting training...
2026-07-02 14:00:41,228 | Epoch    1/1000 | kl_g0_w=1.00 kl_u_w=1.00 | train=1235.7704 (recon=2467.1922, kl_g0=2.7908, kl_u=0.8604, cls=0.6975) | val=191.7688 | lr=1.00e-04
2026-07-02 14:00:41,241 |   -> New best val loss: 191.7688 (saved best_model.pt)
2026-07-02 14:00:42,706 |   -> New best val loss: 108.7308 (saved best_model.pt)
2026-07-02 14:00:43,843 |   -> New best val loss: 82.5599 (saved best_model.pt)
2026-07-02 14:00:45,006 |   -> New best val loss: 66.6264 (saved best_model.pt)
2026-07-02 14:00:46,897 |   -> New best val loss: 56.0779 (saved best_model.pt)
2026-07-02 14:00:48,282 |   -> New best val loss: 48.5843 (saved best_model.pt)
2026-07-02 14:00:49,600 |   -> New best val loss: 47.1060 (saved best_model.pt)
2026-07-02 14:00:51,299 |   -> New best val loss: 45.0077 (saved best_model.pt)
2026-07-02 14:00:52,798 |   -> New best val loss: 41.9336 (saved best_model.pt)
2026-07-02 14:00:54,441 | Epoch   10/1000 | kl_g0_w=1.00 kl_u_w=1.00 | train=80.8791 (recon=157.2406, kl_g0=2.8399, kl_u=0.9666, cls=0.7110) | val=41.5088 | lr=1.00e-04
2026-07-02 14:00:54,454 |   -> New best val loss: 41.5088 (saved best_model.pt)
2026-07-02 14:00:56,534 |   -> New best val loss: 39.7448 (saved best_model.pt)
2026-07-02 14:00:58,677 |   -> New best val loss: 39.1124 (saved best_model.pt)
2026-07-02 14:01:00,768 |   -> New best val loss: 38.5175 (saved best_model.pt)
2026-07-02 14:01:02,511 |   -> New best val loss: 37.6155 (saved best_model.pt)
2026-07-02 14:01:05,198 |   -> New best val loss: 36.9835 (saved best_model.pt)
2026-07-02 14:01:07,312 |   -> New best val loss: 35.7635 (saved best_model.pt)
2026-07-02 14:01:09,523 |   -> New best val loss: 34.5022 (saved best_model.pt)
2026-07-02 14:01:11,746 |   -> New best val loss: 34.3499 (saved best_model.pt)
2026-07-02 14:01:13,196 | Epoch   20/1000 | kl_g0_w=1.00 kl_u_w=1.00 | train=63.1801 (recon=121.3150, kl_g0=2.9590, kl_u=1.3810, cls=0.7054) | val=33.6191 | lr=1.00e-04
2026-07-02 14:01:13,211 |   -> New best val loss: 33.6191 (saved best_model.pt)
2026-07-02 14:01:14,677 |   -> New best val loss: 32.6001 (saved best_model.pt)
2026-07-02 14:01:18,689 |   -> New best val loss: 32.5688 (saved best_model.pt)
2026-07-02 14:01:20,001 |   -> New best val loss: 31.9273 (saved best_model.pt)
2026-07-02 14:01:24,251 |   -> New best val loss: 31.3666 (saved best_model.pt)
2026-07-02 14:01:27,131 |   -> New best val loss: 31.1936 (saved best_model.pt)
2026-07-02 14:01:28,770 | Epoch   30/1000 | kl_g0_w=1.00 kl_u_w=1.00 | train=52.8109 (recon=99.9497, kl_g0=3.0650, kl_u=1.9062, cls=0.7008) | val=30.8691 | lr=1.00e-04
2026-07-02 14:01:28,800 |   -> New best val loss: 30.8691 (saved best_model.pt)
2026-07-02 14:01:30,488 |   -> New best val loss: 30.6626 (saved best_model.pt)
2026-07-02 14:01:31,809 |   -> New best val loss: 30.3956 (saved best_model.pt)
2026-07-02 14:01:34,009 |   -> New best val loss: 30.2004 (saved best_model.pt)
2026-07-02 14:01:38,064 |   -> New best val loss: 29.6733 (saved best_model.pt)
2026-07-02 14:01:39,927 |   -> New best val loss: 29.6256 (saved best_model.pt)
2026-07-02 14:01:41,483 |   -> New best val loss: 29.5662 (saved best_model.pt)
2026-07-02 14:01:43,534 |   -> New best val loss: 29.5354 (saved best_model.pt)
2026-07-02 14:01:45,501 |   -> New best val loss: 29.1901 (saved best_model.pt)
2026-07-02 14:01:46,880 | Epoch   40/1000 | kl_g0_w=1.00 kl_u_w=1.00 | train=44.9616 (recon=83.6116, kl_g0=3.1924, kl_u=2.4200, cls=0.6992) | val=28.9511 | lr=1.00e-04
2026-07-02 14:01:46,909 |   -> New best val loss: 28.9511 (saved best_model.pt)
2026-07-02 14:01:50,125 |   -> New best val loss: 28.7291 (saved best_model.pt)
2026-07-02 14:01:51,713 |   -> New best val loss: 28.6260 (saved best_model.pt)
2026-07-02 14:01:53,334 |   -> New best val loss: 28.2750 (saved best_model.pt)
2026-07-02 14:01:57,428 |   -> New best val loss: 28.0025 (saved best_model.pt)
2026-07-02 14:01:59,042 |   -> New best val loss: 27.9475 (saved best_model.pt)
2026-07-02 14:02:00,606 |   -> New best val loss: 27.8880 (saved best_model.pt)
2026-07-02 14:02:02,518 |   -> New best val loss: 27.3589 (saved best_model.pt)
2026-07-02 14:02:04,505 | Epoch   50/1000 | kl_g0_w=1.00 kl_u_w=1.00 | train=40.2275 (recon=73.8281, kl_g0=3.3133, kl_u=2.6171, cls=0.6966) | val=27.7695 | lr=1.00e-04
2026-07-02 14:02:05,867 |   -> New best val loss: 27.3421 (saved best_model.pt)
2026-07-02 14:02:07,279 |   -> New best val loss: 27.1817 (saved best_model.pt)
2026-07-02 14:02:10,687 |   -> New best val loss: 26.9026 (saved best_model.pt)
2026-07-02 14:02:14,067 |   -> New best val loss: 26.4587 (saved best_model.pt)
2026-07-02 14:02:15,481 |   -> New best val loss: 26.4387 (saved best_model.pt)
2026-07-02 14:02:17,491 |   -> New best val loss: 26.2664 (saved best_model.pt)
2026-07-02 14:02:19,170 |   -> New best val loss: 26.1484 (saved best_model.pt)
2026-07-02 14:02:20,531 | Epoch   60/1000 | kl_g0_w=1.00 kl_u_w=1.00 | train=36.1638 (recon=65.4872, kl_g0=3.4222, kl_u=2.7213, cls=0.6968) | val=26.0133 | lr=1.00e-04
2026-07-02 14:02:20,546 |   -> New best val loss: 26.0133 (saved best_model.pt)
2026-07-02 14:02:22,029 |   -> New best val loss: 25.9063 (saved best_model.pt)
2026-07-02 14:02:23,417 |   -> New best val loss: 25.7461 (saved best_model.pt)
2026-07-02 14:02:24,801 |   -> New best val loss: 25.6494 (saved best_model.pt)
2026-07-02 14:02:26,196 |   -> New best val loss: 25.4635 (saved best_model.pt)
2026-07-02 14:02:27,904 |   -> New best val loss: 25.4157 (saved best_model.pt)
2026-07-02 14:02:31,182 |   -> New best val loss: 25.3363 (saved best_model.pt)
2026-07-02 14:02:32,785 |   -> New best val loss: 24.8676 (saved best_model.pt)
2026-07-02 14:02:34,914 |   -> New best val loss: 24.8582 (saved best_model.pt)
2026-07-02 14:02:36,418 | Epoch   70/1000 | kl_g0_w=1.00 kl_u_w=1.00 | train=32.9910 (recon=58.9378, kl_g0=3.5259, kl_u=2.8217, cls=0.6965) | val=24.8495 | lr=1.00e-04
2026-07-02 14:02:36,433 |   -> New best val loss: 24.8495 (saved best_model.pt)
2026-07-02 14:02:38,141 |   -> New best val loss: 24.7642 (saved best_model.pt)
2026-07-02 14:02:39,576 |   -> New best val loss: 24.6891 (saved best_model.pt)
2026-07-02 14:02:41,697 |   -> New best val loss: 24.2932 (saved best_model.pt)
2026-07-02 14:02:43,382 |   -> New best val loss: 24.1525 (saved best_model.pt)
2026-07-02 14:02:46,433 |   -> New best val loss: 24.0870 (saved best_model.pt)
2026-07-02 14:02:47,767 |   -> New best val loss: 23.8502 (saved best_model.pt)
2026-07-02 14:02:49,401 |   -> New best val loss: 23.7665 (saved best_model.pt)
2026-07-02 14:02:51,372 |   -> New best val loss: 23.4223 (saved best_model.pt)
2026-07-02 14:02:53,149 | Epoch   80/1000 | kl_g0_w=1.00 kl_u_w=1.00 | train=30.3629 (recon=53.6096, kl_g0=3.6144, kl_u=2.8048, cls=0.6969) | val=23.6659 | lr=1.00e-04
2026-07-02 14:02:54,700 |   -> New best val loss: 23.2955 (saved best_model.pt)
2026-07-02 14:02:58,931 |   -> New best val loss: 23.2018 (saved best_model.pt)
2026-07-02 14:03:00,393 |   -> New best val loss: 23.1410 (saved best_model.pt)
2026-07-02 14:03:02,053 |   -> New best val loss: 22.9842 (saved best_model.pt)
2026-07-02 14:03:04,060 |   -> New best val loss: 22.7879 (saved best_model.pt)
2026-07-02 14:03:06,971 |   -> New best val loss: 22.6383 (saved best_model.pt)
2026-07-02 14:03:08,900 |   -> New best val loss: 22.5081 (saved best_model.pt)
2026-07-02 14:03:10,189 | Epoch   90/1000 | kl_g0_w=1.00 kl_u_w=1.00 | train=28.0118 (recon=48.7830, kl_g0=3.6945, kl_u=2.8511, cls=0.6950) | val=22.2727 | lr=1.00e-04
2026-07-02 14:03:10,204 |   -> New best val loss: 22.2727 (saved best_model.pt)
2026-07-02 14:03:13,314 |   -> New best val loss: 22.1183 (saved best_model.pt)
2026-07-02 14:03:15,166 |   -> New best val loss: 21.9094 (saved best_model.pt)
2026-07-02 14:03:19,205 |   -> New best val loss: 21.7459 (saved best_model.pt)
2026-07-02 14:03:21,453 |   -> New best val loss: 21.6873 (saved best_model.pt)
2026-07-02 14:03:25,861 |   -> New best val loss: 21.4576 (saved best_model.pt)
2026-07-02 14:03:29,783 | Epoch  100/1000 | kl_g0_w=1.00 kl_u_w=1.00 | train=26.3914 (recon=45.5036, kl_g0=3.7728, kl_u=2.8116, cls=0.6947) | val=21.2705 | lr=1.00e-04
2026-07-02 14:03:29,802 |   -> New best val loss: 21.2705 (saved best_model.pt)
2026-07-02 14:03:33,967 |   -> New best val loss: 21.0598 (saved best_model.pt)
2026-07-02 14:03:35,466 |   -> New best val loss: 21.0115 (saved best_model.pt)
2026-07-02 14:03:39,210 |   -> New best val loss: 20.9555 (saved best_model.pt)
2026-07-02 14:03:41,008 |   -> New best val loss: 20.7775 (saved best_model.pt)
2026-07-02 14:03:43,044 |   -> New best val loss: 20.6703 (saved best_model.pt)
2026-07-02 14:03:45,052 |   -> New best val loss: 20.5609 (saved best_model.pt)
2026-07-02 14:03:47,167 |   -> New best val loss: 20.5087 (saved best_model.pt)
2026-07-02 14:03:48,711 | Epoch  110/1000 | kl_g0_w=1.00 kl_u_w=1.00 | train=24.4477 (recon=41.5657, kl_g0=3.8438, kl_u=2.7907, cls=0.6951) | val=20.4780 | lr=1.00e-04
2026-07-02 14:03:48,727 |   -> New best val loss: 20.4780 (saved best_model.pt)
2026-07-02 14:03:50,691 |   -> New best val loss: 20.3758 (saved best_model.pt)
2026-07-02 14:03:52,777 |   -> New best val loss: 20.1862 (saved best_model.pt)
2026-07-02 14:03:56,544 |   -> New best val loss: 20.1541 (saved best_model.pt)
2026-07-02 14:03:58,417 |   -> New best val loss: 19.9015 (saved best_model.pt)
2026-07-02 14:04:01,309 |   -> New best val loss: 19.8037 (saved best_model.pt)
2026-07-02 14:04:02,768 |   -> New best val loss: 19.7817 (saved best_model.pt)
2026-07-02 14:04:05,431 | Epoch  120/1000 | kl_g0_w=1.00 kl_u_w=1.00 | train=23.0918 (recon=38.8056, kl_g0=3.9082, kl_u=2.7753, cls=0.6946) | val=19.5037 | lr=1.00e-04
2026-07-02 14:04:05,449 |   -> New best val loss: 19.5037 (saved best_model.pt)
2026-07-02 14:04:08,259 |   -> New best val loss: 19.4143 (saved best_model.pt)
2026-07-02 14:04:13,182 |   -> New best val loss: 19.2310 (saved best_model.pt)
2026-07-02 14:04:17,877 |   -> New best val loss: 19.0376 (saved best_model.pt)
2026-07-02 14:04:21,385 | Epoch  130/1000 | kl_g0_w=1.00 kl_u_w=1.00 | train=21.9904 (recon=36.5526, kl_g0=3.9661, kl_u=2.7683, cls=0.6938) | val=19.0552 | lr=1.00e-04
2026-07-02 14:04:23,611 |   -> New best val loss: 18.9943 (saved best_model.pt)
2026-07-02 14:04:24,939 |   -> New best val loss: 18.7260 (saved best_model.pt)
2026-07-02 14:04:32,419 |   -> New best val loss: 18.6389 (saved best_model.pt)
2026-07-02 14:04:35,719 |   -> New best val loss: 18.5621 (saved best_model.pt)
2026-07-02 14:04:37,046 |   -> New best val loss: 18.4408 (saved best_model.pt)
2026-07-02 14:04:39,001 | Epoch  140/1000 | kl_g0_w=1.00 kl_u_w=1.00 | train=21.1182 (recon=34.7579, kl_g0=4.0219, kl_u=2.7640, cls=0.6927) | val=18.3813 | lr=1.00e-04
2026-07-02 14:04:39,017 |   -> New best val loss: 18.3813 (saved best_model.pt)
2026-07-02 14:04:42,434 |   -> New best val loss: 18.2208 (saved best_model.pt)
2026-07-02 14:04:48,462 |   -> New best val loss: 18.0326 (saved best_model.pt)
2026-07-02 14:04:52,545 |   -> New best val loss: 18.0063 (saved best_model.pt)
2026-07-02 14:04:53,872 |   -> New best val loss: 17.9518 (saved best_model.pt)
2026-07-02 14:04:55,166 |   -> New best val loss: 17.9433 (saved best_model.pt)
2026-07-02 14:04:56,493 | Epoch  150/1000 | kl_g0_w=1.00 kl_u_w=1.00 | train=20.0215 (recon=32.5512, kl_g0=4.0751, kl_u=2.7227, cls=0.6940) | val=17.8230 | lr=1.00e-04
2026-07-02 14:04:56,509 |   -> New best val loss: 17.8230 (saved best_model.pt)
2026-07-02 14:04:57,844 |   -> New best val loss: 17.7106 (saved best_model.pt)
2026-07-02 14:05:00,649 |   -> New best val loss: 17.6728 (saved best_model.pt)
2026-07-02 14:05:04,363 |   -> New best val loss: 17.5544 (saved best_model.pt)
2026-07-02 14:05:05,819 |   -> New best val loss: 17.5046 (saved best_model.pt)
2026-07-02 14:05:09,890 |   -> New best val loss: 17.4410 (saved best_model.pt)
2026-07-02 14:05:11,466 |   -> New best val loss: 17.3767 (saved best_model.pt)
2026-07-02 14:05:12,988 | Epoch  160/1000 | kl_g0_w=1.00 kl_u_w=1.00 | train=18.9940 (recon=30.4281, kl_g0=4.1274, kl_u=2.7397, cls=0.6927) | val=17.3340 | lr=1.00e-04
2026-07-02 14:05:13,004 |   -> New best val loss: 17.3340 (saved best_model.pt)
2026-07-02 14:05:15,270 |   -> New best val loss: 17.2547 (saved best_model.pt)
2026-07-02 14:05:17,491 |   -> New best val loss: 17.2253 (saved best_model.pt)
2026-07-02 14:05:19,058 |   -> New best val loss: 17.1418 (saved best_model.pt)
2026-07-02 14:05:22,282 |   -> New best val loss: 17.0125 (saved best_model.pt)
2026-07-02 14:05:25,960 |   -> New best val loss: 17.0030 (saved best_model.pt)
2026-07-02 14:05:27,567 |   -> New best val loss: 16.9437 (saved best_model.pt)
2026-07-02 14:05:28,966 |   -> New best val loss: 16.8655 (saved best_model.pt)
2026-07-02 14:05:30,830 | Epoch  170/1000 | kl_g0_w=1.00 kl_u_w=1.00 | train=18.2446 (recon=28.8841, kl_g0=4.1760, kl_u=2.7348, cls=0.6944) | val=16.7496 | lr=1.00e-04
2026-07-02 14:05:30,843 |   -> New best val loss: 16.7496 (saved best_model.pt)
2026-07-02 14:05:34,826 |   -> New best val loss: 16.6716 (saved best_model.pt)
2026-07-02 14:05:36,167 |   -> New best val loss: 16.6242 (saved best_model.pt)
2026-07-02 14:05:39,030 |   -> New best val loss: 16.5429 (saved best_model.pt)
2026-07-02 14:05:40,943 |   -> New best val loss: 16.4542 (saved best_model.pt)
2026-07-02 14:05:45,126 |   -> New best val loss: 16.3927 (saved best_model.pt)
2026-07-02 14:05:47,143 |   -> New best val loss: 16.3278 (saved best_model.pt)
2026-07-02 14:05:48,983 | Epoch  180/1000 | kl_g0_w=1.00 kl_u_w=1.00 | train=17.4652 (recon=27.2781, kl_g0=4.2202, kl_u=2.7392, cls=0.6929) | val=16.3702 | lr=1.00e-04
2026-07-02 14:05:50,456 |   -> New best val loss: 16.2253 (saved best_model.pt)
2026-07-02 14:05:54,699 |   -> New best val loss: 16.1681 (saved best_model.pt)
2026-07-02 14:05:56,660 |   -> New best val loss: 16.0951 (saved best_model.pt)
2026-07-02 14:05:58,698 |   -> New best val loss: 16.0766 (saved best_model.pt)
2026-07-02 14:06:02,434 |   -> New best val loss: 16.0365 (saved best_model.pt)
2026-07-02 14:06:03,821 |   -> New best val loss: 15.9569 (saved best_model.pt)
2026-07-02 14:06:07,167 | Epoch  190/1000 | kl_g0_w=1.00 kl_u_w=1.00 | train=16.9796 (recon=26.2665, kl_g0=4.2553, kl_u=2.7447, cls=0.6928) | val=15.9318 | lr=1.00e-04
2026-07-02 14:06:07,195 |   -> New best val loss: 15.9318 (saved best_model.pt)
2026-07-02 14:06:08,897 |   -> New best val loss: 15.8890 (saved best_model.pt)
2026-07-02 14:06:10,761 |   -> New best val loss: 15.8303 (saved best_model.pt)
2026-07-02 14:06:12,879 |   -> New best val loss: 15.7431 (saved best_model.pt)
2026-07-02 14:06:16,847 |   -> New best val loss: 15.6963 (saved best_model.pt)
2026-07-02 14:06:18,321 |   -> New best val loss: 15.6136 (saved best_model.pt)
2026-07-02 14:06:20,290 |   -> New best val loss: 15.5260 (saved best_model.pt)
2026-07-02 14:06:23,752 |   -> New best val loss: 15.5056 (saved best_model.pt)
2026-07-02 14:06:25,129 | Epoch  200/1000 | kl_g0_w=1.00 kl_u_w=1.00 | train=16.1931 (recon=24.6659, kl_g0=4.2875, kl_u=2.7397, cls=0.6931) | val=15.4990 | lr=1.00e-04
2026-07-02 14:06:25,143 |   -> New best val loss: 15.4990 (saved best_model.pt)
2026-07-02 14:06:26,489 |   -> New best val loss: 15.4485 (saved best_model.pt)
2026-07-02 14:06:28,410 |   -> New best val loss: 15.3838 (saved best_model.pt)
2026-07-02 14:06:32,036 |   -> New best val loss: 15.3063 (saved best_model.pt)
2026-07-02 14:06:35,571 |   -> New best val loss: 15.2916 (saved best_model.pt)
2026-07-02 14:06:37,687 |   -> New best val loss: 15.2198 (saved best_model.pt)
2026-07-02 14:06:39,777 |   -> New best val loss: 15.1311 (saved best_model.pt)
2026-07-02 14:06:41,665 |   -> New best val loss: 15.0962 (saved best_model.pt)
2026-07-02 14:06:42,952 | Epoch  210/1000 | kl_g0_w=1.00 kl_u_w=1.00 | train=15.8542 (recon=23.9514, kl_g0=4.3146, kl_u=2.7503, cls=0.6921) | val=15.1519 | lr=1.00e-04
2026-07-02 14:06:46,247 |   -> New best val loss: 15.0288 (saved best_model.pt)
2026-07-02 14:06:48,273 |   -> New best val loss: 14.9592 (saved best_model.pt)
2026-07-02 14:06:52,625 |   -> New best val loss: 14.8987 (saved best_model.pt)
2026-07-02 14:06:54,099 |   -> New best val loss: 14.8746 (saved best_model.pt)
2026-07-02 14:06:56,201 |   -> New best val loss: 14.8094 (saved best_model.pt)
2026-07-02 14:06:57,671 |   -> New best val loss: 14.7901 (saved best_model.pt)
2026-07-02 14:06:59,430 |   -> New best val loss: 14.7849 (saved best_model.pt)
2026-07-02 14:07:01,358 | Epoch  220/1000 | kl_g0_w=1.00 kl_u_w=1.00 | train=15.2346 (recon=22.7039, kl_g0=4.3392, kl_u=2.7345, cls=0.6917) | val=14.6754 | lr=1.00e-04
2026-07-02 14:07:01,375 |   -> New best val loss: 14.6754 (saved best_model.pt)
2026-07-02 14:07:04,850 |   -> New best val loss: 14.5930 (saved best_model.pt)
2026-07-02 14:07:08,628 |   -> New best val loss: 14.5783 (saved best_model.pt)
2026-07-02 14:07:10,882 |   -> New best val loss: 14.4872 (saved best_model.pt)
2026-07-02 14:07:12,552 |   -> New best val loss: 14.4729 (saved best_model.pt)
2026-07-02 14:07:13,874 |   -> New best val loss: 14.4681 (saved best_model.pt)
2026-07-02 14:07:15,207 |   -> New best val loss: 14.3995 (saved best_model.pt)
2026-07-02 14:07:17,147 |   -> New best val loss: 14.3707 (saved best_model.pt)
2026-07-02 14:07:18,499 | Epoch  230/1000 | kl_g0_w=1.00 kl_u_w=1.00 | train=14.7463 (recon=21.7245, kl_g0=4.3594, kl_u=2.7164, cls=0.6922) | val=14.3152 | lr=1.00e-04
2026-07-02 14:07:18,513 |   -> New best val loss: 14.3152 (saved best_model.pt)
2026-07-02 14:07:20,161 |   -> New best val loss: 14.2525 (saved best_model.pt)
2026-07-02 14:07:23,614 |   -> New best val loss: 14.2119 (saved best_model.pt)
2026-07-02 14:07:25,111 |   -> New best val loss: 14.2071 (saved best_model.pt)
2026-07-02 14:07:26,604 |   -> New best val loss: 14.1322 (saved best_model.pt)
2026-07-02 14:07:28,729 |   -> New best val loss: 14.1060 (saved best_model.pt)
2026-07-02 14:07:30,856 |   -> New best val loss: 14.0350 (saved best_model.pt)
2026-07-02 14:07:34,539 |   -> New best val loss: 13.9981 (saved best_model.pt)
2026-07-02 14:07:36,727 | Epoch  240/1000 | kl_g0_w=1.00 kl_u_w=1.00 | train=14.3156 (recon=20.8723, kl_g0=4.3725, kl_u=2.6954, cls=0.6909) | val=13.9747 | lr=1.00e-04
2026-07-02 14:07:36,754 |   -> New best val loss: 13.9747 (saved best_model.pt)
2026-07-02 14:07:38,619 |   -> New best val loss: 13.9164 (saved best_model.pt)
2026-07-02 14:07:40,233 |   -> New best val loss: 13.8459 (saved best_model.pt)
2026-07-02 14:07:44,810 |   -> New best val loss: 13.8112 (saved best_model.pt)
2026-07-02 14:07:46,306 |   -> New best val loss: 13.8106 (saved best_model.pt)
2026-07-02 14:07:48,297 |   -> New best val loss: 13.7028 (saved best_model.pt)
2026-07-02 14:07:53,866 | Epoch  250/1000 | kl_g0_w=1.00 kl_u_w=1.00 | train=13.9034 (recon=20.0596, kl_g0=4.3802, kl_u=2.6766, cls=0.6904) | val=13.6394 | lr=1.00e-04
2026-07-02 14:07:53,894 |   -> New best val loss: 13.6394 (saved best_model.pt)
2026-07-02 14:07:55,505 |   -> New best val loss: 13.6240 (saved best_model.pt)
2026-07-02 14:07:59,817 |   -> New best val loss: 13.5501 (saved best_model.pt)
2026-07-02 14:08:04,372 |   -> New best val loss: 13.4528 (saved best_model.pt)
2026-07-02 14:08:07,828 |   -> New best val loss: 13.3946 (saved best_model.pt)
2026-07-02 14:08:09,161 |   -> New best val loss: 13.3793 (saved best_model.pt)
2026-07-02 14:08:10,681 | Epoch  260/1000 | kl_g0_w=1.00 kl_u_w=1.00 | train=13.5148 (recon=19.2842, kl_g0=4.3819, kl_u=2.6728, cls=0.6907) | val=13.3819 | lr=1.00e-04
2026-07-02 14:08:11,969 |   -> New best val loss: 13.3478 (saved best_model.pt)
2026-07-02 14:08:14,573 |   -> New best val loss: 13.2657 (saved best_model.pt)
2026-07-02 14:08:17,583 |   -> New best val loss: 13.2528 (saved best_model.pt)
2026-07-02 14:08:21,408 |   -> New best val loss: 13.1212 (saved best_model.pt)
2026-07-02 14:08:25,503 |   -> New best val loss: 13.0995 (saved best_model.pt)
2026-07-02 14:08:26,997 | Epoch  270/1000 | kl_g0_w=1.00 kl_u_w=1.00 | train=13.1197 (recon=18.5230, kl_g0=4.3795, kl_u=2.6473, cls=0.6897) | val=13.0722 | lr=1.00e-04
2026-07-02 14:08:27,024 |   -> New best val loss: 13.0722 (saved best_model.pt)
2026-07-02 14:08:28,667 |   -> New best val loss: 13.0492 (saved best_model.pt)
2026-07-02 14:08:30,469 |   -> New best val loss: 12.9850 (saved best_model.pt)
2026-07-02 14:08:33,724 |   -> New best val loss: 12.9677 (saved best_model.pt)
2026-07-02 14:08:35,213 |   -> New best val loss: 12.9016 (saved best_model.pt)
2026-07-02 14:08:38,441 |   -> New best val loss: 12.8507 (saved best_model.pt)
2026-07-02 14:08:41,589 |   -> New best val loss: 12.8322 (saved best_model.pt)
2026-07-02 14:08:43,060 | Epoch  280/1000 | kl_g0_w=1.00 kl_u_w=1.00 | train=12.8487 (recon=17.9898, kl_g0=4.3652, kl_u=2.6529, cls=0.6896) | val=12.8442 | lr=1.00e-04
2026-07-02 14:08:44,547 |   -> New best val loss: 12.8204 (saved best_model.pt)
2026-07-02 14:08:45,838 |   -> New best val loss: 12.7744 (saved best_model.pt)
2026-07-02 14:08:47,271 |   -> New best val loss: 12.7174 (saved best_model.pt)
2026-07-02 14:08:50,504 |   -> New best val loss: 12.6544 (saved best_model.pt)
2026-07-02 14:08:51,820 |   -> New best val loss: 12.6514 (saved best_model.pt)
2026-07-02 14:08:55,209 |   -> New best val loss: 12.6421 (saved best_model.pt)
2026-07-02 14:08:56,961 |   -> New best val loss: 12.5778 (saved best_model.pt)
2026-07-02 14:08:58,598 | Epoch  290/1000 | kl_g0_w=1.00 kl_u_w=1.00 | train=12.5225 (recon=17.3660, kl_g0=4.3473, kl_u=2.6422, cls=0.6896) | val=12.5535 | lr=1.00e-04
2026-07-02 14:08:58,620 |   -> New best val loss: 12.5535 (saved best_model.pt)
2026-07-02 14:09:03,678 |   -> New best val loss: 12.4541 (saved best_model.pt)
2026-07-02 14:09:05,791 |   -> New best val loss: 12.4447 (saved best_model.pt)
2026-07-02 14:09:09,743 |   -> New best val loss: 12.3731 (saved best_model.pt)
2026-07-02 14:09:16,045 |   -> New best val loss: 12.3671 (saved best_model.pt)
2026-07-02 14:09:18,284 | Epoch  300/1000 | kl_g0_w=1.00 kl_u_w=1.00 | train=12.2413 (recon=16.8222, kl_g0=4.3235, kl_u=2.6473, cls=0.6896) | val=12.2952 | lr=1.00e-04
2026-07-02 14:09:18,310 |   -> New best val loss: 12.2952 (saved best_model.pt)
2026-07-02 14:09:22,657 |   -> New best val loss: 12.2816 (saved best_model.pt)
2026-07-02 14:09:24,927 |   -> New best val loss: 12.2130 (saved best_model.pt)
2026-07-02 14:09:32,268 |   -> New best val loss: 12.1270 (saved best_model.pt)
2026-07-02 14:09:36,249 |   -> New best val loss: 12.0913 (saved best_model.pt)
2026-07-02 14:09:37,615 | Epoch  310/1000 | kl_g0_w=1.00 kl_u_w=1.00 | train=11.9619 (recon=16.3090, kl_g0=4.2999, kl_u=2.6245, cls=0.6904) | val=12.0560 | lr=1.00e-04
2026-07-02 14:09:37,630 |   -> New best val loss: 12.0560 (saved best_model.pt)
2026-07-02 14:09:41,231 |   -> New best val loss: 12.0263 (saved best_model.pt)
2026-07-02 14:09:42,517 |   -> New best val loss: 11.9982 (saved best_model.pt)
2026-07-02 14:09:45,707 |   -> New best val loss: 11.9579 (saved best_model.pt)
2026-07-02 14:09:47,327 |   -> New best val loss: 11.9492 (saved best_model.pt)
2026-07-02 14:09:49,957 |   -> New best val loss: 11.8776 (saved best_model.pt)
2026-07-02 14:09:53,321 | Epoch  320/1000 | kl_g0_w=1.00 kl_u_w=1.00 | train=11.6739 (recon=15.7674, kl_g0=4.2679, kl_u=2.6229, cls=0.6897) | val=11.8745 | lr=1.00e-04
2026-07-02 14:09:53,352 |   -> New best val loss: 11.8745 (saved best_model.pt)
2026-07-02 14:09:55,295 |   -> New best val loss: 11.8296 (saved best_model.pt)
2026-07-02 14:09:57,313 |   -> New best val loss: 11.8092 (saved best_model.pt)
2026-07-02 14:10:00,286 |   -> New best val loss: 11.7645 (saved best_model.pt)
2026-07-02 14:10:02,287 |   -> New best val loss: 11.7365 (saved best_model.pt)
2026-07-02 14:10:04,200 |   -> New best val loss: 11.7246 (saved best_model.pt)
2026-07-02 14:10:07,324 |   -> New best val loss: 11.6509 (saved best_model.pt)
2026-07-02 14:10:10,600 | Epoch  330/1000 | kl_g0_w=1.00 kl_u_w=1.00 | train=11.4360 (recon=15.3309, kl_g0=4.2337, kl_u=2.6178, cls=0.6897) | val=11.6247 | lr=1.00e-04
2026-07-02 14:10:10,616 |   -> New best val loss: 11.6247 (saved best_model.pt)
2026-07-02 14:10:12,552 |   -> New best val loss: 11.6222 (saved best_model.pt)
2026-07-02 14:10:14,044 |   -> New best val loss: 11.5912 (saved best_model.pt)
2026-07-02 14:10:15,945 |   -> New best val loss: 11.5894 (saved best_model.pt)
2026-07-02 14:10:17,254 |   -> New best val loss: 11.5533 (saved best_model.pt)
2026-07-02 14:10:19,339 |   -> New best val loss: 11.5386 (saved best_model.pt)
2026-07-02 14:10:20,682 |   -> New best val loss: 11.4841 (saved best_model.pt)
2026-07-02 14:10:22,448 |   -> New best val loss: 11.4658 (saved best_model.pt)
2026-07-02 14:10:26,210 |   -> New best val loss: 11.4391 (saved best_model.pt)
2026-07-02 14:10:27,495 | Epoch  340/1000 | kl_g0_w=1.00 kl_u_w=1.00 | train=11.1984 (recon=14.8959, kl_g0=4.1989, kl_u=2.6137, cls=0.6884) | val=11.4689 | lr=1.00e-04
2026-07-02 14:10:29,589 |   -> New best val loss: 11.4094 (saved best_model.pt)
2026-07-02 14:10:31,826 |   -> New best val loss: 11.3780 (saved best_model.pt)
2026-07-02 14:10:33,923 |   -> New best val loss: 11.3623 (saved best_model.pt)
2026-07-02 14:10:35,640 |   -> New best val loss: 11.3353 (saved best_model.pt)
2026-07-02 14:10:41,170 |   -> New best val loss: 11.2934 (saved best_model.pt)
2026-07-02 14:10:42,677 |   -> New best val loss: 11.2792 (saved best_model.pt)
2026-07-02 14:10:44,093 |   -> New best val loss: 11.2679 (saved best_model.pt)
2026-07-02 14:10:46,088 | Epoch  350/1000 | kl_g0_w=1.00 kl_u_w=1.00 | train=10.9971 (recon=14.5571, kl_g0=4.1534, kl_u=2.5948, cls=0.6891) | val=11.2120 | lr=1.00e-04
2026-07-02 14:10:46,117 |   -> New best val loss: 11.2120 (saved best_model.pt)
2026-07-02 14:10:49,015 |   -> New best val loss: 11.2021 (saved best_model.pt)
2026-07-02 14:10:50,711 |   -> New best val loss: 11.1675 (saved best_model.pt)
2026-07-02 14:10:52,624 |   -> New best val loss: 11.1661 (saved best_model.pt)
2026-07-02 14:10:56,655 |   -> New best val loss: 11.1146 (saved best_model.pt)
2026-07-02 14:10:58,292 |   -> New best val loss: 11.0861 (saved best_model.pt)
2026-07-02 14:11:00,138 |   -> New best val loss: 11.0628 (saved best_model.pt)
2026-07-02 14:11:01,728 |   -> New best val loss: 11.0427 (saved best_model.pt)
2026-07-02 14:11:03,492 | Epoch  360/1000 | kl_g0_w=1.00 kl_u_w=1.00 | train=10.7287 (recon=14.0694, kl_g0=4.1022, kl_u=2.5981, cls=0.6877) | val=11.0608 | lr=1.00e-04
2026-07-02 14:11:04,918 |   -> New best val loss: 11.0071 (saved best_model.pt)
2026-07-02 14:11:08,082 |   -> New best val loss: 10.9854 (saved best_model.pt)
2026-07-02 14:11:12,373 |   -> New best val loss: 10.9567 (saved best_model.pt)
2026-07-02 14:11:14,661 |   -> New best val loss: 10.9420 (saved best_model.pt)
2026-07-02 14:11:17,003 |   -> New best val loss: 10.8944 (saved best_model.pt)
2026-07-02 14:11:18,822 |   -> New best val loss: 10.8921 (saved best_model.pt)
2026-07-02 14:11:20,323 |   -> New best val loss: 10.8792 (saved best_model.pt)
2026-07-02 14:11:21,650 | Epoch  370/1000 | kl_g0_w=1.00 kl_u_w=1.00 | train=10.5751 (recon=13.8259, kl_g0=4.0478, kl_u=2.5883, cls=0.6883) | val=10.8437 | lr=1.00e-04
2026-07-02 14:11:21,664 |   -> New best val loss: 10.8437 (saved best_model.pt)
2026-07-02 14:11:24,726 |   -> New best val loss: 10.8330 (saved best_model.pt)
2026-07-02 14:11:26,679 |   -> New best val loss: 10.8125 (saved best_model.pt)
2026-07-02 14:11:28,784 |   -> New best val loss: 10.8060 (saved best_model.pt)
2026-07-02 14:11:30,791 |   -> New best val loss: 10.7774 (saved best_model.pt)
2026-07-02 14:11:32,755 |   -> New best val loss: 10.7349 (saved best_model.pt)
2026-07-02 14:11:36,598 |   -> New best val loss: 10.7206 (saved best_model.pt)
2026-07-02 14:11:38,224 |   -> New best val loss: 10.7022 (saved best_model.pt)
2026-07-02 14:11:39,597 | Epoch  380/1000 | kl_g0_w=1.00 kl_u_w=1.00 | train=10.4025 (recon=13.5260, kl_g0=3.9976, kl_u=2.5939, cls=0.6874) | val=10.6920 | lr=1.00e-04
2026-07-02 14:11:39,612 |   -> New best val loss: 10.6920 (saved best_model.pt)
2026-07-02 14:11:40,951 |   -> New best val loss: 10.6835 (saved best_model.pt)
2026-07-02 14:11:42,862 |   -> New best val loss: 10.6547 (saved best_model.pt)
2026-07-02 14:11:46,347 |   -> New best val loss: 10.6284 (saved best_model.pt)
2026-07-02 14:11:47,931 |   -> New best val loss: 10.5962 (saved best_model.pt)
2026-07-02 14:11:50,156 |   -> New best val loss: 10.5788 (saved best_model.pt)
2026-07-02 14:11:51,746 |   -> New best val loss: 10.5766 (saved best_model.pt)
2026-07-02 14:11:53,080 |   -> New best val loss: 10.5553 (saved best_model.pt)
2026-07-02 14:11:55,221 |   -> New best val loss: 10.5522 (saved best_model.pt)
2026-07-02 14:11:56,693 | Epoch  390/1000 | kl_g0_w=1.00 kl_u_w=1.00 | train=10.2190 (recon=13.2231, kl_g0=3.9399, kl_u=2.5884, cls=0.6866) | val=10.5170 | lr=1.00e-04
2026-07-02 14:11:56,711 |   -> New best val loss: 10.5170 (saved best_model.pt)
2026-07-02 14:11:58,617 |   -> New best val loss: 10.4985 (saved best_model.pt)
2026-07-02 14:12:00,287 |   -> New best val loss: 10.4820 (saved best_model.pt)
2026-07-02 14:12:02,162 |   -> New best val loss: 10.4622 (saved best_model.pt)
2026-07-02 14:12:08,311 |   -> New best val loss: 10.4286 (saved best_model.pt)
2026-07-02 14:12:10,484 |   -> New best val loss: 10.4166 (saved best_model.pt)
2026-07-02 14:12:12,597 |   -> New best val loss: 10.4077 (saved best_model.pt)
2026-07-02 14:12:14,126 |   -> New best val loss: 10.3952 (saved best_model.pt)
2026-07-02 14:12:15,489 | Epoch  400/1000 | kl_g0_w=1.00 kl_u_w=1.00 | train=10.0554 (recon=12.9709, kl_g0=3.8759, kl_u=2.5773, cls=0.6867) | val=10.3856 | lr=1.00e-04
2026-07-02 14:12:15,504 |   -> New best val loss: 10.3856 (saved best_model.pt)
2026-07-02 14:12:17,240 |   -> New best val loss: 10.3369 (saved best_model.pt)
2026-07-02 14:12:18,837 |   -> New best val loss: 10.3296 (saved best_model.pt)
2026-07-02 14:12:20,917 |   -> New best val loss: 10.3267 (saved best_model.pt)
2026-07-02 14:12:22,342 |   -> New best val loss: 10.3192 (saved best_model.pt)
2026-07-02 14:12:24,188 |   -> New best val loss: 10.2944 (saved best_model.pt)
2026-07-02 14:12:26,281 |   -> New best val loss: 10.2693 (saved best_model.pt)
2026-07-02 14:12:28,359 |   -> New best val loss: 10.2543 (saved best_model.pt)
2026-07-02 14:12:31,575 |   -> New best val loss: 10.2222 (saved best_model.pt)
2026-07-02 14:12:33,093 | Epoch  410/1000 | kl_g0_w=1.00 kl_u_w=1.00 | train=9.8934 (recon=12.7188, kl_g0=3.8108, kl_u=2.5714, cls=0.6859) | val=10.1965 | lr=1.00e-04
2026-07-02 14:12:33,115 |   -> New best val loss: 10.1965 (saved best_model.pt)
2026-07-02 14:12:37,033 |   -> New best val loss: 10.1745 (saved best_model.pt)
2026-07-02 14:12:38,729 |   -> New best val loss: 10.1498 (saved best_model.pt)
2026-07-02 14:12:41,725 |   -> New best val loss: 10.1332 (saved best_model.pt)
2026-07-02 14:12:43,405 |   -> New best val loss: 10.1120 (saved best_model.pt)
2026-07-02 14:12:45,074 |   -> New best val loss: 10.0888 (saved best_model.pt)
2026-07-02 14:12:48,602 |   -> New best val loss: 10.0769 (saved best_model.pt)
2026-07-02 14:12:50,470 | Epoch  420/1000 | kl_g0_w=1.00 kl_u_w=1.00 | train=9.6963 (recon=12.3983, kl_g0=3.7381, kl_u=2.5708, cls=0.6854) | val=10.0551 | lr=1.00e-04
2026-07-02 14:12:50,498 |   -> New best val loss: 10.0551 (saved best_model.pt)
2026-07-02 14:12:52,322 |   -> New best val loss: 10.0379 (saved best_model.pt)
2026-07-02 14:12:55,358 |   -> New best val loss: 10.0059 (saved best_model.pt)
2026-07-02 14:12:59,341 |   -> New best val loss: 9.9962 (saved best_model.pt)
2026-07-02 14:13:00,708 |   -> New best val loss: 9.9591 (saved best_model.pt)
2026-07-02 14:13:02,047 |   -> New best val loss: 9.9574 (saved best_model.pt)
2026-07-02 14:13:05,464 |   -> New best val loss: 9.9206 (saved best_model.pt)
2026-07-02 14:13:06,870 | Epoch  430/1000 | kl_g0_w=1.00 kl_u_w=1.00 | train=9.5583 (recon=12.1960, kl_g0=3.6651, kl_u=2.5707, cls=0.6847) | val=9.9306 | lr=1.00e-04
2026-07-02 14:13:08,355 |   -> New best val loss: 9.8980 (saved best_model.pt)
2026-07-02 14:13:12,936 |   -> New best val loss: 9.8903 (saved best_model.pt)
2026-07-02 14:13:15,194 |   -> New best val loss: 9.8722 (saved best_model.pt)
2026-07-02 14:13:17,385 |   -> New best val loss: 9.8708 (saved best_model.pt)
2026-07-02 14:13:19,494 |   -> New best val loss: 9.8398 (saved best_model.pt)
2026-07-02 14:13:23,392 |   -> New best val loss: 9.8085 (saved best_model.pt)
2026-07-02 14:13:25,450 |   -> New best val loss: 9.7856 (saved best_model.pt)
2026-07-02 14:13:26,755 | Epoch  440/1000 | kl_g0_w=1.00 kl_u_w=1.00 | train=9.4002 (recon=11.9693, kl_g0=3.5995, kl_u=2.5478, cls=0.6837) | val=9.7853 | lr=1.00e-04
2026-07-02 14:13:26,771 |   -> New best val loss: 9.7853 (saved best_model.pt)
2026-07-02 14:13:28,106 |   -> New best val loss: 9.7667 (saved best_model.pt)
2026-07-02 14:13:29,443 |   -> New best val loss: 9.7612 (saved best_model.pt)
2026-07-02 14:13:31,007 |   -> New best val loss: 9.7446 (saved best_model.pt)
2026-07-02 14:13:32,954 |   -> New best val loss: 9.7414 (saved best_model.pt)
2026-07-02 14:13:34,789 |   -> New best val loss: 9.6941 (saved best_model.pt)
2026-07-02 14:13:36,494 |   -> New best val loss: 9.6831 (saved best_model.pt)
2026-07-02 14:13:37,797 |   -> New best val loss: 9.6756 (saved best_model.pt)
2026-07-02 14:13:39,473 |   -> New best val loss: 9.6630 (saved best_model.pt)
2026-07-02 14:13:41,722 |   -> New best val loss: 9.6490 (saved best_model.pt)
2026-07-02 14:13:43,036 | Epoch  450/1000 | kl_g0_w=1.00 kl_u_w=1.00 | train=9.2606 (recon=11.7670, kl_g0=3.5184, kl_u=2.5526, cls=0.6832) | val=9.6455 | lr=1.00e-04
2026-07-02 14:13:43,053 |   -> New best val loss: 9.6455 (saved best_model.pt)
2026-07-02 14:13:44,401 |   -> New best val loss: 9.6105 (saved best_model.pt)
2026-07-02 14:13:47,169 |   -> New best val loss: 9.5980 (saved best_model.pt)
2026-07-02 14:13:49,215 |   -> New best val loss: 9.5895 (saved best_model.pt)
2026-07-02 14:13:51,359 |   -> New best val loss: 9.5596 (saved best_model.pt)
2026-07-02 14:13:53,281 |   -> New best val loss: 9.5503 (saved best_model.pt)
2026-07-02 14:13:57,286 |   -> New best val loss: 9.5318 (saved best_model.pt)
2026-07-02 14:14:00,219 | Epoch  460/1000 | kl_g0_w=1.00 kl_u_w=1.00 | train=9.1389 (recon=11.6182, kl_g0=3.4209, kl_u=2.5555, cls=0.6831) | val=9.4892 | lr=1.00e-04
2026-07-02 14:14:00,235 |   -> New best val loss: 9.4892 (saved best_model.pt)
2026-07-02 14:14:03,084 |   -> New best val loss: 9.4758 (saved best_model.pt)
2026-07-02 14:14:04,931 |   -> New best val loss: 9.4711 (saved best_model.pt)
2026-07-02 14:14:06,440 |   -> New best val loss: 9.4507 (saved best_model.pt)
2026-07-02 14:14:10,434 |   -> New best val loss: 9.4340 (saved best_model.pt)
2026-07-02 14:14:12,542 |   -> New best val loss: 9.4213 (saved best_model.pt)
2026-07-02 14:14:14,547 |   -> New best val loss: 9.3965 (saved best_model.pt)
2026-07-02 14:14:18,429 | Epoch  470/1000 | kl_g0_w=1.00 kl_u_w=1.00 | train=8.9630 (recon=11.3695, kl_g0=3.3350, kl_u=2.5393, cls=0.6823) | val=9.3731 | lr=1.00e-04
2026-07-02 14:14:18,457 |   -> New best val loss: 9.3731 (saved best_model.pt)
2026-07-02 14:14:22,284 |   -> New best val loss: 9.3543 (saved best_model.pt)
2026-07-02 14:14:24,032 |   -> New best val loss: 9.3403 (saved best_model.pt)
2026-07-02 14:14:27,887 |   -> New best val loss: 9.3059 (saved best_model.pt)
2026-07-02 14:14:29,263 |   -> New best val loss: 9.3004 (saved best_model.pt)
2026-07-02 14:14:30,783 |   -> New best val loss: 9.2913 (saved best_model.pt)
2026-07-02 14:14:32,460 |   -> New best val loss: 9.2745 (saved best_model.pt)
2026-07-02 14:14:36,096 | Epoch  480/1000 | kl_g0_w=1.00 kl_u_w=1.00 | train=8.8429 (recon=11.2237, kl_g0=3.2446, kl_u=2.5369, cls=0.6805) | val=9.2526 | lr=1.00e-04
2026-07-02 14:14:36,122 |   -> New best val loss: 9.2526 (saved best_model.pt)
2026-07-02 14:14:37,961 |   -> New best val loss: 9.2509 (saved best_model.pt)
2026-07-02 14:14:39,530 |   -> New best val loss: 9.2314 (saved best_model.pt)
2026-07-02 14:14:40,926 |   -> New best val loss: 9.2117 (saved best_model.pt)
2026-07-02 14:14:42,358 |   -> New best val loss: 9.1858 (saved best_model.pt)
2026-07-02 14:14:46,033 |   -> New best val loss: 9.1688 (saved best_model.pt)
2026-07-02 14:14:47,577 |   -> New best val loss: 9.1560 (saved best_model.pt)
2026-07-02 14:14:48,965 |   -> New best val loss: 9.1545 (saved best_model.pt)
2026-07-02 14:14:50,499 |   -> New best val loss: 9.1411 (saved best_model.pt)
2026-07-02 14:14:52,071 | Epoch  490/1000 | kl_g0_w=1.00 kl_u_w=1.00 | train=8.7210 (recon=11.0821, kl_g0=3.1520, kl_u=2.5271, cls=0.6808) | val=9.1251 | lr=1.00e-04
2026-07-02 14:14:52,086 |   -> New best val loss: 9.1251 (saved best_model.pt)
2026-07-02 14:14:53,381 |   -> New best val loss: 9.1106 (saved best_model.pt)
2026-07-02 14:14:55,084 |   -> New best val loss: 9.0935 (saved best_model.pt)
2026-07-02 14:14:56,850 |   -> New best val loss: 9.0830 (saved best_model.pt)
2026-07-02 14:14:58,504 |   -> New best val loss: 9.0729 (saved best_model.pt)
2026-07-02 14:15:00,271 |   -> New best val loss: 9.0713 (saved best_model.pt)
2026-07-02 14:15:01,997 |   -> New best val loss: 9.0490 (saved best_model.pt)
2026-07-02 14:15:03,637 |   -> New best val loss: 9.0382 (saved best_model.pt)
2026-07-02 14:15:05,250 |   -> New best val loss: 9.0213 (saved best_model.pt)
2026-07-02 14:15:06,957 |   -> New best val loss: 8.9896 (saved best_model.pt)
2026-07-02 14:15:08,299 | Epoch  500/1000 | kl_g0_w=1.00 kl_u_w=1.00 | train=8.5958 (recon=10.9418, kl_g0=3.0510, kl_u=2.5199, cls=0.6790) | val=9.0024 | lr=1.00e-04
2026-07-02 14:15:09,605 |   -> New best val loss: 8.9686 (saved best_model.pt)
2026-07-02 14:15:13,875 |   -> New best val loss: 8.9617 (saved best_model.pt)
2026-07-02 14:15:15,445 |   -> New best val loss: 8.9291 (saved best_model.pt)
2026-07-02 14:15:18,078 |   -> New best val loss: 8.9169 (saved best_model.pt)
2026-07-02 14:15:19,711 |   -> New best val loss: 8.9130 (saved best_model.pt)
2026-07-02 14:15:21,771 |   -> New best val loss: 8.8890 (saved best_model.pt)
2026-07-02 14:15:23,861 |   -> New best val loss: 8.8827 (saved best_model.pt)
2026-07-02 14:15:26,172 | Epoch  510/1000 | kl_g0_w=1.00 kl_u_w=1.00 | train=8.4723 (recon=10.8078, kl_g0=2.9452, kl_u=2.5135, cls=0.6781) | val=8.8688 | lr=1.00e-04
2026-07-02 14:15:26,199 |   -> New best val loss: 8.8688 (saved best_model.pt)
2026-07-02 14:15:28,121 |   -> New best val loss: 8.8645 (saved best_model.pt)
2026-07-02 14:15:29,790 |   -> New best val loss: 8.8644 (saved best_model.pt)
2026-07-02 14:15:31,341 |   -> New best val loss: 8.8356 (saved best_model.pt)
2026-07-02 14:15:33,105 |   -> New best val loss: 8.8239 (saved best_model.pt)
2026-07-02 14:15:34,593 |   -> New best val loss: 8.8196 (saved best_model.pt)
2026-07-02 14:15:36,863 |   -> New best val loss: 8.8089 (saved best_model.pt)
2026-07-02 14:15:39,081 |   -> New best val loss: 8.7939 (saved best_model.pt)
2026-07-02 14:15:40,485 |   -> New best val loss: 8.7841 (saved best_model.pt)
2026-07-02 14:15:42,114 |   -> New best val loss: 8.7663 (saved best_model.pt)
2026-07-02 14:15:43,386 | Epoch  520/1000 | kl_g0_w=1.00 kl_u_w=1.00 | train=8.3597 (recon=10.6780, kl_g0=2.8622, kl_u=2.5035, cls=0.6756) | val=8.7601 | lr=1.00e-04
2026-07-02 14:15:43,404 |   -> New best val loss: 8.7601 (saved best_model.pt)
2026-07-02 14:15:44,944 |   -> New best val loss: 8.7512 (saved best_model.pt)
2026-07-02 14:15:47,601 |   -> New best val loss: 8.7193 (saved best_model.pt)
2026-07-02 14:15:49,682 |   -> New best val loss: 8.7168 (saved best_model.pt)
2026-07-02 14:15:51,911 |   -> New best val loss: 8.7005 (saved best_model.pt)
2026-07-02 14:15:53,394 |   -> New best val loss: 8.6920 (saved best_model.pt)
2026-07-02 14:15:55,101 |   -> New best val loss: 8.6836 (saved best_model.pt)
2026-07-02 14:15:57,215 |   -> New best val loss: 8.6719 (saved best_model.pt)
2026-07-02 14:15:58,921 |   -> New best val loss: 8.6441 (saved best_model.pt)
2026-07-02 14:16:00,954 | Epoch  530/1000 | kl_g0_w=1.00 kl_u_w=1.00 | train=8.2236 (recon=10.5236, kl_g0=2.7557, kl_u=2.4939, cls=0.6739) | val=8.6448 | lr=1.00e-04
2026-07-02 14:16:03,073 |   -> New best val loss: 8.6233 (saved best_model.pt)
2026-07-02 14:16:07,059 |   -> New best val loss: 8.5927 (saved best_model.pt)
2026-07-02 14:16:08,365 |   -> New best val loss: 8.5900 (saved best_model.pt)
2026-07-02 14:16:09,684 |   -> New best val loss: 8.5577 (saved best_model.pt)
2026-07-02 14:16:11,445 |   -> New best val loss: 8.5556 (saved best_model.pt)
2026-07-02 14:16:14,070 |   -> New best val loss: 8.5290 (saved best_model.pt)
2026-07-02 14:16:15,389 | Epoch  540/1000 | kl_g0_w=1.00 kl_u_w=1.00 | train=8.1263 (recon=10.4352, kl_g0=2.6537, kl_u=2.4914, cls=0.6723) | val=8.5318 | lr=1.00e-04
2026-07-02 14:16:16,890 |   -> New best val loss: 8.5265 (saved best_model.pt)
2026-07-02 14:16:18,272 |   -> New best val loss: 8.5095 (saved best_model.pt)
2026-07-02 14:16:20,235 |   -> New best val loss: 8.4907 (saved best_model.pt)
2026-07-02 14:16:21,553 |   -> New best val loss: 8.4729 (saved best_model.pt)
2026-07-02 14:16:24,367 |   -> New best val loss: 8.4519 (saved best_model.pt)
2026-07-02 14:16:27,079 |   -> New best val loss: 8.4349 (saved best_model.pt)
2026-07-02 14:16:28,390 |   -> New best val loss: 8.4304 (saved best_model.pt)
2026-07-02 14:16:29,747 | Epoch  550/1000 | kl_g0_w=1.00 kl_u_w=1.00 | train=8.0230 (recon=10.3538, kl_g0=2.5382, kl_u=2.4824, cls=0.6716) | val=8.3950 | lr=1.00e-04
2026-07-02 14:16:29,762 |   -> New best val loss: 8.3950 (saved best_model.pt)
2026-07-02 14:16:33,741 |   -> New best val loss: 8.3673 (saved best_model.pt)
2026-07-02 14:16:37,105 |   -> New best val loss: 8.3539 (saved best_model.pt)
2026-07-02 14:16:39,213 |   -> New best val loss: 8.3521 (saved best_model.pt)
2026-07-02 14:16:41,447 |   -> New best val loss: 8.3350 (saved best_model.pt)
2026-07-02 14:16:43,158 |   -> New best val loss: 8.3345 (saved best_model.pt)
2026-07-02 14:16:44,624 |   -> New best val loss: 8.3121 (saved best_model.pt)
2026-07-02 14:16:46,271 |   -> New best val loss: 8.3042 (saved best_model.pt)
2026-07-02 14:16:47,554 | Epoch  560/1000 | kl_g0_w=1.00 kl_u_w=1.00 | train=7.8789 (recon=10.1881, kl_g0=2.4282, kl_u=2.4720, cls=0.6693) | val=8.3050 | lr=1.00e-04
2026-07-02 14:16:49,665 |   -> New best val loss: 8.2859 (saved best_model.pt)
2026-07-02 14:16:51,265 |   -> New best val loss: 8.2819 (saved best_model.pt)
2026-07-02 14:16:53,159 |   -> New best val loss: 8.2579 (saved best_model.pt)
2026-07-02 14:16:54,729 |   -> New best val loss: 8.2551 (saved best_model.pt)
2026-07-02 14:16:56,409 |   -> New best val loss: 8.2349 (saved best_model.pt)
2026-07-02 14:16:58,021 |   -> New best val loss: 8.2195 (saved best_model.pt)
2026-07-02 14:16:59,323 |   -> New best val loss: 8.2060 (saved best_model.pt)
2026-07-02 14:17:03,390 |   -> New best val loss: 8.1961 (saved best_model.pt)
2026-07-02 14:17:04,850 | Epoch  570/1000 | kl_g0_w=1.00 kl_u_w=1.00 | train=7.7665 (recon=10.0644, kl_g0=2.3308, kl_u=2.4707, cls=0.6670) | val=8.1862 | lr=1.00e-04
2026-07-02 14:17:04,864 |   -> New best val loss: 8.1862 (saved best_model.pt)
2026-07-02 14:17:06,203 |   -> New best val loss: 8.1789 (saved best_model.pt)
2026-07-02 14:17:07,579 |   -> New best val loss: 8.1694 (saved best_model.pt)
2026-07-02 14:17:08,888 |   -> New best val loss: 8.1509 (saved best_model.pt)
2026-07-02 14:17:12,272 |   -> New best val loss: 8.1300 (saved best_model.pt)
2026-07-02 14:17:15,859 |   -> New best val loss: 8.1013 (saved best_model.pt)
2026-07-02 14:17:17,217 |   -> New best val loss: 8.0973 (saved best_model.pt)
2026-07-02 14:17:18,526 |   -> New best val loss: 8.0829 (saved best_model.pt)
2026-07-02 14:17:19,890 | Epoch  580/1000 | kl_g0_w=1.00 kl_u_w=1.00 | train=7.6651 (recon=9.9902, kl_g0=2.2129, kl_u=2.4648, cls=0.6625) | val=8.0850 | lr=1.00e-04
2026-07-02 14:17:22,081 |   -> New best val loss: 8.0602 (saved best_model.pt)
2026-07-02 14:17:23,981 |   -> New best val loss: 8.0514 (saved best_model.pt)
2026-07-02 14:17:25,771 |   -> New best val loss: 8.0318 (saved best_model.pt)
2026-07-02 14:17:27,876 |   -> New best val loss: 8.0278 (saved best_model.pt)
2026-07-02 14:17:29,157 |   -> New best val loss: 8.0167 (saved best_model.pt)
2026-07-02 14:17:30,499 |   -> New best val loss: 8.0078 (saved best_model.pt)
2026-07-02 14:17:32,339 |   -> New best val loss: 7.9955 (saved best_model.pt)
2026-07-02 14:17:34,324 |   -> New best val loss: 7.9840 (saved best_model.pt)
2026-07-02 14:17:35,876 |   -> New best val loss: 7.9659 (saved best_model.pt)
2026-07-02 14:17:37,863 | Epoch  590/1000 | kl_g0_w=1.00 kl_u_w=1.00 | train=7.5304 (recon=9.8631, kl_g0=2.0901, kl_u=2.4484, cls=0.6592) | val=7.9474 | lr=1.00e-04
2026-07-02 14:17:37,879 |   -> New best val loss: 7.9474 (saved best_model.pt)
2026-07-02 14:17:41,353 |   -> New best val loss: 7.9401 (saved best_model.pt)
2026-07-02 14:17:44,491 |   -> New best val loss: 7.9276 (saved best_model.pt)
2026-07-02 14:17:45,825 |   -> New best val loss: 7.9203 (saved best_model.pt)
2026-07-02 14:17:47,184 |   -> New best val loss: 7.9069 (saved best_model.pt)
2026-07-02 14:17:49,160 |   -> New best val loss: 7.9018 (saved best_model.pt)
2026-07-02 14:17:50,882 |   -> New best val loss: 7.8839 (saved best_model.pt)
2026-07-02 14:17:52,879 |   -> New best val loss: 7.8785 (saved best_model.pt)
2026-07-02 14:17:54,181 | Epoch  600/1000 | kl_g0_w=1.00 kl_u_w=1.00 | train=7.4383 (recon=9.7843, kl_g0=1.9842, kl_u=2.4523, cls=0.6557) | val=7.8620 | lr=1.00e-04
2026-07-02 14:17:54,197 |   -> New best val loss: 7.8620 (saved best_model.pt)
2026-07-02 14:17:55,936 |   -> New best val loss: 7.8525 (saved best_model.pt)
2026-07-02 14:17:57,299 |   -> New best val loss: 7.8331 (saved best_model.pt)
2026-07-02 14:17:59,914 |   -> New best val loss: 7.8115 (saved best_model.pt)
2026-07-02 14:18:03,027 |   -> New best val loss: 7.8050 (saved best_model.pt)
2026-07-02 14:18:04,583 |   -> New best val loss: 7.7979 (saved best_model.pt)
2026-07-02 14:18:05,915 |   -> New best val loss: 7.7848 (saved best_model.pt)
2026-07-02 14:18:07,568 |   -> New best val loss: 7.7742 (saved best_model.pt)
2026-07-02 14:18:09,089 | Epoch  610/1000 | kl_g0_w=1.00 kl_u_w=1.00 | train=7.3470 (recon=9.7081, kl_g0=1.8898, kl_u=2.4452, cls=0.6509) | val=7.7743 | lr=1.00e-04
2026-07-02 14:18:10,979 |   -> New best val loss: 7.7543 (saved best_model.pt)
2026-07-02 14:18:13,036 |   -> New best val loss: 7.7476 (saved best_model.pt)
2026-07-02 14:18:14,326 |   -> New best val loss: 7.7287 (saved best_model.pt)
2026-07-02 14:18:16,303 |   -> New best val loss: 7.7254 (saved best_model.pt)
2026-07-02 14:18:18,396 |   -> New best val loss: 7.7044 (saved best_model.pt)
2026-07-02 14:18:20,335 |   -> New best val loss: 7.6914 (saved best_model.pt)
2026-07-02 14:18:21,622 |   -> New best val loss: 7.6826 (saved best_model.pt)
2026-07-02 14:18:23,163 |   -> New best val loss: 7.6680 (saved best_model.pt)
2026-07-02 14:18:25,936 | Epoch  620/1000 | kl_g0_w=1.00 kl_u_w=1.00 | train=7.2283 (recon=9.6075, kl_g0=1.7615, kl_u=2.4435, cls=0.6440) | val=7.6588 | lr=1.00e-04
2026-07-02 14:18:25,952 |   -> New best val loss: 7.6588 (saved best_model.pt)
2026-07-02 14:18:28,217 |   -> New best val loss: 7.6493 (saved best_model.pt)
2026-07-02 14:18:29,660 |   -> New best val loss: 7.6465 (saved best_model.pt)
2026-07-02 14:18:31,576 |   -> New best val loss: 7.6269 (saved best_model.pt)
2026-07-02 14:18:33,030 |   -> New best val loss: 7.6232 (saved best_model.pt)
2026-07-02 14:18:34,314 |   -> New best val loss: 7.6104 (saved best_model.pt)
2026-07-02 14:18:35,673 |   -> New best val loss: 7.5910 (saved best_model.pt)
2026-07-02 14:18:37,830 |   -> New best val loss: 7.5845 (saved best_model.pt)
2026-07-02 14:18:41,546 |   -> New best val loss: 7.5799 (saved best_model.pt)
2026-07-02 14:18:43,012 | Epoch  630/1000 | kl_g0_w=1.00 kl_u_w=1.00 | train=7.1160 (recon=9.4870, kl_g0=1.6682, kl_u=2.4377, cls=0.6391) | val=7.5727 | lr=1.00e-04
2026-07-02 14:18:43,028 |   -> New best val loss: 7.5727 (saved best_model.pt)
2026-07-02 14:18:45,112 |   -> New best val loss: 7.5571 (saved best_model.pt)
2026-07-02 14:18:46,473 |   -> New best val loss: 7.5500 (saved best_model.pt)
2026-07-02 14:18:48,424 |   -> New best val loss: 7.5265 (saved best_model.pt)
2026-07-02 14:18:50,579 |   -> New best val loss: 7.5208 (saved best_model.pt)
2026-07-02 14:18:52,385 |   -> New best val loss: 7.5181 (saved best_model.pt)
2026-07-02 14:18:53,956 |   -> New best val loss: 7.5034 (saved best_model.pt)
2026-07-02 14:18:55,434 |   -> New best val loss: 7.4989 (saved best_model.pt)
2026-07-02 14:18:56,933 |   -> New best val loss: 7.4709 (saved best_model.pt)
2026-07-02 14:18:59,963 | Epoch  640/1000 | kl_g0_w=1.00 kl_u_w=1.00 | train=7.0135 (recon=9.3846, kl_g0=1.5823, kl_u=2.4320, cls=0.6282) | val=7.4718 | lr=1.00e-04
2026-07-02 14:19:01,955 |   -> New best val loss: 7.4623 (saved best_model.pt)
2026-07-02 14:19:03,827 |   -> New best val loss: 7.4507 (saved best_model.pt)
2026-07-02 14:19:05,752 |   -> New best val loss: 7.4378 (saved best_model.pt)
2026-07-02 14:19:07,350 |   -> New best val loss: 7.4290 (saved best_model.pt)
2026-07-02 14:19:08,988 |   -> New best val loss: 7.4282 (saved best_model.pt)
2026-07-02 14:19:10,678 |   -> New best val loss: 7.4089 (saved best_model.pt)
2026-07-02 14:19:11,996 |   -> New best val loss: 7.4027 (saved best_model.pt)
2026-07-02 14:19:14,093 |   -> New best val loss: 7.3910 (saved best_model.pt)
2026-07-02 14:19:15,891 |   -> New best val loss: 7.3803 (saved best_model.pt)
2026-07-02 14:19:17,235 | Epoch  650/1000 | kl_g0_w=1.00 kl_u_w=1.00 | train=6.8880 (recon=9.2611, kl_g0=1.4654, kl_u=2.4318, cls=0.6178) | val=7.3779 | lr=1.00e-04
2026-07-02 14:19:17,248 |   -> New best val loss: 7.3779 (saved best_model.pt)
2026-07-02 14:19:19,177 |   -> New best val loss: 7.3642 (saved best_model.pt)
2026-07-02 14:19:20,488 |   -> New best val loss: 7.3522 (saved best_model.pt)
2026-07-02 14:19:21,774 |   -> New best val loss: 7.3415 (saved best_model.pt)
2026-07-02 14:19:26,078 |   -> New best val loss: 7.3247 (saved best_model.pt)
2026-07-02 14:19:27,434 |   -> New best val loss: 7.3246 (saved best_model.pt)
2026-07-02 14:19:29,364 |   -> New best val loss: 7.3183 (saved best_model.pt)
2026-07-02 14:19:30,816 |   -> New best val loss: 7.3125 (saved best_model.pt)
2026-07-02 14:19:32,464 |   -> New best val loss: 7.2893 (saved best_model.pt)
2026-07-02 14:19:34,343 | Epoch  660/1000 | kl_g0_w=1.00 kl_u_w=1.00 | train=6.8019 (recon=9.1906, kl_g0=1.3799, kl_u=2.4284, cls=0.6049) | val=7.2737 | lr=1.00e-04
2026-07-02 14:19:34,370 |   -> New best val loss: 7.2737 (saved best_model.pt)
2026-07-02 14:19:35,862 |   -> New best val loss: 7.2711 (saved best_model.pt)
2026-07-02 14:19:37,336 |   -> New best val loss: 7.2578 (saved best_model.pt)
2026-07-02 14:19:39,268 |   -> New best val loss: 7.2542 (saved best_model.pt)
2026-07-02 14:19:41,437 |   -> New best val loss: 7.2437 (saved best_model.pt)
2026-07-02 14:19:42,695 |   -> New best val loss: 7.2417 (saved best_model.pt)
2026-07-02 14:19:44,062 |   -> New best val loss: 7.2186 (saved best_model.pt)
2026-07-02 14:19:45,874 |   -> New best val loss: 7.2172 (saved best_model.pt)
2026-07-02 14:19:47,356 |   -> New best val loss: 7.1845 (saved best_model.pt)
2026-07-02 14:19:48,702 |   -> New best val loss: 7.1834 (saved best_model.pt)
2026-07-02 14:19:50,562 | Epoch  670/1000 | kl_g0_w=1.00 kl_u_w=1.00 | train=6.7047 (recon=9.1411, kl_g0=1.2659, kl_u=2.4178, cls=0.5846) | val=7.1885 | lr=1.00e-04
2026-07-02 14:19:52,461 |   -> New best val loss: 7.1734 (saved best_model.pt)
2026-07-02 14:19:56,593 |   -> New best val loss: 7.1627 (saved best_model.pt)
2026-07-02 14:19:58,441 |   -> New best val loss: 7.1593 (saved best_model.pt)
2026-07-02 14:20:00,168 |   -> New best val loss: 7.1466 (saved best_model.pt)
2026-07-02 14:20:03,681 |   -> New best val loss: 7.1364 (saved best_model.pt)
2026-07-02 14:20:05,745 |   -> New best val loss: 7.1353 (saved best_model.pt)
2026-07-02 14:20:07,670 |   -> New best val loss: 7.1261 (saved best_model.pt)
2026-07-02 14:20:09,719 | Epoch  680/1000 | kl_g0_w=1.00 kl_u_w=1.00 | train=6.6008 (recon=9.0288, kl_g0=1.1987, kl_u=2.4151, cls=0.5590) | val=7.1045 | lr=1.00e-04
2026-07-02 14:20:09,748 |   -> New best val loss: 7.1045 (saved best_model.pt)
2026-07-02 14:20:11,582 |   -> New best val loss: 7.0952 (saved best_model.pt)
2026-07-02 14:20:14,947 |   -> New best val loss: 7.0861 (saved best_model.pt)
2026-07-02 14:20:16,577 |   -> New best val loss: 7.0744 (saved best_model.pt)
2026-07-02 14:20:18,789 |   -> New best val loss: 7.0622 (saved best_model.pt)
2026-07-02 14:20:20,123 |   -> New best val loss: 7.0505 (saved best_model.pt)
2026-07-02 14:20:21,961 |   -> New best val loss: 7.0473 (saved best_model.pt)
2026-07-02 14:20:23,404 |   -> New best val loss: 7.0324 (saved best_model.pt)
2026-07-02 14:20:24,904 |   -> New best val loss: 7.0253 (saved best_model.pt)
2026-07-02 14:20:26,927 | Epoch  690/1000 | kl_g0_w=1.00 kl_u_w=1.00 | train=6.4970 (recon=8.9563, kl_g0=1.1055, kl_u=2.4039, cls=0.5283) | val=7.0320 | lr=1.00e-04
2026-07-02 14:20:28,816 |   -> New best val loss: 7.0136 (saved best_model.pt)
2026-07-02 14:20:32,917 |   -> New best val loss: 7.0022 (saved best_model.pt)
2026-07-02 14:20:34,956 |   -> New best val loss: 6.9989 (saved best_model.pt)
2026-07-02 14:20:37,172 |   -> New best val loss: 6.9874 (saved best_model.pt)
2026-07-02 14:20:39,852 |   -> New best val loss: 6.9804 (saved best_model.pt)
2026-07-02 14:20:43,163 |   -> New best val loss: 6.9692 (saved best_model.pt)
2026-07-02 14:20:44,580 | Epoch  700/1000 | kl_g0_w=1.00 kl_u_w=1.00 | train=6.3916 (recon=8.8556, kl_g0=1.0370, kl_u=2.4070, cls=0.4836) | val=6.9660 | lr=1.00e-04
2026-07-02 14:20:44,593 |   -> New best val loss: 6.9660 (saved best_model.pt)
2026-07-02 14:20:46,163 |   -> New best val loss: 6.9539 (saved best_model.pt)
2026-07-02 14:20:47,436 |   -> New best val loss: 6.9538 (saved best_model.pt)
2026-07-02 14:20:49,505 |   -> New best val loss: 6.9430 (saved best_model.pt)
2026-07-02 14:20:51,177 |   -> New best val loss: 6.9395 (saved best_model.pt)
2026-07-02 14:20:53,235 |   -> New best val loss: 6.9153 (saved best_model.pt)
2026-07-02 14:20:56,559 |   -> New best val loss: 6.9077 (saved best_model.pt)
2026-07-02 14:20:58,139 |   -> New best val loss: 6.9051 (saved best_model.pt)
2026-07-02 14:20:59,496 |   -> New best val loss: 6.9041 (saved best_model.pt)
2026-07-02 14:21:00,796 | Epoch  710/1000 | kl_g0_w=1.00 kl_u_w=1.00 | train=6.2978 (recon=8.8203, kl_g0=0.9447, kl_u=2.4024, cls=0.4282) | val=6.9045 | lr=1.00e-04
2026-07-02 14:21:02,065 |   -> New best val loss: 6.8981 (saved best_model.pt)
2026-07-02 14:21:03,909 |   -> New best val loss: 6.8831 (saved best_model.pt)
2026-07-02 14:21:05,225 |   -> New best val loss: 6.8810 (saved best_model.pt)
2026-07-02 14:21:08,839 |   -> New best val loss: 6.8794 (saved best_model.pt)
2026-07-02 14:21:10,480 |   -> New best val loss: 6.8616 (saved best_model.pt)
2026-07-02 14:21:14,341 |   -> New best val loss: 6.8565 (saved best_model.pt)
2026-07-02 14:21:17,570 | Epoch  720/1000 | kl_g0_w=1.00 kl_u_w=1.00 | train=6.2112 (recon=8.7504, kl_g0=0.8897, kl_u=2.4054, cls=0.3770) | val=6.8463 | lr=1.00e-04
2026-07-02 14:21:17,598 |   -> New best val loss: 6.8463 (saved best_model.pt)
2026-07-02 14:21:19,453 |   -> New best val loss: 6.8458 (saved best_model.pt)
2026-07-02 14:21:21,339 |   -> New best val loss: 6.8330 (saved best_model.pt)
2026-07-02 14:21:27,081 |   -> New best val loss: 6.8312 (saved best_model.pt)
2026-07-02 14:21:30,407 |   -> New best val loss: 6.8306 (saved best_model.pt)
2026-07-02 14:21:34,464 |   -> New best val loss: 6.8227 (saved best_model.pt)
2026-07-02 14:21:36,308 | Epoch  730/1000 | kl_g0_w=1.00 kl_u_w=1.00 | train=6.1136 (recon=8.6992, kl_g0=0.8274, kl_u=2.3852, cls=0.3154) | val=6.8343 | lr=1.00e-04
2026-07-02 14:21:43,676 |   -> New best val loss: 6.8202 (saved best_model.pt)
2026-07-02 14:21:46,903 |   -> New best val loss: 6.8149 (saved best_model.pt)
2026-07-02 14:21:54,627 | Epoch  740/1000 | kl_g0_w=1.00 kl_u_w=1.00 | train=6.0521 (recon=8.6221, kl_g0=0.7770, kl_u=2.3994, cls=0.3057) | val=6.8324 | lr=1.00e-04
2026-07-02 14:21:59,347 |   -> New best val loss: 6.8128 (saved best_model.pt)
2026-07-02 14:22:02,185 |   -> New best val loss: 6.8123 (saved best_model.pt)
2026-07-02 14:22:11,033 | Epoch  750/1000 | kl_g0_w=1.00 kl_u_w=1.00 | train=5.9404 (recon=8.5745, kl_g0=0.7183, kl_u=2.3831, cls=0.2049) | val=6.8313 | lr=1.00e-04
2026-07-02 14:22:28,462 | Epoch  760/1000 | kl_g0_w=1.00 kl_u_w=1.00 | train=5.8644 (recon=8.5103, kl_g0=0.6674, kl_u=2.3858, cls=0.1654) | val=6.8393 | lr=5.00e-05
2026-07-02 14:22:45,731 | Epoch  770/1000 | kl_g0_w=1.00 kl_u_w=1.00 | train=5.7890 (recon=8.4152, kl_g0=0.6436, kl_u=2.3835, cls=0.1356) | val=6.8382 | lr=5.00e-05
2026-07-02 14:22:56,532 | Early stopping at epoch 775 -- no improvement for 30 epochs.
2026-07-02 14:22:56,558 | Final model saved to /home/nadegeo/LIFUS-BRICK/results/training/train_20260702_140038/final_model.pt
2026-07-02 14:22:56,558 | Best val loss: 6.8123
2026-07-02 14:22:56,558 | Training complete.
