2026-07-03 16:29:55,893 | ============================================================
2026-07-03 16:29:55,893 | BRICK Training -- train_20260703_162955
2026-07-03 16:29:55,893 | N_ROIS=24, M=96, H=4, T=240
2026-07-03 16:29:55,893 | Epochs=1000, LR=0.0001, WD=0.05, LAMBDA_NOISE=0.01, BATCH_SIZE=12
2026-07-03 16:29:55,893 | Patience=30, use_control=True, use_ic=True
2026-07-03 16:29:55,893 | KL annealing: g0 over 0 epochs, u delayed 0 then over 0 epochs
2026-07-03 16:29:55,893 | ============================================================
2026-07-03 16:29:55,893 | Loading dataset...
2026-07-03 16:29:56,011 | Split: 52 train | 4 val | 20 test items
2026-07-03 16:29:56,031 | Model parameters: 554,702
2026-07-03 16:29:56,444 | Starting training...
2026-07-03 16:29:58,735 | Epoch    1/1000 | kl_g0_w=1.00 kl_u_w=1.00 | cost_ratio(u/g0)=0.0042 | train=3252.1143 (recon=3251.2790, kl_g0=0.0215, kl_u=0.8138, cls=0.7013) | val=317.0313 | lr=1.00e-04
2026-07-03 16:29:58,760 |   -> New best val loss: 317.0313 (saved best_model.pt)
2026-07-03 16:30:00,170 |   -> New best val loss: 252.1197 (saved best_model.pt)
2026-07-03 16:30:02,042 |   -> New best val loss: 219.4941 (saved best_model.pt)
2026-07-03 16:30:04,379 |   -> New best val loss: 196.9515 (saved best_model.pt)
2026-07-03 16:30:05,954 |   -> New best val loss: 184.4029 (saved best_model.pt)
2026-07-03 16:30:07,883 |   -> New best val loss: 169.5467 (saved best_model.pt)
2026-07-03 16:30:10,345 |   -> New best val loss: 160.4007 (saved best_model.pt)
2026-07-03 16:30:12,130 |   -> New best val loss: 151.1208 (saved best_model.pt)
2026-07-03 16:30:13,914 |   -> New best val loss: 145.6653 (saved best_model.pt)
2026-07-03 16:30:15,613 | Epoch   10/1000 | kl_g0_w=1.00 kl_u_w=1.00 | cost_ratio(u/g0)=0.0042 | train=273.1060 (recon=271.6311, kl_g0=0.0211, kl_u=1.4537, cls=0.6983) | val=142.5213 | lr=1.00e-04
2026-07-03 16:30:15,633 |   -> New best val loss: 142.5213 (saved best_model.pt)
2026-07-03 16:30:17,323 |   -> New best val loss: 132.9807 (saved best_model.pt)
2026-07-03 16:30:19,502 |   -> New best val loss: 128.6751 (saved best_model.pt)
2026-07-03 16:30:21,993 |   -> New best val loss: 124.5012 (saved best_model.pt)
2026-07-03 16:30:23,576 |   -> New best val loss: 117.9833 (saved best_model.pt)
2026-07-03 16:30:25,277 |   -> New best val loss: 114.3185 (saved best_model.pt)
2026-07-03 16:30:26,817 |   -> New best val loss: 110.4721 (saved best_model.pt)
2026-07-03 16:30:28,413 |   -> New best val loss: 106.6225 (saved best_model.pt)
2026-07-03 16:30:30,294 |   -> New best val loss: 102.7097 (saved best_model.pt)
2026-07-03 16:30:32,230 |   -> New best val loss: 100.7653 (saved best_model.pt)
2026-07-03 16:30:34,754 | Epoch   20/1000 | kl_g0_w=1.00 kl_u_w=1.00 | cost_ratio(u/g0)=0.0042 | train=165.3988 (recon=162.4651, kl_g0=0.0210, kl_u=2.9127, cls=0.6978) | val=97.3330 | lr=1.00e-04
2026-07-03 16:30:34,782 |   -> New best val loss: 97.3330 (saved best_model.pt)
2026-07-03 16:30:37,295 |   -> New best val loss: 95.1168 (saved best_model.pt)
2026-07-03 16:30:39,019 |   -> New best val loss: 92.3077 (saved best_model.pt)
2026-07-03 16:30:41,254 |   -> New best val loss: 90.6714 (saved best_model.pt)
2026-07-03 16:30:43,814 |   -> New best val loss: 87.3881 (saved best_model.pt)
2026-07-03 16:30:46,226 |   -> New best val loss: 86.0988 (saved best_model.pt)
2026-07-03 16:30:48,609 |   -> New best val loss: 83.4387 (saved best_model.pt)
2026-07-03 16:30:50,497 |   -> New best val loss: 82.4975 (saved best_model.pt)
2026-07-03 16:30:52,729 |   -> New best val loss: 80.6302 (saved best_model.pt)
2026-07-03 16:30:54,550 |   -> New best val loss: 78.9743 (saved best_model.pt)
2026-07-03 16:30:56,452 | Epoch   30/1000 | kl_g0_w=1.00 kl_u_w=1.00 | cost_ratio(u/g0)=0.0042 | train=127.2126 (recon=123.2465, kl_g0=0.0213, kl_u=3.9448, cls=0.6951) | val=76.9913 | lr=1.00e-04
2026-07-03 16:30:56,479 |   -> New best val loss: 76.9913 (saved best_model.pt)
2026-07-03 16:30:58,439 |   -> New best val loss: 75.7581 (saved best_model.pt)
2026-07-03 16:31:00,940 |   -> New best val loss: 74.4869 (saved best_model.pt)
2026-07-03 16:31:02,709 |   -> New best val loss: 73.1492 (saved best_model.pt)
2026-07-03 16:31:04,523 |   -> New best val loss: 71.9302 (saved best_model.pt)
2026-07-03 16:31:06,703 |   -> New best val loss: 70.9967 (saved best_model.pt)
2026-07-03 16:31:08,209 |   -> New best val loss: 70.4323 (saved best_model.pt)
2026-07-03 16:31:09,934 |   -> New best val loss: 68.7467 (saved best_model.pt)
2026-07-03 16:31:12,290 |   -> New best val loss: 68.7078 (saved best_model.pt)
2026-07-03 16:31:13,791 |   -> New best val loss: 67.4157 (saved best_model.pt)
2026-07-03 16:31:15,365 | Epoch   40/1000 | kl_g0_w=1.00 kl_u_w=1.00 | cost_ratio(u/g0)=0.0042 | train=106.8424 (recon=102.4823, kl_g0=0.0217, kl_u=4.3384, cls=0.6975) | val=65.6379 | lr=1.00e-04
2026-07-03 16:31:15,383 |   -> New best val loss: 65.6379 (saved best_model.pt)
2026-07-03 16:31:17,003 |   -> New best val loss: 65.5374 (saved best_model.pt)
2026-07-03 16:31:18,590 |   -> New best val loss: 64.7385 (saved best_model.pt)
2026-07-03 16:31:20,750 |   -> New best val loss: 63.8875 (saved best_model.pt)
2026-07-03 16:31:22,614 |   -> New best val loss: 62.8704 (saved best_model.pt)
2026-07-03 16:31:24,156 |   -> New best val loss: 61.9385 (saved best_model.pt)
2026-07-03 16:31:26,092 |   -> New best val loss: 61.4886 (saved best_model.pt)
2026-07-03 16:31:27,918 |   -> New best val loss: 60.6620 (saved best_model.pt)
2026-07-03 16:31:29,644 |   -> New best val loss: 60.0686 (saved best_model.pt)
2026-07-03 16:31:31,571 |   -> New best val loss: 59.7448 (saved best_model.pt)
2026-07-03 16:31:33,587 | Epoch   50/1000 | kl_g0_w=1.00 kl_u_w=1.00 | cost_ratio(u/g0)=0.0042 | train=90.4787 (recon=86.0337, kl_g0=0.0222, kl_u=4.4228, cls=0.6982) | val=58.9834 | lr=1.00e-04
2026-07-03 16:31:33,613 |   -> New best val loss: 58.9834 (saved best_model.pt)
2026-07-03 16:31:35,795 |   -> New best val loss: 58.7473 (saved best_model.pt)
2026-07-03 16:31:37,492 |   -> New best val loss: 57.3496 (saved best_model.pt)
2026-07-03 16:31:40,578 |   -> New best val loss: 56.5829 (saved best_model.pt)
2026-07-03 16:31:42,509 |   -> New best val loss: 55.4813 (saved best_model.pt)
2026-07-03 16:31:47,580 |   -> New best val loss: 54.1482 (saved best_model.pt)
2026-07-03 16:31:52,110 |   -> New best val loss: 53.9578 (saved best_model.pt)
2026-07-03 16:31:53,669 | Epoch   60/1000 | kl_g0_w=1.00 kl_u_w=1.00 | cost_ratio(u/g0)=0.0042 | train=79.5858 (recon=75.2004, kl_g0=0.0226, kl_u=4.3628, cls=0.6955) | val=53.4687 | lr=1.00e-04
2026-07-03 16:31:53,694 |   -> New best val loss: 53.4687 (saved best_model.pt)
2026-07-03 16:31:55,354 |   -> New best val loss: 52.6736 (saved best_model.pt)
2026-07-03 16:31:57,273 |   -> New best val loss: 52.4411 (saved best_model.pt)
2026-07-03 16:31:59,148 |   -> New best val loss: 52.2069 (saved best_model.pt)
2026-07-03 16:32:00,833 |   -> New best val loss: 51.1947 (saved best_model.pt)
2026-07-03 16:32:03,065 |   -> New best val loss: 50.8501 (saved best_model.pt)
2026-07-03 16:32:05,607 |   -> New best val loss: 50.6156 (saved best_model.pt)
2026-07-03 16:32:07,699 |   -> New best val loss: 50.0348 (saved best_model.pt)
2026-07-03 16:32:09,222 |   -> New best val loss: 49.8683 (saved best_model.pt)
2026-07-03 16:32:10,781 |   -> New best val loss: 49.0823 (saved best_model.pt)
2026-07-03 16:32:12,450 | Epoch   70/1000 | kl_g0_w=1.00 kl_u_w=1.00 | cost_ratio(u/g0)=0.0042 | train=69.5523 (recon=65.2607, kl_g0=0.0230, kl_u=4.2686, cls=0.6958) | val=48.8358 | lr=1.00e-04
2026-07-03 16:32:12,478 |   -> New best val loss: 48.8358 (saved best_model.pt)
2026-07-03 16:32:15,003 |   -> New best val loss: 48.6106 (saved best_model.pt)
2026-07-03 16:32:18,303 |   -> New best val loss: 47.8606 (saved best_model.pt)
2026-07-03 16:32:20,385 |   -> New best val loss: 47.6657 (saved best_model.pt)
2026-07-03 16:32:22,489 |   -> New best val loss: 47.2195 (saved best_model.pt)
2026-07-03 16:32:25,038 |   -> New best val loss: 46.5146 (saved best_model.pt)
2026-07-03 16:32:28,116 |   -> New best val loss: 45.7189 (saved best_model.pt)
2026-07-03 16:32:33,008 | Epoch   80/1000 | kl_g0_w=1.00 kl_u_w=1.00 | cost_ratio(u/g0)=0.0042 | train=62.9803 (recon=58.7346, kl_g0=0.0235, kl_u=4.2222, cls=0.6958) | val=44.8491 | lr=1.00e-04
2026-07-03 16:32:33,034 |   -> New best val loss: 44.8491 (saved best_model.pt)
2026-07-03 16:32:35,152 |   -> New best val loss: 44.7494 (saved best_model.pt)
2026-07-03 16:32:36,898 |   -> New best val loss: 44.5791 (saved best_model.pt)
2026-07-03 16:32:38,598 |   -> New best val loss: 43.8803 (saved best_model.pt)
2026-07-03 16:32:42,253 |   -> New best val loss: 43.8586 (saved best_model.pt)
2026-07-03 16:32:44,481 |   -> New best val loss: 43.4834 (saved best_model.pt)
2026-07-03 16:32:47,216 |   -> New best val loss: 43.2245 (saved best_model.pt)
2026-07-03 16:32:48,992 |   -> New best val loss: 42.6889 (saved best_model.pt)
2026-07-03 16:32:51,460 |   -> New best val loss: 42.5407 (saved best_model.pt)
2026-07-03 16:32:53,015 | Epoch   90/1000 | kl_g0_w=1.00 kl_u_w=1.00 | cost_ratio(u/g0)=0.0042 | train=57.1478 (recon=53.0866, kl_g0=0.0240, kl_u=4.0373, cls=0.6956) | val=42.5022 | lr=1.00e-04
2026-07-03 16:32:53,033 |   -> New best val loss: 42.5022 (saved best_model.pt)
2026-07-03 16:32:57,685 |   -> New best val loss: 41.2105 (saved best_model.pt)
2026-07-03 16:33:02,724 |   -> New best val loss: 41.0069 (saved best_model.pt)
2026-07-03 16:33:06,807 |   -> New best val loss: 40.8410 (saved best_model.pt)
2026-07-03 16:33:08,583 |   -> New best val loss: 40.6609 (saved best_model.pt)
2026-07-03 16:33:10,211 |   -> New best val loss: 40.0111 (saved best_model.pt)
2026-07-03 16:33:13,318 | Epoch  100/1000 | kl_g0_w=1.00 kl_u_w=1.00 | cost_ratio(u/g0)=0.0042 | train=52.3254 (recon=48.3634, kl_g0=0.0244, kl_u=3.9376, cls=0.6957) | val=40.0370 | lr=1.00e-04
2026-07-03 16:33:15,081 |   -> New best val loss: 39.5387 (saved best_model.pt)
2026-07-03 16:33:17,520 |   -> New best val loss: 39.5017 (saved best_model.pt)
2026-07-03 16:33:19,592 |   -> New best val loss: 39.3738 (saved best_model.pt)
2026-07-03 16:33:21,286 |   -> New best val loss: 38.5011 (saved best_model.pt)
2026-07-03 16:33:24,531 |   -> New best val loss: 38.1909 (saved best_model.pt)
2026-07-03 16:33:26,414 |   -> New best val loss: 38.1526 (saved best_model.pt)
2026-07-03 16:33:28,466 |   -> New best val loss: 38.0691 (saved best_model.pt)
2026-07-03 16:33:30,015 |   -> New best val loss: 37.7217 (saved best_model.pt)
2026-07-03 16:33:31,866 | Epoch  110/1000 | kl_g0_w=1.00 kl_u_w=1.00 | cost_ratio(u/g0)=0.0042 | train=48.3050 (recon=44.4738, kl_g0=0.0248, kl_u=3.8065, cls=0.6948) | val=37.3735 | lr=1.00e-04
2026-07-03 16:33:31,885 |   -> New best val loss: 37.3735 (saved best_model.pt)
2026-07-03 16:33:33,386 |   -> New best val loss: 36.9599 (saved best_model.pt)
2026-07-03 16:33:38,180 |   -> New best val loss: 36.8037 (saved best_model.pt)
2026-07-03 16:33:40,065 |   -> New best val loss: 36.7085 (saved best_model.pt)
2026-07-03 16:33:41,952 |   -> New best val loss: 36.4192 (saved best_model.pt)
2026-07-03 16:33:45,137 |   -> New best val loss: 36.2304 (saved best_model.pt)
2026-07-03 16:33:49,185 |   -> New best val loss: 35.9047 (saved best_model.pt)
2026-07-03 16:33:50,679 | Epoch  120/1000 | kl_g0_w=1.00 kl_u_w=1.00 | cost_ratio(u/g0)=0.0042 | train=44.3722 (recon=40.5600, kl_g0=0.0251, kl_u=3.7870, cls=0.6950) | val=35.6214 | lr=1.00e-04
2026-07-03 16:33:50,697 |   -> New best val loss: 35.6214 (saved best_model.pt)
2026-07-03 16:33:53,896 |   -> New best val loss: 35.3081 (saved best_model.pt)
2026-07-03 16:33:55,540 |   -> New best val loss: 35.2599 (saved best_model.pt)
2026-07-03 16:33:59,802 |   -> New best val loss: 35.0424 (saved best_model.pt)
2026-07-03 16:34:01,674 |   -> New best val loss: 34.5191 (saved best_model.pt)
2026-07-03 16:34:03,275 |   -> New best val loss: 34.4760 (saved best_model.pt)
2026-07-03 16:34:05,648 |   -> New best val loss: 34.1178 (saved best_model.pt)
2026-07-03 16:34:10,500 | Epoch  130/1000 | kl_g0_w=1.00 kl_u_w=1.00 | cost_ratio(u/g0)=0.0042 | train=40.9016 (recon=37.1855, kl_g0=0.0255, kl_u=3.6905, cls=0.6928) | val=33.9063 | lr=1.00e-04
2026-07-03 16:34:10,528 |   -> New best val loss: 33.9063 (saved best_model.pt)
2026-07-03 16:34:12,559 |   -> New best val loss: 33.6361 (saved best_model.pt)
2026-07-03 16:34:15,973 |   -> New best val loss: 33.4565 (saved best_model.pt)
2026-07-03 16:34:17,782 |   -> New best val loss: 33.3167 (saved best_model.pt)
2026-07-03 16:34:19,328 |   -> New best val loss: 33.2111 (saved best_model.pt)
2026-07-03 16:34:21,266 |   -> New best val loss: 32.9931 (saved best_model.pt)
2026-07-03 16:34:23,578 |   -> New best val loss: 32.9385 (saved best_model.pt)
2026-07-03 16:34:26,224 |   -> New best val loss: 32.7366 (saved best_model.pt)
2026-07-03 16:34:28,494 |   -> New best val loss: 32.4313 (saved best_model.pt)
2026-07-03 16:34:30,974 | Epoch  140/1000 | kl_g0_w=1.00 kl_u_w=1.00 | cost_ratio(u/g0)=0.0042 | train=38.9536 (recon=35.3499, kl_g0=0.0259, kl_u=3.5778, cls=0.6955) | val=32.4944 | lr=1.00e-04
2026-07-03 16:34:33,127 |   -> New best val loss: 32.3032 (saved best_model.pt)
2026-07-03 16:34:35,090 |   -> New best val loss: 31.8417 (saved best_model.pt)
2026-07-03 16:34:38,710 |   -> New best val loss: 31.6788 (saved best_model.pt)
2026-07-03 16:34:43,259 |   -> New best val loss: 31.4840 (saved best_model.pt)
2026-07-03 16:34:45,297 |   -> New best val loss: 31.2544 (saved best_model.pt)
2026-07-03 16:34:49,145 |   -> New best val loss: 30.9050 (saved best_model.pt)
2026-07-03 16:34:51,188 | Epoch  150/1000 | kl_g0_w=1.00 kl_u_w=1.00 | cost_ratio(u/g0)=0.0042 | train=36.0482 (recon=32.5003, kl_g0=0.0263, kl_u=3.5217, cls=0.6943) | val=30.7699 | lr=1.00e-04
2026-07-03 16:34:51,204 |   -> New best val loss: 30.7699 (saved best_model.pt)
2026-07-03 16:34:55,788 |   -> New best val loss: 30.5545 (saved best_model.pt)
2026-07-03 16:34:57,742 |   -> New best val loss: 30.3643 (saved best_model.pt)
2026-07-03 16:35:02,726 |   -> New best val loss: 30.3131 (saved best_model.pt)
2026-07-03 16:35:05,111 |   -> New best val loss: 30.0719 (saved best_model.pt)
2026-07-03 16:35:09,413 |   -> New best val loss: 29.7790 (saved best_model.pt)
2026-07-03 16:35:13,264 | Epoch  160/1000 | kl_g0_w=1.00 kl_u_w=1.00 | cost_ratio(u/g0)=0.0042 | train=34.2277 (recon=30.7652, kl_g0=0.0266, kl_u=3.4358, cls=0.6959) | val=29.6178 | lr=1.00e-04
2026-07-03 16:35:13,283 |   -> New best val loss: 29.6178 (saved best_model.pt)
2026-07-03 16:35:15,353 |   -> New best val loss: 29.4890 (saved best_model.pt)
2026-07-03 16:35:19,300 |   -> New best val loss: 29.3909 (saved best_model.pt)
2026-07-03 16:35:21,879 |   -> New best val loss: 28.9375 (saved best_model.pt)
2026-07-03 16:35:29,480 |   -> New best val loss: 28.8315 (saved best_model.pt)
2026-07-03 16:35:34,160 |   -> New best val loss: 28.5637 (saved best_model.pt)
2026-07-03 16:35:36,497 | Epoch  170/1000 | kl_g0_w=1.00 kl_u_w=1.00 | cost_ratio(u/g0)=0.0042 | train=32.3461 (recon=28.8584, kl_g0=0.0269, kl_u=3.4608, cls=0.6951) | val=28.7998 | lr=1.00e-04
2026-07-03 16:35:38,006 |   -> New best val loss: 28.5441 (saved best_model.pt)
2026-07-03 16:35:39,664 |   -> New best val loss: 28.2406 (saved best_model.pt)
2026-07-03 16:35:41,681 |   -> New best val loss: 28.0494 (saved best_model.pt)
2026-07-03 16:35:45,061 |   -> New best val loss: 27.8181 (saved best_model.pt)
2026-07-03 16:35:46,765 |   -> New best val loss: 27.7589 (saved best_model.pt)
2026-07-03 16:35:48,806 |   -> New best val loss: 27.7462 (saved best_model.pt)
2026-07-03 16:35:51,247 |   -> New best val loss: 27.5982 (saved best_model.pt)
2026-07-03 16:35:53,659 |   -> New best val loss: 27.3755 (saved best_model.pt)
2026-07-03 16:35:56,186 | Epoch  180/1000 | kl_g0_w=1.00 kl_u_w=1.00 | cost_ratio(u/g0)=0.0042 | train=30.7097 (recon=27.3536, kl_g0=0.0272, kl_u=3.3289, cls=0.6967) | val=27.5917 | lr=1.00e-04
2026-07-03 16:35:58,241 |   -> New best val loss: 27.3670 (saved best_model.pt)
2026-07-03 16:36:00,542 |   -> New best val loss: 26.9594 (saved best_model.pt)
2026-07-03 16:36:04,576 |   -> New best val loss: 26.8372 (saved best_model.pt)
2026-07-03 16:36:06,275 |   -> New best val loss: 26.7768 (saved best_model.pt)
2026-07-03 16:36:08,669 |   -> New best val loss: 26.5618 (saved best_model.pt)
2026-07-03 16:36:13,179 |   -> New best val loss: 26.4680 (saved best_model.pt)
2026-07-03 16:36:15,751 |   -> New best val loss: 26.3134 (saved best_model.pt)
2026-07-03 16:36:17,307 | Epoch  190/1000 | kl_g0_w=1.00 kl_u_w=1.00 | cost_ratio(u/g0)=0.0042 | train=28.8491 (recon=25.5540, kl_g0=0.0275, kl_u=3.2676, cls=0.6952) | val=26.2837 | lr=1.00e-04
2026-07-03 16:36:17,323 |   -> New best val loss: 26.2837 (saved best_model.pt)
2026-07-03 16:36:20,972 |   -> New best val loss: 26.0486 (saved best_model.pt)
2026-07-03 16:36:24,560 |   -> New best val loss: 25.9383 (saved best_model.pt)
2026-07-03 16:36:26,567 |   -> New best val loss: 25.8191 (saved best_model.pt)
2026-07-03 16:36:28,398 |   -> New best val loss: 25.5879 (saved best_model.pt)
2026-07-03 16:36:35,372 |   -> New best val loss: 25.2944 (saved best_model.pt)
2026-07-03 16:36:37,186 | Epoch  200/1000 | kl_g0_w=1.00 kl_u_w=1.00 | cost_ratio(u/g0)=0.0042 | train=27.5455 (recon=24.2907, kl_g0=0.0278, kl_u=3.2270, cls=0.6941) | val=25.3261 | lr=1.00e-04
2026-07-03 16:36:39,732 |   -> New best val loss: 25.1273 (saved best_model.pt)
2026-07-03 16:36:41,234 |   -> New best val loss: 25.0647 (saved best_model.pt)
2026-07-03 16:36:45,558 |   -> New best val loss: 24.9924 (saved best_model.pt)
2026-07-03 16:36:47,210 |   -> New best val loss: 24.8545 (saved best_model.pt)
2026-07-03 16:36:48,813 |   -> New best val loss: 24.6478 (saved best_model.pt)
2026-07-03 16:36:50,993 |   -> New best val loss: 24.6067 (saved best_model.pt)
2026-07-03 16:36:53,339 |   -> New best val loss: 24.5898 (saved best_model.pt)
2026-07-03 16:36:55,355 |   -> New best val loss: 24.5182 (saved best_model.pt)
2026-07-03 16:36:57,065 | Epoch  210/1000 | kl_g0_w=1.00 kl_u_w=1.00 | cost_ratio(u/g0)=0.0042 | train=26.1028 (recon=22.9197, kl_g0=0.0281, kl_u=3.1550, cls=0.6944) | val=24.2871 | lr=1.00e-04
2026-07-03 16:36:57,091 |   -> New best val loss: 24.2871 (saved best_model.pt)
2026-07-03 16:37:01,011 |   -> New best val loss: 24.1592 (saved best_model.pt)
2026-07-03 16:37:07,272 |   -> New best val loss: 24.0050 (saved best_model.pt)
2026-07-03 16:37:09,272 |   -> New best val loss: 23.9060 (saved best_model.pt)
2026-07-03 16:37:11,545 |   -> New best val loss: 23.7848 (saved best_model.pt)
2026-07-03 16:37:13,421 |   -> New best val loss: 23.6452 (saved best_model.pt)
2026-07-03 16:37:15,694 |   -> New best val loss: 23.5880 (saved best_model.pt)
2026-07-03 16:37:17,692 | Epoch  220/1000 | kl_g0_w=1.00 kl_u_w=1.00 | cost_ratio(u/g0)=0.0042 | train=24.9361 (recon=21.7863, kl_g0=0.0284, kl_u=3.1214, cls=0.6974) | val=23.4513 | lr=1.00e-04
2026-07-03 16:37:17,710 |   -> New best val loss: 23.4513 (saved best_model.pt)
2026-07-03 16:37:19,227 |   -> New best val loss: 23.4121 (saved best_model.pt)
2026-07-03 16:37:20,970 |   -> New best val loss: 23.3622 (saved best_model.pt)
2026-07-03 16:37:22,527 |   -> New best val loss: 23.2135 (saved best_model.pt)
2026-07-03 16:37:24,567 |   -> New best val loss: 23.1376 (saved best_model.pt)
2026-07-03 16:37:26,506 |   -> New best val loss: 22.9995 (saved best_model.pt)
2026-07-03 16:37:28,478 |   -> New best val loss: 22.9685 (saved best_model.pt)
2026-07-03 16:37:29,969 |   -> New best val loss: 22.8522 (saved best_model.pt)
2026-07-03 16:37:31,470 |   -> New best val loss: 22.8078 (saved best_model.pt)
2026-07-03 16:37:33,164 |   -> New best val loss: 22.7863 (saved best_model.pt)
2026-07-03 16:37:35,725 | Epoch  230/1000 | kl_g0_w=1.00 kl_u_w=1.00 | cost_ratio(u/g0)=0.0042 | train=23.8736 (recon=20.7817, kl_g0=0.0286, kl_u=3.0632, cls=0.6966) | val=22.6240 | lr=1.00e-04
2026-07-03 16:37:35,754 |   -> New best val loss: 22.6240 (saved best_model.pt)
2026-07-03 16:37:40,760 |   -> New best val loss: 22.5300 (saved best_model.pt)
2026-07-03 16:37:42,686 |   -> New best val loss: 22.4651 (saved best_model.pt)
2026-07-03 16:37:46,704 |   -> New best val loss: 22.3602 (saved best_model.pt)
2026-07-03 16:37:48,781 |   -> New best val loss: 22.1499 (saved best_model.pt)
2026-07-03 16:37:50,634 |   -> New best val loss: 22.0687 (saved best_model.pt)
2026-07-03 16:37:52,320 |   -> New best val loss: 22.0510 (saved best_model.pt)
2026-07-03 16:37:56,396 | Epoch  240/1000 | kl_g0_w=1.00 kl_u_w=1.00 | cost_ratio(u/g0)=0.0042 | train=22.9134 (recon=19.8367, kl_g0=0.0288, kl_u=3.0479, cls=0.6969) | val=21.8423 | lr=1.00e-04
2026-07-03 16:37:56,424 |   -> New best val loss: 21.8423 (saved best_model.pt)
2026-07-03 16:37:58,095 |   -> New best val loss: 21.6718 (saved best_model.pt)
2026-07-03 16:38:03,346 |   -> New best val loss: 21.4951 (saved best_model.pt)
2026-07-03 16:38:07,695 |   -> New best val loss: 21.4384 (saved best_model.pt)
2026-07-03 16:38:09,705 |   -> New best val loss: 21.3629 (saved best_model.pt)
2026-07-03 16:38:14,156 |   -> New best val loss: 21.2351 (saved best_model.pt)
2026-07-03 16:38:15,675 | Epoch  250/1000 | kl_g0_w=1.00 kl_u_w=1.00 | cost_ratio(u/g0)=0.0042 | train=21.6417 (recon=18.6130, kl_g0=0.0291, kl_u=2.9996, cls=0.6963) | val=21.1153 | lr=1.00e-04
2026-07-03 16:38:15,693 |   -> New best val loss: 21.1153 (saved best_model.pt)
2026-07-03 16:38:22,516 |   -> New best val loss: 20.7730 (saved best_model.pt)
2026-07-03 16:38:26,803 |   -> New best val loss: 20.6959 (saved best_model.pt)
2026-07-03 16:38:31,025 |   -> New best val loss: 20.5525 (saved best_model.pt)
2026-07-03 16:38:35,642 | Epoch  260/1000 | kl_g0_w=1.00 kl_u_w=1.00 | cost_ratio(u/g0)=0.0042 | train=21.0485 (recon=18.0356, kl_g0=0.0293, kl_u=2.9836, cls=0.6977) | val=20.4015 | lr=1.00e-04
2026-07-03 16:38:35,657 |   -> New best val loss: 20.4015 (saved best_model.pt)
2026-07-03 16:38:42,832 |   -> New best val loss: 20.3226 (saved best_model.pt)
2026-07-03 16:38:44,778 |   -> New best val loss: 20.2435 (saved best_model.pt)
2026-07-03 16:38:46,785 |   -> New best val loss: 20.1524 (saved best_model.pt)
2026-07-03 16:38:48,907 |   -> New best val loss: 20.0296 (saved best_model.pt)
2026-07-03 16:38:53,445 |   -> New best val loss: 19.9822 (saved best_model.pt)
2026-07-03 16:38:55,634 |   -> New best val loss: 19.8118 (saved best_model.pt)
2026-07-03 16:38:57,280 | Epoch  270/1000 | kl_g0_w=1.00 kl_u_w=1.00 | cost_ratio(u/g0)=0.0042 | train=20.2153 (recon=17.2480, kl_g0=0.0295, kl_u=2.9377, cls=0.6987) | val=19.9651 | lr=1.00e-04
2026-07-03 16:38:59,027 |   -> New best val loss: 19.7420 (saved best_model.pt)
2026-07-03 16:39:06,357 |   -> New best val loss: 19.4997 (saved best_model.pt)
2026-07-03 16:39:08,398 |   -> New best val loss: 19.4950 (saved best_model.pt)
2026-07-03 16:39:12,547 |   -> New best val loss: 19.2739 (saved best_model.pt)
2026-07-03 16:39:19,319 | Epoch  280/1000 | kl_g0_w=1.00 kl_u_w=1.00 | cost_ratio(u/g0)=0.0042 | train=19.4281 (recon=16.4685, kl_g0=0.0297, kl_u=2.9299, cls=0.6987) | val=19.3343 | lr=1.00e-04
2026-07-03 16:39:21,056 |   -> New best val loss: 19.2099 (saved best_model.pt)
2026-07-03 16:39:22,672 |   -> New best val loss: 19.1025 (saved best_model.pt)
2026-07-03 16:39:24,386 |   -> New best val loss: 18.9724 (saved best_model.pt)
2026-07-03 16:39:25,920 |   -> New best val loss: 18.9496 (saved best_model.pt)
2026-07-03 16:39:28,270 |   -> New best val loss: 18.9491 (saved best_model.pt)
2026-07-03 16:39:30,689 |   -> New best val loss: 18.9081 (saved best_model.pt)
2026-07-03 16:39:32,721 |   -> New best val loss: 18.8378 (saved best_model.pt)
2026-07-03 16:39:34,875 |   -> New best val loss: 18.7831 (saved best_model.pt)
2026-07-03 16:39:36,908 |   -> New best val loss: 18.6871 (saved best_model.pt)
2026-07-03 16:39:39,289 | Epoch  290/1000 | kl_g0_w=1.00 kl_u_w=1.00 | cost_ratio(u/g0)=0.0042 | train=18.7392 (recon=15.8171, kl_g0=0.0299, kl_u=2.8922, cls=0.6974) | val=18.7379 | lr=1.00e-04
2026-07-03 16:39:41,263 |   -> New best val loss: 18.5463 (saved best_model.pt)
2026-07-03 16:39:43,459 |   -> New best val loss: 18.4540 (saved best_model.pt)
2026-07-03 16:39:45,328 |   -> New best val loss: 18.4174 (saved best_model.pt)
2026-07-03 16:39:48,289 |   -> New best val loss: 18.3431 (saved best_model.pt)
2026-07-03 16:39:52,300 |   -> New best val loss: 18.1089 (saved best_model.pt)
2026-07-03 16:39:58,605 | Epoch  300/1000 | kl_g0_w=1.00 kl_u_w=1.00 | cost_ratio(u/g0)=0.0042 | train=18.0404 (recon=15.1409, kl_g0=0.0301, kl_u=2.8694, cls=0.6996) | val=18.2276 | lr=1.00e-04
2026-07-03 16:40:00,566 |   -> New best val loss: 17.9695 (saved best_model.pt)
2026-07-03 16:40:02,537 |   -> New best val loss: 17.9116 (saved best_model.pt)
2026-07-03 16:40:06,495 |   -> New best val loss: 17.8688 (saved best_model.pt)
2026-07-03 16:40:09,026 |   -> New best val loss: 17.7230 (saved best_model.pt)
2026-07-03 16:40:16,143 |   -> New best val loss: 17.6150 (saved best_model.pt)
2026-07-03 16:40:18,717 |   -> New best val loss: 17.5983 (saved best_model.pt)
2026-07-03 16:40:20,586 | Epoch  310/1000 | kl_g0_w=1.00 kl_u_w=1.00 | cost_ratio(u/g0)=0.0042 | train=17.2668 (recon=14.4004, kl_g0=0.0303, kl_u=2.8361, cls=0.7000) | val=17.5931 | lr=1.00e-04
2026-07-03 16:40:20,604 |   -> New best val loss: 17.5931 (saved best_model.pt)
2026-07-03 16:40:22,294 |   -> New best val loss: 17.4977 (saved best_model.pt)
2026-07-03 16:40:24,421 |   -> New best val loss: 17.3002 (saved best_model.pt)
2026-07-03 16:40:30,155 |   -> New best val loss: 17.1633 (saved best_model.pt)
2026-07-03 16:40:35,563 |   -> New best val loss: 16.9579 (saved best_model.pt)
2026-07-03 16:40:40,101 | Epoch  320/1000 | kl_g0_w=1.00 kl_u_w=1.00 | cost_ratio(u/g0)=0.0042 | train=16.6291 (recon=13.7647, kl_g0=0.0304, kl_u=2.8339, cls=0.6996) | val=17.1328 | lr=1.00e-04
2026-07-03 16:40:42,445 |   -> New best val loss: 16.9255 (saved best_model.pt)
2026-07-03 16:40:44,586 |   -> New best val loss: 16.9047 (saved best_model.pt)
2026-07-03 16:40:46,664 |   -> New best val loss: 16.8610 (saved best_model.pt)
2026-07-03 16:40:48,527 |   -> New best val loss: 16.8299 (saved best_model.pt)
2026-07-03 16:40:50,289 |   -> New best val loss: 16.8151 (saved best_model.pt)
2026-07-03 16:40:52,689 |   -> New best val loss: 16.6442 (saved best_model.pt)
2026-07-03 16:40:57,476 |   -> New best val loss: 16.5865 (saved best_model.pt)
2026-07-03 16:40:58,984 | Epoch  330/1000 | kl_g0_w=1.00 kl_u_w=1.00 | cost_ratio(u/g0)=0.0042 | train=16.1666 (recon=13.3190, kl_g0=0.0306, kl_u=2.8170, cls=0.7008) | val=16.4924 | lr=1.00e-04
2026-07-03 16:40:59,001 |   -> New best val loss: 16.4924 (saved best_model.pt)
2026-07-03 16:41:03,095 |   -> New best val loss: 16.4277 (saved best_model.pt)
2026-07-03 16:41:04,806 |   -> New best val loss: 16.4003 (saved best_model.pt)
2026-07-03 16:41:09,735 |   -> New best val loss: 16.3364 (saved best_model.pt)
2026-07-03 16:41:11,738 |   -> New best val loss: 16.3015 (saved best_model.pt)
2026-07-03 16:41:13,275 |   -> New best val loss: 16.2196 (saved best_model.pt)
2026-07-03 16:41:17,070 |   -> New best val loss: 16.1315 (saved best_model.pt)
2026-07-03 16:41:18,767 | Epoch  340/1000 | kl_g0_w=1.00 kl_u_w=1.00 | cost_ratio(u/g0)=0.0042 | train=15.6781 (recon=12.8640, kl_g0=0.0308, kl_u=2.7833, cls=0.7014) | val=16.1005 | lr=1.00e-04
2026-07-03 16:41:18,795 |   -> New best val loss: 16.1005 (saved best_model.pt)
2026-07-03 16:41:20,479 |   -> New best val loss: 16.0173 (saved best_model.pt)
2026-07-03 16:41:24,289 |   -> New best val loss: 15.9096 (saved best_model.pt)
2026-07-03 16:41:26,641 |   -> New best val loss: 15.9023 (saved best_model.pt)
2026-07-03 16:41:29,142 |   -> New best val loss: 15.8575 (saved best_model.pt)
2026-07-03 16:41:32,634 |   -> New best val loss: 15.8072 (saved best_model.pt)
2026-07-03 16:41:34,835 |   -> New best val loss: 15.7190 (saved best_model.pt)
2026-07-03 16:41:37,037 |   -> New best val loss: 15.5816 (saved best_model.pt)
2026-07-03 16:41:38,928 | Epoch  350/1000 | kl_g0_w=1.00 kl_u_w=1.00 | cost_ratio(u/g0)=0.0042 | train=15.1803 (recon=12.3996, kl_g0=0.0310, kl_u=2.7497, cls=0.7017) | val=15.6696 | lr=1.00e-04
2026-07-03 16:41:40,416 |   -> New best val loss: 15.5250 (saved best_model.pt)
2026-07-03 16:41:45,988 |   -> New best val loss: 15.4411 (saved best_model.pt)
2026-07-03 16:41:48,411 |   -> New best val loss: 15.4094 (saved best_model.pt)
2026-07-03 16:41:52,425 |   -> New best val loss: 15.2737 (saved best_model.pt)
2026-07-03 16:41:54,787 |   -> New best val loss: 15.2706 (saved best_model.pt)
2026-07-03 16:41:57,026 |   -> New best val loss: 15.2522 (saved best_model.pt)
2026-07-03 16:41:59,609 | Epoch  360/1000 | kl_g0_w=1.00 kl_u_w=1.00 | cost_ratio(u/g0)=0.0042 | train=14.7791 (recon=12.0028, kl_g0=0.0311, kl_u=2.7452, cls=0.7005) | val=15.2681 | lr=1.00e-04
2026-07-03 16:42:01,802 |   -> New best val loss: 15.1414 (saved best_model.pt)
2026-07-03 16:42:11,849 |   -> New best val loss: 15.0592 (saved best_model.pt)
2026-07-03 16:42:13,925 |   -> New best val loss: 14.9893 (saved best_model.pt)
2026-07-03 16:42:16,115 |   -> New best val loss: 14.9859 (saved best_model.pt)
2026-07-03 16:42:18,514 |   -> New best val loss: 14.9813 (saved best_model.pt)
2026-07-03 16:42:22,196 | Epoch  370/1000 | kl_g0_w=1.00 kl_u_w=1.00 | cost_ratio(u/g0)=0.0042 | train=14.3891 (recon=11.6367, kl_g0=0.0313, kl_u=2.7211, cls=0.7010) | val=14.9209 | lr=1.00e-04
2026-07-03 16:42:22,222 |   -> New best val loss: 14.9209 (saved best_model.pt)
2026-07-03 16:42:24,303 |   -> New best val loss: 14.8018 (saved best_model.pt)
2026-07-03 16:42:28,309 |   -> New best val loss: 14.7963 (saved best_model.pt)
2026-07-03 16:42:30,713 |   -> New best val loss: 14.6951 (saved best_model.pt)
2026-07-03 16:42:33,006 |   -> New best val loss: 14.6508 (saved best_model.pt)
2026-07-03 16:42:37,435 |   -> New best val loss: 14.5978 (saved best_model.pt)
2026-07-03 16:42:39,165 |   -> New best val loss: 14.5388 (saved best_model.pt)
2026-07-03 16:42:43,767 | Epoch  380/1000 | kl_g0_w=1.00 kl_u_w=1.00 | cost_ratio(u/g0)=0.0042 | train=13.9461 (recon=11.2237, kl_g0=0.0314, kl_u=2.6910, cls=0.7018) | val=14.5606 | lr=1.00e-04
2026-07-03 16:42:47,194 |   -> New best val loss: 14.4518 (saved best_model.pt)
2026-07-03 16:42:48,988 |   -> New best val loss: 14.3824 (saved best_model.pt)
2026-07-03 16:42:53,529 |   -> New best val loss: 14.3814 (saved best_model.pt)
2026-07-03 16:42:55,378 |   -> New best val loss: 14.3541 (saved best_model.pt)
2026-07-03 16:42:57,488 |   -> New best val loss: 14.2915 (saved best_model.pt)
2026-07-03 16:43:01,448 |   -> New best val loss: 14.2315 (saved best_model.pt)
2026-07-03 16:43:03,119 | Epoch  390/1000 | kl_g0_w=1.00 kl_u_w=1.00 | cost_ratio(u/g0)=0.0042 | train=13.6460 (recon=10.9332, kl_g0=0.0316, kl_u=2.6812, cls=0.7025) | val=14.2709 | lr=1.00e-04
2026-07-03 16:43:05,644 |   -> New best val loss: 14.1565 (saved best_model.pt)
2026-07-03 16:43:10,138 |   -> New best val loss: 14.1411 (saved best_model.pt)
2026-07-03 16:43:11,852 |   -> New best val loss: 14.0721 (saved best_model.pt)
2026-07-03 16:43:14,207 |   -> New best val loss: 14.0528 (saved best_model.pt)
2026-07-03 16:43:18,598 |   -> New best val loss: 13.9566 (saved best_model.pt)
2026-07-03 16:43:20,174 |   -> New best val loss: 13.9478 (saved best_model.pt)
2026-07-03 16:43:21,678 |   -> New best val loss: 13.9438 (saved best_model.pt)
2026-07-03 16:43:23,856 | Epoch  400/1000 | kl_g0_w=1.00 kl_u_w=1.00 | cost_ratio(u/g0)=0.0042 | train=13.2817 (recon=10.6010, kl_g0=0.0317, kl_u=2.6490, cls=0.7023) | val=13.8617 | lr=1.00e-04
2026-07-03 16:43:23,871 |   -> New best val loss: 13.8617 (saved best_model.pt)
2026-07-03 16:43:32,059 |   -> New best val loss: 13.7723 (saved best_model.pt)
2026-07-03 16:43:33,654 |   -> New best val loss: 13.7544 (saved best_model.pt)
2026-07-03 16:43:35,489 |   -> New best val loss: 13.7245 (saved best_model.pt)
2026-07-03 16:43:37,395 |   -> New best val loss: 13.7185 (saved best_model.pt)
2026-07-03 16:43:39,361 |   -> New best val loss: 13.7102 (saved best_model.pt)
2026-07-03 16:43:41,023 |   -> New best val loss: 13.6635 (saved best_model.pt)
2026-07-03 16:43:43,200 | Epoch  410/1000 | kl_g0_w=1.00 kl_u_w=1.00 | cost_ratio(u/g0)=0.0042 | train=13.0333 (recon=10.3629, kl_g0=0.0319, kl_u=2.6386, cls=0.7029) | val=13.6647 | lr=1.00e-04
2026-07-03 16:43:44,906 |   -> New best val loss: 13.6176 (saved best_model.pt)
2026-07-03 16:43:48,582 |   -> New best val loss: 13.5844 (saved best_model.pt)
2026-07-03 16:43:50,851 |   -> New best val loss: 13.5459 (saved best_model.pt)
2026-07-03 16:43:52,955 |   -> New best val loss: 13.4857 (saved best_model.pt)
2026-07-03 16:43:56,024 |   -> New best val loss: 13.4490 (saved best_model.pt)
2026-07-03 16:43:58,310 |   -> New best val loss: 13.4155 (saved best_model.pt)
2026-07-03 16:44:03,364 | Epoch  420/1000 | kl_g0_w=1.00 kl_u_w=1.00 | cost_ratio(u/g0)=0.0042 | train=12.7235 (recon=10.0725, kl_g0=0.0320, kl_u=2.6189, cls=0.7020) | val=13.3102 | lr=1.00e-04
2026-07-03 16:44:03,393 |   -> New best val loss: 13.3102 (saved best_model.pt)
2026-07-03 16:44:13,548 |   -> New best val loss: 13.2665 (saved best_model.pt)
2026-07-03 16:44:15,987 |   -> New best val loss: 13.2517 (saved best_model.pt)
2026-07-03 16:44:17,502 |   -> New best val loss: 13.2330 (saved best_model.pt)
2026-07-03 16:44:19,070 |   -> New best val loss: 13.1791 (saved best_model.pt)
2026-07-03 16:44:21,397 |   -> New best val loss: 13.1453 (saved best_model.pt)
2026-07-03 16:44:22,994 |   -> New best val loss: 13.1078 (saved best_model.pt)
2026-07-03 16:44:25,178 | Epoch  430/1000 | kl_g0_w=1.00 kl_u_w=1.00 | cost_ratio(u/g0)=0.0042 | train=12.4666 (recon=9.8291, kl_g0=0.0322, kl_u=2.6054, cls=0.7029) | val=13.1438 | lr=1.00e-04
2026-07-03 16:44:28,643 |   -> New best val loss: 13.0545 (saved best_model.pt)
2026-07-03 16:44:31,882 |   -> New best val loss: 13.0459 (saved best_model.pt)
2026-07-03 16:44:34,113 |   -> New best val loss: 13.0352 (saved best_model.pt)
2026-07-03 16:44:35,744 |   -> New best val loss: 12.9498 (saved best_model.pt)
2026-07-03 16:44:38,897 |   -> New best val loss: 12.9444 (saved best_model.pt)
2026-07-03 16:44:42,823 | Epoch  440/1000 | kl_g0_w=1.00 kl_u_w=1.00 | cost_ratio(u/g0)=0.0042 | train=12.1731 (recon=9.5573, kl_g0=0.0323, kl_u=2.5834, cls=0.7025) | val=12.9276 | lr=1.00e-04
2026-07-03 16:44:42,848 |   -> New best val loss: 12.9276 (saved best_model.pt)
2026-07-03 16:44:45,041 |   -> New best val loss: 12.9034 (saved best_model.pt)
2026-07-03 16:44:47,315 |   -> New best val loss: 12.8315 (saved best_model.pt)
2026-07-03 16:44:52,895 |   -> New best val loss: 12.7758 (saved best_model.pt)
2026-07-03 16:44:54,999 |   -> New best val loss: 12.7556 (saved best_model.pt)
2026-07-03 16:44:58,977 |   -> New best val loss: 12.7001 (saved best_model.pt)
2026-07-03 16:45:01,147 |   -> New best val loss: 12.6612 (saved best_model.pt)
2026-07-03 16:45:02,661 | Epoch  450/1000 | kl_g0_w=1.00 kl_u_w=1.00 | cost_ratio(u/g0)=0.0042 | train=11.9296 (recon=9.3465, kl_g0=0.0324, kl_u=2.5507, cls=0.7037) | val=12.6262 | lr=1.00e-04
2026-07-03 16:45:02,679 |   -> New best val loss: 12.6262 (saved best_model.pt)
2026-07-03 16:45:09,126 |   -> New best val loss: 12.5746 (saved best_model.pt)
2026-07-03 16:45:13,063 |   -> New best val loss: 12.5477 (saved best_model.pt)
2026-07-03 16:45:14,813 |   -> New best val loss: 12.4736 (saved best_model.pt)
2026-07-03 16:45:19,823 | Epoch  460/1000 | kl_g0_w=1.00 kl_u_w=1.00 | cost_ratio(u/g0)=0.0042 | train=11.6893 (recon=9.1153, kl_g0=0.0326, kl_u=2.5415, cls=0.7026) | val=12.4408 | lr=1.00e-04
2026-07-03 16:45:19,850 |   -> New best val loss: 12.4408 (saved best_model.pt)
2026-07-03 16:45:22,391 |   -> New best val loss: 12.4164 (saved best_model.pt)
2026-07-03 16:45:26,119 |   -> New best val loss: 12.3696 (saved best_model.pt)
2026-07-03 16:45:30,166 |   -> New best val loss: 12.3578 (saved best_model.pt)
2026-07-03 16:45:32,066 |   -> New best val loss: 12.3560 (saved best_model.pt)
2026-07-03 16:45:34,622 |   -> New best val loss: 12.3176 (saved best_model.pt)
2026-07-03 16:45:41,490 | Epoch  470/1000 | kl_g0_w=1.00 kl_u_w=1.00 | cost_ratio(u/g0)=0.0042 | train=11.4797 (recon=8.9184, kl_g0=0.0327, kl_u=2.5286, cls=0.7034) | val=12.2950 | lr=1.00e-04
2026-07-03 16:45:41,517 |   -> New best val loss: 12.2950 (saved best_model.pt)
2026-07-03 16:45:43,950 |   -> New best val loss: 12.2121 (saved best_model.pt)
2026-07-03 16:45:52,556 |   -> New best val loss: 12.1524 (saved best_model.pt)
2026-07-03 16:45:59,048 |   -> New best val loss: 12.1516 (saved best_model.pt)
2026-07-03 16:46:00,631 |   -> New best val loss: 12.0789 (saved best_model.pt)
2026-07-03 16:46:02,546 | Epoch  480/1000 | kl_g0_w=1.00 kl_u_w=1.00 | cost_ratio(u/g0)=0.0042 | train=11.3120 (recon=8.7675, kl_g0=0.0328, kl_u=2.5117, cls=0.7033) | val=12.1302 | lr=1.00e-04
2026-07-03 16:46:06,714 |   -> New best val loss: 12.0748 (saved best_model.pt)
2026-07-03 16:46:08,365 |   -> New best val loss: 12.0543 (saved best_model.pt)
2026-07-03 16:46:10,614 |   -> New best val loss: 12.0397 (saved best_model.pt)
2026-07-03 16:46:13,631 |   -> New best val loss: 12.0112 (saved best_model.pt)
2026-07-03 16:46:15,271 |   -> New best val loss: 11.9728 (saved best_model.pt)
2026-07-03 16:46:17,633 |   -> New best val loss: 11.9490 (saved best_model.pt)
2026-07-03 16:46:19,273 |   -> New best val loss: 11.9388 (saved best_model.pt)
2026-07-03 16:46:20,764 | Epoch  490/1000 | kl_g0_w=1.00 kl_u_w=1.00 | cost_ratio(u/g0)=0.0042 | train=11.1377 (recon=8.6199, kl_g0=0.0329, kl_u=2.4848, cls=0.7037) | val=11.9063 | lr=1.00e-04
2026-07-03 16:46:20,781 |   -> New best val loss: 11.9063 (saved best_model.pt)
2026-07-03 16:46:25,042 |   -> New best val loss: 11.8791 (saved best_model.pt)
2026-07-03 16:46:26,742 |   -> New best val loss: 11.8785 (saved best_model.pt)
2026-07-03 16:46:28,268 |   -> New best val loss: 11.8540 (saved best_model.pt)
2026-07-03 16:46:30,057 |   -> New best val loss: 11.8122 (saved best_model.pt)
2026-07-03 16:46:38,359 |   -> New best val loss: 11.7789 (saved best_model.pt)
2026-07-03 16:46:40,079 | Epoch  500/1000 | kl_g0_w=1.00 kl_u_w=1.00 | cost_ratio(u/g0)=0.0042 | train=10.9265 (recon=8.4168, kl_g0=0.0331, kl_u=2.4767, cls=0.7042) | val=11.7634 | lr=1.00e-04
2026-07-03 16:46:40,103 |   -> New best val loss: 11.7634 (saved best_model.pt)
2026-07-03 16:46:42,319 |   -> New best val loss: 11.7520 (saved best_model.pt)
2026-07-03 16:46:44,521 |   -> New best val loss: 11.7419 (saved best_model.pt)
2026-07-03 16:46:46,134 |   -> New best val loss: 11.7280 (saved best_model.pt)
2026-07-03 16:46:47,714 |   -> New best val loss: 11.6769 (saved best_model.pt)
2026-07-03 16:46:49,382 |   -> New best val loss: 11.6656 (saved best_model.pt)
2026-07-03 16:46:52,937 |   -> New best val loss: 11.6224 (saved best_model.pt)
2026-07-03 16:46:57,159 |   -> New best val loss: 11.6213 (saved best_model.pt)
2026-07-03 16:46:59,484 | Epoch  510/1000 | kl_g0_w=1.00 kl_u_w=1.00 | cost_ratio(u/g0)=0.0042 | train=10.7574 (recon=8.2734, kl_g0=0.0332, kl_u=2.4509, cls=0.7035) | val=11.5792 | lr=1.00e-04
2026-07-03 16:46:59,513 |   -> New best val loss: 11.5792 (saved best_model.pt)
2026-07-03 16:47:05,665 |   -> New best val loss: 11.5388 (saved best_model.pt)
2026-07-03 16:47:09,528 |   -> New best val loss: 11.5280 (saved best_model.pt)
2026-07-03 16:47:11,834 |   -> New best val loss: 11.4841 (saved best_model.pt)
2026-07-03 16:47:18,745 |   -> New best val loss: 11.4578 (saved best_model.pt)
2026-07-03 16:47:21,199 | Epoch  520/1000 | kl_g0_w=1.00 kl_u_w=1.00 | cost_ratio(u/g0)=0.0042 | train=10.5900 (recon=8.1301, kl_g0=0.0333, kl_u=2.4267, cls=0.7038) | val=11.4697 | lr=1.00e-04
2026-07-03 16:47:23,309 |   -> New best val loss: 11.4217 (saved best_model.pt)
2026-07-03 16:47:26,573 |   -> New best val loss: 11.3984 (saved best_model.pt)
2026-07-03 16:47:28,402 |   -> New best val loss: 11.3856 (saved best_model.pt)
2026-07-03 16:47:32,396 |   -> New best val loss: 11.3494 (saved best_model.pt)
2026-07-03 16:47:38,606 |   -> New best val loss: 11.3090 (saved best_model.pt)
2026-07-03 16:47:40,644 | Epoch  530/1000 | kl_g0_w=1.00 kl_u_w=1.00 | cost_ratio(u/g0)=0.0042 | train=10.4478 (recon=7.9935, kl_g0=0.0334, kl_u=2.4209, cls=0.7037) | val=11.3287 | lr=1.00e-04
2026-07-03 16:47:45,301 |   -> New best val loss: 11.2878 (saved best_model.pt)
2026-07-03 16:47:47,058 |   -> New best val loss: 11.2670 (saved best_model.pt)
2026-07-03 16:47:50,947 |   -> New best val loss: 11.2348 (saved best_model.pt)
2026-07-03 16:47:52,869 |   -> New best val loss: 11.2182 (saved best_model.pt)
2026-07-03 16:47:54,841 |   -> New best val loss: 11.1992 (saved best_model.pt)
2026-07-03 16:47:57,274 |   -> New best val loss: 11.1973 (saved best_model.pt)
2026-07-03 16:47:59,154 |   -> New best val loss: 11.1965 (saved best_model.pt)
2026-07-03 16:48:01,665 | Epoch  540/1000 | kl_g0_w=1.00 kl_u_w=1.00 | cost_ratio(u/g0)=0.0042 | train=10.2981 (recon=7.8741, kl_g0=0.0335, kl_u=2.3905, cls=0.7052) | val=11.1594 | lr=1.00e-04
2026-07-03 16:48:01,694 |   -> New best val loss: 11.1594 (saved best_model.pt)
2026-07-03 16:48:06,783 |   -> New best val loss: 11.1199 (saved best_model.pt)
2026-07-03 16:48:09,325 |   -> New best val loss: 11.1133 (saved best_model.pt)
2026-07-03 16:48:11,662 |   -> New best val loss: 11.0994 (saved best_model.pt)
2026-07-03 16:48:18,653 |   -> New best val loss: 11.0915 (saved best_model.pt)
2026-07-03 16:48:20,983 |   -> New best val loss: 11.0496 (saved best_model.pt)
2026-07-03 16:48:22,948 |   -> New best val loss: 11.0271 (saved best_model.pt)
2026-07-03 16:48:25,339 | Epoch  550/1000 | kl_g0_w=1.00 kl_u_w=1.00 | cost_ratio(u/g0)=0.0042 | train=10.1634 (recon=7.7581, kl_g0=0.0337, kl_u=2.3717, cls=0.7042) | val=11.0924 | lr=1.00e-04
2026-07-03 16:48:30,424 |   -> New best val loss: 11.0150 (saved best_model.pt)
2026-07-03 16:48:32,013 |   -> New best val loss: 10.9873 (saved best_model.pt)
2026-07-03 16:48:33,662 |   -> New best val loss: 10.9686 (saved best_model.pt)
2026-07-03 16:48:37,465 |   -> New best val loss: 10.9238 (saved best_model.pt)
2026-07-03 16:48:41,561 |   -> New best val loss: 10.9168 (saved best_model.pt)
2026-07-03 16:48:46,219 | Epoch  560/1000 | kl_g0_w=1.00 kl_u_w=1.00 | cost_ratio(u/g0)=0.0042 | train=10.0067 (recon=7.6234, kl_g0=0.0338, kl_u=2.3495, cls=0.7039) | val=10.9233 | lr=1.00e-04
2026-07-03 16:48:48,585 |   -> New best val loss: 10.8736 (saved best_model.pt)
2026-07-03 16:48:50,315 |   -> New best val loss: 10.8476 (saved best_model.pt)
2026-07-03 16:48:55,867 |   -> New best val loss: 10.8130 (saved best_model.pt)
2026-07-03 16:48:57,683 |   -> New best val loss: 10.7822 (saved best_model.pt)
2026-07-03 16:49:01,672 |   -> New best val loss: 10.7785 (saved best_model.pt)
2026-07-03 16:49:04,958 | Epoch  570/1000 | kl_g0_w=1.00 kl_u_w=1.00 | cost_ratio(u/g0)=0.0042 | train=9.8686 (recon=7.5032, kl_g0=0.0339, kl_u=2.3315, cls=0.7042) | val=10.7393 | lr=1.00e-04
2026-07-03 16:49:05,018 |   -> New best val loss: 10.7393 (saved best_model.pt)
2026-07-03 16:49:08,828 |   -> New best val loss: 10.7308 (saved best_model.pt)
2026-07-03 16:49:10,346 |   -> New best val loss: 10.7154 (saved best_model.pt)
2026-07-03 16:49:13,594 |   -> New best val loss: 10.6699 (saved best_model.pt)
2026-07-03 16:49:20,904 |   -> New best val loss: 10.6619 (saved best_model.pt)
2026-07-03 16:49:23,003 | Epoch  580/1000 | kl_g0_w=1.00 kl_u_w=1.00 | cost_ratio(u/g0)=0.0042 | train=9.7376 (recon=7.3874, kl_g0=0.0340, kl_u=2.3162, cls=0.7043) | val=10.6134 | lr=1.00e-04
2026-07-03 16:49:23,031 |   -> New best val loss: 10.6134 (saved best_model.pt)
2026-07-03 16:49:25,101 |   -> New best val loss: 10.5988 (saved best_model.pt)
2026-07-03 16:49:29,436 |   -> New best val loss: 10.5919 (saved best_model.pt)
2026-07-03 16:49:31,721 |   -> New best val loss: 10.5558 (saved best_model.pt)
2026-07-03 16:49:33,403 |   -> New best val loss: 10.5506 (saved best_model.pt)
2026-07-03 16:49:37,634 |   -> New best val loss: 10.4975 (saved best_model.pt)
2026-07-03 16:49:44,147 | Epoch  590/1000 | kl_g0_w=1.00 kl_u_w=1.00 | cost_ratio(u/g0)=0.0042 | train=9.5759 (recon=7.2535, kl_g0=0.0341, kl_u=2.2883, cls=0.7037) | val=10.5203 | lr=1.00e-04
2026-07-03 16:49:47,303 |   -> New best val loss: 10.4593 (saved best_model.pt)
2026-07-03 16:49:54,763 |   -> New best val loss: 10.4141 (saved best_model.pt)
2026-07-03 16:49:58,083 |   -> New best val loss: 10.4120 (saved best_model.pt)
2026-07-03 16:49:59,614 |   -> New best val loss: 10.3892 (saved best_model.pt)
2026-07-03 16:50:01,098 | Epoch  600/1000 | kl_g0_w=1.00 kl_u_w=1.00 | cost_ratio(u/g0)=0.0042 | train=9.4684 (recon=7.1608, kl_g0=0.0342, kl_u=2.2734, cls=0.7025) | val=10.3971 | lr=1.00e-04
2026-07-03 16:50:05,558 |   -> New best val loss: 10.3654 (saved best_model.pt)
2026-07-03 16:50:08,146 |   -> New best val loss: 10.3469 (saved best_model.pt)
2026-07-03 16:50:10,324 |   -> New best val loss: 10.3339 (saved best_model.pt)
2026-07-03 16:50:14,715 |   -> New best val loss: 10.3069 (saved best_model.pt)
2026-07-03 16:50:16,236 |   -> New best val loss: 10.2903 (saved best_model.pt)
2026-07-03 16:50:20,695 |   -> New best val loss: 10.2582 (saved best_model.pt)
2026-07-03 16:50:22,420 | Epoch  610/1000 | kl_g0_w=1.00 kl_u_w=1.00 | cost_ratio(u/g0)=0.0042 | train=9.3292 (recon=7.0355, kl_g0=0.0343, kl_u=2.2594, cls=0.7045) | val=10.2745 | lr=1.00e-04
2026-07-03 16:50:24,649 |   -> New best val loss: 10.2498 (saved best_model.pt)
2026-07-03 16:50:31,521 |   -> New best val loss: 10.2292 (saved best_model.pt)
2026-07-03 16:50:33,261 |   -> New best val loss: 10.1954 (saved best_model.pt)
2026-07-03 16:50:41,113 | Epoch  620/1000 | kl_g0_w=1.00 kl_u_w=1.00 | cost_ratio(u/g0)=0.0042 | train=9.2080 (recon=6.9254, kl_g0=0.0344, kl_u=2.2482, cls=0.7037) | val=10.1700 | lr=1.00e-04
2026-07-03 16:50:41,140 |   -> New best val loss: 10.1700 (saved best_model.pt)
2026-07-03 16:50:43,107 |   -> New best val loss: 10.1584 (saved best_model.pt)
2026-07-03 16:50:44,924 |   -> New best val loss: 10.1367 (saved best_model.pt)
2026-07-03 16:50:49,418 |   -> New best val loss: 10.0997 (saved best_model.pt)
2026-07-03 16:50:51,075 |   -> New best val loss: 10.0726 (saved best_model.pt)
2026-07-03 16:50:54,283 |   -> New best val loss: 10.0629 (saved best_model.pt)
2026-07-03 16:50:58,626 | Epoch  630/1000 | kl_g0_w=1.00 kl_u_w=1.00 | cost_ratio(u/g0)=0.0042 | train=9.0846 (recon=6.8262, kl_g0=0.0345, kl_u=2.2239, cls=0.7032) | val=10.0252 | lr=1.00e-04
2026-07-03 16:50:58,648 |   -> New best val loss: 10.0252 (saved best_model.pt)
2026-07-03 16:51:02,672 |   -> New best val loss: 9.9859 (saved best_model.pt)
2026-07-03 16:51:10,720 |   -> New best val loss: 9.9513 (saved best_model.pt)
2026-07-03 16:51:17,912 | Epoch  640/1000 | kl_g0_w=1.00 kl_u_w=1.00 | cost_ratio(u/g0)=0.0042 | train=8.9836 (recon=6.7437, kl_g0=0.0346, kl_u=2.2052, cls=0.7049) | val=9.9583 | lr=1.00e-04
2026-07-03 16:51:20,270 |   -> New best val loss: 9.9314 (saved best_model.pt)
2026-07-03 16:51:23,773 |   -> New best val loss: 9.8925 (saved best_model.pt)
2026-07-03 16:51:25,480 |   -> New best val loss: 9.8823 (saved best_model.pt)
2026-07-03 16:51:31,063 |   -> New best val loss: 9.8486 (saved best_model.pt)
2026-07-03 16:51:35,787 | Epoch  650/1000 | kl_g0_w=1.00 kl_u_w=1.00 | cost_ratio(u/g0)=0.0042 | train=8.8528 (recon=6.6352, kl_g0=0.0347, kl_u=2.1830, cls=0.7048) | val=9.7975 | lr=1.00e-04
2026-07-03 16:51:35,809 |   -> New best val loss: 9.7975 (saved best_model.pt)
2026-07-03 16:51:40,292 |   -> New best val loss: 9.7959 (saved best_model.pt)
2026-07-03 16:51:44,999 |   -> New best val loss: 9.7845 (saved best_model.pt)
2026-07-03 16:51:47,307 |   -> New best val loss: 9.7602 (saved best_model.pt)
2026-07-03 16:51:56,252 |   -> New best val loss: 9.7233 (saved best_model.pt)
2026-07-03 16:51:57,977 | Epoch  660/1000 | kl_g0_w=1.00 kl_u_w=1.00 | cost_ratio(u/g0)=0.0042 | train=8.7503 (recon=6.5554, kl_g0=0.0348, kl_u=2.1601, cls=0.7048) | val=9.7670 | lr=1.00e-04
2026-07-03 16:51:59,914 |   -> New best val loss: 9.6843 (saved best_model.pt)
2026-07-03 16:52:06,358 |   -> New best val loss: 9.6665 (saved best_model.pt)
2026-07-03 16:52:11,044 |   -> New best val loss: 9.6624 (saved best_model.pt)
2026-07-03 16:52:12,658 |   -> New best val loss: 9.6442 (saved best_model.pt)
2026-07-03 16:52:16,673 |   -> New best val loss: 9.6439 (saved best_model.pt)
2026-07-03 16:52:19,131 | Epoch  670/1000 | kl_g0_w=1.00 kl_u_w=1.00 | cost_ratio(u/g0)=0.0042 | train=8.6259 (recon=6.4361, kl_g0=0.0349, kl_u=2.1548, cls=0.7052) | val=9.6347 | lr=1.00e-04
2026-07-03 16:52:19,162 |   -> New best val loss: 9.6347 (saved best_model.pt)
2026-07-03 16:52:20,875 |   -> New best val loss: 9.6107 (saved best_model.pt)
2026-07-03 16:52:23,396 |   -> New best val loss: 9.5855 (saved best_model.pt)
2026-07-03 16:52:27,851 |   -> New best val loss: 9.5580 (saved best_model.pt)
2026-07-03 16:52:31,967 |   -> New best val loss: 9.5425 (saved best_model.pt)
2026-07-03 16:52:36,911 |   -> New best val loss: 9.5380 (saved best_model.pt)
2026-07-03 16:52:40,249 | Epoch  680/1000 | kl_g0_w=1.00 kl_u_w=1.00 | cost_ratio(u/g0)=0.0042 | train=8.5340 (recon=6.3612, kl_g0=0.0350, kl_u=2.1379, cls=0.7051) | val=9.5222 | lr=1.00e-04
2026-07-03 16:52:40,266 |   -> New best val loss: 9.5222 (saved best_model.pt)
2026-07-03 16:52:41,836 |   -> New best val loss: 9.5006 (saved best_model.pt)
2026-07-03 16:52:43,405 |   -> New best val loss: 9.4979 (saved best_model.pt)
2026-07-03 16:52:47,395 |   -> New best val loss: 9.4765 (saved best_model.pt)
2026-07-03 16:52:48,944 |   -> New best val loss: 9.4678 (saved best_model.pt)
2026-07-03 16:52:50,806 |   -> New best val loss: 9.4420 (saved best_model.pt)
2026-07-03 16:53:00,857 | Epoch  690/1000 | kl_g0_w=1.00 kl_u_w=1.00 | cost_ratio(u/g0)=0.0042 | train=8.4150 (recon=6.2603, kl_g0=0.0351, kl_u=2.1195, cls=0.7054) | val=9.4164 | lr=1.00e-04
2026-07-03 16:53:00,884 |   -> New best val loss: 9.4164 (saved best_model.pt)
2026-07-03 16:53:08,242 |   -> New best val loss: 9.3978 (saved best_model.pt)
2026-07-03 16:53:12,179 |   -> New best val loss: 9.3744 (saved best_model.pt)
2026-07-03 16:53:19,750 |   -> New best val loss: 9.3470 (saved best_model.pt)
2026-07-03 16:53:24,559 | Epoch  700/1000 | kl_g0_w=1.00 kl_u_w=1.00 | cost_ratio(u/g0)=0.0042 | train=8.3223 (recon=6.1693, kl_g0=0.0352, kl_u=2.1178, cls=0.7059) | val=9.3472 | lr=1.00e-04
2026-07-03 16:53:27,748 |   -> New best val loss: 9.3111 (saved best_model.pt)
2026-07-03 16:53:29,546 |   -> New best val loss: 9.3100 (saved best_model.pt)
2026-07-03 16:53:31,422 |   -> New best val loss: 9.2958 (saved best_model.pt)
2026-07-03 16:53:35,102 |   -> New best val loss: 9.2919 (saved best_model.pt)
2026-07-03 16:53:36,664 |   -> New best val loss: 9.2699 (saved best_model.pt)
2026-07-03 16:53:38,843 |   -> New best val loss: 9.2554 (saved best_model.pt)
2026-07-03 16:53:40,671 |   -> New best val loss: 9.2390 (saved best_model.pt)
2026-07-03 16:53:42,712 | Epoch  710/1000 | kl_g0_w=1.00 kl_u_w=1.00 | cost_ratio(u/g0)=0.0042 | train=8.2455 (recon=6.1020, kl_g0=0.0353, kl_u=2.1082, cls=0.7064) | val=9.2530 | lr=1.00e-04
2026-07-03 16:53:49,844 |   -> New best val loss: 9.2180 (saved best_model.pt)
2026-07-03 16:53:54,525 |   -> New best val loss: 9.2026 (saved best_model.pt)
2026-07-03 16:53:56,075 |   -> New best val loss: 9.1924 (saved best_model.pt)
2026-07-03 16:54:01,199 |   -> New best val loss: 9.1806 (saved best_model.pt)
2026-07-03 16:54:03,291 |   -> New best val loss: 9.1582 (saved best_model.pt)
2026-07-03 16:54:04,973 | Epoch  720/1000 | kl_g0_w=1.00 kl_u_w=1.00 | cost_ratio(u/g0)=0.0042 | train=8.1492 (recon=6.0073, kl_g0=0.0354, kl_u=2.1065, cls=0.7050) | val=9.1969 | lr=1.00e-04
2026-07-03 16:54:07,243 |   -> New best val loss: 9.1459 (saved best_model.pt)
2026-07-03 16:54:11,754 |   -> New best val loss: 9.1055 (saved best_model.pt)
2026-07-03 16:54:21,090 |   -> New best val loss: 9.0851 (saved best_model.pt)
2026-07-03 16:54:28,036 | Epoch  730/1000 | kl_g0_w=1.00 kl_u_w=1.00 | cost_ratio(u/g0)=0.0042 | train=8.0632 (recon=5.9360, kl_g0=0.0355, kl_u=2.0918, cls=0.7050) | val=9.0858 | lr=1.00e-04
2026-07-03 16:54:30,790 |   -> New best val loss: 9.0709 (saved best_model.pt)
2026-07-03 16:54:36,523 |   -> New best val loss: 9.0398 (saved best_model.pt)
2026-07-03 16:54:41,745 |   -> New best val loss: 9.0361 (saved best_model.pt)
2026-07-03 16:54:46,097 |   -> New best val loss: 9.0327 (saved best_model.pt)
2026-07-03 16:54:48,230 |   -> New best val loss: 9.0168 (saved best_model.pt)
2026-07-03 16:54:53,281 | Epoch  740/1000 | kl_g0_w=1.00 kl_u_w=1.00 | cost_ratio(u/g0)=0.0042 | train=7.9923 (recon=5.8651, kl_g0=0.0355, kl_u=2.0917, cls=0.7054) | val=9.0003 | lr=1.00e-04
2026-07-03 16:54:53,309 |   -> New best val loss: 9.0003 (saved best_model.pt)
2026-07-03 16:54:57,360 |   -> New best val loss: 8.9845 (saved best_model.pt)
2026-07-03 16:54:59,886 |   -> New best val loss: 8.9740 (saved best_model.pt)
2026-07-03 16:55:02,266 |   -> New best val loss: 8.9628 (saved best_model.pt)
2026-07-03 16:55:04,582 |   -> New best val loss: 8.9447 (saved best_model.pt)
2026-07-03 16:55:12,652 |   -> New best val loss: 8.9289 (saved best_model.pt)
2026-07-03 16:55:14,795 | Epoch  750/1000 | kl_g0_w=1.00 kl_u_w=1.00 | cost_ratio(u/g0)=0.0042 | train=7.8910 (recon=5.7728, kl_g0=0.0356, kl_u=2.0826, cls=0.7049) | val=8.9075 | lr=1.00e-04
2026-07-03 16:55:14,825 |   -> New best val loss: 8.9075 (saved best_model.pt)
2026-07-03 16:55:18,694 |   -> New best val loss: 8.8993 (saved best_model.pt)
2026-07-03 16:55:20,808 |   -> New best val loss: 8.8939 (saved best_model.pt)
2026-07-03 16:55:22,617 |   -> New best val loss: 8.8836 (saved best_model.pt)
2026-07-03 16:55:24,326 |   -> New best val loss: 8.8822 (saved best_model.pt)
2026-07-03 16:55:26,872 |   -> New best val loss: 8.8485 (saved best_model.pt)
2026-07-03 16:55:33,103 | Epoch  760/1000 | kl_g0_w=1.00 kl_u_w=1.00 | cost_ratio(u/g0)=0.0042 | train=7.8207 (recon=5.7100, kl_g0=0.0357, kl_u=2.0750, cls=0.7044) | val=8.8520 | lr=1.00e-04
2026-07-03 16:55:37,360 |   -> New best val loss: 8.8264 (saved best_model.pt)
2026-07-03 16:55:39,937 |   -> New best val loss: 8.8132 (saved best_model.pt)
2026-07-03 16:55:43,601 |   -> New best val loss: 8.8019 (saved best_model.pt)
2026-07-03 16:55:45,376 |   -> New best val loss: 8.7983 (saved best_model.pt)
2026-07-03 16:55:47,517 |   -> New best val loss: 8.7677 (saved best_model.pt)
2026-07-03 16:55:52,032 | Epoch  770/1000 | kl_g0_w=1.00 kl_u_w=1.00 | cost_ratio(u/g0)=0.0042 | train=7.7301 (recon=5.6261, kl_g0=0.0358, kl_u=2.0682, cls=0.7063) | val=8.7673 | lr=1.00e-04
2026-07-03 16:55:52,053 |   -> New best val loss: 8.7673 (saved best_model.pt)
2026-07-03 16:55:54,612 |   -> New best val loss: 8.7581 (saved best_model.pt)
2026-07-03 16:55:56,595 |   -> New best val loss: 8.7518 (saved best_model.pt)
2026-07-03 16:55:58,974 |   -> New best val loss: 8.7482 (saved best_model.pt)
2026-07-03 16:56:01,399 |   -> New best val loss: 8.7429 (saved best_model.pt)
2026-07-03 16:56:03,693 |   -> New best val loss: 8.7165 (saved best_model.pt)
2026-07-03 16:56:05,236 |   -> New best val loss: 8.7149 (saved best_model.pt)
2026-07-03 16:56:07,302 |   -> New best val loss: 8.7102 (saved best_model.pt)
2026-07-03 16:56:10,892 |   -> New best val loss: 8.7003 (saved best_model.pt)
2026-07-03 16:56:12,905 | Epoch  780/1000 | kl_g0_w=1.00 kl_u_w=1.00 | cost_ratio(u/g0)=0.0042 | train=7.6502 (recon=5.5556, kl_g0=0.0359, kl_u=2.0588, cls=0.7053) | val=8.6958 | lr=1.00e-04
2026-07-03 16:56:12,933 |   -> New best val loss: 8.6958 (saved best_model.pt)
2026-07-03 16:56:16,778 |   -> New best val loss: 8.6842 (saved best_model.pt)
2026-07-03 16:56:19,267 |   -> New best val loss: 8.6826 (saved best_model.pt)
2026-07-03 16:56:21,040 |   -> New best val loss: 8.6728 (saved best_model.pt)
2026-07-03 16:56:23,117 |   -> New best val loss: 8.6515 (saved best_model.pt)
2026-07-03 16:56:26,374 |   -> New best val loss: 8.6289 (saved best_model.pt)
2026-07-03 16:56:30,453 |   -> New best val loss: 8.6235 (saved best_model.pt)
2026-07-03 16:56:32,955 | Epoch  790/1000 | kl_g0_w=1.00 kl_u_w=1.00 | cost_ratio(u/g0)=0.0042 | train=7.5846 (recon=5.4987, kl_g0=0.0360, kl_u=2.0499, cls=0.7059) | val=8.6432 | lr=1.00e-04
2026-07-03 16:56:35,515 |   -> New best val loss: 8.6042 (saved best_model.pt)
2026-07-03 16:56:44,151 |   -> New best val loss: 8.5823 (saved best_model.pt)
2026-07-03 16:56:47,805 |   -> New best val loss: 8.5576 (saved best_model.pt)
2026-07-03 16:56:51,120 |   -> New best val loss: 8.5359 (saved best_model.pt)
2026-07-03 16:56:52,975 | Epoch  800/1000 | kl_g0_w=1.00 kl_u_w=1.00 | cost_ratio(u/g0)=0.0042 | train=7.5205 (recon=5.4347, kl_g0=0.0361, kl_u=2.0497, cls=0.7058) | val=8.5569 | lr=1.00e-04
2026-07-03 16:57:00,120 |   -> New best val loss: 8.5277 (saved best_model.pt)
2026-07-03 16:57:04,325 |   -> New best val loss: 8.5015 (saved best_model.pt)
2026-07-03 16:57:06,194 |   -> New best val loss: 8.4827 (saved best_model.pt)
2026-07-03 16:57:13,926 | Epoch  810/1000 | kl_g0_w=1.00 kl_u_w=1.00 | cost_ratio(u/g0)=0.0042 | train=7.4333 (recon=5.3497, kl_g0=0.0361, kl_u=2.0475, cls=0.7058) | val=8.4693 | lr=1.00e-04
2026-07-03 16:57:13,943 |   -> New best val loss: 8.4693 (saved best_model.pt)
2026-07-03 16:57:16,240 |   -> New best val loss: 8.4560 (saved best_model.pt)
2026-07-03 16:57:21,232 |   -> New best val loss: 8.4489 (saved best_model.pt)
2026-07-03 16:57:23,476 |   -> New best val loss: 8.4449 (saved best_model.pt)
2026-07-03 16:57:25,462 |   -> New best val loss: 8.4187 (saved best_model.pt)
2026-07-03 16:57:27,322 |   -> New best val loss: 8.4162 (saved best_model.pt)
2026-07-03 16:57:31,903 |   -> New best val loss: 8.3942 (saved best_model.pt)
2026-07-03 16:57:35,106 | Epoch  820/1000 | kl_g0_w=1.00 kl_u_w=1.00 | cost_ratio(u/g0)=0.0042 | train=7.3568 (recon=5.2854, kl_g0=0.0362, kl_u=2.0351, cls=0.7053) | val=8.3814 | lr=1.00e-04
2026-07-03 16:57:35,122 |   -> New best val loss: 8.3814 (saved best_model.pt)
2026-07-03 16:57:43,175 |   -> New best val loss: 8.3543 (saved best_model.pt)
2026-07-03 16:57:50,497 |   -> New best val loss: 8.3528 (saved best_model.pt)
2026-07-03 16:57:52,365 |   -> New best val loss: 8.3377 (saved best_model.pt)
2026-07-03 16:57:54,718 |   -> New best val loss: 8.3360 (saved best_model.pt)
2026-07-03 16:57:56,257 | Epoch  830/1000 | kl_g0_w=1.00 kl_u_w=1.00 | cost_ratio(u/g0)=0.0042 | train=7.3006 (recon=5.2217, kl_g0=0.0363, kl_u=2.0426, cls=0.7072) | val=8.3515 | lr=1.00e-04
2026-07-03 16:57:57,838 |   -> New best val loss: 8.3193 (saved best_model.pt)
2026-07-03 16:58:00,074 |   -> New best val loss: 8.3125 (saved best_model.pt)
2026-07-03 16:58:01,822 |   -> New best val loss: 8.2871 (saved best_model.pt)
2026-07-03 16:58:14,898 |   -> New best val loss: 8.2838 (saved best_model.pt)
2026-07-03 16:58:17,310 | Epoch  840/1000 | kl_g0_w=1.00 kl_u_w=1.00 | cost_ratio(u/g0)=0.0042 | train=7.2216 (recon=5.1524, kl_g0=0.0364, kl_u=2.0328, cls=0.7056) | val=8.2662 | lr=1.00e-04
2026-07-03 16:58:17,338 |   -> New best val loss: 8.2662 (saved best_model.pt)
2026-07-03 16:58:19,068 |   -> New best val loss: 8.2372 (saved best_model.pt)
2026-07-03 16:58:20,760 |   -> New best val loss: 8.2303 (saved best_model.pt)
2026-07-03 16:58:27,601 |   -> New best val loss: 8.2282 (saved best_model.pt)
2026-07-03 16:58:29,904 |   -> New best val loss: 8.2128 (saved best_model.pt)
2026-07-03 16:58:32,109 |   -> New best val loss: 8.2047 (saved best_model.pt)
2026-07-03 16:58:38,797 | Epoch  850/1000 | kl_g0_w=1.00 kl_u_w=1.00 | cost_ratio(u/g0)=0.0042 | train=7.1570 (recon=5.0879, kl_g0=0.0364, kl_u=2.0326, cls=0.7056) | val=8.1993 | lr=1.00e-04
2026-07-03 16:58:38,816 |   -> New best val loss: 8.1993 (saved best_model.pt)
2026-07-03 16:58:40,379 |   -> New best val loss: 8.1822 (saved best_model.pt)
2026-07-03 16:58:42,097 |   -> New best val loss: 8.1808 (saved best_model.pt)
2026-07-03 16:58:44,227 |   -> New best val loss: 8.1786 (saved best_model.pt)
2026-07-03 16:58:46,128 |   -> New best val loss: 8.1619 (saved best_model.pt)
2026-07-03 16:58:48,578 |   -> New best val loss: 8.1498 (saved best_model.pt)
2026-07-03 16:58:52,119 |   -> New best val loss: 8.1492 (saved best_model.pt)
2026-07-03 16:58:53,869 |   -> New best val loss: 8.1227 (saved best_model.pt)
2026-07-03 16:58:57,412 | Epoch  860/1000 | kl_g0_w=1.00 kl_u_w=1.00 | cost_ratio(u/g0)=0.0042 | train=7.0976 (recon=5.0345, kl_g0=0.0365, kl_u=2.0266, cls=0.7061) | val=8.1229 | lr=1.00e-04
2026-07-03 16:58:59,749 |   -> New best val loss: 8.1118 (saved best_model.pt)
2026-07-03 16:59:01,900 |   -> New best val loss: 8.1093 (saved best_model.pt)
2026-07-03 16:59:03,568 |   -> New best val loss: 8.1062 (saved best_model.pt)
2026-07-03 16:59:08,464 |   -> New best val loss: 8.0930 (saved best_model.pt)
2026-07-03 16:59:10,531 |   -> New best val loss: 8.0714 (saved best_model.pt)
2026-07-03 16:59:12,611 |   -> New best val loss: 8.0650 (saved best_model.pt)
2026-07-03 16:59:17,793 | Epoch  870/1000 | kl_g0_w=1.00 kl_u_w=1.00 | cost_ratio(u/g0)=0.0042 | train=7.0380 (recon=4.9792, kl_g0=0.0366, kl_u=2.0223, cls=0.7063) | val=8.0678 | lr=1.00e-04
2026-07-03 16:59:19,347 |   -> New best val loss: 8.0304 (saved best_model.pt)
2026-07-03 16:59:27,581 |   -> New best val loss: 8.0179 (saved best_model.pt)
2026-07-03 16:59:34,688 |   -> New best val loss: 7.9980 (saved best_model.pt)
2026-07-03 16:59:36,706 |   -> New best val loss: 7.9925 (saved best_model.pt)
2026-07-03 16:59:38,223 | Epoch  880/1000 | kl_g0_w=1.00 kl_u_w=1.00 | cost_ratio(u/g0)=0.0042 | train=6.9685 (recon=4.9045, kl_g0=0.0367, kl_u=2.0273, cls=0.7064) | val=7.9885 | lr=1.00e-04
2026-07-03 16:59:38,238 |   -> New best val loss: 7.9885 (saved best_model.pt)
2026-07-03 16:59:40,230 |   -> New best val loss: 7.9809 (saved best_model.pt)
2026-07-03 16:59:42,778 |   -> New best val loss: 7.9753 (saved best_model.pt)
2026-07-03 16:59:47,108 |   -> New best val loss: 7.9577 (saved best_model.pt)
2026-07-03 16:59:54,219 |   -> New best val loss: 7.9412 (saved best_model.pt)
2026-07-03 16:59:59,295 |   -> New best val loss: 7.9154 (saved best_model.pt)
2026-07-03 17:00:01,253 | Epoch  890/1000 | kl_g0_w=1.00 kl_u_w=1.00 | cost_ratio(u/g0)=0.0042 | train=6.9176 (recon=4.8635, kl_g0=0.0367, kl_u=2.0173, cls=0.7055) | val=7.9367 | lr=1.00e-04
2026-07-03 17:00:06,435 |   -> New best val loss: 7.9005 (saved best_model.pt)
2026-07-03 17:00:13,985 |   -> New best val loss: 7.8800 (saved best_model.pt)
2026-07-03 17:00:15,725 |   -> New best val loss: 7.8781 (saved best_model.pt)
2026-07-03 17:00:17,374 |   -> New best val loss: 7.8696 (saved best_model.pt)
2026-07-03 17:00:19,319 |   -> New best val loss: 7.8667 (saved best_model.pt)
2026-07-03 17:00:21,122 | Epoch  900/1000 | kl_g0_w=1.00 kl_u_w=1.00 | cost_ratio(u/g0)=0.0042 | train=6.8532 (recon=4.7940, kl_g0=0.0368, kl_u=2.0224, cls=0.7064) | val=7.8640 | lr=1.00e-04
2026-07-03 17:00:21,149 |   -> New best val loss: 7.8640 (saved best_model.pt)
2026-07-03 17:00:26,032 |   -> New best val loss: 7.8564 (saved best_model.pt)
2026-07-03 17:00:27,571 |   -> New best val loss: 7.8323 (saved best_model.pt)
2026-07-03 17:00:36,130 |   -> New best val loss: 7.8083 (saved best_model.pt)
2026-07-03 17:00:38,317 |   -> New best val loss: 7.7995 (saved best_model.pt)
2026-07-03 17:00:42,334 | Epoch  910/1000 | kl_g0_w=1.00 kl_u_w=1.00 | cost_ratio(u/g0)=0.0042 | train=6.8068 (recon=4.7585, kl_g0=0.0369, kl_u=2.0114, cls=0.7060) | val=7.8153 | lr=1.00e-04
2026-07-03 17:00:46,699 |   -> New best val loss: 7.7773 (saved best_model.pt)
2026-07-03 17:00:50,795 |   -> New best val loss: 7.7717 (saved best_model.pt)
2026-07-03 17:00:52,448 |   -> New best val loss: 7.7546 (saved best_model.pt)
2026-07-03 17:00:54,348 |   -> New best val loss: 7.7530 (saved best_model.pt)
2026-07-03 17:00:56,123 |   -> New best val loss: 7.7470 (saved best_model.pt)
2026-07-03 17:00:57,766 |   -> New best val loss: 7.7417 (saved best_model.pt)
2026-07-03 17:01:00,218 |   -> New best val loss: 7.7327 (saved best_model.pt)
2026-07-03 17:01:01,859 | Epoch  920/1000 | kl_g0_w=1.00 kl_u_w=1.00 | cost_ratio(u/g0)=0.0042 | train=6.7392 (recon=4.6865, kl_g0=0.0369, kl_u=2.0158, cls=0.7061) | val=7.7324 | lr=1.00e-04
2026-07-03 17:01:01,885 |   -> New best val loss: 7.7324 (saved best_model.pt)
2026-07-03 17:01:07,771 |   -> New best val loss: 7.7175 (saved best_model.pt)
2026-07-03 17:01:09,448 |   -> New best val loss: 7.7077 (saved best_model.pt)
2026-07-03 17:01:12,022 |   -> New best val loss: 7.6880 (saved best_model.pt)
2026-07-03 17:01:16,162 |   -> New best val loss: 7.6828 (saved best_model.pt)
2026-07-03 17:01:22,642 | Epoch  930/1000 | kl_g0_w=1.00 kl_u_w=1.00 | cost_ratio(u/g0)=0.0042 | train=6.6800 (recon=4.6345, kl_g0=0.0370, kl_u=2.0085, cls=0.7057) | val=7.6912 | lr=1.00e-04
2026-07-03 17:01:24,291 |   -> New best val loss: 7.6701 (saved best_model.pt)
2026-07-03 17:01:26,486 |   -> New best val loss: 7.6569 (saved best_model.pt)
2026-07-03 17:01:28,904 |   -> New best val loss: 7.6520 (saved best_model.pt)
2026-07-03 17:01:35,535 |   -> New best val loss: 7.6378 (saved best_model.pt)
2026-07-03 17:01:37,385 |   -> New best val loss: 7.6260 (saved best_model.pt)
2026-07-03 17:01:39,218 |   -> New best val loss: 7.6125 (saved best_model.pt)
2026-07-03 17:01:43,044 | Epoch  940/1000 | kl_g0_w=1.00 kl_u_w=1.00 | cost_ratio(u/g0)=0.0042 | train=6.6275 (recon=4.5816, kl_g0=0.0371, kl_u=2.0089, cls=0.7056) | val=7.6211 | lr=1.00e-04
2026-07-03 17:01:44,812 |   -> New best val loss: 7.6113 (saved best_model.pt)
2026-07-03 17:01:46,537 |   -> New best val loss: 7.5839 (saved best_model.pt)
2026-07-03 17:01:54,977 |   -> New best val loss: 7.5654 (saved best_model.pt)
2026-07-03 17:02:01,126 |   -> New best val loss: 7.5646 (saved best_model.pt)
2026-07-03 17:02:03,468 | Epoch  950/1000 | kl_g0_w=1.00 kl_u_w=1.00 | cost_ratio(u/g0)=0.0042 | train=6.5765 (recon=4.5323, kl_g0=0.0372, kl_u=2.0071, cls=0.7061) | val=7.5470 | lr=1.00e-04
2026-07-03 17:02:03,496 |   -> New best val loss: 7.5470 (saved best_model.pt)
2026-07-03 17:02:16,041 |   -> New best val loss: 7.5315 (saved best_model.pt)
2026-07-03 17:02:18,358 |   -> New best val loss: 7.5218 (saved best_model.pt)
2026-07-03 17:02:19,985 |   -> New best val loss: 7.5198 (saved best_model.pt)
2026-07-03 17:02:22,440 |   -> New best val loss: 7.5142 (saved best_model.pt)
2026-07-03 17:02:24,776 |   -> New best val loss: 7.5075 (saved best_model.pt)
2026-07-03 17:02:26,731 | Epoch  960/1000 | kl_g0_w=1.00 kl_u_w=1.00 | cost_ratio(u/g0)=0.0042 | train=6.5215 (recon=4.4823, kl_g0=0.0372, kl_u=2.0020, cls=0.7058) | val=7.4945 | lr=1.00e-04
2026-07-03 17:02:26,748 |   -> New best val loss: 7.4945 (saved best_model.pt)
2026-07-03 17:02:31,696 |   -> New best val loss: 7.4888 (saved best_model.pt)
2026-07-03 17:02:33,229 |   -> New best val loss: 7.4762 (saved best_model.pt)
2026-07-03 17:02:34,769 |   -> New best val loss: 7.4646 (saved best_model.pt)
2026-07-03 17:02:36,892 |   -> New best val loss: 7.4583 (saved best_model.pt)
2026-07-03 17:02:39,040 |   -> New best val loss: 7.4449 (saved best_model.pt)
2026-07-03 17:02:40,922 |   -> New best val loss: 7.4414 (saved best_model.pt)
2026-07-03 17:02:42,447 |   -> New best val loss: 7.4405 (saved best_model.pt)
2026-07-03 17:02:45,647 | Epoch  970/1000 | kl_g0_w=1.00 kl_u_w=1.00 | cost_ratio(u/g0)=0.0042 | train=6.4664 (recon=4.4268, kl_g0=0.0373, kl_u=2.0023, cls=0.7061) | val=7.4281 | lr=1.00e-04
2026-07-03 17:02:45,665 |   -> New best val loss: 7.4281 (saved best_model.pt)
2026-07-03 17:02:49,002 |   -> New best val loss: 7.4033 (saved best_model.pt)
2026-07-03 17:02:55,914 |   -> New best val loss: 7.3952 (saved best_model.pt)
2026-07-03 17:03:01,181 |   -> New best val loss: 7.3923 (saved best_model.pt)
2026-07-03 17:03:02,660 | Epoch  980/1000 | kl_g0_w=1.00 kl_u_w=1.00 | cost_ratio(u/g0)=0.0042 | train=6.4212 (recon=4.3925, kl_g0=0.0373, kl_u=1.9914, cls=0.7062) | val=7.3754 | lr=1.00e-04
2026-07-03 17:03:02,678 |   -> New best val loss: 7.3754 (saved best_model.pt)
2026-07-03 17:03:04,699 |   -> New best val loss: 7.3644 (saved best_model.pt)
2026-07-03 17:03:10,837 |   -> New best val loss: 7.3579 (saved best_model.pt)
2026-07-03 17:03:13,471 |   -> New best val loss: 7.3517 (saved best_model.pt)
2026-07-03 17:03:15,947 |   -> New best val loss: 7.3451 (saved best_model.pt)
2026-07-03 17:03:17,760 |   -> New best val loss: 7.3409 (saved best_model.pt)
2026-07-03 17:03:19,476 |   -> New best val loss: 7.3343 (saved best_model.pt)
2026-07-03 17:03:21,400 |   -> New best val loss: 7.3078 (saved best_model.pt)
2026-07-03 17:03:23,830 | Epoch  990/1000 | kl_g0_w=1.00 kl_u_w=1.00 | cost_ratio(u/g0)=0.0042 | train=6.3693 (recon=4.3432, kl_g0=0.0374, kl_u=1.9886, cls=0.7058) | val=7.3350 | lr=1.00e-04
2026-07-03 17:03:34,713 |   -> New best val loss: 7.2851 (saved best_model.pt)
2026-07-03 17:03:39,053 |   -> New best val loss: 7.2842 (saved best_model.pt)
2026-07-03 17:03:45,720 | Epoch 1000/1000 | kl_g0_w=1.00 kl_u_w=1.00 | cost_ratio(u/g0)=0.0042 | train=6.3177 (recon=4.2953, kl_g0=0.0375, kl_u=1.9850, cls=0.7061) | val=7.2566 | lr=1.00e-04
2026-07-03 17:03:45,747 |   -> New best val loss: 7.2566 (saved best_model.pt)
2026-07-03 17:03:45,759 | Final model saved to /home/nadegeo/LIFUS-BRICK/results/training/train_20260703_162955/final_model.pt
2026-07-03 17:03:45,759 | Best val loss: 7.2566
2026-07-03 17:03:45,759 | Training complete.
