2026-07-03 15:55:00,374 | ============================================================
2026-07-03 15:55:00,374 | BRICK Training -- train_20260703_155500
2026-07-03 15:55:00,374 | N_ROIS=24, M=96, H=4, T=240
2026-07-03 15:55:00,374 | Epochs=1000, LR=0.0001, WD=0.05, LAMBDA_NOISE=0.01, BATCH_SIZE=12
2026-07-03 15:55:00,374 | Patience=30, use_control=True, use_ic=True
2026-07-03 15:55:00,374 | KL annealing: g0 over 0 epochs, u delayed 0 then over 0 epochs
2026-07-03 15:55:00,374 | ============================================================
2026-07-03 15:55:00,374 | Loading dataset...
2026-07-03 15:55:00,494 | Split: 52 train | 4 val | 20 test items
2026-07-03 15:55:00,514 | Model parameters: 554,702
2026-07-03 15:55:00,945 | Starting training...
2026-07-03 15:55:02,381 | Epoch    1/1000 | kl_g0_w=1.00 kl_u_w=1.00 | cost_ratio(u/g0)=0.0042 | train=3257.2363 (recon=3251.2687, kl_g0=5.1538, kl_u=0.8138, cls=0.7013) | val=321.9135 | lr=1.00e-04
2026-07-03 15:55:02,404 |   -> New best val loss: 321.9135 (saved best_model.pt)
2026-07-03 15:55:04,595 |   -> New best val loss: 256.7858 (saved best_model.pt)
2026-07-03 15:55:06,389 |   -> New best val loss: 223.9021 (saved best_model.pt)
2026-07-03 15:55:08,111 |   -> New best val loss: 201.2874 (saved best_model.pt)
2026-07-03 15:55:09,831 |   -> New best val loss: 188.9105 (saved best_model.pt)
2026-07-03 15:55:11,577 |   -> New best val loss: 174.2022 (saved best_model.pt)
2026-07-03 15:55:14,093 |   -> New best val loss: 165.2586 (saved best_model.pt)
2026-07-03 15:55:16,181 |   -> New best val loss: 156.0782 (saved best_model.pt)
2026-07-03 15:55:18,653 |   -> New best val loss: 150.6714 (saved best_model.pt)
2026-07-03 15:55:21,127 | Epoch   10/1000 | kl_g0_w=1.00 kl_u_w=1.00 | cost_ratio(u/g0)=0.0042 | train=278.1083 (recon=271.5841, kl_g0=5.0703, kl_u=1.4539, cls=0.6983) | val=147.5313 | lr=1.00e-04
2026-07-03 15:55:21,151 |   -> New best val loss: 147.5313 (saved best_model.pt)
2026-07-03 15:55:23,411 |   -> New best val loss: 137.9846 (saved best_model.pt)
2026-07-03 15:55:25,496 |   -> New best val loss: 133.6969 (saved best_model.pt)
2026-07-03 15:55:27,409 |   -> New best val loss: 129.5246 (saved best_model.pt)
2026-07-03 15:55:29,639 |   -> New best val loss: 123.0162 (saved best_model.pt)
2026-07-03 15:55:31,147 |   -> New best val loss: 119.3462 (saved best_model.pt)
2026-07-03 15:55:32,656 |   -> New best val loss: 115.5029 (saved best_model.pt)
2026-07-03 15:55:35,034 |   -> New best val loss: 111.6341 (saved best_model.pt)
2026-07-03 15:55:37,002 |   -> New best val loss: 107.7276 (saved best_model.pt)
2026-07-03 15:55:39,148 |   -> New best val loss: 105.7751 (saved best_model.pt)
2026-07-03 15:55:41,366 | Epoch   20/1000 | kl_g0_w=1.00 kl_u_w=1.00 | cost_ratio(u/g0)=0.0042 | train=170.4038 (recon=162.4508, kl_g0=5.0392, kl_u=2.9138, cls=0.6978) | val=102.3563 | lr=1.00e-04
2026-07-03 15:55:41,390 |   -> New best val loss: 102.3563 (saved best_model.pt)
2026-07-03 15:55:43,098 |   -> New best val loss: 100.1463 (saved best_model.pt)
2026-07-03 15:55:45,199 |   -> New best val loss: 97.3455 (saved best_model.pt)
2026-07-03 15:55:47,014 |   -> New best val loss: 95.7092 (saved best_model.pt)
2026-07-03 15:55:49,428 |   -> New best val loss: 92.4297 (saved best_model.pt)
2026-07-03 15:55:51,334 |   -> New best val loss: 91.1563 (saved best_model.pt)
2026-07-03 15:55:53,399 |   -> New best val loss: 88.4904 (saved best_model.pt)
2026-07-03 15:55:55,742 |   -> New best val loss: 87.5629 (saved best_model.pt)
2026-07-03 15:55:57,543 |   -> New best val loss: 85.6949 (saved best_model.pt)
2026-07-03 15:55:59,726 |   -> New best val loss: 84.0429 (saved best_model.pt)
2026-07-03 15:56:01,929 | Epoch   30/1000 | kl_g0_w=1.00 kl_u_w=1.00 | cost_ratio(u/g0)=0.0042 | train=132.2885 (recon=123.2410, kl_g0=5.1005, kl_u=3.9470, cls=0.6951) | val=82.0834 | lr=1.00e-04
2026-07-03 15:56:01,952 |   -> New best val loss: 82.0834 (saved best_model.pt)
2026-07-03 15:56:03,915 |   -> New best val loss: 80.8649 (saved best_model.pt)
2026-07-03 15:56:05,644 |   -> New best val loss: 79.5884 (saved best_model.pt)
2026-07-03 15:56:07,378 |   -> New best val loss: 78.2562 (saved best_model.pt)
2026-07-03 15:56:10,032 |   -> New best val loss: 77.0318 (saved best_model.pt)
2026-07-03 15:56:12,438 |   -> New best val loss: 76.1016 (saved best_model.pt)
2026-07-03 15:56:14,892 |   -> New best val loss: 75.5382 (saved best_model.pt)
2026-07-03 15:56:17,471 |   -> New best val loss: 73.8730 (saved best_model.pt)
2026-07-03 15:56:19,607 |   -> New best val loss: 73.8467 (saved best_model.pt)
2026-07-03 15:56:22,134 |   -> New best val loss: 72.5488 (saved best_model.pt)
2026-07-03 15:56:24,454 | Epoch   40/1000 | kl_g0_w=1.00 kl_u_w=1.00 | cost_ratio(u/g0)=0.0042 | train=111.9638 (recon=102.4328, kl_g0=5.1908, kl_u=4.3401, cls=0.6975) | val=70.7911 | lr=1.00e-04
2026-07-03 15:56:24,483 |   -> New best val loss: 70.7911 (saved best_model.pt)
2026-07-03 15:56:26,912 |   -> New best val loss: 70.7053 (saved best_model.pt)
2026-07-03 15:56:29,048 |   -> New best val loss: 69.8776 (saved best_model.pt)
2026-07-03 15:56:30,605 |   -> New best val loss: 69.0543 (saved best_model.pt)
2026-07-03 15:56:32,354 |   -> New best val loss: 68.0499 (saved best_model.pt)
2026-07-03 15:56:34,224 |   -> New best val loss: 67.1268 (saved best_model.pt)
2026-07-03 15:56:36,369 |   -> New best val loss: 66.6897 (saved best_model.pt)
2026-07-03 15:56:38,552 |   -> New best val loss: 65.8728 (saved best_model.pt)
2026-07-03 15:56:40,822 |   -> New best val loss: 65.2891 (saved best_model.pt)
2026-07-03 15:56:42,828 |   -> New best val loss: 64.9564 (saved best_model.pt)
2026-07-03 15:56:44,739 | Epoch   50/1000 | kl_g0_w=1.00 kl_u_w=1.00 | cost_ratio(u/g0)=0.0042 | train=95.7243 (recon=86.0215, kl_g0=5.2781, kl_u=4.4246, cls=0.6981) | val=64.2236 | lr=1.00e-04
2026-07-03 15:56:44,754 |   -> New best val loss: 64.2236 (saved best_model.pt)
2026-07-03 15:56:47,026 |   -> New best val loss: 63.9794 (saved best_model.pt)
2026-07-03 15:56:48,598 |   -> New best val loss: 62.6003 (saved best_model.pt)
2026-07-03 15:56:52,397 |   -> New best val loss: 61.8515 (saved best_model.pt)
2026-07-03 15:56:54,089 |   -> New best val loss: 60.7726 (saved best_model.pt)
2026-07-03 15:56:57,762 |   -> New best val loss: 59.4507 (saved best_model.pt)
2026-07-03 15:57:02,737 |   -> New best val loss: 59.2695 (saved best_model.pt)
2026-07-03 15:57:04,631 | Epoch   60/1000 | kl_g0_w=1.00 kl_u_w=1.00 | cost_ratio(u/g0)=0.0042 | train=84.9712 (recon=75.2307, kl_g0=5.3768, kl_u=4.3636, cls=0.6954) | val=58.7834 | lr=1.00e-04
2026-07-03 15:57:04,656 |   -> New best val loss: 58.7834 (saved best_model.pt)
2026-07-03 15:57:06,976 |   -> New best val loss: 58.0192 (saved best_model.pt)
2026-07-03 15:57:08,976 |   -> New best val loss: 57.7980 (saved best_model.pt)
2026-07-03 15:57:11,031 |   -> New best val loss: 57.5711 (saved best_model.pt)
2026-07-03 15:57:12,728 |   -> New best val loss: 56.5644 (saved best_model.pt)
2026-07-03 15:57:14,301 |   -> New best val loss: 56.2326 (saved best_model.pt)
2026-07-03 15:57:15,875 |   -> New best val loss: 56.0049 (saved best_model.pt)
2026-07-03 15:57:17,527 |   -> New best val loss: 55.4249 (saved best_model.pt)
2026-07-03 15:57:19,061 |   -> New best val loss: 55.2584 (saved best_model.pt)
2026-07-03 15:57:20,768 |   -> New best val loss: 54.4832 (saved best_model.pt)
2026-07-03 15:57:23,152 | Epoch   70/1000 | kl_g0_w=1.00 kl_u_w=1.00 | cost_ratio(u/g0)=0.0042 | train=75.0374 (recon=65.2997, kl_g0=5.4677, kl_u=4.2700, cls=0.6957) | val=54.2481 | lr=1.00e-04
2026-07-03 15:57:23,175 |   -> New best val loss: 54.2481 (saved best_model.pt)
2026-07-03 15:57:24,818 |   -> New best val loss: 54.0313 (saved best_model.pt)
2026-07-03 15:57:29,274 |   -> New best val loss: 53.2981 (saved best_model.pt)
2026-07-03 15:57:31,480 |   -> New best val loss: 53.1079 (saved best_model.pt)
2026-07-03 15:57:33,857 |   -> New best val loss: 52.6932 (saved best_model.pt)
2026-07-03 15:57:35,420 |   -> New best val loss: 51.9885 (saved best_model.pt)
2026-07-03 15:57:39,152 |   -> New best val loss: 51.2111 (saved best_model.pt)
2026-07-03 15:57:43,116 | Epoch   80/1000 | kl_g0_w=1.00 kl_u_w=1.00 | cost_ratio(u/g0)=0.0042 | train=68.5897 (recon=58.8053, kl_g0=5.5605, kl_u=4.2240, cls=0.6958) | val=50.3660 | lr=1.00e-04
2026-07-03 15:57:43,140 |   -> New best val loss: 50.3660 (saved best_model.pt)
2026-07-03 15:57:45,693 |   -> New best val loss: 50.2693 (saved best_model.pt)
2026-07-03 15:57:48,297 |   -> New best val loss: 50.1226 (saved best_model.pt)
2026-07-03 15:57:50,131 |   -> New best val loss: 49.4215 (saved best_model.pt)
2026-07-03 15:57:53,719 |   -> New best val loss: 49.4156 (saved best_model.pt)
2026-07-03 15:57:55,762 |   -> New best val loss: 49.0582 (saved best_model.pt)
2026-07-03 15:57:57,649 |   -> New best val loss: 48.8045 (saved best_model.pt)
2026-07-03 15:57:59,607 |   -> New best val loss: 48.2909 (saved best_model.pt)
2026-07-03 15:58:01,134 |   -> New best val loss: 48.1199 (saved best_model.pt)
2026-07-03 15:58:03,406 | Epoch   90/1000 | kl_g0_w=1.00 kl_u_w=1.00 | cost_ratio(u/g0)=0.0042 | train=62.8706 (recon=53.1718, kl_g0=5.6603, kl_u=4.0384, cls=0.6955) | val=48.1310 | lr=1.00e-04
2026-07-03 15:58:07,873 |   -> New best val loss: 46.8431 (saved best_model.pt)
2026-07-03 15:58:11,559 |   -> New best val loss: 46.6608 (saved best_model.pt)
2026-07-03 15:58:15,046 |   -> New best val loss: 46.5147 (saved best_model.pt)
2026-07-03 15:58:16,765 |   -> New best val loss: 46.3198 (saved best_model.pt)
2026-07-03 15:58:18,836 |   -> New best val loss: 45.6801 (saved best_model.pt)
2026-07-03 15:58:22,335 | Epoch  100/1000 | kl_g0_w=1.00 kl_u_w=1.00 | cost_ratio(u/g0)=0.0042 | train=58.1923 (recon=48.5195, kl_g0=5.7352, kl_u=3.9376, cls=0.6957) | val=45.7610 | lr=1.00e-04
2026-07-03 15:58:24,418 |   -> New best val loss: 45.2512 (saved best_model.pt)
2026-07-03 15:58:26,020 |   -> New best val loss: 45.2109 (saved best_model.pt)
2026-07-03 15:58:27,939 |   -> New best val loss: 45.1160 (saved best_model.pt)
2026-07-03 15:58:30,002 |   -> New best val loss: 44.2141 (saved best_model.pt)
2026-07-03 15:58:33,742 |   -> New best val loss: 43.9525 (saved best_model.pt)
2026-07-03 15:58:35,915 |   -> New best val loss: 43.8968 (saved best_model.pt)
2026-07-03 15:58:38,199 |   -> New best val loss: 43.7959 (saved best_model.pt)
2026-07-03 15:58:39,880 |   -> New best val loss: 43.5133 (saved best_model.pt)
2026-07-03 15:58:42,421 | Epoch  110/1000 | kl_g0_w=1.00 kl_u_w=1.00 | cost_ratio(u/g0)=0.0042 | train=54.2658 (recon=44.6447, kl_g0=5.8180, kl_u=3.8031, cls=0.6948) | val=43.1434 | lr=1.00e-04
2026-07-03 15:58:42,446 |   -> New best val loss: 43.1434 (saved best_model.pt)
2026-07-03 15:58:44,598 |   -> New best val loss: 42.7337 (saved best_model.pt)
2026-07-03 15:58:49,297 |   -> New best val loss: 42.6167 (saved best_model.pt)
2026-07-03 15:58:50,859 |   -> New best val loss: 42.4966 (saved best_model.pt)
2026-07-03 15:58:52,545 |   -> New best val loss: 42.2481 (saved best_model.pt)
2026-07-03 15:58:56,518 |   -> New best val loss: 42.0577 (saved best_model.pt)
2026-07-03 15:58:59,582 |   -> New best val loss: 41.7246 (saved best_model.pt)
2026-07-03 15:59:01,983 | Epoch  120/1000 | kl_g0_w=1.00 kl_u_w=1.00 | cost_ratio(u/g0)=0.0042 | train=50.4144 (recon=40.7469, kl_g0=5.8806, kl_u=3.7869, cls=0.6949) | val=41.4641 | lr=1.00e-04
2026-07-03 15:59:02,008 |   -> New best val loss: 41.4641 (saved best_model.pt)
2026-07-03 15:59:06,240 |   -> New best val loss: 41.1475 (saved best_model.pt)
2026-07-03 15:59:08,317 |   -> New best val loss: 41.1318 (saved best_model.pt)
2026-07-03 15:59:13,170 |   -> New best val loss: 40.9277 (saved best_model.pt)
2026-07-03 15:59:15,741 |   -> New best val loss: 40.4046 (saved best_model.pt)
2026-07-03 15:59:17,545 |   -> New best val loss: 40.3581 (saved best_model.pt)
2026-07-03 15:59:19,136 |   -> New best val loss: 40.0057 (saved best_model.pt)
2026-07-03 15:59:22,849 | Epoch  130/1000 | kl_g0_w=1.00 kl_u_w=1.00 | cost_ratio(u/g0)=0.0042 | train=47.0356 (recon=37.3993, kl_g0=5.9516, kl_u=3.6847, cls=0.6927) | val=39.8225 | lr=1.00e-04
2026-07-03 15:59:22,867 |   -> New best val loss: 39.8225 (saved best_model.pt)
2026-07-03 15:59:24,725 |   -> New best val loss: 39.5417 (saved best_model.pt)
2026-07-03 15:59:28,546 |   -> New best val loss: 39.3897 (saved best_model.pt)
2026-07-03 15:59:30,703 |   -> New best val loss: 39.2669 (saved best_model.pt)
2026-07-03 15:59:32,219 |   -> New best val loss: 39.1618 (saved best_model.pt)
2026-07-03 15:59:34,173 |   -> New best val loss: 38.9374 (saved best_model.pt)
2026-07-03 15:59:36,397 |   -> New best val loss: 38.8986 (saved best_model.pt)
2026-07-03 15:59:38,396 |   -> New best val loss: 38.7109 (saved best_model.pt)
2026-07-03 15:59:40,340 |   -> New best val loss: 38.4093 (saved best_model.pt)
2026-07-03 15:59:42,239 | Epoch  140/1000 | kl_g0_w=1.00 kl_u_w=1.00 | cost_ratio(u/g0)=0.0042 | train=45.1976 (recon=35.6036, kl_g0=6.0176, kl_u=3.5764, cls=0.6954) | val=38.4730 | lr=1.00e-04
2026-07-03 15:59:44,320 |   -> New best val loss: 38.2875 (saved best_model.pt)
2026-07-03 15:59:45,852 |   -> New best val loss: 37.8248 (saved best_model.pt)
2026-07-03 15:59:48,934 |   -> New best val loss: 37.6662 (saved best_model.pt)
2026-07-03 15:59:52,234 |   -> New best val loss: 37.4911 (saved best_model.pt)
2026-07-03 15:59:54,372 |   -> New best val loss: 37.2643 (saved best_model.pt)
2026-07-03 15:59:58,265 |   -> New best val loss: 36.9168 (saved best_model.pt)
2026-07-03 16:00:00,387 | Epoch  150/1000 | kl_g0_w=1.00 kl_u_w=1.00 | cost_ratio(u/g0)=0.0042 | train=42.3289 (recon=32.7419, kl_g0=6.0720, kl_u=3.5151, cls=0.6942) | val=36.8024 | lr=1.00e-04
2026-07-03 16:00:00,411 |   -> New best val loss: 36.8024 (saved best_model.pt)
2026-07-03 16:00:04,677 |   -> New best val loss: 36.5917 (saved best_model.pt)
2026-07-03 16:00:06,414 |   -> New best val loss: 36.4228 (saved best_model.pt)
2026-07-03 16:00:10,640 |   -> New best val loss: 36.3406 (saved best_model.pt)
2026-07-03 16:00:12,705 |   -> New best val loss: 36.1225 (saved best_model.pt)
2026-07-03 16:00:17,199 |   -> New best val loss: 35.8256 (saved best_model.pt)
2026-07-03 16:00:21,918 | Epoch  160/1000 | kl_g0_w=1.00 kl_u_w=1.00 | cost_ratio(u/g0)=0.0042 | train=40.5873 (recon=31.0441, kl_g0=6.1175, kl_u=3.4257, cls=0.6958) | val=35.7094 | lr=1.00e-04
2026-07-03 16:00:21,945 |   -> New best val loss: 35.7094 (saved best_model.pt)
2026-07-03 16:00:24,147 |   -> New best val loss: 35.5322 (saved best_model.pt)
2026-07-03 16:00:29,217 |   -> New best val loss: 35.4751 (saved best_model.pt)
2026-07-03 16:00:31,162 |   -> New best val loss: 35.0216 (saved best_model.pt)
2026-07-03 16:00:36,533 |   -> New best val loss: 34.9343 (saved best_model.pt)
2026-07-03 16:00:38,439 |   -> New best val loss: 34.9199 (saved best_model.pt)
2026-07-03 16:00:39,993 |   -> New best val loss: 34.6543 (saved best_model.pt)
2026-07-03 16:00:41,575 | Epoch  170/1000 | kl_g0_w=1.00 kl_u_w=1.00 | cost_ratio(u/g0)=0.0042 | train=38.7504 (recon=29.1466, kl_g0=6.1562, kl_u=3.4476, cls=0.6950) | val=34.8909 | lr=1.00e-04
2026-07-03 16:00:43,128 |   -> New best val loss: 34.6507 (saved best_model.pt)
2026-07-03 16:00:44,663 |   -> New best val loss: 34.3257 (saved best_model.pt)
2026-07-03 16:00:46,509 |   -> New best val loss: 34.1514 (saved best_model.pt)
2026-07-03 16:00:51,320 |   -> New best val loss: 33.9028 (saved best_model.pt)
2026-07-03 16:00:53,160 |   -> New best val loss: 33.8688 (saved best_model.pt)
2026-07-03 16:00:58,107 |   -> New best val loss: 33.7199 (saved best_model.pt)
2026-07-03 16:01:00,015 |   -> New best val loss: 33.5257 (saved best_model.pt)
2026-07-03 16:01:01,715 | Epoch  180/1000 | kl_g0_w=1.00 kl_u_w=1.00 | cost_ratio(u/g0)=0.0042 | train=37.1865 (recon=27.6804, kl_g0=6.1862, kl_u=3.3199, cls=0.6965) | val=33.7198 | lr=1.00e-04
2026-07-03 16:01:03,500 |   -> New best val loss: 33.4878 (saved best_model.pt)
2026-07-03 16:01:05,915 |   -> New best val loss: 33.1041 (saved best_model.pt)
2026-07-03 16:01:09,681 |   -> New best val loss: 32.9755 (saved best_model.pt)
2026-07-03 16:01:11,506 |   -> New best val loss: 32.9035 (saved best_model.pt)
2026-07-03 16:01:13,964 |   -> New best val loss: 32.7143 (saved best_model.pt)
2026-07-03 16:01:18,135 |   -> New best val loss: 32.5812 (saved best_model.pt)
2026-07-03 16:01:20,518 |   -> New best val loss: 32.4593 (saved best_model.pt)
2026-07-03 16:01:22,748 | Epoch  190/1000 | kl_g0_w=1.00 kl_u_w=1.00 | cost_ratio(u/g0)=0.0042 | train=35.3781 (recon=25.9180, kl_g0=6.2052, kl_u=3.2550, cls=0.6952) | val=32.4351 | lr=1.00e-04
2026-07-03 16:01:22,773 |   -> New best val loss: 32.4351 (saved best_model.pt)
2026-07-03 16:01:26,516 |   -> New best val loss: 32.2097 (saved best_model.pt)
2026-07-03 16:01:30,058 |   -> New best val loss: 32.1052 (saved best_model.pt)
2026-07-03 16:01:31,662 |   -> New best val loss: 31.9793 (saved best_model.pt)
2026-07-03 16:01:33,341 |   -> New best val loss: 31.7426 (saved best_model.pt)
2026-07-03 16:01:39,555 |   -> New best val loss: 31.4482 (saved best_model.pt)
2026-07-03 16:01:41,495 | Epoch  200/1000 | kl_g0_w=1.00 kl_u_w=1.00 | cost_ratio(u/g0)=0.0042 | train=34.0675 (recon=24.6348, kl_g0=6.2190, kl_u=3.2137, cls=0.6940) | val=31.4793 | lr=1.00e-04
2026-07-03 16:01:44,123 |   -> New best val loss: 31.2810 (saved best_model.pt)
2026-07-03 16:01:46,531 |   -> New best val loss: 31.2151 (saved best_model.pt)
2026-07-03 16:01:51,289 |   -> New best val loss: 31.1164 (saved best_model.pt)
2026-07-03 16:01:52,852 |   -> New best val loss: 31.0145 (saved best_model.pt)
2026-07-03 16:01:54,919 |   -> New best val loss: 30.8187 (saved best_model.pt)
2026-07-03 16:01:56,565 |   -> New best val loss: 30.7921 (saved best_model.pt)
2026-07-03 16:01:58,576 |   -> New best val loss: 30.7413 (saved best_model.pt)
2026-07-03 16:02:00,695 |   -> New best val loss: 30.6407 (saved best_model.pt)
2026-07-03 16:02:03,227 | Epoch  210/1000 | kl_g0_w=1.00 kl_u_w=1.00 | cost_ratio(u/g0)=0.0042 | train=32.6197 (recon=23.2523, kl_g0=6.2226, kl_u=3.1448, cls=0.6940) | val=30.4418 | lr=1.00e-04
2026-07-03 16:02:03,253 |   -> New best val loss: 30.4418 (saved best_model.pt)
2026-07-03 16:02:07,956 |   -> New best val loss: 30.2788 (saved best_model.pt)
2026-07-03 16:02:14,854 |   -> New best val loss: 30.1235 (saved best_model.pt)
2026-07-03 16:02:17,451 |   -> New best val loss: 30.0646 (saved best_model.pt)
2026-07-03 16:02:19,253 |   -> New best val loss: 29.9325 (saved best_model.pt)
2026-07-03 16:02:21,843 |   -> New best val loss: 29.7781 (saved best_model.pt)
2026-07-03 16:02:24,448 |   -> New best val loss: 29.7105 (saved best_model.pt)
2026-07-03 16:02:26,575 | Epoch  220/1000 | kl_g0_w=1.00 kl_u_w=1.00 | cost_ratio(u/g0)=0.0042 | train=31.5141 (recon=22.1836, kl_g0=6.2263, kl_u=3.1041, cls=0.6973) | val=29.5944 | lr=1.00e-04
2026-07-03 16:02:26,600 |   -> New best val loss: 29.5944 (saved best_model.pt)
2026-07-03 16:02:28,342 |   -> New best val loss: 29.5519 (saved best_model.pt)
2026-07-03 16:02:30,655 |   -> New best val loss: 29.4698 (saved best_model.pt)
2026-07-03 16:02:32,646 |   -> New best val loss: 29.3466 (saved best_model.pt)
2026-07-03 16:02:35,049 |   -> New best val loss: 29.2960 (saved best_model.pt)
2026-07-03 16:02:37,100 |   -> New best val loss: 29.1076 (saved best_model.pt)
2026-07-03 16:02:39,694 |   -> New best val loss: 29.0832 (saved best_model.pt)
2026-07-03 16:02:42,002 |   -> New best val loss: 28.9931 (saved best_model.pt)
2026-07-03 16:02:43,545 |   -> New best val loss: 28.9569 (saved best_model.pt)
2026-07-03 16:02:45,493 |   -> New best val loss: 28.9074 (saved best_model.pt)
2026-07-03 16:02:47,100 | Epoch  230/1000 | kl_g0_w=1.00 kl_u_w=1.00 | cost_ratio(u/g0)=0.0042 | train=30.4164 (recon=21.1494, kl_g0=6.2161, kl_u=3.0509, cls=0.6965) | val=28.7343 | lr=1.00e-04
2026-07-03 16:02:47,118 |   -> New best val loss: 28.7343 (saved best_model.pt)
2026-07-03 16:02:51,998 |   -> New best val loss: 28.6175 (saved best_model.pt)
2026-07-03 16:02:54,272 |   -> New best val loss: 28.5775 (saved best_model.pt)
2026-07-03 16:02:59,159 |   -> New best val loss: 28.4299 (saved best_model.pt)
2026-07-03 16:03:01,597 |   -> New best val loss: 28.2375 (saved best_model.pt)
2026-07-03 16:03:04,113 |   -> New best val loss: 28.1918 (saved best_model.pt)
2026-07-03 16:03:06,369 |   -> New best val loss: 28.1446 (saved best_model.pt)
2026-07-03 16:03:11,008 | Epoch  240/1000 | kl_g0_w=1.00 kl_u_w=1.00 | cost_ratio(u/g0)=0.0042 | train=29.4872 (recon=20.2646, kl_g0=6.1914, kl_u=3.0311, cls=0.6968) | val=27.9126 | lr=1.00e-04
2026-07-03 16:03:11,034 |   -> New best val loss: 27.9126 (saved best_model.pt)
2026-07-03 16:03:12,667 |   -> New best val loss: 27.7552 (saved best_model.pt)
2026-07-03 16:03:17,554 |   -> New best val loss: 27.5542 (saved best_model.pt)
2026-07-03 16:03:21,157 |   -> New best val loss: 27.4901 (saved best_model.pt)
2026-07-03 16:03:22,792 |   -> New best val loss: 27.4471 (saved best_model.pt)
2026-07-03 16:03:27,508 |   -> New best val loss: 27.2514 (saved best_model.pt)
2026-07-03 16:03:29,645 | Epoch  250/1000 | kl_g0_w=1.00 kl_u_w=1.00 | cost_ratio(u/g0)=0.0042 | train=28.1778 (recon=19.0423, kl_g0=6.1547, kl_u=2.9808, cls=0.6962) | val=27.1530 | lr=1.00e-04
2026-07-03 16:03:29,663 |   -> New best val loss: 27.1530 (saved best_model.pt)
2026-07-03 16:03:33,061 |   -> New best val loss: 27.1365 (saved best_model.pt)
2026-07-03 16:03:35,265 |   -> New best val loss: 27.1266 (saved best_model.pt)
2026-07-03 16:03:36,851 |   -> New best val loss: 26.7949 (saved best_model.pt)
2026-07-03 16:03:41,096 |   -> New best val loss: 26.6948 (saved best_model.pt)
2026-07-03 16:03:45,037 |   -> New best val loss: 26.5488 (saved best_model.pt)
2026-07-03 16:03:48,931 | Epoch  260/1000 | kl_g0_w=1.00 kl_u_w=1.00 | cost_ratio(u/g0)=0.0042 | train=27.5916 (recon=18.5182, kl_g0=6.1074, kl_u=2.9660, cls=0.6976) | val=26.3539 | lr=1.00e-04
2026-07-03 16:03:48,949 |   -> New best val loss: 26.3539 (saved best_model.pt)
2026-07-03 16:03:56,235 |   -> New best val loss: 26.2590 (saved best_model.pt)
2026-07-03 16:03:58,185 |   -> New best val loss: 26.2096 (saved best_model.pt)
2026-07-03 16:04:00,013 |   -> New best val loss: 26.0887 (saved best_model.pt)
2026-07-03 16:04:01,608 |   -> New best val loss: 25.9592 (saved best_model.pt)
2026-07-03 16:04:06,320 |   -> New best val loss: 25.8846 (saved best_model.pt)
2026-07-03 16:04:08,044 |   -> New best val loss: 25.7431 (saved best_model.pt)
2026-07-03 16:04:10,461 | Epoch  270/1000 | kl_g0_w=1.00 kl_u_w=1.00 | cost_ratio(u/g0)=0.0042 | train=26.6630 (recon=17.6908, kl_g0=6.0537, kl_u=2.9185, cls=0.6986) | val=25.8574 | lr=1.00e-04
2026-07-03 16:04:12,245 |   -> New best val loss: 25.6337 (saved best_model.pt)
2026-07-03 16:04:18,569 |   -> New best val loss: 25.3344 (saved best_model.pt)
2026-07-03 16:04:25,818 |   -> New best val loss: 25.0951 (saved best_model.pt)
2026-07-03 16:04:33,381 | Epoch  280/1000 | kl_g0_w=1.00 kl_u_w=1.00 | cost_ratio(u/g0)=0.0042 | train=25.8282 (recon=16.9306, kl_g0=5.9902, kl_u=2.9074, cls=0.6985) | val=25.1397 | lr=1.00e-04
2026-07-03 16:04:35,536 |   -> New best val loss: 25.0123 (saved best_model.pt)
2026-07-03 16:04:37,515 |   -> New best val loss: 24.8895 (saved best_model.pt)
2026-07-03 16:04:40,054 |   -> New best val loss: 24.7632 (saved best_model.pt)
2026-07-03 16:04:42,217 |   -> New best val loss: 24.7186 (saved best_model.pt)
2026-07-03 16:04:44,671 |   -> New best val loss: 24.6975 (saved best_model.pt)
2026-07-03 16:04:46,405 |   -> New best val loss: 24.6621 (saved best_model.pt)
2026-07-03 16:04:48,229 |   -> New best val loss: 24.6086 (saved best_model.pt)
2026-07-03 16:04:50,021 |   -> New best val loss: 24.5006 (saved best_model.pt)
2026-07-03 16:04:52,321 |   -> New best val loss: 24.4284 (saved best_model.pt)
2026-07-03 16:04:54,687 | Epoch  290/1000 | kl_g0_w=1.00 kl_u_w=1.00 | cost_ratio(u/g0)=0.0042 | train=25.1241 (recon=16.3332, kl_g0=5.9221, kl_u=2.8689, cls=0.6971) | val=24.4675 | lr=1.00e-04
2026-07-03 16:04:56,417 |   -> New best val loss: 24.2135 (saved best_model.pt)
2026-07-03 16:04:57,971 |   -> New best val loss: 24.1710 (saved best_model.pt)
2026-07-03 16:04:59,929 |   -> New best val loss: 24.1419 (saved best_model.pt)
2026-07-03 16:05:01,718 |   -> New best val loss: 24.0979 (saved best_model.pt)
2026-07-03 16:05:03,917 |   -> New best val loss: 24.0240 (saved best_model.pt)
2026-07-03 16:05:08,446 |   -> New best val loss: 23.7534 (saved best_model.pt)
2026-07-03 16:05:14,466 | Epoch  300/1000 | kl_g0_w=1.00 kl_u_w=1.00 | cost_ratio(u/g0)=0.0042 | train=24.3059 (recon=15.6318, kl_g0=5.8281, kl_u=2.8459, cls=0.6995) | val=23.8217 | lr=1.00e-04
2026-07-03 16:05:16,453 |   -> New best val loss: 23.5672 (saved best_model.pt)
2026-07-03 16:05:18,097 |   -> New best val loss: 23.5045 (saved best_model.pt)
2026-07-03 16:05:22,065 |   -> New best val loss: 23.4455 (saved best_model.pt)
2026-07-03 16:05:23,694 |   -> New best val loss: 23.2801 (saved best_model.pt)
2026-07-03 16:05:29,544 |   -> New best val loss: 23.1510 (saved best_model.pt)
2026-07-03 16:05:31,205 |   -> New best val loss: 23.1021 (saved best_model.pt)
2026-07-03 16:05:33,380 | Epoch  310/1000 | kl_g0_w=1.00 kl_u_w=1.00 | cost_ratio(u/g0)=0.0042 | train=23.4610 (recon=14.9060, kl_g0=5.7434, kl_u=2.8115, cls=0.6998) | val=23.0795 | lr=1.00e-04
2026-07-03 16:05:33,406 |   -> New best val loss: 23.0795 (saved best_model.pt)
2026-07-03 16:05:35,551 |   -> New best val loss: 22.9649 (saved best_model.pt)
2026-07-03 16:05:37,339 |   -> New best val loss: 22.7858 (saved best_model.pt)
2026-07-03 16:05:41,313 |   -> New best val loss: 22.7665 (saved best_model.pt)
2026-07-03 16:05:43,280 |   -> New best val loss: 22.6074 (saved best_model.pt)
2026-07-03 16:05:48,632 |   -> New best val loss: 22.3765 (saved best_model.pt)
2026-07-03 16:05:53,198 | Epoch  320/1000 | kl_g0_w=1.00 kl_u_w=1.00 | cost_ratio(u/g0)=0.0042 | train=22.7146 (recon=14.2481, kl_g0=5.6562, kl_u=2.8103, cls=0.6996) | val=22.5179 | lr=1.00e-04
2026-07-03 16:05:55,792 |   -> New best val loss: 22.2802 (saved best_model.pt)
2026-07-03 16:05:58,287 |   -> New best val loss: 22.2549 (saved best_model.pt)
2026-07-03 16:06:00,454 |   -> New best val loss: 22.2126 (saved best_model.pt)
2026-07-03 16:06:02,035 |   -> New best val loss: 22.1932 (saved best_model.pt)
2026-07-03 16:06:03,640 |   -> New best val loss: 22.1436 (saved best_model.pt)
2026-07-03 16:06:05,386 |   -> New best val loss: 21.9821 (saved best_model.pt)
2026-07-03 16:06:09,662 |   -> New best val loss: 21.9356 (saved best_model.pt)
2026-07-03 16:06:11,688 |   -> New best val loss: 21.8489 (saved best_model.pt)
2026-07-03 16:06:13,729 | Epoch  330/1000 | kl_g0_w=1.00 kl_u_w=1.00 | cost_ratio(u/g0)=0.0042 | train=22.1883 (recon=13.8404, kl_g0=5.5606, kl_u=2.7872, cls=0.7005) | val=21.7450 | lr=1.00e-04
2026-07-03 16:06:13,747 |   -> New best val loss: 21.7450 (saved best_model.pt)
2026-07-03 16:06:17,726 |   -> New best val loss: 21.6489 (saved best_model.pt)
2026-07-03 16:06:19,887 |   -> New best val loss: 21.6282 (saved best_model.pt)
2026-07-03 16:06:23,635 |   -> New best val loss: 21.5475 (saved best_model.pt)
2026-07-03 16:06:25,872 |   -> New best val loss: 21.4962 (saved best_model.pt)
2026-07-03 16:06:27,708 |   -> New best val loss: 21.4535 (saved best_model.pt)
2026-07-03 16:06:29,226 |   -> New best val loss: 21.4308 (saved best_model.pt)
2026-07-03 16:06:31,173 |   -> New best val loss: 21.2693 (saved best_model.pt)
2026-07-03 16:06:33,695 | Epoch  340/1000 | kl_g0_w=1.00 kl_u_w=1.00 | cost_ratio(u/g0)=0.0042 | train=21.6087 (recon=13.3909, kl_g0=5.4703, kl_u=2.7476, cls=0.7016) | val=21.2373 | lr=1.00e-04
2026-07-03 16:06:33,720 |   -> New best val loss: 21.2373 (saved best_model.pt)
2026-07-03 16:06:36,313 |   -> New best val loss: 21.1801 (saved best_model.pt)
2026-07-03 16:06:40,698 |   -> New best val loss: 21.0039 (saved best_model.pt)
2026-07-03 16:06:42,358 |   -> New best val loss: 20.9950 (saved best_model.pt)
2026-07-03 16:06:44,380 |   -> New best val loss: 20.9492 (saved best_model.pt)
2026-07-03 16:06:46,647 |   -> New best val loss: 20.9317 (saved best_model.pt)
2026-07-03 16:06:49,193 |   -> New best val loss: 20.8507 (saved best_model.pt)
2026-07-03 16:06:50,800 |   -> New best val loss: 20.7722 (saved best_model.pt)
2026-07-03 16:06:52,374 |   -> New best val loss: 20.6144 (saved best_model.pt)
2026-07-03 16:06:54,113 | Epoch  350/1000 | kl_g0_w=1.00 kl_u_w=1.00 | cost_ratio(u/g0)=0.0042 | train=21.0176 (recon=12.9362, kl_g0=5.3710, kl_u=2.7104, cls=0.7018) | val=20.7364 | lr=1.00e-04
2026-07-03 16:06:55,660 |   -> New best val loss: 20.5349 (saved best_model.pt)
2026-07-03 16:07:01,782 |   -> New best val loss: 20.3974 (saved best_model.pt)
2026-07-03 16:07:04,240 |   -> New best val loss: 20.3390 (saved best_model.pt)
2026-07-03 16:07:08,143 |   -> New best val loss: 20.2036 (saved best_model.pt)
2026-07-03 16:07:09,855 |   -> New best val loss: 20.1961 (saved best_model.pt)
2026-07-03 16:07:11,580 |   -> New best val loss: 20.1514 (saved best_model.pt)
2026-07-03 16:07:13,318 | Epoch  360/1000 | kl_g0_w=1.00 kl_u_w=1.00 | cost_ratio(u/g0)=0.0042 | train=20.5015 (recon=12.5444, kl_g0=5.2543, kl_u=2.7028, cls=0.7006) | val=20.1333 | lr=1.00e-04
2026-07-03 16:07:13,336 |   -> New best val loss: 20.1333 (saved best_model.pt)
2026-07-03 16:07:15,415 |   -> New best val loss: 20.0125 (saved best_model.pt)
2026-07-03 16:07:18,551 |   -> New best val loss: 19.9441 (saved best_model.pt)
2026-07-03 16:07:20,240 |   -> New best val loss: 19.9197 (saved best_model.pt)
2026-07-03 16:07:22,599 |   -> New best val loss: 19.8098 (saved best_model.pt)
2026-07-03 16:07:24,460 |   -> New best val loss: 19.7678 (saved best_model.pt)
2026-07-03 16:07:26,034 |   -> New best val loss: 19.7496 (saved best_model.pt)
2026-07-03 16:07:27,604 |   -> New best val loss: 19.7000 (saved best_model.pt)
2026-07-03 16:07:32,641 | Epoch  370/1000 | kl_g0_w=1.00 kl_u_w=1.00 | cost_ratio(u/g0)=0.0042 | train=19.9075 (recon=12.1242, kl_g0=5.1129, kl_u=2.6704, cls=0.7012) | val=19.6050 | lr=1.00e-04
2026-07-03 16:07:32,665 |   -> New best val loss: 19.6050 (saved best_model.pt)
2026-07-03 16:07:35,012 |   -> New best val loss: 19.5112 (saved best_model.pt)
2026-07-03 16:07:36,813 |   -> New best val loss: 19.4963 (saved best_model.pt)
2026-07-03 16:07:38,515 |   -> New best val loss: 19.4261 (saved best_model.pt)
2026-07-03 16:07:40,321 |   -> New best val loss: 19.3433 (saved best_model.pt)
2026-07-03 16:07:41,898 |   -> New best val loss: 19.3015 (saved best_model.pt)
2026-07-03 16:07:43,434 |   -> New best val loss: 19.2687 (saved best_model.pt)
2026-07-03 16:07:44,983 |   -> New best val loss: 19.2098 (saved best_model.pt)
2026-07-03 16:07:46,730 |   -> New best val loss: 19.1168 (saved best_model.pt)
2026-07-03 16:07:51,603 | Epoch  380/1000 | kl_g0_w=1.00 kl_u_w=1.00 | cost_ratio(u/g0)=0.0042 | train=19.3474 (recon=11.7373, kl_g0=4.9705, kl_u=2.6397, cls=0.7023) | val=19.1120 | lr=1.00e-04
2026-07-03 16:07:51,620 |   -> New best val loss: 19.1120 (saved best_model.pt)
2026-07-03 16:07:53,622 |   -> New best val loss: 18.9920 (saved best_model.pt)
2026-07-03 16:07:55,985 |   -> New best val loss: 18.9052 (saved best_model.pt)
2026-07-03 16:07:58,424 |   -> New best val loss: 18.8585 (saved best_model.pt)
2026-07-03 16:08:02,906 |   -> New best val loss: 18.7963 (saved best_model.pt)
2026-07-03 16:08:07,570 |   -> New best val loss: 18.7197 (saved best_model.pt)
2026-07-03 16:08:11,513 |   -> New best val loss: 18.5987 (saved best_model.pt)
2026-07-03 16:08:13,617 | Epoch  390/1000 | kl_g0_w=1.00 kl_u_w=1.00 | cost_ratio(u/g0)=0.0042 | train=18.9445 (recon=11.4804, kl_g0=4.8408, kl_u=2.6232, cls=0.7029) | val=18.6353 | lr=1.00e-04
2026-07-03 16:08:15,832 |   -> New best val loss: 18.5015 (saved best_model.pt)
2026-07-03 16:08:20,542 |   -> New best val loss: 18.4585 (saved best_model.pt)
2026-07-03 16:08:22,442 |   -> New best val loss: 18.4049 (saved best_model.pt)
2026-07-03 16:08:24,834 |   -> New best val loss: 18.3377 (saved best_model.pt)
2026-07-03 16:08:29,137 |   -> New best val loss: 18.2224 (saved best_model.pt)
2026-07-03 16:08:31,691 |   -> New best val loss: 18.1955 (saved best_model.pt)
2026-07-03 16:08:33,783 |   -> New best val loss: 18.1402 (saved best_model.pt)
2026-07-03 16:08:35,682 | Epoch  400/1000 | kl_g0_w=1.00 kl_u_w=1.00 | cost_ratio(u/g0)=0.0042 | train=18.3618 (recon=11.0787, kl_g0=4.6888, kl_u=2.5943, cls=0.7028) | val=18.1119 | lr=1.00e-04
2026-07-03 16:08:35,705 |   -> New best val loss: 18.1119 (saved best_model.pt)
2026-07-03 16:08:37,531 |   -> New best val loss: 18.0653 (saved best_model.pt)
2026-07-03 16:08:39,582 |   -> New best val loss: 18.0274 (saved best_model.pt)
2026-07-03 16:08:41,928 |   -> New best val loss: 17.9722 (saved best_model.pt)
2026-07-03 16:08:43,495 |   -> New best val loss: 17.8795 (saved best_model.pt)
2026-07-03 16:08:45,158 |   -> New best val loss: 17.8290 (saved best_model.pt)
2026-07-03 16:08:46,731 |   -> New best val loss: 17.7392 (saved best_model.pt)
2026-07-03 16:08:48,328 |   -> New best val loss: 17.7247 (saved best_model.pt)
2026-07-03 16:08:52,313 |   -> New best val loss: 17.6286 (saved best_model.pt)
2026-07-03 16:08:54,665 | Epoch  410/1000 | kl_g0_w=1.00 kl_u_w=1.00 | cost_ratio(u/g0)=0.0042 | train=17.9207 (recon=10.8266, kl_g0=4.5195, kl_u=2.5745, cls=0.7036) | val=17.6423 | lr=1.00e-04
2026-07-03 16:08:56,758 |   -> New best val loss: 17.5755 (saved best_model.pt)
2026-07-03 16:08:58,507 |   -> New best val loss: 17.5664 (saved best_model.pt)
2026-07-03 16:09:00,229 |   -> New best val loss: 17.5164 (saved best_model.pt)
2026-07-03 16:09:01,793 |   -> New best val loss: 17.4808 (saved best_model.pt)
2026-07-03 16:09:03,379 |   -> New best val loss: 17.4015 (saved best_model.pt)
2026-07-03 16:09:05,098 |   -> New best val loss: 17.3885 (saved best_model.pt)
2026-07-03 16:09:07,667 |   -> New best val loss: 17.3099 (saved best_model.pt)
2026-07-03 16:09:09,284 |   -> New best val loss: 17.2495 (saved best_model.pt)
2026-07-03 16:09:11,080 |   -> New best val loss: 17.1733 (saved best_model.pt)
2026-07-03 16:09:12,623 | Epoch  420/1000 | kl_g0_w=1.00 kl_u_w=1.00 | cost_ratio(u/g0)=0.0042 | train=17.4266 (recon=10.5416, kl_g0=4.3518, kl_u=2.5332, cls=0.7029) | val=17.1312 | lr=1.00e-04
2026-07-03 16:09:12,638 |   -> New best val loss: 17.1312 (saved best_model.pt)
2026-07-03 16:09:17,482 |   -> New best val loss: 17.1083 (saved best_model.pt)
2026-07-03 16:09:19,211 |   -> New best val loss: 17.0484 (saved best_model.pt)
2026-07-03 16:09:21,243 |   -> New best val loss: 16.9431 (saved best_model.pt)
2026-07-03 16:09:23,812 |   -> New best val loss: 16.8803 (saved best_model.pt)
2026-07-03 16:09:26,425 |   -> New best val loss: 16.8639 (saved best_model.pt)
2026-07-03 16:09:29,015 |   -> New best val loss: 16.7733 (saved best_model.pt)
2026-07-03 16:09:31,611 |   -> New best val loss: 16.7579 (saved best_model.pt)
2026-07-03 16:09:33,556 |   -> New best val loss: 16.6977 (saved best_model.pt)
2026-07-03 16:09:36,131 | Epoch  430/1000 | kl_g0_w=1.00 kl_u_w=1.00 | cost_ratio(u/g0)=0.0042 | train=16.9332 (recon=10.2657, kl_g0=4.1408, kl_u=2.5267, cls=0.7039) | val=16.6968 | lr=1.00e-04
2026-07-03 16:09:36,161 |   -> New best val loss: 16.6968 (saved best_model.pt)
2026-07-03 16:09:38,762 |   -> New best val loss: 16.6135 (saved best_model.pt)
2026-07-03 16:09:41,355 |   -> New best val loss: 16.5456 (saved best_model.pt)
2026-07-03 16:09:45,305 |   -> New best val loss: 16.5168 (saved best_model.pt)
2026-07-03 16:09:47,728 |   -> New best val loss: 16.4546 (saved best_model.pt)
2026-07-03 16:09:50,229 |   -> New best val loss: 16.3681 (saved best_model.pt)
2026-07-03 16:09:52,708 |   -> New best val loss: 16.3665 (saved best_model.pt)
2026-07-03 16:09:54,663 |   -> New best val loss: 16.2602 (saved best_model.pt)
2026-07-03 16:09:56,449 |   -> New best val loss: 16.2397 (saved best_model.pt)
2026-07-03 16:09:58,238 | Epoch  440/1000 | kl_g0_w=1.00 kl_u_w=1.00 | cost_ratio(u/g0)=0.0042 | train=16.4512 (recon=10.0439, kl_g0=3.9088, kl_u=2.4985, cls=0.7039) | val=16.1932 | lr=1.00e-04
2026-07-03 16:09:58,255 |   -> New best val loss: 16.1932 (saved best_model.pt)
2026-07-03 16:10:00,058 |   -> New best val loss: 16.1839 (saved best_model.pt)
2026-07-03 16:10:01,628 |   -> New best val loss: 16.1486 (saved best_model.pt)
2026-07-03 16:10:03,435 |   -> New best val loss: 16.1420 (saved best_model.pt)
2026-07-03 16:10:05,288 |   -> New best val loss: 16.0334 (saved best_model.pt)
2026-07-03 16:10:07,833 |   -> New best val loss: 15.9521 (saved best_model.pt)
2026-07-03 16:10:09,479 |   -> New best val loss: 15.8957 (saved best_model.pt)
2026-07-03 16:10:11,402 |   -> New best val loss: 15.8890 (saved best_model.pt)
2026-07-03 16:10:13,924 |   -> New best val loss: 15.8123 (saved best_model.pt)
2026-07-03 16:10:15,782 |   -> New best val loss: 15.7816 (saved best_model.pt)
2026-07-03 16:10:18,157 | Epoch  450/1000 | kl_g0_w=1.00 kl_u_w=1.00 | cost_ratio(u/g0)=0.0042 | train=15.9745 (recon=9.7749, kl_g0=3.7400, kl_u=2.4597, cls=0.7052) | val=15.7568 | lr=1.00e-04
2026-07-03 16:10:18,183 |   -> New best val loss: 15.7568 (saved best_model.pt)
2026-07-03 16:10:20,768 |   -> New best val loss: 15.7408 (saved best_model.pt)
2026-07-03 16:10:22,425 |   -> New best val loss: 15.6624 (saved best_model.pt)
2026-07-03 16:10:24,311 |   -> New best val loss: 15.6368 (saved best_model.pt)
2026-07-03 16:10:25,848 |   -> New best val loss: 15.6045 (saved best_model.pt)
2026-07-03 16:10:27,676 |   -> New best val loss: 15.5316 (saved best_model.pt)
2026-07-03 16:10:30,078 |   -> New best val loss: 15.4654 (saved best_model.pt)
2026-07-03 16:10:32,618 |   -> New best val loss: 15.4048 (saved best_model.pt)
2026-07-03 16:10:37,243 |   -> New best val loss: 15.3108 (saved best_model.pt)
2026-07-03 16:10:39,796 | Epoch  460/1000 | kl_g0_w=1.00 kl_u_w=1.00 | cost_ratio(u/g0)=0.0042 | train=15.4797 (recon=9.5852, kl_g0=3.4619, kl_u=2.4326, cls=0.7050) | val=15.2251 | lr=1.00e-04
2026-07-03 16:10:39,821 |   -> New best val loss: 15.2251 (saved best_model.pt)
2026-07-03 16:10:43,822 |   -> New best val loss: 15.1994 (saved best_model.pt)
2026-07-03 16:10:45,563 |   -> New best val loss: 15.1377 (saved best_model.pt)
2026-07-03 16:10:47,964 |   -> New best val loss: 15.1153 (saved best_model.pt)
2026-07-03 16:10:50,522 |   -> New best val loss: 14.9702 (saved best_model.pt)
2026-07-03 16:10:52,253 |   -> New best val loss: 14.9397 (saved best_model.pt)
2026-07-03 16:10:57,716 |   -> New best val loss: 14.8461 (saved best_model.pt)
2026-07-03 16:10:59,503 | Epoch  470/1000 | kl_g0_w=1.00 kl_u_w=1.00 | cost_ratio(u/g0)=0.0042 | train=14.9964 (recon=9.3698, kl_g0=3.2141, kl_u=2.4125, cls=0.7064) | val=14.8084 | lr=1.00e-04
2026-07-03 16:10:59,530 |   -> New best val loss: 14.8084 (saved best_model.pt)
2026-07-03 16:11:02,121 |   -> New best val loss: 14.7215 (saved best_model.pt)
2026-07-03 16:11:09,312 |   -> New best val loss: 14.6737 (saved best_model.pt)
2026-07-03 16:11:11,878 |   -> New best val loss: 14.5560 (saved best_model.pt)
2026-07-03 16:11:13,932 |   -> New best val loss: 14.5331 (saved best_model.pt)
2026-07-03 16:11:18,321 |   -> New best val loss: 14.4872 (saved best_model.pt)
2026-07-03 16:11:20,299 |   -> New best val loss: 14.4002 (saved best_model.pt)
2026-07-03 16:11:22,028 | Epoch  480/1000 | kl_g0_w=1.00 kl_u_w=1.00 | cost_ratio(u/g0)=0.0042 | train=14.5692 (recon=9.2350, kl_g0=2.9480, kl_u=2.3862, cls=0.7081) | val=14.3438 | lr=1.00e-04
2026-07-03 16:11:22,046 |   -> New best val loss: 14.3438 (saved best_model.pt)
2026-07-03 16:11:23,626 |   -> New best val loss: 14.2982 (saved best_model.pt)
2026-07-03 16:11:26,071 |   -> New best val loss: 14.2222 (saved best_model.pt)
2026-07-03 16:11:28,222 |   -> New best val loss: 14.2060 (saved best_model.pt)
2026-07-03 16:11:29,848 |   -> New best val loss: 14.1732 (saved best_model.pt)
2026-07-03 16:11:32,034 |   -> New best val loss: 14.1120 (saved best_model.pt)
2026-07-03 16:11:34,372 |   -> New best val loss: 14.0413 (saved best_model.pt)
2026-07-03 16:11:36,968 |   -> New best val loss: 13.9764 (saved best_model.pt)
2026-07-03 16:11:38,964 |   -> New best val loss: 13.9128 (saved best_model.pt)
2026-07-03 16:11:42,465 | Epoch  490/1000 | kl_g0_w=1.00 kl_u_w=1.00 | cost_ratio(u/g0)=0.0042 | train=14.0649 (recon=9.0441, kl_g0=2.6763, kl_u=2.3445, cls=0.7086) | val=13.8593 | lr=1.00e-04
2026-07-03 16:11:42,480 |   -> New best val loss: 13.8593 (saved best_model.pt)
2026-07-03 16:11:45,097 |   -> New best val loss: 13.7741 (saved best_model.pt)
2026-07-03 16:11:47,194 |   -> New best val loss: 13.7000 (saved best_model.pt)
2026-07-03 16:11:51,264 |   -> New best val loss: 13.6757 (saved best_model.pt)
2026-07-03 16:11:53,646 |   -> New best val loss: 13.6161 (saved best_model.pt)
2026-07-03 16:11:55,980 |   -> New best val loss: 13.4920 (saved best_model.pt)
2026-07-03 16:11:57,731 |   -> New best val loss: 13.4044 (saved best_model.pt)
2026-07-03 16:12:00,152 |   -> New best val loss: 13.3718 (saved best_model.pt)
2026-07-03 16:12:04,433 | Epoch  500/1000 | kl_g0_w=1.00 kl_u_w=1.00 | cost_ratio(u/g0)=0.0042 | train=13.5065 (recon=8.8361, kl_g0=2.3548, kl_u=2.3156, cls=0.7096) | val=13.3418 | lr=1.00e-04
2026-07-03 16:12:04,460 |   -> New best val loss: 13.3418 (saved best_model.pt)
2026-07-03 16:12:06,104 |   -> New best val loss: 13.3131 (saved best_model.pt)
2026-07-03 16:12:07,666 |   -> New best val loss: 13.2029 (saved best_model.pt)
2026-07-03 16:12:11,130 |   -> New best val loss: 13.1526 (saved best_model.pt)
2026-07-03 16:12:12,736 |   -> New best val loss: 13.1116 (saved best_model.pt)
2026-07-03 16:12:14,858 |   -> New best val loss: 13.0704 (saved best_model.pt)
2026-07-03 16:12:16,620 |   -> New best val loss: 13.0196 (saved best_model.pt)
2026-07-03 16:12:18,660 |   -> New best val loss: 12.9661 (saved best_model.pt)
2026-07-03 16:12:20,919 |   -> New best val loss: 12.9007 (saved best_model.pt)
2026-07-03 16:12:22,619 | Epoch  510/1000 | kl_g0_w=1.00 kl_u_w=1.00 | cost_ratio(u/g0)=0.0042 | train=13.0575 (recon=8.6991, kl_g0=2.0812, kl_u=2.2773, cls=0.7109) | val=12.8902 | lr=1.00e-04
2026-07-03 16:12:22,637 |   -> New best val loss: 12.8902 (saved best_model.pt)
2026-07-03 16:12:25,208 |   -> New best val loss: 12.8358 (saved best_model.pt)
2026-07-03 16:12:27,196 |   -> New best val loss: 12.7504 (saved best_model.pt)
2026-07-03 16:12:29,336 |   -> New best val loss: 12.7020 (saved best_model.pt)
2026-07-03 16:12:31,716 |   -> New best val loss: 12.6478 (saved best_model.pt)
2026-07-03 16:12:33,550 |   -> New best val loss: 12.6274 (saved best_model.pt)
2026-07-03 16:12:35,509 |   -> New best val loss: 12.5636 (saved best_model.pt)
2026-07-03 16:12:37,427 |   -> New best val loss: 12.5279 (saved best_model.pt)
2026-07-03 16:12:39,403 |   -> New best val loss: 12.4879 (saved best_model.pt)
2026-07-03 16:12:41,814 |   -> New best val loss: 12.4348 (saved best_model.pt)
2026-07-03 16:12:44,353 | Epoch  520/1000 | kl_g0_w=1.00 kl_u_w=1.00 | cost_ratio(u/g0)=0.0042 | train=12.5527 (recon=8.5325, kl_g0=1.7848, kl_u=2.2355, cls=0.7126) | val=12.3977 | lr=1.00e-04
2026-07-03 16:12:44,377 |   -> New best val loss: 12.3977 (saved best_model.pt)
2026-07-03 16:12:46,842 |   -> New best val loss: 12.3435 (saved best_model.pt)
2026-07-03 16:12:49,293 |   -> New best val loss: 12.3157 (saved best_model.pt)
2026-07-03 16:12:51,256 |   -> New best val loss: 12.2457 (saved best_model.pt)
2026-07-03 16:12:53,647 |   -> New best val loss: 12.2079 (saved best_model.pt)
2026-07-03 16:12:55,577 |   -> New best val loss: 12.1141 (saved best_model.pt)
2026-07-03 16:12:57,730 |   -> New best val loss: 12.0973 (saved best_model.pt)
2026-07-03 16:12:59,275 |   -> New best val loss: 12.0683 (saved best_model.pt)
2026-07-03 16:13:01,416 |   -> New best val loss: 11.9998 (saved best_model.pt)
2026-07-03 16:13:06,026 | Epoch  530/1000 | kl_g0_w=1.00 kl_u_w=1.00 | cost_ratio(u/g0)=0.0042 | train=12.0728 (recon=8.3314, kl_g0=1.5075, kl_u=2.2340, cls=0.7148) | val=11.9401 | lr=1.00e-04
2026-07-03 16:13:06,041 |   -> New best val loss: 11.9401 (saved best_model.pt)
2026-07-03 16:13:07,746 |   -> New best val loss: 11.9016 (saved best_model.pt)
2026-07-03 16:13:10,346 |   -> New best val loss: 11.8227 (saved best_model.pt)
2026-07-03 16:13:14,021 |   -> New best val loss: 11.7762 (saved best_model.pt)
2026-07-03 16:13:16,446 |   -> New best val loss: 11.7501 (saved best_model.pt)
2026-07-03 16:13:18,036 |   -> New best val loss: 11.6574 (saved best_model.pt)
2026-07-03 16:13:19,570 |   -> New best val loss: 11.6475 (saved best_model.pt)
2026-07-03 16:13:21,117 |   -> New best val loss: 11.5721 (saved best_model.pt)
2026-07-03 16:13:25,397 | Epoch  540/1000 | kl_g0_w=1.00 kl_u_w=1.00 | cost_ratio(u/g0)=0.0042 | train=11.6436 (recon=8.1600, kl_g0=1.2730, kl_u=2.2106, cls=0.7179) | val=11.5447 | lr=1.00e-04
2026-07-03 16:13:25,422 |   -> New best val loss: 11.5447 (saved best_model.pt)
2026-07-03 16:13:27,833 |   -> New best val loss: 11.5269 (saved best_model.pt)
2026-07-03 16:13:29,691 |   -> New best val loss: 11.4627 (saved best_model.pt)
2026-07-03 16:13:31,922 |   -> New best val loss: 11.4436 (saved best_model.pt)
2026-07-03 16:13:34,360 |   -> New best val loss: 11.4039 (saved best_model.pt)
2026-07-03 16:13:36,340 |   -> New best val loss: 11.3829 (saved best_model.pt)
2026-07-03 16:13:38,306 |   -> New best val loss: 11.3706 (saved best_model.pt)
2026-07-03 16:13:40,921 |   -> New best val loss: 11.3135 (saved best_model.pt)
2026-07-03 16:13:43,563 |   -> New best val loss: 11.2863 (saved best_model.pt)
2026-07-03 16:13:45,988 |   -> New best val loss: 11.2372 (saved best_model.pt)
2026-07-03 16:13:48,311 | Epoch  550/1000 | kl_g0_w=1.00 kl_u_w=1.00 | cost_ratio(u/g0)=0.0042 | train=11.2467 (recon=7.9884, kl_g0=1.0619, kl_u=2.1963, cls=0.7195) | val=11.2109 | lr=1.00e-04
2026-07-03 16:13:48,335 |   -> New best val loss: 11.2109 (saved best_model.pt)
2026-07-03 16:13:50,344 |   -> New best val loss: 11.1847 (saved best_model.pt)
2026-07-03 16:13:52,611 |   -> New best val loss: 11.1420 (saved best_model.pt)
2026-07-03 16:13:54,422 |   -> New best val loss: 11.1191 (saved best_model.pt)
2026-07-03 16:13:56,631 |   -> New best val loss: 11.0977 (saved best_model.pt)
2026-07-03 16:13:58,420 |   -> New best val loss: 11.0549 (saved best_model.pt)
2026-07-03 16:14:00,740 |   -> New best val loss: 11.0122 (saved best_model.pt)
2026-07-03 16:14:02,785 |   -> New best val loss: 10.9854 (saved best_model.pt)
2026-07-03 16:14:05,205 |   -> New best val loss: 10.9486 (saved best_model.pt)
2026-07-03 16:14:08,678 | Epoch  560/1000 | kl_g0_w=1.00 kl_u_w=1.00 | cost_ratio(u/g0)=0.0042 | train=10.9098 (recon=7.8273, kl_g0=0.8887, kl_u=2.1939, cls=0.7216) | val=10.9063 | lr=1.00e-04
2026-07-03 16:14:08,696 |   -> New best val loss: 10.9063 (saved best_model.pt)
2026-07-03 16:14:10,671 |   -> New best val loss: 10.8647 (saved best_model.pt)
2026-07-03 16:14:12,802 |   -> New best val loss: 10.8498 (saved best_model.pt)
2026-07-03 16:14:15,126 |   -> New best val loss: 10.8295 (saved best_model.pt)
2026-07-03 16:14:16,942 |   -> New best val loss: 10.8041 (saved best_model.pt)
2026-07-03 16:14:18,683 |   -> New best val loss: 10.7757 (saved best_model.pt)
2026-07-03 16:14:20,868 |   -> New best val loss: 10.7507 (saved best_model.pt)
2026-07-03 16:14:22,729 |   -> New best val loss: 10.7348 (saved best_model.pt)
2026-07-03 16:14:25,197 |   -> New best val loss: 10.7041 (saved best_model.pt)
2026-07-03 16:14:26,777 |   -> New best val loss: 10.6803 (saved best_model.pt)
2026-07-03 16:14:28,695 | Epoch  570/1000 | kl_g0_w=1.00 kl_u_w=1.00 | cost_ratio(u/g0)=0.0042 | train=10.6516 (recon=7.7177, kl_g0=0.7489, kl_u=2.1849, cls=0.7248) | val=10.6596 | lr=1.00e-04
2026-07-03 16:14:28,720 |   -> New best val loss: 10.6596 (saved best_model.pt)
2026-07-03 16:14:31,321 |   -> New best val loss: 10.6491 (saved best_model.pt)
2026-07-03 16:14:33,259 |   -> New best val loss: 10.6337 (saved best_model.pt)
2026-07-03 16:14:35,735 |   -> New best val loss: 10.6121 (saved best_model.pt)
2026-07-03 16:14:38,184 |   -> New best val loss: 10.5737 (saved best_model.pt)
2026-07-03 16:14:39,736 |   -> New best val loss: 10.5439 (saved best_model.pt)
2026-07-03 16:14:42,040 |   -> New best val loss: 10.5292 (saved best_model.pt)
2026-07-03 16:14:43,610 |   -> New best val loss: 10.5193 (saved best_model.pt)
2026-07-03 16:14:45,185 |   -> New best val loss: 10.4890 (saved best_model.pt)
2026-07-03 16:14:47,199 |   -> New best val loss: 10.4659 (saved best_model.pt)
2026-07-03 16:14:49,181 | Epoch  580/1000 | kl_g0_w=1.00 kl_u_w=1.00 | cost_ratio(u/g0)=0.0042 | train=10.3336 (recon=7.5306, kl_g0=0.6323, kl_u=2.1707, cls=0.7281) | val=10.4466 | lr=1.00e-04
2026-07-03 16:14:49,208 |   -> New best val loss: 10.4466 (saved best_model.pt)
2026-07-03 16:14:50,965 |   -> New best val loss: 10.4133 (saved best_model.pt)
2026-07-03 16:14:53,366 |   -> New best val loss: 10.3901 (saved best_model.pt)
2026-07-03 16:14:56,857 |   -> New best val loss: 10.3813 (saved best_model.pt)
2026-07-03 16:14:58,383 |   -> New best val loss: 10.3666 (saved best_model.pt)
2026-07-03 16:15:00,064 |   -> New best val loss: 10.3477 (saved best_model.pt)
2026-07-03 16:15:02,013 |   -> New best val loss: 10.3359 (saved best_model.pt)
2026-07-03 16:15:03,699 |   -> New best val loss: 10.3173 (saved best_model.pt)
2026-07-03 16:15:05,367 |   -> New best val loss: 10.3081 (saved best_model.pt)
2026-07-03 16:15:06,921 | Epoch  590/1000 | kl_g0_w=1.00 kl_u_w=1.00 | cost_ratio(u/g0)=0.0042 | train=10.0030 (recon=7.3102, kl_g0=0.5403, kl_u=2.1525, cls=0.7293) | val=10.2782 | lr=1.00e-04
2026-07-03 16:15:06,938 |   -> New best val loss: 10.2782 (saved best_model.pt)
2026-07-03 16:15:11,470 |   -> New best val loss: 10.2533 (saved best_model.pt)
2026-07-03 16:15:16,098 |   -> New best val loss: 10.2280 (saved best_model.pt)
2026-07-03 16:15:17,626 |   -> New best val loss: 10.2247 (saved best_model.pt)
2026-07-03 16:15:19,361 |   -> New best val loss: 10.1899 (saved best_model.pt)
2026-07-03 16:15:21,425 |   -> New best val loss: 10.1784 (saved best_model.pt)
2026-07-03 16:15:23,731 |   -> New best val loss: 10.1604 (saved best_model.pt)
2026-07-03 16:15:26,804 | Epoch  600/1000 | kl_g0_w=1.00 kl_u_w=1.00 | cost_ratio(u/g0)=0.0042 | train=9.8818 (recon=7.2660, kl_g0=0.4714, kl_u=2.1445, cls=0.7318) | val=10.1376 | lr=1.00e-04
2026-07-03 16:15:26,819 |   -> New best val loss: 10.1376 (saved best_model.pt)
2026-07-03 16:15:28,935 |   -> New best val loss: 10.1260 (saved best_model.pt)
2026-07-03 16:15:31,486 |   -> New best val loss: 10.0917 (saved best_model.pt)
2026-07-03 16:15:34,027 |   -> New best val loss: 10.0848 (saved best_model.pt)
2026-07-03 16:15:36,095 |   -> New best val loss: 10.0819 (saved best_model.pt)
2026-07-03 16:15:38,456 |   -> New best val loss: 10.0748 (saved best_model.pt)
2026-07-03 16:15:40,172 |   -> New best val loss: 10.0289 (saved best_model.pt)
2026-07-03 16:15:41,925 |   -> New best val loss: 10.0215 (saved best_model.pt)
2026-07-03 16:15:45,436 |   -> New best val loss: 10.0197 (saved best_model.pt)
2026-07-03 16:15:47,589 | Epoch  610/1000 | kl_g0_w=1.00 kl_u_w=1.00 | cost_ratio(u/g0)=0.0042 | train=9.6771 (recon=7.1422, kl_g0=0.4060, kl_u=2.1289, cls=0.7341) | val=9.9985 | lr=1.00e-04
2026-07-03 16:15:47,605 |   -> New best val loss: 9.9985 (saved best_model.pt)
2026-07-03 16:15:49,316 |   -> New best val loss: 9.9945 (saved best_model.pt)
2026-07-03 16:15:51,582 |   -> New best val loss: 9.9747 (saved best_model.pt)
2026-07-03 16:15:56,612 |   -> New best val loss: 9.9660 (saved best_model.pt)
2026-07-03 16:15:58,521 |   -> New best val loss: 9.9397 (saved best_model.pt)
2026-07-03 16:16:00,118 |   -> New best val loss: 9.9351 (saved best_model.pt)
2026-07-03 16:16:01,865 |   -> New best val loss: 9.9201 (saved best_model.pt)
2026-07-03 16:16:06,307 |   -> New best val loss: 9.9085 (saved best_model.pt)
2026-07-03 16:16:08,778 | Epoch  620/1000 | kl_g0_w=1.00 kl_u_w=1.00 | cost_ratio(u/g0)=0.0042 | train=9.4845 (recon=7.0000, kl_g0=0.3579, kl_u=2.1266, cls=0.7351) | val=9.8927 | lr=1.00e-04
2026-07-03 16:16:08,797 |   -> New best val loss: 9.8927 (saved best_model.pt)
2026-07-03 16:16:10,960 |   -> New best val loss: 9.8690 (saved best_model.pt)
2026-07-03 16:16:15,279 |   -> New best val loss: 9.8647 (saved best_model.pt)
2026-07-03 16:16:16,807 |   -> New best val loss: 9.8546 (saved best_model.pt)
2026-07-03 16:16:18,343 |   -> New best val loss: 9.8245 (saved best_model.pt)
2026-07-03 16:16:20,273 |   -> New best val loss: 9.8181 (saved best_model.pt)
2026-07-03 16:16:24,302 |   -> New best val loss: 9.7939 (saved best_model.pt)
2026-07-03 16:16:29,358 | Epoch  630/1000 | kl_g0_w=1.00 kl_u_w=1.00 | cost_ratio(u/g0)=0.0042 | train=9.3186 (recon=6.8844, kl_g0=0.3143, kl_u=2.1198, cls=0.7369) | val=9.7777 | lr=1.00e-04
2026-07-03 16:16:29,381 |   -> New best val loss: 9.7777 (saved best_model.pt)
2026-07-03 16:16:37,706 |   -> New best val loss: 9.7519 (saved best_model.pt)
2026-07-03 16:16:42,764 |   -> New best val loss: 9.7321 (saved best_model.pt)
2026-07-03 16:16:47,534 |   -> New best val loss: 9.7191 (saved best_model.pt)
2026-07-03 16:16:52,253 | Epoch  640/1000 | kl_g0_w=1.00 kl_u_w=1.00 | cost_ratio(u/g0)=0.0042 | train=9.2300 (recon=6.8308, kl_g0=0.2826, kl_u=2.1165, cls=0.7389) | val=9.7084 | lr=1.00e-04
2026-07-03 16:16:52,271 |   -> New best val loss: 9.7084 (saved best_model.pt)
2026-07-03 16:16:56,373 |   -> New best val loss: 9.6702 (saved best_model.pt)
2026-07-03 16:16:58,732 |   -> New best val loss: 9.6687 (saved best_model.pt)
2026-07-03 16:17:01,162 |   -> New best val loss: 9.6541 (saved best_model.pt)
2026-07-03 16:17:05,483 |   -> New best val loss: 9.6523 (saved best_model.pt)
2026-07-03 16:17:07,874 |   -> New best val loss: 9.6449 (saved best_model.pt)
2026-07-03 16:17:09,518 |   -> New best val loss: 9.6294 (saved best_model.pt)
2026-07-03 16:17:12,057 |   -> New best val loss: 9.6163 (saved best_model.pt)
2026-07-03 16:17:14,203 | Epoch  650/1000 | kl_g0_w=1.00 kl_u_w=1.00 | cost_ratio(u/g0)=0.0042 | train=9.1049 (recon=6.7461, kl_g0=0.2475, kl_u=2.1112, cls=0.7400) | val=9.6112 | lr=1.00e-04
2026-07-03 16:17:14,229 |   -> New best val loss: 9.6112 (saved best_model.pt)
2026-07-03 16:17:16,777 |   -> New best val loss: 9.5826 (saved best_model.pt)
2026-07-03 16:17:18,857 |   -> New best val loss: 9.5703 (saved best_model.pt)
2026-07-03 16:17:25,331 |   -> New best val loss: 9.5622 (saved best_model.pt)
2026-07-03 16:17:29,154 |   -> New best val loss: 9.5413 (saved best_model.pt)
2026-07-03 16:17:30,722 |   -> New best val loss: 9.5349 (saved best_model.pt)
2026-07-03 16:17:32,519 | Epoch  660/1000 | kl_g0_w=1.00 kl_u_w=1.00 | cost_ratio(u/g0)=0.0042 | train=9.0000 (recon=6.6711, kl_g0=0.2233, kl_u=2.1057, cls=0.7422) | val=9.5423 | lr=1.00e-04
2026-07-03 16:17:34,746 |   -> New best val loss: 9.5308 (saved best_model.pt)
2026-07-03 16:17:36,808 |   -> New best val loss: 9.5266 (saved best_model.pt)
2026-07-03 16:17:38,960 |   -> New best val loss: 9.5010 (saved best_model.pt)
2026-07-03 16:17:40,524 |   -> New best val loss: 9.4973 (saved best_model.pt)
2026-07-03 16:17:42,509 |   -> New best val loss: 9.4914 (saved best_model.pt)
2026-07-03 16:17:44,557 |   -> New best val loss: 9.4778 (saved best_model.pt)
2026-07-03 16:17:46,828 |   -> New best val loss: 9.4707 (saved best_model.pt)
2026-07-03 16:17:50,841 |   -> New best val loss: 9.4682 (saved best_model.pt)
2026-07-03 16:17:52,759 | Epoch  670/1000 | kl_g0_w=1.00 kl_u_w=1.00 | cost_ratio(u/g0)=0.0042 | train=8.8927 (recon=6.5851, kl_g0=0.2037, kl_u=2.1039, cls=0.7431) | val=9.4528 | lr=1.00e-04
2026-07-03 16:17:52,784 |   -> New best val loss: 9.4528 (saved best_model.pt)
2026-07-03 16:17:56,320 |   -> New best val loss: 9.4343 (saved best_model.pt)
2026-07-03 16:18:00,352 |   -> New best val loss: 9.4275 (saved best_model.pt)
2026-07-03 16:18:04,583 |   -> New best val loss: 9.4103 (saved best_model.pt)
2026-07-03 16:18:09,259 |   -> New best val loss: 9.4036 (saved best_model.pt)
2026-07-03 16:18:11,302 |   -> New best val loss: 9.3858 (saved best_model.pt)
2026-07-03 16:18:12,844 | Epoch  680/1000 | kl_g0_w=1.00 kl_u_w=1.00 | cost_ratio(u/g0)=0.0042 | train=8.8096 (recon=6.5300, kl_g0=0.1815, kl_u=2.0982, cls=0.7422) | val=9.3677 | lr=1.00e-04
2026-07-03 16:18:12,861 |   -> New best val loss: 9.3677 (saved best_model.pt)
2026-07-03 16:18:17,640 |   -> New best val loss: 9.3632 (saved best_model.pt)
2026-07-03 16:18:20,204 |   -> New best val loss: 9.3388 (saved best_model.pt)
2026-07-03 16:18:27,643 |   -> New best val loss: 9.3328 (saved best_model.pt)
2026-07-03 16:18:31,672 | Epoch  690/1000 | kl_g0_w=1.00 kl_u_w=1.00 | cost_ratio(u/g0)=0.0042 | train=8.7400 (recon=6.4780, kl_g0=0.1675, kl_u=2.0946, cls=0.7428) | val=9.3181 | lr=1.00e-04
2026-07-03 16:18:31,696 |   -> New best val loss: 9.3181 (saved best_model.pt)
2026-07-03 16:18:35,144 |   -> New best val loss: 9.3134 (saved best_model.pt)
2026-07-03 16:18:37,096 |   -> New best val loss: 9.3021 (saved best_model.pt)
2026-07-03 16:18:41,959 |   -> New best val loss: 9.3011 (saved best_model.pt)
2026-07-03 16:18:44,357 |   -> New best val loss: 9.2901 (saved best_model.pt)
2026-07-03 16:18:46,145 |   -> New best val loss: 9.2859 (saved best_model.pt)
2026-07-03 16:18:50,006 |   -> New best val loss: 9.2749 (saved best_model.pt)
2026-07-03 16:18:52,382 | Epoch  700/1000 | kl_g0_w=1.00 kl_u_w=1.00 | cost_ratio(u/g0)=0.0042 | train=8.6711 (recon=6.4229, kl_g0=0.1506, kl_u=2.0976, cls=0.7446) | val=9.2593 | lr=1.00e-04
2026-07-03 16:18:52,407 |   -> New best val loss: 9.2593 (saved best_model.pt)
2026-07-03 16:18:58,824 |   -> New best val loss: 9.2453 (saved best_model.pt)
2026-07-03 16:19:02,699 |   -> New best val loss: 9.2344 (saved best_model.pt)
2026-07-03 16:19:06,624 |   -> New best val loss: 9.2149 (saved best_model.pt)
2026-07-03 16:19:09,786 |   -> New best val loss: 9.2005 (saved best_model.pt)
2026-07-03 16:19:11,972 | Epoch  710/1000 | kl_g0_w=1.00 kl_u_w=1.00 | cost_ratio(u/g0)=0.0042 | train=8.6287 (recon=6.3920, kl_g0=0.1402, kl_u=2.0965, cls=0.7450) | val=9.2304 | lr=1.00e-04
2026-07-03 16:19:14,302 |   -> New best val loss: 9.1975 (saved best_model.pt)
2026-07-03 16:19:19,110 |   -> New best val loss: 9.1890 (saved best_model.pt)
2026-07-03 16:19:22,276 |   -> New best val loss: 9.1758 (saved best_model.pt)
2026-07-03 16:19:29,368 |   -> New best val loss: 9.1609 (saved best_model.pt)
2026-07-03 16:19:31,342 | Epoch  720/1000 | kl_g0_w=1.00 kl_u_w=1.00 | cost_ratio(u/g0)=0.0042 | train=8.5247 (recon=6.2892, kl_g0=0.1331, kl_u=2.1024, cls=0.7434) | val=9.1710 | lr=1.00e-04
2026-07-03 16:19:33,404 |   -> New best val loss: 9.1439 (saved best_model.pt)
2026-07-03 16:19:37,453 |   -> New best val loss: 9.1374 (saved best_model.pt)
2026-07-03 16:19:39,031 |   -> New best val loss: 9.1305 (saved best_model.pt)
2026-07-03 16:19:40,815 |   -> New best val loss: 9.1192 (saved best_model.pt)
2026-07-03 16:19:52,717 | Epoch  730/1000 | kl_g0_w=1.00 kl_u_w=1.00 | cost_ratio(u/g0)=0.0042 | train=8.4659 (recon=6.2446, kl_g0=0.1238, kl_u=2.0974, cls=0.7432) | val=9.1135 | lr=1.00e-04
2026-07-03 16:19:52,742 |   -> New best val loss: 9.1135 (saved best_model.pt)
2026-07-03 16:19:54,421 |   -> New best val loss: 9.0909 (saved best_model.pt)
2026-07-03 16:19:59,130 |   -> New best val loss: 9.0836 (saved best_model.pt)
2026-07-03 16:20:02,217 |   -> New best val loss: 9.0683 (saved best_model.pt)
2026-07-03 16:20:13,448 | Epoch  740/1000 | kl_g0_w=1.00 kl_u_w=1.00 | cost_ratio(u/g0)=0.0042 | train=8.3916 (recon=6.1750, kl_g0=0.1169, kl_u=2.0997, cls=0.7446) | val=9.0531 | lr=1.00e-04
2026-07-03 16:20:13,472 |   -> New best val loss: 9.0531 (saved best_model.pt)
2026-07-03 16:20:15,370 |   -> New best val loss: 9.0452 (saved best_model.pt)
2026-07-03 16:20:17,224 |   -> New best val loss: 9.0308 (saved best_model.pt)
2026-07-03 16:20:23,685 |   -> New best val loss: 9.0197 (saved best_model.pt)
2026-07-03 16:20:27,619 |   -> New best val loss: 9.0177 (saved best_model.pt)
2026-07-03 16:20:32,012 | Epoch  750/1000 | kl_g0_w=1.00 kl_u_w=1.00 | cost_ratio(u/g0)=0.0042 | train=8.3437 (recon=6.1316, kl_g0=0.1098, kl_u=2.1023, cls=0.7438) | val=8.9964 | lr=1.00e-04
2026-07-03 16:20:32,036 |   -> New best val loss: 8.9964 (saved best_model.pt)
2026-07-03 16:20:36,439 |   -> New best val loss: 8.9845 (saved best_model.pt)
2026-07-03 16:20:40,528 |   -> New best val loss: 8.9717 (saved best_model.pt)
2026-07-03 16:20:44,533 |   -> New best val loss: 8.9538 (saved best_model.pt)
2026-07-03 16:20:52,066 | Epoch  760/1000 | kl_g0_w=1.00 kl_u_w=1.00 | cost_ratio(u/g0)=0.0042 | train=8.2674 (recon=6.0541, kl_g0=0.1041, kl_u=2.1092, cls=0.7434) | val=8.9559 | lr=1.00e-04
2026-07-03 16:20:55,218 |   -> New best val loss: 8.9510 (saved best_model.pt)
2026-07-03 16:20:57,242 |   -> New best val loss: 8.9453 (saved best_model.pt)
2026-07-03 16:20:59,012 |   -> New best val loss: 8.9245 (saved best_model.pt)
2026-07-03 16:21:01,160 |   -> New best val loss: 8.9166 (saved best_model.pt)
2026-07-03 16:21:09,872 |   -> New best val loss: 8.8973 (saved best_model.pt)
2026-07-03 16:21:12,411 | Epoch  770/1000 | kl_g0_w=1.00 kl_u_w=1.00 | cost_ratio(u/g0)=0.0042 | train=8.2269 (recon=6.0307, kl_g0=0.0977, kl_u=2.0986, cls=0.7438) | val=8.9049 | lr=1.00e-04
2026-07-03 16:21:19,098 |   -> New best val loss: 8.8864 (saved best_model.pt)
2026-07-03 16:21:22,243 |   -> New best val loss: 8.8851 (saved best_model.pt)
2026-07-03 16:21:23,994 |   -> New best val loss: 8.8807 (saved best_model.pt)
2026-07-03 16:21:25,875 |   -> New best val loss: 8.8742 (saved best_model.pt)
2026-07-03 16:21:27,855 |   -> New best val loss: 8.8615 (saved best_model.pt)
2026-07-03 16:21:31,081 | Epoch  780/1000 | kl_g0_w=1.00 kl_u_w=1.00 | cost_ratio(u/g0)=0.0042 | train=8.1646 (recon=5.9611, kl_g0=0.0955, kl_u=2.1080, cls=0.7444) | val=8.8583 | lr=1.00e-04
2026-07-03 16:21:31,112 |   -> New best val loss: 8.8583 (saved best_model.pt)
2026-07-03 16:21:35,518 |   -> New best val loss: 8.8483 (saved best_model.pt)
2026-07-03 16:21:39,901 |   -> New best val loss: 8.8346 (saved best_model.pt)
2026-07-03 16:21:43,781 |   -> New best val loss: 8.8208 (saved best_model.pt)
2026-07-03 16:21:45,875 |   -> New best val loss: 8.8152 (saved best_model.pt)
2026-07-03 16:21:51,326 | Epoch  790/1000 | kl_g0_w=1.00 kl_u_w=1.00 | cost_ratio(u/g0)=0.0042 | train=8.1307 (recon=5.9404, kl_g0=0.0903, kl_u=2.1000, cls=0.7451) | val=8.8233 | lr=1.00e-04
2026-07-03 16:21:53,807 |   -> New best val loss: 8.8084 (saved best_model.pt)
2026-07-03 16:21:58,613 |   -> New best val loss: 8.7943 (saved best_model.pt)
2026-07-03 16:22:03,328 |   -> New best val loss: 8.7825 (saved best_model.pt)
2026-07-03 16:22:08,011 |   -> New best val loss: 8.7736 (saved best_model.pt)
2026-07-03 16:22:09,857 |   -> New best val loss: 8.7697 (saved best_model.pt)
2026-07-03 16:22:12,237 |   -> New best val loss: 8.7679 (saved best_model.pt)
2026-07-03 16:22:14,264 | Epoch  800/1000 | kl_g0_w=1.00 kl_u_w=1.00 | cost_ratio(u/g0)=0.0042 | train=8.0828 (recon=5.8976, kl_g0=0.0855, kl_u=2.0997, cls=0.7440) | val=8.7532 | lr=1.00e-04
2026-07-03 16:22:14,279 |   -> New best val loss: 8.7532 (saved best_model.pt)
2026-07-03 16:22:17,520 |   -> New best val loss: 8.7486 (saved best_model.pt)
2026-07-03 16:22:19,440 |   -> New best val loss: 8.7407 (saved best_model.pt)
2026-07-03 16:22:21,167 |   -> New best val loss: 8.7405 (saved best_model.pt)
2026-07-03 16:22:22,756 |   -> New best val loss: 8.7262 (saved best_model.pt)
2026-07-03 16:22:28,791 |   -> New best val loss: 8.7208 (saved best_model.pt)
2026-07-03 16:22:33,202 | Epoch  810/1000 | kl_g0_w=1.00 kl_u_w=1.00 | cost_ratio(u/g0)=0.0042 | train=8.0523 (recon=5.8708, kl_g0=0.0834, kl_u=2.0981, cls=0.7436) | val=8.7006 | lr=1.00e-04
2026-07-03 16:22:33,223 |   -> New best val loss: 8.7006 (saved best_model.pt)
2026-07-03 16:22:37,995 |   -> New best val loss: 8.6915 (saved best_model.pt)
2026-07-03 16:22:42,957 |   -> New best val loss: 8.6820 (saved best_model.pt)
2026-07-03 16:22:46,700 |   -> New best val loss: 8.6666 (saved best_model.pt)
2026-07-03 16:22:54,565 | Epoch  820/1000 | kl_g0_w=1.00 kl_u_w=1.00 | cost_ratio(u/g0)=0.0042 | train=7.9516 (recon=5.7811, kl_g0=0.0809, kl_u=2.0897, cls=0.7445) | val=8.6567 | lr=1.00e-04
2026-07-03 16:22:54,589 |   -> New best val loss: 8.6567 (saved best_model.pt)
2026-07-03 16:22:58,018 |   -> New best val loss: 8.6536 (saved best_model.pt)
2026-07-03 16:23:00,324 |   -> New best val loss: 8.6521 (saved best_model.pt)
2026-07-03 16:23:02,867 |   -> New best val loss: 8.6402 (saved best_model.pt)
2026-07-03 16:23:07,909 |   -> New best val loss: 8.6200 (saved best_model.pt)
2026-07-03 16:23:15,861 | Epoch  830/1000 | kl_g0_w=1.00 kl_u_w=1.00 | cost_ratio(u/g0)=0.0042 | train=7.9470 (recon=5.7762, kl_g0=0.0797, kl_u=2.0911, cls=0.7456) | val=8.6195 | lr=1.00e-04
2026-07-03 16:23:15,877 |   -> New best val loss: 8.6195 (saved best_model.pt)
2026-07-03 16:23:18,336 |   -> New best val loss: 8.6138 (saved best_model.pt)
2026-07-03 16:23:20,934 |   -> New best val loss: 8.6025 (saved best_model.pt)
2026-07-03 16:23:23,221 |   -> New best val loss: 8.5998 (saved best_model.pt)
2026-07-03 16:23:25,518 |   -> New best val loss: 8.5922 (saved best_model.pt)
2026-07-03 16:23:28,605 |   -> New best val loss: 8.5906 (saved best_model.pt)
2026-07-03 16:23:30,347 |   -> New best val loss: 8.5876 (saved best_model.pt)
2026-07-03 16:23:36,076 | Epoch  840/1000 | kl_g0_w=1.00 kl_u_w=1.00 | cost_ratio(u/g0)=0.0042 | train=7.8692 (recon=5.7066, kl_g0=0.0766, kl_u=2.0860, cls=0.7445) | val=8.5732 | lr=1.00e-04
2026-07-03 16:23:36,094 |   -> New best val loss: 8.5732 (saved best_model.pt)
2026-07-03 16:23:40,412 |   -> New best val loss: 8.5616 (saved best_model.pt)
2026-07-03 16:23:44,058 |   -> New best val loss: 8.5580 (saved best_model.pt)
2026-07-03 16:23:45,999 |   -> New best val loss: 8.5448 (saved best_model.pt)
2026-07-03 16:23:47,963 |   -> New best val loss: 8.5373 (saved best_model.pt)
2026-07-03 16:23:50,078 |   -> New best val loss: 8.5351 (saved best_model.pt)
2026-07-03 16:23:54,074 |   -> New best val loss: 8.5319 (saved best_model.pt)
2026-07-03 16:23:56,035 | Epoch  850/1000 | kl_g0_w=1.00 kl_u_w=1.00 | cost_ratio(u/g0)=0.0042 | train=7.8089 (recon=5.6476, kl_g0=0.0747, kl_u=2.0867, cls=0.7448) | val=8.5219 | lr=1.00e-04
2026-07-03 16:23:56,060 |   -> New best val loss: 8.5219 (saved best_model.pt)
2026-07-03 16:24:02,825 |   -> New best val loss: 8.5201 (saved best_model.pt)
2026-07-03 16:24:05,396 |   -> New best val loss: 8.5021 (saved best_model.pt)
2026-07-03 16:24:08,806 |   -> New best val loss: 8.5000 (saved best_model.pt)
2026-07-03 16:24:13,285 |   -> New best val loss: 8.4952 (saved best_model.pt)
2026-07-03 16:24:15,640 |   -> New best val loss: 8.4790 (saved best_model.pt)
2026-07-03 16:24:17,768 | Epoch  860/1000 | kl_g0_w=1.00 kl_u_w=1.00 | cost_ratio(u/g0)=0.0042 | train=7.7583 (recon=5.6047, kl_g0=0.0736, kl_u=2.0800, cls=0.7444) | val=8.4831 | lr=1.00e-04
2026-07-03 16:24:20,383 |   -> New best val loss: 8.4643 (saved best_model.pt)
2026-07-03 16:24:24,823 |   -> New best val loss: 8.4615 (saved best_model.pt)
2026-07-03 16:24:28,317 |   -> New best val loss: 8.4507 (saved best_model.pt)
2026-07-03 16:24:31,908 |   -> New best val loss: 8.4391 (saved best_model.pt)
2026-07-03 16:24:33,947 |   -> New best val loss: 8.4384 (saved best_model.pt)
2026-07-03 16:24:35,728 |   -> New best val loss: 8.4353 (saved best_model.pt)
2026-07-03 16:24:38,042 | Epoch  870/1000 | kl_g0_w=1.00 kl_u_w=1.00 | cost_ratio(u/g0)=0.0042 | train=7.7072 (recon=5.5578, kl_g0=0.0708, kl_u=2.0787, cls=0.7443) | val=8.4366 | lr=1.00e-04
2026-07-03 16:24:40,176 |   -> New best val loss: 8.4233 (saved best_model.pt)
2026-07-03 16:24:43,866 |   -> New best val loss: 8.4221 (saved best_model.pt)
2026-07-03 16:24:48,140 |   -> New best val loss: 8.4184 (saved best_model.pt)
2026-07-03 16:24:49,996 |   -> New best val loss: 8.4082 (saved best_model.pt)
2026-07-03 16:24:51,585 |   -> New best val loss: 8.3972 (saved best_model.pt)
2026-07-03 16:24:53,587 |   -> New best val loss: 8.3953 (saved best_model.pt)
2026-07-03 16:24:57,993 | Epoch  880/1000 | kl_g0_w=1.00 kl_u_w=1.00 | cost_ratio(u/g0)=0.0042 | train=7.6310 (recon=5.4757, kl_g0=0.0690, kl_u=2.0863, cls=0.7459) | val=8.3846 | lr=1.00e-04
2026-07-03 16:24:58,020 |   -> New best val loss: 8.3846 (saved best_model.pt)
2026-07-03 16:24:59,919 |   -> New best val loss: 8.3807 (saved best_model.pt)
2026-07-03 16:25:01,805 |   -> New best val loss: 8.3773 (saved best_model.pt)
2026-07-03 16:25:05,101 |   -> New best val loss: 8.3724 (saved best_model.pt)
2026-07-03 16:25:06,621 |   -> New best val loss: 8.3646 (saved best_model.pt)
2026-07-03 16:25:08,553 |   -> New best val loss: 8.3612 (saved best_model.pt)
2026-07-03 16:25:12,645 |   -> New best val loss: 8.3584 (saved best_model.pt)
2026-07-03 16:25:14,307 |   -> New best val loss: 8.3318 (saved best_model.pt)
2026-07-03 16:25:15,818 | Epoch  890/1000 | kl_g0_w=1.00 kl_u_w=1.00 | cost_ratio(u/g0)=0.0042 | train=7.6166 (recon=5.4816, kl_g0=0.0666, kl_u=2.0685, cls=0.7458) | val=8.3362 | lr=1.00e-04
2026-07-03 16:25:22,460 |   -> New best val loss: 8.3260 (saved best_model.pt)
2026-07-03 16:25:27,898 |   -> New best val loss: 8.3120 (saved best_model.pt)
2026-07-03 16:25:31,513 |   -> New best val loss: 8.2939 (saved best_model.pt)
2026-07-03 16:25:35,210 | Epoch  900/1000 | kl_g0_w=1.00 kl_u_w=1.00 | cost_ratio(u/g0)=0.0042 | train=7.5696 (recon=5.4234, kl_g0=0.0661, kl_u=2.0801, cls=0.7444) | val=8.2945 | lr=1.00e-04
2026-07-03 16:25:41,692 |   -> New best val loss: 8.2857 (saved best_model.pt)
2026-07-03 16:25:47,667 |   -> New best val loss: 8.2662 (saved best_model.pt)
2026-07-03 16:25:49,738 |   -> New best val loss: 8.2545 (saved best_model.pt)
2026-07-03 16:25:54,813 | Epoch  910/1000 | kl_g0_w=1.00 kl_u_w=1.00 | cost_ratio(u/g0)=0.0042 | train=7.5388 (recon=5.3961, kl_g0=0.0640, kl_u=2.0786, cls=0.7448) | val=8.2535 | lr=1.00e-04
2026-07-03 16:25:54,827 |   -> New best val loss: 8.2535 (saved best_model.pt)
2026-07-03 16:25:59,629 |   -> New best val loss: 8.2439 (saved best_model.pt)
2026-07-03 16:26:02,980 |   -> New best val loss: 8.2287 (saved best_model.pt)
2026-07-03 16:26:07,818 |   -> New best val loss: 8.2186 (saved best_model.pt)
2026-07-03 16:26:14,617 |   -> New best val loss: 8.2092 (saved best_model.pt)
2026-07-03 16:26:16,913 | Epoch  920/1000 | kl_g0_w=1.00 kl_u_w=1.00 | cost_ratio(u/g0)=0.0042 | train=7.4725 (recon=5.3283, kl_g0=0.0635, kl_u=2.0807, cls=0.7461) | val=8.2281 | lr=1.00e-04
2026-07-03 16:26:21,091 |   -> New best val loss: 8.2078 (saved best_model.pt)
2026-07-03 16:26:22,660 |   -> New best val loss: 8.2077 (saved best_model.pt)
2026-07-03 16:26:24,685 |   -> New best val loss: 8.1885 (saved best_model.pt)
2026-07-03 16:26:27,244 |   -> New best val loss: 8.1863 (saved best_model.pt)
2026-07-03 16:26:32,294 |   -> New best val loss: 8.1848 (saved best_model.pt)
2026-07-03 16:26:37,165 |   -> New best val loss: 8.1678 (saved best_model.pt)
2026-07-03 16:26:39,326 | Epoch  930/1000 | kl_g0_w=1.00 kl_u_w=1.00 | cost_ratio(u/g0)=0.0042 | train=7.4144 (recon=5.2762, kl_g0=0.0617, kl_u=2.0765, cls=0.7445) | val=8.1591 | lr=1.00e-04
2026-07-03 16:26:39,352 |   -> New best val loss: 8.1591 (saved best_model.pt)
2026-07-03 16:26:50,230 |   -> New best val loss: 8.1480 (saved best_model.pt)
2026-07-03 16:26:52,819 |   -> New best val loss: 8.1270 (saved best_model.pt)
2026-07-03 16:27:02,364 | Epoch  940/1000 | kl_g0_w=1.00 kl_u_w=1.00 | cost_ratio(u/g0)=0.0042 | train=7.3660 (recon=5.2292, kl_g0=0.0612, kl_u=2.0756, cls=0.7451) | val=8.1128 | lr=1.00e-04
2026-07-03 16:27:02,396 |   -> New best val loss: 8.1128 (saved best_model.pt)
2026-07-03 16:27:04,111 |   -> New best val loss: 8.1115 (saved best_model.pt)
2026-07-03 16:27:09,041 |   -> New best val loss: 8.1054 (saved best_model.pt)
2026-07-03 16:27:11,631 |   -> New best val loss: 8.0953 (saved best_model.pt)
2026-07-03 16:27:16,019 |   -> New best val loss: 8.0825 (saved best_model.pt)
2026-07-03 16:27:25,510 | Epoch  950/1000 | kl_g0_w=1.00 kl_u_w=1.00 | cost_ratio(u/g0)=0.0042 | train=7.3421 (recon=5.2063, kl_g0=0.0578, kl_u=2.0780, cls=0.7458) | val=8.0762 | lr=1.00e-04
2026-07-03 16:27:25,538 |   -> New best val loss: 8.0762 (saved best_model.pt)
2026-07-03 16:27:33,494 |   -> New best val loss: 8.0737 (saved best_model.pt)
2026-07-03 16:27:35,352 |   -> New best val loss: 8.0523 (saved best_model.pt)
2026-07-03 16:27:44,401 |   -> New best val loss: 8.0342 (saved best_model.pt)
2026-07-03 16:27:47,027 | Epoch  960/1000 | kl_g0_w=1.00 kl_u_w=1.00 | cost_ratio(u/g0)=0.0042 | train=7.2772 (recon=5.1447, kl_g0=0.0571, kl_u=2.0754, cls=0.7466) | val=8.0377 | lr=1.00e-04
2026-07-03 16:27:52,164 |   -> New best val loss: 8.0243 (saved best_model.pt)
2026-07-03 16:27:56,376 |   -> New best val loss: 8.0190 (saved best_model.pt)
2026-07-03 16:27:58,550 |   -> New best val loss: 7.9985 (saved best_model.pt)
2026-07-03 16:28:03,267 |   -> New best val loss: 7.9977 (saved best_model.pt)
2026-07-03 16:28:09,462 | Epoch  970/1000 | kl_g0_w=1.00 kl_u_w=1.00 | cost_ratio(u/g0)=0.0042 | train=7.2248 (recon=5.0894, kl_g0=0.0567, kl_u=2.0786, cls=0.7444) | val=7.9915 | lr=1.00e-04
2026-07-03 16:28:09,479 |   -> New best val loss: 7.9915 (saved best_model.pt)
2026-07-03 16:28:12,078 |   -> New best val loss: 7.9857 (saved best_model.pt)
2026-07-03 16:28:14,354 |   -> New best val loss: 7.9645 (saved best_model.pt)
2026-07-03 16:28:22,300 |   -> New best val loss: 7.9610 (saved best_model.pt)
2026-07-03 16:28:26,265 |   -> New best val loss: 7.9520 (saved best_model.pt)
2026-07-03 16:28:28,431 |   -> New best val loss: 7.9455 (saved best_model.pt)
2026-07-03 16:28:30,106 | Epoch  980/1000 | kl_g0_w=1.00 kl_u_w=1.00 | cost_ratio(u/g0)=0.0042 | train=7.2131 (recon=5.0897, kl_g0=0.0556, kl_u=2.0678, cls=0.7464) | val=7.9478 | lr=1.00e-04
2026-07-03 16:28:31,645 |   -> New best val loss: 7.9453 (saved best_model.pt)
2026-07-03 16:28:37,492 |   -> New best val loss: 7.9330 (saved best_model.pt)
2026-07-03 16:28:39,255 |   -> New best val loss: 7.9213 (saved best_model.pt)
2026-07-03 16:28:42,358 |   -> New best val loss: 7.8900 (saved best_model.pt)
2026-07-03 16:28:48,290 | Epoch  990/1000 | kl_g0_w=1.00 kl_u_w=1.00 | cost_ratio(u/g0)=0.0042 | train=7.1823 (recon=5.0525, kl_g0=0.0550, kl_u=2.0747, cls=0.7464) | val=7.9140 | lr=1.00e-04
2026-07-03 16:28:53,348 |   -> New best val loss: 7.8898 (saved best_model.pt)
2026-07-03 16:28:55,108 |   -> New best val loss: 7.8799 (saved best_model.pt)
2026-07-03 16:28:56,885 |   -> New best val loss: 7.8757 (saved best_model.pt)
2026-07-03 16:29:01,247 |   -> New best val loss: 7.8591 (saved best_model.pt)
2026-07-03 16:29:07,576 | Epoch 1000/1000 | kl_g0_w=1.00 kl_u_w=1.00 | cost_ratio(u/g0)=0.0042 | train=7.1083 (recon=4.9847, kl_g0=0.0526, kl_u=2.0710, cls=0.7463) | val=7.8572 | lr=1.00e-04
2026-07-03 16:29:07,602 |   -> New best val loss: 7.8572 (saved best_model.pt)
2026-07-03 16:29:07,614 | Final model saved to /home/nadegeo/LIFUS-BRICK/results/training/train_20260703_155500/final_model.pt
2026-07-03 16:29:07,614 | Best val loss: 7.8572
2026-07-03 16:29:07,614 | Training complete.
