2026-06-26 13:05:48,745 | ============================================================
2026-06-26 13:05:48,745 | BRICK Training -- ablation_no_control
2026-06-26 13:05:48,745 | N_ROIS=24, M=96, H=4, T=240
2026-06-26 13:05:48,746 | Epochs=1400, LR=0.0001, WD=0.05, LAMBDA_NOISE=0.01, BATCH_SIZE=12
2026-06-26 13:05:48,746 | Patience=30, use_control=False, use_ic=True
2026-06-26 13:05:48,746 | KL annealing: g0 over 0 epochs, u delayed 0 then over 0 epochs
2026-06-26 13:05:48,746 | ============================================================
2026-06-26 13:05:48,746 | Loading dataset...
2026-06-26 13:05:48,940 | Split: 52 train | 4 val | 20 test items
2026-06-26 13:05:49,042 | Model parameters: 554,702
2026-06-26 13:05:49,044 | Starting training...
2026-06-26 13:05:50,511 | Epoch    1/1400 | kl_g0_w=1.00 kl_u_w=1.00 | train=1317.8334 (recon=1312.6578, kl_g0=5.1756, kl_u=0.0000, cls=0.0000) | val=178.7859 | lr=1.00e-04
2026-06-26 13:05:50,538 |   -> New best val loss: 178.7859 (saved best_model.pt)
2026-06-26 13:05:52,064 |   -> New best val loss: 176.7152 (saved best_model.pt)
2026-06-26 13:05:53,413 |   -> New best val loss: 170.3887 (saved best_model.pt)
2026-06-26 13:05:54,868 |   -> New best val loss: 165.0875 (saved best_model.pt)
2026-06-26 13:05:56,106 |   -> New best val loss: 162.0299 (saved best_model.pt)
2026-06-26 13:05:57,423 |   -> New best val loss: 158.2677 (saved best_model.pt)
2026-06-26 13:05:58,879 |   -> New best val loss: 153.7177 (saved best_model.pt)
2026-06-26 13:06:00,443 |   -> New best val loss: 148.5752 (saved best_model.pt)
2026-06-26 13:06:02,061 |   -> New best val loss: 143.5931 (saved best_model.pt)
2026-06-26 13:06:03,466 | Epoch   10/1400 | kl_g0_w=1.00 kl_u_w=1.00 | train=254.6983 (recon=249.6482, kl_g0=5.0501, kl_u=0.0000, cls=0.0000) | val=138.6263 | lr=1.00e-04
2026-06-26 13:06:03,495 |   -> New best val loss: 138.6263 (saved best_model.pt)
2026-06-26 13:06:04,957 |   -> New best val loss: 133.2760 (saved best_model.pt)
2026-06-26 13:06:06,329 |   -> New best val loss: 128.0122 (saved best_model.pt)
2026-06-26 13:06:07,810 |   -> New best val loss: 122.8397 (saved best_model.pt)
2026-06-26 13:06:09,573 |   -> New best val loss: 118.0276 (saved best_model.pt)
2026-06-26 13:06:10,972 |   -> New best val loss: 113.6320 (saved best_model.pt)
2026-06-26 13:06:12,400 |   -> New best val loss: 109.7073 (saved best_model.pt)
2026-06-26 13:06:13,868 |   -> New best val loss: 106.1958 (saved best_model.pt)
2026-06-26 13:06:15,283 |   -> New best val loss: 102.9446 (saved best_model.pt)
2026-06-26 13:06:16,703 |   -> New best val loss: 99.9777 (saved best_model.pt)
2026-06-26 13:06:18,264 | Epoch   20/1400 | kl_g0_w=1.00 kl_u_w=1.00 | train=159.5316 (recon=154.5101, kl_g0=5.0215, kl_u=0.0000, cls=0.0000) | val=97.2079 | lr=1.00e-04
2026-06-26 13:06:18,297 |   -> New best val loss: 97.2079 (saved best_model.pt)
2026-06-26 13:06:19,776 |   -> New best val loss: 94.6049 (saved best_model.pt)
2026-06-26 13:06:21,211 |   -> New best val loss: 92.2644 (saved best_model.pt)
2026-06-26 13:06:22,669 |   -> New best val loss: 90.1278 (saved best_model.pt)
2026-06-26 13:06:23,971 |   -> New best val loss: 88.2068 (saved best_model.pt)
2026-06-26 13:06:25,543 |   -> New best val loss: 86.3842 (saved best_model.pt)
2026-06-26 13:06:27,045 |   -> New best val loss: 84.7506 (saved best_model.pt)
2026-06-26 13:06:28,422 |   -> New best val loss: 83.2371 (saved best_model.pt)
2026-06-26 13:06:29,738 |   -> New best val loss: 81.8852 (saved best_model.pt)
2026-06-26 13:06:31,065 |   -> New best val loss: 80.6187 (saved best_model.pt)
2026-06-26 13:06:32,493 | Epoch   30/1400 | kl_g0_w=1.00 kl_u_w=1.00 | train=129.8883 (recon=124.8125, kl_g0=5.0758, kl_u=0.0000, cls=0.0000) | val=79.3486 | lr=1.00e-04
2026-06-26 13:06:32,526 |   -> New best val loss: 79.3486 (saved best_model.pt)
2026-06-26 13:06:33,929 |   -> New best val loss: 78.1856 (saved best_model.pt)
2026-06-26 13:06:35,379 |   -> New best val loss: 77.1968 (saved best_model.pt)
2026-06-26 13:06:36,942 |   -> New best val loss: 76.1859 (saved best_model.pt)
2026-06-26 13:06:38,466 |   -> New best val loss: 75.1361 (saved best_model.pt)
2026-06-26 13:06:40,206 |   -> New best val loss: 74.2576 (saved best_model.pt)
2026-06-26 13:06:41,670 |   -> New best val loss: 73.4470 (saved best_model.pt)
2026-06-26 13:06:42,982 |   -> New best val loss: 72.6420 (saved best_model.pt)
2026-06-26 13:06:44,599 |   -> New best val loss: 71.8500 (saved best_model.pt)
2026-06-26 13:06:45,756 |   -> New best val loss: 71.0793 (saved best_model.pt)
2026-06-26 13:06:47,235 | Epoch   40/1400 | kl_g0_w=1.00 kl_u_w=1.00 | train=111.2764 (recon=106.1038, kl_g0=5.1726, kl_u=0.0000, cls=0.0000) | val=70.3380 | lr=1.00e-04
2026-06-26 13:06:47,255 |   -> New best val loss: 70.3380 (saved best_model.pt)
2026-06-26 13:06:48,871 |   -> New best val loss: 69.6532 (saved best_model.pt)
2026-06-26 13:06:50,687 |   -> New best val loss: 69.0306 (saved best_model.pt)
2026-06-26 13:06:51,922 |   -> New best val loss: 68.4798 (saved best_model.pt)
2026-06-26 13:06:53,375 |   -> New best val loss: 67.9843 (saved best_model.pt)
2026-06-26 13:06:54,759 |   -> New best val loss: 67.4650 (saved best_model.pt)
2026-06-26 13:06:56,349 |   -> New best val loss: 66.9725 (saved best_model.pt)
2026-06-26 13:06:58,129 |   -> New best val loss: 66.5319 (saved best_model.pt)
2026-06-26 13:06:59,592 |   -> New best val loss: 66.1037 (saved best_model.pt)
2026-06-26 13:07:01,175 |   -> New best val loss: 65.6978 (saved best_model.pt)
2026-06-26 13:07:02,839 | Epoch   50/1400 | kl_g0_w=1.00 kl_u_w=1.00 | train=98.8766 (recon=93.6242, kl_g0=5.2523, kl_u=0.0000, cls=0.0000) | val=65.3130 | lr=1.00e-04
2026-06-26 13:07:02,872 |   -> New best val loss: 65.3130 (saved best_model.pt)
2026-06-26 13:07:04,120 |   -> New best val loss: 64.9437 (saved best_model.pt)
2026-06-26 13:07:05,409 |   -> New best val loss: 64.5585 (saved best_model.pt)
2026-06-26 13:07:06,841 |   -> New best val loss: 64.2020 (saved best_model.pt)
2026-06-26 13:07:08,367 |   -> New best val loss: 63.8787 (saved best_model.pt)
2026-06-26 13:07:09,787 |   -> New best val loss: 63.5433 (saved best_model.pt)
2026-06-26 13:07:11,114 |   -> New best val loss: 63.2370 (saved best_model.pt)
2026-06-26 13:07:12,550 |   -> New best val loss: 62.8982 (saved best_model.pt)
2026-06-26 13:07:13,833 |   -> New best val loss: 62.6040 (saved best_model.pt)
2026-06-26 13:07:15,404 |   -> New best val loss: 62.3633 (saved best_model.pt)
2026-06-26 13:07:16,584 | Epoch   60/1400 | kl_g0_w=1.00 kl_u_w=1.00 | train=89.0278 (recon=83.6800, kl_g0=5.3478, kl_u=0.0000, cls=0.0000) | val=62.1306 | lr=1.00e-04
2026-06-26 13:07:16,607 |   -> New best val loss: 62.1306 (saved best_model.pt)
2026-06-26 13:07:17,831 |   -> New best val loss: 61.9066 (saved best_model.pt)
2026-06-26 13:07:19,226 |   -> New best val loss: 61.6377 (saved best_model.pt)
2026-06-26 13:07:20,491 |   -> New best val loss: 61.4017 (saved best_model.pt)
2026-06-26 13:07:21,932 |   -> New best val loss: 61.1939 (saved best_model.pt)
2026-06-26 13:07:23,297 |   -> New best val loss: 60.9843 (saved best_model.pt)
2026-06-26 13:07:24,593 |   -> New best val loss: 60.7652 (saved best_model.pt)
2026-06-26 13:07:25,790 |   -> New best val loss: 60.5577 (saved best_model.pt)
2026-06-26 13:07:27,152 |   -> New best val loss: 60.3991 (saved best_model.pt)
2026-06-26 13:07:28,623 |   -> New best val loss: 60.2645 (saved best_model.pt)
2026-06-26 13:07:30,182 | Epoch   70/1400 | kl_g0_w=1.00 kl_u_w=1.00 | train=82.9407 (recon=77.4886, kl_g0=5.4521, kl_u=0.0000, cls=0.0000) | val=60.0932 | lr=1.00e-04
2026-06-26 13:07:30,213 |   -> New best val loss: 60.0932 (saved best_model.pt)
2026-06-26 13:07:31,652 |   -> New best val loss: 59.8943 (saved best_model.pt)
2026-06-26 13:07:32,974 |   -> New best val loss: 59.7242 (saved best_model.pt)
2026-06-26 13:07:34,331 |   -> New best val loss: 59.5841 (saved best_model.pt)
2026-06-26 13:07:35,800 |   -> New best val loss: 59.4725 (saved best_model.pt)
2026-06-26 13:07:37,090 |   -> New best val loss: 59.3810 (saved best_model.pt)
2026-06-26 13:07:38,879 |   -> New best val loss: 59.2807 (saved best_model.pt)
2026-06-26 13:07:40,162 |   -> New best val loss: 59.1506 (saved best_model.pt)
2026-06-26 13:07:41,677 |   -> New best val loss: 59.0395 (saved best_model.pt)
2026-06-26 13:07:43,859 |   -> New best val loss: 58.9551 (saved best_model.pt)
2026-06-26 13:07:46,045 | Epoch   80/1400 | kl_g0_w=1.00 kl_u_w=1.00 | train=77.9976 (recon=72.4463, kl_g0=5.5513, kl_u=0.0000, cls=0.0000) | val=58.8490 | lr=1.00e-04
2026-06-26 13:07:46,088 |   -> New best val loss: 58.8490 (saved best_model.pt)
2026-06-26 13:07:47,972 |   -> New best val loss: 58.7161 (saved best_model.pt)
2026-06-26 13:07:49,943 |   -> New best val loss: 58.5792 (saved best_model.pt)
2026-06-26 13:07:52,295 |   -> New best val loss: 58.4889 (saved best_model.pt)
2026-06-26 13:07:54,598 |   -> New best val loss: 58.4042 (saved best_model.pt)
2026-06-26 13:07:56,922 |   -> New best val loss: 58.3268 (saved best_model.pt)
2026-06-26 13:07:58,852 |   -> New best val loss: 58.2656 (saved best_model.pt)
2026-06-26 13:08:02,709 |   -> New best val loss: 58.2165 (saved best_model.pt)
2026-06-26 13:08:06,295 |   -> New best val loss: 58.1359 (saved best_model.pt)
2026-06-26 13:08:09,879 |   -> New best val loss: 58.0385 (saved best_model.pt)
2026-06-26 13:08:13,399 | Epoch   90/1400 | kl_g0_w=1.00 kl_u_w=1.00 | train=73.9717 (recon=68.3284, kl_g0=5.6433, kl_u=0.0000, cls=0.0000) | val=57.9496 | lr=1.00e-04
2026-06-26 13:08:13,452 |   -> New best val loss: 57.9496 (saved best_model.pt)
2026-06-26 13:08:17,031 |   -> New best val loss: 57.8630 (saved best_model.pt)
2026-06-26 13:08:20,617 |   -> New best val loss: 57.7967 (saved best_model.pt)
2026-06-26 13:08:24,222 |   -> New best val loss: 57.7308 (saved best_model.pt)
2026-06-26 13:08:27,830 |   -> New best val loss: 57.6708 (saved best_model.pt)
2026-06-26 13:08:31,433 |   -> New best val loss: 57.6159 (saved best_model.pt)
2026-06-26 13:08:34,986 |   -> New best val loss: 57.5709 (saved best_model.pt)
2026-06-26 13:08:38,549 |   -> New best val loss: 57.5159 (saved best_model.pt)
2026-06-26 13:08:42,124 |   -> New best val loss: 57.4639 (saved best_model.pt)
2026-06-26 13:08:45,688 |   -> New best val loss: 57.4056 (saved best_model.pt)
2026-06-26 13:08:49,201 | Epoch  100/1400 | kl_g0_w=1.00 kl_u_w=1.00 | train=70.1190 (recon=64.3707, kl_g0=5.7483, kl_u=0.0000, cls=0.0000) | val=57.3559 | lr=1.00e-04
2026-06-26 13:08:49,254 |   -> New best val loss: 57.3559 (saved best_model.pt)
2026-06-26 13:08:52,833 |   -> New best val loss: 57.3162 (saved best_model.pt)
2026-06-26 13:08:56,412 |   -> New best val loss: 57.2930 (saved best_model.pt)
2026-06-26 13:09:00,033 |   -> New best val loss: 57.2681 (saved best_model.pt)
2026-06-26 13:09:03,660 |   -> New best val loss: 57.2287 (saved best_model.pt)
2026-06-26 13:09:07,306 |   -> New best val loss: 57.1736 (saved best_model.pt)
2026-06-26 13:09:10,923 |   -> New best val loss: 57.1260 (saved best_model.pt)
2026-06-26 13:09:14,529 |   -> New best val loss: 57.0878 (saved best_model.pt)
2026-06-26 13:09:18,096 |   -> New best val loss: 57.0665 (saved best_model.pt)
2026-06-26 13:09:21,672 |   -> New best val loss: 57.0334 (saved best_model.pt)
2026-06-26 13:09:25,225 | Epoch  110/1400 | kl_g0_w=1.00 kl_u_w=1.00 | train=68.2607 (recon=62.4054, kl_g0=5.8552, kl_u=0.0000, cls=0.0000) | val=57.0058 | lr=1.00e-04
2026-06-26 13:09:25,280 |   -> New best val loss: 57.0058 (saved best_model.pt)
2026-06-26 13:09:28,873 |   -> New best val loss: 56.9746 (saved best_model.pt)
2026-06-26 13:09:32,477 |   -> New best val loss: 56.9449 (saved best_model.pt)
2026-06-26 13:09:36,049 |   -> New best val loss: 56.9176 (saved best_model.pt)
2026-06-26 13:09:39,601 |   -> New best val loss: 56.8957 (saved best_model.pt)
2026-06-26 13:09:43,169 |   -> New best val loss: 56.8763 (saved best_model.pt)
2026-06-26 13:09:46,735 |   -> New best val loss: 56.8410 (saved best_model.pt)
2026-06-26 13:09:50,318 |   -> New best val loss: 56.8136 (saved best_model.pt)
2026-06-26 13:09:53,904 |   -> New best val loss: 56.8059 (saved best_model.pt)
2026-06-26 13:09:57,507 |   -> New best val loss: 56.8002 (saved best_model.pt)
2026-06-26 13:10:01,041 | Epoch  120/1400 | kl_g0_w=1.00 kl_u_w=1.00 | train=65.3792 (recon=59.4365, kl_g0=5.9428, kl_u=0.0000, cls=0.0000) | val=56.7841 | lr=1.00e-04
2026-06-26 13:10:01,095 |   -> New best val loss: 56.7841 (saved best_model.pt)
2026-06-26 13:10:04,665 |   -> New best val loss: 56.7685 (saved best_model.pt)
2026-06-26 13:10:08,246 |   -> New best val loss: 56.7390 (saved best_model.pt)
2026-06-26 13:10:11,813 |   -> New best val loss: 56.7011 (saved best_model.pt)
2026-06-26 13:10:15,387 |   -> New best val loss: 56.6730 (saved best_model.pt)
2026-06-26 13:10:18,965 |   -> New best val loss: 56.6589 (saved best_model.pt)
2026-06-26 13:10:22,535 |   -> New best val loss: 56.6513 (saved best_model.pt)
2026-06-26 13:10:26,132 |   -> New best val loss: 56.6364 (saved best_model.pt)
2026-06-26 13:10:29,727 |   -> New best val loss: 56.6102 (saved best_model.pt)
2026-06-26 13:10:33,308 |   -> New best val loss: 56.6052 (saved best_model.pt)
2026-06-26 13:10:36,883 | Epoch  130/1400 | kl_g0_w=1.00 kl_u_w=1.00 | train=64.1033 (recon=58.0759, kl_g0=6.0275, kl_u=0.0000, cls=0.0000) | val=56.5972 | lr=1.00e-04
2026-06-26 13:10:36,938 |   -> New best val loss: 56.5972 (saved best_model.pt)
2026-06-26 13:10:40,506 |   -> New best val loss: 56.5774 (saved best_model.pt)
2026-06-26 13:10:44,111 |   -> New best val loss: 56.5659 (saved best_model.pt)
2026-06-26 13:10:47,657 |   -> New best val loss: 56.5557 (saved best_model.pt)
2026-06-26 13:10:51,212 |   -> New best val loss: 56.5297 (saved best_model.pt)
2026-06-26 13:10:54,773 |   -> New best val loss: 56.5097 (saved best_model.pt)
2026-06-26 13:10:58,340 |   -> New best val loss: 56.5051 (saved best_model.pt)
2026-06-26 13:11:01,896 |   -> New best val loss: 56.5023 (saved best_model.pt)
2026-06-26 13:11:05,472 |   -> New best val loss: 56.4939 (saved best_model.pt)
2026-06-26 13:11:09,022 |   -> New best val loss: 56.4800 (saved best_model.pt)
2026-06-26 13:11:12,556 | Epoch  140/1400 | kl_g0_w=1.00 kl_u_w=1.00 | train=63.0268 (recon=56.9208, kl_g0=6.1059, kl_u=0.0000, cls=0.0000) | val=56.4724 | lr=1.00e-04
2026-06-26 13:11:12,610 |   -> New best val loss: 56.4724 (saved best_model.pt)
2026-06-26 13:11:26,804 |   -> New best val loss: 56.4672 (saved best_model.pt)
2026-06-26 13:11:30,376 |   -> New best val loss: 56.4597 (saved best_model.pt)
2026-06-26 13:11:33,917 |   -> New best val loss: 56.4441 (saved best_model.pt)
2026-06-26 13:11:37,490 |   -> New best val loss: 56.4215 (saved best_model.pt)
2026-06-26 13:11:40,997 |   -> New best val loss: 56.4070 (saved best_model.pt)
2026-06-26 13:11:44,521 |   -> New best val loss: 56.4001 (saved best_model.pt)
2026-06-26 13:11:48,024 | Epoch  150/1400 | kl_g0_w=1.00 kl_u_w=1.00 | train=61.3777 (recon=55.2038, kl_g0=6.1738, kl_u=0.0000, cls=0.0000) | val=56.3930 | lr=1.00e-04
2026-06-26 13:11:48,077 |   -> New best val loss: 56.3930 (saved best_model.pt)
2026-06-26 13:11:58,576 |   -> New best val loss: 56.3912 (saved best_model.pt)
2026-06-26 13:12:02,118 |   -> New best val loss: 56.3793 (saved best_model.pt)
2026-06-26 13:12:05,650 |   -> New best val loss: 56.3744 (saved best_model.pt)
2026-06-26 13:12:12,745 |   -> New best val loss: 56.3742 (saved best_model.pt)
2026-06-26 13:12:16,272 |   -> New best val loss: 56.3669 (saved best_model.pt)
2026-06-26 13:12:23,210 | Epoch  160/1400 | kl_g0_w=1.00 kl_u_w=1.00 | train=60.7792 (recon=54.5700, kl_g0=6.2092, kl_u=0.0000, cls=0.0000) | val=56.3734 | lr=1.00e-04
2026-06-26 13:12:26,756 |   -> New best val loss: 56.3607 (saved best_model.pt)
2026-06-26 13:12:30,278 |   -> New best val loss: 56.3471 (saved best_model.pt)
2026-06-26 13:12:33,860 |   -> New best val loss: 56.3333 (saved best_model.pt)
2026-06-26 13:12:37,399 |   -> New best val loss: 56.3310 (saved best_model.pt)
2026-06-26 13:12:40,884 |   -> New best val loss: 56.3277 (saved best_model.pt)
2026-06-26 13:12:44,446 |   -> New best val loss: 56.3214 (saved best_model.pt)
2026-06-26 13:12:47,990 |   -> New best val loss: 56.3137 (saved best_model.pt)
2026-06-26 13:12:51,536 |   -> New best val loss: 56.3110 (saved best_model.pt)
2026-06-26 13:12:58,565 | Epoch  170/1400 | kl_g0_w=1.00 kl_u_w=1.00 | train=59.9850 (recon=53.7433, kl_g0=6.2416, kl_u=0.0000, cls=0.0000) | val=56.3240 | lr=1.00e-04
2026-06-26 13:13:09,150 |   -> New best val loss: 56.3040 (saved best_model.pt)
2026-06-26 13:13:12,704 |   -> New best val loss: 56.2915 (saved best_model.pt)
2026-06-26 13:13:16,276 |   -> New best val loss: 56.2787 (saved best_model.pt)
2026-06-26 13:13:19,838 |   -> New best val loss: 56.2700 (saved best_model.pt)
2026-06-26 13:13:23,414 |   -> New best val loss: 56.2632 (saved best_model.pt)
2026-06-26 13:13:27,030 |   -> New best val loss: 56.2564 (saved best_model.pt)
2026-06-26 13:13:30,581 |   -> New best val loss: 56.2440 (saved best_model.pt)
2026-06-26 13:13:34,066 | Epoch  180/1400 | kl_g0_w=1.00 kl_u_w=1.00 | train=59.1241 (recon=52.8923, kl_g0=6.2317, kl_u=0.0000, cls=0.0000) | val=56.2312 | lr=1.00e-04
2026-06-26 13:13:34,120 |   -> New best val loss: 56.2312 (saved best_model.pt)
2026-06-26 13:13:37,652 |   -> New best val loss: 56.2122 (saved best_model.pt)
2026-06-26 13:13:41,155 |   -> New best val loss: 56.1968 (saved best_model.pt)
2026-06-26 13:13:44,699 |   -> New best val loss: 56.1936 (saved best_model.pt)
2026-06-26 13:13:55,231 |   -> New best val loss: 56.1923 (saved best_model.pt)
2026-06-26 13:13:58,804 |   -> New best val loss: 56.1808 (saved best_model.pt)
2026-06-26 13:14:02,359 |   -> New best val loss: 56.1639 (saved best_model.pt)
2026-06-26 13:14:05,913 |   -> New best val loss: 56.1497 (saved best_model.pt)
2026-06-26 13:14:09,407 | Epoch  190/1400 | kl_g0_w=1.00 kl_u_w=1.00 | train=58.7093 (recon=52.5190, kl_g0=6.1903, kl_u=0.0000, cls=0.0000) | val=56.1379 | lr=1.00e-04
2026-06-26 13:14:09,461 |   -> New best val loss: 56.1379 (saved best_model.pt)
2026-06-26 13:14:13,012 |   -> New best val loss: 56.1339 (saved best_model.pt)
2026-06-26 13:14:16,540 |   -> New best val loss: 56.1317 (saved best_model.pt)
2026-06-26 13:14:20,082 |   -> New best val loss: 56.1307 (saved best_model.pt)
2026-06-26 13:14:23,628 |   -> New best val loss: 56.1182 (saved best_model.pt)
2026-06-26 13:14:27,178 |   -> New best val loss: 56.0949 (saved best_model.pt)
2026-06-26 13:14:30,724 |   -> New best val loss: 56.0800 (saved best_model.pt)
2026-06-26 13:14:34,259 |   -> New best val loss: 56.0733 (saved best_model.pt)
2026-06-26 13:14:37,796 |   -> New best val loss: 56.0645 (saved best_model.pt)
2026-06-26 13:14:41,310 |   -> New best val loss: 56.0502 (saved best_model.pt)
2026-06-26 13:14:44,807 | Epoch  200/1400 | kl_g0_w=1.00 kl_u_w=1.00 | train=58.2304 (recon=52.1253, kl_g0=6.1051, kl_u=0.0000, cls=0.0000) | val=56.0359 | lr=1.00e-04
2026-06-26 13:14:44,860 |   -> New best val loss: 56.0359 (saved best_model.pt)
2026-06-26 13:14:48,375 |   -> New best val loss: 56.0207 (saved best_model.pt)
2026-06-26 13:14:51,903 |   -> New best val loss: 56.0074 (saved best_model.pt)
2026-06-26 13:14:55,439 |   -> New best val loss: 55.9956 (saved best_model.pt)
2026-06-26 13:14:58,987 |   -> New best val loss: 55.9835 (saved best_model.pt)
2026-06-26 13:15:02,559 |   -> New best val loss: 55.9796 (saved best_model.pt)
2026-06-26 13:15:06,108 |   -> New best val loss: 55.9749 (saved best_model.pt)
2026-06-26 13:15:09,650 |   -> New best val loss: 55.9638 (saved best_model.pt)
2026-06-26 13:15:13,188 |   -> New best val loss: 55.9463 (saved best_model.pt)
2026-06-26 13:15:16,755 |   -> New best val loss: 55.9227 (saved best_model.pt)
2026-06-26 13:15:20,238 | Epoch  210/1400 | kl_g0_w=1.00 kl_u_w=1.00 | train=58.1035 (recon=52.1129, kl_g0=5.9905, kl_u=0.0000, cls=0.0000) | val=55.9034 | lr=1.00e-04
2026-06-26 13:15:20,286 |   -> New best val loss: 55.9034 (saved best_model.pt)
2026-06-26 13:15:23,880 |   -> New best val loss: 55.8892 (saved best_model.pt)
2026-06-26 13:15:27,441 |   -> New best val loss: 55.8745 (saved best_model.pt)
2026-06-26 13:15:31,006 |   -> New best val loss: 55.8547 (saved best_model.pt)
2026-06-26 13:15:34,556 |   -> New best val loss: 55.8371 (saved best_model.pt)
2026-06-26 13:15:38,100 |   -> New best val loss: 55.8322 (saved best_model.pt)
2026-06-26 13:15:41,607 |   -> New best val loss: 55.8250 (saved best_model.pt)
2026-06-26 13:15:45,134 |   -> New best val loss: 55.8146 (saved best_model.pt)
2026-06-26 13:15:48,652 |   -> New best val loss: 55.7993 (saved best_model.pt)
2026-06-26 13:15:52,188 |   -> New best val loss: 55.7906 (saved best_model.pt)
2026-06-26 13:15:55,646 | Epoch  220/1400 | kl_g0_w=1.00 kl_u_w=1.00 | train=57.5594 (recon=51.6753, kl_g0=5.8842, kl_u=0.0000, cls=0.0000) | val=55.7783 | lr=1.00e-04
2026-06-26 13:15:55,699 |   -> New best val loss: 55.7783 (saved best_model.pt)
2026-06-26 13:15:59,257 |   -> New best val loss: 55.7670 (saved best_model.pt)
2026-06-26 13:16:02,785 |   -> New best val loss: 55.7454 (saved best_model.pt)
2026-06-26 13:16:06,303 |   -> New best val loss: 55.7174 (saved best_model.pt)
2026-06-26 13:16:09,848 |   -> New best val loss: 55.6977 (saved best_model.pt)
2026-06-26 13:16:13,383 |   -> New best val loss: 55.6764 (saved best_model.pt)
2026-06-26 13:16:16,910 |   -> New best val loss: 55.6665 (saved best_model.pt)
2026-06-26 13:16:20,435 |   -> New best val loss: 55.6562 (saved best_model.pt)
2026-06-26 13:16:23,998 |   -> New best val loss: 55.6414 (saved best_model.pt)
2026-06-26 13:16:27,545 |   -> New best val loss: 55.6268 (saved best_model.pt)
2026-06-26 13:16:31,033 | Epoch  230/1400 | kl_g0_w=1.00 kl_u_w=1.00 | train=57.3877 (recon=51.6523, kl_g0=5.7354, kl_u=0.0000, cls=0.0000) | val=55.6112 | lr=1.00e-04
2026-06-26 13:16:31,086 |   -> New best val loss: 55.6112 (saved best_model.pt)
2026-06-26 13:16:34,613 |   -> New best val loss: 55.5986 (saved best_model.pt)
2026-06-26 13:16:38,131 |   -> New best val loss: 55.5916 (saved best_model.pt)
2026-06-26 13:16:41,708 |   -> New best val loss: 55.5752 (saved best_model.pt)
2026-06-26 13:16:45,241 |   -> New best val loss: 55.5554 (saved best_model.pt)
2026-06-26 13:16:48,760 |   -> New best val loss: 55.5304 (saved best_model.pt)
2026-06-26 13:16:52,296 |   -> New best val loss: 55.5191 (saved best_model.pt)
2026-06-26 13:16:55,822 |   -> New best val loss: 55.5106 (saved best_model.pt)
2026-06-26 13:16:59,339 |   -> New best val loss: 55.4955 (saved best_model.pt)
2026-06-26 13:17:02,890 |   -> New best val loss: 55.4796 (saved best_model.pt)
2026-06-26 13:17:06,368 | Epoch  240/1400 | kl_g0_w=1.00 kl_u_w=1.00 | train=57.1262 (recon=51.5553, kl_g0=5.5709, kl_u=0.0000, cls=0.0000) | val=55.4596 | lr=1.00e-04
2026-06-26 13:17:06,422 |   -> New best val loss: 55.4596 (saved best_model.pt)
2026-06-26 13:17:09,946 |   -> New best val loss: 55.4363 (saved best_model.pt)
2026-06-26 13:17:13,469 |   -> New best val loss: 55.4021 (saved best_model.pt)
2026-06-26 13:17:17,000 |   -> New best val loss: 55.3843 (saved best_model.pt)
2026-06-26 13:17:20,527 |   -> New best val loss: 55.3677 (saved best_model.pt)
2026-06-26 13:17:24,057 |   -> New best val loss: 55.3532 (saved best_model.pt)
2026-06-26 13:17:27,611 |   -> New best val loss: 55.3443 (saved best_model.pt)
2026-06-26 13:17:31,146 |   -> New best val loss: 55.3256 (saved best_model.pt)
2026-06-26 13:17:34,672 |   -> New best val loss: 55.3065 (saved best_model.pt)
2026-06-26 13:17:38,174 |   -> New best val loss: 55.2887 (saved best_model.pt)
2026-06-26 13:17:41,618 | Epoch  250/1400 | kl_g0_w=1.00 kl_u_w=1.00 | train=56.7032 (recon=51.3110, kl_g0=5.3922, kl_u=0.0000, cls=0.0000) | val=55.2601 | lr=1.00e-04
2026-06-26 13:17:41,671 |   -> New best val loss: 55.2601 (saved best_model.pt)
2026-06-26 13:17:45,199 |   -> New best val loss: 55.2350 (saved best_model.pt)
2026-06-26 13:17:48,701 |   -> New best val loss: 55.2015 (saved best_model.pt)
2026-06-26 13:17:52,235 |   -> New best val loss: 55.1726 (saved best_model.pt)
2026-06-26 13:17:55,764 |   -> New best val loss: 55.1697 (saved best_model.pt)
2026-06-26 13:17:59,298 |   -> New best val loss: 55.1660 (saved best_model.pt)
2026-06-26 13:18:02,818 |   -> New best val loss: 55.1525 (saved best_model.pt)
2026-06-26 13:18:06,336 |   -> New best val loss: 55.1282 (saved best_model.pt)
2026-06-26 13:18:09,852 |   -> New best val loss: 55.0972 (saved best_model.pt)
2026-06-26 13:18:13,350 |   -> New best val loss: 55.0635 (saved best_model.pt)
2026-06-26 13:18:16,814 | Epoch  260/1400 | kl_g0_w=1.00 kl_u_w=1.00 | train=56.4714 (recon=51.2754, kl_g0=5.1959, kl_u=0.0000, cls=0.0000) | val=55.0412 | lr=1.00e-04
2026-06-26 13:18:16,866 |   -> New best val loss: 55.0412 (saved best_model.pt)
2026-06-26 13:18:20,399 |   -> New best val loss: 55.0362 (saved best_model.pt)
2026-06-26 13:18:30,915 |   -> New best val loss: 55.0089 (saved best_model.pt)
2026-06-26 13:18:34,452 |   -> New best val loss: 54.9887 (saved best_model.pt)
2026-06-26 13:18:37,955 |   -> New best val loss: 54.9705 (saved best_model.pt)
2026-06-26 13:18:41,426 |   -> New best val loss: 54.9508 (saved best_model.pt)
2026-06-26 13:18:44,974 |   -> New best val loss: 54.9231 (saved best_model.pt)
2026-06-26 13:18:48,444 |   -> New best val loss: 54.8946 (saved best_model.pt)
2026-06-26 13:18:51,904 | Epoch  270/1400 | kl_g0_w=1.00 kl_u_w=1.00 | train=56.1265 (recon=51.1288, kl_g0=4.9977, kl_u=0.0000, cls=0.0000) | val=54.8531 | lr=1.00e-04
2026-06-26 13:18:51,959 |   -> New best val loss: 54.8531 (saved best_model.pt)
2026-06-26 13:18:55,531 |   -> New best val loss: 54.8107 (saved best_model.pt)
2026-06-26 13:18:59,130 |   -> New best val loss: 54.7925 (saved best_model.pt)
2026-06-26 13:19:02,722 |   -> New best val loss: 54.7852 (saved best_model.pt)
2026-06-26 13:19:06,288 |   -> New best val loss: 54.7761 (saved best_model.pt)
2026-06-26 13:19:09,859 |   -> New best val loss: 54.7576 (saved best_model.pt)
2026-06-26 13:19:13,433 |   -> New best val loss: 54.7362 (saved best_model.pt)
2026-06-26 13:19:17,016 |   -> New best val loss: 54.7077 (saved best_model.pt)
2026-06-26 13:19:19,148 |   -> New best val loss: 54.6619 (saved best_model.pt)
2026-06-26 13:19:20,563 |   -> New best val loss: 54.6314 (saved best_model.pt)
2026-06-26 13:19:22,011 | Epoch  280/1400 | kl_g0_w=1.00 kl_u_w=1.00 | train=55.9558 (recon=51.1985, kl_g0=4.7574, kl_u=0.0000, cls=0.0000) | val=54.6257 | lr=1.00e-04
2026-06-26 13:19:22,035 |   -> New best val loss: 54.6257 (saved best_model.pt)
2026-06-26 13:19:23,286 |   -> New best val loss: 54.6163 (saved best_model.pt)
2026-06-26 13:19:24,400 |   -> New best val loss: 54.5957 (saved best_model.pt)
2026-06-26 13:19:25,241 |   -> New best val loss: 54.5664 (saved best_model.pt)
2026-06-26 13:19:26,057 |   -> New best val loss: 54.5376 (saved best_model.pt)
2026-06-26 13:19:26,923 |   -> New best val loss: 54.5080 (saved best_model.pt)
2026-06-26 13:19:27,801 |   -> New best val loss: 54.4705 (saved best_model.pt)
2026-06-26 13:19:28,723 |   -> New best val loss: 54.4470 (saved best_model.pt)
2026-06-26 13:19:29,542 |   -> New best val loss: 54.4156 (saved best_model.pt)
2026-06-26 13:19:30,381 |   -> New best val loss: 54.3952 (saved best_model.pt)
2026-06-26 13:19:31,237 | Epoch  290/1400 | kl_g0_w=1.00 kl_u_w=1.00 | train=55.6908 (recon=51.1564, kl_g0=4.5343, kl_u=0.0000, cls=0.0000) | val=54.3916 | lr=1.00e-04
2026-06-26 13:19:31,255 |   -> New best val loss: 54.3916 (saved best_model.pt)
2026-06-26 13:19:32,091 |   -> New best val loss: 54.3740 (saved best_model.pt)
2026-06-26 13:19:32,939 |   -> New best val loss: 54.3241 (saved best_model.pt)
2026-06-26 13:19:33,772 |   -> New best val loss: 54.2805 (saved best_model.pt)
2026-06-26 13:19:34,655 |   -> New best val loss: 54.2520 (saved best_model.pt)
2026-06-26 13:19:35,492 |   -> New best val loss: 54.2434 (saved best_model.pt)
2026-06-26 13:19:36,328 |   -> New best val loss: 54.2235 (saved best_model.pt)
2026-06-26 13:19:37,219 |   -> New best val loss: 54.2023 (saved best_model.pt)
2026-06-26 13:19:38,081 |   -> New best val loss: 54.1851 (saved best_model.pt)
2026-06-26 13:19:38,934 |   -> New best val loss: 54.1516 (saved best_model.pt)
2026-06-26 13:19:39,829 | Epoch  300/1400 | kl_g0_w=1.00 kl_u_w=1.00 | train=55.3597 (recon=51.0747, kl_g0=4.2850, kl_u=0.0000, cls=0.0000) | val=54.1099 | lr=1.00e-04
2026-06-26 13:19:39,845 |   -> New best val loss: 54.1099 (saved best_model.pt)
2026-06-26 13:19:40,674 |   -> New best val loss: 54.0611 (saved best_model.pt)
2026-06-26 13:19:41,537 |   -> New best val loss: 54.0285 (saved best_model.pt)
2026-06-26 13:19:43,247 |   -> New best val loss: 54.0233 (saved best_model.pt)
2026-06-26 13:19:44,113 |   -> New best val loss: 53.9847 (saved best_model.pt)
2026-06-26 13:19:44,983 |   -> New best val loss: 53.9288 (saved best_model.pt)
2026-06-26 13:19:45,821 |   -> New best val loss: 53.9044 (saved best_model.pt)
2026-06-26 13:19:47,521 |   -> New best val loss: 53.8799 (saved best_model.pt)
2026-06-26 13:19:48,400 | Epoch  310/1400 | kl_g0_w=1.00 kl_u_w=1.00 | train=54.9210 (recon=50.9287, kl_g0=3.9924, kl_u=0.0000, cls=0.0000) | val=53.8172 | lr=1.00e-04
2026-06-26 13:19:48,414 |   -> New best val loss: 53.8172 (saved best_model.pt)
2026-06-26 13:19:49,316 |   -> New best val loss: 53.7521 (saved best_model.pt)
2026-06-26 13:19:50,227 |   -> New best val loss: 53.7227 (saved best_model.pt)
2026-06-26 13:19:51,066 |   -> New best val loss: 53.6947 (saved best_model.pt)
2026-06-26 13:19:51,909 |   -> New best val loss: 53.6715 (saved best_model.pt)
2026-06-26 13:19:52,794 |   -> New best val loss: 53.6548 (saved best_model.pt)
2026-06-26 13:19:53,693 |   -> New best val loss: 53.6458 (saved best_model.pt)
2026-06-26 13:19:54,578 |   -> New best val loss: 53.6250 (saved best_model.pt)
2026-06-26 13:19:55,487 |   -> New best val loss: 53.6127 (saved best_model.pt)
2026-06-26 13:19:56,303 |   -> New best val loss: 53.5606 (saved best_model.pt)
2026-06-26 13:19:57,174 | Epoch  320/1400 | kl_g0_w=1.00 kl_u_w=1.00 | train=54.6750 (recon=50.9957, kl_g0=3.6793, kl_u=0.0000, cls=0.0000) | val=53.4894 | lr=1.00e-04
2026-06-26 13:19:57,193 |   -> New best val loss: 53.4894 (saved best_model.pt)
2026-06-26 13:19:58,051 |   -> New best val loss: 53.4738 (saved best_model.pt)
2026-06-26 13:19:59,775 |   -> New best val loss: 53.4234 (saved best_model.pt)
2026-06-26 13:20:00,657 |   -> New best val loss: 53.3610 (saved best_model.pt)
2026-06-26 13:20:01,767 |   -> New best val loss: 53.3292 (saved best_model.pt)
2026-06-26 13:20:03,060 |   -> New best val loss: 53.3222 (saved best_model.pt)
2026-06-26 13:20:04,365 |   -> New best val loss: 53.3177 (saved best_model.pt)
2026-06-26 13:20:05,687 |   -> New best val loss: 53.2576 (saved best_model.pt)
2026-06-26 13:20:07,233 |   -> New best val loss: 53.1874 (saved best_model.pt)
2026-06-26 13:20:08,546 | Epoch  330/1400 | kl_g0_w=1.00 kl_u_w=1.00 | train=54.2380 (recon=50.9179, kl_g0=3.3201, kl_u=0.0000, cls=0.0000) | val=53.1362 | lr=1.00e-04
2026-06-26 13:20:08,580 |   -> New best val loss: 53.1362 (saved best_model.pt)
2026-06-26 13:20:10,060 |   -> New best val loss: 53.1040 (saved best_model.pt)
2026-06-26 13:20:13,994 |   -> New best val loss: 53.0461 (saved best_model.pt)
2026-06-26 13:20:15,169 |   -> New best val loss: 52.9420 (saved best_model.pt)
2026-06-26 13:20:16,607 |   -> New best val loss: 52.9171 (saved best_model.pt)
2026-06-26 13:20:20,240 |   -> New best val loss: 52.8787 (saved best_model.pt)
2026-06-26 13:20:21,524 | Epoch  340/1400 | kl_g0_w=1.00 kl_u_w=1.00 | train=53.9256 (recon=50.9147, kl_g0=3.0109, kl_u=0.0000, cls=0.0000) | val=52.7898 | lr=1.00e-04
2026-06-26 13:20:21,557 |   -> New best val loss: 52.7898 (saved best_model.pt)
2026-06-26 13:20:22,870 |   -> New best val loss: 52.7681 (saved best_model.pt)
2026-06-26 13:20:25,387 |   -> New best val loss: 52.7546 (saved best_model.pt)
2026-06-26 13:20:26,769 |   -> New best val loss: 52.6634 (saved best_model.pt)
2026-06-26 13:20:28,164 |   -> New best val loss: 52.5878 (saved best_model.pt)
2026-06-26 13:20:29,516 |   -> New best val loss: 52.5445 (saved best_model.pt)
2026-06-26 13:20:30,874 |   -> New best val loss: 52.5318 (saved best_model.pt)
2026-06-26 13:20:32,268 |   -> New best val loss: 52.4963 (saved best_model.pt)
2026-06-26 13:20:33,678 |   -> New best val loss: 52.4172 (saved best_model.pt)
2026-06-26 13:20:34,903 | Epoch  350/1400 | kl_g0_w=1.00 kl_u_w=1.00 | train=53.4949 (recon=50.9052, kl_g0=2.5898, kl_u=0.0000, cls=0.0000) | val=52.3772 | lr=1.00e-04
2026-06-26 13:20:34,938 |   -> New best val loss: 52.3772 (saved best_model.pt)
2026-06-26 13:20:37,592 |   -> New best val loss: 52.3331 (saved best_model.pt)
2026-06-26 13:20:39,116 |   -> New best val loss: 52.2999 (saved best_model.pt)
2026-06-26 13:20:40,421 |   -> New best val loss: 52.2617 (saved best_model.pt)
2026-06-26 13:20:42,028 |   -> New best val loss: 52.2376 (saved best_model.pt)
2026-06-26 13:20:44,774 |   -> New best val loss: 52.1883 (saved best_model.pt)
2026-06-26 13:20:46,154 |   -> New best val loss: 52.0775 (saved best_model.pt)
2026-06-26 13:20:47,646 |   -> New best val loss: 51.9962 (saved best_model.pt)
2026-06-26 13:20:48,808 | Epoch  360/1400 | kl_g0_w=1.00 kl_u_w=1.00 | train=53.0321 (recon=50.8162, kl_g0=2.2159, kl_u=0.0000, cls=0.0000) | val=51.9733 | lr=1.00e-04
2026-06-26 13:20:48,840 |   -> New best val loss: 51.9733 (saved best_model.pt)
2026-06-26 13:20:50,121 |   -> New best val loss: 51.9713 (saved best_model.pt)
2026-06-26 13:20:51,468 |   -> New best val loss: 51.9490 (saved best_model.pt)
2026-06-26 13:20:52,989 |   -> New best val loss: 51.8826 (saved best_model.pt)
2026-06-26 13:20:54,507 |   -> New best val loss: 51.8153 (saved best_model.pt)
2026-06-26 13:20:56,068 |   -> New best val loss: 51.7616 (saved best_model.pt)
2026-06-26 13:20:57,527 |   -> New best val loss: 51.7401 (saved best_model.pt)
2026-06-26 13:20:59,041 |   -> New best val loss: 51.7118 (saved best_model.pt)
2026-06-26 13:21:00,314 |   -> New best val loss: 51.6616 (saved best_model.pt)
2026-06-26 13:21:01,703 |   -> New best val loss: 51.6232 (saved best_model.pt)
2026-06-26 13:21:02,987 | Epoch  370/1400 | kl_g0_w=1.00 kl_u_w=1.00 | train=52.5218 (recon=50.6802, kl_g0=1.8415, kl_u=0.0000, cls=0.0000) | val=51.5767 | lr=1.00e-04
2026-06-26 13:21:03,010 |   -> New best val loss: 51.5767 (saved best_model.pt)
2026-06-26 13:21:04,248 |   -> New best val loss: 51.5302 (saved best_model.pt)
2026-06-26 13:21:05,485 |   -> New best val loss: 51.4736 (saved best_model.pt)
2026-06-26 13:21:06,836 |   -> New best val loss: 51.3967 (saved best_model.pt)
2026-06-26 13:21:08,399 |   -> New best val loss: 51.3543 (saved best_model.pt)
2026-06-26 13:21:09,962 |   -> New best val loss: 51.3375 (saved best_model.pt)
2026-06-26 13:21:11,429 |   -> New best val loss: 51.3176 (saved best_model.pt)
2026-06-26 13:21:13,060 |   -> New best val loss: 51.2681 (saved best_model.pt)
2026-06-26 13:21:14,656 |   -> New best val loss: 51.2138 (saved best_model.pt)
2026-06-26 13:21:16,044 |   -> New best val loss: 51.1690 (saved best_model.pt)
2026-06-26 13:21:17,456 | Epoch  380/1400 | kl_g0_w=1.00 kl_u_w=1.00 | train=52.0212 (recon=50.5882, kl_g0=1.4329, kl_u=0.0000, cls=0.0000) | val=51.1235 | lr=1.00e-04
2026-06-26 13:21:17,477 |   -> New best val loss: 51.1235 (saved best_model.pt)
2026-06-26 13:21:18,893 |   -> New best val loss: 51.0879 (saved best_model.pt)
2026-06-26 13:21:20,344 |   -> New best val loss: 51.0523 (saved best_model.pt)
2026-06-26 13:21:21,901 |   -> New best val loss: 51.0258 (saved best_model.pt)
2026-06-26 13:21:23,316 |   -> New best val loss: 51.0044 (saved best_model.pt)
2026-06-26 13:21:24,720 |   -> New best val loss: 50.9806 (saved best_model.pt)
2026-06-26 13:21:26,338 |   -> New best val loss: 50.9471 (saved best_model.pt)
2026-06-26 13:21:27,695 |   -> New best val loss: 50.9031 (saved best_model.pt)
2026-06-26 13:21:29,408 |   -> New best val loss: 50.8529 (saved best_model.pt)
2026-06-26 13:21:30,888 |   -> New best val loss: 50.8135 (saved best_model.pt)
2026-06-26 13:21:32,191 | Epoch  390/1400 | kl_g0_w=1.00 kl_u_w=1.00 | train=51.6180 (recon=50.5322, kl_g0=1.0858, kl_u=0.0000, cls=0.0000) | val=50.7890 | lr=1.00e-04
2026-06-26 13:21:32,225 |   -> New best val loss: 50.7890 (saved best_model.pt)
2026-06-26 13:21:33,739 |   -> New best val loss: 50.7655 (saved best_model.pt)
2026-06-26 13:21:34,980 |   -> New best val loss: 50.7374 (saved best_model.pt)
2026-06-26 13:21:36,277 |   -> New best val loss: 50.7138 (saved best_model.pt)
2026-06-26 13:21:37,789 |   -> New best val loss: 50.6872 (saved best_model.pt)
2026-06-26 13:21:39,214 |   -> New best val loss: 50.6615 (saved best_model.pt)
2026-06-26 13:21:40,579 |   -> New best val loss: 50.6389 (saved best_model.pt)
2026-06-26 13:21:41,809 |   -> New best val loss: 50.6162 (saved best_model.pt)
2026-06-26 13:21:43,175 |   -> New best val loss: 50.5953 (saved best_model.pt)
2026-06-26 13:21:44,605 |   -> New best val loss: 50.5781 (saved best_model.pt)
2026-06-26 13:21:45,852 | Epoch  400/1400 | kl_g0_w=1.00 kl_u_w=1.00 | train=51.0960 (recon=50.2425, kl_g0=0.8535, kl_u=0.0000, cls=0.0000) | val=50.5592 | lr=1.00e-04
2026-06-26 13:21:45,875 |   -> New best val loss: 50.5592 (saved best_model.pt)
2026-06-26 13:21:47,305 |   -> New best val loss: 50.5381 (saved best_model.pt)
2026-06-26 13:21:48,838 |   -> New best val loss: 50.5183 (saved best_model.pt)
2026-06-26 13:21:50,401 |   -> New best val loss: 50.5003 (saved best_model.pt)
2026-06-26 13:21:52,100 |   -> New best val loss: 50.4877 (saved best_model.pt)
2026-06-26 13:21:53,485 |   -> New best val loss: 50.4720 (saved best_model.pt)
2026-06-26 13:21:54,910 |   -> New best val loss: 50.4564 (saved best_model.pt)
2026-06-26 13:21:56,363 |   -> New best val loss: 50.4420 (saved best_model.pt)
2026-06-26 13:21:57,971 |   -> New best val loss: 50.4272 (saved best_model.pt)
2026-06-26 13:21:59,592 |   -> New best val loss: 50.4144 (saved best_model.pt)
2026-06-26 13:22:00,882 | Epoch  410/1400 | kl_g0_w=1.00 kl_u_w=1.00 | train=50.8433 (recon=50.1626, kl_g0=0.6807, kl_u=0.0000, cls=0.0000) | val=50.4009 | lr=1.00e-04
2026-06-26 13:22:00,906 |   -> New best val loss: 50.4009 (saved best_model.pt)
2026-06-26 13:22:02,425 |   -> New best val loss: 50.3879 (saved best_model.pt)
2026-06-26 13:22:03,789 |   -> New best val loss: 50.3746 (saved best_model.pt)
2026-06-26 13:22:05,135 |   -> New best val loss: 50.3657 (saved best_model.pt)
2026-06-26 13:22:06,584 |   -> New best val loss: 50.3498 (saved best_model.pt)
2026-06-26 13:22:08,095 |   -> New best val loss: 50.3322 (saved best_model.pt)
2026-06-26 13:22:09,504 |   -> New best val loss: 50.3189 (saved best_model.pt)
2026-06-26 13:22:10,885 |   -> New best val loss: 50.3061 (saved best_model.pt)
2026-06-26 13:22:12,303 |   -> New best val loss: 50.2950 (saved best_model.pt)
2026-06-26 13:22:13,853 |   -> New best val loss: 50.2791 (saved best_model.pt)
2026-06-26 13:22:15,278 | Epoch  420/1400 | kl_g0_w=1.00 kl_u_w=1.00 | train=50.5645 (recon=50.0142, kl_g0=0.5503, kl_u=0.0000, cls=0.0000) | val=50.2680 | lr=1.00e-04
2026-06-26 13:22:15,314 |   -> New best val loss: 50.2680 (saved best_model.pt)
2026-06-26 13:22:16,750 |   -> New best val loss: 50.2589 (saved best_model.pt)
2026-06-26 13:22:18,222 |   -> New best val loss: 50.2488 (saved best_model.pt)
2026-06-26 13:22:19,382 |   -> New best val loss: 50.2400 (saved best_model.pt)
2026-06-26 13:22:20,854 |   -> New best val loss: 50.2305 (saved best_model.pt)
2026-06-26 13:22:22,490 |   -> New best val loss: 50.2225 (saved best_model.pt)
2026-06-26 13:22:23,866 |   -> New best val loss: 50.2143 (saved best_model.pt)
2026-06-26 13:22:25,152 |   -> New best val loss: 50.2012 (saved best_model.pt)
2026-06-26 13:22:26,645 |   -> New best val loss: 50.1869 (saved best_model.pt)
2026-06-26 13:22:27,878 |   -> New best val loss: 50.1785 (saved best_model.pt)
2026-06-26 13:22:29,260 | Epoch  430/1400 | kl_g0_w=1.00 kl_u_w=1.00 | train=50.4296 (recon=49.9755, kl_g0=0.4542, kl_u=0.0000, cls=0.0000) | val=50.1722 | lr=1.00e-04
2026-06-26 13:22:29,294 |   -> New best val loss: 50.1722 (saved best_model.pt)
2026-06-26 13:22:30,705 |   -> New best val loss: 50.1672 (saved best_model.pt)
2026-06-26 13:22:32,263 |   -> New best val loss: 50.1594 (saved best_model.pt)
2026-06-26 13:22:33,577 |   -> New best val loss: 50.1481 (saved best_model.pt)
2026-06-26 13:22:35,026 |   -> New best val loss: 50.1416 (saved best_model.pt)
2026-06-26 13:22:36,564 |   -> New best val loss: 50.1372 (saved best_model.pt)
2026-06-26 13:22:38,055 |   -> New best val loss: 50.1329 (saved best_model.pt)
2026-06-26 13:22:39,427 |   -> New best val loss: 50.1259 (saved best_model.pt)
2026-06-26 13:22:41,078 |   -> New best val loss: 50.1172 (saved best_model.pt)
2026-06-26 13:22:42,418 |   -> New best val loss: 50.1158 (saved best_model.pt)
2026-06-26 13:22:43,715 | Epoch  440/1400 | kl_g0_w=1.00 kl_u_w=1.00 | train=50.3302 (recon=49.9408, kl_g0=0.3894, kl_u=0.0000, cls=0.0000) | val=50.1046 | lr=1.00e-04
2026-06-26 13:22:43,748 |   -> New best val loss: 50.1046 (saved best_model.pt)
2026-06-26 13:22:45,204 |   -> New best val loss: 50.0960 (saved best_model.pt)
2026-06-26 13:22:46,766 |   -> New best val loss: 50.0916 (saved best_model.pt)
2026-06-26 13:22:48,149 |   -> New best val loss: 50.0877 (saved best_model.pt)
2026-06-26 13:22:49,652 |   -> New best val loss: 50.0777 (saved best_model.pt)
2026-06-26 13:22:51,230 |   -> New best val loss: 50.0712 (saved best_model.pt)
2026-06-26 13:22:52,637 |   -> New best val loss: 50.0682 (saved best_model.pt)
2026-06-26 13:22:54,254 |   -> New best val loss: 50.0597 (saved best_model.pt)
2026-06-26 13:22:55,741 |   -> New best val loss: 50.0476 (saved best_model.pt)
2026-06-26 13:22:57,303 |   -> New best val loss: 50.0378 (saved best_model.pt)
2026-06-26 13:22:58,822 | Epoch  450/1400 | kl_g0_w=1.00 kl_u_w=1.00 | train=50.1736 (recon=49.8538, kl_g0=0.3198, kl_u=0.0000, cls=0.0000) | val=50.0314 | lr=1.00e-04
2026-06-26 13:22:58,842 |   -> New best val loss: 50.0314 (saved best_model.pt)
2026-06-26 13:23:00,222 |   -> New best val loss: 50.0282 (saved best_model.pt)
2026-06-26 13:23:01,680 |   -> New best val loss: 50.0230 (saved best_model.pt)
2026-06-26 13:23:03,205 |   -> New best val loss: 50.0189 (saved best_model.pt)
2026-06-26 13:23:04,655 |   -> New best val loss: 50.0180 (saved best_model.pt)
2026-06-26 13:23:06,046 |   -> New best val loss: 50.0094 (saved best_model.pt)
2026-06-26 13:23:07,412 |   -> New best val loss: 50.0048 (saved best_model.pt)
2026-06-26 13:23:08,995 |   -> New best val loss: 50.0001 (saved best_model.pt)
2026-06-26 13:23:10,207 |   -> New best val loss: 49.9962 (saved best_model.pt)
2026-06-26 13:23:11,676 |   -> New best val loss: 49.9929 (saved best_model.pt)
2026-06-26 13:23:13,323 | Epoch  460/1400 | kl_g0_w=1.00 kl_u_w=1.00 | train=50.1073 (recon=49.8318, kl_g0=0.2754, kl_u=0.0000, cls=0.0000) | val=49.9883 | lr=1.00e-04
2026-06-26 13:23:13,355 |   -> New best val loss: 49.9883 (saved best_model.pt)
2026-06-26 13:23:15,058 |   -> New best val loss: 49.9859 (saved best_model.pt)
2026-06-26 13:23:17,986 |   -> New best val loss: 49.9822 (saved best_model.pt)
2026-06-26 13:23:19,190 |   -> New best val loss: 49.9771 (saved best_model.pt)
2026-06-26 13:23:20,582 |   -> New best val loss: 49.9738 (saved best_model.pt)
2026-06-26 13:23:21,946 |   -> New best val loss: 49.9673 (saved best_model.pt)
2026-06-26 13:23:23,427 |   -> New best val loss: 49.9616 (saved best_model.pt)
2026-06-26 13:23:27,999 | Epoch  470/1400 | kl_g0_w=1.00 kl_u_w=1.00 | train=50.0538 (recon=49.8087, kl_g0=0.2451, kl_u=0.0000, cls=0.0000) | val=49.9473 | lr=1.00e-04
2026-06-26 13:23:28,026 |   -> New best val loss: 49.9473 (saved best_model.pt)
2026-06-26 13:23:29,574 |   -> New best val loss: 49.9468 (saved best_model.pt)
2026-06-26 13:23:33,850 |   -> New best val loss: 49.9436 (saved best_model.pt)
2026-06-26 13:23:35,392 |   -> New best val loss: 49.9424 (saved best_model.pt)
2026-06-26 13:23:37,000 |   -> New best val loss: 49.9399 (saved best_model.pt)
2026-06-26 13:23:38,451 |   -> New best val loss: 49.9377 (saved best_model.pt)
2026-06-26 13:23:39,862 |   -> New best val loss: 49.9347 (saved best_model.pt)
2026-06-26 13:23:41,403 |   -> New best val loss: 49.9304 (saved best_model.pt)
2026-06-26 13:23:42,810 | Epoch  480/1400 | kl_g0_w=1.00 kl_u_w=1.00 | train=50.0166 (recon=49.8066, kl_g0=0.2100, kl_u=0.0000, cls=0.0000) | val=49.9301 | lr=1.00e-04
2026-06-26 13:23:42,834 |   -> New best val loss: 49.9301 (saved best_model.pt)
2026-06-26 13:23:45,631 |   -> New best val loss: 49.9254 (saved best_model.pt)
2026-06-26 13:23:48,559 |   -> New best val loss: 49.9194 (saved best_model.pt)
2026-06-26 13:23:49,739 |   -> New best val loss: 49.9174 (saved best_model.pt)
2026-06-26 13:23:52,334 |   -> New best val loss: 49.9126 (saved best_model.pt)
2026-06-26 13:23:55,326 |   -> New best val loss: 49.9114 (saved best_model.pt)
2026-06-26 13:23:56,514 | Epoch  490/1400 | kl_g0_w=1.00 kl_u_w=1.00 | train=49.9566 (recon=49.7687, kl_g0=0.1879, kl_u=0.0000, cls=0.0000) | val=49.9074 | lr=1.00e-04
2026-06-26 13:23:56,547 |   -> New best val loss: 49.9074 (saved best_model.pt)
2026-06-26 13:24:03,995 |   -> New best val loss: 49.9055 (saved best_model.pt)
2026-06-26 13:24:05,391 |   -> New best val loss: 49.9048 (saved best_model.pt)
2026-06-26 13:24:06,901 |   -> New best val loss: 49.8978 (saved best_model.pt)
2026-06-26 13:24:11,415 | Epoch  500/1400 | kl_g0_w=1.00 kl_u_w=1.00 | train=49.9218 (recon=49.7577, kl_g0=0.1641, kl_u=0.0000, cls=0.0000) | val=49.8958 | lr=1.00e-04
2026-06-26 13:24:11,447 |   -> New best val loss: 49.8958 (saved best_model.pt)
2026-06-26 13:24:20,631 |   -> New best val loss: 49.8937 (saved best_model.pt)
2026-06-26 13:24:23,538 |   -> New best val loss: 49.8897 (saved best_model.pt)
2026-06-26 13:24:26,302 | Epoch  510/1400 | kl_g0_w=1.00 kl_u_w=1.00 | train=49.8553 (recon=49.6898, kl_g0=0.1655, kl_u=0.0000, cls=0.0000) | val=49.8879 | lr=1.00e-04
2026-06-26 13:24:26,336 |   -> New best val loss: 49.8879 (saved best_model.pt)
2026-06-26 13:24:27,909 |   -> New best val loss: 49.8858 (saved best_model.pt)
2026-06-26 13:24:30,721 |   -> New best val loss: 49.8819 (saved best_model.pt)
2026-06-26 13:24:32,144 |   -> New best val loss: 49.8699 (saved best_model.pt)
2026-06-26 13:24:35,266 |   -> New best val loss: 49.8627 (saved best_model.pt)
2026-06-26 13:24:36,809 |   -> New best val loss: 49.8604 (saved best_model.pt)
2026-06-26 13:24:38,344 |   -> New best val loss: 49.8595 (saved best_model.pt)
2026-06-26 13:24:40,903 | Epoch  520/1400 | kl_g0_w=1.00 kl_u_w=1.00 | train=49.8838 (recon=49.7320, kl_g0=0.1518, kl_u=0.0000, cls=0.0000) | val=49.8589 | lr=1.00e-04
2026-06-26 13:24:40,938 |   -> New best val loss: 49.8589 (saved best_model.pt)
2026-06-26 13:24:42,256 |   -> New best val loss: 49.8548 (saved best_model.pt)
2026-06-26 13:24:43,661 |   -> New best val loss: 49.8536 (saved best_model.pt)
2026-06-26 13:24:45,076 |   -> New best val loss: 49.8516 (saved best_model.pt)
2026-06-26 13:24:52,359 |   -> New best val loss: 49.8486 (saved best_model.pt)
2026-06-26 13:24:55,128 | Epoch  530/1400 | kl_g0_w=1.00 kl_u_w=1.00 | train=49.9085 (recon=49.7690, kl_g0=0.1395, kl_u=0.0000, cls=0.0000) | val=49.8505 | lr=1.00e-04
2026-06-26 13:25:06,681 |   -> New best val loss: 49.8447 (saved best_model.pt)
2026-06-26 13:25:09,657 | Epoch  540/1400 | kl_g0_w=1.00 kl_u_w=1.00 | train=49.8411 (recon=49.7009, kl_g0=0.1402, kl_u=0.0000, cls=0.0000) | val=49.8460 | lr=1.00e-04
2026-06-26 13:25:13,684 |   -> New best val loss: 49.8384 (saved best_model.pt)
2026-06-26 13:25:19,579 |   -> New best val loss: 49.8345 (saved best_model.pt)
2026-06-26 13:25:21,111 |   -> New best val loss: 49.8317 (saved best_model.pt)
2026-06-26 13:25:23,681 | Epoch  550/1400 | kl_g0_w=1.00 kl_u_w=1.00 | train=49.8328 (recon=49.6908, kl_g0=0.1419, kl_u=0.0000, cls=0.0000) | val=49.8328 | lr=1.00e-04
2026-06-26 13:25:25,241 |   -> New best val loss: 49.8309 (saved best_model.pt)
2026-06-26 13:25:38,496 | Epoch  560/1400 | kl_g0_w=1.00 kl_u_w=1.00 | train=49.7946 (recon=49.6588, kl_g0=0.1358, kl_u=0.0000, cls=0.0000) | val=49.8368 | lr=1.00e-04
2026-06-26 13:25:39,893 |   -> New best val loss: 49.8294 (saved best_model.pt)
2026-06-26 13:25:42,756 |   -> New best val loss: 49.8282 (saved best_model.pt)
2026-06-26 13:25:53,062 | Epoch  570/1400 | kl_g0_w=1.00 kl_u_w=1.00 | train=49.7860 (recon=49.6423, kl_g0=0.1437, kl_u=0.0000, cls=0.0000) | val=49.8316 | lr=5.00e-05
2026-06-26 13:25:58,845 |   -> New best val loss: 49.8242 (saved best_model.pt)
2026-06-26 13:26:00,420 |   -> New best val loss: 49.8234 (saved best_model.pt)
2026-06-26 13:26:01,946 |   -> New best val loss: 49.8233 (saved best_model.pt)
2026-06-26 13:26:03,681 |   -> New best val loss: 49.8209 (saved best_model.pt)
2026-06-26 13:26:06,415 |   -> New best val loss: 49.8204 (saved best_model.pt)
2026-06-26 13:26:07,793 | Epoch  580/1400 | kl_g0_w=1.00 kl_u_w=1.00 | train=49.7679 (recon=49.6306, kl_g0=0.1373, kl_u=0.0000, cls=0.0000) | val=49.8240 | lr=5.00e-05
2026-06-26 13:26:10,442 |   -> New best val loss: 49.8184 (saved best_model.pt)
2026-06-26 13:26:13,306 |   -> New best val loss: 49.8143 (saved best_model.pt)
2026-06-26 13:26:14,988 |   -> New best val loss: 49.8142 (saved best_model.pt)
2026-06-26 13:26:17,929 |   -> New best val loss: 49.8130 (saved best_model.pt)
2026-06-26 13:26:19,479 |   -> New best val loss: 49.8110 (saved best_model.pt)
2026-06-26 13:26:21,043 |   -> New best val loss: 49.8104 (saved best_model.pt)
2026-06-26 13:26:22,604 | Epoch  590/1400 | kl_g0_w=1.00 kl_u_w=1.00 | train=49.8421 (recon=49.7001, kl_g0=0.1420, kl_u=0.0000, cls=0.0000) | val=49.8114 | lr=5.00e-05
2026-06-26 13:26:24,389 |   -> New best val loss: 49.8090 (saved best_model.pt)
2026-06-26 13:26:27,302 |   -> New best val loss: 49.8082 (saved best_model.pt)
2026-06-26 13:26:37,034 | Epoch  600/1400 | kl_g0_w=1.00 kl_u_w=1.00 | train=49.7607 (recon=49.6123, kl_g0=0.1484, kl_u=0.0000, cls=0.0000) | val=49.8165 | lr=5.00e-05
2026-06-26 13:26:39,765 |   -> New best val loss: 49.8054 (saved best_model.pt)
2026-06-26 13:26:42,632 |   -> New best val loss: 49.8054 (saved best_model.pt)
2026-06-26 13:26:45,316 |   -> New best val loss: 49.8027 (saved best_model.pt)
2026-06-26 13:26:48,014 |   -> New best val loss: 49.8020 (saved best_model.pt)
2026-06-26 13:26:50,815 | Epoch  610/1400 | kl_g0_w=1.00 kl_u_w=1.00 | train=49.7233 (recon=49.5775, kl_g0=0.1458, kl_u=0.0000, cls=0.0000) | val=49.8008 | lr=5.00e-05
2026-06-26 13:26:50,839 |   -> New best val loss: 49.8008 (saved best_model.pt)
2026-06-26 13:26:56,016 |   -> New best val loss: 49.7992 (saved best_model.pt)
2026-06-26 13:26:57,290 |   -> New best val loss: 49.7974 (saved best_model.pt)
2026-06-26 13:27:04,644 | Epoch  620/1400 | kl_g0_w=1.00 kl_u_w=1.00 | train=49.6510 (recon=49.5088, kl_g0=0.1422, kl_u=0.0000, cls=0.0000) | val=49.8084 | lr=5.00e-05
2026-06-26 13:27:17,118 |   -> New best val loss: 49.7964 (saved best_model.pt)
2026-06-26 13:27:18,204 | Epoch  630/1400 | kl_g0_w=1.00 kl_u_w=1.00 | train=49.7355 (recon=49.5865, kl_g0=0.1491, kl_u=0.0000, cls=0.0000) | val=49.8037 | lr=2.50e-05
2026-06-26 13:27:20,869 |   -> New best val loss: 49.7911 (saved best_model.pt)
2026-06-26 13:27:31,642 | Epoch  640/1400 | kl_g0_w=1.00 kl_u_w=1.00 | train=49.7384 (recon=49.5817, kl_g0=0.1567, kl_u=0.0000, cls=0.0000) | val=49.8029 | lr=2.50e-05
2026-06-26 13:27:44,465 | Epoch  650/1400 | kl_g0_w=1.00 kl_u_w=1.00 | train=49.7106 (recon=49.5556, kl_g0=0.1550, kl_u=0.0000, cls=0.0000) | val=49.8102 | lr=1.25e-05
2026-06-26 13:27:57,697 | Epoch  660/1400 | kl_g0_w=1.00 kl_u_w=1.00 | train=49.6880 (recon=49.5262, kl_g0=0.1618, kl_u=0.0000, cls=0.0000) | val=49.8038 | lr=1.25e-05
2026-06-26 13:28:00,331 | Early stopping at epoch 662 -- no improvement for 30 epochs.
2026-06-26 13:28:00,365 | Final model saved to C:\Users\USER\Documents\GitHub\LIFUS-BRICK\results\training\ablation_no_control\final_model.pt
2026-06-26 13:28:00,366 | Best val loss: 49.7911
2026-06-26 13:28:00,366 | Training complete.
