2026-07-13 10:33:34,752 | ============================================================
2026-07-13 10:33:34,752 | BRICK Training -- ablation_1/ablation_no_control
2026-07-13 10:33:34,752 | N_ROIS=24, M=96, H=4, T=240
2026-07-13 10:33:34,753 | Epochs=3000, LR=0.0001, WD=0.05, LAMBDA_NOISE=0.01, BATCH_SIZE=16, BETA=0.05, EPSILON=1.0
2026-07-13 10:33:34,753 | Patience=100, use_control=False, use_ic=True
2026-07-13 10:33:34,753 | KL annealing: g0 over 0 epochs, u delayed 0 then over 0 epochs
2026-07-13 10:33:34,753 | ============================================================
2026-07-13 10:33:34,753 | Loading dataset...
2026-07-13 10:33:34,823 | Split: 52 train | 4 val | 20 test items
2026-07-13 10:33:34,847 | Model parameters: 554,702
2026-07-13 10:33:34,847 | Starting training...
2026-07-13 10:33:35,689 | Epoch    1/3000 | kl_g0_w=1.00 kl_u_w=1.00 | train=1255.6690 (recon=1321.7515, kl_g0=0.0054, kl_u=0.0000, cls=0.0000) | val=165.9940 | lr=1.00e-04 [PREOVERFIT-UPDATE]
2026-07-13 10:33:35,700 |   -> New best val loss: 165.9940 (saved best_model.pt)
2026-07-13 10:33:35,710 |   -> New joint-best cls loss: val=0.0000, train=0.0000
2026-07-13 10:33:36,368 |   -> New best val loss: 164.2287 (saved best_model.pt)
2026-07-13 10:33:37,031 |   -> New best val loss: 159.4287 (saved best_model.pt)
2026-07-13 10:33:37,740 |   -> New best val loss: 154.7854 (saved best_model.pt)
2026-07-13 10:33:38,707 |   -> New best val loss: 151.7212 (saved best_model.pt)
2026-07-13 10:33:39,534 |   -> New best val loss: 149.4960 (saved best_model.pt)
2026-07-13 10:33:40,397 |   -> New best val loss: 146.9421 (saved best_model.pt)
2026-07-13 10:33:41,095 |   -> New best val loss: 143.2113 (saved best_model.pt)
2026-07-13 10:33:41,948 |   -> New best val loss: 138.9243 (saved best_model.pt)
2026-07-13 10:33:42,927 | Epoch   10/3000 | kl_g0_w=1.00 kl_u_w=1.00 | train=276.9249 (recon=291.4946, kl_g0=0.0053, kl_u=0.0000, cls=0.0000) | val=135.2140 | lr=1.00e-04
2026-07-13 10:33:42,938 |   -> New best val loss: 135.2140 (saved best_model.pt)
2026-07-13 10:33:43,671 |   -> New best val loss: 131.6365 (saved best_model.pt)
2026-07-13 10:33:44,500 |   -> New best val loss: 127.9209 (saved best_model.pt)
2026-07-13 10:33:45,697 |   -> New best val loss: 124.0285 (saved best_model.pt)
2026-07-13 10:33:46,687 |   -> New best val loss: 120.0085 (saved best_model.pt)
2026-07-13 10:33:47,406 |   -> New best val loss: 115.9200 (saved best_model.pt)
2026-07-13 10:33:48,171 |   -> New best val loss: 111.9552 (saved best_model.pt)
2026-07-13 10:33:48,852 |   -> New best val loss: 108.2636 (saved best_model.pt)
2026-07-13 10:33:49,656 |   -> New best val loss: 104.9144 (saved best_model.pt)
2026-07-13 10:33:50,389 |   -> New best val loss: 101.8128 (saved best_model.pt)
2026-07-13 10:33:51,185 | Epoch   20/3000 | kl_g0_w=1.00 kl_u_w=1.00 | train=166.5478 (recon=175.3082, kl_g0=0.0052, kl_u=0.0000, cls=0.0000) | val=98.8900 | lr=1.00e-04
2026-07-13 10:33:51,204 |   -> New best val loss: 98.8900 (saved best_model.pt)
2026-07-13 10:33:52,131 |   -> New best val loss: 96.1144 (saved best_model.pt)
2026-07-13 10:33:53,246 |   -> New best val loss: 93.5125 (saved best_model.pt)
2026-07-13 10:33:54,128 |   -> New best val loss: 91.0997 (saved best_model.pt)
2026-07-13 10:33:55,068 |   -> New best val loss: 88.8809 (saved best_model.pt)
2026-07-13 10:33:55,743 |   -> New best val loss: 86.8097 (saved best_model.pt)
2026-07-13 10:33:56,574 |   -> New best val loss: 84.8908 (saved best_model.pt)
2026-07-13 10:33:57,486 |   -> New best val loss: 83.1271 (saved best_model.pt)
2026-07-13 10:33:58,425 |   -> New best val loss: 81.5833 (saved best_model.pt)
2026-07-13 10:33:59,471 |   -> New best val loss: 80.1543 (saved best_model.pt)
2026-07-13 10:34:00,259 | Epoch   30/3000 | kl_g0_w=1.00 kl_u_w=1.00 | train=133.5509 (recon=140.5746, kl_g0=0.0053, kl_u=0.0000, cls=0.0000) | val=78.7255 | lr=1.00e-04
2026-07-13 10:34:00,271 |   -> New best val loss: 78.7255 (saved best_model.pt)
2026-07-13 10:34:01,196 |   -> New best val loss: 77.3182 (saved best_model.pt)
2026-07-13 10:34:02,270 |   -> New best val loss: 76.0522 (saved best_model.pt)
2026-07-13 10:34:02,928 |   -> New best val loss: 74.9015 (saved best_model.pt)
2026-07-13 10:34:03,746 |   -> New best val loss: 73.7613 (saved best_model.pt)
2026-07-13 10:34:04,496 |   -> New best val loss: 72.7083 (saved best_model.pt)
2026-07-13 10:34:05,205 |   -> New best val loss: 71.7065 (saved best_model.pt)
2026-07-13 10:34:05,920 |   -> New best val loss: 70.7244 (saved best_model.pt)
2026-07-13 10:34:06,571 |   -> New best val loss: 69.7754 (saved best_model.pt)
2026-07-13 10:34:07,471 |   -> New best val loss: 68.8578 (saved best_model.pt)
2026-07-13 10:34:08,309 | Epoch   40/3000 | kl_g0_w=1.00 kl_u_w=1.00 | train=113.5639 (recon=119.5356, kl_g0=0.0053, kl_u=0.0000, cls=0.0000) | val=67.9846 | lr=1.00e-04
2026-07-13 10:34:08,329 |   -> New best val loss: 67.9846 (saved best_model.pt)
2026-07-13 10:34:09,000 |   -> New best val loss: 67.1703 (saved best_model.pt)
2026-07-13 10:34:09,830 |   -> New best val loss: 66.4096 (saved best_model.pt)
2026-07-13 10:34:10,612 |   -> New best val loss: 65.7150 (saved best_model.pt)
2026-07-13 10:34:11,691 |   -> New best val loss: 65.0584 (saved best_model.pt)
2026-07-13 10:34:12,670 |   -> New best val loss: 64.4168 (saved best_model.pt)
2026-07-13 10:34:13,547 |   -> New best val loss: 63.8180 (saved best_model.pt)
2026-07-13 10:34:14,682 |   -> New best val loss: 63.2633 (saved best_model.pt)
2026-07-13 10:34:15,395 |   -> New best val loss: 62.7226 (saved best_model.pt)
2026-07-13 10:34:16,144 |   -> New best val loss: 62.2083 (saved best_model.pt)
2026-07-13 10:34:16,777 | Epoch   50/3000 | kl_g0_w=1.00 kl_u_w=1.00 | train=100.3607 (recon=105.6374, kl_g0=0.0054, kl_u=0.0000, cls=0.0000) | val=61.6959 | lr=1.00e-04
2026-07-13 10:34:16,787 |   -> New best val loss: 61.6959 (saved best_model.pt)
2026-07-13 10:34:17,691 |   -> New best val loss: 61.2022 (saved best_model.pt)
2026-07-13 10:34:18,603 |   -> New best val loss: 60.7329 (saved best_model.pt)
2026-07-13 10:34:19,648 |   -> New best val loss: 60.3062 (saved best_model.pt)
2026-07-13 10:34:20,252 |   -> New best val loss: 59.8913 (saved best_model.pt)
2026-07-13 10:34:20,870 |   -> New best val loss: 59.4541 (saved best_model.pt)
2026-07-13 10:34:21,772 |   -> New best val loss: 59.0418 (saved best_model.pt)
2026-07-13 10:34:22,555 |   -> New best val loss: 58.6136 (saved best_model.pt)
2026-07-13 10:34:23,206 |   -> New best val loss: 58.2254 (saved best_model.pt)
2026-07-13 10:34:24,271 |   -> New best val loss: 57.8910 (saved best_model.pt)
2026-07-13 10:34:25,364 | Epoch   60/3000 | kl_g0_w=1.00 kl_u_w=1.00 | train=89.6424 (recon=94.3549, kl_g0=0.0055, kl_u=0.0000, cls=0.0000) | val=57.5659 | lr=1.00e-04
2026-07-13 10:34:25,385 |   -> New best val loss: 57.5659 (saved best_model.pt)
2026-07-13 10:34:26,319 |   -> New best val loss: 57.2535 (saved best_model.pt)
2026-07-13 10:34:27,338 |   -> New best val loss: 56.9211 (saved best_model.pt)
2026-07-13 10:34:28,034 |   -> New best val loss: 56.6191 (saved best_model.pt)
2026-07-13 10:34:28,672 |   -> New best val loss: 56.3405 (saved best_model.pt)
2026-07-13 10:34:29,581 |   -> New best val loss: 56.0500 (saved best_model.pt)
2026-07-13 10:34:30,635 |   -> New best val loss: 55.7490 (saved best_model.pt)
2026-07-13 10:34:31,824 |   -> New best val loss: 55.4584 (saved best_model.pt)
2026-07-13 10:34:32,462 |   -> New best val loss: 55.2045 (saved best_model.pt)
2026-07-13 10:34:33,085 |   -> New best val loss: 54.9758 (saved best_model.pt)
2026-07-13 10:34:33,694 | Epoch   70/3000 | kl_g0_w=1.00 kl_u_w=1.00 | train=82.7584 (recon=87.1085, kl_g0=0.0056, kl_u=0.0000, cls=0.0000) | val=54.7400 | lr=1.00e-04
2026-07-13 10:34:33,704 |   -> New best val loss: 54.7400 (saved best_model.pt)
2026-07-13 10:34:34,521 |   -> New best val loss: 54.4925 (saved best_model.pt)
2026-07-13 10:34:35,293 |   -> New best val loss: 54.2642 (saved best_model.pt)
2026-07-13 10:34:35,984 |   -> New best val loss: 54.0533 (saved best_model.pt)
2026-07-13 10:34:36,747 |   -> New best val loss: 53.8708 (saved best_model.pt)
2026-07-13 10:34:37,923 |   -> New best val loss: 53.7128 (saved best_model.pt)
2026-07-13 10:34:38,620 |   -> New best val loss: 53.5591 (saved best_model.pt)
2026-07-13 10:34:39,676 |   -> New best val loss: 53.3836 (saved best_model.pt)
2026-07-13 10:34:40,662 |   -> New best val loss: 53.2151 (saved best_model.pt)
2026-07-13 10:34:41,301 |   -> New best val loss: 53.0746 (saved best_model.pt)
2026-07-13 10:34:42,145 | Epoch   80/3000 | kl_g0_w=1.00 kl_u_w=1.00 | train=77.2432 (recon=81.3030, kl_g0=0.0057, kl_u=0.0000, cls=0.0000) | val=52.9149 | lr=1.00e-04
2026-07-13 10:34:42,156 |   -> New best val loss: 52.9149 (saved best_model.pt)
2026-07-13 10:34:42,801 |   -> New best val loss: 52.7354 (saved best_model.pt)
2026-07-13 10:34:43,429 |   -> New best val loss: 52.5485 (saved best_model.pt)
2026-07-13 10:34:44,599 |   -> New best val loss: 52.4014 (saved best_model.pt)
2026-07-13 10:34:45,397 |   -> New best val loss: 52.2548 (saved best_model.pt)
2026-07-13 10:34:46,206 |   -> New best val loss: 52.1198 (saved best_model.pt)
2026-07-13 10:34:47,291 |   -> New best val loss: 52.0018 (saved best_model.pt)
2026-07-13 10:34:47,908 |   -> New best val loss: 51.8948 (saved best_model.pt)
2026-07-13 10:34:49,040 |   -> New best val loss: 51.7767 (saved best_model.pt)
2026-07-13 10:34:49,947 |   -> New best val loss: 51.6450 (saved best_model.pt)
2026-07-13 10:34:50,779 | Epoch   90/3000 | kl_g0_w=1.00 kl_u_w=1.00 | train=72.5485 (recon=76.3611, kl_g0=0.0058, kl_u=0.0000, cls=0.0000) | val=51.5197 | lr=1.00e-04
2026-07-13 10:34:50,791 |   -> New best val loss: 51.5197 (saved best_model.pt)
2026-07-13 10:34:51,529 |   -> New best val loss: 51.3885 (saved best_model.pt)
2026-07-13 10:34:52,437 |   -> New best val loss: 51.2667 (saved best_model.pt)
2026-07-13 10:34:53,556 |   -> New best val loss: 51.1460 (saved best_model.pt)
2026-07-13 10:34:54,721 |   -> New best val loss: 51.0341 (saved best_model.pt)
2026-07-13 10:34:55,694 |   -> New best val loss: 50.9291 (saved best_model.pt)
2026-07-13 10:34:56,896 |   -> New best val loss: 50.8429 (saved best_model.pt)
2026-07-13 10:34:57,960 |   -> New best val loss: 50.7536 (saved best_model.pt)
2026-07-13 10:34:58,574 |   -> New best val loss: 50.6625 (saved best_model.pt)
2026-07-13 10:34:59,385 |   -> New best val loss: 50.5637 (saved best_model.pt)
2026-07-13 10:35:00,330 | Epoch  100/3000 | kl_g0_w=1.00 kl_u_w=1.00 | train=67.8074 (recon=71.3704, kl_g0=0.0059, kl_u=0.0000, cls=0.0000) | val=50.4689 | lr=1.00e-04
2026-07-13 10:35:00,352 |   -> New best val loss: 50.4689 (saved best_model.pt)
2026-07-13 10:35:01,246 |   -> New best val loss: 50.3897 (saved best_model.pt)
2026-07-13 10:35:01,929 |   -> New best val loss: 50.3269 (saved best_model.pt)
2026-07-13 10:35:02,613 |   -> New best val loss: 50.2665 (saved best_model.pt)
2026-07-13 10:35:03,242 |   -> New best val loss: 50.1951 (saved best_model.pt)
2026-07-13 10:35:04,131 |   -> New best val loss: 50.1110 (saved best_model.pt)
2026-07-13 10:35:05,022 |   -> New best val loss: 50.0312 (saved best_model.pt)
2026-07-13 10:35:05,731 |   -> New best val loss: 49.9580 (saved best_model.pt)
2026-07-13 10:35:06,657 |   -> New best val loss: 49.8938 (saved best_model.pt)
2026-07-13 10:35:07,684 |   -> New best val loss: 49.8174 (saved best_model.pt)
2026-07-13 10:35:08,544 | Epoch  110/3000 | kl_g0_w=1.00 kl_u_w=1.00 | train=65.3137 (recon=68.7453, kl_g0=0.0060, kl_u=0.0000, cls=0.0000) | val=49.7498 | lr=1.00e-04
2026-07-13 10:35:08,564 |   -> New best val loss: 49.7498 (saved best_model.pt)
2026-07-13 10:35:09,676 |   -> New best val loss: 49.6863 (saved best_model.pt)
2026-07-13 10:35:10,643 |   -> New best val loss: 49.6259 (saved best_model.pt)
2026-07-13 10:35:11,275 |   -> New best val loss: 49.5729 (saved best_model.pt)
2026-07-13 10:35:11,948 |   -> New best val loss: 49.5220 (saved best_model.pt)
2026-07-13 10:35:12,592 |   -> New best val loss: 49.4688 (saved best_model.pt)
2026-07-13 10:35:13,284 |   -> New best val loss: 49.4019 (saved best_model.pt)
2026-07-13 10:35:14,012 |   -> New best val loss: 49.3431 (saved best_model.pt)
2026-07-13 10:35:14,960 |   -> New best val loss: 49.3010 (saved best_model.pt)
2026-07-13 10:35:16,128 |   -> New best val loss: 49.2610 (saved best_model.pt)
2026-07-13 10:35:16,970 | Epoch  120/3000 | kl_g0_w=1.00 kl_u_w=1.00 | train=61.4358 (recon=64.6632, kl_g0=0.0061, kl_u=0.0000, cls=0.0000) | val=49.2175 | lr=1.00e-04
2026-07-13 10:35:16,981 |   -> New best val loss: 49.2175 (saved best_model.pt)
2026-07-13 10:35:17,884 |   -> New best val loss: 49.1767 (saved best_model.pt)
2026-07-13 10:35:18,541 |   -> New best val loss: 49.1274 (saved best_model.pt)
2026-07-13 10:35:19,170 |   -> New best val loss: 49.0718 (saved best_model.pt)
2026-07-13 10:35:20,220 |   -> New best val loss: 49.0185 (saved best_model.pt)
2026-07-13 10:35:21,174 |   -> New best val loss: 48.9760 (saved best_model.pt)
2026-07-13 10:35:22,030 |   -> New best val loss: 48.9432 (saved best_model.pt)
2026-07-13 10:35:22,897 |   -> New best val loss: 48.9087 (saved best_model.pt)
2026-07-13 10:35:23,717 |   -> New best val loss: 48.8633 (saved best_model.pt)
2026-07-13 10:35:24,543 |   -> New best val loss: 48.8292 (saved best_model.pt)
2026-07-13 10:35:25,444 | Epoch  130/3000 | kl_g0_w=1.00 kl_u_w=1.00 | train=59.7545 (recon=62.8933, kl_g0=0.0062, kl_u=0.0000, cls=0.0000) | val=48.7941 | lr=1.00e-04
2026-07-13 10:35:25,455 |   -> New best val loss: 48.7941 (saved best_model.pt)
2026-07-13 10:35:26,343 |   -> New best val loss: 48.7488 (saved best_model.pt)
2026-07-13 10:35:27,275 |   -> New best val loss: 48.7125 (saved best_model.pt)
2026-07-13 10:35:28,388 |   -> New best val loss: 48.6812 (saved best_model.pt)
2026-07-13 10:35:29,250 |   -> New best val loss: 48.6384 (saved best_model.pt)
2026-07-13 10:35:30,287 |   -> New best val loss: 48.5938 (saved best_model.pt)
2026-07-13 10:35:31,113 |   -> New best val loss: 48.5629 (saved best_model.pt)
2026-07-13 10:35:31,762 |   -> New best val loss: 48.5358 (saved best_model.pt)
2026-07-13 10:35:32,681 |   -> New best val loss: 48.5096 (saved best_model.pt)
2026-07-13 10:35:33,690 |   -> New best val loss: 48.4808 (saved best_model.pt)
2026-07-13 10:35:34,438 | Epoch  140/3000 | kl_g0_w=1.00 kl_u_w=1.00 | train=58.3766 (recon=61.4427, kl_g0=0.0063, kl_u=0.0000, cls=0.0000) | val=48.4592 | lr=1.00e-04
2026-07-13 10:35:34,448 |   -> New best val loss: 48.4592 (saved best_model.pt)
2026-07-13 10:35:35,179 |   -> New best val loss: 48.4409 (saved best_model.pt)
2026-07-13 10:35:35,983 |   -> New best val loss: 48.4225 (saved best_model.pt)
2026-07-13 10:35:36,592 |   -> New best val loss: 48.4052 (saved best_model.pt)
2026-07-13 10:35:37,215 |   -> New best val loss: 48.3797 (saved best_model.pt)
2026-07-13 10:35:38,308 |   -> New best val loss: 48.3561 (saved best_model.pt)
2026-07-13 10:35:39,106 |   -> New best val loss: 48.3276 (saved best_model.pt)
2026-07-13 10:35:39,727 |   -> New best val loss: 48.2885 (saved best_model.pt)
2026-07-13 10:35:40,673 |   -> New best val loss: 48.2502 (saved best_model.pt)
2026-07-13 10:35:41,697 |   -> New best val loss: 48.2190 (saved best_model.pt)
2026-07-13 10:35:42,601 | Epoch  150/3000 | kl_g0_w=1.00 kl_u_w=1.00 | train=55.8701 (recon=58.8043, kl_g0=0.0064, kl_u=0.0000, cls=0.0000) | val=48.1953 | lr=1.00e-04
2026-07-13 10:35:42,612 |   -> New best val loss: 48.1953 (saved best_model.pt)
2026-07-13 10:35:43,426 |   -> New best val loss: 48.1792 (saved best_model.pt)
2026-07-13 10:35:44,195 |   -> New best val loss: 48.1703 (saved best_model.pt)
2026-07-13 10:35:44,976 |   -> New best val loss: 48.1537 (saved best_model.pt)
2026-07-13 10:35:46,183 |   -> New best val loss: 48.1351 (saved best_model.pt)
2026-07-13 10:35:47,001 |   -> New best val loss: 48.1181 (saved best_model.pt)
2026-07-13 10:35:47,632 |   -> New best val loss: 48.1048 (saved best_model.pt)
2026-07-13 10:35:48,485 |   -> New best val loss: 48.0885 (saved best_model.pt)
2026-07-13 10:35:49,268 |   -> New best val loss: 48.0727 (saved best_model.pt)
2026-07-13 10:35:50,119 |   -> New best val loss: 48.0644 (saved best_model.pt)
2026-07-13 10:35:50,777 | Epoch  160/3000 | kl_g0_w=1.00 kl_u_w=1.00 | train=55.0244 (recon=57.9139, kl_g0=0.0065, kl_u=0.0000, cls=0.0000) | val=48.0556 | lr=1.00e-04
2026-07-13 10:35:50,788 |   -> New best val loss: 48.0556 (saved best_model.pt)
2026-07-13 10:35:51,701 |   -> New best val loss: 48.0325 (saved best_model.pt)
2026-07-13 10:35:52,731 |   -> New best val loss: 48.0096 (saved best_model.pt)
2026-07-13 10:35:53,827 |   -> New best val loss: 47.9848 (saved best_model.pt)
2026-07-13 10:35:54,858 |   -> New best val loss: 47.9678 (saved best_model.pt)
2026-07-13 10:35:55,480 |   -> New best val loss: 47.9513 (saved best_model.pt)
2026-07-13 10:35:56,481 |   -> New best val loss: 47.9368 (saved best_model.pt)
2026-07-13 10:35:57,084 |   -> New best val loss: 47.9221 (saved best_model.pt)
2026-07-13 10:35:57,960 |   -> New best val loss: 47.9130 (saved best_model.pt)
2026-07-13 10:35:58,867 |   -> New best val loss: 47.9099 (saved best_model.pt)
2026-07-13 10:35:59,698 | Epoch  170/3000 | kl_g0_w=1.00 kl_u_w=1.00 | train=53.7939 (recon=56.6186, kl_g0=0.0066, kl_u=0.0000, cls=0.0000) | val=47.9096 | lr=1.00e-04
2026-07-13 10:35:59,710 |   -> New best val loss: 47.9096 (saved best_model.pt)
2026-07-13 10:36:00,443 |   -> New best val loss: 47.9087 (saved best_model.pt)
2026-07-13 10:36:01,304 |   -> New best val loss: 47.9003 (saved best_model.pt)
2026-07-13 10:36:01,932 |   -> New best val loss: 47.8707 (saved best_model.pt)
2026-07-13 10:36:02,861 |   -> New best val loss: 47.8443 (saved best_model.pt)
2026-07-13 10:36:03,502 |   -> New best val loss: 47.8235 (saved best_model.pt)
2026-07-13 10:36:04,416 |   -> New best val loss: 47.8103 (saved best_model.pt)
2026-07-13 10:36:05,107 |   -> New best val loss: 47.8033 (saved best_model.pt)
2026-07-13 10:36:06,184 |   -> New best val loss: 47.7991 (saved best_model.pt)
2026-07-13 10:36:07,226 |   -> New best val loss: 47.7893 (saved best_model.pt)
2026-07-13 10:36:07,922 | Epoch  180/3000 | kl_g0_w=1.00 kl_u_w=1.00 | train=52.4018 (recon=55.1531, kl_g0=0.0067, kl_u=0.0000, cls=0.0000) | val=47.7791 | lr=1.00e-04
2026-07-13 10:36:07,943 |   -> New best val loss: 47.7791 (saved best_model.pt)
2026-07-13 10:36:09,131 |   -> New best val loss: 47.7620 (saved best_model.pt)
2026-07-13 10:36:10,333 |   -> New best val loss: 47.7452 (saved best_model.pt)
2026-07-13 10:36:11,263 |   -> New best val loss: 47.7340 (saved best_model.pt)
2026-07-13 10:36:12,280 |   -> New best val loss: 47.7278 (saved best_model.pt)
2026-07-13 10:36:13,381 |   -> New best val loss: 47.7206 (saved best_model.pt)
2026-07-13 10:36:14,354 |   -> New best val loss: 47.7139 (saved best_model.pt)
2026-07-13 10:36:14,995 |   -> New best val loss: 47.7042 (saved best_model.pt)
2026-07-13 10:36:15,685 |   -> New best val loss: 47.6917 (saved best_model.pt)
2026-07-13 10:36:16,385 |   -> New best val loss: 47.6813 (saved best_model.pt)
2026-07-13 10:36:17,274 | Epoch  190/3000 | kl_g0_w=1.00 kl_u_w=1.00 | train=51.7227 (recon=54.4381, kl_g0=0.0068, kl_u=0.0000, cls=0.0000) | val=47.6707 | lr=1.00e-04
2026-07-13 10:36:17,294 |   -> New best val loss: 47.6707 (saved best_model.pt)
2026-07-13 10:36:18,010 |   -> New best val loss: 47.6661 (saved best_model.pt)
2026-07-13 10:36:18,792 |   -> New best val loss: 47.6649 (saved best_model.pt)
2026-07-13 10:36:20,552 |   -> New best val loss: 47.6634 (saved best_model.pt)
2026-07-13 10:36:21,244 |   -> New best val loss: 47.6486 (saved best_model.pt)
2026-07-13 10:36:22,045 |   -> New best val loss: 47.6364 (saved best_model.pt)
2026-07-13 10:36:22,775 |   -> New best val loss: 47.6315 (saved best_model.pt)
2026-07-13 10:36:23,942 |   -> New best val loss: 47.6267 (saved best_model.pt)
2026-07-13 10:36:24,735 |   -> New best val loss: 47.6181 (saved best_model.pt)
2026-07-13 10:36:25,597 | Epoch  200/3000 | kl_g0_w=1.00 kl_u_w=1.00 | train=51.0479 (recon=53.7277, kl_g0=0.0069, kl_u=0.0000, cls=0.0000) | val=47.6099 | lr=1.00e-04
2026-07-13 10:36:25,609 |   -> New best val loss: 47.6099 (saved best_model.pt)
2026-07-13 10:36:26,810 |   -> New best val loss: 47.6040 (saved best_model.pt)
2026-07-13 10:36:27,869 |   -> New best val loss: 47.6003 (saved best_model.pt)
2026-07-13 10:36:28,692 |   -> New best val loss: 47.5964 (saved best_model.pt)
2026-07-13 10:36:29,567 |   -> New best val loss: 47.5962 (saved best_model.pt)
2026-07-13 10:36:30,262 |   -> New best val loss: 47.5951 (saved best_model.pt)
2026-07-13 10:36:30,998 |   -> New best val loss: 47.5939 (saved best_model.pt)
2026-07-13 10:36:31,597 |   -> New best val loss: 47.5877 (saved best_model.pt)
2026-07-13 10:36:32,584 |   -> New best val loss: 47.5800 (saved best_model.pt)
2026-07-13 10:36:33,637 |   -> New best val loss: 47.5647 (saved best_model.pt)
2026-07-13 10:36:34,811 | Epoch  210/3000 | kl_g0_w=1.00 kl_u_w=1.00 | train=50.7637 (recon=53.4285, kl_g0=0.0070, kl_u=0.0000, cls=0.0000) | val=47.5527 | lr=1.00e-04
2026-07-13 10:36:34,830 |   -> New best val loss: 47.5527 (saved best_model.pt)
2026-07-13 10:36:35,447 |   -> New best val loss: 47.5462 (saved best_model.pt)
2026-07-13 10:36:36,667 |   -> New best val loss: 47.5431 (saved best_model.pt)
2026-07-13 10:36:37,301 |   -> New best val loss: 47.5378 (saved best_model.pt)
2026-07-13 10:36:38,130 |   -> New best val loss: 47.5342 (saved best_model.pt)
2026-07-13 10:36:42,325 |   -> New best val loss: 47.5285 (saved best_model.pt)
2026-07-13 10:36:43,037 |   -> New best val loss: 47.5234 (saved best_model.pt)
2026-07-13 10:36:43,894 | Epoch  220/3000 | kl_g0_w=1.00 kl_u_w=1.00 | train=50.0276 (recon=52.6535, kl_g0=0.0071, kl_u=0.0000, cls=0.0000) | val=47.5210 | lr=1.00e-04
2026-07-13 10:36:43,905 |   -> New best val loss: 47.5210 (saved best_model.pt)
2026-07-13 10:36:44,842 |   -> New best val loss: 47.5203 (saved best_model.pt)
2026-07-13 10:36:45,612 |   -> New best val loss: 47.5139 (saved best_model.pt)
2026-07-13 10:36:46,396 |   -> New best val loss: 47.5034 (saved best_model.pt)
2026-07-13 10:36:47,024 |   -> New best val loss: 47.4958 (saved best_model.pt)
2026-07-13 10:36:47,639 |   -> New best val loss: 47.4904 (saved best_model.pt)
2026-07-13 10:36:48,373 |   -> New best val loss: 47.4880 (saved best_model.pt)
2026-07-13 10:36:49,180 |   -> New best val loss: 47.4856 (saved best_model.pt)
2026-07-13 10:36:50,036 |   -> New best val loss: 47.4828 (saved best_model.pt)
2026-07-13 10:36:50,899 |   -> New best val loss: 47.4793 (saved best_model.pt)
2026-07-13 10:36:51,804 | Epoch  230/3000 | kl_g0_w=1.00 kl_u_w=1.00 | train=49.8198 (recon=52.4347, kl_g0=0.0072, kl_u=0.0000, cls=0.0000) | val=47.4747 | lr=1.00e-04
2026-07-13 10:36:51,826 |   -> New best val loss: 47.4747 (saved best_model.pt)
2026-07-13 10:36:52,548 |   -> New best val loss: 47.4726 (saved best_model.pt)
2026-07-13 10:36:53,401 |   -> New best val loss: 47.4712 (saved best_model.pt)
2026-07-13 10:36:54,354 |   -> New best val loss: 47.4675 (saved best_model.pt)
2026-07-13 10:36:55,390 |   -> New best val loss: 47.4644 (saved best_model.pt)
2026-07-13 10:36:56,487 |   -> New best val loss: 47.4618 (saved best_model.pt)
2026-07-13 10:37:00,220 | Epoch  240/3000 | kl_g0_w=1.00 kl_u_w=1.00 | train=49.4990 (recon=52.0969, kl_g0=0.0073, kl_u=0.0000, cls=0.0000) | val=47.4717 | lr=1.00e-04
2026-07-13 10:37:01,796 |   -> New best val loss: 47.4549 (saved best_model.pt)
2026-07-13 10:37:02,781 |   -> New best val loss: 47.4463 (saved best_model.pt)
2026-07-13 10:37:03,924 |   -> New best val loss: 47.4389 (saved best_model.pt)
2026-07-13 10:37:04,593 |   -> New best val loss: 47.4384 (saved best_model.pt)
2026-07-13 10:37:08,084 | Epoch  250/3000 | kl_g0_w=1.00 kl_u_w=1.00 | train=49.0203 (recon=51.5930, kl_g0=0.0074, kl_u=0.0000, cls=0.0000) | val=47.4314 | lr=1.00e-04
2026-07-13 10:37:08,095 |   -> New best val loss: 47.4314 (saved best_model.pt)
2026-07-13 10:37:08,786 |   -> New best val loss: 47.4247 (saved best_model.pt)
2026-07-13 10:37:09,793 |   -> New best val loss: 47.4207 (saved best_model.pt)
2026-07-13 10:37:10,421 |   -> New best val loss: 47.4170 (saved best_model.pt)
2026-07-13 10:37:13,983 |   -> New best val loss: 47.4149 (saved best_model.pt)
2026-07-13 10:37:14,963 |   -> New best val loss: 47.4089 (saved best_model.pt)
2026-07-13 10:37:15,680 |   -> New best val loss: 47.4029 (saved best_model.pt)
2026-07-13 10:37:16,384 | Epoch  260/3000 | kl_g0_w=1.00 kl_u_w=1.00 | train=48.8260 (recon=51.3883, kl_g0=0.0075, kl_u=0.0000, cls=0.0000) | val=47.3968 | lr=1.00e-04
2026-07-13 10:37:16,395 |   -> New best val loss: 47.3968 (saved best_model.pt)
2026-07-13 10:37:24,625 | Epoch  270/3000 | kl_g0_w=1.00 kl_u_w=1.00 | train=48.5286 (recon=51.0751, kl_g0=0.0075, kl_u=0.0000, cls=0.0000) | val=47.4055 | lr=1.00e-04
2026-07-13 10:37:33,794 | Epoch  280/3000 | kl_g0_w=1.00 kl_u_w=1.00 | train=48.4786 (recon=51.0225, kl_g0=0.0076, kl_u=0.0000, cls=0.0000) | val=47.4073 | lr=5.00e-05
2026-07-13 10:37:40,836 |   -> New best val loss: 47.3939 (saved best_model.pt)
2026-07-13 10:37:41,460 |   -> New best val loss: 47.3913 (saved best_model.pt)
2026-07-13 10:37:42,194 | Epoch  290/3000 | kl_g0_w=1.00 kl_u_w=1.00 | train=48.4160 (recon=50.9566, kl_g0=0.0076, kl_u=0.0000, cls=0.0000) | val=47.3917 | lr=5.00e-05
2026-07-13 10:37:50,790 | Epoch  300/3000 | kl_g0_w=1.00 kl_u_w=1.00 | train=48.3582 (recon=50.8957, kl_g0=0.0077, kl_u=0.0000, cls=0.0000) | val=47.3951 | lr=5.00e-05
2026-07-13 10:37:52,589 |   -> New best val loss: 47.3903 (saved best_model.pt)
2026-07-13 10:37:54,085 |   -> New best val loss: 47.3895 (saved best_model.pt)
2026-07-13 10:37:54,687 |   -> New best val loss: 47.3893 (saved best_model.pt)
2026-07-13 10:37:55,642 |   -> New best val loss: 47.3883 (saved best_model.pt)
2026-07-13 10:37:56,383 |   -> New best val loss: 47.3877 (saved best_model.pt)
2026-07-13 10:37:57,384 |   -> New best val loss: 47.3870 (saved best_model.pt)
2026-07-13 10:37:58,171 |   -> New best val loss: 47.3866 (saved best_model.pt)
2026-07-13 10:37:58,949 | Epoch  310/3000 | kl_g0_w=1.00 kl_u_w=1.00 | train=48.2396 (recon=50.7708, kl_g0=0.0077, kl_u=0.0000, cls=0.0000) | val=47.3862 | lr=2.50e-05
2026-07-13 10:37:58,970 |   -> New best val loss: 47.3862 (saved best_model.pt)
2026-07-13 10:38:06,540 | Epoch  320/3000 | kl_g0_w=1.00 kl_u_w=1.00 | train=48.2600 (recon=50.7923, kl_g0=0.0077, kl_u=0.0000, cls=0.0000) | val=47.3893 | lr=2.50e-05
2026-07-13 10:38:10,201 |   -> New best val loss: 47.3848 (saved best_model.pt)
2026-07-13 10:38:11,178 |   -> New best val loss: 47.3838 (saved best_model.pt)
2026-07-13 10:38:12,077 |   -> New best val loss: 47.3830 (saved best_model.pt)
2026-07-13 10:38:12,982 |   -> New best val loss: 47.3826 (saved best_model.pt)
2026-07-13 10:38:13,581 |   -> New best val loss: 47.3823 (saved best_model.pt)
2026-07-13 10:38:14,317 |   -> New best val loss: 47.3823 (saved best_model.pt)
2026-07-13 10:38:15,113 | Epoch  330/3000 | kl_g0_w=1.00 kl_u_w=1.00 | train=48.1353 (recon=50.6610, kl_g0=0.0077, kl_u=0.0000, cls=0.0000) | val=47.3826 | lr=1.25e-05
2026-07-13 10:38:23,889 | Epoch  340/3000 | kl_g0_w=1.00 kl_u_w=1.00 | train=48.1534 (recon=50.6800, kl_g0=0.0077, kl_u=0.0000, cls=0.0000) | val=47.3838 | lr=1.25e-05
2026-07-13 10:38:31,577 | Epoch  350/3000 | kl_g0_w=1.00 kl_u_w=1.00 | train=48.2456 (recon=50.7771, kl_g0=0.0078, kl_u=0.0000, cls=0.0000) | val=47.3835 | lr=6.25e-06
2026-07-13 10:38:40,046 | Epoch  360/3000 | kl_g0_w=1.00 kl_u_w=1.00 | train=48.1208 (recon=50.6457, kl_g0=0.0078, kl_u=0.0000, cls=0.0000) | val=47.3845 | lr=3.13e-06
2026-07-13 10:38:50,014 | Epoch  370/3000 | kl_g0_w=1.00 kl_u_w=1.00 | train=48.1305 (recon=50.6560, kl_g0=0.0078, kl_u=0.0000, cls=0.0000) | val=47.3840 | lr=3.13e-06
2026-07-13 10:38:59,925 | Epoch  380/3000 | kl_g0_w=1.00 kl_u_w=1.00 | train=48.0982 (recon=50.6219, kl_g0=0.0078, kl_u=0.0000, cls=0.0000) | val=47.3842 | lr=1.56e-06
2026-07-13 10:39:09,324 | Epoch  390/3000 | kl_g0_w=1.00 kl_u_w=1.00 | train=48.1321 (recon=50.6576, kl_g0=0.0078, kl_u=0.0000, cls=0.0000) | val=47.3840 | lr=1.00e-06
2026-07-13 10:39:18,495 | Epoch  400/3000 | kl_g0_w=1.00 kl_u_w=1.00 | train=48.0892 (recon=50.6124, kl_g0=0.0078, kl_u=0.0000, cls=0.0000) | val=47.3840 | lr=1.00e-06
2026-07-13 10:39:26,672 | Epoch  410/3000 | kl_g0_w=1.00 kl_u_w=1.00 | train=48.1383 (recon=50.6641, kl_g0=0.0078, kl_u=0.0000, cls=0.0000) | val=47.3840 | lr=1.00e-06
2026-07-13 10:39:34,351 | Epoch  420/3000 | kl_g0_w=1.00 kl_u_w=1.00 | train=48.1404 (recon=50.6663, kl_g0=0.0078, kl_u=0.0000, cls=0.0000) | val=47.3840 | lr=1.00e-06
2026-07-13 10:39:41,839 | Early stopping at epoch 429 -- no improvement for 100 epochs.
2026-07-13 10:39:41,850 | Final model saved to /home/nadegeo/LIFUS-BRICK/results/training/ablation_1/ablation_no_control/final_model.pt
2026-07-13 10:39:41,850 | Best val loss: 47.3823
2026-07-13 10:39:41,850 | Best joint-best cls loss: val=0.0000, train=0.0000
2026-07-13 10:39:41,850 | Training complete.
