2026-07-10 12:07:48,674 | ============================================================
2026-07-10 12:07:48,674 | BRICK Training -- sweep_2/sweep_BATCH_SIZE_2
2026-07-10 12:07:48,674 | N_ROIS=24, M=96, H=4, T=240
2026-07-10 12:07:48,674 | Epochs=2700, LR=0.0001, WD=0.05, LAMBDA_NOISE=0.01, BATCH_SIZE=2, BETA=0.1, EPSILON=1.0
2026-07-10 12:07:48,674 | Patience=100, use_control=True, use_ic=True
2026-07-10 12:07:48,674 | KL annealing: g0 over 0 epochs, u delayed 0 then over 0 epochs
2026-07-10 12:07:48,674 | ============================================================
2026-07-10 12:07:48,674 | Loading dataset...
2026-07-10 12:07:48,729 | Split: 52 train | 4 val | 20 test items
2026-07-10 12:07:48,760 | Model parameters: 554,702
2026-07-10 12:07:48,760 | Starting training...
2026-07-10 12:07:51,301 | Epoch    1/2700 | kl_g0_w=1.00 kl_u_w=1.00 | train=1576.0914 (recon=1750.9092, kl_g0=0.0051, kl_u=0.2214, cls=0.6934) | val=175.0190 | lr=1.00e-04 [PREOVERFIT-UPDATE]
2026-07-10 12:07:51,330 |   -> New best val loss: 175.0190 (saved best_model.pt)
2026-07-10 12:07:51,343 |   -> New joint-best cls loss: val=0.6814, train=0.6934
2026-07-10 12:07:53,303 |   -> New best val loss: 145.7924 (saved best_model.pt)
2026-07-10 12:07:55,941 |   -> New best val loss: 118.1221 (saved best_model.pt)
2026-07-10 12:07:58,088 |   -> New best val loss: 98.3832 (saved best_model.pt)
2026-07-10 12:07:59,927 |   -> New best val loss: 85.6146 (saved best_model.pt)
2026-07-10 12:08:01,657 |   -> New best val loss: 77.2089 (saved best_model.pt)
2026-07-10 12:08:03,979 |   -> New best val loss: 69.4499 (saved best_model.pt)
2026-07-10 12:08:06,105 |   -> New best val loss: 63.7320 (saved best_model.pt)
2026-07-10 12:08:08,099 |   -> New best val loss: 59.1771 (saved best_model.pt)
2026-07-10 12:08:10,053 | Epoch   10/2700 | kl_g0_w=1.00 kl_u_w=1.00 | train=90.9599 (recon=99.5339, kl_g0=0.0055, kl_u=1.4497, cls=0.6971) | val=56.3707 | lr=1.00e-04
2026-07-10 12:08:10,077 |   -> New best val loss: 56.3707 (saved best_model.pt)
2026-07-10 12:08:12,856 |   -> New best val loss: 53.5164 (saved best_model.pt)
2026-07-10 12:08:15,749 |   -> New best val loss: 50.4345 (saved best_model.pt)
2026-07-10 12:08:17,661 |   -> New best val loss: 47.4879 (saved best_model.pt)
2026-07-10 12:08:20,154 |   -> New best val loss: 46.1407 (saved best_model.pt)
2026-07-10 12:08:22,730 |   -> New best val loss: 44.4634 (saved best_model.pt)
2026-07-10 12:08:24,810 |   -> New best val loss: 42.8152 (saved best_model.pt)
2026-07-10 12:08:27,265 |   -> New best val loss: 41.3920 (saved best_model.pt)
2026-07-10 12:08:29,405 |   -> New best val loss: 39.9939 (saved best_model.pt)
2026-07-10 12:08:32,317 |   -> New best val loss: 39.5791 (saved best_model.pt)
2026-07-10 12:08:34,891 | Epoch   20/2700 | kl_g0_w=1.00 kl_u_w=1.00 | train=50.5775 (recon=54.3642, kl_g0=0.0061, kl_u=1.7499, cls=0.6925) | val=37.6488 | lr=1.00e-04
2026-07-10 12:08:34,919 |   -> New best val loss: 37.6488 (saved best_model.pt)
2026-07-10 12:08:37,019 |   -> New best val loss: 36.5704 (saved best_model.pt)
2026-07-10 12:08:38,701 |   -> New best val loss: 35.5521 (saved best_model.pt)
2026-07-10 12:08:41,364 |   -> New best val loss: 34.5820 (saved best_model.pt)
2026-07-10 12:08:43,795 |   -> New best val loss: 33.8000 (saved best_model.pt)
2026-07-10 12:08:46,549 |   -> New best val loss: 32.4647 (saved best_model.pt)
2026-07-10 12:08:48,475 |   -> New best val loss: 32.1163 (saved best_model.pt)
2026-07-10 12:08:50,323 |   -> New best val loss: 30.9305 (saved best_model.pt)
2026-07-10 12:08:52,030 |   -> New best val loss: 30.2501 (saved best_model.pt)
2026-07-10 12:08:53,763 |   -> New best val loss: 29.8744 (saved best_model.pt)
2026-07-10 12:08:56,016 | Epoch   30/2700 | kl_g0_w=1.00 kl_u_w=1.00 | train=34.6039 (recon=36.5902, kl_g0=0.0067, kl_u=1.7754, cls=0.6894) | val=28.7471 | lr=1.00e-04
2026-07-10 12:08:56,031 |   -> New best val loss: 28.7471 (saved best_model.pt)
2026-07-10 12:08:57,809 |   -> New best val loss: 28.1403 (saved best_model.pt)
2026-07-10 12:08:59,958 |   -> New best val loss: 27.3461 (saved best_model.pt)
2026-07-10 12:09:02,229 |   -> New best val loss: 26.7191 (saved best_model.pt)
2026-07-10 12:09:04,306 |   -> New best val loss: 25.9865 (saved best_model.pt)
2026-07-10 12:09:06,788 |   -> New best val loss: 25.5004 (saved best_model.pt)
2026-07-10 12:09:09,085 |   -> New best val loss: 25.0473 (saved best_model.pt)
2026-07-10 12:09:10,749 |   -> New best val loss: 24.2694 (saved best_model.pt)
2026-07-10 12:09:13,544 |   -> New best val loss: 23.6248 (saved best_model.pt)
2026-07-10 12:09:16,411 |   -> New best val loss: 23.2520 (saved best_model.pt)
2026-07-10 12:09:16,425 |   -> New joint-best cls loss: val=0.6811, train=0.6906
2026-07-10 12:09:18,427 | Epoch   40/2700 | kl_g0_w=1.00 kl_u_w=1.00 | train=25.6037 (recon=26.6256, kl_g0=0.0071, kl_u=1.7392, cls=0.6899) | val=23.0073 | lr=1.00e-04 [PREOVERFIT-UPDATE]
2026-07-10 12:09:18,443 |   -> New best val loss: 23.0073 (saved best_model.pt)
2026-07-10 12:09:18,458 |   -> New joint-best cls loss: val=0.6809, train=0.6899
2026-07-10 12:09:21,052 |   -> New best val loss: 22.6013 (saved best_model.pt)
2026-07-10 12:09:23,450 |   -> New best val loss: 21.9609 (saved best_model.pt)
2026-07-10 12:09:26,278 |   -> New best val loss: 21.4912 (saved best_model.pt)
2026-07-10 12:09:28,979 |   -> New best val loss: 21.0408 (saved best_model.pt)
2026-07-10 12:09:31,737 |   -> New best val loss: 20.6867 (saved best_model.pt)
2026-07-10 12:09:33,477 |   -> New best val loss: 20.1864 (saved best_model.pt)
2026-07-10 12:09:35,285 |   -> New best val loss: 20.0379 (saved best_model.pt)
2026-07-10 12:09:35,298 |   -> New joint-best cls loss: val=0.6806, train=0.6877
2026-07-10 12:09:38,041 |   -> New best val loss: 19.5324 (saved best_model.pt)
2026-07-10 12:09:40,472 |   -> New best val loss: 19.0724 (saved best_model.pt)
2026-07-10 12:09:42,317 | Epoch   50/2700 | kl_g0_w=1.00 kl_u_w=1.00 | train=19.7825 (recon=20.1751, kl_g0=0.0075, kl_u=1.7212, cls=0.6901) | val=18.7429 | lr=1.00e-04
2026-07-10 12:09:42,340 |   -> New best val loss: 18.7429 (saved best_model.pt)
2026-07-10 12:09:44,730 |   -> New best val loss: 18.3019 (saved best_model.pt)
2026-07-10 12:09:46,752 |   -> New best val loss: 18.1773 (saved best_model.pt)
2026-07-10 12:09:49,559 |   -> New best val loss: 17.9829 (saved best_model.pt)
2026-07-10 12:09:51,238 |   -> New best val loss: 17.4867 (saved best_model.pt)
2026-07-10 12:09:53,582 |   -> New best val loss: 17.2219 (saved best_model.pt)
2026-07-10 12:09:55,250 |   -> New best val loss: 16.9526 (saved best_model.pt)
2026-07-10 12:09:58,064 |   -> New best val loss: 16.6744 (saved best_model.pt)
2026-07-10 12:10:00,916 |   -> New best val loss: 16.3241 (saved best_model.pt)
2026-07-10 12:10:03,545 |   -> New best val loss: 16.0151 (saved best_model.pt)
2026-07-10 12:10:06,383 | Epoch   60/2700 | kl_g0_w=1.00 kl_u_w=1.00 | train=16.0406 (recon=16.0445, kl_g0=0.0078, kl_u=1.6943, cls=0.6869) | val=15.9338 | lr=1.00e-04
2026-07-10 12:10:06,415 |   -> New best val loss: 15.9338 (saved best_model.pt)
2026-07-10 12:10:09,298 |   -> New best val loss: 15.7983 (saved best_model.pt)
2026-07-10 12:10:12,148 |   -> New best val loss: 15.4552 (saved best_model.pt)
2026-07-10 12:10:12,162 |   -> New joint-best cls loss: val=0.6805, train=0.6875
2026-07-10 12:10:15,027 |   -> New best val loss: 15.2983 (saved best_model.pt)
2026-07-10 12:10:16,909 |   -> New best val loss: 15.0327 (saved best_model.pt)
2026-07-10 12:10:19,072 |   -> New best val loss: 14.7940 (saved best_model.pt)
2026-07-10 12:10:20,922 |   -> New best val loss: 14.6903 (saved best_model.pt)
2026-07-10 12:10:22,648 |   -> New best val loss: 14.2524 (saved best_model.pt)
2026-07-10 12:10:24,922 |   -> New best val loss: 14.0468 (saved best_model.pt)
2026-07-10 12:10:28,518 | Epoch   70/2700 | kl_g0_w=1.00 kl_u_w=1.00 | train=13.5382 (recon=13.3082, kl_g0=0.0081, kl_u=1.6499, cls=0.6867) | val=13.7883 | lr=1.00e-04
2026-07-10 12:10:28,545 |   -> New best val loss: 13.7883 (saved best_model.pt)
2026-07-10 12:10:31,343 |   -> New best val loss: 13.6379 (saved best_model.pt)
2026-07-10 12:10:33,869 |   -> New best val loss: 13.4708 (saved best_model.pt)
2026-07-10 12:10:36,281 |   -> New best val loss: 13.1815 (saved best_model.pt)
2026-07-10 12:10:38,416 |   -> New best val loss: 13.0766 (saved best_model.pt)
2026-07-10 12:10:40,996 |   -> New best val loss: 13.0418 (saved best_model.pt)
2026-07-10 12:10:43,130 |   -> New best val loss: 12.8378 (saved best_model.pt)
2026-07-10 12:10:45,445 |   -> New best val loss: 12.8092 (saved best_model.pt)
2026-07-10 12:10:48,328 |   -> New best val loss: 12.6158 (saved best_model.pt)
2026-07-10 12:10:51,148 |   -> New best val loss: 12.4853 (saved best_model.pt)
2026-07-10 12:10:53,635 | Epoch   80/2700 | kl_g0_w=1.00 kl_u_w=1.00 | train=11.7804 (recon=11.3783, kl_g0=0.0083, kl_u=1.6257, cls=0.6932) | val=12.3817 | lr=1.00e-04
2026-07-10 12:10:53,662 |   -> New best val loss: 12.3817 (saved best_model.pt)
2026-07-10 12:10:56,043 |   -> New best val loss: 12.2088 (saved best_model.pt)
2026-07-10 12:10:58,816 |   -> New best val loss: 12.1625 (saved best_model.pt)
2026-07-10 12:11:01,295 |   -> New best val loss: 12.0279 (saved best_model.pt)
2026-07-10 12:11:03,966 |   -> New best val loss: 11.9020 (saved best_model.pt)
2026-07-10 12:11:06,477 |   -> New best val loss: 11.8499 (saved best_model.pt)
2026-07-10 12:11:09,393 |   -> New best val loss: 11.6012 (saved best_model.pt)
2026-07-10 12:11:12,255 |   -> New best val loss: 11.5846 (saved best_model.pt)
2026-07-10 12:11:14,995 |   -> New best val loss: 11.4444 (saved best_model.pt)
2026-07-10 12:11:17,634 |   -> New best val loss: 11.3010 (saved best_model.pt)
2026-07-10 12:11:19,297 | Epoch   90/2700 | kl_g0_w=1.00 kl_u_w=1.00 | train=10.5327 (recon=10.0479, kl_g0=0.0084, kl_u=1.5699, cls=0.6906) | val=11.2239 | lr=1.00e-04
2026-07-10 12:11:19,312 |   -> New best val loss: 11.2239 (saved best_model.pt)
2026-07-10 12:11:21,220 |   -> New best val loss: 11.1706 (saved best_model.pt)
2026-07-10 12:11:22,909 |   -> New best val loss: 11.1284 (saved best_model.pt)
2026-07-10 12:11:25,584 |   -> New best val loss: 10.9882 (saved best_model.pt)
2026-07-10 12:11:28,213 |   -> New best val loss: 10.8375 (saved best_model.pt)
2026-07-10 12:11:30,240 |   -> New best val loss: 10.7635 (saved best_model.pt)
2026-07-10 12:11:34,051 |   -> New best val loss: 10.6567 (saved best_model.pt)
2026-07-10 12:11:36,149 |   -> New best val loss: 10.5539 (saved best_model.pt)
2026-07-10 12:11:38,441 |   -> New best val loss: 10.4677 (saved best_model.pt)
2026-07-10 12:11:40,989 | Epoch  100/2700 | kl_g0_w=1.00 kl_u_w=1.00 | train=9.6738 (recon=9.1179, kl_g0=0.0086, kl_u=1.5458, cls=0.6881) | val=10.4146 | lr=1.00e-04
2026-07-10 12:11:41,018 |   -> New best val loss: 10.4146 (saved best_model.pt)
2026-07-10 12:11:43,786 |   -> New best val loss: 10.3035 (saved best_model.pt)
2026-07-10 12:11:45,965 |   -> New best val loss: 10.2840 (saved best_model.pt)
2026-07-10 12:11:51,336 |   -> New best val loss: 10.2711 (saved best_model.pt)
2026-07-10 12:11:54,028 |   -> New best val loss: 10.0389 (saved best_model.pt)
2026-07-10 12:11:56,746 |   -> New best val loss: 9.9627 (saved best_model.pt)
2026-07-10 12:12:00,392 |   -> New best val loss: 9.9026 (saved best_model.pt)
2026-07-10 12:12:02,069 |   -> New best val loss: 9.8433 (saved best_model.pt)
2026-07-10 12:12:03,792 | Epoch  110/2700 | kl_g0_w=1.00 kl_u_w=1.00 | train=8.9318 (recon=8.3303, kl_g0=0.0087, kl_u=1.5088, cls=0.6884) | val=9.7881 | lr=1.00e-04
2026-07-10 12:12:03,809 |   -> New best val loss: 9.7881 (saved best_model.pt)
2026-07-10 12:12:05,524 |   -> New best val loss: 9.6567 (saved best_model.pt)
2026-07-10 12:12:07,366 |   -> New best val loss: 9.6265 (saved best_model.pt)
2026-07-10 12:12:09,125 |   -> New best val loss: 9.5771 (saved best_model.pt)
2026-07-10 12:12:14,078 |   -> New best val loss: 9.4630 (saved best_model.pt)
2026-07-10 12:12:16,775 |   -> New best val loss: 9.3819 (saved best_model.pt)
2026-07-10 12:12:19,638 |   -> New best val loss: 9.3780 (saved best_model.pt)
2026-07-10 12:12:21,764 |   -> New best val loss: 9.3373 (saved best_model.pt)
2026-07-10 12:12:23,972 |   -> New best val loss: 9.3324 (saved best_model.pt)
2026-07-10 12:12:26,753 | Epoch  120/2700 | kl_g0_w=1.00 kl_u_w=1.00 | train=8.3621 (recon=7.7304, kl_g0=0.0088, kl_u=1.4756, cls=0.6875) | val=9.3220 | lr=1.00e-04
2026-07-10 12:12:26,781 |   -> New best val loss: 9.3220 (saved best_model.pt)
2026-07-10 12:12:28,975 |   -> New best val loss: 9.1672 (saved best_model.pt)
2026-07-10 12:12:31,237 |   -> New best val loss: 9.1117 (saved best_model.pt)
2026-07-10 12:12:32,916 |   -> New best val loss: 9.0919 (saved best_model.pt)
2026-07-10 12:12:34,592 |   -> New best val loss: 9.0030 (saved best_model.pt)
2026-07-10 12:12:36,904 |   -> New best val loss: 8.9844 (saved best_model.pt)
2026-07-10 12:12:39,629 |   -> New best val loss: 8.9166 (saved best_model.pt)
2026-07-10 12:12:41,395 |   -> New best val loss: 8.8943 (saved best_model.pt)
2026-07-10 12:12:43,554 |   -> New best val loss: 8.8400 (saved best_model.pt)
2026-07-10 12:12:46,070 |   -> New best val loss: 8.7292 (saved best_model.pt)
2026-07-10 12:12:47,986 | Epoch  130/2700 | kl_g0_w=1.00 kl_u_w=1.00 | train=7.8423 (recon=7.1841, kl_g0=0.0090, kl_u=1.4440, cls=0.6892) | val=8.6952 | lr=1.00e-04
2026-07-10 12:12:48,001 |   -> New best val loss: 8.6952 (saved best_model.pt)
2026-07-10 12:12:49,695 |   -> New best val loss: 8.6665 (saved best_model.pt)
2026-07-10 12:12:53,901 |   -> New best val loss: 8.5896 (saved best_model.pt)
2026-07-10 12:12:59,224 |   -> New best val loss: 8.5430 (saved best_model.pt)
2026-07-10 12:13:01,829 |   -> New best val loss: 8.4634 (saved best_model.pt)
2026-07-10 12:13:03,851 |   -> New best val loss: 8.3877 (saved best_model.pt)
2026-07-10 12:13:08,707 | Epoch  140/2700 | kl_g0_w=1.00 kl_u_w=1.00 | train=7.4458 (recon=6.7661, kl_g0=0.0091, kl_u=1.4216, cls=0.6867) | val=8.3478 | lr=1.00e-04
2026-07-10 12:13:08,736 |   -> New best val loss: 8.3478 (saved best_model.pt)
2026-07-10 12:13:11,540 |   -> New best val loss: 8.3078 (saved best_model.pt)
2026-07-10 12:13:13,898 |   -> New best val loss: 8.2663 (saved best_model.pt)
2026-07-10 12:13:16,919 |   -> New best val loss: 8.2431 (saved best_model.pt)
2026-07-10 12:13:18,886 |   -> New best val loss: 8.1669 (saved best_model.pt)
2026-07-10 12:13:21,231 |   -> New best val loss: 8.0883 (saved best_model.pt)
2026-07-10 12:13:26,486 |   -> New best val loss: 8.0682 (saved best_model.pt)
2026-07-10 12:13:28,352 |   -> New best val loss: 8.0225 (saved best_model.pt)
2026-07-10 12:13:31,057 |   -> New best val loss: 7.9788 (saved best_model.pt)
2026-07-10 12:13:33,703 | Epoch  150/2700 | kl_g0_w=1.00 kl_u_w=1.00 | train=7.0538 (recon=6.3495, kl_g0=0.0092, kl_u=1.4026, cls=0.6865) | val=7.9894 | lr=1.00e-04
2026-07-10 12:13:36,366 |   -> New best val loss: 7.9000 (saved best_model.pt)
2026-07-10 12:13:41,008 |   -> New best val loss: 7.8615 (saved best_model.pt)
2026-07-10 12:13:42,861 |   -> New best val loss: 7.7812 (saved best_model.pt)
2026-07-10 12:13:50,024 |   -> New best val loss: 7.7335 (saved best_model.pt)
2026-07-10 12:13:52,208 |   -> New best val loss: 7.6862 (saved best_model.pt)
2026-07-10 12:13:54,813 |   -> New best val loss: 7.6450 (saved best_model.pt)
2026-07-10 12:13:57,013 | Epoch  160/2700 | kl_g0_w=1.00 kl_u_w=1.00 | train=6.7230 (recon=6.0039, kl_g0=0.0092, kl_u=1.3804, cls=0.6884) | val=7.6540 | lr=1.00e-04
2026-07-10 12:13:59,826 |   -> New best val loss: 7.5944 (saved best_model.pt)
2026-07-10 12:14:01,652 |   -> New best val loss: 7.5187 (saved best_model.pt)
2026-07-10 12:14:03,346 |   -> New best val loss: 7.4750 (saved best_model.pt)
2026-07-10 12:14:10,280 |   -> New best val loss: 7.4475 (saved best_model.pt)
2026-07-10 12:14:12,743 |   -> New best val loss: 7.3938 (saved best_model.pt)
2026-07-10 12:14:15,300 |   -> New best val loss: 7.3859 (saved best_model.pt)
2026-07-10 12:14:17,347 |   -> New best val loss: 7.2978 (saved best_model.pt)
2026-07-10 12:14:19,207 | Epoch  170/2700 | kl_g0_w=1.00 kl_u_w=1.00 | train=6.4046 (recon=5.6676, kl_g0=0.0093, kl_u=1.3630, cls=0.6875) | val=7.2540 | lr=1.00e-04
2026-07-10 12:14:19,233 |   -> New best val loss: 7.2540 (saved best_model.pt)
2026-07-10 12:14:21,765 |   -> New best val loss: 7.2433 (saved best_model.pt)
2026-07-10 12:14:23,958 |   -> New best val loss: 7.2159 (saved best_model.pt)
2026-07-10 12:14:26,577 |   -> New best val loss: 7.1864 (saved best_model.pt)
2026-07-10 12:14:28,372 |   -> New best val loss: 7.1505 (saved best_model.pt)
2026-07-10 12:14:30,092 |   -> New best val loss: 7.1327 (saved best_model.pt)
2026-07-10 12:14:31,929 |   -> New best val loss: 7.0517 (saved best_model.pt)
2026-07-10 12:14:36,635 |   -> New best val loss: 7.0279 (saved best_model.pt)
2026-07-10 12:14:39,459 |   -> New best val loss: 6.9743 (saved best_model.pt)
2026-07-10 12:14:42,086 | Epoch  180/2700 | kl_g0_w=1.00 kl_u_w=1.00 | train=6.0814 (recon=5.3274, kl_g0=0.0094, kl_u=1.3439, cls=0.6873) | val=7.0274 | lr=1.00e-04
2026-07-10 12:14:44,958 |   -> New best val loss: 6.9214 (saved best_model.pt)
2026-07-10 12:14:49,713 |   -> New best val loss: 6.8965 (saved best_model.pt)
2026-07-10 12:14:52,366 |   -> New best val loss: 6.8316 (saved best_model.pt)
2026-07-10 12:14:56,190 |   -> New best val loss: 6.8232 (saved best_model.pt)
2026-07-10 12:14:58,175 |   -> New best val loss: 6.7925 (saved best_model.pt)
2026-07-10 12:15:00,885 |   -> New best val loss: 6.7518 (saved best_model.pt)
2026-07-10 12:15:03,525 |   -> New best val loss: 6.6905 (saved best_model.pt)
2026-07-10 12:15:05,634 | Epoch  190/2700 | kl_g0_w=1.00 kl_u_w=1.00 | train=5.8207 (recon=5.0592, kl_g0=0.0095, kl_u=1.3226, cls=0.6854) | val=6.6911 | lr=1.00e-04
2026-07-10 12:15:07,427 |   -> New best val loss: 6.6663 (saved best_model.pt)
2026-07-10 12:15:09,108 |   -> New best val loss: 6.6146 (saved best_model.pt)
2026-07-10 12:15:10,828 |   -> New best val loss: 6.5994 (saved best_model.pt)
2026-07-10 12:15:12,553 |   -> New best val loss: 6.5687 (saved best_model.pt)
2026-07-10 12:15:14,797 |   -> New best val loss: 6.5429 (saved best_model.pt)
2026-07-10 12:15:16,577 |   -> New best val loss: 6.5291 (saved best_model.pt)
2026-07-10 12:15:18,873 |   -> New best val loss: 6.4696 (saved best_model.pt)
2026-07-10 12:15:23,118 |   -> New best val loss: 6.3927 (saved best_model.pt)
2026-07-10 12:15:24,846 | Epoch  200/2700 | kl_g0_w=1.00 kl_u_w=1.00 | train=5.5642 (recon=4.7950, kl_g0=0.0096, kl_u=1.3019, cls=0.6845) | val=6.4212 | lr=1.00e-04
2026-07-10 12:15:27,657 |   -> New best val loss: 6.3569 (saved best_model.pt)
2026-07-10 12:15:30,438 |   -> New best val loss: 6.3336 (saved best_model.pt)
2026-07-10 12:15:32,951 |   -> New best val loss: 6.3181 (saved best_model.pt)
2026-07-10 12:15:36,597 |   -> New best val loss: 6.2826 (saved best_model.pt)
2026-07-10 12:15:38,395 |   -> New best val loss: 6.2278 (saved best_model.pt)
2026-07-10 12:15:41,049 |   -> New best val loss: 6.2255 (saved best_model.pt)
2026-07-10 12:15:43,801 |   -> New best val loss: 6.1697 (saved best_model.pt)
2026-07-10 12:15:46,413 |   -> New best val loss: 6.1526 (saved best_model.pt)
2026-07-10 12:15:48,302 | Epoch  210/2700 | kl_g0_w=1.00 kl_u_w=1.00 | train=5.3015 (recon=4.5241, kl_g0=0.0096, kl_u=1.2804, cls=0.6877) | val=6.1191 | lr=1.00e-04
2026-07-10 12:15:48,320 |   -> New best val loss: 6.1191 (saved best_model.pt)
2026-07-10 12:15:50,466 |   -> New best val loss: 6.1141 (saved best_model.pt)
2026-07-10 12:15:53,029 |   -> New best val loss: 6.1134 (saved best_model.pt)
2026-07-10 12:15:55,939 |   -> New best val loss: 6.0382 (saved best_model.pt)
2026-07-10 12:15:59,975 |   -> New best val loss: 6.0086 (saved best_model.pt)
2026-07-10 12:16:05,067 |   -> New best val loss: 5.9739 (saved best_model.pt)
2026-07-10 12:16:07,901 |   -> New best val loss: 5.9389 (saved best_model.pt)
2026-07-10 12:16:10,616 |   -> New best val loss: 5.9268 (saved best_model.pt)
2026-07-10 12:16:13,202 | Epoch  220/2700 | kl_g0_w=1.00 kl_u_w=1.00 | train=5.0799 (recon=4.2894, kl_g0=0.0097, kl_u=1.2690, cls=0.6858) | val=5.9230 | lr=1.00e-04
2026-07-10 12:16:13,221 |   -> New best val loss: 5.9230 (saved best_model.pt)
2026-07-10 12:16:15,065 |   -> New best val loss: 5.9039 (saved best_model.pt)
2026-07-10 12:16:17,445 |   -> New best val loss: 5.8419 (saved best_model.pt)
2026-07-10 12:16:20,272 |   -> New best val loss: 5.8187 (saved best_model.pt)
2026-07-10 12:16:25,923 |   -> New best val loss: 5.7411 (saved best_model.pt)
2026-07-10 12:16:31,275 |   -> New best val loss: 5.7279 (saved best_model.pt)
2026-07-10 12:16:33,204 |   -> New best val loss: 5.7194 (saved best_model.pt)
2026-07-10 12:16:35,460 |   -> New best val loss: 5.6782 (saved best_model.pt)
2026-07-10 12:16:37,463 | Epoch  230/2700 | kl_g0_w=1.00 kl_u_w=1.00 | train=4.8690 (recon=4.0711, kl_g0=0.0097, kl_u=1.2532, cls=0.6837) | val=5.6737 | lr=1.00e-04
2026-07-10 12:16:37,481 |   -> New best val loss: 5.6737 (saved best_model.pt)
2026-07-10 12:16:39,505 |   -> New best val loss: 5.6309 (saved best_model.pt)
2026-07-10 12:16:42,228 |   -> New best val loss: 5.6214 (saved best_model.pt)
2026-07-10 12:16:46,317 |   -> New best val loss: 5.5512 (saved best_model.pt)
2026-07-10 12:16:50,243 |   -> New best val loss: 5.5136 (saved best_model.pt)
2026-07-10 12:16:54,918 |   -> New best val loss: 5.4765 (saved best_model.pt)
2026-07-10 12:16:57,504 |   -> New best val loss: 5.4493 (saved best_model.pt)
2026-07-10 12:16:59,798 | Epoch  240/2700 | kl_g0_w=1.00 kl_u_w=1.00 | train=4.6607 (recon=3.8565, kl_g0=0.0098, kl_u=1.2360, cls=0.6863) | val=5.4422 | lr=1.00e-04
2026-07-10 12:16:59,826 |   -> New best val loss: 5.4422 (saved best_model.pt)
2026-07-10 12:17:02,724 |   -> New best val loss: 5.4363 (saved best_model.pt)
2026-07-10 12:17:04,625 |   -> New best val loss: 5.3926 (saved best_model.pt)
2026-07-10 12:17:08,307 |   -> New best val loss: 5.3598 (saved best_model.pt)
2026-07-10 12:17:11,163 |   -> New best val loss: 5.3117 (saved best_model.pt)
2026-07-10 12:17:15,893 |   -> New best val loss: 5.3016 (saved best_model.pt)
2026-07-10 12:17:17,850 |   -> New best val loss: 5.2780 (saved best_model.pt)
2026-07-10 12:17:19,805 |   -> New best val loss: 5.2087 (saved best_model.pt)
2026-07-10 12:17:21,500 | Epoch  250/2700 | kl_g0_w=1.00 kl_u_w=1.00 | train=4.4525 (recon=3.6444, kl_g0=0.0098, kl_u=1.2169, cls=0.6846) | val=5.2144 | lr=1.00e-04
2026-07-10 12:17:23,230 |   -> New joint-best cls loss: val=0.6804, train=0.6839
2026-07-10 12:17:24,961 |   -> New best val loss: 5.1842 (saved best_model.pt)
2026-07-10 12:17:26,708 |   -> New best val loss: 5.1406 (saved best_model.pt)
2026-07-10 12:17:29,094 |   -> New best val loss: 5.1294 (saved best_model.pt)
2026-07-10 12:17:30,799 |   -> New best val loss: 5.1273 (saved best_model.pt)
2026-07-10 12:17:32,986 |   -> New best val loss: 5.1007 (saved best_model.pt)
2026-07-10 12:17:35,209 |   -> New best val loss: 5.0755 (saved best_model.pt)
2026-07-10 12:17:35,222 |   -> New joint-best cls loss: val=0.6802, train=0.6834
2026-07-10 12:17:37,281 |   -> New best val loss: 5.0337 (saved best_model.pt)
2026-07-10 12:17:37,293 |   -> New joint-best cls loss: val=0.6799, train=0.6816
2026-07-10 12:17:41,203 | Epoch  260/2700 | kl_g0_w=1.00 kl_u_w=1.00 | train=4.2714 (recon=3.4559, kl_g0=0.0099, kl_u=1.2042, cls=0.6843) | val=4.9953 | lr=1.00e-04
2026-07-10 12:17:41,221 |   -> New best val loss: 4.9953 (saved best_model.pt)
2026-07-10 12:17:45,727 |   -> New best val loss: 4.9630 (saved best_model.pt)
2026-07-10 12:17:47,442 |   -> New best val loss: 4.9493 (saved best_model.pt)
2026-07-10 12:17:49,994 |   -> New best val loss: 4.9129 (saved best_model.pt)
2026-07-10 12:17:52,207 |   -> New best val loss: 4.9120 (saved best_model.pt)
2026-07-10 12:17:54,817 |   -> New best val loss: 4.8813 (saved best_model.pt)
2026-07-10 12:17:56,855 |   -> New best val loss: 4.8667 (saved best_model.pt)
2026-07-10 12:17:56,868 |   -> New joint-best cls loss: val=0.6793, train=0.6807
2026-07-10 12:17:59,437 |   -> New best val loss: 4.8251 (saved best_model.pt)
2026-07-10 12:18:01,293 |   -> New best val loss: 4.8217 (saved best_model.pt)
2026-07-10 12:18:02,942 | Epoch  270/2700 | kl_g0_w=1.00 kl_u_w=1.00 | train=4.0886 (recon=3.2664, kl_g0=0.0099, kl_u=1.1907, cls=0.6824) | val=4.8256 | lr=1.00e-04
2026-07-10 12:18:04,655 |   -> New best val loss: 4.7709 (saved best_model.pt)
2026-07-10 12:18:06,312 |   -> New best val loss: 4.7659 (saved best_model.pt)
2026-07-10 12:18:08,108 |   -> New best val loss: 4.7535 (saved best_model.pt)
2026-07-10 12:18:10,883 |   -> New best val loss: 4.7331 (saved best_model.pt)
2026-07-10 12:18:13,778 |   -> New best val loss: 4.7223 (saved best_model.pt)
2026-07-10 12:18:15,946 |   -> New best val loss: 4.6849 (saved best_model.pt)
2026-07-10 12:18:18,489 |   -> New best val loss: 4.6764 (saved best_model.pt)
2026-07-10 12:18:20,429 |   -> New best val loss: 4.6615 (saved best_model.pt)
2026-07-10 12:18:22,134 |   -> New best val loss: 4.6286 (saved best_model.pt)
2026-07-10 12:18:23,856 | Epoch  280/2700 | kl_g0_w=1.00 kl_u_w=1.00 | train=3.9152 (recon=3.0871, kl_g0=0.0100, kl_u=1.1776, cls=0.6807) | val=4.6185 | lr=1.00e-04 [PREOVERFIT-UPDATE]
2026-07-10 12:18:23,873 |   -> New best val loss: 4.6185 (saved best_model.pt)
2026-07-10 12:18:23,886 |   -> New joint-best cls loss: val=0.6777, train=0.6807
2026-07-10 12:18:26,353 |   -> New best val loss: 4.5981 (saved best_model.pt)
2026-07-10 12:18:28,291 |   -> New best val loss: 4.5716 (saved best_model.pt)
2026-07-10 12:18:29,976 |   -> New best val loss: 4.5520 (saved best_model.pt)
2026-07-10 12:18:33,997 |   -> New best val loss: 4.5125 (saved best_model.pt)
2026-07-10 12:18:36,122 |   -> New best val loss: 4.4959 (saved best_model.pt)
2026-07-10 12:18:38,733 |   -> New best val loss: 4.4644 (saved best_model.pt)
2026-07-10 12:18:40,696 |   -> New best val loss: 4.4522 (saved best_model.pt)
2026-07-10 12:18:43,540 |   -> New best val loss: 4.4205 (saved best_model.pt)
2026-07-10 12:18:46,407 | Epoch  290/2700 | kl_g0_w=1.00 kl_u_w=1.00 | train=3.7627 (recon=2.9282, kl_g0=0.0100, kl_u=1.1665, cls=0.6848) | val=4.4151 | lr=1.00e-04
2026-07-10 12:18:46,435 |   -> New best val loss: 4.4151 (saved best_model.pt)
2026-07-10 12:18:52,013 |   -> New best val loss: 4.3717 (saved best_model.pt)
2026-07-10 12:18:54,724 |   -> New best val loss: 4.3553 (saved best_model.pt)
2026-07-10 12:18:57,091 |   -> New best val loss: 4.3431 (saved best_model.pt)
2026-07-10 12:18:59,691 |   -> New best val loss: 4.3267 (saved best_model.pt)
2026-07-10 12:19:01,969 |   -> New best val loss: 4.3170 (saved best_model.pt)
2026-07-10 12:19:04,505 |   -> New best val loss: 4.2993 (saved best_model.pt)
2026-07-10 12:19:07,367 |   -> New best val loss: 4.2894 (saved best_model.pt)
2026-07-10 12:19:09,358 |   -> New best val loss: 4.2546 (saved best_model.pt)
2026-07-10 12:19:09,370 |   -> New joint-best cls loss: val=0.6768, train=0.6796
2026-07-10 12:19:11,692 | Epoch  300/2700 | kl_g0_w=1.00 kl_u_w=1.00 | train=3.6007 (recon=2.7639, kl_g0=0.0100, kl_u=1.1511, cls=0.6822) | val=4.2469 | lr=1.00e-04
2026-07-10 12:19:11,720 |   -> New best val loss: 4.2469 (saved best_model.pt)
2026-07-10 12:19:14,290 |   -> New best val loss: 4.2211 (saved best_model.pt)
2026-07-10 12:19:16,155 |   -> New best val loss: 4.2032 (saved best_model.pt)
2026-07-10 12:19:19,909 |   -> New best val loss: 4.1747 (saved best_model.pt)
2026-07-10 12:19:22,763 |   -> New best val loss: 4.1441 (saved best_model.pt)
2026-07-10 12:19:28,480 |   -> New best val loss: 4.1219 (saved best_model.pt)
2026-07-10 12:19:31,176 |   -> New best val loss: 4.1117 (saved best_model.pt)
2026-07-10 12:19:32,949 |   -> New best val loss: 4.0848 (saved best_model.pt)
2026-07-10 12:19:35,432 | Epoch  310/2700 | kl_g0_w=1.00 kl_u_w=1.00 | train=3.4603 (recon=2.6227, kl_g0=0.0101, kl_u=1.1359, cls=0.6843) | val=4.0690 | lr=1.00e-04
2026-07-10 12:19:35,448 |   -> New best val loss: 4.0690 (saved best_model.pt)
2026-07-10 12:19:38,217 |   -> New best val loss: 4.0504 (saved best_model.pt)
2026-07-10 12:19:38,230 |   -> New joint-best cls loss: val=0.6766, train=0.6796
2026-07-10 12:19:40,227 |   -> New best val loss: 4.0418 (saved best_model.pt)
2026-07-10 12:19:42,124 |   -> New best val loss: 4.0190 (saved best_model.pt)
2026-07-10 12:19:44,263 |   -> New best val loss: 3.9918 (saved best_model.pt)
2026-07-10 12:19:50,950 |   -> New best val loss: 3.9449 (saved best_model.pt)
2026-07-10 12:19:50,963 |   -> New joint-best cls loss: val=0.6764, train=0.6785
2026-07-10 12:19:55,884 |   -> New best val loss: 3.9326 (saved best_model.pt)
2026-07-10 12:19:58,263 | Epoch  320/2700 | kl_g0_w=1.00 kl_u_w=1.00 | train=3.3198 (recon=2.4762, kl_g0=0.0101, kl_u=1.1268, cls=0.6798) | val=3.9399 | lr=1.00e-04
2026-07-10 12:19:59,909 |   -> New best val loss: 3.9085 (saved best_model.pt)
2026-07-10 12:20:02,519 |   -> New best val loss: 3.8895 (saved best_model.pt)
2026-07-10 12:20:05,424 |   -> New best val loss: 3.8802 (saved best_model.pt)
2026-07-10 12:20:08,269 |   -> New best val loss: 3.8386 (saved best_model.pt)
2026-07-10 12:20:10,713 |   -> New best val loss: 3.8220 (saved best_model.pt)
2026-07-10 12:20:14,045 |   -> New best val loss: 3.8118 (saved best_model.pt)
2026-07-10 12:20:14,060 |   -> New joint-best cls loss: val=0.6756, train=0.6784
2026-07-10 12:20:16,217 |   -> New best val loss: 3.7712 (saved best_model.pt)
2026-07-10 12:20:20,508 | Epoch  330/2700 | kl_g0_w=1.00 kl_u_w=1.00 | train=3.1971 (recon=2.3519, kl_g0=0.0101, kl_u=1.1148, cls=0.6798) | val=3.7478 | lr=1.00e-04
2026-07-10 12:20:20,527 |   -> New best val loss: 3.7478 (saved best_model.pt)
2026-07-10 12:20:22,248 |   -> New best val loss: 3.7369 (saved best_model.pt)
2026-07-10 12:20:24,416 |   -> New best val loss: 3.7249 (saved best_model.pt)
2026-07-10 12:20:27,154 |   -> New best val loss: 3.7064 (saved best_model.pt)
2026-07-10 12:20:29,626 |   -> New best val loss: 3.6819 (saved best_model.pt)
2026-07-10 12:20:31,571 |   -> New joint-best cls loss: val=0.6747, train=0.6771
2026-07-10 12:20:33,270 |   -> New best val loss: 3.6659 (saved best_model.pt)
2026-07-10 12:20:36,622 |   -> New best val loss: 3.6236 (saved best_model.pt)
2026-07-10 12:20:39,415 |   -> New best val loss: 3.6072 (saved best_model.pt)
2026-07-10 12:20:42,274 | Epoch  340/2700 | kl_g0_w=1.00 kl_u_w=1.00 | train=3.0681 (recon=2.2263, kl_g0=0.0102, kl_u=1.0971, cls=0.6795) | val=3.5923 | lr=1.00e-04
2026-07-10 12:20:42,300 |   -> New best val loss: 3.5923 (saved best_model.pt)
2026-07-10 12:20:47,587 |   -> New best val loss: 3.5699 (saved best_model.pt)
2026-07-10 12:20:49,498 |   -> New best val loss: 3.5462 (saved best_model.pt)
2026-07-10 12:20:51,635 |   -> New best val loss: 3.5340 (saved best_model.pt)
2026-07-10 12:20:53,697 |   -> New best val loss: 3.5315 (saved best_model.pt)
2026-07-10 12:20:55,479 |   -> New best val loss: 3.5095 (saved best_model.pt)
2026-07-10 12:20:55,494 |   -> New joint-best cls loss: val=0.6743, train=0.6763
2026-07-10 12:20:57,294 |   -> New best val loss: 3.4875 (saved best_model.pt)
2026-07-10 12:20:59,133 |   -> New best val loss: 3.4771 (saved best_model.pt)
2026-07-10 12:21:00,824 |   -> New best val loss: 3.4394 (saved best_model.pt)
2026-07-10 12:21:03,504 | Epoch  350/2700 | kl_g0_w=1.00 kl_u_w=1.00 | train=2.9451 (recon=2.0962, kl_g0=0.0102, kl_u=1.0909, cls=0.6757) | val=3.4428 | lr=1.00e-04 [PREOVERFIT-UPDATE]
2026-07-10 12:21:03,522 |   -> New joint-best cls loss: val=0.6738, train=0.6757
2026-07-10 12:21:05,708 |   -> New best val loss: 3.4186 (saved best_model.pt)
2026-07-10 12:21:08,082 |   -> New best val loss: 3.4085 (saved best_model.pt)
2026-07-10 12:21:09,837 |   -> New best val loss: 3.3920 (saved best_model.pt)
2026-07-10 12:21:13,599 |   -> New best val loss: 3.3594 (saved best_model.pt)
2026-07-10 12:21:15,350 |   -> New joint-best cls loss: val=0.6728, train=0.6756
2026-07-10 12:21:17,477 |   -> New best val loss: 3.3407 (saved best_model.pt)
2026-07-10 12:21:17,491 |   -> New joint-best cls loss: val=0.6724, train=0.6740
2026-07-10 12:21:21,657 |   -> New best val loss: 3.3075 (saved best_model.pt)
2026-07-10 12:21:23,516 | Epoch  360/2700 | kl_g0_w=1.00 kl_u_w=1.00 | train=2.8341 (recon=1.9798, kl_g0=0.0102, kl_u=1.0840, cls=0.6746) | val=3.2949 | lr=1.00e-04
2026-07-10 12:21:23,531 |   -> New best val loss: 3.2949 (saved best_model.pt)
2026-07-10 12:21:27,600 |   -> New best val loss: 3.2861 (saved best_model.pt)
2026-07-10 12:21:29,913 |   -> New best val loss: 3.2590 (saved best_model.pt)
2026-07-10 12:21:32,707 |   -> New best val loss: 3.2568 (saved best_model.pt)
2026-07-10 12:21:35,397 |   -> New best val loss: 3.2392 (saved best_model.pt)
2026-07-10 12:21:38,159 |   -> New best val loss: 3.2134 (saved best_model.pt)
2026-07-10 12:21:40,628 |   -> New best val loss: 3.2049 (saved best_model.pt)
2026-07-10 12:21:40,640 |   -> New joint-best cls loss: val=0.6722, train=0.6736
2026-07-10 12:21:43,525 |   -> New best val loss: 3.1976 (saved best_model.pt)
2026-07-10 12:21:45,798 |   -> New best val loss: 3.1759 (saved best_model.pt)
2026-07-10 12:21:47,511 | Epoch  370/2700 | kl_g0_w=1.00 kl_u_w=1.00 | train=2.7248 (recon=1.8629, kl_g0=0.0102, kl_u=1.0795, cls=0.6739) | val=3.1604 | lr=1.00e-04
2026-07-10 12:21:47,528 |   -> New best val loss: 3.1604 (saved best_model.pt)
2026-07-10 12:21:52,948 |   -> New best val loss: 3.1316 (saved best_model.pt)
2026-07-10 12:21:55,330 |   -> New best val loss: 3.1051 (saved best_model.pt)
2026-07-10 12:21:57,127 |   -> New joint-best cls loss: val=0.6721, train=0.6731
2026-07-10 12:21:59,354 |   -> New best val loss: 3.1008 (saved best_model.pt)
2026-07-10 12:22:01,497 |   -> New best val loss: 3.0928 (saved best_model.pt)
2026-07-10 12:22:03,558 |   -> New best val loss: 3.0550 (saved best_model.pt)
2026-07-10 12:22:06,840 |   -> New best val loss: 3.0419 (saved best_model.pt)
2026-07-10 12:22:08,814 | Epoch  380/2700 | kl_g0_w=1.00 kl_u_w=1.00 | train=2.6305 (recon=1.7667, kl_g0=0.0102, kl_u=1.0710, cls=0.6736) | val=3.0075 | lr=1.00e-04
2026-07-10 12:22:08,831 |   -> New best val loss: 3.0075 (saved best_model.pt)
2026-07-10 12:22:10,520 |   -> New joint-best cls loss: val=0.6709, train=0.6714
2026-07-10 12:22:15,505 |   -> New best val loss: 2.9860 (saved best_model.pt)
2026-07-10 12:22:17,374 |   -> New best val loss: 2.9735 (saved best_model.pt)
2026-07-10 12:22:21,381 |   -> New best val loss: 2.9502 (saved best_model.pt)
2026-07-10 12:22:24,191 |   -> New best val loss: 2.9484 (saved best_model.pt)
2026-07-10 12:22:27,147 |   -> New best val loss: 2.9293 (saved best_model.pt)
2026-07-10 12:22:30,003 |   -> New best val loss: 2.9178 (saved best_model.pt)
2026-07-10 12:22:30,015 |   -> New joint-best cls loss: val=0.6695, train=0.6711
2026-07-10 12:22:32,879 | Epoch  390/2700 | kl_g0_w=1.00 kl_u_w=1.00 | train=2.5434 (recon=1.6751, kl_g0=0.0103, kl_u=1.0660, cls=0.6719) | val=2.9000 | lr=1.00e-04
2026-07-10 12:22:32,905 |   -> New best val loss: 2.9000 (saved best_model.pt)
2026-07-10 12:22:34,795 |   -> New best val loss: 2.8904 (saved best_model.pt)
2026-07-10 12:22:38,519 |   -> New best val loss: 2.8637 (saved best_model.pt)
2026-07-10 12:22:42,642 |   -> New best val loss: 2.8572 (saved best_model.pt)
2026-07-10 12:22:45,240 |   -> New best val loss: 2.8395 (saved best_model.pt)
2026-07-10 12:22:49,845 |   -> New best val loss: 2.8258 (saved best_model.pt)
2026-07-10 12:22:51,733 |   -> New best val loss: 2.7987 (saved best_model.pt)
2026-07-10 12:22:51,745 |   -> New joint-best cls loss: val=0.6693, train=0.6704
2026-07-10 12:22:54,529 | Epoch  400/2700 | kl_g0_w=1.00 kl_u_w=1.00 | train=2.4501 (recon=1.5835, kl_g0=0.0103, kl_u=1.0543, cls=0.6694) | val=2.7958 | lr=1.00e-04
2026-07-10 12:22:54,558 |   -> New best val loss: 2.7958 (saved best_model.pt)
2026-07-10 12:22:59,694 |   -> New best val loss: 2.7729 (saved best_model.pt)
2026-07-10 12:23:01,472 |   -> New best val loss: 2.7587 (saved best_model.pt)
2026-07-10 12:23:01,487 |   -> New joint-best cls loss: val=0.6682, train=0.6693
2026-07-10 12:23:06,104 |   -> New best val loss: 2.7351 (saved best_model.pt)
2026-07-10 12:23:07,860 |   -> New best val loss: 2.7187 (saved best_model.pt)
2026-07-10 12:23:07,872 |   -> New joint-best cls loss: val=0.6675, train=0.6679
2026-07-10 12:23:09,749 |   -> New best val loss: 2.7134 (saved best_model.pt)
2026-07-10 12:23:11,549 |   -> New best val loss: 2.6999 (saved best_model.pt)
2026-07-10 12:23:13,256 |   -> New best val loss: 2.6921 (saved best_model.pt)
2026-07-10 12:23:13,270 |   -> New joint-best cls loss: val=0.6674, train=0.6664
2026-07-10 12:23:15,162 | Epoch  410/2700 | kl_g0_w=1.00 kl_u_w=1.00 | train=2.3643 (recon=1.4986, kl_g0=0.0103, kl_u=1.0438, cls=0.6679) | val=2.6852 | lr=1.00e-04
2026-07-10 12:23:15,179 |   -> New best val loss: 2.6852 (saved best_model.pt)
2026-07-10 12:23:19,518 |   -> New best val loss: 2.6618 (saved best_model.pt)
2026-07-10 12:23:19,531 |   -> New joint-best cls loss: val=0.6671, train=0.6654
2026-07-10 12:23:21,562 |   -> New best val loss: 2.6586 (saved best_model.pt)
2026-07-10 12:23:23,237 |   -> New best val loss: 2.6336 (saved best_model.pt)
2026-07-10 12:23:26,937 |   -> New best val loss: 2.6171 (saved best_model.pt)
2026-07-10 12:23:28,950 |   -> New best val loss: 2.6083 (saved best_model.pt)
2026-07-10 12:23:31,281 |   -> New best val loss: 2.5987 (saved best_model.pt)
2026-07-10 12:23:33,089 |   -> New best val loss: 2.5881 (saved best_model.pt)
2026-07-10 12:23:35,372 | Epoch  420/2700 | kl_g0_w=1.00 kl_u_w=1.00 | train=2.2808 (recon=1.4146, kl_g0=0.0103, kl_u=1.0355, cls=0.6649) | val=2.5813 | lr=1.00e-04 [PREOVERFIT-UPDATE]
2026-07-10 12:23:35,399 |   -> New best val loss: 2.5813 (saved best_model.pt)
2026-07-10 12:23:35,412 |   -> New joint-best cls loss: val=0.6671, train=0.6649
2026-07-10 12:23:37,182 |   -> New best val loss: 2.5769 (saved best_model.pt)
2026-07-10 12:23:37,196 |   -> New joint-best cls loss: val=0.6662, train=0.6645
2026-07-10 12:23:39,459 |   -> New best val loss: 2.5566 (saved best_model.pt)
2026-07-10 12:23:42,136 |   -> New best val loss: 2.5480 (saved best_model.pt)
2026-07-10 12:23:44,207 |   -> New best val loss: 2.5284 (saved best_model.pt)
2026-07-10 12:23:44,219 |   -> New joint-best cls loss: val=0.6660, train=0.6628
2026-07-10 12:23:46,024 |   -> New best val loss: 2.5217 (saved best_model.pt)
2026-07-10 12:23:48,278 |   -> New best val loss: 2.5133 (saved best_model.pt)
2026-07-10 12:23:50,567 |   -> New best val loss: 2.5056 (saved best_model.pt)
2026-07-10 12:23:52,798 |   -> New best val loss: 2.4982 (saved best_model.pt)
2026-07-10 12:23:55,143 |   -> New best val loss: 2.4798 (saved best_model.pt)
2026-07-10 12:23:57,593 | Epoch  430/2700 | kl_g0_w=1.00 kl_u_w=1.00 | train=2.2037 (recon=1.3399, kl_g0=0.0103, kl_u=1.0246, cls=0.6639) | val=2.4665 | lr=1.00e-04
2026-07-10 12:23:57,619 |   -> New best val loss: 2.4665 (saved best_model.pt)
2026-07-10 12:23:59,609 |   -> New best val loss: 2.4529 (saved best_model.pt)
2026-07-10 12:23:59,622 |   -> New joint-best cls loss: val=0.6640, train=0.6624
2026-07-10 12:24:01,501 |   -> New best val loss: 2.4492 (saved best_model.pt)
2026-07-10 12:24:05,005 |   -> New best val loss: 2.4359 (saved best_model.pt)
2026-07-10 12:24:06,716 |   -> New best val loss: 2.4284 (saved best_model.pt)
2026-07-10 12:24:08,730 |   -> New joint-best cls loss: val=0.6635, train=0.6617
2026-07-10 12:24:11,623 |   -> New best val loss: 2.3924 (saved best_model.pt)
2026-07-10 12:24:14,401 |   -> New joint-best cls loss: val=0.6631, train=0.6603
2026-07-10 12:24:16,168 |   -> New best val loss: 2.3845 (saved best_model.pt)
2026-07-10 12:24:18,278 | Epoch  440/2700 | kl_g0_w=1.00 kl_u_w=1.00 | train=2.1269 (recon=1.2634, kl_g0=0.0103, kl_u=1.0161, cls=0.6609) | val=2.3692 | lr=1.00e-04
2026-07-10 12:24:18,306 |   -> New best val loss: 2.3692 (saved best_model.pt)
2026-07-10 12:24:20,607 |   -> New best val loss: 2.3614 (saved best_model.pt)
2026-07-10 12:24:22,576 |   -> New best val loss: 2.3547 (saved best_model.pt)
2026-07-10 12:24:22,590 |   -> New joint-best cls loss: val=0.6615, train=0.6576
2026-07-10 12:24:25,338 |   -> New best val loss: 2.3354 (saved best_model.pt)
2026-07-10 12:24:27,131 |   -> New best val loss: 2.3247 (saved best_model.pt)
2026-07-10 12:24:29,025 |   -> New best val loss: 2.3161 (saved best_model.pt)
2026-07-10 12:24:31,396 |   -> New best val loss: 2.3057 (saved best_model.pt)
2026-07-10 12:24:34,020 |   -> New best val loss: 2.2964 (saved best_model.pt)
2026-07-10 12:24:34,032 |   -> New joint-best cls loss: val=0.6613, train=0.6575
2026-07-10 12:24:36,877 |   -> New best val loss: 2.2837 (saved best_model.pt)
2026-07-10 12:24:39,546 |   -> New best val loss: 2.2724 (saved best_model.pt)
2026-07-10 12:24:41,936 | Epoch  450/2700 | kl_g0_w=1.00 kl_u_w=1.00 | train=2.0526 (recon=1.1934, kl_g0=0.0103, kl_u=1.0039, cls=0.6575) | val=2.2674 | lr=1.00e-04 [PREOVERFIT-UPDATE]
2026-07-10 12:24:41,954 |   -> New best val loss: 2.2674 (saved best_model.pt)
2026-07-10 12:24:41,968 |   -> New joint-best cls loss: val=0.6610, train=0.6575
2026-07-10 12:24:44,566 |   -> New best val loss: 2.2535 (saved best_model.pt)
2026-07-10 12:24:44,581 |   -> New joint-best cls loss: val=0.6600, train=0.6571
2026-07-10 12:24:46,295 |   -> New best val loss: 2.2447 (saved best_model.pt)
2026-07-10 12:24:49,024 |   -> New best val loss: 2.2379 (saved best_model.pt)
2026-07-10 12:24:49,037 |   -> New joint-best cls loss: val=0.6598, train=0.6546
2026-07-10 12:24:51,918 |   -> New best val loss: 2.2174 (saved best_model.pt)
2026-07-10 12:24:54,849 |   -> New best val loss: 2.2051 (saved best_model.pt)
2026-07-10 12:24:54,861 |   -> New joint-best cls loss: val=0.6582, train=0.6536
2026-07-10 12:24:56,564 |   -> New best val loss: 2.2013 (saved best_model.pt)
2026-07-10 12:24:56,576 |   -> New joint-best cls loss: val=0.6579, train=0.6529
2026-07-10 12:24:59,174 |   -> New best val loss: 2.1834 (saved best_model.pt)
2026-07-10 12:25:04,801 |   -> New best val loss: 2.1669 (saved best_model.pt)
2026-07-10 12:25:07,244 | Epoch  460/2700 | kl_g0_w=1.00 kl_u_w=1.00 | train=1.9811 (recon=1.1230, kl_g0=0.0103, kl_u=0.9950, cls=0.6560) | val=2.1661 | lr=1.00e-04
2026-07-10 12:25:07,264 |   -> New best val loss: 2.1661 (saved best_model.pt)
2026-07-10 12:25:09,322 |   -> New best val loss: 2.1595 (saved best_model.pt)
2026-07-10 12:25:11,814 |   -> New best val loss: 2.1413 (saved best_model.pt)
2026-07-10 12:25:13,929 |   -> New best val loss: 2.1277 (saved best_model.pt)
2026-07-10 12:25:13,944 |   -> New joint-best cls loss: val=0.6557, train=0.6480
2026-07-10 12:25:16,882 |   -> New best val loss: 2.1271 (saved best_model.pt)
2026-07-10 12:25:19,209 |   -> New best val loss: 2.1116 (saved best_model.pt)
2026-07-10 12:25:23,897 |   -> New best val loss: 2.1009 (saved best_model.pt)
2026-07-10 12:25:25,595 |   -> New best val loss: 2.0881 (saved best_model.pt)
2026-07-10 12:25:28,141 |   -> New best val loss: 2.0801 (saved best_model.pt)
2026-07-10 12:25:30,925 | Epoch  470/2700 | kl_g0_w=1.00 kl_u_w=1.00 | train=1.9182 (recon=1.0569, kl_g0=0.0103, kl_u=0.9920, cls=0.6480) | val=2.0716 | lr=1.00e-04 [PREOVERFIT-UPDATE]
2026-07-10 12:25:30,953 |   -> New best val loss: 2.0716 (saved best_model.pt)
2026-07-10 12:25:30,965 |   -> New joint-best cls loss: val=0.6537, train=0.6480
2026-07-10 12:25:33,244 |   -> New best val loss: 2.0600 (saved best_model.pt)
2026-07-10 12:25:35,430 |   -> New best val loss: 2.0521 (saved best_model.pt)
2026-07-10 12:25:35,443 |   -> New joint-best cls loss: val=0.6532, train=0.6448
2026-07-10 12:25:38,207 |   -> New best val loss: 2.0507 (saved best_model.pt)
2026-07-10 12:25:41,021 |   -> New best val loss: 2.0386 (saved best_model.pt)
2026-07-10 12:25:43,879 |   -> New best val loss: 2.0249 (saved best_model.pt)
2026-07-10 12:25:46,366 |   -> New best val loss: 2.0207 (saved best_model.pt)
2026-07-10 12:25:46,381 |   -> New joint-best cls loss: val=0.6511, train=0.6420
2026-07-10 12:25:48,331 |   -> New best val loss: 2.0044 (saved best_model.pt)
2026-07-10 12:25:51,068 |   -> New best val loss: 1.9995 (saved best_model.pt)
2026-07-10 12:25:53,278 |   -> New best val loss: 1.9951 (saved best_model.pt)
2026-07-10 12:25:53,290 |   -> New joint-best cls loss: val=0.6511, train=0.6417
2026-07-10 12:25:55,314 | Epoch  480/2700 | kl_g0_w=1.00 kl_u_w=1.00 | train=1.8621 (recon=1.0007, kl_g0=0.0104, kl_u=0.9869, cls=0.6390) | val=1.9927 | lr=1.00e-04 [PREOVERFIT-UPDATE]
2026-07-10 12:25:55,330 |   -> New best val loss: 1.9927 (saved best_model.pt)
2026-07-10 12:25:55,344 |   -> New joint-best cls loss: val=0.6494, train=0.6390
2026-07-10 12:25:57,160 |   -> New best val loss: 1.9848 (saved best_model.pt)
2026-07-10 12:25:59,487 |   -> New best val loss: 1.9710 (saved best_model.pt)
2026-07-10 12:26:01,527 |   -> New best val loss: 1.9638 (saved best_model.pt)
2026-07-10 12:26:03,417 |   -> New best val loss: 1.9499 (saved best_model.pt)
2026-07-10 12:26:05,985 |   -> New joint-best cls loss: val=0.6453, train=0.6370
2026-07-10 12:26:08,845 |   -> New best val loss: 1.9418 (saved best_model.pt)
2026-07-10 12:26:10,939 |   -> New best val loss: 1.9275 (saved best_model.pt)
2026-07-10 12:26:12,657 |   -> New best val loss: 1.9272 (saved best_model.pt)
2026-07-10 12:26:12,670 |   -> New joint-best cls loss: val=0.6443, train=0.6312
2026-07-10 12:26:18,156 | Epoch  490/2700 | kl_g0_w=1.00 kl_u_w=1.00 | train=1.8044 (recon=0.9426, kl_g0=0.0104, kl_u=0.9817, cls=0.6319) | val=1.9115 | lr=1.00e-04
2026-07-10 12:26:18,182 |   -> New best val loss: 1.9115 (saved best_model.pt)
2026-07-10 12:26:20,992 |   -> New best val loss: 1.8942 (saved best_model.pt)
2026-07-10 12:26:22,908 |   -> New joint-best cls loss: val=0.6409, train=0.6264
2026-07-10 12:26:25,342 |   -> New best val loss: 1.8863 (saved best_model.pt)
2026-07-10 12:26:28,206 |   -> New best val loss: 1.8773 (saved best_model.pt)
2026-07-10 12:26:28,219 |   -> New joint-best cls loss: val=0.6387, train=0.6250
2026-07-10 12:26:31,178 |   -> New best val loss: 1.8737 (saved best_model.pt)
2026-07-10 12:26:33,013 |   -> New best val loss: 1.8645 (saved best_model.pt)
2026-07-10 12:26:36,870 |   -> New best val loss: 1.8550 (saved best_model.pt)
2026-07-10 12:26:39,127 |   -> New best val loss: 1.8396 (saved best_model.pt)
2026-07-10 12:26:40,784 | Epoch  500/2700 | kl_g0_w=1.00 kl_u_w=1.00 | train=1.7522 (recon=0.8956, kl_g0=0.0104, kl_u=0.9721, cls=0.6188) | val=1.8465 | lr=1.00e-04 [PREOVERFIT-UPDATE]
2026-07-10 12:26:40,803 |   -> New joint-best cls loss: val=0.6366, train=0.6188
2026-07-10 12:26:42,494 |   -> New best val loss: 1.8267 (saved best_model.pt)
2026-07-10 12:26:46,622 |   -> New best val loss: 1.8155 (saved best_model.pt)
2026-07-10 12:26:46,637 |   -> New joint-best cls loss: val=0.6334, train=0.6125
2026-07-10 12:26:48,271 |   -> New joint-best cls loss: val=0.6324, train=0.6119
2026-07-10 12:26:51,039 |   -> New best val loss: 1.8030 (saved best_model.pt)
2026-07-10 12:26:53,394 |   -> New best val loss: 1.7946 (saved best_model.pt)
2026-07-10 12:26:55,057 |   -> New best val loss: 1.7915 (saved best_model.pt)
2026-07-10 12:26:55,069 |   -> New joint-best cls loss: val=0.6282, train=0.6004
2026-07-10 12:26:57,978 |   -> New best val loss: 1.7889 (saved best_model.pt)
2026-07-10 12:27:00,788 |   -> New best val loss: 1.7827 (saved best_model.pt)
2026-07-10 12:27:03,070 | Epoch  510/2700 | kl_g0_w=1.00 kl_u_w=1.00 | train=1.7025 (recon=0.8491, kl_g0=0.0104, kl_u=0.9644, cls=0.6106) | val=1.7680 | lr=1.00e-04
2026-07-10 12:27:03,096 |   -> New best val loss: 1.7680 (saved best_model.pt)
2026-07-10 12:27:05,261 |   -> New best val loss: 1.7661 (saved best_model.pt)
2026-07-10 12:27:07,513 |   -> New best val loss: 1.7612 (saved best_model.pt)
2026-07-10 12:27:07,528 |   -> New joint-best cls loss: val=0.6244, train=0.5923
2026-07-10 12:27:10,139 |   -> New best val loss: 1.7539 (saved best_model.pt)
2026-07-10 12:27:12,960 |   -> New best val loss: 1.7534 (saved best_model.pt)
2026-07-10 12:27:15,725 |   -> New best val loss: 1.7390 (saved best_model.pt)
2026-07-10 12:27:17,448 |   -> New best val loss: 1.7384 (saved best_model.pt)
2026-07-10 12:27:19,549 |   -> New best val loss: 1.7257 (saved best_model.pt)
2026-07-10 12:27:19,563 |   -> New joint-best cls loss: val=0.6217, train=0.5876
2026-07-10 12:27:22,402 |   -> New best val loss: 1.7239 (saved best_model.pt)
2026-07-10 12:27:22,415 |   -> New joint-best cls loss: val=0.6163, train=0.5815
2026-07-10 12:27:24,795 |   -> New best val loss: 1.7062 (saved best_model.pt)
2026-07-10 12:27:24,807 |   -> New joint-best cls loss: val=0.6118, train=0.5812
2026-07-10 12:27:27,324 | Epoch  520/2700 | kl_g0_w=1.00 kl_u_w=1.00 | train=1.6565 (recon=0.8078, kl_g0=0.0104, kl_u=0.9581, cls=0.5791) | val=1.7074 | lr=1.00e-04
2026-07-10 12:27:29,782 |   -> New best val loss: 1.6999 (saved best_model.pt)
2026-07-10 12:27:29,795 |   -> New joint-best cls loss: val=0.6093, train=0.5663
2026-07-10 12:27:32,523 |   -> New best val loss: 1.6919 (saved best_model.pt)
2026-07-10 12:27:35,393 |   -> New best val loss: 1.6864 (saved best_model.pt)
2026-07-10 12:27:38,245 |   -> New best val loss: 1.6788 (saved best_model.pt)
2026-07-10 12:27:38,260 |   -> New joint-best cls loss: val=0.6028, train=0.5578
2026-07-10 12:27:41,088 |   -> New best val loss: 1.6752 (saved best_model.pt)
2026-07-10 12:27:46,417 |   -> New best val loss: 1.6665 (saved best_model.pt)
2026-07-10 12:27:48,072 |   -> New best val loss: 1.6570 (saved best_model.pt)
2026-07-10 12:27:48,088 |   -> New joint-best cls loss: val=0.5962, train=0.5436
2026-07-10 12:27:53,121 | Epoch  530/2700 | kl_g0_w=1.00 kl_u_w=1.00 | train=1.6137 (recon=0.7748, kl_g0=0.0104, kl_u=0.9474, cls=0.5430) | val=1.6586 | lr=1.00e-04
2026-07-10 12:27:55,906 |   -> New best val loss: 1.6341 (saved best_model.pt)
2026-07-10 12:27:55,918 |   -> New joint-best cls loss: val=0.5924, train=0.5245
2026-07-10 12:27:58,566 |   -> New best val loss: 1.6290 (saved best_model.pt)
2026-07-10 12:28:05,258 |   -> New best val loss: 1.6114 (saved best_model.pt)
2026-07-10 12:28:05,271 |   -> New joint-best cls loss: val=0.5908, train=0.5003
2026-07-10 12:28:07,539 |   -> New joint-best cls loss: val=0.5867, train=0.4919
2026-07-10 12:28:10,353 |   -> New best val loss: 1.6057 (saved best_model.pt)
2026-07-10 12:28:10,366 |   -> New joint-best cls loss: val=0.5823, train=0.4884
2026-07-10 12:28:12,556 |   -> New best val loss: 1.6040 (saved best_model.pt)
2026-07-10 12:28:15,218 |   -> New best val loss: 1.5945 (saved best_model.pt)
2026-07-10 12:28:15,230 |   -> New joint-best cls loss: val=0.5822, train=0.4649
2026-07-10 12:28:17,640 | Epoch  540/2700 | kl_g0_w=1.00 kl_u_w=1.00 | train=1.5617 (recon=0.7330, kl_g0=0.0104, kl_u=0.9403, cls=0.4636) | val=1.5945 | lr=1.00e-04
2026-07-10 12:28:17,658 |   -> New best val loss: 1.5945 (saved best_model.pt)
2026-07-10 12:28:20,344 |   -> New best val loss: 1.5836 (saved best_model.pt)
2026-07-10 12:28:22,922 |   -> New best val loss: 1.5835 (saved best_model.pt)
2026-07-10 12:28:25,756 |   -> New best val loss: 1.5758 (saved best_model.pt)
2026-07-10 12:28:28,365 |   -> New best val loss: 1.5659 (saved best_model.pt)
2026-07-10 12:28:31,112 |   -> New best val loss: 1.5613 (saved best_model.pt)
2026-07-10 12:28:36,466 |   -> New best val loss: 1.5585 (saved best_model.pt)
2026-07-10 12:28:39,294 |   -> New best val loss: 1.5517 (saved best_model.pt)
2026-07-10 12:28:41,993 | Epoch  550/2700 | kl_g0_w=1.00 kl_u_w=1.00 | train=1.5208 (recon=0.7040, kl_g0=0.0104, kl_u=0.9323, cls=0.3878) | val=1.5411 | lr=1.00e-04
2026-07-10 12:28:42,018 |   -> New best val loss: 1.5411 (saved best_model.pt)
2026-07-10 12:28:44,869 |   -> New best val loss: 1.5349 (saved best_model.pt)
2026-07-10 12:28:47,759 |   -> New best val loss: 1.5332 (saved best_model.pt)
2026-07-10 12:28:52,919 |   -> New best val loss: 1.5217 (saved best_model.pt)
2026-07-10 12:28:57,355 |   -> New best val loss: 1.5157 (saved best_model.pt)
2026-07-10 12:28:59,443 |   -> New best val loss: 1.5095 (saved best_model.pt)
2026-07-10 12:29:04,178 |   -> New best val loss: 1.5077 (saved best_model.pt)
2026-07-10 12:29:06,282 | Epoch  560/2700 | kl_g0_w=1.00 kl_u_w=1.00 | train=1.4751 (recon=0.6733, kl_g0=0.0104, kl_u=0.9247, cls=0.2755) | val=1.4997 | lr=1.00e-04
2026-07-10 12:29:06,309 |   -> New best val loss: 1.4997 (saved best_model.pt)
2026-07-10 12:29:11,804 |   -> New best val loss: 1.4904 (saved best_model.pt)
2026-07-10 12:29:14,220 |   -> New best val loss: 1.4899 (saved best_model.pt)
2026-07-10 12:29:16,688 |   -> New best val loss: 1.4833 (saved best_model.pt)
2026-07-10 12:29:19,407 |   -> New best val loss: 1.4788 (saved best_model.pt)
2026-07-10 12:29:21,526 |   -> New best val loss: 1.4720 (saved best_model.pt)
2026-07-10 12:29:25,960 |   -> New best val loss: 1.4686 (saved best_model.pt)
2026-07-10 12:29:30,860 | Epoch  570/2700 | kl_g0_w=1.00 kl_u_w=1.00 | train=1.4449 (recon=0.6516, kl_g0=0.0104, kl_u=0.9184, cls=0.2261) | val=1.4608 | lr=1.00e-04
2026-07-10 12:29:30,885 |   -> New best val loss: 1.4608 (saved best_model.pt)
2026-07-10 12:29:36,375 |   -> New best val loss: 1.4554 (saved best_model.pt)
2026-07-10 12:29:38,870 |   -> New best val loss: 1.4544 (saved best_model.pt)
2026-07-10 12:29:41,034 |   -> New best val loss: 1.4534 (saved best_model.pt)
2026-07-10 12:29:43,336 |   -> New best val loss: 1.4463 (saved best_model.pt)
2026-07-10 12:29:45,919 |   -> New best val loss: 1.4419 (saved best_model.pt)
2026-07-10 12:29:48,750 |   -> New best val loss: 1.4316 (saved best_model.pt)
2026-07-10 12:29:51,626 |   -> New best val loss: 1.4272 (saved best_model.pt)
2026-07-10 12:29:55,822 | Epoch  580/2700 | kl_g0_w=1.00 kl_u_w=1.00 | train=1.3976 (recon=0.6230, kl_g0=0.0104, kl_u=0.9034, cls=0.1453) | val=1.4245 | lr=1.00e-04
2026-07-10 12:29:55,840 |   -> New best val loss: 1.4245 (saved best_model.pt)
2026-07-10 12:29:58,520 |   -> New best val loss: 1.4202 (saved best_model.pt)
2026-07-10 12:30:06,038 |   -> New best val loss: 1.4073 (saved best_model.pt)
2026-07-10 12:30:09,699 |   -> New best val loss: 1.4052 (saved best_model.pt)
2026-07-10 12:30:12,151 |   -> New best val loss: 1.3970 (saved best_model.pt)
2026-07-10 12:30:19,950 | Epoch  590/2700 | kl_g0_w=1.00 kl_u_w=1.00 | train=1.3611 (recon=0.5980, kl_g0=0.0104, kl_u=0.8908, cls=0.1183) | val=1.4010 | lr=1.00e-04
2026-07-10 12:30:22,362 |   -> New best val loss: 1.3852 (saved best_model.pt)
2026-07-10 12:30:28,114 |   -> New best val loss: 1.3782 (saved best_model.pt)
2026-07-10 12:30:33,497 |   -> New best val loss: 1.3634 (saved best_model.pt)
2026-07-10 12:30:38,795 |   -> New best val loss: 1.3574 (saved best_model.pt)
2026-07-10 12:30:47,132 | Epoch  600/2700 | kl_g0_w=1.00 kl_u_w=1.00 | train=1.3239 (recon=0.5762, kl_g0=0.0104, kl_u=0.8737, cls=0.0961) | val=1.3458 | lr=1.00e-04
2026-07-10 12:30:47,150 |   -> New best val loss: 1.3458 (saved best_model.pt)
2026-07-10 12:30:49,336 |   -> New best val loss: 1.3451 (saved best_model.pt)
2026-07-10 12:30:53,842 |   -> New best val loss: 1.3367 (saved best_model.pt)
2026-07-10 12:30:55,472 |   -> New best val loss: 1.3322 (saved best_model.pt)
2026-07-10 12:31:00,970 |   -> New best val loss: 1.3292 (saved best_model.pt)
2026-07-10 12:31:02,741 |   -> New best val loss: 1.3270 (saved best_model.pt)
2026-07-10 12:31:05,581 |   -> New best val loss: 1.3148 (saved best_model.pt)
2026-07-10 12:31:08,262 |   -> New best val loss: 1.3100 (saved best_model.pt)
2026-07-10 12:31:10,056 | Epoch  610/2700 | kl_g0_w=1.00 kl_u_w=1.00 | train=1.2864 (recon=0.5430, kl_g0=0.0104, kl_u=0.8659, cls=0.0895) | val=1.3141 | lr=1.00e-04
2026-07-10 12:31:12,494 |   -> New best val loss: 1.3080 (saved best_model.pt)
2026-07-10 12:31:16,246 |   -> New best val loss: 1.2985 (saved best_model.pt)
2026-07-10 12:31:22,243 |   -> New best val loss: 1.2898 (saved best_model.pt)
2026-07-10 12:31:28,011 |   -> New best val loss: 1.2776 (saved best_model.pt)
2026-07-10 12:31:30,104 | Epoch  620/2700 | kl_g0_w=1.00 kl_u_w=1.00 | train=1.2598 (recon=0.5202, kl_g0=0.0104, kl_u=0.8611, cls=0.0734) | val=1.2839 | lr=1.00e-04
2026-07-10 12:31:35,689 |   -> New best val loss: 1.2629 (saved best_model.pt)
2026-07-10 12:31:49,213 |   -> New best val loss: 1.2544 (saved best_model.pt)
2026-07-10 12:31:52,007 |   -> New best val loss: 1.2516 (saved best_model.pt)
2026-07-10 12:31:54,385 |   -> New best val loss: 1.2514 (saved best_model.pt)
2026-07-10 12:31:56,741 | Epoch  630/2700 | kl_g0_w=1.00 kl_u_w=1.00 | train=1.2286 (recon=0.4908, kl_g0=0.0104, kl_u=0.8567, cls=0.0643) | val=1.2520 | lr=1.00e-04
2026-07-10 12:31:59,649 |   -> New best val loss: 1.2481 (saved best_model.pt)
2026-07-10 12:32:05,366 |   -> New best val loss: 1.2416 (saved best_model.pt)
2026-07-10 12:32:08,147 |   -> New best val loss: 1.2378 (saved best_model.pt)
2026-07-10 12:32:13,271 |   -> New best val loss: 1.2358 (saved best_model.pt)
2026-07-10 12:32:15,919 |   -> New best val loss: 1.2339 (saved best_model.pt)
2026-07-10 12:32:17,960 |   -> New best val loss: 1.2324 (saved best_model.pt)
2026-07-10 12:32:19,594 |   -> New best val loss: 1.2294 (saved best_model.pt)
2026-07-10 12:32:21,225 | Epoch  640/2700 | kl_g0_w=1.00 kl_u_w=1.00 | train=1.2116 (recon=0.4761, kl_g0=0.0104, kl_u=0.8533, cls=0.0575) | val=1.2319 | lr=1.00e-04
2026-07-10 12:32:22,901 |   -> New best val loss: 1.2157 (saved best_model.pt)
2026-07-10 12:32:33,433 |   -> New best val loss: 1.2148 (saved best_model.pt)
2026-07-10 12:32:35,103 |   -> New best val loss: 1.2130 (saved best_model.pt)
2026-07-10 12:32:36,827 |   -> New best val loss: 1.2068 (saved best_model.pt)
2026-07-10 12:32:39,263 |   -> New best val loss: 1.2004 (saved best_model.pt)
2026-07-10 12:32:41,312 | Epoch  650/2700 | kl_g0_w=1.00 kl_u_w=1.00 | train=1.1916 (recon=0.4578, kl_g0=0.0104, kl_u=0.8497, cls=0.0546) | val=1.2090 | lr=1.00e-04
2026-07-10 12:32:43,878 |   -> New best val loss: 1.1848 (saved best_model.pt)
2026-07-10 12:32:58,798 |   -> New best val loss: 1.1796 (saved best_model.pt)
2026-07-10 12:33:07,444 | Epoch  660/2700 | kl_g0_w=1.00 kl_u_w=1.00 | train=1.1728 (recon=0.4422, kl_g0=0.0104, kl_u=0.8450, cls=0.0486) | val=1.1925 | lr=1.00e-04
2026-07-10 12:33:13,583 |   -> New best val loss: 1.1681 (saved best_model.pt)
2026-07-10 12:33:17,832 |   -> New best val loss: 1.1581 (saved best_model.pt)
2026-07-10 12:33:31,014 | Epoch  670/2700 | kl_g0_w=1.00 kl_u_w=1.00 | train=1.1522 (recon=0.4271, kl_g0=0.0104, kl_u=0.8377, cls=0.0447) | val=1.1582 | lr=1.00e-04
2026-07-10 12:33:33,788 |   -> New best val loss: 1.1484 (saved best_model.pt)
2026-07-10 12:33:43,408 |   -> New best val loss: 1.1433 (saved best_model.pt)
2026-07-10 12:33:45,107 |   -> New best val loss: 1.1395 (saved best_model.pt)
2026-07-10 12:33:52,489 | Epoch  680/2700 | kl_g0_w=1.00 kl_u_w=1.00 | train=1.1357 (recon=0.4116, kl_g0=0.0104, kl_u=0.8357, cls=0.0379) | val=1.1317 | lr=1.00e-04
2026-07-10 12:33:52,508 |   -> New best val loss: 1.1317 (saved best_model.pt)
2026-07-10 12:34:02,158 |   -> New best val loss: 1.1312 (saved best_model.pt)
2026-07-10 12:34:05,972 |   -> New best val loss: 1.1199 (saved best_model.pt)
2026-07-10 12:34:07,686 |   -> New best val loss: 1.1191 (saved best_model.pt)
2026-07-10 12:34:13,496 | Epoch  690/2700 | kl_g0_w=1.00 kl_u_w=1.00 | train=1.1203 (recon=0.3968, kl_g0=0.0104, kl_u=0.8337, cls=0.0348) | val=1.1223 | lr=1.00e-04
2026-07-10 12:34:17,852 |   -> New best val loss: 1.1180 (saved best_model.pt)
2026-07-10 12:34:19,953 |   -> New best val loss: 1.1003 (saved best_model.pt)
2026-07-10 12:34:25,314 |   -> New best val loss: 1.0994 (saved best_model.pt)
2026-07-10 12:34:33,633 | Epoch  700/2700 | kl_g0_w=1.00 kl_u_w=1.00 | train=1.1104 (recon=0.3877, kl_g0=0.0104, kl_u=0.8321, cls=0.0331) | val=1.1048 | lr=1.00e-04
2026-07-10 12:34:42,227 |   -> New best val loss: 1.0880 (saved best_model.pt)
2026-07-10 12:34:55,334 | Epoch  710/2700 | kl_g0_w=1.00 kl_u_w=1.00 | train=1.0983 (recon=0.3769, kl_g0=0.0104, kl_u=0.8297, cls=0.0304) | val=1.0846 | lr=1.00e-04
2026-07-10 12:34:55,363 |   -> New best val loss: 1.0846 (saved best_model.pt)
2026-07-10 12:34:57,969 |   -> New best val loss: 1.0831 (saved best_model.pt)
2026-07-10 12:35:15,892 |   -> New best val loss: 1.0817 (saved best_model.pt)
2026-07-10 12:35:18,666 | Epoch  720/2700 | kl_g0_w=1.00 kl_u_w=1.00 | train=1.0829 (recon=0.3623, kl_g0=0.0104, kl_u=0.8272, cls=0.0298) | val=1.0738 | lr=1.00e-04
2026-07-10 12:35:18,691 |   -> New best val loss: 1.0738 (saved best_model.pt)
2026-07-10 12:35:21,227 |   -> New best val loss: 1.0714 (saved best_model.pt)
2026-07-10 12:35:41,623 |   -> New best val loss: 1.0606 (saved best_model.pt)
2026-07-10 12:35:44,518 | Epoch  730/2700 | kl_g0_w=1.00 kl_u_w=1.00 | train=1.0789 (recon=0.3605, kl_g0=0.0104, kl_u=0.8248, cls=0.0274) | val=1.0623 | lr=1.00e-04
2026-07-10 12:35:56,754 |   -> New best val loss: 1.0587 (saved best_model.pt)
2026-07-10 12:36:01,249 |   -> New best val loss: 1.0552 (saved best_model.pt)
2026-07-10 12:36:03,262 |   -> New best val loss: 1.0525 (saved best_model.pt)
2026-07-10 12:36:08,661 | Epoch  740/2700 | kl_g0_w=1.00 kl_u_w=1.00 | train=1.0693 (recon=0.3525, kl_g0=0.0104, kl_u=0.8217, cls=0.0315) | val=1.0544 | lr=1.00e-04
2026-07-10 12:36:11,008 |   -> New best val loss: 1.0518 (saved best_model.pt)
2026-07-10 12:36:16,292 |   -> New best val loss: 1.0515 (saved best_model.pt)
2026-07-10 12:36:18,066 |   -> New best val loss: 1.0482 (saved best_model.pt)
2026-07-10 12:36:25,864 |   -> New best val loss: 1.0415 (saved best_model.pt)
2026-07-10 12:36:33,289 | Epoch  750/2700 | kl_g0_w=1.00 kl_u_w=1.00 | train=1.0581 (recon=0.3470, kl_g0=0.0104, kl_u=0.8150, cls=0.0294) | val=1.0567 | lr=1.00e-04
2026-07-10 12:36:37,263 |   -> New best val loss: 1.0350 (saved best_model.pt)
2026-07-10 12:36:48,563 |   -> New best val loss: 1.0345 (saved best_model.pt)
2026-07-10 12:36:53,490 |   -> New best val loss: 1.0215 (saved best_model.pt)
2026-07-10 12:36:58,871 | Epoch  760/2700 | kl_g0_w=1.00 kl_u_w=1.00 | train=1.0462 (recon=0.3343, kl_g0=0.0104, kl_u=0.8151, cls=0.0239) | val=1.0465 | lr=1.00e-04
2026-07-10 12:37:09,397 |   -> New best val loss: 1.0185 (saved best_model.pt)
2026-07-10 12:37:23,794 | Epoch  770/2700 | kl_g0_w=1.00 kl_u_w=1.00 | train=1.0381 (recon=0.3282, kl_g0=0.0104, kl_u=0.8126, cls=0.0204) | val=1.0324 | lr=1.00e-04
2026-07-10 12:37:28,868 |   -> New best val loss: 1.0144 (saved best_model.pt)
2026-07-10 12:37:42,821 |   -> New best val loss: 1.0118 (saved best_model.pt)
2026-07-10 12:37:46,808 |   -> New best val loss: 0.9977 (saved best_model.pt)
2026-07-10 12:37:49,057 | Epoch  780/2700 | kl_g0_w=1.00 kl_u_w=1.00 | train=1.0338 (recon=0.3244, kl_g0=0.0104, kl_u=0.8113, cls=0.0236) | val=1.0303 | lr=1.00e-04
2026-07-10 12:38:12,114 | Epoch  790/2700 | kl_g0_w=1.00 kl_u_w=1.00 | train=1.0240 (recon=0.3169, kl_g0=0.0103, kl_u=0.8084, cls=0.0193) | val=1.0097 | lr=1.00e-04
2026-07-10 12:38:28,670 |   -> New best val loss: 0.9933 (saved best_model.pt)
2026-07-10 12:38:40,384 | Epoch  800/2700 | kl_g0_w=1.00 kl_u_w=1.00 | train=1.0146 (recon=0.3071, kl_g0=0.0103, kl_u=0.8080, cls=0.0177) | val=0.9948 | lr=5.00e-05
2026-07-10 12:39:01,449 |   -> New best val loss: 0.9900 (saved best_model.pt)
2026-07-10 12:39:08,445 | Epoch  810/2700 | kl_g0_w=1.00 kl_u_w=1.00 | train=1.0095 (recon=0.3033, kl_g0=0.0103, kl_u=0.8062, cls=0.0169) | val=0.9964 | lr=5.00e-05
2026-07-10 12:39:11,433 |   -> New best val loss: 0.9895 (saved best_model.pt)
2026-07-10 12:39:20,458 |   -> New best val loss: 0.9831 (saved best_model.pt)
2026-07-10 12:39:34,596 | Epoch  820/2700 | kl_g0_w=1.00 kl_u_w=1.00 | train=1.0085 (recon=0.3029, kl_g0=0.0102, kl_u=0.8056, cls=0.0158) | val=0.9930 | lr=5.00e-05
2026-07-10 12:40:00,222 |   -> New best val loss: 0.9771 (saved best_model.pt)
2026-07-10 12:40:02,869 | Epoch  830/2700 | kl_g0_w=1.00 kl_u_w=1.00 | train=1.0044 (recon=0.3001, kl_g0=0.0102, kl_u=0.8039, cls=0.0158) | val=0.9890 | lr=5.00e-05
2026-07-10 12:40:31,595 | Epoch  840/2700 | kl_g0_w=1.00 kl_u_w=1.00 | train=0.9989 (recon=0.2977, kl_g0=0.0102, kl_u=0.8004, cls=0.0143) | val=0.9833 | lr=5.00e-05
2026-07-10 12:40:37,885 |   -> New best val loss: 0.9740 (saved best_model.pt)
2026-07-10 12:40:59,242 | Epoch  850/2700 | kl_g0_w=1.00 kl_u_w=1.00 | train=0.9943 (recon=0.2968, kl_g0=0.0102, kl_u=0.7963, cls=0.0140) | val=0.9831 | lr=5.00e-05
2026-07-10 12:41:05,065 |   -> New best val loss: 0.9718 (saved best_model.pt)
2026-07-10 12:41:24,042 | Epoch  860/2700 | kl_g0_w=1.00 kl_u_w=1.00 | train=0.9879 (recon=0.2965, kl_g0=0.0101, kl_u=0.7895, cls=0.0139) | val=0.9767 | lr=5.00e-05
2026-07-10 12:41:27,099 |   -> New best val loss: 0.9669 (saved best_model.pt)
2026-07-10 12:41:38,965 |   -> New best val loss: 0.9659 (saved best_model.pt)
2026-07-10 12:41:42,674 |   -> New best val loss: 0.9620 (saved best_model.pt)
2026-07-10 12:41:46,463 | Epoch  870/2700 | kl_g0_w=1.00 kl_u_w=1.00 | train=0.9819 (recon=0.2927, kl_g0=0.0101, kl_u=0.7867, cls=0.0138) | val=0.9604 | lr=5.00e-05
2026-07-10 12:41:46,488 |   -> New best val loss: 0.9604 (saved best_model.pt)
2026-07-10 12:41:55,510 |   -> New best val loss: 0.9580 (saved best_model.pt)
2026-07-10 12:42:02,311 |   -> New best val loss: 0.9524 (saved best_model.pt)
2026-07-10 12:42:11,092 | Epoch  880/2700 | kl_g0_w=1.00 kl_u_w=1.00 | train=0.9780 (recon=0.2936, kl_g0=0.0101, kl_u=0.7812, cls=0.0160) | val=0.9552 | lr=5.00e-05
2026-07-10 12:42:19,339 |   -> New best val loss: 0.9514 (saved best_model.pt)
2026-07-10 12:42:37,312 | Epoch  890/2700 | kl_g0_w=1.00 kl_u_w=1.00 | train=0.9696 (recon=0.2889, kl_g0=0.0100, kl_u=0.7767, cls=0.0149) | val=0.9519 | lr=5.00e-05
2026-07-10 12:42:40,153 |   -> New best val loss: 0.9492 (saved best_model.pt)
2026-07-10 12:42:43,981 |   -> New best val loss: 0.9492 (saved best_model.pt)
2026-07-10 12:42:46,781 |   -> New best val loss: 0.9467 (saved best_model.pt)
2026-07-10 12:42:57,774 |   -> New best val loss: 0.9445 (saved best_model.pt)
2026-07-10 12:43:01,397 | Epoch  900/2700 | kl_g0_w=1.00 kl_u_w=1.00 | train=0.9678 (recon=0.2877, kl_g0=0.0100, kl_u=0.7762, cls=0.0132) | val=0.9393 | lr=5.00e-05
2026-07-10 12:43:01,415 |   -> New best val loss: 0.9393 (saved best_model.pt)
2026-07-10 12:43:27,362 | Epoch  910/2700 | kl_g0_w=1.00 kl_u_w=1.00 | train=0.9613 (recon=0.2841, kl_g0=0.0099, kl_u=0.7727, cls=0.0122) | val=0.9506 | lr=5.00e-05
2026-07-10 12:43:34,688 |   -> New best val loss: 0.9361 (saved best_model.pt)
2026-07-10 12:43:50,987 | Epoch  920/2700 | kl_g0_w=1.00 kl_u_w=1.00 | train=0.9577 (recon=0.2841, kl_g0=0.0099, kl_u=0.7687, cls=0.0124) | val=0.9444 | lr=5.00e-05
2026-07-10 12:44:14,706 | Epoch  930/2700 | kl_g0_w=1.00 kl_u_w=1.00 | train=0.9500 (recon=0.2809, kl_g0=0.0097, kl_u=0.7637, cls=0.0113) | val=0.9367 | lr=2.50e-05
2026-07-10 12:44:17,752 |   -> New best val loss: 0.9325 (saved best_model.pt)
2026-07-10 12:44:26,161 |   -> New best val loss: 0.9300 (saved best_model.pt)
2026-07-10 12:44:41,604 | Epoch  940/2700 | kl_g0_w=1.00 kl_u_w=1.00 | train=0.9446 (recon=0.2748, kl_g0=0.0097, kl_u=0.7637, cls=0.0117) | val=0.9350 | lr=2.50e-05
2026-07-10 12:44:44,747 |   -> New best val loss: 0.9274 (saved best_model.pt)
2026-07-10 12:45:07,227 | Epoch  950/2700 | kl_g0_w=1.00 kl_u_w=1.00 | train=0.9430 (recon=0.2741, kl_g0=0.0096, kl_u=0.7629, cls=0.0112) | val=0.9363 | lr=2.50e-05
2026-07-10 12:45:31,306 | Epoch  960/2700 | kl_g0_w=1.00 kl_u_w=1.00 | train=0.9402 (recon=0.2718, kl_g0=0.0096, kl_u=0.7621, cls=0.0106) | val=0.9294 | lr=1.25e-05
2026-07-10 12:46:01,904 | Epoch  970/2700 | kl_g0_w=1.00 kl_u_w=1.00 | train=0.9392 (recon=0.2708, kl_g0=0.0096, kl_u=0.7620, cls=0.0107) | val=0.9326 | lr=1.25e-05
2026-07-10 12:46:24,280 |   -> New best val loss: 0.9272 (saved best_model.pt)
2026-07-10 12:46:29,692 | Epoch  980/2700 | kl_g0_w=1.00 kl_u_w=1.00 | train=0.9373 (recon=0.2686, kl_g0=0.0095, kl_u=0.7622, cls=0.0108) | val=0.9287 | lr=6.25e-06
2026-07-10 12:46:54,250 | Epoch  990/2700 | kl_g0_w=1.00 kl_u_w=1.00 | train=0.9370 (recon=0.2686, kl_g0=0.0095, kl_u=0.7618, cls=0.0103) | val=0.9330 | lr=6.25e-06
2026-07-10 12:46:57,316 |   -> New best val loss: 0.9270 (saved best_model.pt)
2026-07-10 12:47:17,726 | Epoch 1000/2700 | kl_g0_w=1.00 kl_u_w=1.00 | train=0.9372 (recon=0.2692, kl_g0=0.0095, kl_u=0.7615, cls=0.0101) | val=0.9330 | lr=6.25e-06
2026-07-10 12:47:39,507 | Epoch 1010/2700 | kl_g0_w=1.00 kl_u_w=1.00 | train=0.9348 (recon=0.2668, kl_g0=0.0095, kl_u=0.7611, cls=0.0105) | val=0.9299 | lr=3.13e-06
2026-07-10 12:47:48,998 |   -> New best val loss: 0.9263 (saved best_model.pt)
2026-07-10 12:48:05,742 | Epoch 1020/2700 | kl_g0_w=1.00 kl_u_w=1.00 | train=0.9338 (recon=0.2658, kl_g0=0.0095, kl_u=0.7611, cls=0.0104) | val=0.9300 | lr=3.13e-06
2026-07-10 12:48:33,065 | Epoch 1030/2700 | kl_g0_w=1.00 kl_u_w=1.00 | train=0.9347 (recon=0.2669, kl_g0=0.0095, kl_u=0.7610, cls=0.0104) | val=0.9285 | lr=1.56e-06
2026-07-10 12:49:01,543 | Epoch 1040/2700 | kl_g0_w=1.00 kl_u_w=1.00 | train=0.9339 (recon=0.2661, kl_g0=0.0095, kl_u=0.7609, cls=0.0107) | val=0.9272 | lr=1.56e-06
2026-07-10 12:49:03,316 |   -> New best val loss: 0.9254 (saved best_model.pt)
2026-07-10 12:49:26,363 | Epoch 1050/2700 | kl_g0_w=1.00 kl_u_w=1.00 | train=0.9340 (recon=0.2661, kl_g0=0.0095, kl_u=0.7611, cls=0.0104) | val=0.9295 | lr=1.56e-06
2026-07-10 12:49:48,317 | Epoch 1060/2700 | kl_g0_w=1.00 kl_u_w=1.00 | train=0.9335 (recon=0.2659, kl_g0=0.0095, kl_u=0.7607, cls=0.0101) | val=0.9264 | lr=1.00e-06
2026-07-10 12:49:50,621 |   -> New best val loss: 0.9254 (saved best_model.pt)
2026-07-10 12:50:16,280 | Epoch 1070/2700 | kl_g0_w=1.00 kl_u_w=1.00 | train=0.9324 (recon=0.2644, kl_g0=0.0095, kl_u=0.7609, cls=0.0105) | val=0.9273 | lr=1.00e-06
2026-07-10 12:50:42,099 | Epoch 1080/2700 | kl_g0_w=1.00 kl_u_w=1.00 | train=0.9344 (recon=0.2667, kl_g0=0.0095, kl_u=0.7609, cls=0.0105) | val=0.9280 | lr=1.00e-06
2026-07-10 12:51:06,274 | Epoch 1090/2700 | kl_g0_w=1.00 kl_u_w=1.00 | train=0.9358 (recon=0.2680, kl_g0=0.0095, kl_u=0.7611, cls=0.0101) | val=0.9273 | lr=1.00e-06
2026-07-10 12:51:29,395 | Epoch 1100/2700 | kl_g0_w=1.00 kl_u_w=1.00 | train=0.9341 (recon=0.2664, kl_g0=0.0095, kl_u=0.7609, cls=0.0103) | val=0.9267 | lr=1.00e-06
2026-07-10 12:51:54,953 | Epoch 1110/2700 | kl_g0_w=1.00 kl_u_w=1.00 | train=0.9330 (recon=0.2653, kl_g0=0.0095, kl_u=0.7607, cls=0.0101) | val=0.9265 | lr=1.00e-06
2026-07-10 12:52:21,472 | Epoch 1120/2700 | kl_g0_w=1.00 kl_u_w=1.00 | train=0.9330 (recon=0.2654, kl_g0=0.0095, kl_u=0.7607, cls=0.0104) | val=0.9269 | lr=1.00e-06
2026-07-10 12:52:48,215 | Epoch 1130/2700 | kl_g0_w=1.00 kl_u_w=1.00 | train=0.9331 (recon=0.2655, kl_g0=0.0095, kl_u=0.7606, cls=0.0102) | val=0.9269 | lr=1.00e-06
2026-07-10 12:53:09,940 | Epoch 1140/2700 | kl_g0_w=1.00 kl_u_w=1.00 | train=0.9335 (recon=0.2661, kl_g0=0.0095, kl_u=0.7604, cls=0.0105) | val=0.9278 | lr=1.00e-06
2026-07-10 12:53:27,336 |   -> New best val loss: 0.9253 (saved best_model.pt)
2026-07-10 12:53:38,281 | Epoch 1150/2700 | kl_g0_w=1.00 kl_u_w=1.00 | train=0.9323 (recon=0.2648, kl_g0=0.0095, kl_u=0.7605, cls=0.0103) | val=0.9267 | lr=1.00e-06
2026-07-10 12:54:05,491 | Epoch 1160/2700 | kl_g0_w=1.00 kl_u_w=1.00 | train=0.9337 (recon=0.2664, kl_g0=0.0095, kl_u=0.7604, cls=0.0104) | val=0.9264 | lr=1.00e-06
2026-07-10 12:54:26,335 | Epoch 1170/2700 | kl_g0_w=1.00 kl_u_w=1.00 | train=0.9325 (recon=0.2651, kl_g0=0.0095, kl_u=0.7603, cls=0.0101) | val=0.9266 | lr=1.00e-06
2026-07-10 12:54:29,801 |   -> New best val loss: 0.9252 (saved best_model.pt)
2026-07-10 12:54:48,283 | Epoch 1180/2700 | kl_g0_w=1.00 kl_u_w=1.00 | train=0.9323 (recon=0.2648, kl_g0=0.0095, kl_u=0.7605, cls=0.0105) | val=0.9266 | lr=1.00e-06
2026-07-10 12:54:51,369 |   -> New best val loss: 0.9250 (saved best_model.pt)
2026-07-10 12:55:10,731 | Epoch 1190/2700 | kl_g0_w=1.00 kl_u_w=1.00 | train=0.9335 (recon=0.2662, kl_g0=0.0095, kl_u=0.7604, cls=0.0104) | val=0.9268 | lr=1.00e-06
2026-07-10 12:55:37,132 | Epoch 1200/2700 | kl_g0_w=1.00 kl_u_w=1.00 | train=0.9334 (recon=0.2661, kl_g0=0.0095, kl_u=0.7604, cls=0.0103) | val=0.9263 | lr=1.00e-06
2026-07-10 12:56:07,107 | Epoch 1210/2700 | kl_g0_w=1.00 kl_u_w=1.00 | train=0.9329 (recon=0.2655, kl_g0=0.0095, kl_u=0.7605, cls=0.0105) | val=0.9266 | lr=1.00e-06
2026-07-10 12:56:35,627 | Epoch 1220/2700 | kl_g0_w=1.00 kl_u_w=1.00 | train=0.9319 (recon=0.2645, kl_g0=0.0095, kl_u=0.7605, cls=0.0100) | val=0.9257 | lr=1.00e-06
2026-07-10 12:56:59,729 | Epoch 1230/2700 | kl_g0_w=1.00 kl_u_w=1.00 | train=0.9316 (recon=0.2641, kl_g0=0.0095, kl_u=0.7604, cls=0.0101) | val=0.9261 | lr=1.00e-06
2026-07-10 12:57:25,698 | Epoch 1240/2700 | kl_g0_w=1.00 kl_u_w=1.00 | train=0.9334 (recon=0.2662, kl_g0=0.0095, kl_u=0.7603, cls=0.0103) | val=0.9262 | lr=1.00e-06
2026-07-10 12:57:49,916 | Epoch 1250/2700 | kl_g0_w=1.00 kl_u_w=1.00 | train=0.9321 (recon=0.2648, kl_g0=0.0095, kl_u=0.7602, cls=0.0103) | val=0.9257 | lr=1.00e-06
2026-07-10 12:57:54,519 |   -> New best val loss: 0.9248 (saved best_model.pt)
2026-07-10 12:58:14,669 | Epoch 1260/2700 | kl_g0_w=1.00 kl_u_w=1.00 | train=0.9324 (recon=0.2651, kl_g0=0.0095, kl_u=0.7603, cls=0.0100) | val=0.9268 | lr=1.00e-06
2026-07-10 12:58:41,589 | Epoch 1270/2700 | kl_g0_w=1.00 kl_u_w=1.00 | train=0.9312 (recon=0.2639, kl_g0=0.0094, kl_u=0.7601, cls=0.0101) | val=0.9246 | lr=1.00e-06
2026-07-10 12:58:41,616 |   -> New best val loss: 0.9246 (saved best_model.pt)
2026-07-10 12:59:06,345 | Epoch 1280/2700 | kl_g0_w=1.00 kl_u_w=1.00 | train=0.9336 (recon=0.2666, kl_g0=0.0095, kl_u=0.7601, cls=0.0102) | val=0.9251 | lr=1.00e-06
2026-07-10 12:59:32,863 | Epoch 1290/2700 | kl_g0_w=1.00 kl_u_w=1.00 | train=0.9331 (recon=0.2660, kl_g0=0.0095, kl_u=0.7602, cls=0.0107) | val=0.9254 | lr=1.00e-06
2026-07-10 12:59:57,924 | Epoch 1300/2700 | kl_g0_w=1.00 kl_u_w=1.00 | train=0.9315 (recon=0.2643, kl_g0=0.0094, kl_u=0.7601, cls=0.0104) | val=0.9264 | lr=1.00e-06
2026-07-10 13:00:24,089 |   -> New best val loss: 0.9245 (saved best_model.pt)
2026-07-10 13:00:26,611 | Epoch 1310/2700 | kl_g0_w=1.00 kl_u_w=1.00 | train=0.9311 (recon=0.2640, kl_g0=0.0095, kl_u=0.7600, cls=0.0105) | val=0.9253 | lr=1.00e-06
2026-07-10 13:00:32,853 |   -> New best val loss: 0.9244 (saved best_model.pt)
2026-07-10 13:00:51,516 | Epoch 1320/2700 | kl_g0_w=1.00 kl_u_w=1.00 | train=0.9312 (recon=0.2641, kl_g0=0.0095, kl_u=0.7599, cls=0.0105) | val=0.9252 | lr=1.00e-06
2026-07-10 13:01:22,025 | Epoch 1330/2700 | kl_g0_w=1.00 kl_u_w=1.00 | train=0.9309 (recon=0.2635, kl_g0=0.0094, kl_u=0.7602, cls=0.0104) | val=0.9256 | lr=1.00e-06
2026-07-10 13:01:52,938 | Epoch 1340/2700 | kl_g0_w=1.00 kl_u_w=1.00 | train=0.9321 (recon=0.2652, kl_g0=0.0094, kl_u=0.7599, cls=0.0103) | val=0.9252 | lr=1.00e-06
2026-07-10 13:02:18,771 | Epoch 1350/2700 | kl_g0_w=1.00 kl_u_w=1.00 | train=0.9313 (recon=0.2643, kl_g0=0.0094, kl_u=0.7600, cls=0.0101) | val=0.9245 | lr=1.00e-06
2026-07-10 13:02:38,199 |   -> New best val loss: 0.9239 (saved best_model.pt)
2026-07-10 13:02:40,389 | Epoch 1360/2700 | kl_g0_w=1.00 kl_u_w=1.00 | train=0.9308 (recon=0.2638, kl_g0=0.0094, kl_u=0.7598, cls=0.0102) | val=0.9252 | lr=1.00e-06
2026-07-10 13:03:06,673 | Epoch 1370/2700 | kl_g0_w=1.00 kl_u_w=1.00 | train=0.9314 (recon=0.2645, kl_g0=0.0094, kl_u=0.7598, cls=0.0102) | val=0.9247 | lr=1.00e-06
2026-07-10 13:03:34,264 | Epoch 1380/2700 | kl_g0_w=1.00 kl_u_w=1.00 | train=0.9325 (recon=0.2658, kl_g0=0.0094, kl_u=0.7597, cls=0.0100) | val=0.9260 | lr=1.00e-06
2026-07-10 13:04:04,183 | Epoch 1390/2700 | kl_g0_w=1.00 kl_u_w=1.00 | train=0.9327 (recon=0.2660, kl_g0=0.0094, kl_u=0.7597, cls=0.0104) | val=0.9238 | lr=1.00e-06
2026-07-10 13:04:04,209 |   -> New best val loss: 0.9238 (saved best_model.pt)
2026-07-10 13:04:18,332 |   -> New best val loss: 0.9237 (saved best_model.pt)
2026-07-10 13:04:31,950 | Epoch 1400/2700 | kl_g0_w=1.00 kl_u_w=1.00 | train=0.9314 (recon=0.2647, kl_g0=0.0094, kl_u=0.7595, cls=0.0103) | val=0.9249 | lr=1.00e-06
2026-07-10 13:04:56,871 | Epoch 1410/2700 | kl_g0_w=1.00 kl_u_w=1.00 | train=0.9309 (recon=0.2644, kl_g0=0.0094, kl_u=0.7594, cls=0.0100) | val=0.9257 | lr=1.00e-06
2026-07-10 13:05:24,378 | Epoch 1420/2700 | kl_g0_w=1.00 kl_u_w=1.00 | train=0.9299 (recon=0.2631, kl_g0=0.0094, kl_u=0.7596, cls=0.0099) | val=0.9246 | lr=1.00e-06
2026-07-10 13:05:30,993 |   -> New best val loss: 0.9236 (saved best_model.pt)
2026-07-10 13:05:33,973 |   -> New best val loss: 0.9232 (saved best_model.pt)
2026-07-10 13:05:45,806 | Epoch 1430/2700 | kl_g0_w=1.00 kl_u_w=1.00 | train=0.9301 (recon=0.2633, kl_g0=0.0094, kl_u=0.7596, cls=0.0103) | val=0.9241 | lr=1.00e-06
2026-07-10 13:06:11,252 | Epoch 1440/2700 | kl_g0_w=1.00 kl_u_w=1.00 | train=0.9304 (recon=0.2638, kl_g0=0.0094, kl_u=0.7595, cls=0.0098) | val=0.9251 | lr=1.00e-06
2026-07-10 13:06:35,040 | Epoch 1450/2700 | kl_g0_w=1.00 kl_u_w=1.00 | train=0.9310 (recon=0.2643, kl_g0=0.0094, kl_u=0.7596, cls=0.0102) | val=0.9243 | lr=1.00e-06
2026-07-10 13:06:58,545 | Epoch 1460/2700 | kl_g0_w=1.00 kl_u_w=1.00 | train=0.9309 (recon=0.2642, kl_g0=0.0094, kl_u=0.7595, cls=0.0101) | val=0.9246 | lr=1.00e-06
2026-07-10 13:07:01,366 |   -> New best val loss: 0.9226 (saved best_model.pt)
2026-07-10 13:07:22,575 | Epoch 1470/2700 | kl_g0_w=1.00 kl_u_w=1.00 | train=0.9304 (recon=0.2638, kl_g0=0.0094, kl_u=0.7595, cls=0.0100) | val=0.9252 | lr=1.00e-06
2026-07-10 13:07:46,895 | Epoch 1480/2700 | kl_g0_w=1.00 kl_u_w=1.00 | train=0.9298 (recon=0.2632, kl_g0=0.0094, kl_u=0.7594, cls=0.0103) | val=0.9241 | lr=1.00e-06
2026-07-10 13:08:13,981 | Epoch 1490/2700 | kl_g0_w=1.00 kl_u_w=1.00 | train=0.9313 (recon=0.2649, kl_g0=0.0094, kl_u=0.7593, cls=0.0101) | val=0.9240 | lr=1.00e-06
2026-07-10 13:08:38,050 | Epoch 1500/2700 | kl_g0_w=1.00 kl_u_w=1.00 | train=0.9309 (recon=0.2644, kl_g0=0.0094, kl_u=0.7594, cls=0.0098) | val=0.9244 | lr=1.00e-06
2026-07-10 13:09:03,382 | Epoch 1510/2700 | kl_g0_w=1.00 kl_u_w=1.00 | train=0.9294 (recon=0.2628, kl_g0=0.0094, kl_u=0.7594, cls=0.0101) | val=0.9243 | lr=1.00e-06
2026-07-10 13:09:31,162 | Epoch 1520/2700 | kl_g0_w=1.00 kl_u_w=1.00 | train=0.9311 (recon=0.2647, kl_g0=0.0094, kl_u=0.7593, cls=0.0101) | val=0.9229 | lr=1.00e-06
2026-07-10 13:09:57,678 | Epoch 1530/2700 | kl_g0_w=1.00 kl_u_w=1.00 | train=0.9303 (recon=0.2637, kl_g0=0.0094, kl_u=0.7594, cls=0.0098) | val=0.9248 | lr=1.00e-06
2026-07-10 13:10:24,473 | Epoch 1540/2700 | kl_g0_w=1.00 kl_u_w=1.00 | train=0.9303 (recon=0.2639, kl_g0=0.0094, kl_u=0.7592, cls=0.0100) | val=0.9229 | lr=1.00e-06
2026-07-10 13:10:33,683 |   -> New best val loss: 0.9225 (saved best_model.pt)
2026-07-10 13:10:50,085 | Epoch 1550/2700 | kl_g0_w=1.00 kl_u_w=1.00 | train=0.9299 (recon=0.2634, kl_g0=0.0094, kl_u=0.7593, cls=0.0102) | val=0.9238 | lr=1.00e-06
2026-07-10 13:11:13,840 | Epoch 1560/2700 | kl_g0_w=1.00 kl_u_w=1.00 | train=0.9290 (recon=0.2625, kl_g0=0.0094, kl_u=0.7592, cls=0.0101) | val=0.9239 | lr=1.00e-06
2026-07-10 13:11:36,289 | Epoch 1570/2700 | kl_g0_w=1.00 kl_u_w=1.00 | train=0.9302 (recon=0.2639, kl_g0=0.0094, kl_u=0.7592, cls=0.0098) | val=0.9245 | lr=1.00e-06
2026-07-10 13:12:03,243 | Epoch 1580/2700 | kl_g0_w=1.00 kl_u_w=1.00 | train=0.9296 (recon=0.2634, kl_g0=0.0094, kl_u=0.7590, cls=0.0100) | val=0.9235 | lr=1.00e-06
2026-07-10 13:12:33,325 | Epoch 1590/2700 | kl_g0_w=1.00 kl_u_w=1.00 | train=0.9296 (recon=0.2633, kl_g0=0.0094, kl_u=0.7590, cls=0.0099) | val=0.9243 | lr=1.00e-06
2026-07-10 13:12:39,581 |   -> New best val loss: 0.9225 (saved best_model.pt)
2026-07-10 13:13:03,048 | Epoch 1600/2700 | kl_g0_w=1.00 kl_u_w=1.00 | train=0.9289 (recon=0.2624, kl_g0=0.0094, kl_u=0.7592, cls=0.0104) | val=0.9231 | lr=1.00e-06
2026-07-10 13:13:27,518 | Epoch 1610/2700 | kl_g0_w=1.00 kl_u_w=1.00 | train=0.9303 (recon=0.2640, kl_g0=0.0094, kl_u=0.7590, cls=0.0103) | val=0.9247 | lr=1.00e-06
2026-07-10 13:13:53,160 | Epoch 1620/2700 | kl_g0_w=1.00 kl_u_w=1.00 | train=0.9298 (recon=0.2637, kl_g0=0.0094, kl_u=0.7590, cls=0.0099) | val=0.9234 | lr=1.00e-06
2026-07-10 13:14:05,535 |   -> New best val loss: 0.9221 (saved best_model.pt)
2026-07-10 13:14:21,310 | Epoch 1630/2700 | kl_g0_w=1.00 kl_u_w=1.00 | train=0.9300 (recon=0.2637, kl_g0=0.0094, kl_u=0.7590, cls=0.0101) | val=0.9231 | lr=1.00e-06
2026-07-10 13:14:45,267 | Epoch 1640/2700 | kl_g0_w=1.00 kl_u_w=1.00 | train=0.9295 (recon=0.2633, kl_g0=0.0094, kl_u=0.7589, cls=0.0101) | val=0.9236 | lr=1.00e-06
2026-07-10 13:15:10,096 | Epoch 1650/2700 | kl_g0_w=1.00 kl_u_w=1.00 | train=0.9295 (recon=0.2634, kl_g0=0.0094, kl_u=0.7589, cls=0.0102) | val=0.9244 | lr=1.00e-06
2026-07-10 13:15:33,562 |   -> New best val loss: 0.9215 (saved best_model.pt)
2026-07-10 13:15:37,166 | Epoch 1660/2700 | kl_g0_w=1.00 kl_u_w=1.00 | train=0.9281 (recon=0.2621, kl_g0=0.0094, kl_u=0.7587, cls=0.0096) | val=0.9242 | lr=1.00e-06
2026-07-10 13:15:59,390 | Epoch 1670/2700 | kl_g0_w=1.00 kl_u_w=1.00 | train=0.9292 (recon=0.2631, kl_g0=0.0094, kl_u=0.7589, cls=0.0100) | val=0.9239 | lr=1.00e-06
2026-07-10 13:16:25,673 | Epoch 1680/2700 | kl_g0_w=1.00 kl_u_w=1.00 | train=0.9291 (recon=0.2631, kl_g0=0.0094, kl_u=0.7588, cls=0.0100) | val=0.9216 | lr=1.00e-06
2026-07-10 13:16:52,721 | Epoch 1690/2700 | kl_g0_w=1.00 kl_u_w=1.00 | train=0.9287 (recon=0.2626, kl_g0=0.0094, kl_u=0.7588, cls=0.0101) | val=0.9230 | lr=1.00e-06
2026-07-10 13:17:09,507 |   -> New best val loss: 0.9212 (saved best_model.pt)
2026-07-10 13:17:15,100 | Epoch 1700/2700 | kl_g0_w=1.00 kl_u_w=1.00 | train=0.9296 (recon=0.2638, kl_g0=0.0094, kl_u=0.7586, cls=0.0098) | val=0.9234 | lr=1.00e-06
2026-07-10 13:17:43,102 | Epoch 1710/2700 | kl_g0_w=1.00 kl_u_w=1.00 | train=0.9290 (recon=0.2629, kl_g0=0.0094, kl_u=0.7589, cls=0.0101) | val=0.9237 | lr=1.00e-06
2026-07-10 13:18:06,228 | Epoch 1720/2700 | kl_g0_w=1.00 kl_u_w=1.00 | train=0.9309 (recon=0.2651, kl_g0=0.0094, kl_u=0.7587, cls=0.0103) | val=0.9226 | lr=1.00e-06
2026-07-10 13:18:34,408 | Epoch 1730/2700 | kl_g0_w=1.00 kl_u_w=1.00 | train=0.9281 (recon=0.2620, kl_g0=0.0094, kl_u=0.7587, cls=0.0098) | val=0.9218 | lr=1.00e-06
2026-07-10 13:18:59,732 | Epoch 1740/2700 | kl_g0_w=1.00 kl_u_w=1.00 | train=0.9281 (recon=0.2621, kl_g0=0.0094, kl_u=0.7587, cls=0.0098) | val=0.9221 | lr=1.00e-06
2026-07-10 13:19:26,668 | Epoch 1750/2700 | kl_g0_w=1.00 kl_u_w=1.00 | train=0.9274 (recon=0.2612, kl_g0=0.0094, kl_u=0.7588, cls=0.0097) | val=0.9235 | lr=1.00e-06
2026-07-10 13:19:38,148 |   -> New best val loss: 0.9210 (saved best_model.pt)
2026-07-10 13:19:53,780 | Epoch 1760/2700 | kl_g0_w=1.00 kl_u_w=1.00 | train=0.9284 (recon=0.2626, kl_g0=0.0094, kl_u=0.7585, cls=0.0099) | val=0.9226 | lr=1.00e-06
2026-07-10 13:20:15,752 | Epoch 1770/2700 | kl_g0_w=1.00 kl_u_w=1.00 | train=0.9279 (recon=0.2618, kl_g0=0.0094, kl_u=0.7586, cls=0.0101) | val=0.9235 | lr=1.00e-06
2026-07-10 13:20:38,090 | Epoch 1780/2700 | kl_g0_w=1.00 kl_u_w=1.00 | train=0.9287 (recon=0.2626, kl_g0=0.0094, kl_u=0.7587, cls=0.0101) | val=0.9224 | lr=1.00e-06
2026-07-10 13:21:06,045 | Epoch 1790/2700 | kl_g0_w=1.00 kl_u_w=1.00 | train=0.9288 (recon=0.2628, kl_g0=0.0094, kl_u=0.7587, cls=0.0098) | val=0.9229 | lr=1.00e-06
2026-07-10 13:21:33,515 | Epoch 1800/2700 | kl_g0_w=1.00 kl_u_w=1.00 | train=0.9292 (recon=0.2635, kl_g0=0.0094, kl_u=0.7585, cls=0.0096) | val=0.9235 | lr=1.00e-06
2026-07-10 13:21:59,644 | Epoch 1810/2700 | kl_g0_w=1.00 kl_u_w=1.00 | train=0.9284 (recon=0.2624, kl_g0=0.0094, kl_u=0.7587, cls=0.0099) | val=0.9228 | lr=1.00e-06
2026-07-10 13:22:27,982 | Epoch 1820/2700 | kl_g0_w=1.00 kl_u_w=1.00 | train=0.9289 (recon=0.2631, kl_g0=0.0094, kl_u=0.7586, cls=0.0099) | val=0.9214 | lr=1.00e-06
2026-07-10 13:22:54,273 | Epoch 1830/2700 | kl_g0_w=1.00 kl_u_w=1.00 | train=0.9283 (recon=0.2626, kl_g0=0.0094, kl_u=0.7585, cls=0.0098) | val=0.9220 | lr=1.00e-06
2026-07-10 13:23:22,049 | Epoch 1840/2700 | kl_g0_w=1.00 kl_u_w=1.00 | train=0.9282 (recon=0.2624, kl_g0=0.0094, kl_u=0.7585, cls=0.0100) | val=0.9213 | lr=1.00e-06
2026-07-10 13:23:50,138 | Epoch 1850/2700 | kl_g0_w=1.00 kl_u_w=1.00 | train=0.9278 (recon=0.2621, kl_g0=0.0094, kl_u=0.7583, cls=0.0096) | val=0.9224 | lr=1.00e-06
2026-07-10 13:24:02,488 | Early stopping at epoch 1854 -- no improvement for 100 epochs.
2026-07-10 13:24:02,512 | Final model saved to /home/nadegeo/LIFUS-BRICK/results/training/sweep_2/sweep_BATCH_SIZE_2/final_model.pt
2026-07-10 13:24:02,512 | Best val loss: 0.9210
2026-07-10 13:24:02,512 | Best joint-best cls loss: val=0.5822, train=0.4649
2026-07-10 13:24:02,512 | Training complete.
